#
# A fatal error has been detected by the Java Runtime Environment:
#
#  EXCEPTION_ACCESS_VIOLATION (0xc0000005) at pc=0x00007fff0750bc5d, pid=12408, tid=10028
#
# JRE version: Java(TM) SE Runtime Environment (21.0.4+8) (build 21.0.4+8-LTS-274)
# Java VM: Java HotSpot(TM) 64-Bit Server VM (21.0.4+8-LTS-274, mixed mode, sharing, tiered, compressed oops, compressed class ptrs, g1 gc, windows-amd64)
# Problematic frame:
# V  [jvm.dll+0x6dbc5d]
#
# No core dump will be written. Minidumps are not enabled by default on client versions of Windows
#
# If you would like to submit a bug report, please visit:
#   https://bugreport.java.com/bugreport/crash.jsp
#

---------------  S U M M A R Y ------------

Command Line: --add-opens=java.base/java.util=ALL-UNNAMED --add-opens=java.base/java.lang=ALL-UNNAMED --add-opens=java.base/java.lang.invoke=ALL-UNNAMED --add-opens=java.prefs/java.util.prefs=ALL-UNNAMED --add-opens=java.base/java.nio.charset=ALL-UNNAMED --add-opens=java.base/java.net=ALL-UNNAMED --add-opens=java.base/java.util.concurrent.atomic=ALL-UNNAMED -XX:MaxMetaspaceSize=384m -XX:+HeapDumpOnOutOfMemoryError -Xms256m -Xmx512m -Dfile.encoding=UTF-8 -Duser.country=FR -Duser.language=fr -Duser.variant -javaagent:C:\Users\bayes\.gradle\wrapper\dists\gradle-8.5-bin\5t9huq95ubn472n8rpzujfbqh\gradle-8.5\lib\agents\gradle-instrumentation-agent-8.5.jar org.gradle.launcher.daemon.bootstrap.GradleDaemon 8.5

Host: Intel(R) Core(TM) i5-6300U CPU @ 2.40GHz, 4 cores, 7G,  Windows 10 , 64 bit Build 19041 (10.0.19041.2913)
Time: Thu Sep 26 21:29:58 2024 Paris, Madrid (heure duild 19041 (10.0.19041.2913) elapsed time: 22.265882 seconds (0d 0h 0m 22s)

---------------  T H R E A D  ---------------

Current thread (0x000002ad3d19df30):  JavaThread "C2 CompilerThread1" daemon [_thread_in_native, id=10028, stack(0x000000d236700000,0x000000d236800000) (1024K)]


Current CompileTask:
C2:  22265 4097       4       java.net.URLClassLoader$1::run (5 bytes)

Stack: [0x000000d236700000,0x000000d236800000],  sp=0x000000d2367fb030,  free space=1004k
Native frames: (J=compiled Java code, j=interpreted, Vv=VM code, C=native code)
V  [jvm.dll+0x6dbc5d]
V  [jvm.dll+0x6d8739]
V  [jvm.dll+0x1c9d0c]
V  [jvm.dll+0x2ef59f]
V  [jvm.dll+0x6e3058]
V  [jvm.dll+0x6db285]
V  [jvm.dll+0x6da8ce]
V  [jvm.dll+0x6d8af4]
V  [jvm.dll+0x1c9d0c]
V  [jvm.dll+0x2ef59f]
V  [jvm.dll+0x6e3058]
V  [jvm.dll+0x6db285]
V  [jvm.dll+0x6da8ce]
V  [jvm.dll+0x6d8af4]
V  [jvm.dll+0x1c9d0c]
V  [jvm.dll+0x2ef59f]
V  [jvm.dll+0x6e3058]
V  [jvm.dll+0x6db285]
V  [jvm.dll+0x6da8ce]
V  [jvm.dll+0x6d8af4]
V  [jvm.dll+0x1c9d0c]
V  [jvm.dll+0x1ca88c]
V  [jvm.dll+0x2ef59f]
V  [jvm.dll+0x6e3058]
V  [jvm.dll+0x6db285]
V  [jvm.dll+0x6da8ce]
V  [jvm.dll+0x6d8af4]
V  [jvm.dll+0x1c9d0c]
V  [jvm.dll+0x1ca88c]
V  [jvm.dll+0x2ef59f]
V  [jvm.dll+0x6e3058]
V  [jvm.dll+0x6db285]
V  [jvm.dll+0x6da8ce]
V  [jvm.dll+0x6d8af4]
V  [jvm.dll+0x1c9d0c]
V  [jvm.dll+0x1ca88c]
V  [jvm.dll+0x2ef59f]
V  [jvm.dll+0x6e3058]
V  [jvm.dll+0x6db285]
V  [jvm.dll+0x6da8ce]
V  [jvm.dll+0x6d8af4]
V  [jvm.dll+0x1c9d0c]
V  [jvm.dll+0x1ca88c]
V  [jvm.dll+0x2ef59f]
V  [jvm.dll+0x6e3058]
V  [jvm.dll+0x6db285]
V  [jvm.dll+0x6da8ce]
V  [jvm.dll+0x6d8af4]
V  [jvm.dll+0x1c9d0c]
V  [jvm.dll+0x1ca88c]
V  [jvm.dll+0x2ef59f]
V  [jvm.dll+0x6e3058]
V  [jvm.dll+0x6db285]
V  [jvm.dll+0x6da8ce]
V  [jvm.dll+0x6d8af4]
V  [jvm.dll+0x1c9d0c]
V  [jvm.dll+0x2453ce]
V  [jvm.dll+0x1c69de]
V  [jvm.dll+0x254d49]
V  [jvm.dll+0x2532da]
V  [jvm.dll+0x3ed426]
V  [jvm.dll+0x7fd65b]
V  [jvm.dll+0x6c753d]
C  [ucrtbase.dll+0x21bb2]
C  [KERNEL32.DLL+0x17614]
C  [ntdll.dll+0x526a1]


siginfo: EXCEPTION_ACCESS_VIOLATION (0xc0000005), writing address 0x000002c09fc126c0


Registers:
RAX=0x0000000000000001, RBX=0x0000000000000002, RCX=0x000002ad3d1e22f8, RDX=0x0000001362a30500
RSP=0x000000d2367fb030, RBP=0x000000d2367fb130, RSI=0x000002ad3d1e2208, RDI=0x0000000000000002
R8 =0x000002c09fc126b8, R9 =0x000002ad3da85380, R10=0xfffffffffffffff0, R11=0x0000000000000004
R12=0x0000000000000000, R13=0x0000000000000000, R14=0x000002ad3e08f610, R15=0x000002ad3e08f5e0
RIP=0x00007fff0750bc5d, EFLAGS=0x0000000000010206


Register to memory mapping:

RAX=0x0000000000000001 is an unknown value
RBX=0x0000000000000002 is an unknown value
RCX=0x000002ad3d1e22f8 points into unknown readable memory: 0x000002ad3d1e2258 | 58 22 1e 3d ad 02 00 00
RDX=0x0000001362a30500 is an unknown value
RSP=0x000000d2367fb030 is pointing into the stack for thread: 0x000002ad3d19df30
RBP=0x000000d2367fb130 is pointing into the stack for thread: 0x000002ad3d19df30
RSI=0x000002ad3d1e2208 points into unknown readable memory: 0x000002ad3e08f280 | 80 f2 08 3e ad 02 00 00
RDI=0x0000000000000002 is an unknown value
R8 =0x000002c09fc126b8 is an unknown value
R9 =0x000002ad3da85380 points into unknown readable memory: 0x0000000000000007 | 07 00 00 00 00 00 00 00
R10=0xfffffffffffffff0 is an unknown value
R11=0x0000000000000004 is an unknown value
R12=0x0 is null
R13=0x0 is null
R14=0x000002ad3e08f610 points into unknown readable memory: 0x0000000200000002 | 02 00 00 00 02 00 00 00
R15=0x000002ad3e08f5e0 points into unknown readable memory: 0x0000000000000000 | 00 00 00 00 00 00 00 00

Top of Stack: (sp=0x000000d2367fb030)
0x000000d2367fb030:   0000000000000002 000002ad3d1e2208
0x000000d2367fb040:   000002ad20dc3ad8 00007fff075220f0
0x000000d2367fb050:   0000000000000108 000000000000001f
0x000000d2367fb060:   0000000000000000 0000000000000000
0x000000d2367fb070:   000002ad3b62e000 00007fff07508739
0x000000d2367fb080:   0000000000000000 0000000000000000
0x000000d2367fb090:   000000d2367fb130 000000d2367fb1a2
0x000000d2367fb0a0:   000002ad3b62ce90 000002ad3e08cfd8
0x000000d2367fb0b0:   000002ad3b62dc01 000000d2367fb1f0
0x000000d2367fb0c0:   000000d2367fb1a2 000002ad3e08d1c0
0x000000d2367fb0d0:   0000000000000000 0000000000000000
0x000000d2367fb0e0:   00000000fffffffc 000002ad3b62dce8
0x000000d2367fb0f0:   000002ad3dd17700 000002ad3b62dce8
0x000000d2367fb100:   0000000000000000 00007fff06ff9d0c
0x000000d2367fb110:   000000d2367fe810 000002ad3b62e000
0x000000d2367fb120:   0000000000000000 000000d2367fe810
0x000000d2367fb130:   00007fff0785d3a8 0000000000000001
0x000000d2367fb140:   000000d2367fe810 000000d2367ff5d0
0x000000d2367fb150:   000000d2367fdd60 0000000000000000
0x000000d2367fb160:   0000000000000000 0000000000000000
0x000000d2367fb170:   000002ad3e08cfd8 000002ad0465f7b0
0x000000d2367fb180:   0000000000000020 000002ad3b62dce8
0x000000d2367fb190:   3e151ab9455ba000 000002ad00000009
0x000000d2367fb1a0:   000002ad3bb24358 00007fffffffffff
0x000000d2367fb1b0:   000002ad3e08f010 000002ad3d1e2208
0x000000d2367fb1c0:   000002ad00000003 00007fff07809ab8
0x000000d2367fb1d0:   000002ad00000001 000000d2367fe810
0x000000d2367fb1e0:   000000d2367ff5d0 000000d2367fdd60
0x000000d2367fb1f0:   000002ad3d1fd0a0 0000000000000000
0x000000d2367fb200:   000000d200000017 000002ad3bdb3280
0x000000d2367fb210:   000002ad0465f7b0 000002ad00000000
0x000000d2367fb220:   0000000000000000 0000000000000000 

Instructions: (pc=0x00007fff0750bc5d)
0x00007fff0750bb5d:   8b c5 48 8b 54 0e f8 4c 89 6f 08 48 89 17 44 89
0x00007fff0750bb6d:   6f 10 66 44 89 6f 14 44 88 6f 16 4c 89 6f 18 44
0x00007fff0750bb7d:   88 6f 38 4c 89 6f 3c 4c 89 6f 48 44 39 6a 50 41
0x00007fff0750bb8d:   0f 44 c4 41 ff c7 89 47 08 49 83 c6 50 8b 85 90
0x00007fff0750bb9d:   00 00 00 44 3b f8 7c 8b 45 8b e5 85 c0 0f 8e d7
0x00007fff0750bbad:   00 00 00 48 8b b5 88 00 00 00 49 03 f5 48 8b 1e
0x00007fff0750bbbd:   48 83 7b 08 00 4c 8b 73 18 75 08 48 8b cb e8 a0
0x00007fff0750bbcd:   ad b2 ff 4c 8b 7b 08 49 63 3e 41 8b 0f 03 cf 89
0x00007fff0750bbdd:   7e 3c 89 4e 40 48 63 d9 75 04 33 c0 eb 0f 48 8d
0x00007fff0750bbed:   0c dd 00 00 00 00 33 d2 e8 86 27 04 00 48 89 46
0x00007fff0750bbfd:   48 33 c0 48 85 db 7e 6e 48 8b cf 48 f7 d9 4c 8d
0x00007fff0750bc0d:   14 cd 00 00 00 00 48 3b c7 7d 0a 49 8b 4e 08 4c
0x00007fff0750bc1d:   8b 04 c1 eb 0b 49 8b 57 08 49 03 d2 4c 8b 04 c2
0x00007fff0750bc2d:   49 8b 48 38 48 8b 51 10 8b 4a 40 41 2b 48 54 4c
0x00007fff0750bc3d:   8b 85 88 00 00 00 48 63 c9 49 83 c0 b0 48 8d 14
0x00007fff0750bc4d:   89 48 8b 4e 48 48 c1 e2 04 4c 03 c2 4c 89 04 c1
0x00007fff0750bc5d:   41 ff 40 08 48 3b c7 7c 05 41 c6 40 15 01 48 ff
0x00007fff0750bc6d:   c0 48 3b c3 7c a0 41 ff c4 49 83 c5 50 44 3b a5
0x00007fff0750bc7d:   90 00 00 00 0f 8c 29 ff ff ff 48 8b 5c 24 50 48
0x00007fff0750bc8d:   8b 6c 24 58 48 8b 74 24 60 48 83 c4 20 41 5f 41
0x00007fff0750bc9d:   5e 41 5d 41 5c 5f c3 cc cc cc cc cc cc cc cc cc
0x00007fff0750bcad:   cc cc cc 48 89 54 24 10 53 56 57 41 54 41 55 41
0x00007fff0750bcbd:   56 48 81 ec d8 00 00 00 48 8b 41 28 48 8b d9 4c
0x00007fff0750bccd:   8b ea 48 8b 48 38 48 8b 83 80 00 00 00 4c 8b a3
0x00007fff0750bcdd:   88 00 00 00 48 8b 53 10 49 83 c4 b0 44 8b 71 10
0x00007fff0750bced:   44 2b 71 0c 48 8b 48 20 44 89 b4 24 10 01 00 00
0x00007fff0750bcfd:   4c 8b 01 49 8b 40 38 48 8b 48 10 8b 41 40 41 2b
0x00007fff0750bd0d:   40 54 48 98 48 8d 0c 80 48 c1 e1 04 4c 03 e1 4c
0x00007fff0750bd1d:   89 a4 24 90 00 00 00 49 8b 04 24 48 8b 08 8b 79
0x00007fff0750bd2d:   04 89 7b 38 48 8b b2 18 03 00 00 48 85 f6 74 33
0x00007fff0750bd3d:   80 3d a6 c6 4d 00 00 75 06 83 7b 68 01 7f 24 48
0x00007fff0750bd4d:   8b 0e 48 85 c9 74 1c 39 79 24 74 17 e8 d2 16 af 


Stack slot to memory mapping:

stack at sp + 0 slots: 0x0000000000000002 is an unknown value
stack at sp + 1 slots: 0x000002ad3d1e2208 points into unknown readable memory: 0x000002ad3e08f280 | 80 f2 08 3e ad 02 00 00
stack at sp + 2 slots: 0x000002ad20dc3ad8 points into unknown readable memory: 0x00007fff077d3a90 | 90 3a 7d 07 ff 7f 00 00
stack at sp + 3 slots: 0x00007fff075220f0 jvm.dll
stack at sp + 4 slots: 0x0000000000000108 is an unknown value
stack at sp + 5 slots: 0x000000000000001f is an unknown value
stack at sp + 6 slots: 0x0 is null
stack at sp + 7 slots: 0x0 is null


---------------  P R O C E S S  ---------------

Threads class SMR info:
_java_thread_list=0x000002ad3de43840, length=35, elements={
0x000002ad0466d9b0, 0x000002ad20a0c0b0, 0x000002ad20a0d180, 0x000002ad20a0e0a0,
0x000002ad20a10110, 0x000002ad20a12b80, 0x000002ad20a135e0, 0x000002ad20a14370,
0x000002ad20a16e30, 0x000002ad20c2ecf0, 0x000002ad20d9e9c0, 0x000002ad3b754e30,
0x000002ad3a955230, 0x000002ad3b161c20, 0x000002ad3ab7d860, 0x000002ad20f66840,
0x000002ad3a706fb0, 0x000002ad3a9f9360, 0x000002ad3a9fada0, 0x000002ad3a9f8cd0,
0x000002ad3a9f99f0, 0x000002ad3a9fa710, 0x000002ad3a9fa080, 0x000002ad3a9f7fb0,
0x000002ad3a9f8640, 0x000002ad3dc9c980, 0x000002ad3dc9f0e0, 0x000002ad3dc9fe00,
0x000002ad3dc9f770, 0x000002ad3dc9c2f0, 0x000002ad3dc98e70, 0x000002ad3dc9e3c0,
0x000002ad3d19df30, 0x000002ad3dc99500, 0x000002ad3dc99b90
}

Java Threads: ( => current thread )
  0x000002ad0466d9b0 JavaThread "main"                              [_thread_blocked, id=8576, stack(0x000000d233c00000,0x000000d233d00000) (1024K)]
  0x000002ad20a0c0b0 JavaThread "Reference Handler"          daemon [_thread_blocked, id=2824, stack(0x000000d234500000,0x000000d234600000) (1024K)]
  0x000002ad20a0d180 JavaThread "Finalizer"                  daemon [_thread_blocked, id=2536, stack(0x000000d234600000,0x000000d234700000) (1024K)]
  0x000002ad20a0e0a0 JavaThread "Signal Dispatcher"          daemon [_thread_blocked, id=6616, stack(0x000000d234700000,0x000000d234800000) (1024K)]
  0x000002ad20a10110 JavaThread "Attach Listener"            daemon [_thread_blocked, id=2992, stack(0x000000d234800000,0x000000d234900000) (1024K)]
  0x000002ad20a12b80 JavaThread "Service Thread"             daemon [_thread_blocked, id=10156, stack(0x000000d234900000,0x000000d234a00000) (1024K)]
  0x000002ad20a135e0 JavaThread "Monitor Deflation Thread"   daemon [_thread_blocked, id=648, stack(0x000000d234a00000,0x000000d234b00000) (1024K)]
  0x000002ad20a14370 JavaThread "C2 CompilerThread0"         daemon [_thread_in_native, id=11512, stack(0x000000d234b00000,0x000000d234c00000) (1024K)]
  0x000002ad20a16e30 JavaThread "C1 CompilerThread0"         daemon [_thread_blocked, id=2348, stack(0x000000d234c00000,0x000000d234d00000) (1024K)]
  0x000002ad20c2ecf0 JavaThread "Common-Cleaner"             daemon [_thread_blocked, id=9776, stack(0x000000d234d00000,0x000000d234e00000) (1024K)]
  0x000002ad20d9e9c0 JavaThread "Notification Thread"        daemon [_thread_blocked, id=1500, stack(0x000000d234e00000,0x000000d234f00000) (1024K)]
  0x000002ad3b754e30 JavaThread "Daemon health stats"               [_thread_blocked, id=5792, stack(0x000000d234f00000,0x000000d235000000) (1024K)]
  0x000002ad3a955230 JavaThread "Incoming local TCP Connector on port 53644"        [_thread_in_native, id=3832, stack(0x000000d235300000,0x000000d235400000) (1024K)]
  0x000002ad3b161c20 JavaThread "Daemon periodic checks"            [_thread_blocked, id=10508, stack(0x000000d235400000,0x000000d235500000) (1024K)]
  0x000002ad3ab7d860 JavaThread "Daemon"                            [_thread_blocked, id=7064, stack(0x000000d235500000,0x000000d235600000) (1024K)]
  0x000002ad20f66840 JavaThread "Handler for socket connection from /127.0.0.1:53644 to /127.0.0.1:53645"        [_thread_in_native, id=4580, stack(0x000000d235600000,0x000000d235700000) (1024K)]
  0x000002ad3a706fb0 JavaThread "Cancel handler"                    [_thread_blocked, id=8364, stack(0x000000d235700000,0x000000d235800000) (1024K)]
  0x000002ad3a9f9360 JavaThread "Daemon worker"                     [_thread_in_vm, id=10388, stack(0x000000d235800000,0x000000d235900000) (1024K)]
  0x000002ad3a9fada0 JavaThread "Asynchronous log dispatcher for DefaultDaemonConnection: socket connection from /127.0.0.1:53644 to /127.0.0.1:53645"        [_thread_blocked, id=8588, stack(0x000000d235900000,0x000000d235a00000) (1024K)]
  0x000002ad3a9f8cd0 JavaThread "Stdin handler"                     [_thread_blocked, id=8128, stack(0x000000d235a00000,0x000000d235b00000) (1024K)]
  0x000002ad3a9f99f0 JavaThread "Daemon client event forwarder"        [_thread_blocked, id=3748, stack(0x000000d235b00000,0x000000d235c00000) (1024K)]
  0x000002ad3a9fa710 JavaThread "Cache worker for journal cache (C:\Users\bayes\.gradle\caches\journal-1)"        [_thread_blocked, id=7916, stack(0x000000d235c00000,0x000000d235d00000) (1024K)]
  0x000002ad3a9fa080 JavaThread "File lock request listener"        [_thread_in_native, id=68, stack(0x000000d235d00000,0x000000d235e00000) (1024K)]
  0x000002ad3a9f7fb0 JavaThread "Cache worker for file hash cache (C:\Users\bayes\.gradle\caches\8.5\fileHashes)"        [_thread_blocked, id=14304, stack(0x000000d235e00000,0x000000d235f00000) (1024K)]
  0x000002ad3a9f8640 JavaThread "File watcher server"        daemon [_thread_in_native, id=3636, stack(0x000000d236000000,0x000000d236100000) (1024K)]
  0x000002ad3dc9c980 JavaThread "File watcher consumer"      daemon [_thread_blocked, id=13604, stack(0x000000d236100000,0x000000d236200000) (1024K)]
  0x000002ad3dc9f0e0 JavaThread "Cache worker for checksums cache (C:\Users\bayes\Downloads\Projet_classe_kata-main\.gradle\8.5\checksums)"        [_thread_blocked, id=8544, stack(0x000000d236200000,0x000000d236300000) (1024K)]
  0x000002ad3dc9fe00 JavaThread "Cache worker for file hash cache (C:\Users\bayes\Downloads\Projet_classe_kata-main\.gradle\8.5\fileHashes)"        [_thread_blocked, id=13768, stack(0x000000d236300000,0x000000d236400000) (1024K)]
  0x000002ad3dc9f770 JavaThread "Cache worker for cache directory md-supplier (C:\Users\bayes\.gradle\caches\8.5\md-supplier)"        [_thread_blocked, id=5852, stack(0x000000d236400000,0x000000d236500000) (1024K)]
  0x000002ad3dc9c2f0 JavaThread "Cache worker for cache directory md-rule (C:\Users\bayes\.gradle\caches\8.5\md-rule)"        [_thread_blocked, id=12536, stack(0x000000d236500000,0x000000d236600000) (1024K)]
  0x000002ad3dc98e70 JavaThread "Cache worker for file content cache (C:\Users\bayes\.gradle\caches\8.5\fileContent)"        [_thread_blocked, id=13168, stack(0x000000d236600000,0x000000d236700000) (1024K)]
  0x000002ad3dc9e3c0 JavaThread "Cache worker for execution history cache (C:\Users\bayes\.gradle\caches\8.5\executionHistory)"        [_thread_blocked, id=1248, stack(0x000000d235f00000,0x000000d236000000) (1024K)]
=>0x000002ad3d19df30 JavaThread "C2 CompilerThread1"         daemon [_thread_in_native, id=10028, stack(0x000000d236700000,0x000000d236800000) (1024K)]
  0x000002ad3dc99500 JavaThread "jar transforms"                    [_thread_blocked, id=7572, stack(0x000000d236800000,0x000000d236900000) (1024K)]
  0x000002ad3dc99b90 JavaThread "jar transforms Thread 2"           [_thread_blocked, id=8740, stack(0x000000d236900000,0x000000d236a00000) (1024K)]
Total: 35

Other Threads:
  0x000002ad209e7330 VMThread "VM Thread"                           [id=5896, stack(0x000000d234400000,0x000000d234500000) (1024K)]
  0x000002ad209d0960 WatcherThread "VM Periodic Task Thread"        [id=2732, stack(0x000000d234300000,0x000000d234400000) (1024K)]
  0x000002ad0478f100 WorkerThread "GC Thread#0"                     [id=7956, stack(0x000000d233e00000,0x000000d233f00000) (1024K)]
  0x000002ad20ed0120 WorkerThread "GC Thread#1"                     [id=8640, stack(0x000000d235000000,0x000000d235100000) (1024K)]
  0x000002ad20ed04c0 WorkerThread "GC Thread#2"                     [id=1468, stack(0x000000d235100000,0x000000d235200000) (1024K)]
  0x000002ad20ed0860 WorkerThread "GC Thread#3"                     [id=11408, stack(0x000000d235200000,0x000000d235300000) (1024K)]
  0x000002ad04793ff0 ConcurrentGCThread "G1 Main Marker"            [id=9128, stack(0x000000d233f00000,0x000000d234000000) (1024K)]
  0x000002ad04795bc0 WorkerThread "G1 Conc#0"                       [id=5016, stack(0x000000d234000000,0x000000d234100000) (1024K)]
  0x000002ad0483e600 ConcurrentGCThread "G1 Refine#0"               [id=7480, stack(0x000000d234100000,0x000000d234200000) (1024K)]
  0x000002ad208a62a0 ConcurrentGCThread "G1 Service"                [id=11728, stack(0x000000d234200000,0x000000d234300000) (1024K)]
Total: 10

Threads with active compile tasks:
C2 CompilerThread0    22536 4187   !   4       java.util.concurrent.ConcurrentHashMap::computeIfAbsent (576 bytes)
C2 CompilerThread1    22536 4097       4       java.net.URLClassLoader$1::run (5 bytes)
Total: 2

VM state: not at safepoint (normal execution)

VM Mutex/Monitor currently owned by a thread: None

Heap address: 0x00000000e0000000, size: 512 MB, Compressed Oops mode: 32-bit

CDS archive(s) mapped at: [0x000002ad21000000-0x000002ad21c90000-0x000002ad21c90000), size 13172736, SharedBaseAddress: 0x000002ad21000000, ArchiveRelocationMode: 1.
Compressed class space mapped at: 0x000002ad22000000-0x000002ad36000000, reserved size: 335544320
Narrow klass base: 0x000002ad21000000, Narrow klass shift: 0, Narrow klass range: 0x100000000

GC Precious Log:
 CardTable entry size: 512
 Card Set container configuration: InlinePtr #cards 5 size 8 Array Of Cards #cards 12 size 40 Howl #buckets 4 coarsen threshold 1843 Howl Bitmap #cards 512 size 80 coarsen threshold 460 Card regions per heap region 1 cards per card region 2048
 CPUs: 4 total, 4 available
 Memory: 7854M
 Large Page Support: Disabled
 NUMA Support: Disabled
 Compressed Oops: Enabled (32-bit)
 Heap Region Size: 1M
 Heap Min Capacity: 256M
 Heap Initial Capacity: 256M
 Heap Max Capacity: 512M
 Pre-touch: Disabled
 Parallel Workers: 4
 Concurrent Workers: 1
 Concurrent Refinement Workers: 4
 Periodic GC: Disabled

Heap:
 garbage-first heap   total 262144K, used 34502K [0x00000000e0000000, 0x0000000100000000)
  region size 1024K, 13 young (13312K), 8 survivors (8192K)
 Metaspace       used 34595K, committed 35840K, reserved 393216K
  class space    used 4936K, committed 5568K, reserved 327680K

Heap Regions: E=young(eden), S=young(survivor), O=old, HS=humongous(starts), HC=humongous(continues), CS=collection set, F=free, TAMS=top-at-mark-start, PB=parsable bottom
|   0|0x00000000e0000000, 0x00000000e0100000, 0x00000000e0100000|100%| O|  |TAMS 0x00000000e0000000| PB 0x00000000e0000000| Untracked 
|   1|0x00000000e0100000, 0x00000000e0200000, 0x00000000e0200000|100%|HS|  |TAMS 0x00000000e0100000| PB 0x00000000e0100000| Complete 
|   2|0x00000000e0200000, 0x00000000e0300000, 0x00000000e0300000|100%|HC|  |TAMS 0x00000000e0200000| PB 0x00000000e0200000| Complete 
|   3|0x00000000e0300000, 0x00000000e0400000, 0x00000000e0400000|100%|HC|  |TAMS 0x00000000e0300000| PB 0x00000000e0300000| Complete 
|   4|0x00000000e0400000, 0x00000000e0500000, 0x00000000e0500000|100%|HC|  |TAMS 0x00000000e0400000| PB 0x00000000e0400000| Complete 
|   5|0x00000000e0500000, 0x00000000e0600000, 0x00000000e0600000|100%| O|  |TAMS 0x00000000e0500000| PB 0x00000000e0500000| Untracked 
|   6|0x00000000e0600000, 0x00000000e0700000, 0x00000000e0700000|100%| O|  |TAMS 0x00000000e0600000| PB 0x00000000e0600000| Untracked 
|   7|0x00000000e0700000, 0x00000000e0800000, 0x00000000e0800000|100%| O|  |TAMS 0x00000000e0700000| PB 0x00000000e0700000| Untracked 
|   8|0x00000000e0800000, 0x00000000e0900000, 0x00000000e0900000|100%| O|  |TAMS 0x00000000e0800000| PB 0x00000000e0800000| Untracked 
|   9|0x00000000e0900000, 0x00000000e0a00000, 0x00000000e0a00000|100%| O|  |TAMS 0x00000000e0900000| PB 0x00000000e0900000| Untracked 
|  10|0x00000000e0a00000, 0x00000000e0b00000, 0x00000000e0b00000|100%| O|  |TAMS 0x00000000e0a00000| PB 0x00000000e0a00000| Untracked 
|  11|0x00000000e0b00000, 0x00000000e0c00000, 0x00000000e0c00000|100%| O|  |TAMS 0x00000000e0b00000| PB 0x00000000e0b00000| Untracked 
|  12|0x00000000e0c00000, 0x00000000e0d00000, 0x00000000e0d00000|100%| O|  |TAMS 0x00000000e0c00000| PB 0x00000000e0c00000| Untracked 
|  13|0x00000000e0d00000, 0x00000000e0e00000, 0x00000000e0e00000|100%| O|  |TAMS 0x00000000e0d00000| PB 0x00000000e0d00000| Untracked 
|  14|0x00000000e0e00000, 0x00000000e0f00000, 0x00000000e0f00000|100%| O|  |TAMS 0x00000000e0e00000| PB 0x00000000e0e00000| Untracked 
|  15|0x00000000e0f00000, 0x00000000e1000000, 0x00000000e1000000|100%| O|  |TAMS 0x00000000e0f00000| PB 0x00000000e0f00000| Untracked 
|  16|0x00000000e1000000, 0x00000000e1100000, 0x00000000e1100000|100%| O|  |TAMS 0x00000000e1000000| PB 0x00000000e1000000| Untracked 
|  17|0x00000000e1100000, 0x00000000e1200000, 0x00000000e1200000|100%| O|  |TAMS 0x00000000e1100000| PB 0x00000000e1100000| Untracked 
|  18|0x00000000e1200000, 0x00000000e1300000, 0x00000000e1300000|100%| O|  |TAMS 0x00000000e1200000| PB 0x00000000e1200000| Untracked 
|  19|0x00000000e1300000, 0x00000000e1400000, 0x00000000e1400000|100%| O|  |TAMS 0x00000000e1300000| PB 0x00000000e1300000| Untracked 
|  20|0x00000000e1400000, 0x00000000e1500000, 0x00000000e1500000|100%| O|  |TAMS 0x00000000e1400000| PB 0x00000000e1400000| Untracked 
|  21|0x00000000e1500000, 0x00000000e1600000, 0x00000000e1600000|100%| O|  |TAMS 0x00000000e1500000| PB 0x00000000e1500000| Untracked 
|  22|0x00000000e1600000, 0x00000000e163b880, 0x00000000e1700000| 23%| O|  |TAMS 0x00000000e1600000| PB 0x00000000e1600000| Untracked 
|  23|0x00000000e1700000, 0x00000000e1700000, 0x00000000e1800000|  0%| F|  |TAMS 0x00000000e1700000| PB 0x00000000e1700000| Untracked 
|  24|0x00000000e1800000, 0x00000000e1800000, 0x00000000e1900000|  0%| F|  |TAMS 0x00000000e1800000| PB 0x00000000e1800000| Untracked 
|  25|0x00000000e1900000, 0x00000000e1900000, 0x00000000e1a00000|  0%| F|  |TAMS 0x00000000e1900000| PB 0x00000000e1900000| Untracked 
|  26|0x00000000e1a00000, 0x00000000e1a00000, 0x00000000e1b00000|  0%| F|  |TAMS 0x00000000e1a00000| PB 0x00000000e1a00000| Untracked 
|  27|0x00000000e1b00000, 0x00000000e1b00000, 0x00000000e1c00000|  0%| F|  |TAMS 0x00000000e1b00000| PB 0x00000000e1b00000| Untracked 
|  28|0x00000000e1c00000, 0x00000000e1c00000, 0x00000000e1d00000|  0%| F|  |TAMS 0x00000000e1c00000| PB 0x00000000e1c00000| Untracked 
|  29|0x00000000e1d00000, 0x00000000e1d00000, 0x00000000e1e00000|  0%| F|  |TAMS 0x00000000e1d00000| PB 0x00000000e1d00000| Untracked 
|  30|0x00000000e1e00000, 0x00000000e1e00000, 0x00000000e1f00000|  0%| F|  |TAMS 0x00000000e1e00000| PB 0x00000000e1e00000| Untracked 
|  31|0x00000000e1f00000, 0x00000000e1f00000, 0x00000000e2000000|  0%| F|  |TAMS 0x00000000e1f00000| PB 0x00000000e1f00000| Untracked 
|  32|0x00000000e2000000, 0x00000000e2000000, 0x00000000e2100000|  0%| F|  |TAMS 0x00000000e2000000| PB 0x00000000e2000000| Untracked 
|  33|0x00000000e2100000, 0x00000000e2100000, 0x00000000e2200000|  0%| F|  |TAMS 0x00000000e2100000| PB 0x00000000e2100000| Untracked 
|  34|0x00000000e2200000, 0x00000000e2200000, 0x00000000e2300000|  0%| F|  |TAMS 0x00000000e2200000| PB 0x00000000e2200000| Untracked 
|  35|0x00000000e2300000, 0x00000000e2300000, 0x00000000e2400000|  0%| F|  |TAMS 0x00000000e2300000| PB 0x00000000e2300000| Untracked 
|  36|0x00000000e2400000, 0x00000000e2400000, 0x00000000e2500000|  0%| F|  |TAMS 0x00000000e2400000| PB 0x00000000e2400000| Untracked 
|  37|0x00000000e2500000, 0x00000000e2500000, 0x00000000e2600000|  0%| F|  |TAMS 0x00000000e2500000| PB 0x00000000e2500000| Untracked 
|  38|0x00000000e2600000, 0x00000000e2600000, 0x00000000e2700000|  0%| F|  |TAMS 0x00000000e2600000| PB 0x00000000e2600000| Untracked 
|  39|0x00000000e2700000, 0x00000000e2700000, 0x00000000e2800000|  0%| F|  |TAMS 0x00000000e2700000| PB 0x00000000e2700000| Untracked 
|  40|0x00000000e2800000, 0x00000000e2800000, 0x00000000e2900000|  0%| F|  |TAMS 0x00000000e2800000| PB 0x00000000e2800000| Untracked 
|  41|0x00000000e2900000, 0x00000000e2900000, 0x00000000e2a00000|  0%| F|  |TAMS 0x00000000e2900000| PB 0x00000000e2900000| Untracked 
|  42|0x00000000e2a00000, 0x00000000e2a00000, 0x00000000e2b00000|  0%| F|  |TAMS 0x00000000e2a00000| PB 0x00000000e2a00000| Untracked 
|  43|0x00000000e2b00000, 0x00000000e2b00000, 0x00000000e2c00000|  0%| F|  |TAMS 0x00000000e2b00000| PB 0x00000000e2b00000| Untracked 
|  44|0x00000000e2c00000, 0x00000000e2c00000, 0x00000000e2d00000|  0%| F|  |TAMS 0x00000000e2c00000| PB 0x00000000e2c00000| Untracked 
|  45|0x00000000e2d00000, 0x00000000e2d00000, 0x00000000e2e00000|  0%| F|  |TAMS 0x00000000e2d00000| PB 0x00000000e2d00000| Untracked 
|  46|0x00000000e2e00000, 0x00000000e2e00000, 0x00000000e2f00000|  0%| F|  |TAMS 0x00000000e2e00000| PB 0x00000000e2e00000| Untracked 
|  47|0x00000000e2f00000, 0x00000000e2f00000, 0x00000000e3000000|  0%| F|  |TAMS 0x00000000e2f00000| PB 0x00000000e2f00000| Untracked 
|  48|0x00000000e3000000, 0x00000000e3000000, 0x00000000e3100000|  0%| F|  |TAMS 0x00000000e3000000| PB 0x00000000e3000000| Untracked 
|  49|0x00000000e3100000, 0x00000000e3100000, 0x00000000e3200000|  0%| F|  |TAMS 0x00000000e3100000| PB 0x00000000e3100000| Untracked 
|  50|0x00000000e3200000, 0x00000000e3200000, 0x00000000e3300000|  0%| F|  |TAMS 0x00000000e3200000| PB 0x00000000e3200000| Untracked 
|  51|0x00000000e3300000, 0x00000000e3300000, 0x00000000e3400000|  0%| F|  |TAMS 0x00000000e3300000| PB 0x00000000e3300000| Untracked 
|  52|0x00000000e3400000, 0x00000000e3400000, 0x00000000e3500000|  0%| F|  |TAMS 0x00000000e3400000| PB 0x00000000e3400000| Untracked 
|  53|0x00000000e3500000, 0x00000000e3500000, 0x00000000e3600000|  0%| F|  |TAMS 0x00000000e3500000| PB 0x00000000e3500000| Untracked 
|  54|0x00000000e3600000, 0x00000000e3600000, 0x00000000e3700000|  0%| F|  |TAMS 0x00000000e3600000| PB 0x00000000e3600000| Untracked 
|  55|0x00000000e3700000, 0x00000000e3700000, 0x00000000e3800000|  0%| F|  |TAMS 0x00000000e3700000| PB 0x00000000e3700000| Untracked 
|  56|0x00000000e3800000, 0x00000000e3800000, 0x00000000e3900000|  0%| F|  |TAMS 0x00000000e3800000| PB 0x00000000e3800000| Untracked 
|  57|0x00000000e3900000, 0x00000000e3900000, 0x00000000e3a00000|  0%| F|  |TAMS 0x00000000e3900000| PB 0x00000000e3900000| Untracked 
|  58|0x00000000e3a00000, 0x00000000e3a00000, 0x00000000e3b00000|  0%| F|  |TAMS 0x00000000e3a00000| PB 0x00000000e3a00000| Untracked 
|  59|0x00000000e3b00000, 0x00000000e3b00000, 0x00000000e3c00000|  0%| F|  |TAMS 0x00000000e3b00000| PB 0x00000000e3b00000| Untracked 
|  60|0x00000000e3c00000, 0x00000000e3c00000, 0x00000000e3d00000|  0%| F|  |TAMS 0x00000000e3c00000| PB 0x00000000e3c00000| Untracked 
|  61|0x00000000e3d00000, 0x00000000e3d00000, 0x00000000e3e00000|  0%| F|  |TAMS 0x00000000e3d00000| PB 0x00000000e3d00000| Untracked 
|  62|0x00000000e3e00000, 0x00000000e3e00000, 0x00000000e3f00000|  0%| F|  |TAMS 0x00000000e3e00000| PB 0x00000000e3e00000| Untracked 
|  63|0x00000000e3f00000, 0x00000000e3f00000, 0x00000000e4000000|  0%| F|  |TAMS 0x00000000e3f00000| PB 0x00000000e3f00000| Untracked 
|  64|0x00000000e4000000, 0x00000000e4000000, 0x00000000e4100000|  0%| F|  |TAMS 0x00000000e4000000| PB 0x00000000e4000000| Untracked 
|  65|0x00000000e4100000, 0x00000000e4100000, 0x00000000e4200000|  0%| F|  |TAMS 0x00000000e4100000| PB 0x00000000e4100000| Untracked 
|  66|0x00000000e4200000, 0x00000000e4200000, 0x00000000e4300000|  0%| F|  |TAMS 0x00000000e4200000| PB 0x00000000e4200000| Untracked 
|  67|0x00000000e4300000, 0x00000000e4300000, 0x00000000e4400000|  0%| F|  |TAMS 0x00000000e4300000| PB 0x00000000e4300000| Untracked 
|  68|0x00000000e4400000, 0x00000000e4400000, 0x00000000e4500000|  0%| F|  |TAMS 0x00000000e4400000| PB 0x00000000e4400000| Untracked 
|  69|0x00000000e4500000, 0x00000000e4500000, 0x00000000e4600000|  0%| F|  |TAMS 0x00000000e4500000| PB 0x00000000e4500000| Untracked 
|  70|0x00000000e4600000, 0x00000000e4600000, 0x00000000e4700000|  0%| F|  |TAMS 0x00000000e4600000| PB 0x00000000e4600000| Untracked 
|  71|0x00000000e4700000, 0x00000000e4700000, 0x00000000e4800000|  0%| F|  |TAMS 0x00000000e4700000| PB 0x00000000e4700000| Untracked 
|  72|0x00000000e4800000, 0x00000000e4800000, 0x00000000e4900000|  0%| F|  |TAMS 0x00000000e4800000| PB 0x00000000e4800000| Untracked 
|  73|0x00000000e4900000, 0x00000000e4900000, 0x00000000e4a00000|  0%| F|  |TAMS 0x00000000e4900000| PB 0x00000000e4900000| Untracked 
|  74|0x00000000e4a00000, 0x00000000e4a00000, 0x00000000e4b00000|  0%| F|  |TAMS 0x00000000e4a00000| PB 0x00000000e4a00000| Untracked 
|  75|0x00000000e4b00000, 0x00000000e4b00000, 0x00000000e4c00000|  0%| F|  |TAMS 0x00000000e4b00000| PB 0x00000000e4b00000| Untracked 
|  76|0x00000000e4c00000, 0x00000000e4c00000, 0x00000000e4d00000|  0%| F|  |TAMS 0x00000000e4c00000| PB 0x00000000e4c00000| Untracked 
|  77|0x00000000e4d00000, 0x00000000e4d00000, 0x00000000e4e00000|  0%| F|  |TAMS 0x00000000e4d00000| PB 0x00000000e4d00000| Untracked 
|  78|0x00000000e4e00000, 0x00000000e4e00000, 0x00000000e4f00000|  0%| F|  |TAMS 0x00000000e4e00000| PB 0x00000000e4e00000| Untracked 
|  79|0x00000000e4f00000, 0x00000000e4f00000, 0x00000000e5000000|  0%| F|  |TAMS 0x00000000e4f00000| PB 0x00000000e4f00000| Untracked 
|  80|0x00000000e5000000, 0x00000000e5000000, 0x00000000e5100000|  0%| F|  |TAMS 0x00000000e5000000| PB 0x00000000e5000000| Untracked 
|  81|0x00000000e5100000, 0x00000000e5100000, 0x00000000e5200000|  0%| F|  |TAMS 0x00000000e5100000| PB 0x00000000e5100000| Untracked 
|  82|0x00000000e5200000, 0x00000000e5200000, 0x00000000e5300000|  0%| F|  |TAMS 0x00000000e5200000| PB 0x00000000e5200000| Untracked 
|  83|0x00000000e5300000, 0x00000000e5300000, 0x00000000e5400000|  0%| F|  |TAMS 0x00000000e5300000| PB 0x00000000e5300000| Untracked 
|  84|0x00000000e5400000, 0x00000000e5400000, 0x00000000e5500000|  0%| F|  |TAMS 0x00000000e5400000| PB 0x00000000e5400000| Untracked 
|  85|0x00000000e5500000, 0x00000000e5500000, 0x00000000e5600000|  0%| F|  |TAMS 0x00000000e5500000| PB 0x00000000e5500000| Untracked 
|  86|0x00000000e5600000, 0x00000000e5600000, 0x00000000e5700000|  0%| F|  |TAMS 0x00000000e5600000| PB 0x00000000e5600000| Untracked 
|  87|0x00000000e5700000, 0x00000000e5700000, 0x00000000e5800000|  0%| F|  |TAMS 0x00000000e5700000| PB 0x00000000e5700000| Untracked 
|  88|0x00000000e5800000, 0x00000000e5800000, 0x00000000e5900000|  0%| F|  |TAMS 0x00000000e5800000| PB 0x00000000e5800000| Untracked 
|  89|0x00000000e5900000, 0x00000000e5900000, 0x00000000e5a00000|  0%| F|  |TAMS 0x00000000e5900000| PB 0x00000000e5900000| Untracked 
|  90|0x00000000e5a00000, 0x00000000e5a00000, 0x00000000e5b00000|  0%| F|  |TAMS 0x00000000e5a00000| PB 0x00000000e5a00000| Untracked 
|  91|0x00000000e5b00000, 0x00000000e5b00000, 0x00000000e5c00000|  0%| F|  |TAMS 0x00000000e5b00000| PB 0x00000000e5b00000| Untracked 
|  92|0x00000000e5c00000, 0x00000000e5c00000, 0x00000000e5d00000|  0%| F|  |TAMS 0x00000000e5c00000| PB 0x00000000e5c00000| Untracked 
|  93|0x00000000e5d00000, 0x00000000e5d00000, 0x00000000e5e00000|  0%| F|  |TAMS 0x00000000e5d00000| PB 0x00000000e5d00000| Untracked 
|  94|0x00000000e5e00000, 0x00000000e5e00000, 0x00000000e5f00000|  0%| F|  |TAMS 0x00000000e5e00000| PB 0x00000000e5e00000| Untracked 
|  95|0x00000000e5f00000, 0x00000000e5f00000, 0x00000000e6000000|  0%| F|  |TAMS 0x00000000e5f00000| PB 0x00000000e5f00000| Untracked 
|  96|0x00000000e6000000, 0x00000000e6000000, 0x00000000e6100000|  0%| F|  |TAMS 0x00000000e6000000| PB 0x00000000e6000000| Untracked 
|  97|0x00000000e6100000, 0x00000000e6100000, 0x00000000e6200000|  0%| F|  |TAMS 0x00000000e6100000| PB 0x00000000e6100000| Untracked 
|  98|0x00000000e6200000, 0x00000000e6200000, 0x00000000e6300000|  0%| F|  |TAMS 0x00000000e6200000| PB 0x00000000e6200000| Untracked 
|  99|0x00000000e6300000, 0x00000000e6300000, 0x00000000e6400000|  0%| F|  |TAMS 0x00000000e6300000| PB 0x00000000e6300000| Untracked 
| 100|0x00000000e6400000, 0x00000000e6400000, 0x00000000e6500000|  0%| F|  |TAMS 0x00000000e6400000| PB 0x00000000e6400000| Untracked 
| 101|0x00000000e6500000, 0x00000000e6500000, 0x00000000e6600000|  0%| F|  |TAMS 0x00000000e6500000| PB 0x00000000e6500000| Untracked 
| 102|0x00000000e6600000, 0x00000000e6600000, 0x00000000e6700000|  0%| F|  |TAMS 0x00000000e6600000| PB 0x00000000e6600000| Untracked 
| 103|0x00000000e6700000, 0x00000000e6700000, 0x00000000e6800000|  0%| F|  |TAMS 0x00000000e6700000| PB 0x00000000e6700000| Untracked 
| 104|0x00000000e6800000, 0x00000000e6800000, 0x00000000e6900000|  0%| F|  |TAMS 0x00000000e6800000| PB 0x00000000e6800000| Untracked 
| 105|0x00000000e6900000, 0x00000000e6900000, 0x00000000e6a00000|  0%| F|  |TAMS 0x00000000e6900000| PB 0x00000000e6900000| Untracked 
| 106|0x00000000e6a00000, 0x00000000e6a00000, 0x00000000e6b00000|  0%| F|  |TAMS 0x00000000e6a00000| PB 0x00000000e6a00000| Untracked 
| 107|0x00000000e6b00000, 0x00000000e6b00000, 0x00000000e6c00000|  0%| F|  |TAMS 0x00000000e6b00000| PB 0x00000000e6b00000| Untracked 
| 108|0x00000000e6c00000, 0x00000000e6c00000, 0x00000000e6d00000|  0%| F|  |TAMS 0x00000000e6c00000| PB 0x00000000e6c00000| Untracked 
| 109|0x00000000e6d00000, 0x00000000e6d00000, 0x00000000e6e00000|  0%| F|  |TAMS 0x00000000e6d00000| PB 0x00000000e6d00000| Untracked 
| 110|0x00000000e6e00000, 0x00000000e6e00000, 0x00000000e6f00000|  0%| F|  |TAMS 0x00000000e6e00000| PB 0x00000000e6e00000| Untracked 
| 111|0x00000000e6f00000, 0x00000000e6f00000, 0x00000000e7000000|  0%| F|  |TAMS 0x00000000e6f00000| PB 0x00000000e6f00000| Untracked 
| 112|0x00000000e7000000, 0x00000000e7000000, 0x00000000e7100000|  0%| F|  |TAMS 0x00000000e7000000| PB 0x00000000e7000000| Untracked 
| 113|0x00000000e7100000, 0x00000000e7100000, 0x00000000e7200000|  0%| F|  |TAMS 0x00000000e7100000| PB 0x00000000e7100000| Untracked 
| 114|0x00000000e7200000, 0x00000000e7200000, 0x00000000e7300000|  0%| F|  |TAMS 0x00000000e7200000| PB 0x00000000e7200000| Untracked 
| 115|0x00000000e7300000, 0x00000000e7300000, 0x00000000e7400000|  0%| F|  |TAMS 0x00000000e7300000| PB 0x00000000e7300000| Untracked 
| 116|0x00000000e7400000, 0x00000000e7400000, 0x00000000e7500000|  0%| F|  |TAMS 0x00000000e7400000| PB 0x00000000e7400000| Untracked 
| 117|0x00000000e7500000, 0x00000000e7500000, 0x00000000e7600000|  0%| F|  |TAMS 0x00000000e7500000| PB 0x00000000e7500000| Untracked 
| 118|0x00000000e7600000, 0x00000000e7600000, 0x00000000e7700000|  0%| F|  |TAMS 0x00000000e7600000| PB 0x00000000e7600000| Untracked 
| 119|0x00000000e7700000, 0x00000000e7700000, 0x00000000e7800000|  0%| F|  |TAMS 0x00000000e7700000| PB 0x00000000e7700000| Untracked 
| 120|0x00000000e7800000, 0x00000000e7800000, 0x00000000e7900000|  0%| F|  |TAMS 0x00000000e7800000| PB 0x00000000e7800000| Untracked 
| 121|0x00000000e7900000, 0x00000000e7900000, 0x00000000e7a00000|  0%| F|  |TAMS 0x00000000e7900000| PB 0x00000000e7900000| Untracked 
| 122|0x00000000e7a00000, 0x00000000e7a00000, 0x00000000e7b00000|  0%| F|  |TAMS 0x00000000e7a00000| PB 0x00000000e7a00000| Untracked 
| 123|0x00000000e7b00000, 0x00000000e7b00000, 0x00000000e7c00000|  0%| F|  |TAMS 0x00000000e7b00000| PB 0x00000000e7b00000| Untracked 
| 124|0x00000000e7c00000, 0x00000000e7c00000, 0x00000000e7d00000|  0%| F|  |TAMS 0x00000000e7c00000| PB 0x00000000e7c00000| Untracked 
| 125|0x00000000e7d00000, 0x00000000e7d00000, 0x00000000e7e00000|  0%| F|  |TAMS 0x00000000e7d00000| PB 0x00000000e7d00000| Untracked 
| 126|0x00000000e7e00000, 0x00000000e7e00000, 0x00000000e7f00000|  0%| F|  |TAMS 0x00000000e7e00000| PB 0x00000000e7e00000| Untracked 
| 127|0x00000000e7f00000, 0x00000000e7f00000, 0x00000000e8000000|  0%| F|  |TAMS 0x00000000e7f00000| PB 0x00000000e7f00000| Untracked 
| 128|0x00000000e8000000, 0x00000000e8000000, 0x00000000e8100000|  0%| F|  |TAMS 0x00000000e8000000| PB 0x00000000e8000000| Untracked 
| 129|0x00000000e8100000, 0x00000000e8100000, 0x00000000e8200000|  0%| F|  |TAMS 0x00000000e8100000| PB 0x00000000e8100000| Untracked 
| 130|0x00000000e8200000, 0x00000000e8200000, 0x00000000e8300000|  0%| F|  |TAMS 0x00000000e8200000| PB 0x00000000e8200000| Untracked 
| 131|0x00000000e8300000, 0x00000000e8300000, 0x00000000e8400000|  0%| F|  |TAMS 0x00000000e8300000| PB 0x00000000e8300000| Untracked 
| 132|0x00000000e8400000, 0x00000000e8400000, 0x00000000e8500000|  0%| F|  |TAMS 0x00000000e8400000| PB 0x00000000e8400000| Untracked 
| 133|0x00000000e8500000, 0x00000000e8500000, 0x00000000e8600000|  0%| F|  |TAMS 0x00000000e8500000| PB 0x00000000e8500000| Untracked 
| 134|0x00000000e8600000, 0x00000000e8600000, 0x00000000e8700000|  0%| F|  |TAMS 0x00000000e8600000| PB 0x00000000e8600000| Untracked 
| 135|0x00000000e8700000, 0x00000000e8700000, 0x00000000e8800000|  0%| F|  |TAMS 0x00000000e8700000| PB 0x00000000e8700000| Untracked 
| 136|0x00000000e8800000, 0x00000000e8800000, 0x00000000e8900000|  0%| F|  |TAMS 0x00000000e8800000| PB 0x00000000e8800000| Untracked 
| 137|0x00000000e8900000, 0x00000000e8900000, 0x00000000e8a00000|  0%| F|  |TAMS 0x00000000e8900000| PB 0x00000000e8900000| Untracked 
| 138|0x00000000e8a00000, 0x00000000e8a00000, 0x00000000e8b00000|  0%| F|  |TAMS 0x00000000e8a00000| PB 0x00000000e8a00000| Untracked 
| 139|0x00000000e8b00000, 0x00000000e8b76058, 0x00000000e8c00000| 46%| S|CS|TAMS 0x00000000e8b00000| PB 0x00000000e8b00000| Complete 
| 140|0x00000000e8c00000, 0x00000000e8d00000, 0x00000000e8d00000|100%| S|CS|TAMS 0x00000000e8c00000| PB 0x00000000e8c00000| Complete 
| 141|0x00000000e8d00000, 0x00000000e8e00000, 0x00000000e8e00000|100%| S|CS|TAMS 0x00000000e8d00000| PB 0x00000000e8d00000| Complete 
| 142|0x00000000e8e00000, 0x00000000e8f00000, 0x00000000e8f00000|100%| S|CS|TAMS 0x00000000e8e00000| PB 0x00000000e8e00000| Complete 
| 143|0x00000000e8f00000, 0x00000000e9000000, 0x00000000e9000000|100%| S|CS|TAMS 0x00000000e8f00000| PB 0x00000000e8f00000| Complete 
| 144|0x00000000e9000000, 0x00000000e9000000, 0x00000000e9100000|  0%| F|  |TAMS 0x00000000e9000000| PB 0x00000000e9000000| Untracked 
| 145|0x00000000e9100000, 0x00000000e9100000, 0x00000000e9200000|  0%| F|  |TAMS 0x00000000e9100000| PB 0x00000000e9100000| Untracked 
| 146|0x00000000e9200000, 0x00000000e9200000, 0x00000000e9300000|  0%| F|  |TAMS 0x00000000e9200000| PB 0x00000000e9200000| Untracked 
| 147|0x00000000e9300000, 0x00000000e9300000, 0x00000000e9400000|  0%| F|  |TAMS 0x00000000e9300000| PB 0x00000000e9300000| Untracked 
| 148|0x00000000e9400000, 0x00000000e9400000, 0x00000000e9500000|  0%| F|  |TAMS 0x00000000e9400000| PB 0x00000000e9400000| Untracked 
| 149|0x00000000e9500000, 0x00000000e9500000, 0x00000000e9600000|  0%| F|  |TAMS 0x00000000e9500000| PB 0x00000000e9500000| Untracked 
| 150|0x00000000e9600000, 0x00000000e9600000, 0x00000000e9700000|  0%| F|  |TAMS 0x00000000e9600000| PB 0x00000000e9600000| Untracked 
| 151|0x00000000e9700000, 0x00000000e9700000, 0x00000000e9800000|  0%| F|  |TAMS 0x00000000e9700000| PB 0x00000000e9700000| Untracked 
| 152|0x00000000e9800000, 0x00000000e9800000, 0x00000000e9900000|  0%| F|  |TAMS 0x00000000e9800000| PB 0x00000000e9800000| Untracked 
| 153|0x00000000e9900000, 0x00000000e9900000, 0x00000000e9a00000|  0%| F|  |TAMS 0x00000000e9900000| PB 0x00000000e9900000| Untracked 
| 154|0x00000000e9a00000, 0x00000000e9a00000, 0x00000000e9b00000|  0%| F|  |TAMS 0x00000000e9a00000| PB 0x00000000e9a00000| Untracked 
| 155|0x00000000e9b00000, 0x00000000e9b00000, 0x00000000e9c00000|  0%| F|  |TAMS 0x00000000e9b00000| PB 0x00000000e9b00000| Untracked 
| 156|0x00000000e9c00000, 0x00000000e9d00000, 0x00000000e9d00000|100%| S|CS|TAMS 0x00000000e9c00000| PB 0x00000000e9c00000| Complete 
| 157|0x00000000e9d00000, 0x00000000e9e00000, 0x00000000e9e00000|100%| S|CS|TAMS 0x00000000e9d00000| PB 0x00000000e9d00000| Complete 
| 158|0x00000000e9e00000, 0x00000000e9f00000, 0x00000000e9f00000|100%| S|CS|TAMS 0x00000000e9e00000| PB 0x00000000e9e00000| Complete 
| 159|0x00000000e9f00000, 0x00000000e9f00000, 0x00000000ea000000|  0%| F|  |TAMS 0x00000000e9f00000| PB 0x00000000e9f00000| Untracked 
| 160|0x00000000ea000000, 0x00000000ea000000, 0x00000000ea100000|  0%| F|  |TAMS 0x00000000ea000000| PB 0x00000000ea000000| Untracked 
| 161|0x00000000ea100000, 0x00000000ea100000, 0x00000000ea200000|  0%| F|  |TAMS 0x00000000ea100000| PB 0x00000000ea100000| Untracked 
| 162|0x00000000ea200000, 0x00000000ea200000, 0x00000000ea300000|  0%| F|  |TAMS 0x00000000ea200000| PB 0x00000000ea200000| Untracked 
| 163|0x00000000ea300000, 0x00000000ea300000, 0x00000000ea400000|  0%| F|  |TAMS 0x00000000ea300000| PB 0x00000000ea300000| Untracked 
| 164|0x00000000ea400000, 0x00000000ea400000, 0x00000000ea500000|  0%| F|  |TAMS 0x00000000ea400000| PB 0x00000000ea400000| Untracked 
| 165|0x00000000ea500000, 0x00000000ea500000, 0x00000000ea600000|  0%| F|  |TAMS 0x00000000ea500000| PB 0x00000000ea500000| Untracked 
| 166|0x00000000ea600000, 0x00000000ea600000, 0x00000000ea700000|  0%| F|  |TAMS 0x00000000ea600000| PB 0x00000000ea600000| Untracked 
| 167|0x00000000ea700000, 0x00000000ea700000, 0x00000000ea800000|  0%| F|  |TAMS 0x00000000ea700000| PB 0x00000000ea700000| Untracked 
| 168|0x00000000ea800000, 0x00000000ea800000, 0x00000000ea900000|  0%| F|  |TAMS 0x00000000ea800000| PB 0x00000000ea800000| Untracked 
| 169|0x00000000ea900000, 0x00000000ea900000, 0x00000000eaa00000|  0%| F|  |TAMS 0x00000000ea900000| PB 0x00000000ea900000| Untracked 
| 170|0x00000000eaa00000, 0x00000000eaa00000, 0x00000000eab00000|  0%| F|  |TAMS 0x00000000eaa00000| PB 0x00000000eaa00000| Untracked 
| 171|0x00000000eab00000, 0x00000000eab00000, 0x00000000eac00000|  0%| F|  |TAMS 0x00000000eab00000| PB 0x00000000eab00000| Untracked 
| 172|0x00000000eac00000, 0x00000000eac00000, 0x00000000ead00000|  0%| F|  |TAMS 0x00000000eac00000| PB 0x00000000eac00000| Untracked 
| 173|0x00000000ead00000, 0x00000000ead00000, 0x00000000eae00000|  0%| F|  |TAMS 0x00000000ead00000| PB 0x00000000ead00000| Untracked 
| 174|0x00000000eae00000, 0x00000000eae00000, 0x00000000eaf00000|  0%| F|  |TAMS 0x00000000eae00000| PB 0x00000000eae00000| Untracked 
| 175|0x00000000eaf00000, 0x00000000eaf00000, 0x00000000eb000000|  0%| F|  |TAMS 0x00000000eaf00000| PB 0x00000000eaf00000| Untracked 
| 176|0x00000000eb000000, 0x00000000eb000000, 0x00000000eb100000|  0%| F|  |TAMS 0x00000000eb000000| PB 0x00000000eb000000| Untracked 
| 177|0x00000000eb100000, 0x00000000eb100000, 0x00000000eb200000|  0%| F|  |TAMS 0x00000000eb100000| PB 0x00000000eb100000| Untracked 
| 178|0x00000000eb200000, 0x00000000eb200000, 0x00000000eb300000|  0%| F|  |TAMS 0x00000000eb200000| PB 0x00000000eb200000| Untracked 
| 179|0x00000000eb300000, 0x00000000eb300000, 0x00000000eb400000|  0%| F|  |TAMS 0x00000000eb300000| PB 0x00000000eb300000| Untracked 
| 180|0x00000000eb400000, 0x00000000eb400000, 0x00000000eb500000|  0%| F|  |TAMS 0x00000000eb400000| PB 0x00000000eb400000| Untracked 
| 181|0x00000000eb500000, 0x00000000eb500000, 0x00000000eb600000|  0%| F|  |TAMS 0x00000000eb500000| PB 0x00000000eb500000| Untracked 
| 182|0x00000000eb600000, 0x00000000eb600000, 0x00000000eb700000|  0%| F|  |TAMS 0x00000000eb600000| PB 0x00000000eb600000| Untracked 
| 183|0x00000000eb700000, 0x00000000eb700000, 0x00000000eb800000|  0%| F|  |TAMS 0x00000000eb700000| PB 0x00000000eb700000| Untracked 
| 184|0x00000000eb800000, 0x00000000eb800000, 0x00000000eb900000|  0%| F|  |TAMS 0x00000000eb800000| PB 0x00000000eb800000| Untracked 
| 185|0x00000000eb900000, 0x00000000eb900000, 0x00000000eba00000|  0%| F|  |TAMS 0x00000000eb900000| PB 0x00000000eb900000| Untracked 
| 186|0x00000000eba00000, 0x00000000eba00000, 0x00000000ebb00000|  0%| F|  |TAMS 0x00000000eba00000| PB 0x00000000eba00000| Untracked 
| 187|0x00000000ebb00000, 0x00000000ebb00000, 0x00000000ebc00000|  0%| F|  |TAMS 0x00000000ebb00000| PB 0x00000000ebb00000| Untracked 
| 188|0x00000000ebc00000, 0x00000000ebc00000, 0x00000000ebd00000|  0%| F|  |TAMS 0x00000000ebc00000| PB 0x00000000ebc00000| Untracked 
| 189|0x00000000ebd00000, 0x00000000ebd00000, 0x00000000ebe00000|  0%| F|  |TAMS 0x00000000ebd00000| PB 0x00000000ebd00000| Untracked 
| 190|0x00000000ebe00000, 0x00000000ebe00000, 0x00000000ebf00000|  0%| F|  |TAMS 0x00000000ebe00000| PB 0x00000000ebe00000| Untracked 
| 191|0x00000000ebf00000, 0x00000000ebf00000, 0x00000000ec000000|  0%| F|  |TAMS 0x00000000ebf00000| PB 0x00000000ebf00000| Untracked 
| 192|0x00000000ec000000, 0x00000000ec000000, 0x00000000ec100000|  0%| F|  |TAMS 0x00000000ec000000| PB 0x00000000ec000000| Untracked 
| 193|0x00000000ec100000, 0x00000000ec100000, 0x00000000ec200000|  0%| F|  |TAMS 0x00000000ec100000| PB 0x00000000ec100000| Untracked 
| 194|0x00000000ec200000, 0x00000000ec200000, 0x00000000ec300000|  0%| F|  |TAMS 0x00000000ec200000| PB 0x00000000ec200000| Untracked 
| 195|0x00000000ec300000, 0x00000000ec300000, 0x00000000ec400000|  0%| F|  |TAMS 0x00000000ec300000| PB 0x00000000ec300000| Untracked 
| 196|0x00000000ec400000, 0x00000000ec400000, 0x00000000ec500000|  0%| F|  |TAMS 0x00000000ec400000| PB 0x00000000ec400000| Untracked 
| 197|0x00000000ec500000, 0x00000000ec500000, 0x00000000ec600000|  0%| F|  |TAMS 0x00000000ec500000| PB 0x00000000ec500000| Untracked 
| 198|0x00000000ec600000, 0x00000000ec600000, 0x00000000ec700000|  0%| F|  |TAMS 0x00000000ec600000| PB 0x00000000ec600000| Untracked 
| 199|0x00000000ec700000, 0x00000000ec700000, 0x00000000ec800000|  0%| F|  |TAMS 0x00000000ec700000| PB 0x00000000ec700000| Untracked 
| 200|0x00000000ec800000, 0x00000000ec800000, 0x00000000ec900000|  0%| F|  |TAMS 0x00000000ec800000| PB 0x00000000ec800000| Untracked 
| 201|0x00000000ec900000, 0x00000000ec900000, 0x00000000eca00000|  0%| F|  |TAMS 0x00000000ec900000| PB 0x00000000ec900000| Untracked 
| 202|0x00000000eca00000, 0x00000000eca00000, 0x00000000ecb00000|  0%| F|  |TAMS 0x00000000eca00000| PB 0x00000000eca00000| Untracked 
| 203|0x00000000ecb00000, 0x00000000ecb00000, 0x00000000ecc00000|  0%| F|  |TAMS 0x00000000ecb00000| PB 0x00000000ecb00000| Untracked 
| 204|0x00000000ecc00000, 0x00000000ecc00000, 0x00000000ecd00000|  0%| F|  |TAMS 0x00000000ecc00000| PB 0x00000000ecc00000| Untracked 
| 205|0x00000000ecd00000, 0x00000000ecd00000, 0x00000000ece00000|  0%| F|  |TAMS 0x00000000ecd00000| PB 0x00000000ecd00000| Untracked 
| 206|0x00000000ece00000, 0x00000000ece00000, 0x00000000ecf00000|  0%| F|  |TAMS 0x00000000ece00000| PB 0x00000000ece00000| Untracked 
| 207|0x00000000ecf00000, 0x00000000ecf00000, 0x00000000ed000000|  0%| F|  |TAMS 0x00000000ecf00000| PB 0x00000000ecf00000| Untracked 
| 208|0x00000000ed000000, 0x00000000ed000000, 0x00000000ed100000|  0%| F|  |TAMS 0x00000000ed000000| PB 0x00000000ed000000| Untracked 
| 209|0x00000000ed100000, 0x00000000ed100000, 0x00000000ed200000|  0%| F|  |TAMS 0x00000000ed100000| PB 0x00000000ed100000| Untracked 
| 210|0x00000000ed200000, 0x00000000ed200000, 0x00000000ed300000|  0%| F|  |TAMS 0x00000000ed200000| PB 0x00000000ed200000| Untracked 
| 211|0x00000000ed300000, 0x00000000ed300000, 0x00000000ed400000|  0%| F|  |TAMS 0x00000000ed300000| PB 0x00000000ed300000| Untracked 
| 212|0x00000000ed400000, 0x00000000ed400000, 0x00000000ed500000|  0%| F|  |TAMS 0x00000000ed400000| PB 0x00000000ed400000| Untracked 
| 213|0x00000000ed500000, 0x00000000ed500000, 0x00000000ed600000|  0%| F|  |TAMS 0x00000000ed500000| PB 0x00000000ed500000| Untracked 
| 214|0x00000000ed600000, 0x00000000ed600000, 0x00000000ed700000|  0%| F|  |TAMS 0x00000000ed600000| PB 0x00000000ed600000| Untracked 
| 215|0x00000000ed700000, 0x00000000ed700000, 0x00000000ed800000|  0%| F|  |TAMS 0x00000000ed700000| PB 0x00000000ed700000| Untracked 
| 216|0x00000000ed800000, 0x00000000ed800000, 0x00000000ed900000|  0%| F|  |TAMS 0x00000000ed800000| PB 0x00000000ed800000| Untracked 
| 217|0x00000000ed900000, 0x00000000ed900000, 0x00000000eda00000|  0%| F|  |TAMS 0x00000000ed900000| PB 0x00000000ed900000| Untracked 
| 218|0x00000000eda00000, 0x00000000eda00000, 0x00000000edb00000|  0%| F|  |TAMS 0x00000000eda00000| PB 0x00000000eda00000| Untracked 
| 219|0x00000000edb00000, 0x00000000edb00000, 0x00000000edc00000|  0%| F|  |TAMS 0x00000000edb00000| PB 0x00000000edb00000| Untracked 
| 220|0x00000000edc00000, 0x00000000edc00000, 0x00000000edd00000|  0%| F|  |TAMS 0x00000000edc00000| PB 0x00000000edc00000| Untracked 
| 221|0x00000000edd00000, 0x00000000edd00000, 0x00000000ede00000|  0%| F|  |TAMS 0x00000000edd00000| PB 0x00000000edd00000| Untracked 
| 222|0x00000000ede00000, 0x00000000ede00000, 0x00000000edf00000|  0%| F|  |TAMS 0x00000000ede00000| PB 0x00000000ede00000| Untracked 
| 223|0x00000000edf00000, 0x00000000edf00000, 0x00000000ee000000|  0%| F|  |TAMS 0x00000000edf00000| PB 0x00000000edf00000| Untracked 
| 224|0x00000000ee000000, 0x00000000ee000000, 0x00000000ee100000|  0%| F|  |TAMS 0x00000000ee000000| PB 0x00000000ee000000| Untracked 
| 225|0x00000000ee100000, 0x00000000ee100000, 0x00000000ee200000|  0%| F|  |TAMS 0x00000000ee100000| PB 0x00000000ee100000| Untracked 
| 226|0x00000000ee200000, 0x00000000ee200000, 0x00000000ee300000|  0%| F|  |TAMS 0x00000000ee200000| PB 0x00000000ee200000| Untracked 
| 227|0x00000000ee300000, 0x00000000ee300000, 0x00000000ee400000|  0%| F|  |TAMS 0x00000000ee300000| PB 0x00000000ee300000| Untracked 
| 228|0x00000000ee400000, 0x00000000ee400000, 0x00000000ee500000|  0%| F|  |TAMS 0x00000000ee400000| PB 0x00000000ee400000| Untracked 
| 229|0x00000000ee500000, 0x00000000ee500000, 0x00000000ee600000|  0%| F|  |TAMS 0x00000000ee500000| PB 0x00000000ee500000| Untracked 
| 230|0x00000000ee600000, 0x00000000ee600000, 0x00000000ee700000|  0%| F|  |TAMS 0x00000000ee600000| PB 0x00000000ee600000| Untracked 
| 231|0x00000000ee700000, 0x00000000ee700000, 0x00000000ee800000|  0%| F|  |TAMS 0x00000000ee700000| PB 0x00000000ee700000| Untracked 
| 232|0x00000000ee800000, 0x00000000ee800000, 0x00000000ee900000|  0%| F|  |TAMS 0x00000000ee800000| PB 0x00000000ee800000| Untracked 
| 233|0x00000000ee900000, 0x00000000ee900000, 0x00000000eea00000|  0%| F|  |TAMS 0x00000000ee900000| PB 0x00000000ee900000| Untracked 
| 234|0x00000000eea00000, 0x00000000eea00000, 0x00000000eeb00000|  0%| F|  |TAMS 0x00000000eea00000| PB 0x00000000eea00000| Untracked 
| 235|0x00000000eeb00000, 0x00000000eeb00000, 0x00000000eec00000|  0%| F|  |TAMS 0x00000000eeb00000| PB 0x00000000eeb00000| Untracked 
| 236|0x00000000eec00000, 0x00000000eec00000, 0x00000000eed00000|  0%| F|  |TAMS 0x00000000eec00000| PB 0x00000000eec00000| Untracked 
| 237|0x00000000eed00000, 0x00000000eed00000, 0x00000000eee00000|  0%| F|  |TAMS 0x00000000eed00000| PB 0x00000000eed00000| Untracked 
| 238|0x00000000eee00000, 0x00000000eee00000, 0x00000000eef00000|  0%| F|  |TAMS 0x00000000eee00000| PB 0x00000000eee00000| Untracked 
| 239|0x00000000eef00000, 0x00000000eef00000, 0x00000000ef000000|  0%| F|  |TAMS 0x00000000eef00000| PB 0x00000000eef00000| Untracked 
| 240|0x00000000ef000000, 0x00000000ef000000, 0x00000000ef100000|  0%| F|  |TAMS 0x00000000ef000000| PB 0x00000000ef000000| Untracked 
| 241|0x00000000ef100000, 0x00000000ef100000, 0x00000000ef200000|  0%| F|  |TAMS 0x00000000ef100000| PB 0x00000000ef100000| Untracked 
| 242|0x00000000ef200000, 0x00000000ef200000, 0x00000000ef300000|  0%| F|  |TAMS 0x00000000ef200000| PB 0x00000000ef200000| Untracked 
| 243|0x00000000ef300000, 0x00000000ef300000, 0x00000000ef400000|  0%| F|  |TAMS 0x00000000ef300000| PB 0x00000000ef300000| Untracked 
| 244|0x00000000ef400000, 0x00000000ef400000, 0x00000000ef500000|  0%| F|  |TAMS 0x00000000ef400000| PB 0x00000000ef400000| Untracked 
| 245|0x00000000ef500000, 0x00000000ef500000, 0x00000000ef600000|  0%| F|  |TAMS 0x00000000ef500000| PB 0x00000000ef500000| Untracked 
| 246|0x00000000ef600000, 0x00000000ef600000, 0x00000000ef700000|  0%| F|  |TAMS 0x00000000ef600000| PB 0x00000000ef600000| Untracked 
| 247|0x00000000ef700000, 0x00000000ef700000, 0x00000000ef800000|  0%| F|  |TAMS 0x00000000ef700000| PB 0x00000000ef700000| Untracked 
| 248|0x00000000ef800000, 0x00000000ef800000, 0x00000000ef900000|  0%| F|  |TAMS 0x00000000ef800000| PB 0x00000000ef800000| Untracked 
| 249|0x00000000ef900000, 0x00000000ef900000, 0x00000000efa00000|  0%| F|  |TAMS 0x00000000ef900000| PB 0x00000000ef900000| Untracked 
| 250|0x00000000efa00000, 0x00000000efa80800, 0x00000000efb00000| 50%| E|  |TAMS 0x00000000efa00000| PB 0x00000000efa00000| Complete 
| 251|0x00000000efb00000, 0x00000000efc00000, 0x00000000efc00000|100%| E|CS|TAMS 0x00000000efb00000| PB 0x00000000efb00000| Complete 
| 252|0x00000000efc00000, 0x00000000efd00000, 0x00000000efd00000|100%| E|CS|TAMS 0x00000000efc00000| PB 0x00000000efc00000| Complete 
| 253|0x00000000efd00000, 0x00000000efe00000, 0x00000000efe00000|100%| E|CS|TAMS 0x00000000efd00000| PB 0x00000000efd00000| Complete 
| 254|0x00000000efe00000, 0x00000000eff00000, 0x00000000eff00000|100%| E|CS|TAMS 0x00000000efe00000| PB 0x00000000efe00000| Complete 
| 255|0x00000000eff00000, 0x00000000f0000000, 0x00000000f0000000|100%| E|CS|TAMS 0x00000000eff00000| PB 0x00000000eff00000| Complete 

Card table byte_map: [0x000002ad1db00000,0x000002ad1dc00000] _byte_map_base: 0x000002ad1d400000

Marking Bits: (CMBitMap*) 0x000002ad0478f710
 Bits: [0x000002ad1dc00000, 0x000002ad1e400000)

Polling page: 0x000002ad045e0000

Metaspace:

Usage:
  Non-class:     29.02 MB used.
      Class:      4.83 MB used.
       Both:     33.85 MB used.

Virtual space:
  Non-class space:       64.00 MB reserved,      29.62 MB ( 46%) committed,  1 nodes.
      Class space:      320.00 MB reserved,       5.44 MB (  2%) committed,  1 nodes.
             Both:      384.00 MB reserved,      35.06 MB (  9%) committed. 

Chunk freelists:
   Non-Class:  1.79 MB
       Class:  10.39 MB
        Both:  12.18 MB

MaxMetaspaceSize: 384.00 MB
CompressedClassSpaceSize: 320.00 MB
Initial GC threshold: 21.00 MB
Current GC threshold: 35.25 MB
CDS: on
 - commit_granule_bytes: 65536.
 - commit_granule_words: 8192.
 - virtual_space_node_default_size: 8388608.
 - enlarge_chunks_in_place: 1.
 - use_allocation_guard: 0.


Internal statistics:

num_allocs_failed_limit: 3.
num_arena_births: 2088.
num_arena_deaths: 0.
num_vsnodes_births: 2.
num_vsnodes_deaths: 0.
num_space_committed: 561.
num_space_uncommitted: 0.
num_chunks_returned_to_freelist: 3.
num_chunks_taken_from_freelist: 3529.
num_chunk_merges: 3.
num_chunk_splits: 2322.
num_chunks_enlarged: 1478.
num_inconsistent_stats: 0.

CodeHeap 'non-profiled nmethods': size=120000Kb used=2268Kb max_used=2268Kb free=117731Kb
 bounds [0x000002ad15eb0000, 0x000002ad16120000, 0x000002ad1d3e0000]
CodeHeap 'profiled nmethods': size=120000Kb used=8458Kb max_used=8458Kb free=111541Kb
 bounds [0x000002ad0e3e0000, 0x000002ad0ec30000, 0x000002ad15910000]
CodeHeap 'non-nmethods': size=5760Kb used=1907Kb max_used=1967Kb free=3852Kb
 bounds [0x000002ad15910000, 0x000002ad15b80000, 0x000002ad15eb0000]
 total_blobs=4867 nmethods=4185 adapters=585
 compilation: enabled
              stopped_count=0, restarted_count=0
 full_count=0

Compilation events (20 events):
Event: 22.170 Thread 0x000002ad20a16e30 4090       3       java.io.File::getName (42 bytes)
Event: 22.171 Thread 0x000002ad20a16e30 nmethod 4090 0x000002ad0ebea610 code [0x000002ad0ebea860, 0x000002ad0ebeb088]
Event: 22.173 Thread 0x000002ad20a16e30 4092       3       jdk.internal.org.objectweb.asm.MethodWriter::visitFieldInsn (258 bytes)
Event: 22.174 Thread 0x000002ad20a16e30 nmethod 4092 0x000002ad0ebeb410 code [0x000002ad0ebeb680, 0x000002ad0ebec208]
Event: 22.176 Thread 0x000002ad20a16e30 4093       3       java.lang.reflect.AccessibleObject::checkAccess (40 bytes)
Event: 22.176 Thread 0x000002ad20a16e30 nmethod 4093 0x000002ad0ebec610 code [0x000002ad0ebec7e0, 0x000002ad0ebecb38]
Event: 22.179 Thread 0x000002ad20a16e30 4094       3       org.gradle.internal.service.DefaultServiceRegistry::unwrap (75 bytes)
Event: 22.179 Thread 0x000002ad20a16e30 nmethod 4094 0x000002ad0ebecc90 code [0x000002ad0ebecee0, 0x000002ad0ebedc68]
Event: 22.182 Thread 0x000002ad20a16e30 4095       3       com.google.common.cache.LocalCache::discardingQueue (4 bytes)
Event: 22.182 Thread 0x000002ad20a16e30 nmethod 4095 0x000002ad0ebede90 code [0x000002ad0ebee020, 0x000002ad0ebee118]
Event: 22.182 Thread 0x000002ad20a16e30 4096       3       com.google.common.cache.LocalCache::expiresAfterWrite (15 bytes)
Event: 22.182 Thread 0x000002ad20a16e30 nmethod 4096 0x000002ad0ebee190 code [0x000002ad0ebee320, 0x000002ad0ebee490]
Event: 22.187 Thread 0x000002ad3d19df30 4097       4       java.net.URLClassLoader$1::run (5 bytes)
Event: 22.205 Thread 0x000002ad20a16e30 4098       3       org.gradle.internal.instantiation.generator.AbstractClassGenerator::access$1500 (5 bytes)
Event: 22.205 Thread 0x000002ad20a16e30 nmethod 4098 0x000002ad0ebee510 code [0x000002ad0ebee6c0, 0x000002ad0ebee7d8]
Event: 22.205 Thread 0x000002ad20a16e30 4099       3       org.gradle.internal.instantiation.generator.AbstractClassGenerator::isLazyAttachProperty (46 bytes)
Event: 22.207 Thread 0x000002ad20a16e30 nmethod 4099 0x000002ad0ebee890 code [0x000002ad0ebeec40, 0x000002ad0ebf05e8]
Event: 22.210 Thread 0x000002ad20a16e30 4100       3       java.lang.invoke.MemberName::equals (24 bytes)
Event: 22.210 Thread 0x000002ad20a16e30 nmethod 4100 0x000002ad0ebf0d90 code [0x000002ad0ebf0f40, 0x000002ad0ebf12f0]
Event: 22.213 Thread 0x000002ad20a14370 nmethod 4083 0x000002ad160da090 code [0x000002ad160da3a0, 0x000002ad160db9c0]

GC Heap History (8 events):
Event: 2.275 GC heap before
{Heap before GC invocations=0 (full 0):
 garbage-first heap   total 262144K, used 12288K [0x00000000e0000000, 0x0000000100000000)
  region size 1024K, 13 young (13312K), 0 survivors (0K)
 Metaspace       used 996K, committed 1152K, reserved 393216K
  class space    used 79K, committed 128K, reserved 327680K
}
Event: 2.468 GC heap after
{Heap after GC invocations=1 (full 0):
 garbage-first heap   total 262144K, used 3004K [0x00000000e0000000, 0x0000000100000000)
  region size 1024K, 2 young (2048K), 2 survivors (2048K)
 Metaspace       used 996K, committed 1152K, reserved 393216K
  class space    used 79K, committed 128K, reserved 327680K
}
Event: 6.144 GC heap before
{Heap before GC invocations=1 (full 0):
 garbage-first heap   total 262144K, used 27580K [0x00000000e0000000, 0x0000000100000000)
  region size 1024K, 22 young (22528K), 2 survivors (2048K)
 Metaspace       used 4124K, committed 4352K, reserved 393216K
  class space    used 506K, committed 640K, reserved 327680K
}
Event: 6.153 GC heap after
{Heap after GC invocations=2 (full 0):
 garbage-first heap   total 262144K, used 10758K [0x00000000e0000000, 0x0000000100000000)
  region size 1024K, 3 young (3072K), 3 survivors (3072K)
 Metaspace       used 4124K, committed 4352K, reserved 393216K
  class space    used 506K, committed 640K, reserved 327680K
}
Event: 8.724 GC heap before
{Heap before GC invocations=2 (full 0):
 garbage-first heap   total 262144K, used 36358K [0x00000000e0000000, 0x0000000100000000)
  region size 1024K, 28 young (28672K), 3 survivors (3072K)
 Metaspace       used 4277K, committed 4480K, reserved 393216K
  class space    used 509K, committed 640K, reserved 327680K
}
Event: 8.730 GC heap after
{Heap after GC invocations=3 (full 0):
 garbage-first heap   total 262144K, used 14724K [0x00000000e0000000, 0x0000000100000000)
  region size 1024K, 4 young (4096K), 4 survivors (4096K)
 Metaspace       used 4277K, committed 4480K, reserved 393216K
  class space    used 509K, committed 640K, reserved 327680K
}
Event: 18.539 GC heap before
{Heap before GC invocations=3 (full 0):
 garbage-first heap   total 262144K, used 110980K [0x00000000e0000000, 0x0000000100000000)
  region size 1024K, 100 young (102400K), 4 survivors (4096K)
 Metaspace       used 20832K, committed 21504K, reserved 393216K
  class space    used 3028K, committed 3328K, reserved 327680K
}
Event: 18.555 GC heap after
{Heap after GC invocations=4 (full 0):
 garbage-first heap   total 262144K, used 23013K [0x00000000e0000000, 0x0000000100000000)
  region size 1024K, 12 young (12288K), 12 survivors (12288K)
 Metaspace       used 20832K, committed 21504K, reserved 393216K
  class space    used 3028K, committed 3328K, reserved 327680K
}

Dll operation events (15 events):
Event: 0.012 Loaded shared library C:\Program Files\Java\jdk-21\bin\java.dll
Event: 0.393 Loaded shared library C:\Program Files\Java\jdk-21\bin\jsvml.dll
Event: 0.656 Loaded shared library C:\Program Files\Java\jdk-21\bin\zip.dll
Event: 0.661 Loaded shared library C:\Program Files\Java\jdk-21\bin\instrument.dll
Event: 0.670 Loaded shared library C:\Program Files\Java\jdk-21\bin\net.dll
Event: 0.673 Loaded shared library C:\Program Files\Java\jdk-21\bin\nio.dll
Event: 0.723 Loaded shared library C:\Program Files\Java\jdk-21\bin\zip.dll
Event: 1.914 Loaded shared library C:\Program Files\Java\jdk-21\bin\jimage.dll
Event: 2.496 Loaded shared library C:\Program Files\Java\jdk-21\bin\verify.dll
Event: 3.074 Loaded shared library C:\Users\bayes\.gradle\native\c067742578af261105cb4f569cf0c3c89f3d7b1fecec35dd04571415982c5e48\windows-amd64\native-platform.dll
Event: 3.090 Loaded shared library C:\Users\bayes\.gradle\native\38dada09dfb8b06ba9b0570ebf7e218e3eb74d4ef43ca46872605cf95ebc2f47\windows-amd64\native-platform-file-events.dll
Event: 10.457 Loaded shared library C:\Program Files\Java\jdk-21\bin\management.dll
Event: 10.461 Loaded shared library C:\Program Files\Java\jdk-21\bin\management_ext.dll
Event: 11.768 Loaded shared library C:\Program Files\Java\jdk-21\bin\extnet.dll
Event: 13.854 Loaded shared library C:\Program Files\Java\jdk-21\bin\sunmscapi.dll

Deoptimization events (20 events):
Event: 22.218 Thread 0x000002ad3a9fa710 Uncommon trap: trap_request=0xffffffc6 fr.pc=0x000002ad1608b714 relative=0x00000000000015f4
Event: 22.218 Thread 0x000002ad3a9fa710 Uncommon trap: reason=bimorphic_or_optimized_type_check action=maybe_recompile pc=0x000002ad1608b714 method=java.io.DataInputStream.readFully([BII)V @ 30 c2
Event: 22.218 Thread 0x000002ad3a9fa710 DEOPT PACKING pc=0x000002ad1608b714 sp=0x000000d235cfdf40
Event: 22.218 Thread 0x000002ad3a9fa710 DEOPT UNPACKING pc=0x000002ad159646a2 sp=0x000000d235cfdf28 mode 2
Event: 22.218 Thread 0x000002ad3a9fa710 Uncommon trap: trap_request=0xffffff45 fr.pc=0x000002ad1608d310 relative=0x0000000000000410
Event: 22.218 Thread 0x000002ad3a9fa710 Uncommon trap: reason=unstable_if action=reinterpret pc=0x000002ad1608d310 method=java.io.BufferedInputStream.read([BII)I @ 4 c2
Event: 22.218 Thread 0x000002ad3a9fa710 DEOPT PACKING pc=0x000002ad1608d310 sp=0x000000d235cfde70
Event: 22.218 Thread 0x000002ad3a9fa710 DEOPT UNPACKING pc=0x000002ad159646a2 sp=0x000000d235cfde28 mode 2
Event: 22.218 Thread 0x000002ad3a9fa710 Uncommon trap: trap_request=0xffffffc6 fr.pc=0x000002ad1608b714 relative=0x00000000000015f4
Event: 22.218 Thread 0x000002ad3a9fa710 Uncommon trap: reason=bimorphic_or_optimized_type_check action=maybe_recompile pc=0x000002ad1608b714 method=java.io.DataInputStream.readFully([BII)V @ 30 c2
Event: 22.218 Thread 0x000002ad3a9fa710 DEOPT PACKING pc=0x000002ad1608b714 sp=0x000000d235cfdf30
Event: 22.218 Thread 0x000002ad3a9fa710 DEOPT UNPACKING pc=0x000002ad159646a2 sp=0x000000d235cfdf38 mode 2
Event: 22.218 Thread 0x000002ad3a9fa710 Uncommon trap: trap_request=0xffffffc6 fr.pc=0x000002ad1608b714 relative=0x00000000000015f4
Event: 22.218 Thread 0x000002ad3a9fa710 Uncommon trap: reason=bimorphic_or_optimized_type_check action=maybe_recompile pc=0x000002ad1608b714 method=java.io.DataInputStream.readFully([BII)V @ 30 c2
Event: 22.218 Thread 0x000002ad3a9fa710 DEOPT PACKING pc=0x000002ad1608b714 sp=0x000000d235cfdeb0
Event: 22.218 Thread 0x000002ad3a9fa710 DEOPT UNPACKING pc=0x000002ad159646a2 sp=0x000000d235cfde98 mode 2
Event: 22.218 Thread 0x000002ad3a9fa710 Uncommon trap: trap_request=0xffffffc6 fr.pc=0x000002ad1608b714 relative=0x00000000000015f4
Event: 22.218 Thread 0x000002ad3a9fa710 Uncommon trap: reason=bimorphic_or_optimized_type_check action=maybe_recompile pc=0x000002ad1608b714 method=java.io.DataInputStream.readFully([BII)V @ 30 c2
Event: 22.218 Thread 0x000002ad3a9fa710 DEOPT PACKING pc=0x000002ad1608b714 sp=0x000000d235cfdec0
Event: 22.218 Thread 0x000002ad3a9fa710 DEOPT UNPACKING pc=0x000002ad159646a2 sp=0x000000d235cfdea8 mode 2

Classes loaded (20 events):
Event: 21.476 Loading class jdk/internal/jrtfs/JrtDirectoryStream
Event: 21.477 Loading class jdk/internal/jrtfs/JrtDirectoryStream done
Event: 21.477 Loading class jdk/internal/jrtfs/JrtDirectoryStream$1
Event: 21.478 Loading class jdk/internal/jrtfs/JrtDirectoryStream$1 done
Event: 21.478 Loading class java/util/function/BooleanSupplier
Event: 21.478 Loading class java/util/function/BooleanSupplier done
Event: 21.481 Loading class jdk/internal/jimage/ImageReader$Resource
Event: 21.481 Loading class jdk/internal/jimage/ImageReader$Resource done
Event: 21.858 Loading class java/util/WeakHashMap$KeyIterator
Event: 21.866 Loading class java/util/WeakHashMap$HashIterator
Event: 21.866 Loading class java/util/WeakHashMap$HashIterator done
Event: 21.866 Loading class java/util/WeakHashMap$KeyIterator done
Event: 21.924 Loading class sun/nio/fs/WindowsPath$1
Event: 21.925 Loading class sun/nio/fs/WindowsPath$1 done
Event: 21.925 Loading class sun/nio/fs/WindowsException
Event: 21.925 Loading class sun/nio/fs/WindowsException done
Event: 21.951 Loading class java/io/StringReader
Event: 21.951 Loading class java/io/StringReader done
Event: 22.015 Loading class java/math/MutableBigInteger
Event: 22.016 Loading class java/math/MutableBigInteger done

Classes unloaded (0 events):
No events

Classes redefined (0 events):
No events

Internal exceptions (20 events):
Event: 21.153 Thread 0x000002ad3a9f9360 Exception <a 'java/lang/ClassNotFoundException'{0x00000000ebe541b0}: groovy/lang/MetaClassImplCustomizer> (0x00000000ebe541b0) 
thrown [s\open\src\hotspot\share\classfile\systemDictionary.cpp, line 312]
Event: 21.157 Thread 0x000002ad3a9f9360 Exception <a 'java/lang/ClassNotFoundException'{0x00000000ebe7bda8}: groovy/lang/ExpandoMetaClassCustomizer> (0x00000000ebe7bda8) 
thrown [s\open\src\hotspot\share\classfile\systemDictionary.cpp, line 312]
Event: 21.364 Thread 0x000002ad3a9f9360 Exception <a 'java/lang/NoSuchMethodError'{0x00000000eb9eab48}: 'java.lang.Object java.lang.invoke.DirectMethodHandle$Holder.invokeStatic(java.lang.Object, int, java.lang.Object)'> (0x00000000eb9eab48) 
thrown [s\open\src\hotspot\share\interpreter\linkResolver.cpp, line 773]
Event: 21.872 Thread 0x000002ad3a9f9360 Exception <a 'java/lang/ClassNotFoundException'{0x00000000ea5d6e18}: org/gradle/internal/extensibility/DefaultExtraPropertiesExtensionBeanInfo> (0x00000000ea5d6e18) 
thrown [s\open\src\hotspot\share\classfile\systemDictionary.cpp, line 312]
Event: 21.873 Thread 0x000002ad3a9f9360 Exception <a 'java/lang/ClassNotFoundException'{0x00000000ea5deb80}: groovy/lang/GroovyObjectSupportBeanInfo> (0x00000000ea5deb80) 
thrown [s\open\src\hotspot\share\classfile\systemDictionary.cpp, line 312]
Event: 21.873 Thread 0x000002ad3a9f9360 Exception <a 'java/lang/ClassNotFoundException'{0x00000000ea5e68f0}: groovy/lang/GroovyObjectSupportCustomizer> (0x00000000ea5e68f0) 
thrown [s\open\src\hotspot\share\classfile\systemDictionary.cpp, line 312]
Event: 21.876 Thread 0x000002ad3a9f9360 Exception <a 'java/lang/ClassNotFoundException'{0x00000000ea400218}: org/gradle/internal/extensibility/DefaultExtraPropertiesExtensionCustomizer> (0x00000000ea400218) 
thrown [s\open\src\hotspot\share\classfile\systemDictionary.cpp, line 312]
Event: 21.904 Thread 0x000002ad3a9f9360 Exception <a 'java/lang/IncompatibleClassChangeError'{0x00000000ea41a6b8}: Found class java.lang.Object, but interface was expected> (0x00000000ea41a6b8) 
thrown [s\open\src\hotspot\share\interpreter\linkResolver.cpp, line 840]
Event: 21.925 Thread 0x000002ad3a9f9360 Exception <a 'sun/nio/fs/WindowsException'{0x00000000ea443cc8}> (0x00000000ea443cc8) 
thrown [s\open\src\hotspot\share\prims\jni.cpp, line 520]
Event: 21.926 Thread 0x000002ad3a9f9360 Exception <a 'sun/nio/fs/WindowsException'{0x00000000ea4451f0}> (0x00000000ea4451f0) 
thrown [s\open\src\hotspot\share\prims\jni.cpp, line 520]
Event: 21.926 Thread 0x000002ad3a9f9360 Exception <a 'sun/nio/fs/WindowsException'{0x00000000ea4466c0}> (0x00000000ea4466c0) 
thrown [s\open\src\hotspot\share\prims\jni.cpp, line 520]
Event: 21.933 Thread 0x000002ad3a9f9360 Exception <a 'sun/nio/fs/WindowsException'{0x00000000ea447ba0}> (0x00000000ea447ba0) 
thrown [s\open\src\hotspot\share\prims\jni.cpp, line 520]
Event: 22.073 Thread 0x000002ad3a9f9360 Exception <a 'java/lang/NoSuchMethodError'{0x00000000ea2440b0}: 'java.lang.Object java.lang.invoke.DirectMethodHandle$Holder.newInvokeSpecial(java.lang.Object, java.lang.Object, long)'> (0x00000000ea2440b0) 
thrown [s\open\src\hotspot\share\interpreter\linkResolver.cpp, line 773]
Event: 22.073 Thread 0x000002ad3a9f9360 Exception <a 'java/lang/NoSuchMethodError'{0x00000000ea248718}: 'java.lang.Object java.lang.invoke.Invokers$Holder.linkToTargetMethod(java.lang.Object, long, java.lang.Object)'> (0x00000000ea248718) 
thrown [s\open\src\hotspot\share\interpreter\linkResolver.cpp, line 773]
Event: 22.144 Thread 0x000002ad3a9f9360 Exception <a 'java/lang/NoSuchMethodError'{0x00000000ea159cd8}: 'int java.lang.invoke.DirectMethodHandle$Holder.invokeInterface(java.lang.Object, java.lang.Object)'> (0x00000000ea159cd8) 
thrown [s\open\src\hotspot\share\interpreter\linkResolver.cpp, line 773]
Event: 22.151 Thread 0x000002ad3a9f9360 Exception <a 'java/lang/NoSuchMethodError'{0x00000000ea17f760}: 'java.lang.Object java.lang.invoke.DirectMethodHandle$Holder.invokeStatic(java.lang.Object, java.lang.Object, int, java.lang.Object)'> (0x00000000ea17f760) 
thrown [s\open\src\hotspot\share\interpreter\linkResolver.cpp, line 773]
Event: 22.152 Thread 0x000002ad3a9f9360 Exception <a 'java/lang/NoSuchMethodError'{0x00000000ea186be0}: 'java.lang.Object java.lang.invoke.DirectMethodHandle$Holder.newInvokeSpecial(java.lang.Object, java.lang.Object, int, java.lang.Object)'> (0x00000000ea186be0) 
thrown [s\open\src\hotspot\share\interpreter\linkResolver.cpp, line 773]
Event: 22.152 Thread 0x000002ad3a9f9360 Exception <a 'java/lang/NoSuchMethodError'{0x00000000ea18b260}: 'java.lang.Object java.lang.invoke.DirectMethodHandle$Holder.invokeSpecial(java.lang.Object, java.lang.Object, java.lang.Object, int, java.lang.Object)'> (0x00000000ea18b260) 
thrown [s\open\src\hotspot\share\interpreter\linkResolver.cpp, line 773]
Event: 22.212 Thread 0x000002ad3a9f9360 Exception <a 'java/lang/IncompatibleClassChangeError'{0x00000000e9f3f228}: Found class java.lang.Object, but interface was expected> (0x00000000e9f3f228) 
thrown [s\open\src\hotspot\share\interpreter\linkResolver.cpp, line 840]
Event: 22.218 Thread 0x000002ad3a9fa710 Implicit null exception at 0x000002ad1608cf4f to 0x000002ad1608d2f4

ZGC Phase Switch (0 events):
No events

VM Operations (20 events):
Event: 20.672 Executing VM operation: HandshakeAllThreads (Deoptimize)
Event: 20.672 Executing VM operation: HandshakeAllThreads (Deoptimize) done
Event: 21.035 Executing VM operation: HandshakeAllThreads (Deoptimize)
Event: 21.035 Executing VM operation: HandshakeAllThreads (Deoptimize) done
Event: 21.123 Executing VM operation: ICBufferFull
Event: 21.123 Executing VM operation: ICBufferFull done
Event: 21.284 Executing VM operation: HandshakeAllThreads (Deoptimize)
Event: 21.284 Executing VM operation: HandshakeAllThreads (Deoptimize) done
Event: 21.284 Executing VM operation: HandshakeAllThreads (Deoptimize)
Event: 21.284 Executing VM operation: HandshakeAllThreads (Deoptimize) done
Event: 21.291 Executing VM operation: HandshakeAllThreads (Deoptimize)
Event: 21.291 Executing VM operation: HandshakeAllThreads (Deoptimize) done
Event: 21.471 Executing VM operation: HandshakeAllThreads (Deoptimize)
Event: 21.471 Executing VM operation: HandshakeAllThreads (Deoptimize) done
Event: 22.141 Executing VM operation: ICBufferFull
Event: 22.141 Executing VM operation: ICBufferFull done
Event: 22.190 Executing VM operation: HandshakeAllThreads (Deoptimize)
Event: 22.191 Executing VM operation: HandshakeAllThreads (Deoptimize) done
Event: 22.195 Executing VM operation: HandshakeAllThreads (Deoptimize)
Event: 22.216 Executing VM operation: HandshakeAllThreads (Deoptimize) done

Events (20 events):
Event: 16.192 Thread 0x000002ad3a9fa080 Thread added: 0x000002ad3a9fa080
Event: 16.962 Thread 0x000002ad3c4c4120 Thread added: 0x000002ad3c4c4120
Event: 17.287 Thread 0x000002ad3c4c4120 Thread exited: 0x000002ad3c4c4120
Event: 17.499 Thread 0x000002ad3a9f7fb0 Thread added: 0x000002ad3a9f7fb0
Event: 17.609 Thread 0x000002ad20c8bc70 Thread added: 0x000002ad20c8bc70
Event: 18.036 Thread 0x000002ad20c8bc70 Thread exited: 0x000002ad20c8bc70
Event: 18.176 Thread 0x000002ad3a9e3fd0 Thread added: 0x000002ad3a9e3fd0
Event: 18.710 Thread 0x000002ad3a9f8640 Thread added: 0x000002ad3a9f8640
Event: 18.731 Thread 0x000002ad3dc9c980 Thread added: 0x000002ad3dc9c980
Event: 19.176 Thread 0x000002ad3dc9f0e0 Thread added: 0x000002ad3dc9f0e0
Event: 19.336 Thread 0x000002ad3dc9fe00 Thread added: 0x000002ad3dc9fe00
Event: 19.387 Thread 0x000002ad3dc9f770 Thread added: 0x000002ad3dc9f770
Event: 19.411 Thread 0x000002ad3dc9c2f0 Thread added: 0x000002ad3dc9c2f0
Event: 19.735 Thread 0x000002ad3dc98e70 Thread added: 0x000002ad3dc98e70
Event: 19.942 Thread 0x000002ad3a9e3fd0 Thread exited: 0x000002ad3a9e3fd0
Event: 20.129 Thread 0x000002ad3dc9e3c0 Thread added: 0x000002ad3dc9e3c0
Event: 20.632 Thread 0x000002ad3c47c9c0 Thread added: 0x000002ad3c47c9c0
Event: 21.071 Thread 0x000002ad3c47c9c0 Thread exited: 0x000002ad3c47c9c0
Event: 21.418 Thread 0x000002ad3d19df30 Thread added: 0x000002ad3d19df30
Event: 22.154 Thread 0x000002ad3dc99500 Thread added: 0x000002ad3dc99500


Dynamic libraries:
0x00007ff6b80e0000 - 0x00007ff6b80f0000 	C:\Program Files\Java\jdk-21\bin\java.exe
0x00007fff82c10000 - 0x00007fff82e08000 	C:\Windows\SYSTEM32\ntdll.dll
0x00007fff80e90000 - 0x00007fff80f4f000 	C:\Windows\System32\KERNEL32.DLL
0x00007fff80770000 - 0x00007fff80a66000 	C:\Windows\System32\KERNELBASE.dll
0x00007fff80b70000 - 0x00007fff80c70000 	C:\Windows\System32\ucrtbase.dll
0x00007fff77dc0000 - 0x00007fff77dd9000 	C:\Program Files\Java\jdk-21\bin\jli.dll
0x00007fff82550000 - 0x00007fff825ff000 	C:\Windows\System32\ADVAPI32.dll
0x00007fff82a60000 - 0x00007fff82afe000 	C:\Windows\System32\msvcrt.dll
0x00007fff82410000 - 0x00007fff824ac000 	C:\Windows\System32\sechost.dll
0x00007fff81e20000 - 0x00007fff81f46000 	C:\Windows\System32\RPCRT4.dll
0x00007fff810b0000 - 0x00007fff8124d000 	C:\Windows\System32\USER32.dll
0x00007fff80aa0000 - 0x00007fff80ac2000 	C:\Windows\System32\win32u.dll
0x00007fff823e0000 - 0x00007fff8240c000 	C:\Windows\System32\GDI32.dll
0x00007fff804a0000 - 0x00007fff805b5000 	C:\Windows\System32\gdi32full.dll
0x00007fff80ad0000 - 0x00007fff80b6d000 	C:\Windows\System32\msvcp_win.dll
0x00007fff79650000 - 0x00007fff7966b000 	C:\Program Files\Java\jdk-21\bin\VCRUNTIME140.dll
0x00007fff7f6f0000 - 0x00007fff7f98a000 	C:\Windows\WinSxS\amd64_microsoft.windows.common-controls_6595b64144ccf1df_6.0.19041.1110_none_60b5254171f9507e\COMCTL32.dll
0x00007fff7cd80000 - 0x00007fff7cd8a000 	C:\Windows\SYSTEM32\VERSION.dll
0x00007fff82a30000 - 0x00007fff82a60000 	C:\Windows\System32\IMM32.DLL
0x00007fff7a7e0000 - 0x00007fff7a7ec000 	C:\Program Files\Java\jdk-21\bin\vcruntime140_1.dll
0x00007fff227d0000 - 0x00007fff2285e000 	C:\Program Files\Java\jdk-21\bin\msvcp140.dll
0x00007fff06e30000 - 0x00007fff07b43000 	C:\Program Files\Java\jdk-21\bin\server\jvm.dll
0x00007fff80e20000 - 0x00007fff80e8b000 	C:\Windows\System32\WS2_32.dll
0x00007fff7ff10000 - 0x00007fff7ff5b000 	C:\Windows\SYSTEM32\POWRPROF.dll
0x00007fff59500000 - 0x00007fff59527000 	C:\Windows\SYSTEM32\WINMM.dll
0x00007fff7f990000 - 0x00007fff7f9a2000 	C:\Windows\SYSTEM32\UMPDC.dll
0x00007fff7dd20000 - 0x00007fff7dd32000 	C:\Windows\SYSTEM32\kernel.appcore.dll
0x00007fff79640000 - 0x00007fff7964a000 	C:\Program Files\Java\jdk-21\bin\jimage.dll
0x00007fff7fca0000 - 0x00007fff7fe84000 	C:\Windows\SYSTEM32\DBGHELP.DLL
0x00007fff7fac0000 - 0x00007fff7faf4000 	C:\Windows\SYSTEM32\dbgcore.DLL
0x00007fff80410000 - 0x00007fff80492000 	C:\Windows\System32\bcryptPrimitives.dll
0x00007fff79630000 - 0x00007fff7963f000 	C:\Program Files\Java\jdk-21\bin\instrument.dll
0x00007fff6c260000 - 0x00007fff6c27f000 	C:\Program Files\Java\jdk-21\bin\java.dll
0x00007fff81250000 - 0x00007fff81994000 	C:\Windows\System32\SHELL32.dll
0x00007fff7dd40000 - 0x00007fff7e4d3000 	C:\Windows\SYSTEM32\windows.storage.dll
0x00007fff81f60000 - 0x00007fff822b4000 	C:\Windows\System32\combase.dll
0x00007fff7f650000 - 0x00007fff7f67e000 	C:\Windows\SYSTEM32\Wldp.dll
0x00007fff80f50000 - 0x00007fff80ffd000 	C:\Windows\System32\SHCORE.dll
0x00007fff80d30000 - 0x00007fff80d85000 	C:\Windows\System32\shlwapi.dll
0x00007fff80230000 - 0x00007fff8024f000 	C:\Windows\SYSTEM32\profapi.dll
0x00007fff226f0000 - 0x00007fff227c7000 	C:\Program Files\Java\jdk-21\bin\jsvml.dll
0x00007fff6c240000 - 0x00007fff6c258000 	C:\Program Files\Java\jdk-21\bin\zip.dll
0x00007fff794b0000 - 0x00007fff794c0000 	C:\Program Files\Java\jdk-21\bin\net.dll
0x00007fff701e0000 - 0x00007fff702ea000 	C:\Windows\SYSTEM32\WINHTTP.dll
0x00007fff7f510000 - 0x00007fff7f57a000 	C:\Windows\system32\mswsock.dll
0x00007fff6c220000 - 0x00007fff6c236000 	C:\Program Files\Java\jdk-21\bin\nio.dll
0x00007fff70a60000 - 0x00007fff70a70000 	C:\Program Files\Java\jdk-21\bin\verify.dll
0x00007fff70a70000 - 0x00007fff70a97000 	C:\Users\bayes\.gradle\native\c067742578af261105cb4f569cf0c3c89f3d7b1fecec35dd04571415982c5e48\windows-amd64\native-platform.dll
0x00007fff225a0000 - 0x00007fff226e4000 	C:\Users\bayes\.gradle\native\38dada09dfb8b06ba9b0570ebf7e218e3eb74d4ef43ca46872605cf95ebc2f47\windows-amd64\native-platform-file-events.dll
0x00007fff5d0b0000 - 0x00007fff5d0ba000 	C:\Program Files\Java\jdk-21\bin\management.dll
0x00007fff5a2c0000 - 0x00007fff5a2cb000 	C:\Program Files\Java\jdk-21\bin\management_ext.dll
0x00007fff81e10000 - 0x00007fff81e18000 	C:\Windows\System32\PSAPI.DLL
0x00007fff80080000 - 0x00007fff80098000 	C:\Windows\SYSTEM32\CRYPTSP.dll
0x00007fff7ed30000 - 0x00007fff7ed64000 	C:\Windows\system32\rsaenh.dll
0x00007fff80a70000 - 0x00007fff80a97000 	C:\Windows\System32\bcrypt.dll
0x00007fff801f0000 - 0x00007fff8021e000 	C:\Windows\SYSTEM32\USERENV.dll
0x00007fff7f640000 - 0x00007fff7f64c000 	C:\Windows\SYSTEM32\CRYPTBASE.dll
0x00007fff7f0a0000 - 0x00007fff7f0dc000 	C:\Windows\SYSTEM32\IPHLPAPI.DLL
0x00007fff829c0000 - 0x00007fff829c8000 	C:\Windows\System32\NSI.dll
0x00007fff521d0000 - 0x00007fff521d9000 	C:\Program Files\Java\jdk-21\bin\extnet.dll
0x00007fff521c0000 - 0x00007fff521ce000 	C:\Program Files\Java\jdk-21\bin\sunmscapi.dll
0x00007fff805c0000 - 0x00007fff8071e000 	C:\Windows\System32\CRYPT32.dll
0x00007fff7f6c0000 - 0x00007fff7f6e8000 	C:\Windows\SYSTEM32\ncrypt.dll
0x00007fff7f680000 - 0x00007fff7f6bb000 	C:\Windows\SYSTEM32\NTASN1.dll
0x00007fff51940000 - 0x00007fff51947000 	C:\Windows\system32\wshunix.dll

dbghelp: loaded successfully - version: 4.0.5 - missing functions: none
symbol engine: initialized successfully - sym options: 0x614 - pdb path: .;C:\Program Files\Java\jdk-21\bin;C:\Windows\SYSTEM32;C:\Windows\WinSxS\amd64_microsoft.windows.common-controls_6595b64144ccf1df_6.0.19041.1110_none_60b5254171f9507e;C:\Program Files\Java\jdk-21\bin\server;C:\Users\bayes\.gradle\native\c067742578af261105cb4f569cf0c3c89f3d7b1fecec35dd04571415982c5e48\windows-amd64;C:\Users\bayes\.gradle\native\38dada09dfb8b06ba9b0570ebf7e218e3eb74d4ef43ca46872605cf95ebc2f47\windows-amd64

VM Arguments:
jvm_args: --add-opens=java.base/java.util=ALL-UNNAMED --add-opens=java.base/java.lang=ALL-UNNAMED --add-opens=java.base/java.lang.invoke=ALL-UNNAMED --add-opens=java.prefs/java.util.prefs=ALL-UNNAMED --add-opens=java.base/java.nio.charset=ALL-UNNAMED --add-opens=java.base/java.net=ALL-UNNAMED --add-opens=java.base/java.util.concurrent.atomic=ALL-UNNAMED -XX:MaxMetaspaceSize=384m -XX:+HeapDumpOnOutOfMemoryError -Xms256m -Xmx512m -Dfile.encoding=UTF-8 -Duser.country=FR -Duser.language=fr -Duser.variant -javaagent:C:\Users\bayes\.gradle\wrapper\dists\gradle-8.5-bin\5t9huq95ubn472n8rpzujfbqh\gradle-8.5\lib\agents\gradle-instrumentation-agent-8.5.jar 
java_command: org.gradle.launcher.daemon.bootstrap.GradleDaemon 8.5
java_class_path (initial): C:\Users\bayes\.gradle\wrapper\dists\gradle-8.5-bin\5t9huq95ubn472n8rpzujfbqh\gradle-8.5\lib\gradle-launcher-8.5.jar
Launcher Type: SUN_STANDARD

[Global flags]
     intx CICompilerCount                          = 3                                         {product} {ergonomic}
   size_t CompressedClassSpaceSize                 = 335544320                                 {product} {ergonomic}
     uint ConcGCThreads                            = 1                                         {product} {ergonomic}
     uint G1ConcRefinementThreads                  = 4                                         {product} {ergonomic}
   size_t G1HeapRegionSize                         = 1048576                                   {product} {ergonomic}
    uintx GCDrainStackTargetSize                   = 64                                        {product} {ergonomic}
     bool HeapDumpOnOutOfMemoryError               = true                                   {manageable} {command line}
   size_t InitialHeapSize                          = 268435456                                 {product} {command line}
   size_t MarkStackSize                            = 4194304                                   {product} {ergonomic}
   size_t MaxHeapSize                              = 536870912                                 {product} {command line}
   size_t MaxMetaspaceSize                         = 402653184                                 {product} {command line}
   size_t MaxNewSize                               = 321912832                                 {product} {ergonomic}
   size_t MinHeapDeltaBytes                        = 1048576                                   {product} {ergonomic}
   size_t MinHeapSize                              = 268435456                                 {product} {command line}
    uintx NonNMethodCodeHeapSize                   = 5832780                                {pd product} {ergonomic}
    uintx NonProfiledCodeHeapSize                  = 122912730                              {pd product} {ergonomic}
    uintx ProfiledCodeHeapSize                     = 122912730                              {pd product} {ergonomic}
    uintx ReservedCodeCacheSize                    = 251658240                              {pd product} {ergonomic}
     bool SegmentedCodeCache                       = true                                      {product} {ergonomic}
   size_t SoftMaxHeapSize                          = 536870912                              {manageable} {ergonomic}
     bool UseCompressedOops                        = true                           {product lp64_product} {ergonomic}
     bool UseG1GC                                  = true                                      {product} {ergonomic}
     bool UseLargePagesIndividualAllocation        = false                                  {pd product} {ergonomic}

Logging:
Log output configuration:
 #0: stdout all=warning uptime,level,tags foldmultilines=false
 #1: stderr all=off uptime,level,tags foldmultilines=false

Environment Variables:
JAVA_HOME=C:\Program Files\Java\jdk-21
CLASSPATH=C:\Users\bayes\Downloads\Projet_classe_kata-main\\gradle\wrapper\gradle-wrapper.jar
PATH=C:\Program Files\Eclipse Adoptium\jdk-21.0.4.7-hotspot\bin;C:\Program Files\Common Files\Oracle\Java\javapath;C:\Windows\system32;C:\Windows;C:\Windows\System32\Wbem;C:\Windows\System32\WindowsPowerShell\v1.0\;C:\Windows\System32\OpenSSH\;C:\Program Files\Java\jdk-21;C:\Users\bayes\AppData\Local\Microsoft\WindowsApps;C:\Users\bayes\AppData\Local\Programs\Microsoft VS Code\bin;C:\Program Files\gradle-8.10.2\bin;
USERNAME=bayes
LANG=en_US.UTF-8
OS=Windows_NT
PROCESSOR_IDENTIFIER=Intel64 Family 6 Model 78 Stepping 3, GenuineIntel
TMP=C:\Users\bayes\AppData\Local\Temp
TEMP=C:\Users\bayes\AppData\Local\Temp




Periodic native trim disabled

---------------  S Y S T E M  ---------------

OS:
 Windows 10 , 64 bit Build 19041 (10.0.19041.2913)
OS uptime: 0 days 1:03 hours

CPU: total 4 (initial active 4) (2 cores per cpu, 2 threads per core) family 6 model 78 stepping 3 microcode 0xcc, cx8, cmov, fxsr, ht, mmx, 3dnowpref, sse, sse2, sse3, ssse3, sse4.1, sse4.2, popcnt, lzcnt, tsc, tscinvbit, avx, avx2, aes, erms, clmul, bmi1, bmi2, rtm, adx, fma, vzeroupper, clflush, clflushopt, rdtscp, f16c
Processor Information for processor 0
  Max Mhz: 2496, Current Mhz: 2396, Mhz Limit: 2396
Processor Information for processor 1
  Max Mhz: 2496, Current Mhz: 2396, Mhz Limit: 2396
Processor Information for processor 2
  Max Mhz: 2496, Current Mhz: 1497, Mhz Limit: 2396
Processor Information for processor 3
  Max Mhz: 2496, Current Mhz: 2396, Mhz Limit: 2396

Memory: 4k page, system-wide physical 7854M (2522M free)
TotalPageFile size 15790M (AvailPageFile size 8816M)
current process WorkingSet (physical memory assigned to process): 272M, peak: 272M
current process commit charge ("private bytes"): 426M, peak: 429M

vm_info: Java HotSpot(TM) 64-Bit Server VM (21.0.4+8-LTS-274) for windows-amd64 JRE (21.0.4+8-LTS-274), built on 2024-06-05T05:23:33Z by "mach5one" with MS VC++ 17.6 (VS2022)

END.
