#
# There is insufficient memory for the Java Runtime Environment to continue.
# Native memory allocation (mmap) failed to map 132120576 bytes for G1 virtual space
# Possible reasons:
#   The system is out of physical RAM or swap space
#   The process is running with CompressedOops enabled, and the Java Heap may be blocking the growth of the native heap
# Possible solutions:
#   Reduce memory load on the system
#   Increase physical memory or swap space
#   Check if swap backing store is full
#   Decrease Java heap size (-Xmx/-Xms)
#   Decrease number of Java threads
#   Decrease Java thread stack sizes (-Xss)
#   Set larger code cache with -XX:ReservedCodeCacheSize=
#   JVM is running with Unscaled Compressed Oops mode in which the Java heap is
#     placed in the first 4GB address space. The Java Heap base address is the
#     maximum limit for the native heap growth. Please use -XX:HeapBaseMinAddress
#     to set the Java Heap base and to place the Java Heap above 4GB virtual address.
# This output file may be truncated or incomplete.
#
#  Out of Memory Error (os_windows.cpp:3600), pid=12032, tid=1240
#
# JRE version:  (21.0.4+8) (build )
# Java VM: Java HotSpot(TM) 64-Bit Server VM (21.0.4+8-LTS-274, mixed mode, sharing, tiered, compressed oops, compressed class ptrs, g1 gc, windows-amd64)
# No core dump will be written. Minidumps are not enabled by default on client versions of Windows
#

---------------  S U M M A R Y ------------

Command Line: -Dorg.gradle.internal.worker.tmpdir=C:\Users\bayes\Projet_classe_kata\build\tmp\test\work -Dorg.gradle.native=false -javaagent:C:\Users\bayes\Projet_classe_kata\build\tmp\.cache\expanded\zip_0bd0851504e6286cb5fc6f37a81e25cc\jacocoagent.jar=destfile=build/jacoco/test.exec,append=true,inclnolocationclasses=false,dumponexit=true,output=file,jmx=false -Xmx512m -Dfile.encoding=UTF-8 -Duser.country=FR -Duser.language=fr -Duser.variant -ea worker.org.gradle.process.internal.worker.GradleWorkerMain 'Gradle Test Executor 6'

Host: Intel(R) Core(TM) i5-10310U CPU @ 1.70GHz, 8 cores, 7G,  Windows 11 , 64 bit Build 22621 (10.0.22621.4391)
Time: Sat Nov 30 13:03:15 2024 Paris, Madrid elapsed time: 0.021998 seconds (0d 0h 0m 0s)

---------------  T H R E A D  ---------------

Current thread (0x0000015f31283f50):  JavaThread "Unknown thread" [_thread_in_vm, id=1240, stack(0x0000001b66100000,0x0000001b66200000) (1024K)]

Stack: [0x0000001b66100000,0x0000001b66200000]
Native frames: (J=compiled Java code, j=interpreted, Vv=VM code, C=native code)
V  [jvm.dll+0x6c8e59]
V  [jvm.dll+0x853181]
V  [jvm.dll+0x8556ae]
V  [jvm.dll+0x855d83]
V  [jvm.dll+0x27d526]
V  [jvm.dll+0x6c55f5]
V  [jvm.dll+0x6ba17a]
V  [jvm.dll+0x352a8a]
V  [jvm.dll+0x35a6e6]
V  [jvm.dll+0x3acdae]
V  [jvm.dll+0x3ad058]
V  [jvm.dll+0x326dec]
V  [jvm.dll+0x32794b]
V  [jvm.dll+0x81c569]
V  [jvm.dll+0x3b9a11]
V  [jvm.dll+0x805948]
V  [jvm.dll+0x44ec5e]
V  [jvm.dll+0x450851]
C  [jli.dll+0x52a3]
C  [ucrtbase.dll+0x29333]
C  [KERNEL32.DLL+0x1259d]
C  [ntdll.dll+0x5af38]


---------------  P R O C E S S  ---------------

Threads class SMR info:
_java_thread_list=0x00007ffeaccb6c08, length=0, elements={
}

Java Threads: ( => current thread )
Total: 0

Other Threads:
  0x0000015f334262d0 WorkerThread "GC Thread#0"                     [id=19632, stack(0x0000001b66200000,0x0000001b66300000) (1024K)]
  0x0000015f3342b1b0 ConcurrentGCThread "G1 Main Marker"            [id=19776, stack(0x0000001b66300000,0x0000001b66400000) (1024K)]
  0x0000015f3342bd60 WorkerThread "G1 Conc#0"                       [id=16432, stack(0x0000001b66400000,0x0000001b66500000) (1024K)]

[error occurred during error reporting (printing all threads), id 0xc0000005, EXCEPTION_ACCESS_VIOLATION (0xc0000005) at pc=0x00007ffeac429577]
VM state: not at safepoint (not fully initialized)

VM Mutex/Monitor currently owned by a thread:  ([mutex/lock_event])
[0x00007ffeacd27f98] Heap_lock - owner thread: 0x0000015f31283f50

Heap address: 0x00000000e0000000, size: 512 MB, Compressed Oops mode: 32-bit

CDS archive(s) mapped at: [0x0000000000000000-0x0000000000000000-0x0000000000000000), size 0, SharedBaseAddress: 0x0000000800000000, ArchiveRelocationMode: 1.
Narrow klass base: 0x0000000000000000, Narrow klass shift: 0, Narrow klass range: 0x0

GC Precious Log:
 CardTable entry size: 512
 Card Set container configuration: InlinePtr #cards 5 size 8 Array Of Cards #cards 12 size 40 Howl #buckets 4 coarsen threshold 1843 Howl Bitmap #cards 512 size 80 coarsen threshold 460 Card regions per heap region 1 cards per card region 2048

Heap:
 garbage-first heap   total 0K, used 0K [0x00000000e0000000, 0x0000000100000000)
  region size 1024K, 0 young (0K), 0 survivors (0K)

[error occurred during error reporting (printing heap information), id 0xc0000005, EXCEPTION_ACCESS_VIOLATION (0xc0000005) at pc=0x00007ffeac811df9]
GC Heap History (0 events):
No events

Dll operation events (1 events):
Event: 0.014 Loaded shared library C:\Program Files\Java\jdk-21\bin\java.dll

Deoptimization events (0 events):
No events

Classes loaded (0 events):
No events

Classes unloaded (0 events):
No events

Classes redefined (0 events):
No events

Internal exceptions (0 events):
No events

ZGC Phase Switch (0 events):
No events

VM Operations (0 events):
No events

Events (0 events):
No events


Dynamic libraries:
0x00007ff62a9b0000 - 0x00007ff62a9c0000 	C:\Program Files\Java\jdk-21\bin\java.exe
0x00007fff382b0000 - 0x00007fff384c7000 	C:\WINDOWS\SYSTEM32\ntdll.dll
0x00007fff36c40000 - 0x00007fff36d04000 	C:\WINDOWS\System32\KERNEL32.DLL
0x00007fff35630000 - 0x00007fff359e9000 	C:\WINDOWS\System32\KERNELBASE.dll
0x00007fff35d40000 - 0x00007fff35e51000 	C:\WINDOWS\System32\ucrtbase.dll
0x00007fff22980000 - 0x00007fff22999000 	C:\Program Files\Java\jdk-21\bin\jli.dll
0x00007ffeeed20000 - 0x00007ffeeed3b000 	C:\Program Files\Java\jdk-21\bin\VCRUNTIME140.dll
0x00007fff37440000 - 0x00007fff374f2000 	C:\WINDOWS\System32\ADVAPI32.dll
0x00007fff366d0000 - 0x00007fff36777000 	C:\WINDOWS\System32\msvcrt.dll
0x00007fff36270000 - 0x00007fff36317000 	C:\WINDOWS\System32\sechost.dll
0x00007fff35c40000 - 0x00007fff35c68000 	C:\WINDOWS\System32\bcrypt.dll
0x00007fff36950000 - 0x00007fff36a64000 	C:\WINDOWS\System32\RPCRT4.dll
0x00007fff377e0000 - 0x00007fff3798e000 	C:\WINDOWS\System32\USER32.dll
0x00007fff1e840000 - 0x00007fff1ead2000 	C:\WINDOWS\WinSxS\amd64_microsoft.windows.common-controls_6595b64144ccf1df_6.0.22621.4391_none_2715d37f73803e96\COMCTL32.dll
0x00007fff35d10000 - 0x00007fff35d36000 	C:\WINDOWS\System32\win32u.dll
0x00007fff37560000 - 0x00007fff37589000 	C:\WINDOWS\System32\GDI32.dll
0x00007fff359f0000 - 0x00007fff35b0b000 	C:\WINDOWS\System32\gdi32full.dll
0x00007fff35c70000 - 0x00007fff35d0a000 	C:\WINDOWS\System32\msvcp_win.dll
0x00007fff23de0000 - 0x00007fff23dea000 	C:\WINDOWS\SYSTEM32\VERSION.dll
0x00007fff376a0000 - 0x00007fff376d1000 	C:\WINDOWS\System32\IMM32.DLL
0x00007fff22b00000 - 0x00007fff22b0c000 	C:\Program Files\Java\jdk-21\bin\vcruntime140_1.dll
0x00007ffed4650000 - 0x00007ffed46de000 	C:\Program Files\Java\jdk-21\bin\msvcp140.dll
0x00007ffeac0f0000 - 0x00007ffeace03000 	C:\Program Files\Java\jdk-21\bin\server\jvm.dll
0x00007fff37190000 - 0x00007fff37201000 	C:\WINDOWS\System32\WS2_32.dll
0x00007fff35220000 - 0x00007fff3526d000 	C:\WINDOWS\SYSTEM32\POWRPROF.dll
0x00007fff289b0000 - 0x00007fff289e4000 	C:\WINDOWS\SYSTEM32\WINMM.dll
0x00007fff35200000 - 0x00007fff35213000 	C:\WINDOWS\SYSTEM32\UMPDC.dll
0x00007fff345b0000 - 0x00007fff345c8000 	C:\WINDOWS\SYSTEM32\kernel.appcore.dll
0x00007fff211f0000 - 0x00007fff211fa000 	C:\Program Files\Java\jdk-21\bin\jimage.dll
0x00007fff2fe00000 - 0x00007fff30032000 	C:\WINDOWS\SYSTEM32\DBGHELP.DLL
0x00007fff36340000 - 0x00007fff366cf000 	C:\WINDOWS\System32\combase.dll
0x00007fff35fd0000 - 0x00007fff360a7000 	C:\WINDOWS\System32\OLEAUT32.dll
0x00007fff0a480000 - 0x00007fff0a4b2000 	C:\WINDOWS\SYSTEM32\dbgcore.DLL
0x00007fff355b0000 - 0x00007fff3562b000 	C:\WINDOWS\System32\bcryptPrimitives.dll
0x00007fff295a0000 - 0x00007fff295af000 	C:\Program Files\Java\jdk-21\bin\instrument.dll
0x00007ffeee760000 - 0x00007ffeee77f000 	C:\Program Files\Java\jdk-21\bin\java.dll

dbghelp: loaded successfully - version: 4.0.5 - missing functions: none
symbol engine: initialized successfully - sym options: 0x614 - pdb path: .;C:\Program Files\Java\jdk-21\bin;C:\WINDOWS\SYSTEM32;C:\WINDOWS\WinSxS\amd64_microsoft.windows.common-controls_6595b64144ccf1df_6.0.22621.4391_none_2715d37f73803e96;C:\Program Files\Java\jdk-21\bin\server

VM Arguments:
jvm_args: -Dorg.gradle.internal.worker.tmpdir=C:\Users\bayes\Projet_classe_kata\build\tmp\test\work -Dorg.gradle.native=false -javaagent:C:\Users\bayes\Projet_classe_kata\build\tmp\.cache\expanded\zip_0bd0851504e6286cb5fc6f37a81e25cc\jacocoagent.jar=destfile=build/jacoco/test.exec,append=true,inclnolocationclasses=false,dumponexit=true,output=file,jmx=false -Xmx512m -Dfile.encoding=UTF-8 -Duser.country=FR -Duser.language=fr -Duser.variant -ea 
java_command: worker.org.gradle.process.internal.worker.GradleWorkerMain 'Gradle Test Executor 6'
java_class_path (initial): C:\\Users\\bayes\\.gradle\\caches\\8.5\\workerMain\\gradle-worker.jar;C:\\Users\\bayes\\Projet_classe_kata\\build\\classes\\java\\test;C:\\Users\\bayes\\Projet_classe_kata\\build\\classes\\java\\main;C:\\Users\\bayes\\.gradle\\caches\\modules-2\\files-2.1\\org.hamcrest\\hamcrest\\2.2\\1820c0968dba3a11a1b30669bb1f01978a91dedc\\hamcrest-2.2.jar;C:\\Users\\bayes\\.gradle\\caches\\modules-2\\files-2.1\\org.freemarker\\freemarker\\2.3.30\\86d70d335c7821178f62b554aa3a4bc538a94f1a\\freemarker-2.3.30.jar;C:\\Users\\bayes\\.gradle\\caches\\modules-2\\files-2.1\\org.junit.platform\\junit-platform-launcher\\1.10.0\\89a1922534ed102be1fb2a8c0b2c6151297a12bf\\junit-platform-launcher-1.10.0.jar;C:\\Users\\bayes\\.gradle\\caches\\modules-2\\files-2.1\\org.junit.jupiter\\junit-jupiter-engine\\5.10.0\\90587932d718fc51a48112d33045a18476c542ad\\junit-jupiter-engine-5.10.0.jar;C:\\Users\\bayes\\.gradle\\caches\\modules-2\\files-2.1\\org.junit.jupiter\\junit-jupiter-api\\5.10.0\\2fe4ba3d31d5067878e468c96aa039005a9134d3\\junit-jupiter-api-5.10.0.jar;C:\\Users\\bayes\\.gradle\\caches\\modules-2\\files-2.1\\org.junit.platform\\junit-platform-engine\\1.10.0\\276c4edcf64fabb5a139fa7b4f99330d7a93b804\\junit-platform-engine-1.10.0.jar;C:\\Users\\bayes\\.gradle\\caches\\modules-2\\files-2.1\\org.junit.platform\\junit-platform-commons\\1.10.0\\d533ff2c286eaf963566f92baf5f8a06628d2609\\junit-platform-commons-1.10.0.jar;C:\\Users\\bayes\\.gradle\\caches\\modules-2\\files-2.1\\org.pitest\\pitest-junit5-plugin\\1.1.1\\4e614fe1c046cfa1980d84326e2b1bb6c981cdca\\pitest-junit5-plugin-1.1.1.jar;C:\\Users\\bayes\\.gradle\\caches\\modules-2\\files-2.1\\com.approvaltests\\approvaltests\\15.6.0\\b8a1e958f13be5f5c19ba14fa599283acb59bed1\\approvaltests-15.6.0.jar;C:\\Users\\bayes\\.gradle\\caches\\modules-2\\files-2.1\\com.approvaltests\\approvaltests-util\\15.6.0\\f8f896c050cc6e6a5c6b3d9febb677057ee0e31c\\approvaltests-util-15.6.0.jar;C:\\Users\\bayes\\.gradle\\caches\\modules-2\\files-2.1\\org.opentest4j\\opentest4j\\1.3.0\\152ea56b3a72f655d4fd677fc0ef2596c3dd5e6e\\opentest4j-1.3.0.jar;C:\\Users\\bayes\\.gradle\\caches\\modules-2\\files-2.1\\com.sun.mail\\javax.mail\\1.6.2\\935151eb71beff17a2ffac15dd80184a99a0514f\\javax.mail-1.6.2.jar;C:\\Users\\bayes\\.gradle\\caches\\modules-2\\files-2.1\\org.apache.commons\\commons-lang3\\3.12.0\\c6842c86792ff03b9f1d1fe2aab8dc23aa6c6f0e\\commons-lang3-3.12.0.jar;C:\\Users\\bayes\\.gradle\\caches\\modules-2\\files-2.1\\javax.activation\\activation\\1.1\\e6cb541461c2834bdea3eb920f1884d1eb508b50\\activation-1.1.jar
Launcher Type: SUN_STANDARD

[Global flags]
     intx CICompilerCount                          = 4                                         {product} {ergonomic}
     uint ConcGCThreads                            = 2                                         {product} {ergonomic}
     uint G1ConcRefinementThreads                  = 8                                         {product} {ergonomic}
   size_t G1HeapRegionSize                         = 1048576                                   {product} {ergonomic}
    uintx GCDrainStackTargetSize                   = 64                                        {product} {ergonomic}
   size_t InitialHeapSize                          = 132120576                                 {product} {ergonomic}
   size_t MarkStackSize                            = 4194304                                   {product} {ergonomic}
   size_t MaxHeapSize                              = 536870912                                 {product} {command line}
   size_t MinHeapDeltaBytes                        = 1048576                                   {product} {ergonomic}
   size_t MinHeapSize                              = 8388608                                   {product} {ergonomic}
    uintx NonNMethodCodeHeapSize                   = 5839372                                {pd product} {ergonomic}
    uintx NonProfiledCodeHeapSize                  = 122909434                              {pd product} {ergonomic}
    uintx ProfiledCodeHeapSize                     = 122909434                              {pd product} {ergonomic}
    uintx ReservedCodeCacheSize                    = 251658240                              {pd product} {ergonomic}
     bool SegmentedCodeCache                       = true                                      {product} {ergonomic}
   size_t SoftMaxHeapSize                          = 536870912                              {manageable} {ergonomic}
     bool UseCompressedOops                        = true                           {product lp64_product} {ergonomic}
     bool UseG1GC                                  = true                                      {product} {ergonomic}
     bool UseLargePagesIndividualAllocation        = false                                  {pd product} {ergonomic}

Logging:
Log output configuration:
 #0: stdout all=warning uptime,level,tags foldmultilines=false
 #1: stderr all=off uptime,level,tags foldmultilines=false

Environment Variables:
CLASSPATH=C:\Users\bayes\Projet_classe_kata\\gradle\wrapper\gradle-wrapper.jar
PATH=C:\Program Files\Common Files\Oracle\Java\javapath;C:\WINDOWS\system32;C:\WINDOWS;C:\WINDOWS\System32\Wbem;C:\WINDOWS\System32\WindowsPowerShell\v1.0\;C:\WINDOWS\System32\OpenSSH\;C:\Program Files\Git\cmd;C:\Program Files\Java\jdk-21\bin;C:\Program Files\OpenSSL-Win64\bin;;C:\Program Files\Docker\Docker\resources\bin;C:\Users\bayes\AppData\Local\Programs\Python\Python313\Scripts\;C:\Users\bayes\AppData\Local\Programs\Python\Python313\;C:\Users\bayes\AppData\Local\Programs\Python\Launcher\;C:\Users\bayes\AppData\Local\Microsoft\WindowsApps;C:\Users\bayes\AppData\Local\Programs\Microsoft VS Code\bin;C:\Program Files\Java\jdk-21\bin;C:\Program Files\Git\bin;C:\Program Files\OpenSSL-Win64\bin;
USERNAME=bayes
LANG=en_US.UTF-8
OS=Windows_NT
PROCESSOR_IDENTIFIER=Intel64 Family 6 Model 142 Stepping 12, GenuineIntel
TMP=C:\Users\bayes\AppData\Local\Temp
TEMP=C:\Users\bayes\AppData\Local\Temp




Periodic native trim disabled

---------------  S Y S T E M  ---------------

OS:
 Windows 11 , 64 bit Build 22621 (10.0.22621.4391)
OS uptime: 10 days 0:09 hours
Hyper-V role detected

CPU: total 8 (initial active 8) (4 cores per cpu, 2 threads per core) family 6 model 142 stepping 12 microcode 0xf8, cx8, cmov, fxsr, ht, mmx, 3dnowpref, sse, sse2, sse3, ssse3, sse4.1, sse4.2, popcnt, lzcnt, tsc, tscinvbit, avx, avx2, aes, erms, clmul, bmi1, bmi2, adx, fma, vzeroupper, clflush, clflushopt, hv, rdtscp, f16c
Processor Information for all 8 processors :
  Max Mhz: 2208, Current Mhz: 1706, Mhz Limit: 1700

Memory: 4k page, system-wide physical 7952M (20M free)
TotalPageFile size 32528M (AvailPageFile size 94M)
current process WorkingSet (physical memory assigned to process): 11M, peak: 11M
current process commit charge ("private bytes"): 59M, peak: 185M

vm_info: Java HotSpot(TM) 64-Bit Server VM (21.0.4+8-LTS-274) for windows-amd64 JRE (21.0.4+8-LTS-274), built on 2024-06-05T05:23:33Z by "mach5one" with MS VC++ 17.6 (VS2022)

END.
