#
# A fatal error has been detected by the Java Runtime Environment:
#
#  EXCEPTION_ACCESS_VIOLATION (0xc0000005) at pc=0x0000000000000000, pid=13188, tid=8784
#
# JRE version: OpenJDK Runtime Environment Temurin-17.0.12+7 (17.0.12+7) (build 17.0.12+7)
# Java VM: OpenJDK 64-Bit Server VM Temurin-17.0.12+7 (17.0.12+7, mixed mode, tiered, compressed oops, compressed class ptrs, parallel gc, windows-amd64)
# Problematic frame:
# V  [jvm.dll+0x59ec62]
#
# No core dump will be written. Minidumps are not enabled by default on client versions of Windows
#
# If you would like to submit a bug report, please visit:
#   https://github.com/adoptium/adoptium-support/issues
#

---------------  S U M M A R Y ------------

Command Line: --add-modules=ALL-SYSTEM --add-opens=java.base/java.util=ALL-UNNAMED --add-opens=java.base/java.lang=ALL-UNNAMED --add-opens=java.base/sun.nio.fs=ALL-UNNAMED -Declipse.application=org.eclipse.jdt.ls.core.id1 -Dosgi.bundles.defaultStartLevel=4 -Declipse.product=org.eclipse.jdt.ls.core.product -Djava.import.generatesMetadataFilesAtProjectRoot=false -DDetectVMInstallationsJob.disabled=true -Dfile.encoding=utf8 -XX:+UseParallelGC -XX:GCTimeRatio=4 -XX:AdaptiveSizePolicyWeight=90 -Dsun.zip.disableMemoryMapping=true -Xmx1G -Xms100m -Xlog:disable -javaagent:c:\Users\bayes\.vscode\extensions\redhat.java-1.35.0-win32-x64\lombok\lombok-1.18.33.jar -XX:+HeapDumpOnOutOfMemoryError -XX:HeapDumpPath=c:\Users\bayes\AppData\Roaming\Code\User\workspaceStorage\168498a9360cd755819b0a706d5edd1a\redhat.java -Daether.dependencyCollector.impl=bf c:\Users\bayes\.vscode\extensions\redhat.java-1.35.0-win32-x64\server\plugins\org.eclipse.equinox.launcher_1.6.900.v20240613-2009.jar -configuration c:\Users\bayes\AppData\Roaming\Code\User\globalStorage\redhat.java\1.35.0\config_win -data c:\Users\bayes\AppData\Roaming\Code\User\workspaceStorage\168498a9360cd755819b0a706d5edd1a\redhat.java\jdt_ws --pipe=\\.\pipe\lsp-29d74900be397b3d3ca567bcc349afc7-sock

Host: Intel(R) Core(TM) i5-6300U CPU @ 2.40GHz, 4 cores, 7G,  Windows 10 , 64 bit Build 19041 (10.0.19041.2913)
Time: Sat Sep 28 14:16:56 2024 Paris, Madrid (heure duild 19041 (10.0.19041.2913) elapsed time: 92.259898 seconds (0d 0h 1m 32s)

---------------  T H R E A D  ---------------

Current thread (0x0000022abc57a330):  JavaThread "C2 CompilerThread1" daemon [_thread_in_native, id=8784, stack(0x0000009f09100000,0x0000009f09200000)]


Current CompileTask:
C2:  92260 14828       4       org.eclipse.jdt.internal.compiler.lookup.LookupEnvironment::getTypeFromTypeSignature (770 bytes)

Stack: [0x0000009f09100000,0x0000009f09200000],  sp=0x0000009f091fbc60,  free space=1007k
Native frames: (J=compiled Java code, j=interpreted, Vv=VM code, C=native code)


siginfo: EXCEPTION_ACCESS_VIOLATION (0xc0000005), data execution prevention violation at address 0x0000000000000000


Registers:
RAX=0x00007fff030bbe48, RBX=0x0000022ace4d9368, RCX=0x0000022ace4d1428, RDX=0x0000000000000001
RSP=0x0000009f091fbc58, RBP=0x0000000000000001, RSI=0x0000000000000001, RDI=0x0000000000000002
R8 =0x00000000ffffffff, R9 =0x0000000000000000, R10=0x0000000000000000, R11=0x3333333333333333
R12=0x0000000000000001, R13=0x0000000000000008, R14=0x0000022ace4d9368, R15=0x00007fff0304c2e0
RIP=0x0000000000000000, EFLAGS=0x0000000000010202


Register to memory mapping:

RIP=0x0 is NULL
RAX=0x00007fff030bbe48 jvm.dll
RBX=0x0000022ace4d9368 points into unknown readable memory: 0x00007fff02e175c8 | c8 75 e1 02 ff 7f 00 00
RCX=0x0000022ace4d1428 points into unknown readable memory: 0x00007fff030bbe48 | 48 be 0b 03 ff 7f 00 00
RDX=0x0000000000000001 is an unknown value
RSP=0x0000009f091fbc58 is pointing into the stack for thread: 0x0000022abc57a330
RBP=0x0000000000000001 is an unknown value
RSI=0x0000000000000001 is an unknown value
RDI=0x0000000000000002 is an unknown value
R8 =0x00000000ffffffff is an unallocated location in the heap
R9 =0x0 is NULL
R10=0x0 is NULL
R11=0x3333333333333333 is an unknown value
R12=0x0000000000000001 is an unknown value
R13=0x0000000000000008 is an unknown value
R14=0x0000022ace4d9368 points into unknown readable memory: 0x00007fff02e175c8 | c8 75 e1 02 ff 7f 00 00
R15=0x00007fff0304c2e0 jvm.dll


Top of Stack: (sp=0x0000009f091fbc58)
0x0000009f091fbc58:   00007fff02acec62 0000022ac9381be8
0x0000009f091fbc68:   0000009f091fbe10 00007fff0304c040
0x0000009f091fbc78:   0000022abf7ed0e8 0000009f091fbe10
0x0000009f091fbc88:   00007fff026efe1f 0000022ac9383ec0
0x0000009f091fbc98:   0000022ace4d9368 0000000000000115
0x0000009f091fbca8:   0000022abf5320c8 0000002c00000003
0x0000009f091fbcb8:   00007fff00000002 0000022abf5320c8
0x0000009f091fbcc8:   0000000000000188 0000000000000000
0x0000009f091fbcd8:   0000000000000000 00000000002174e0
0x0000009f091fbce8:   0000000000000000 0000022abacaab70
0x0000009f091fbcf8:   0000022abacaaf58 0000022abacaab80
0x0000009f091fbd08:   0000009f091fbe30 0000009f091fc200
0x0000009f091fbd18:   00000000000003d8 00000000000030ab
0x0000009f091fbd28:   00007fff0286199b 0000009f091fbe10
0x0000009f091fbd38:   0000009f091fbe00 0000000000000301
0x0000009f091fbd48:   00000000ffffffff 000000007fffff01
0x0000009f091fbd58:   0000000000000000 0000000000000001
0x0000009f091fbd68:   0000022a9f740000 0000000005000401
0x0000009f091fbd78:   0000000000000006 0000022abacaab70
0x0000009f091fbd88:   0000022abf591e50 0000022abf592c28
0x0000009f091fbd98:   0000022abf599e38 00000000008b4cb0
0x0000009f091fbda8:   0000022abf7a2000 0000022abf7ae260
0x0000009f091fbdb8:   0000022abf7a2010 0000022abe336db0
0x0000009f091fbdc8:   0000000000000200 0000022abb9b0520
0x0000009f091fbdd8:   00007fff00000200 0000022abe336db0
0x0000009f091fbde8:   0000022ace7e87f0 000000000027bc00
0x0000009f091fbdf8:   00007fff61b630ce 0000000000000000
0x0000009f091fbe08:   0000000000000000 00007fff02e63c68
0x0000009f091fbe18:   0000000000000009 0000009f091febf0
0x0000009f091fbe28:   0000000000000000 0000000000000000
0x0000009f091fbe38:   00007fff00000002 0000022ac8db12b0
0x0000009f091fbe48:   0000000000000002 0000022abe336db0 

Instructions: (pc=0x00007fff02acec62)
0x00007fff02aceb62:   00 80 3c 18 00 75 05 e8 ba 42 2f 00 b8 20 00 00
0x00007fff02aceb72:   00 48 8b cf 48 8b 04 18 48 8b 90 e0 04 00 00 48
0x00007fff02aceb82:   8b 07 48 8b 9a 80 00 00 00 ff 50 68 8b c0 48 8d
0x00007fff02aceb92:   0c c5 18 0b 00 00 48 8b 83 58 08 00 00 48 8b 5c
0x00007fff02aceba2:   24 30 48 8b 04 01 48 83 c4 20 5f c3 cc cc 48 89
0x00007fff02acebb2:   5c 24 18 48 89 6c 24 20 56 48 83 ec 20 48 8b 01
0x00007fff02acebc2:   8b ea 48 8b d9 ff 90 c8 00 00 00 8b f0 3b e8 73
0x00007fff02acebd2:   58 65 48 8b 04 25 58 00 00 00 8b 0d 16 c4 62 00
0x00007fff02acebe2:   48 8b 1c c8 b8 50 00 00 00 80 3c 18 00 75 05 e8
0x00007fff02acebf2:   32 42 2f 00 b8 20 00 00 00 48 8b 04 18 48 8b 88
0x00007fff02acec02:   e0 04 00 00 48 8b 81 80 00 00 00 48 8b 80 58 08
0x00007fff02acec12:   00 00 48 8b 80 b8 0a 00 00 48 8b 5c 24 40 48 8b
0x00007fff02acec22:   6c 24 48 48 83 c4 20 5e c3 48 8b 43 40 48 89 7c
0x00007fff02acec32:   24 30 bf 01 00 00 00 4c 89 74 24 38 48 8b 48 08
0x00007fff02acec42:   48 8b 01 ff 50 08 8d 0c 30 3b e9 72 1a 90 48 8b
0x00007fff02acec52:   43 40 8b f1 ff c7 48 8b 0c f8 48 8b 01 ff 50 08
0x00007fff02acec62:   8d 0c 30 3b e9 73 e7 48 8b 03 48 8b cb ff 90 e8
0x00007fff02acec72:   00 00 00 4c 8b f0 48 85 c0 74 10 48 8b 13 48 8b
0x00007fff02acec82:   cb ff 92 b0 00 00 00 3b f8 74 17 48 8b 43 40 2b
0x00007fff02acec92:   ee 8b cf 8b d5 48 8b 0c c8 48 8b 01 ff 50 10 4c
0x00007fff02aceca2:   8b f0 48 8b 7c 24 30 49 8b c6 4c 8b 74 24 38 48
0x00007fff02acecb2:   8b 5c 24 40 48 8b 6c 24 48 48 83 c4 20 5e c3 cc
0x00007fff02acecc2:   cc cc cc cc cc cc cc cc cc cc cc cc cc cc 85 d2
0x00007fff02acecd2:   75 08 48 8d 05 45 5e 59 00 c3 48 8b 41 08 48 8b
0x00007fff02acece2:   48 08 48 8b 01 48 ff 60 78 cc cc cc cc cc 48 83
0x00007fff02acecf2:   ec 28 ba 50 00 00 00 48 8d 0d f0 c3 3f 00 e8 8b
0x00007fff02aced02:   94 ca ff e8 26 07 0e 00 33 c0 48 83 c4 28 c3 cc
0x00007fff02aced12:   cc cc cc cc cc cc cc cc cc cc cc cc cc cc 8b c2
0x00007fff02aced22:   48 8d 04 40 48 c1 e0 05 48 03 41 48 c3 cc 48 89
0x00007fff02aced32:   5c 24 08 57 48 83 ec 20 8b fa 48 8b d9 83 fa 05
0x00007fff02aced42:   73 17 48 8d 04 7f 48 c1 e0 05 48 03 41 48 48 8b
0x00007fff02aced52:   5c 24 30 48 83 c4 20 5f c3 75 27 48 8b 01 ff 90 


Stack slot to memory mapping:
stack at sp + 0 slots: 0x0000022ac9381be8 points into unknown readable memory: 0x0000000005555455 | 55 54 55 05 00 00 00 00
stack at sp + 1 slots: 0x0000009f091fbe10 is pointing into the stack for thread: 0x0000022abc57a330
stack at sp + 2 slots: 0x00007fff0304c040 jvm.dll
stack at sp + 3 slots: 0x0000022abf7ed0e8 points into unknown readable memory: 0x00007fff02decd68 | 68 cd de 02 ff 7f 00 00
stack at sp + 4 slots: 0x0000009f091fbe10 is pointing into the stack for thread: 0x0000022abc57a330
stack at sp + 5 slots: 0x00007fff026efe1f jvm.dll
stack at sp + 6 slots: 0x0000022ac9383ec0 points into unknown readable memory: 0x0000000000000000 | 00 00 00 00 00 00 00 00
stack at sp + 7 slots: 0x0000022ace4d9368 points into unknown readable memory: 0x00007fff02e175c8 | c8 75 e1 02 ff 7f 00 00


---------------  P R O C E S S  ---------------

Threads class SMR info:
_java_thread_list=0x0000022abf3e7270, length=45, elements={
0x0000022aa1957ad0, 0x0000022ab57910d0, 0x0000022ab57965f0, 0x0000022ab57c6c80,
0x0000022ab57c7a10, 0x0000022ab57c87a0, 0x0000022ab57ca280, 0x0000022ab57cce90,
0x0000022ab57fe6b0, 0x0000022aba9e3710, 0x0000022aa1a16780, 0x0000022abacd47e0,
0x0000022abb6116c0, 0x0000022abb0b3aa0, 0x0000022abb3a32a0, 0x0000022abb894390,
0x0000022abb91b630, 0x0000022abb9d2570, 0x0000022abb9d2060, 0x0000022abb9d4df0,
0x0000022abb9d2f90, 0x0000022abb9d5300, 0x0000022abb9d5810, 0x0000022abb9d3ec0,
0x0000022abb9d43d0, 0x0000022abc3308d0, 0x0000022abc332730, 0x0000022abc334fb0,
0x0000022abc3359d0, 0x0000022abc337320, 0x0000022abc337830, 0x0000022abc332c40,
0x0000022abc3354c0, 0x0000022abc333150, 0x0000022abc338250, 0x0000022abc334590,
0x0000022abc336e10, 0x0000022abb9d48e0, 0x0000022abd0a93d0, 0x0000022abd0ab230,
0x0000022abd0ad5a0, 0x0000022abd0a9df0, 0x0000022abd0abc50, 0x0000022abd0adfc0,
0x0000022abc57a330
}

Java Threads: ( => current thread )
  0x0000022aa1957ad0 JavaThread "main" [_thread_blocked, id=1392, stack(0x0000009f09300000,0x0000009f09400000)]
  0x0000022ab57910d0 JavaThread "Reference Handler" daemon [_thread_blocked, id=9888, stack(0x0000009f09600000,0x0000009f09700000)]
  0x0000022ab57965f0 JavaThread "Finalizer" daemon [_thread_blocked, id=13056, stack(0x0000009f09700000,0x0000009f09800000)]
  0x0000022ab57c6c80 JavaThread "Signal Dispatcher" daemon [_thread_blocked, id=7068, stack(0x0000009f09800000,0x0000009f09900000)]
  0x0000022ab57c7a10 JavaThread "Attach Listener" daemon [_thread_blocked, id=6404, stack(0x0000009f09900000,0x0000009f09a00000)]
  0x0000022ab57c87a0 JavaThread "Service Thread" daemon [_thread_blocked, id=6228, stack(0x0000009f09a00000,0x0000009f09b00000)]
  0x0000022ab57ca280 JavaThread "Monitor Deflation Thread" daemon [_thread_blocked, id=13756, stack(0x0000009f09b00000,0x0000009f09c00000)]
  0x0000022ab57cce90 JavaThread "C2 CompilerThread0" daemon [_thread_in_native, id=3344, stack(0x0000009f09c00000,0x0000009f09d00000)]
  0x0000022ab57fe6b0 JavaThread "C1 CompilerThread0" daemon [_thread_blocked, id=9056, stack(0x0000009f09d00000,0x0000009f09e00000)]
  0x0000022aba9e3710 JavaThread "Sweeper thread" daemon [_thread_blocked, id=5728, stack(0x0000009f09e00000,0x0000009f09f00000)]
  0x0000022aa1a16780 JavaThread "Common-Cleaner" daemon [_thread_blocked, id=4380, stack(0x0000009f09f00000,0x0000009f0a000000)]
  0x0000022abacd47e0 JavaThread "Notification Thread" daemon [_thread_blocked, id=10080, stack(0x0000009f0a100000,0x0000009f0a200000)]
  0x0000022abb6116c0 JavaThread "Active Thread: Equinox Container: 95edcea5-b78f-4dbe-91cd-9204441dd41f" [_thread_blocked, id=4516, stack(0x0000009f0a600000,0x0000009f0a700000)]
  0x0000022abb0b3aa0 JavaThread "Framework Event Dispatcher: Equinox Container: 95edcea5-b78f-4dbe-91cd-9204441dd41f" daemon [_thread_blocked, id=10204, stack(0x0000009f0a500000,0x0000009f0a600000)]
  0x0000022abb3a32a0 JavaThread "Start Level: Equinox Container: 95edcea5-b78f-4dbe-91cd-9204441dd41f" daemon [_thread_blocked, id=2332, stack(0x0000009f0a700000,0x0000009f0a800000)]
  0x0000022abb894390 JavaThread "Bundle File Closer" daemon [_thread_blocked, id=2772, stack(0x0000009f0a900000,0x0000009f0aa00000)]
  0x0000022abb91b630 JavaThread "SCR Component Actor" daemon [_thread_blocked, id=12448, stack(0x0000009f0aa00000,0x0000009f0ab00000)]
  0x0000022abb9d2570 JavaThread "Worker-JM" [_thread_blocked, id=7268, stack(0x0000009f0ab00000,0x0000009f0ac00000)]
  0x0000022abb9d2060 JavaThread "JNA Cleaner" daemon [_thread_blocked, id=13984, stack(0x0000009f0ac00000,0x0000009f0ad00000)]
  0x0000022abb9d4df0 JavaThread "Worker-0" [_thread_blocked, id=14052, stack(0x0000009f0ad00000,0x0000009f0ae00000)]
  0x0000022abb9d2f90 JavaThread "Worker-1" [_thread_blocked, id=14132, stack(0x0000009f0ae00000,0x0000009f0af00000)]
  0x0000022abb9d5300 JavaThread "Worker-2" [_thread_blocked, id=13284, stack(0x0000009f0af00000,0x0000009f0b000000)]
  0x0000022abb9d5810 JavaThread "Worker-3" [_thread_blocked, id=2352, stack(0x0000009f0b100000,0x0000009f0b200000)]
  0x0000022abb9d3ec0 JavaThread "Java indexing" daemon [_thread_blocked, id=14216, stack(0x0000009f0b000000,0x0000009f0b100000)]
  0x0000022abb9d43d0 JavaThread "Worker-4" [_thread_blocked, id=3816, stack(0x0000009f0b300000,0x0000009f0b400000)]
  0x0000022abc3308d0 JavaThread "Thread-2" daemon [_thread_in_native, id=744, stack(0x0000009f0b500000,0x0000009f0b600000)]
  0x0000022abc332730 JavaThread "Thread-3" daemon [_thread_in_native, id=7680, stack(0x0000009f0b600000,0x0000009f0b700000)]
  0x0000022abc334fb0 JavaThread "Thread-4" daemon [_thread_in_native, id=12852, stack(0x0000009f0b700000,0x0000009f0b800000)]
  0x0000022abc3359d0 JavaThread "Thread-5" daemon [_thread_in_native, id=10072, stack(0x0000009f0b800000,0x0000009f0b900000)]
  0x0000022abc337320 JavaThread "Thread-6" daemon [_thread_in_native, id=13688, stack(0x0000009f0b900000,0x0000009f0ba00000)]
  0x0000022abc337830 JavaThread "pool-2-thread-1" [_thread_blocked, id=14004, stack(0x0000009f0ba00000,0x0000009f0bb00000)]
  0x0000022abc332c40 JavaThread "WorkspaceEventsHandler" [_thread_blocked, id=9168, stack(0x0000009f0bb00000,0x0000009f0bc00000)]
  0x0000022abc3354c0 JavaThread "pool-1-thread-1" [_thread_blocked, id=11012, stack(0x0000009f0bc00000,0x0000009f0bd00000)]
  0x0000022abc333150 JavaThread "Timer-0" [_thread_blocked, id=12920, stack(0x0000009f0bd00000,0x0000009f0be00000)]
  0x0000022abc338250 JavaThread "Timer-1" [_thread_blocked, id=13824, stack(0x0000009f0be00000,0x0000009f0bf00000)]
  0x0000022abc334590 JavaThread "Compiler Source File Reader" daemon [_thread_blocked, id=10300, stack(0x0000009f0c100000,0x0000009f0c200000)]
  0x0000022abc336e10 JavaThread "Compiler Source File Reader" daemon [_thread_blocked, id=7456, stack(0x0000009f0c300000,0x0000009f0c400000)]
  0x0000022abb9d48e0 JavaThread "Compiler Processing Task" daemon [_thread_blocked, id=13060, stack(0x0000009f0c500000,0x0000009f0c600000)]
  0x0000022abd0a93d0 JavaThread "ForkJoinPool.commonPool-worker-1" daemon [_thread_blocked, id=9252, stack(0x0000009f0c600000,0x0000009f0c700000)]
  0x0000022abd0ab230 JavaThread "ForkJoinPool.commonPool-worker-2" daemon [_thread_blocked, id=11612, stack(0x0000009f0c700000,0x0000009f0c800000)]
  0x0000022abd0ad5a0 JavaThread "ForkJoinPool.commonPool-worker-3" daemon [_thread_blocked, id=11204, stack(0x0000009f0c800000,0x0000009f0c900000)]
  0x0000022abd0a9df0 JavaThread "Worker-5" [_thread_blocked, id=8464, stack(0x0000009f0ca00000,0x0000009f0cb00000)]
  0x0000022abd0abc50 JavaThread "pool-1-thread-2" [_thread_blocked, id=1840, stack(0x0000009f0c900000,0x0000009f0ca00000)]
  0x0000022abd0adfc0 JavaThread "Cleaner-0" daemon [_thread_blocked, id=4752, stack(0x0000009f0cb00000,0x0000009f0cc00000)]
=>0x0000022abc57a330 JavaThread "C2 CompilerThread1" daemon [_thread_in_native, id=8784, stack(0x0000009f09100000,0x0000009f09200000)]

Other Threads:
  0x0000022ab577fb20 VMThread "VM Thread" [stack: 0x0000009f09500000,0x0000009f09600000] [id=14028]
  0x0000022abacd4cc0 WatcherThread [stack: 0x0000009f0a200000,0x0000009f0a300000] [id=12336]
  0x0000022aa196ee80 GCTaskThread "GC Thread#0" [stack: 0x0000009f09400000,0x0000009f09500000] [id=3360]
  0x0000022abb2ca340 GCTaskThread "GC Thread#1" [stack: 0x0000009f0a000000,0x0000009f0a100000] [id=2744]
  0x0000022abb50d3c0 GCTaskThread "GC Thread#2" [stack: 0x0000009f0a300000,0x0000009f0a400000] [id=8256]
  0x0000022abb50d680 GCTaskThread "GC Thread#3" [stack: 0x0000009f0a400000,0x0000009f0a500000] [id=14076]

Threads with active compile tasks:
C2 CompilerThread0    92478 14903       4       org.eclipse.jdt.internal.compiler.lookup.LookupEnvironment::getCachedType0 (112 bytes)
C2 CompilerThread1    92478 14828       4       org.eclipse.jdt.internal.compiler.lookup.LookupEnvironment::getTypeFromTypeSignature (770 bytes)

VM state: not at safepoint (normal execution)

VM Mutex/Monitor currently owned by a thread: None

Heap address: 0x00000000c0000000, size: 1024 MB, Compressed Oops mode: 32-bit

CDS archive(s) not mapped
Compressed class space mapped at: 0x0000000100000000-0x0000000140000000, reserved size: 1073741824
Narrow klass base: 0x0000000000000000, Narrow klass shift: 3, Narrow klass range: 0x140000000

GC Precious Log:
 CPUs: 4 total, 4 available
 Memory: 7854M
 Large Page Support: Disabled
 NUMA Support: Disabled
 Compressed Oops: Enabled (32-bit)
 Alignments: Space 512K, Generation 512K, Heap 2M
 Heap Min Capacity: 100M
 Heap Initial Capacity: 100M
 Heap Max Capacity: 1G
 Pre-touch: Disabled
 Parallel Workers: 4

Heap:
 PSYoungGen      total 13824K, used 2257K [0x00000000eab00000, 0x00000000ebc00000, 0x0000000100000000)
  eden space 12800K, 10% used [0x00000000eab00000,0x00000000eac5aaf8,0x00000000eb780000)
  from space 1024K, 84% used [0x00000000ebb00000,0x00000000ebbd9908,0x00000000ebc00000)
  to   space 1024K, 0% used [0x00000000eba00000,0x00000000eba00000,0x00000000ebb00000)
 ParOldGen       total 336384K, used 272074K [0x00000000c0000000, 0x00000000d4880000, 0x00000000eab00000)
  object space 336384K, 80% used [0x00000000c0000000,0x00000000d09b2a08,0x00000000d4880000)
 Metaspace       used 91279K, committed 92672K, reserved 1179648K
  class space    used 10069K, committed 10688K, reserved 1048576K

Card table byte_map: [0x0000022aa1300000,0x0000022aa1510000] _byte_map_base: 0x0000022aa0d00000

Marking Bits: (ParMarkBitMap*) 0x00007fff030d58b0
 Begin Bits: [0x0000022ab3600000, 0x0000022ab4600000)
 End Bits:   [0x0000022ab4600000, 0x0000022ab5600000)

Polling page: 0x0000022a9f910000

Metaspace:

Usage:
  Non-class:     79.31 MB used.
      Class:      9.83 MB used.
       Both:     89.14 MB used.

Virtual space:
  Non-class space:      128.00 MB reserved,      80.06 MB ( 63%) committed,  2 nodes.
      Class space:        1.00 GB reserved,      10.44 MB (  1%) committed,  1 nodes.
             Both:        1.12 GB reserved,      90.50 MB (  8%) committed. 

Chunk freelists:
   Non-Class:  15.92 MB
       Class:  5.41 MB
        Both:  21.33 MB

MaxMetaspaceSize: unlimited
CompressedClassSpaceSize: 1.00 GB
Initial GC threshold: 21.00 MB
Current GC threshold: 147.44 MB
CDS: off
MetaspaceReclaimPolicy: balanced
 - commit_granule_bytes: 65536.
 - commit_granule_words: 8192.
 - virtual_space_node_default_size: 8388608.
 - enlarge_chunks_in_place: 1.
 - new_chunks_are_fully_committed: 0.
 - uncommit_free_chunks: 1.
 - use_allocation_guard: 0.
 - handle_deallocations: 1.


Internal statistics:

num_allocs_failed_limit: 9.
num_arena_births: 994.
num_arena_deaths: 20.
num_vsnodes_births: 3.
num_vsnodes_deaths: 0.
num_space_committed: 1448.
num_space_uncommitted: 0.
num_chunks_returned_to_freelist: 30.
num_chunks_taken_from_freelist: 4866.
num_chunk_merges: 15.
num_chunk_splits: 3063.
num_chunks_enlarged: 1819.
num_inconsistent_stats: 0.

CodeHeap 'non-profiled nmethods': size=120000Kb used=9872Kb max_used=9972Kb free=110127Kb
 bounds [0x0000022aac0d0000, 0x0000022aaca90000, 0x0000022ab3600000]
CodeHeap 'profiled nmethods': size=120000Kb used=24614Kb max_used=25124Kb free=95385Kb
 bounds [0x0000022aa4600000, 0x0000022aa5e90000, 0x0000022aabb30000]
CodeHeap 'non-nmethods': size=5760Kb used=1418Kb max_used=1551Kb free=4341Kb
 bounds [0x0000022aabb30000, 0x0000022aabda0000, 0x0000022aac0d0000]
 total_blobs=12430 nmethods=11653 adapters=688
 compilation: enabled
              stopped_count=0, restarted_count=0
 full_count=0

Compilation events (20 events):
Event: 91.934 Thread 0x0000022ab57cce90 14865       4       java.net.URI::match (56 bytes)
Event: 91.934 Thread 0x0000022ab57cce90 nmethod 14865 0x0000022aac914710 code [0x0000022aac914880, 0x0000022aac914938]
Event: 91.934 Thread 0x0000022ab57cce90 14860       4       java.lang.StringLatin1::indexOf (36 bytes)
Event: 91.936 Thread 0x0000022ab57cce90 nmethod 14860 0x0000022aac9fc690 code [0x0000022aac9fc800, 0x0000022aac9fc9b8]
Event: 91.936 Thread 0x0000022ab57cce90 14881       4       org.eclipse.jdt.internal.core.JavaElement::getElementInfo (27 bytes)
Event: 92.185 Thread 0x0000022ab57cce90 nmethod 14881 0x0000022aac83d310 code [0x0000022aac83d900, 0x0000022aac843300]
Event: 92.186 Thread 0x0000022ab57cce90 14824       4       java.util.stream.ReduceOps$3ReducingSink::accept (15 bytes)
Event: 92.190 Thread 0x0000022ab57cce90 nmethod 14824 0x0000022aac9fb890 code [0x0000022aac9fba40, 0x0000022aac9fc098]
Event: 92.191 Thread 0x0000022ab57cce90 14835       4       java.lang.StringLatin1::indexOfChar (33 bytes)
Event: 92.193 Thread 0x0000022ab57cce90 nmethod 14835 0x0000022aac914390 code [0x0000022aac914500, 0x0000022aac914638]
Event: 92.193 Thread 0x0000022ab57cce90 14817       4       java.net.URI$Parser::at (23 bytes)
Event: 92.194 Thread 0x0000022ab57cce90 nmethod 14817 0x0000022aac6f6910 code [0x0000022aac6f6aa0, 0x0000022aac6f6bd8]
Event: 92.194 Thread 0x0000022ab57cce90 14820       4       org.eclipse.jdt.internal.core.NameLookup$$Lambda$639/0x0000000100933148::<init> (10 bytes)
Event: 92.195 Thread 0x0000022ab57cce90 nmethod 14820 0x0000022aac6f6610 code [0x0000022aac6f6780, 0x0000022aac6f6818]
Event: 92.195 Thread 0x0000022ab57cce90 14856       4       java.util.Locale::getDefault (4 bytes)
Event: 92.195 Thread 0x0000022ab57cce90 nmethod 14856 0x0000022aac6f6310 code [0x0000022aac6f6480, 0x0000022aac6f64f8]
Event: 92.195 Thread 0x0000022ab57cce90 14815       4       org.eclipse.core.runtime.Path::removeLastSegments (85 bytes)
Event: 92.199 Thread 0x0000022ab57cce90 nmethod 14815 0x0000022aac6f5a90 code [0x0000022aac6f5c20, 0x0000022aac6f60b8]
Event: 92.199 Thread 0x0000022ab57cce90 14870       4       sun.nio.fs.WindowsFileSystemProvider::getPath (9 bytes)
Event: 92.199 Thread 0x0000022ab57cce90 nmethod 14870 0x0000022aac6f5790 code [0x0000022aac6f5920, 0x0000022aac6f59c8]

GC Heap History (20 events):
Event: 85.133 GC heap before
{Heap before GC invocations=451 (full 16):
 PSYoungGen      total 10752K, used 10736K [0x00000000eab00000, 0x00000000ec680000, 0x0000000100000000)
  eden space 9728K, 100% used [0x00000000eab00000,0x00000000eb480000,0x00000000eb480000)
  from space 1024K, 98% used [0x00000000eb500000,0x00000000eb5fc2c0,0x00000000eb600000)
  to   space 9216K, 0% used [0x00000000ebd80000,0x00000000ebd80000,0x00000000ec680000)
 ParOldGen       total 321536K, used 312130K [0x00000000c0000000, 0x00000000d3a00000, 0x00000000eab00000)
  object space 321536K, 97% used [0x00000000c0000000,0x00000000d30d0838,0x00000000d3a00000)
 Metaspace       used 89096K, committed 90496K, reserved 1179648K
  class space    used 9833K, committed 10432K, reserved 1048576K
}
Event: 85.136 GC heap after
{Heap after GC invocations=451 (full 16):
 PSYoungGen      total 12288K, used 880K [0x00000000eab00000, 0x00000000ebe80000, 0x0000000100000000)
  eden space 11264K, 0% used [0x00000000eab00000,0x00000000eab00000,0x00000000eb600000)
  from space 1024K, 85% used [0x00000000ebd80000,0x00000000ebe5c010,0x00000000ebe80000)
  to   space 3584K, 0% used [0x00000000eb780000,0x00000000eb780000,0x00000000ebb00000)
 ParOldGen       total 321536K, used 312154K [0x00000000c0000000, 0x00000000d3a00000, 0x00000000eab00000)
  object space 321536K, 97% used [0x00000000c0000000,0x00000000d30d6838,0x00000000d3a00000)
 Metaspace       used 89096K, committed 90496K, reserved 1179648K
  class space    used 9833K, committed 10432K, reserved 1048576K
}
Event: 85.191 GC heap before
{Heap before GC invocations=452 (full 16):
 PSYoungGen      total 12288K, used 12144K [0x00000000eab00000, 0x00000000ebe80000, 0x0000000100000000)
  eden space 11264K, 100% used [0x00000000eab00000,0x00000000eb600000,0x00000000eb600000)
  from space 1024K, 85% used [0x00000000ebd80000,0x00000000ebe5c010,0x00000000ebe80000)
  to   space 3584K, 0% used [0x00000000eb780000,0x00000000eb780000,0x00000000ebb00000)
 ParOldGen       total 321536K, used 312154K [0x00000000c0000000, 0x00000000d3a00000, 0x00000000eab00000)
  object space 321536K, 97% used [0x00000000c0000000,0x00000000d30d6838,0x00000000d3a00000)
 Metaspace       used 89134K, committed 90560K, reserved 1179648K
  class space    used 9833K, committed 10432K, reserved 1048576K
}
Event: 85.200 GC heap after
{Heap after GC invocations=452 (full 16):
 PSYoungGen      total 16384K, used 3555K [0x00000000eab00000, 0x00000000ece80000, 0x0000000100000000)
  eden space 12800K, 0% used [0x00000000eab00000,0x00000000eab00000,0x00000000eb780000)
  from space 3584K, 99% used [0x00000000eb780000,0x00000000ebaf8f88,0x00000000ebb00000)
  to   space 11776K, 0% used [0x00000000ec300000,0x00000000ec300000,0x00000000ece80000)
 ParOldGen       total 321536K, used 318413K [0x00000000c0000000, 0x00000000d3a00000, 0x00000000eab00000)
  object space 321536K, 99% used [0x00000000c0000000,0x00000000d36f3730,0x00000000d3a00000)
 Metaspace       used 89134K, committed 90560K, reserved 1179648K
  class space    used 9833K, committed 10432K, reserved 1048576K
}
Event: 85.200 GC heap before
{Heap before GC invocations=453 (full 17):
 PSYoungGen      total 16384K, used 3555K [0x00000000eab00000, 0x00000000ece80000, 0x0000000100000000)
  eden space 12800K, 0% used [0x00000000eab00000,0x00000000eab00000,0x00000000eb780000)
  from space 3584K, 99% used [0x00000000eb780000,0x00000000ebaf8f88,0x00000000ebb00000)
  to   space 11776K, 0% used [0x00000000ec300000,0x00000000ec300000,0x00000000ece80000)
 ParOldGen       total 321536K, used 318413K [0x00000000c0000000, 0x00000000d3a00000, 0x00000000eab00000)
  object space 321536K, 99% used [0x00000000c0000000,0x00000000d36f3730,0x00000000d3a00000)
 Metaspace       used 89134K, committed 90560K, reserved 1179648K
  class space    used 9833K, committed 10432K, reserved 1048576K
}
Event: 85.381 GC heap after
{Heap after GC invocations=453 (full 17):
 PSYoungGen      total 24576K, used 0K [0x00000000eab00000, 0x00000000ed000000, 0x0000000100000000)
  eden space 12800K, 0% used [0x00000000eab00000,0x00000000eab00000,0x00000000eb780000)
  from space 11776K, 0% used [0x00000000ec300000,0x00000000ec300000,0x00000000ece80000)
  to   space 11776K, 0% used [0x00000000eb780000,0x00000000eb780000,0x00000000ec300000)
 ParOldGen       total 336384K, used 264210K [0x00000000c0000000, 0x00000000d4880000, 0x00000000eab00000)
  object space 336384K, 78% used [0x00000000c0000000,0x00000000d0204910,0x00000000d4880000)
 Metaspace       used 89134K, committed 90560K, reserved 1179648K
  class space    used 9833K, committed 10432K, reserved 1048576K
}
Event: 85.489 GC heap before
{Heap before GC invocations=454 (full 17):
 PSYoungGen      total 24576K, used 12800K [0x00000000eab00000, 0x00000000ed000000, 0x0000000100000000)
  eden space 12800K, 100% used [0x00000000eab00000,0x00000000eb780000,0x00000000eb780000)
  from space 11776K, 0% used [0x00000000ec300000,0x00000000ec300000,0x00000000ece80000)
  to   space 11776K, 0% used [0x00000000eb780000,0x00000000eb780000,0x00000000ec300000)
 ParOldGen       total 336384K, used 264210K [0x00000000c0000000, 0x00000000d4880000, 0x00000000eab00000)
  object space 336384K, 78% used [0x00000000c0000000,0x00000000d0204910,0x00000000d4880000)
 Metaspace       used 89170K, committed 90560K, reserved 1179648K
  class space    used 9833K, committed 10432K, reserved 1048576K
}
Event: 85.493 GC heap after
{Heap after GC invocations=454 (full 17):
 PSYoungGen      total 15872K, used 2576K [0x00000000eab00000, 0x00000000ec380000, 0x0000000100000000)
  eden space 12800K, 0% used [0x00000000eab00000,0x00000000eab00000,0x00000000eb780000)
  from space 3072K, 83% used [0x00000000eb780000,0x00000000eba04010,0x00000000eba80000)
  to   space 5632K, 0% used [0x00000000ebe00000,0x00000000ebe00000,0x00000000ec380000)
 ParOldGen       total 336384K, used 264210K [0x00000000c0000000, 0x00000000d4880000, 0x00000000eab00000)
  object space 336384K, 78% used [0x00000000c0000000,0x00000000d0204910,0x00000000d4880000)
 Metaspace       used 89170K, committed 90560K, reserved 1179648K
  class space    used 9833K, committed 10432K, reserved 1048576K
}
Event: 85.685 GC heap before
{Heap before GC invocations=455 (full 17):
 PSYoungGen      total 15872K, used 15376K [0x00000000eab00000, 0x00000000ec380000, 0x0000000100000000)
  eden space 12800K, 100% used [0x00000000eab00000,0x00000000eb780000,0x00000000eb780000)
  from space 3072K, 83% used [0x00000000eb780000,0x00000000eba04010,0x00000000eba80000)
  to   space 5632K, 0% used [0x00000000ebe00000,0x00000000ebe00000,0x00000000ec380000)
 ParOldGen       total 336384K, used 264210K [0x00000000c0000000, 0x00000000d4880000, 0x00000000eab00000)
  object space 336384K, 78% used [0x00000000c0000000,0x00000000d0204910,0x00000000d4880000)
 Metaspace       used 89525K, committed 90880K, reserved 1179648K
  class space    used 9873K, committed 10432K, reserved 1048576K
}
Event: 85.697 GC heap after
{Heap after GC invocations=455 (full 17):
 PSYoungGen      total 17408K, used 4599K [0x00000000eab00000, 0x00000000ec280000, 0x0000000100000000)
  eden space 12800K, 0% used [0x00000000eab00000,0x00000000eab00000,0x00000000eb780000)
  from space 4608K, 99% used [0x00000000ebe00000,0x00000000ec27dc70,0x00000000ec280000)
  to   space 5120K, 0% used [0x00000000eb880000,0x00000000eb880000,0x00000000ebd80000)
 ParOldGen       total 336384K, used 266622K [0x00000000c0000000, 0x00000000d4880000, 0x00000000eab00000)
  object space 336384K, 79% used [0x00000000c0000000,0x00000000d045fb60,0x00000000d4880000)
 Metaspace       used 89525K, committed 90880K, reserved 1179648K
  class space    used 9873K, committed 10432K, reserved 1048576K
}
Event: 85.776 GC heap before
{Heap before GC invocations=456 (full 17):
 PSYoungGen      total 17408K, used 17399K [0x00000000eab00000, 0x00000000ec280000, 0x0000000100000000)
  eden space 12800K, 100% used [0x00000000eab00000,0x00000000eb780000,0x00000000eb780000)
  from space 4608K, 99% used [0x00000000ebe00000,0x00000000ec27dc70,0x00000000ec280000)
  to   space 5120K, 0% used [0x00000000eb880000,0x00000000eb880000,0x00000000ebd80000)
 ParOldGen       total 336384K, used 266622K [0x00000000c0000000, 0x00000000d4880000, 0x00000000eab00000)
  object space 336384K, 79% used [0x00000000c0000000,0x00000000d045fb60,0x00000000d4880000)
 Metaspace       used 89529K, committed 90880K, reserved 1179648K
  class space    used 9873K, committed 10432K, reserved 1048576K
}
Event: 85.781 GC heap after
{Heap after GC invocations=456 (full 17):
 PSYoungGen      total 13824K, used 800K [0x00000000eab00000, 0x00000000ebe80000, 0x0000000100000000)
  eden space 12800K, 0% used [0x00000000eab00000,0x00000000eab00000,0x00000000eb780000)
  from space 1024K, 78% used [0x00000000eb880000,0x00000000eb948000,0x00000000eb980000)
  to   space 2560K, 0% used [0x00000000ebc00000,0x00000000ebc00000,0x00000000ebe80000)
 ParOldGen       total 336384K, used 269797K [0x00000000c0000000, 0x00000000d4880000, 0x00000000eab00000)
  object space 336384K, 80% used [0x00000000c0000000,0x00000000d0779510,0x00000000d4880000)
 Metaspace       used 89529K, committed 90880K, reserved 1179648K
  class space    used 9873K, committed 10432K, reserved 1048576K
}
Event: 87.710 GC heap before
{Heap before GC invocations=457 (full 17):
 PSYoungGen      total 13824K, used 13600K [0x00000000eab00000, 0x00000000ebe80000, 0x0000000100000000)
  eden space 12800K, 100% used [0x00000000eab00000,0x00000000eb780000,0x00000000eb780000)
  from space 1024K, 78% used [0x00000000eb880000,0x00000000eb948000,0x00000000eb980000)
  to   space 2560K, 0% used [0x00000000ebc00000,0x00000000ebc00000,0x00000000ebe80000)
 ParOldGen       total 336384K, used 269797K [0x00000000c0000000, 0x00000000d4880000, 0x00000000eab00000)
  object space 336384K, 80% used [0x00000000c0000000,0x00000000d0779510,0x00000000d4880000)
 Metaspace       used 89581K, committed 90944K, reserved 1179648K
  class space    used 9873K, committed 10432K, reserved 1048576K
}
Event: 87.723 GC heap after
{Heap after GC invocations=457 (full 17):
 PSYoungGen      total 14336K, used 1280K [0x00000000eab00000, 0x00000000ebd80000, 0x0000000100000000)
  eden space 12800K, 0% used [0x00000000eab00000,0x00000000eab00000,0x00000000eb780000)
  from space 1536K, 83% used [0x00000000ebc00000,0x00000000ebd40020,0x00000000ebd80000)
  to   space 1536K, 0% used [0x00000000eba80000,0x00000000eba80000,0x00000000ebc00000)
 ParOldGen       total 336384K, used 270531K [0x00000000c0000000, 0x00000000d4880000, 0x00000000eab00000)
  object space 336384K, 80% used [0x00000000c0000000,0x00000000d0830e30,0x00000000d4880000)
 Metaspace       used 89581K, committed 90944K, reserved 1179648K
  class space    used 9873K, committed 10432K, reserved 1048576K
}
Event: 90.182 GC heap before
{Heap before GC invocations=458 (full 17):
 PSYoungGen      total 14336K, used 14080K [0x00000000eab00000, 0x00000000ebd80000, 0x0000000100000000)
  eden space 12800K, 100% used [0x00000000eab00000,0x00000000eb780000,0x00000000eb780000)
  from space 1536K, 83% used [0x00000000ebc00000,0x00000000ebd40020,0x00000000ebd80000)
  to   space 1536K, 0% used [0x00000000eba80000,0x00000000eba80000,0x00000000ebc00000)
 ParOldGen       total 336384K, used 270531K [0x00000000c0000000, 0x00000000d4880000, 0x00000000eab00000)
  object space 336384K, 80% used [0x00000000c0000000,0x00000000d0830e30,0x00000000d4880000)
 Metaspace       used 89707K, committed 91136K, reserved 1179648K
  class space    used 9882K, committed 10496K, reserved 1048576K
}
Event: 90.187 GC heap after
{Heap after GC invocations=458 (full 17):
 PSYoungGen      total 14336K, used 1184K [0x00000000eab00000, 0x00000000ebc80000, 0x0000000100000000)
  eden space 12800K, 0% used [0x00000000eab00000,0x00000000eab00000,0x00000000eb780000)
  from space 1536K, 77% used [0x00000000eba80000,0x00000000ebba8020,0x00000000ebc00000)
  to   space 512K, 0% used [0x00000000ebc00000,0x00000000ebc00000,0x00000000ebc80000)
 ParOldGen       total 336384K, used 270531K [0x00000000c0000000, 0x00000000d4880000, 0x00000000eab00000)
  object space 336384K, 80% used [0x00000000c0000000,0x00000000d0830e30,0x00000000d4880000)
 Metaspace       used 89707K, committed 91136K, reserved 1179648K
  class space    used 9882K, committed 10496K, reserved 1048576K
}
Event: 90.360 GC heap before
{Heap before GC invocations=459 (full 17):
 PSYoungGen      total 14336K, used 13984K [0x00000000eab00000, 0x00000000ebc80000, 0x0000000100000000)
  eden space 12800K, 100% used [0x00000000eab00000,0x00000000eb780000,0x00000000eb780000)
  from space 1536K, 77% used [0x00000000eba80000,0x00000000ebba8020,0x00000000ebc00000)
  to   space 512K, 0% used [0x00000000ebc00000,0x00000000ebc00000,0x00000000ebc80000)
 ParOldGen       total 336384K, used 270531K [0x00000000c0000000, 0x00000000d4880000, 0x00000000eab00000)
  object space 336384K, 80% used [0x00000000c0000000,0x00000000d0830e30,0x00000000d4880000)
 Metaspace       used 90137K, committed 91520K, reserved 1179648K
  class space    used 9934K, committed 10496K, reserved 1048576K
}
Event: 90.366 GC heap after
{Heap after GC invocations=459 (full 17):
 PSYoungGen      total 13312K, used 512K [0x00000000eab00000, 0x00000000ebc80000, 0x0000000100000000)
  eden space 12800K, 0% used [0x00000000eab00000,0x00000000eab00000,0x00000000eb780000)
  from space 512K, 100% used [0x00000000ebc00000,0x00000000ebc80000,0x00000000ebc80000)
  to   space 2048K, 0% used [0x00000000eb880000,0x00000000eb880000,0x00000000eba80000)
 ParOldGen       total 336384K, used 271586K [0x00000000c0000000, 0x00000000d4880000, 0x00000000eab00000)
  object space 336384K, 80% used [0x00000000c0000000,0x00000000d09389f8,0x00000000d4880000)
 Metaspace       used 90137K, committed 91520K, reserved 1179648K
  class space    used 9934K, committed 10496K, reserved 1048576K
}
Event: 91.258 GC heap before
{Heap before GC invocations=460 (full 17):
 PSYoungGen      total 13312K, used 13312K [0x00000000eab00000, 0x00000000ebc80000, 0x0000000100000000)
  eden space 12800K, 100% used [0x00000000eab00000,0x00000000eb780000,0x00000000eb780000)
  from space 512K, 100% used [0x00000000ebc00000,0x00000000ebc80000,0x00000000ebc80000)
  to   space 2048K, 0% used [0x00000000eb880000,0x00000000eb880000,0x00000000eba80000)
 ParOldGen       total 336384K, used 271586K [0x00000000c0000000, 0x00000000d4880000, 0x00000000eab00000)
  object space 336384K, 80% used [0x00000000c0000000,0x00000000d09389f8,0x00000000d4880000)
 Metaspace       used 90863K, committed 92224K, reserved 1179648K
  class space    used 10039K, committed 10624K, reserved 1048576K
}
Event: 91.263 GC heap after
{Heap after GC invocations=460 (full 17):
 PSYoungGen      total 14848K, used 742K [0x00000000eab00000, 0x00000000ebc80000, 0x0000000100000000)
  eden space 12800K, 0% used [0x00000000eab00000,0x00000000eab00000,0x00000000eb780000)
  from space 2048K, 36% used [0x00000000eb880000,0x00000000eb939938,0x00000000eba80000)
  to   space 1536K, 0% used [0x00000000ebb00000,0x00000000ebb00000,0x00000000ebc80000)
 ParOldGen       total 336384K, used 272074K [0x00000000c0000000, 0x00000000d4880000, 0x00000000eab00000)
  object space 336384K, 80% used [0x00000000c0000000,0x00000000d09b2a08,0x00000000d4880000)
 Metaspace       used 90863K, committed 92224K, reserved 1179648K
  class space    used 10039K, committed 10624K, reserved 1048576K
}

Dll operation events (15 events):
Event: 0.023 Loaded shared library c:\Users\bayes\.vscode\extensions\redhat.java-1.35.0-win32-x64\jre\17.0.12-win32-x86_64\bin\java.dll
Event: 0.756 Loaded shared library c:\Users\bayes\.vscode\extensions\redhat.java-1.35.0-win32-x64\jre\17.0.12-win32-x86_64\bin\zip.dll
Event: 0.761 Loaded shared library C:\Users\bayes\.vscode\extensions\redhat.java-1.35.0-win32-x64\jre\17.0.12-win32-x86_64\bin\instrument.dll
Event: 0.783 Loaded shared library C:\Users\bayes\.vscode\extensions\redhat.java-1.35.0-win32-x64\jre\17.0.12-win32-x86_64\bin\net.dll
Event: 0.786 Loaded shared library C:\Users\bayes\.vscode\extensions\redhat.java-1.35.0-win32-x64\jre\17.0.12-win32-x86_64\bin\nio.dll
Event: 0.829 Loaded shared library C:\Users\bayes\.vscode\extensions\redhat.java-1.35.0-win32-x64\jre\17.0.12-win32-x86_64\bin\zip.dll
Event: 0.873 Loaded shared library C:\Users\bayes\.vscode\extensions\redhat.java-1.35.0-win32-x64\jre\17.0.12-win32-x86_64\bin\jimage.dll
Event: 1.069 Loaded shared library c:\Users\bayes\.vscode\extensions\redhat.java-1.35.0-win32-x64\jre\17.0.12-win32-x86_64\bin\verify.dll
Event: 4.177 Loaded shared library C:\Users\bayes\AppData\Roaming\Code\User\globalStorage\redhat.java\1.35.0\config_win\org.eclipse.equinox.launcher\org.eclipse.equinox.launcher.win32.win32.x86_64_1.2.1100.v20240722-2106\eclipse_11904.dll
Event: 9.100 Loaded shared library C:\Users\bayes\AppData\Local\Temp\jna-93514312\jna8950740102540960297.dll
Event: 26.576 Loaded shared library C:\Users\bayes\.gradle\native\c067742578af261105cb4f569cf0c3c89f3d7b1fecec35dd04571415982c5e48\windows-amd64\native-platform.dll
Event: 29.047 Loaded shared library C:\Users\bayes\.vscode\extensions\redhat.java-1.35.0-win32-x64\jre\17.0.12-win32-x86_64\bin\management.dll
Event: 29.054 Loaded shared library C:\Users\bayes\.vscode\extensions\redhat.java-1.35.0-win32-x64\jre\17.0.12-win32-x86_64\bin\management_ext.dll
Event: 30.917 Loaded shared library C:\Users\bayes\.vscode\extensions\redhat.java-1.35.0-win32-x64\jre\17.0.12-win32-x86_64\bin\extnet.dll
Event: 31.182 Loaded shared library C:\Users\bayes\.vscode\extensions\redhat.java-1.35.0-win32-x64\jre\17.0.12-win32-x86_64\bin\sunmscapi.dll

Deoptimization events (20 events):
Event: 91.539 Thread 0x0000022abd0ab230 DEOPT PACKING pc=0x0000022aa4611351 sp=0x0000009f0c7fd170
Event: 91.539 Thread 0x0000022abd0ab230 DEOPT UNPACKING pc=0x0000022aabb86e43 sp=0x0000009f0c7fc5e8 mode 0
Event: 91.552 Thread 0x0000022abd0ab230 DEOPT PACKING pc=0x0000022aa4611351 sp=0x0000009f0c7fd9d0
Event: 91.552 Thread 0x0000022abd0ab230 DEOPT UNPACKING pc=0x0000022aabb86e43 sp=0x0000009f0c7fce48 mode 0
Event: 91.553 Thread 0x0000022abd0ab230 DEOPT PACKING pc=0x0000022aa57e0051 sp=0x0000009f0c7fda70
Event: 91.553 Thread 0x0000022abd0ab230 DEOPT UNPACKING pc=0x0000022aabb86e43 sp=0x0000009f0c7fcf68 mode 0
Event: 91.561 Thread 0x0000022abd0ab230 Uncommon trap: trap_request=0xffffffde fr.pc=0x0000022aac868604 relative=0x0000000000004704
Event: 91.561 Thread 0x0000022abd0ab230 Uncommon trap: reason=class_check action=maybe_recompile pc=0x0000022aac868604 method=org.eclipse.jdt.internal.core.JavaElement.openWhenClosed(Lorg/eclipse/jdt/internal/compiler/env/IElementInfo;ZLorg/eclipse/core/runtime/IProgressMonitor;)Lorg/eclipse/jd
Event: 91.561 Thread 0x0000022abd0ab230 DEOPT PACKING pc=0x0000022aac868604 sp=0x0000009f0c7fe1e0
Event: 91.561 Thread 0x0000022abd0ab230 DEOPT UNPACKING pc=0x0000022aabb866a3 sp=0x0000009f0c7fe158 mode 2
Event: 91.826 Thread 0x0000022abd0ab230 DEOPT PACKING pc=0x0000022aa4611351 sp=0x0000009f0c7fdb80
Event: 91.826 Thread 0x0000022abd0ab230 DEOPT UNPACKING pc=0x0000022aabb86e43 sp=0x0000009f0c7fcff8 mode 0
Event: 91.832 Thread 0x0000022abd0ab230 DEOPT PACKING pc=0x0000022aa4611351 sp=0x0000009f0c7fd600
Event: 91.832 Thread 0x0000022abd0ab230 DEOPT UNPACKING pc=0x0000022aabb86e43 sp=0x0000009f0c7fca78 mode 0
Event: 91.837 Thread 0x0000022abd0ab230 DEOPT PACKING pc=0x0000022aa5720663 sp=0x0000009f0c7fdca0
Event: 91.837 Thread 0x0000022abd0ab230 DEOPT UNPACKING pc=0x0000022aabb86e43 sp=0x0000009f0c7fd1d8 mode 0
Event: 91.839 Thread 0x0000022abd0ab230 DEOPT PACKING pc=0x0000022aa4611351 sp=0x0000009f0c7fd9d0
Event: 91.839 Thread 0x0000022abd0ab230 DEOPT UNPACKING pc=0x0000022aabb86e43 sp=0x0000009f0c7fce48 mode 0
Event: 91.843 Thread 0x0000022abd0ab230 DEOPT PACKING pc=0x0000022aa57e0051 sp=0x0000009f0c7fcd00
Event: 91.843 Thread 0x0000022abd0ab230 DEOPT UNPACKING pc=0x0000022aabb86e43 sp=0x0000009f0c7fc1f8 mode 0

Classes loaded (20 events):
Event: 46.819 Loading class java/util/LinkedList$LLSpliterator
Event: 46.820 Loading class java/util/LinkedList$LLSpliterator done
Event: 60.247 Loading class java/util/Spliterators$IntArraySpliterator
Event: 60.248 Loading class java/util/Spliterators$IntArraySpliterator done
Event: 60.252 Loading class java/util/stream/IntPipeline$1
Event: 60.252 Loading class java/util/stream/IntPipeline$1 done
Event: 60.252 Loading class java/util/stream/IntPipeline$1$1
Event: 60.252 Loading class java/util/stream/IntPipeline$1$1 done
Event: 70.880 Loading class sun/nio/fs/WindowsFileCopy
Event: 70.880 Loading class sun/nio/fs/WindowsFileCopy done
Event: 73.193 Loading class jdk/internal/ref/CleanerImpl$InnocuousThreadFactory
Event: 73.193 Loading class jdk/internal/ref/CleanerImpl$InnocuousThreadFactory done
Event: 73.262 Loading class java/lang/Throwable$WrappedPrintWriter
Event: 73.262 Loading class java/lang/Throwable$PrintStreamOrWriter
Event: 73.262 Loading class java/lang/Throwable$PrintStreamOrWriter done
Event: 73.262 Loading class java/lang/Throwable$WrappedPrintWriter done
Event: 91.202 Loading class java/io/CharArrayReader
Event: 91.202 Loading class java/io/CharArrayReader done
Event: 91.202 Loading class java/util/regex/Pattern$Bound
Event: 91.203 Loading class java/util/regex/Pattern$Bound done

Classes unloaded (10 events):
Event: 13.985 Thread 0x0000022ab577fb20 Unloading class 0x0000000100368400 'java/lang/invoke/LambdaForm$DMH+0x0000000100368400'
Event: 13.985 Thread 0x0000022ab577fb20 Unloading class 0x0000000100368000 'java/lang/invoke/LambdaForm$MH+0x0000000100368000'
Event: 13.985 Thread 0x0000022ab577fb20 Unloading class 0x0000000100250400 'java/lang/invoke/LambdaForm$MH+0x0000000100250400'
Event: 13.985 Thread 0x0000022ab577fb20 Unloading class 0x0000000100250000 'java/lang/invoke/LambdaForm$MH+0x0000000100250000'
Event: 13.985 Thread 0x0000022ab577fb20 Unloading class 0x000000010024bc00 'java/lang/invoke/LambdaForm$MH+0x000000010024bc00'
Event: 13.985 Thread 0x0000022ab577fb20 Unloading class 0x000000010024b800 'java/lang/invoke/LambdaForm$MH+0x000000010024b800'
Event: 13.985 Thread 0x0000022ab577fb20 Unloading class 0x000000010024b400 'java/lang/invoke/LambdaForm$BMH+0x000000010024b400'
Event: 13.985 Thread 0x0000022ab577fb20 Unloading class 0x000000010024b000 'java/lang/invoke/LambdaForm$DMH+0x000000010024b000'
Event: 13.985 Thread 0x0000022ab577fb20 Unloading class 0x0000000100248400 'java/lang/invoke/LambdaForm$DMH+0x0000000100248400'
Event: 43.978 Thread 0x0000022ab577fb20 Unloading class 0x0000000100934400 'java/lang/invoke/LambdaForm$DMH+0x0000000100934400'

Classes redefined (0 events):
No events

Internal exceptions (20 events):
Event: 73.535 Thread 0x0000022abd0ad5a0 Exception <a 'java/lang/ArrayIndexOutOfBoundsException'{0x00000000eb112cc0}> (0x00000000eb112cc0) 
thrown [s\src\hotspot\share\runtime\sharedRuntime.cpp, line 631]
Event: 73.907 Thread 0x0000022abd0ad5a0 Exception <a 'java/lang/NoSuchMethodError'{0x00000000eb0c16c8}: 'java.lang.Object java.lang.invoke.DirectMethodHandle$Holder.invokeSpecial(java.lang.Object, java.lang.Object, long, java.lang.Object, java.lang.Object, java.lang.Object, java.lang.Object, java.lang.Object, java.lang.Object, java.lang.Object, java.lang.Object, java.lang.Object)'> (0x00000000eb0c16c8) 
thrown [s\src\hotspot\share\interpreter\linkResolver.cpp, line 759]
Event: 73.908 Thread 0x0000022abd0ad5a0 Exception <a 'java/lang/NoSuchMethodError'{0x00000000eb0c5eb8}: 'java.lang.Object java.lang.invoke.DelegatingMethodHandle$Holder.reinvoke_L(java.lang.Object, long, java.lang.Object, java.lang.Object, java.lang.Object, java.lang.Object, java.lang.Object, java.lang.Object, java.lang.Object, java.lang.Object, java.lang.Object)'> (0x00000000eb0c5eb8) 
thrown [s\src\hotspot\share\interpreter\linkResolver.cpp, line 759]
Event: 73.911 Thread 0x0000022abd0ad5a0 Exception <a 'java/lang/NoSuchMethodError'{0x00000000eb0f4760}: 'java.lang.Object java.lang.invoke.DirectMethodHandle$Holder.invokeSpecial(java.lang.Object, java.lang.Object, java.lang.Object, java.lang.Object, java.lang.Object, java.lang.Object, java.lang.Object, java.lang.Object, java.lang.Object, java.lang.Object, java.lang.Object)'> (0x00000000eb0f4760) 
thrown [s\src\hotspot\share\interpreter\linkResolver.cpp, line 759]
Event: 73.912 Thread 0x0000022abd0ad5a0 Exception <a 'java/lang/NoSuchMethodError'{0x00000000eb0f91c0}: 'java.lang.Object java.lang.invoke.Invokers$Holder.linkToTargetMethod(java.lang.Object, java.lang.Object, java.lang.Object, java.lang.Object, java.lang.Object, java.lang.Object, java.lang.Object, java.lang.Object, java.lang.Object, java.lang.Object)'> (0x00000000eb0f91c0) 
thrown [s\src\hotspot\share\interpreter\linkResolver.cpp, line 759]
Event: 74.329 Thread 0x0000022abd0ad5a0 Implicit null exception at 0x0000022aa58e81b0 to 0x0000022aa58e833c
Event: 74.329 Thread 0x0000022abd0ad5a0 Exception <a 'java/lang/NullPointerException'{0x00000000eb08c6a0}> (0x00000000eb08c6a0) 
thrown [s\src\hotspot\share\runtime\sharedRuntime.cpp, line 631]
Event: 74.377 Thread 0x0000022abd0ad5a0 Exception <a 'java/lang/NoSuchMethodError'{0x00000000eb183938}: 'java.lang.Object java.lang.invoke.DirectMethodHandle$Holder.invokeStatic(java.lang.Object, int, java.lang.Object, java.lang.Object, java.lang.Object, java.lang.Object)'> (0x00000000eb183938) 
thrown [s\src\hotspot\share\interpreter\linkResolver.cpp, line 759]
Event: 74.539 Thread 0x0000022abd0a93d0 Exception <a 'java/lang/ArrayIndexOutOfBoundsException'{0x00000000eac05780}> (0x00000000eac05780) 
thrown [s\src\hotspot\share\runtime\sharedRuntime.cpp, line 631]
Event: 74.690 Thread 0x0000022abd0ab230 Exception <a 'java/lang/ArrayIndexOutOfBoundsException'{0x00000000ead98570}> (0x00000000ead98570) 
thrown [s\src\hotspot\share\runtime\sharedRuntime.cpp, line 631]
Event: 75.295 Thread 0x0000022abd0ad5a0 Implicit null exception at 0x0000022aac98fa20 to 0x0000022aac9906d8
Event: 75.681 Thread 0x0000022abd0ad5a0 Exception <a 'java/lang/ArrayIndexOutOfBoundsException'{0x00000000eb0f8ca0}> (0x00000000eb0f8ca0) 
thrown [s\src\hotspot\share\runtime\sharedRuntime.cpp, line 631]
Event: 76.558 Thread 0x0000022abc3354c0 Exception <a 'java/lang/ArrayIndexOutOfBoundsException'{0x00000000eac16a08}> (0x00000000eac16a08) 
thrown [s\src\hotspot\share\runtime\sharedRuntime.cpp, line 631]
Event: 77.369 Thread 0x0000022abc3354c0 Implicit null exception at 0x0000022aac754180 to 0x0000022aac759716
Event: 77.435 Thread 0x0000022abd0ad5a0 Exception <a 'java/lang/ArrayIndexOutOfBoundsException'{0x00000000eac41a98}> (0x00000000eac41a98) 
thrown [s\src\hotspot\share\runtime\sharedRuntime.cpp, line 631]
Event: 85.631 Thread 0x0000022abd0ad5a0 Implicit null exception at 0x0000022aac614ba0 to 0x0000022aac617175
Event: 90.234 Thread 0x0000022abd0ad5a0 Implicit null exception at 0x0000022aac689875 to 0x0000022aac689de0
Event: 90.296 Thread 0x0000022abd0ad5a0 Implicit null exception at 0x0000022aac6c304e to 0x0000022aac6c3ed4
Event: 91.294 Thread 0x0000022abd0ab230 Exception <a 'java/lang/ClassNotFoundException'{0x00000000eab8b1a0}: sun/net/www/protocol/jdt/Handler> (0x00000000eab8b1a0) 
thrown [s\src\hotspot\share\classfile\systemDictionary.cpp, line 256]
Event: 91.295 Thread 0x0000022abd0ab230 Exception <a 'java/lang/ClassNotFoundException'{0x00000000eab923a0}: sun/net/www/protocol/jdt/Handler> (0x00000000eab923a0) 
thrown [s\src\hotspot\share\classfile\systemDictionary.cpp, line 256]

VM Operations (20 events):
Event: 90.360 Executing VM operation: ParallelGCFailedAllocation
Event: 90.368 Executing VM operation: ParallelGCFailedAllocation done
Event: 91.103 Executing VM operation: HandshakeAllThreads
Event: 91.103 Executing VM operation: HandshakeAllThreads done
Event: 91.105 Executing VM operation: HandshakeAllThreads
Event: 91.106 Executing VM operation: HandshakeAllThreads done
Event: 91.107 Executing VM operation: HandshakeAllThreads
Event: 91.108 Executing VM operation: HandshakeAllThreads done
Event: 91.202 Executing VM operation: HandshakeAllThreads
Event: 91.202 Executing VM operation: HandshakeAllThreads done
Event: 91.258 Executing VM operation: ParallelGCFailedAllocation
Event: 91.265 Executing VM operation: ParallelGCFailedAllocation done
Event: 91.275 Executing VM operation: HandshakeAllThreads
Event: 91.275 Executing VM operation: HandshakeAllThreads done
Event: 91.275 Executing VM operation: HandshakeAllThreads
Event: 91.276 Executing VM operation: HandshakeAllThreads done
Event: 91.300 Executing VM operation: HandshakeAllThreads
Event: 91.301 Executing VM operation: HandshakeAllThreads done
Event: 91.498 Executing VM operation: HandshakeAllThreads
Event: 91.498 Executing VM operation: HandshakeAllThreads done

Events (20 events):
Event: 91.282 Thread 0x0000022aba9e3710 flushing nmethod 0x0000022aa461cf10
Event: 91.284 Thread 0x0000022aba9e3710 flushing nmethod 0x0000022aa47ba910
Event: 91.285 Thread 0x0000022aba9e3710 flushing nmethod 0x0000022aa48e8290
Event: 91.287 Thread 0x0000022aba9e3710 flushing nmethod 0x0000022aa4b37c90
Event: 91.288 Thread 0x0000022aba9e3710 flushing nmethod 0x0000022aa4c14b90
Event: 91.293 Thread 0x0000022aba9e3710 flushing nmethod 0x0000022aa51a6890
Event: 91.294 Thread 0x0000022aba9e3710 flushing nmethod 0x0000022aa52a2790
Event: 91.294 Thread 0x0000022aba9e3710 flushing nmethod 0x0000022aa52a6f90
Event: 91.302 Thread 0x0000022aba9e3710 flushing nmethod 0x0000022aa557ae90
Event: 91.302 Thread 0x0000022aba9e3710 flushing nmethod 0x0000022aa55b9410
Event: 91.302 Thread 0x0000022aba9e3710 flushing nmethod 0x0000022aa55fd910
Event: 91.303 Thread 0x0000022aba9e3710 flushing nmethod 0x0000022aa5731510
Event: 91.304 Thread 0x0000022aba9e3710 flushing nmethod 0x0000022aa57c7c90
Event: 91.305 Thread 0x0000022aba9e3710 flushing nmethod 0x0000022aa586e690
Event: 91.305 Thread 0x0000022aba9e3710 flushing nmethod 0x0000022aa588d110
Event: 91.305 Thread 0x0000022aba9e3710 flushing nmethod 0x0000022aa589c090
Event: 91.306 Thread 0x0000022aba9e3710 flushing nmethod 0x0000022aa58fa390
Event: 91.306 Thread 0x0000022aba9e3710 flushing nmethod 0x0000022aa5980890
Event: 91.307 Thread 0x0000022aba9e3710 flushing nmethod 0x0000022aa5a13310
Event: 91.309 Thread 0x0000022aba9e3710 flushing nmethod 0x0000022aa5c03890


Dynamic libraries:
0x00007ff6b75f0000 - 0x00007ff6b75fe000 	c:\Users\bayes\.vscode\extensions\redhat.java-1.35.0-win32-x64\jre\17.0.12-win32-x86_64\bin\java.exe
0x00007fff64210000 - 0x00007fff64408000 	C:\Windows\SYSTEM32\ntdll.dll
0x00007fff62270000 - 0x00007fff6232f000 	C:\Windows\System32\KERNEL32.DLL
0x00007fff61b40000 - 0x00007fff61e36000 	C:\Windows\System32\KERNELBASE.dll
0x00007fff62170000 - 0x00007fff62270000 	C:\Windows\System32\ucrtbase.dll
0x00007fff0ff40000 - 0x00007fff0ff57000 	c:\Users\bayes\.vscode\extensions\redhat.java-1.35.0-win32-x64\jre\17.0.12-win32-x86_64\bin\jli.dll
0x00007fff62e80000 - 0x00007fff6301d000 	C:\Windows\System32\USER32.dll
0x00007fff61e40000 - 0x00007fff61e62000 	C:\Windows\System32\win32u.dll
0x00007fff632f0000 - 0x00007fff6331c000 	C:\Windows\System32\GDI32.dll
0x00007fff61e70000 - 0x00007fff61f85000 	C:\Windows\System32\gdi32full.dll
0x00007fff61f90000 - 0x00007fff6202d000 	C:\Windows\System32\msvcp_win.dll
0x00007fff03f50000 - 0x00007fff03f6b000 	c:\Users\bayes\.vscode\extensions\redhat.java-1.35.0-win32-x64\jre\17.0.12-win32-x86_64\bin\VCRUNTIME140.dll
0x00007fff60cf0000 - 0x00007fff60f8a000 	C:\Windows\WinSxS\amd64_microsoft.windows.common-controls_6595b64144ccf1df_6.0.19041.1110_none_60b5254171f9507e\COMCTL32.dll
0x00007fff63320000 - 0x00007fff633be000 	C:\Windows\System32\msvcrt.dll
0x00007fff62330000 - 0x00007fff62360000 	C:\Windows\System32\IMM32.DLL
0x00007fff0ff30000 - 0x00007fff0ff3c000 	c:\Users\bayes\.vscode\extensions\redhat.java-1.35.0-win32-x64\jre\17.0.12-win32-x86_64\bin\vcruntime140_1.dll
0x00007fff031a0000 - 0x00007fff0322d000 	c:\Users\bayes\.vscode\extensions\redhat.java-1.35.0-win32-x64\jre\17.0.12-win32-x86_64\bin\msvcp140.dll
0x00007fff02530000 - 0x00007fff0319a000 	c:\Users\bayes\.vscode\extensions\redhat.java-1.35.0-win32-x64\jre\17.0.12-win32-x86_64\bin\server\jvm.dll
0x00007fff62490000 - 0x00007fff6253f000 	C:\Windows\System32\ADVAPI32.dll
0x00007fff63900000 - 0x00007fff6399c000 	C:\Windows\System32\sechost.dll
0x00007fff62360000 - 0x00007fff62486000 	C:\Windows\System32\RPCRT4.dll
0x00007fff63420000 - 0x00007fff6348b000 	C:\Windows\System32\WS2_32.dll
0x00007fff61510000 - 0x00007fff6155b000 	C:\Windows\SYSTEM32\POWRPROF.dll
0x00007fff3e090000 - 0x00007fff3e0b7000 	C:\Windows\SYSTEM32\WINMM.dll
0x00007fff58e80000 - 0x00007fff58e8a000 	C:\Windows\SYSTEM32\VERSION.dll
0x00007fff60f90000 - 0x00007fff60fa2000 	C:\Windows\SYSTEM32\UMPDC.dll
0x00007fff5fac0000 - 0x00007fff5fad2000 	C:\Windows\SYSTEM32\kernel.appcore.dll
0x00007fff07940000 - 0x00007fff0794a000 	c:\Users\bayes\.vscode\extensions\redhat.java-1.35.0-win32-x64\jre\17.0.12-win32-x86_64\bin\jimage.dll
0x00007fff61320000 - 0x00007fff61504000 	C:\Windows\SYSTEM32\DBGHELP.DLL
0x00007fff610c0000 - 0x00007fff610f4000 	C:\Windows\SYSTEM32\dbgcore.DLL
0x00007fff620e0000 - 0x00007fff62162000 	C:\Windows\System32\bcryptPrimitives.dll
0x00007fff02520000 - 0x00007fff0252e000 	c:\Users\bayes\.vscode\extensions\redhat.java-1.35.0-win32-x64\jre\17.0.12-win32-x86_64\bin\instrument.dll
0x00007fff024f0000 - 0x00007fff02515000 	c:\Users\bayes\.vscode\extensions\redhat.java-1.35.0-win32-x64\jre\17.0.12-win32-x86_64\bin\java.dll
0x00007fff024d0000 - 0x00007fff024e8000 	c:\Users\bayes\.vscode\extensions\redhat.java-1.35.0-win32-x64\jre\17.0.12-win32-x86_64\bin\zip.dll
0x00007fff63a80000 - 0x00007fff641c4000 	C:\Windows\System32\SHELL32.dll
0x00007fff5f320000 - 0x00007fff5fab3000 	C:\Windows\SYSTEM32\windows.storage.dll
0x00007fff625a0000 - 0x00007fff628f4000 	C:\Windows\System32\combase.dll
0x00007fff60c50000 - 0x00007fff60c7e000 	C:\Windows\SYSTEM32\Wldp.dll
0x00007fff63240000 - 0x00007fff632ed000 	C:\Windows\System32\SHCORE.dll
0x00007fff62540000 - 0x00007fff62595000 	C:\Windows\System32\shlwapi.dll
0x00007fff61830000 - 0x00007fff6184f000 	C:\Windows\SYSTEM32\profapi.dll
0x00007fff024b0000 - 0x00007fff024c9000 	C:\Users\bayes\.vscode\extensions\redhat.java-1.35.0-win32-x64\jre\17.0.12-win32-x86_64\bin\net.dll
0x00007fff52280000 - 0x00007fff5238a000 	C:\Windows\SYSTEM32\WINHTTP.dll
0x00007fff60b20000 - 0x00007fff60b8a000 	C:\Windows\system32\mswsock.dll
0x00007fff02490000 - 0x00007fff024a6000 	C:\Users\bayes\.vscode\extensions\redhat.java-1.35.0-win32-x64\jre\17.0.12-win32-x86_64\bin\nio.dll
0x00007fff02480000 - 0x00007fff02490000 	c:\Users\bayes\.vscode\extensions\redhat.java-1.35.0-win32-x64\jre\17.0.12-win32-x86_64\bin\verify.dll
0x00007fff07100000 - 0x00007fff07145000 	C:\Users\bayes\AppData\Roaming\Code\User\globalStorage\redhat.java\1.35.0\config_win\org.eclipse.equinox.launcher\org.eclipse.equinox.launcher.win32.win32.x86_64_1.2.1100.v20240722-2106\eclipse_11904.dll
0x00007fff62d40000 - 0x00007fff62e6a000 	C:\Windows\System32\ole32.dll
0x00007fff61680000 - 0x00007fff61698000 	C:\Windows\SYSTEM32\CRYPTSP.dll
0x00007fff602c0000 - 0x00007fff602f4000 	C:\Windows\system32\rsaenh.dll
0x00007fff61960000 - 0x00007fff61987000 	C:\Windows\System32\bcrypt.dll
0x00007fff617b0000 - 0x00007fff617de000 	C:\Windows\SYSTEM32\USERENV.dll
0x00007fff60c10000 - 0x00007fff60c1c000 	C:\Windows\SYSTEM32\CRYPTBASE.dll
0x00007fff606a0000 - 0x00007fff606dc000 	C:\Windows\SYSTEM32\IPHLPAPI.DLL
0x00007fff62b60000 - 0x00007fff62b68000 	C:\Windows\System32\NSI.dll
0x00007fff52670000 - 0x00007fff52687000 	C:\Windows\SYSTEM32\dhcpcsvc6.DLL
0x00007fff58660000 - 0x00007fff5867d000 	C:\Windows\SYSTEM32\dhcpcsvc.DLL
0x00007fff606e0000 - 0x00007fff607ab000 	C:\Windows\SYSTEM32\DNSAPI.dll
0x00007fff4d780000 - 0x00007fff4d7c9000 	C:\Users\bayes\AppData\Local\Temp\jna-93514312\jna8950740102540960297.dll
0x00007fff63150000 - 0x00007fff63158000 	C:\Windows\System32\PSAPI.DLL
0x00007fff06b60000 - 0x00007fff06b87000 	C:\Users\bayes\.gradle\native\c067742578af261105cb4f569cf0c3c89f3d7b1fecec35dd04571415982c5e48\windows-amd64\native-platform.dll
0x00007fff3be60000 - 0x00007fff3be69000 	C:\Users\bayes\.vscode\extensions\redhat.java-1.35.0-win32-x64\jre\17.0.12-win32-x86_64\bin\management.dll
0x00007fff071d0000 - 0x00007fff071db000 	C:\Users\bayes\.vscode\extensions\redhat.java-1.35.0-win32-x64\jre\17.0.12-win32-x86_64\bin\management_ext.dll
0x00007fff07150000 - 0x00007fff07159000 	C:\Users\bayes\.vscode\extensions\redhat.java-1.35.0-win32-x64\jre\17.0.12-win32-x86_64\bin\extnet.dll
0x00007fff071c0000 - 0x00007fff071ce000 	C:\Users\bayes\.vscode\extensions\redhat.java-1.35.0-win32-x64\jre\17.0.12-win32-x86_64\bin\sunmscapi.dll
0x00007fff619e0000 - 0x00007fff61b3e000 	C:\Windows\System32\CRYPT32.dll
0x00007fff60cc0000 - 0x00007fff60ce8000 	C:\Windows\SYSTEM32\ncrypt.dll
0x00007fff60c80000 - 0x00007fff60cbb000 	C:\Windows\SYSTEM32\NTASN1.dll
0x00007fff071b0000 - 0x00007fff071b7000 	C:\Windows\system32\wshunix.dll

dbghelp: loaded successfully - version: 4.0.5 - missing functions: none
symbol engine: initialized successfully - sym options: 0x614 - pdb path: .;c:\Users\bayes\.vscode\extensions\redhat.java-1.35.0-win32-x64\jre\17.0.12-win32-x86_64\bin;C:\Windows\SYSTEM32;C:\Windows\WinSxS\amd64_microsoft.windows.common-controls_6595b64144ccf1df_6.0.19041.1110_none_60b5254171f9507e;c:\Users\bayes\.vscode\extensions\redhat.java-1.35.0-win32-x64\jre\17.0.12-win32-x86_64\bin\server;C:\Users\bayes\AppData\Roaming\Code\User\globalStorage\redhat.java\1.35.0\config_win\org.eclipse.equinox.launcher\org.eclipse.equinox.launcher.win32.win32.x86_64_1.2.1100.v20240722-2106;C:\Users\bayes\AppData\Local\Temp\jna-93514312;C:\Users\bayes\.gradle\native\c067742578af261105cb4f569cf0c3c89f3d7b1fecec35dd04571415982c5e48\windows-amd64

VM Arguments:
jvm_args: --add-modules=ALL-SYSTEM --add-opens=java.base/java.util=ALL-UNNAMED --add-opens=java.base/java.lang=ALL-UNNAMED --add-opens=java.base/sun.nio.fs=ALL-UNNAMED -Declipse.application=org.eclipse.jdt.ls.core.id1 -Dosgi.bundles.defaultStartLevel=4 -Declipse.product=org.eclipse.jdt.ls.core.product -Djava.import.generatesMetadataFilesAtProjectRoot=false -DDetectVMInstallationsJob.disabled=true -Dfile.encoding=utf8 -XX:+UseParallelGC -XX:GCTimeRatio=4 -XX:AdaptiveSizePolicyWeight=90 -Dsun.zip.disableMemoryMapping=true -Xmx1G -Xms100m -Xlog:disable -javaagent:c:\Users\bayes\.vscode\extensions\redhat.java-1.35.0-win32-x64\lombok\lombok-1.18.33.jar -XX:+HeapDumpOnOutOfMemoryError -XX:HeapDumpPath=c:\Users\bayes\AppData\Roaming\Code\User\workspaceStorage\168498a9360cd755819b0a706d5edd1a\redhat.java -Daether.dependencyCollector.impl=bf 
java_command: c:\Users\bayes\.vscode\extensions\redhat.java-1.35.0-win32-x64\server\plugins\org.eclipse.equinox.launcher_1.6.900.v20240613-2009.jar -configuration c:\Users\bayes\AppData\Roaming\Code\User\globalStorage\redhat.java\1.35.0\config_win -data c:\Users\bayes\AppData\Roaming\Code\User\workspaceStorage\168498a9360cd755819b0a706d5edd1a\redhat.java\jdt_ws --pipe=\\.\pipe\lsp-29d74900be397b3d3ca567bcc349afc7-sock
java_class_path (initial): c:\Users\bayes\.vscode\extensions\redhat.java-1.35.0-win32-x64\server\plugins\org.eclipse.equinox.launcher_1.6.900.v20240613-2009.jar
Launcher Type: SUN_STANDARD

[Global flags]
    uintx AdaptiveSizePolicyWeight                 = 90                                        {product} {command line}
     intx CICompilerCount                          = 3                                         {product} {ergonomic}
    uintx GCTimeRatio                              = 4                                         {product} {command line}
     bool HeapDumpOnOutOfMemoryError               = true                                   {manageable} {command line}
    ccstr HeapDumpPath                             = c:\Users\bayes\AppData\Roaming\Code\User\workspaceStorage\168498a9360cd755819b0a706d5edd1a\redhat.java         {manageable} {command line}
   size_t InitialHeapSize                          = 104857600                                 {product} {command line}
   size_t MaxHeapSize                              = 1073741824                                {product} {command line}
   size_t MaxNewSize                               = 357564416                                 {product} {ergonomic}
   size_t MinHeapDeltaBytes                        = 524288                                    {product} {ergonomic}
   size_t MinHeapSize                              = 104857600                                 {product} {command line}
   size_t NewSize                                  = 34603008                                  {product} {ergonomic}
    uintx NonNMethodCodeHeapSize                   = 5832780                                {pd product} {ergonomic}
    uintx NonProfiledCodeHeapSize                  = 122912730                              {pd product} {ergonomic}
   size_t OldSize                                  = 70254592                                  {product} {ergonomic}
    uintx ProfiledCodeHeapSize                     = 122912730                              {pd product} {ergonomic}
    uintx ReservedCodeCacheSize                    = 251658240                              {pd product} {ergonomic}
     bool SegmentedCodeCache                       = true                                      {product} {ergonomic}
   size_t SoftMaxHeapSize                          = 1073741824                             {manageable} {ergonomic}
     bool UseCompressedClassPointers               = true                           {product lp64_product} {ergonomic}
     bool UseCompressedOops                        = true                           {product lp64_product} {ergonomic}
     bool UseLargePagesIndividualAllocation        = false                                  {pd product} {ergonomic}
     bool UseParallelGC                            = true                                      {product} {command line}

Logging:
Log output configuration:
 #0: stdout all=off uptime,level,tags
 #1: stderr all=off uptime,level,tags

Environment Variables:
JAVA_HOME=C:\Program Files\Java\jdk-21
PATH=C:\Program Files\Eclipse Adoptium\jdk-21.0.4.7-hotspot\bin;C:\Program Files\Common Files\Oracle\Java\javapath;C:\Windows\system32;C:\Windows;C:\Windows\System32\Wbem;C:\Windows\System32\WindowsPowerShell\v1.0\;C:\Windows\System32\OpenSSH\;C:\Program Files\Java\jdk-21;C:\Users\bayes\AppData\Local\Microsoft\WindowsApps;C:\Users\bayes\AppData\Local\Programs\Microsoft VS Code\bin;C:\Program Files\gradle-8.10.2\bin;
USERNAME=bayes
OS=Windows_NT
PROCESSOR_IDENTIFIER=Intel64 Family 6 Model 78 Stepping 3, GenuineIntel
TMP=C:\Users\bayes\AppData\Local\Temp
TEMP=C:\Users\bayes\AppData\Local\Temp



Periodic native trim disabled


---------------  S Y S T E M  ---------------

OS:
 Windows 10 , 64 bit Build 19041 (10.0.19041.2913)
OS uptime: 0 days 0:23 hours

CPU: total 4 (initial active 4) (2 cores per cpu, 2 threads per core) family 6 model 78 stepping 3 microcode 0xcc, cx8, cmov, fxsr, ht, mmx, 3dnowpref, sse, sse2, sse3, ssse3, sse4.1, sse4.2, popcnt, lzcnt, tsc, tscinvbit, avx, avx2, aes, erms, clmul, bmi1, bmi2, rtm, adx, fma, vzeroupper, clflush, clflushopt
Processor Information for processor 0
  Max Mhz: 2496, Current Mhz: 2396, Mhz Limit: 2396
Processor Information for processor 1
  Max Mhz: 2496, Current Mhz: 1497, Mhz Limit: 2396
Processor Information for processor 2
  Max Mhz: 2496, Current Mhz: 2396, Mhz Limit: 2396
Processor Information for processor 3
  Max Mhz: 2496, Current Mhz: 2396, Mhz Limit: 2396

Memory: 4k page, system-wide physical 7854M (1315M free)
TotalPageFile size 15790M (AvailPageFile size 5941M)
current process WorkingSet (physical memory assigned to process): 734M, peak: 864M
current process commit charge ("private bytes"): 639M, peak: 767M

vm_info: OpenJDK 64-Bit Server VM (17.0.12+7) for windows-amd64 JRE (17.0.12+7), built on Jul 16 2024 22:08:24 by "admin" with MS VC++ 16.10 / 16.11 (VS2019)

END.
