#
# A fatal error has been detected by the Java Runtime Environment:
#
#  EXCEPTION_ACCESS_VIOLATION (0xc0000005) at pc=0x00007fff075eec28, pid=11380, tid=3100
#
# JRE version: Java(TM) SE Runtime Environment (21.0.4+8) (build 21.0.4+8-LTS-274)
# Java VM: Java HotSpot(TM) 64-Bit Server VM (21.0.4+8-LTS-274, mixed mode, sharing, tiered, compressed oops, compressed class ptrs, g1 gc, windows-amd64)
# Problematic frame:
# V  [jvm.dll+0x7bec28]
#
# No core dump will be written. Minidumps are not enabled by default on client versions of Windows
#
# If you would like to submit a bug report, please visit:
#   https://bugreport.java.com/bugreport/crash.jsp
#

---------------  S U M M A R Y ------------

Command Line: --add-opens=java.base/java.util=ALL-UNNAMED --add-opens=java.base/java.lang=ALL-UNNAMED --add-opens=java.base/java.lang.invoke=ALL-UNNAMED --add-opens=java.prefs/java.util.prefs=ALL-UNNAMED --add-opens=java.base/java.nio.charset=ALL-UNNAMED --add-opens=java.base/java.net=ALL-UNNAMED --add-opens=java.base/java.util.concurrent.atomic=ALL-UNNAMED -XX:MaxMetaspaceSize=384m -XX:+HeapDumpOnOutOfMemoryError -Xms256m -Xmx512m -Dfile.encoding=utf8 -Duser.country=FR -Duser.language=fr -Duser.variant -javaagent:C:\Users\bayes\.gradle\wrapper\dists\gradle-8.5-bin\5t9huq95ubn472n8rpzujfbqh\gradle-8.5\lib\agents\gradle-instrumentation-agent-8.5.jar org.gradle.launcher.daemon.bootstrap.GradleDaemon 8.5

Host: Intel(R) Core(TM) i5-6300U CPU @ 2.40GHz, 4 cores, 7G,  Windows 10 , 64 bit Build 19041 (10.0.19041.2913)
Time: Thu Sep 26 21:32:12 2024 Paris, Madrid (heure duild 19041 (10.0.19041.2913) elapsed time: 11.935432 seconds (0d 0h 0m 11s)

---------------  T H R E A D  ---------------

Current thread (0x00000174738b8960):  JavaThread "C2 CompilerThread1" daemon [_thread_in_vm, id=3100, stack(0x0000001c27700000,0x0000001c27800000) (1024K)]


Current CompileTask:
C2:  11935 4225  s    4       jdk.internal.loader.Resource::cachedInputStream (20 bytes)

Stack: [0x0000001c27700000,0x0000001c27800000],  sp=0x0000001c277fef50,  free space=1019k
Native frames: (J=compiled Java code, j=interpreted, Vv=VM code, C=native code)
V  [jvm.dll+0x7bec28]
V  [jvm.dll+0x1fc2b4]
V  [jvm.dll+0x1e5371]
V  [jvm.dll+0x254f5d]
V  [jvm.dll+0x2532da]
V  [jvm.dll+0x3ed426]
V  [jvm.dll+0x7fd65b]
V  [jvm.dll+0x6c753d]
C  [ucrtbase.dll+0x21bb2]
C  [KERNEL32.DLL+0x17614]
C  [ntdll.dll+0x526a1]


siginfo: EXCEPTION_ACCESS_VIOLATION (0xc0000005), writing address 0x00007fff077da300


Registers:
RAX=0x0000000007033dd0, RBX=0x00000000000000d4, RCX=0x00007fff077da300, RDX=0x0000000007033dcf
RSP=0x0000001c277fef50, RBP=0x0000000000000070, RSI=0x0000017473c83380, RDI=0x00000000000006a0
R8 =0x0000001c277fe583, R9 =0x000000007ffed000, R10=0x00000000546c6148, R11=0x000000008b7b31ed
R12=0x0000000000000000, R13=0x0000000000000000, R14=0x0000000000000020, R15=0x0000000000000000
RIP=0x00007fff075eec28, EFLAGS=0x0000000000010202


Register to memory mapping:

RAX=0x0000000007033dd0 is an unknown value
RBX=0x00000000000000d4 is an unknown value
RCX=0x00007fff077da300 jvm.dll
RDX=0x0000000007033dcf is an unknown value
RSP=0x0000001c277fef50 is pointing into the stack for thread: 0x00000174738b8960
RBP=0x0000000000000070 is an unknown value
RSI=0x0000017473c83380 points into unknown readable memory: 0x0000001c277ff448 | 48 f4 7f 27 1c 00 00 00
RDI=0x00000000000006a0 is an unknown value
R8 =0x0000001c277fe583 is pointing into the stack for thread: 0x00000174738b8960
R9 =0x000000007ffed000 points into unknown readable memory: 0x00000000546c6148 | 48 61 6c 54 00 00 00 00
R10=0x00000000546c6148 is an unknown value
R11=0x000000008b7b31ed is an unknown value
R12=0x0 is null
R13=0x0 is null
R14=0x0000000000000020 is an unknown value
R15=0x0 is null

Top of Stack: (sp=0x0000001c277fef50)
0x0000001c277fef50:   0000000000000000 00007fff076386d4
0x0000001c277fef60:   00000009242ccdf0 0000000000000000
0x0000001c277fef70:   00000000071a9599 00007fff0702c2b4
0x0000001c277fef80:   0000001c277ff260 00007fff07638877
0x0000001c277fef90:   000058a237907bf1 000001745716dfa0
0x0000001c277fefa0:   0000001c277ff440 00007fff07015371
0x0000001c277fefb0:   00000174738b8960 00000174738b8960
0x0000001c277fefc0:   0000000000000000 0000001c277ff0e0
0x0000001c277fefd0:   0000000000000000 00007fff07084f5d
0x0000001c277fefe0:   0000017456d7ed60 0000017456ec4bb0
0x0000001c277feff0:   0000001c277ff0e0 00000174738b8960
0x0000001c277ff000:   0000017470475301 0000017456ec4bb0
0x0000001c277ff010:   0000000000000000 0000000000000000
0x0000001c277ff020:   0000000000000000 0000000000000000
0x0000001c277ff030:   ffffffff00000000 0000017456ec4bb0
0x0000001c277ff040:   000001743cb1ea20 0000000000000004
0x0000001c277ff050:   0000000000000000 0000017472865100
0x0000001c277ff060:   0000000070139f00 0000000000001081
0x0000001c277ff070:   00000000000003d8 00000174704753a0
0x0000001c277ff080:   0000017457409780 00000174738b8960
0x0000001c277ff090:   00000174749690b0 0000000000000000
0x0000001c277ff0a0:   000001745716dfa0 00000174738b8960
0x0000001c277ff0b0:   000000000009e4c4 0000000000000000
0x0000001c277ff0c0:   0000000000000000 00000174704753a0
0x0000001c277ff0d0:   0000017470475778 000001745716dfa0
0x0000001c277ff0e0:   0000017470475390 0000000000000000
0x0000001c277ff0f0:   0000000000000000 00000000000003d8
0x0000001c277ff100:   0000000000000000 0000000000000000
0x0000001c277ff110:   0000000000000000 0000000000000000
0x0000001c277ff120:   0000000000000000 0000000000000000
0x0000001c277ff130:   0000000000000000 0000000000000000
0x0000001c277ff140:   0000000000000000 0000000000000000 

Instructions: (pc=0x00007fff075eec28)
0x00007fff075eeb28:   c6 00 2e 48 ff c0 48 83 ea 01 75 ef 49 8b c0 48
0x00007fff075eeb38:   83 c4 28 c3 cc cc cc cc 48 89 5c 24 08 48 89 6c
0x00007fff075eeb48:   24 10 48 89 74 24 18 57 48 83 ec 20 0f b7 51 04
0x00007fff075eeb58:   48 8b f1 48 83 c1 06 e8 ac 79 06 00 33 d2 8d 58
0x00007fff075eeb68:   01 48 63 cb e8 0f f8 f5 ff 0f b7 56 04 48 8d 4e
0x00007fff075eeb78:   06 44 8b cb 4c 8b c0 48 8b f8 e8 d9 72 06 00 48
0x00007fff075eeb88:   8b 5c 24 30 48 8b c7 48 8b 6c 24 38 48 8b 74 24
0x00007fff075eeb98:   40 48 83 c4 20 5f c3 cc 48 89 5c 24 18 48 89 74
0x00007fff075eeba8:   24 20 57 48 83 ec 20 48 8b da 48 8d 71 06 0f b7
0x00007fff075eebb8:   51 04 4c 8d 4c 24 30 48 8b ce 4c 8d 44 24 38 e8
0x00007fff075eebc8:   b4 7a 06 00 48 63 c8 33 d2 48 03 c9 89 03 e8 a5
0x00007fff075eebd8:   f7 f5 ff 44 8b 03 48 8b f8 45 85 c0 7e 0e 48 8b
0x00007fff075eebe8:   d0 48 8b ce e8 ff 6e 06 00 48 8b c7 48 8b 5c 24
0x00007fff075eebf8:   40 48 8b 74 24 48 48 83 c4 20 5f c3 cc cc cc cc
0x00007fff075eec08:   cc cc cc cc cc cc cc cc 48 83 ec 28 8b 01 0f b7
0x00007fff075eec18:   d0 81 fa ff ff 00 00 74 18 85 d2 74 19 8d 50 ff
0x00007fff075eec28:   f0 0f b1 11 74 0b 0f b7 d0 81 fa ff ff 00 00 75
0x00007fff075eec38:   e8 48 83 c4 28 c3 e8 8d 04 00 00 4c 8d 0d 5e 43
0x00007fff075eec48:   28 00 41 b8 52 01 00 00 48 8d 15 21 43 28 00 b9
0x00007fff075eec58:   00 00 00 e0 e8 3f e6 ab ff cc cc cc cc cc cc cc
0x00007fff075eec68:   cc cc cc cc cc cc cc cc 48 83 ec 28 8b 01 0f b7
0x00007fff075eec78:   d0 81 fa ff ff 00 00 74 18 85 d2 74 19 8d 50 01
0x00007fff075eec88:   f0 0f b1 11 74 0b 0f b7 d0 81 fa ff ff 00 00 75
0x00007fff075eec98:   e8 48 83 c4 28 c3 e8 2d 04 00 00 4c 8d 0d ae 42
0x00007fff075eeca8:   28 00 41 b8 3d 01 00 00 48 8d 15 c1 42 28 00 b9
0x00007fff075eecb8:   00 00 00 e0 e8 df e5 ab ff cc cc cc cc cc cc cc
0x00007fff075eecc8:   cc cc cc cc cc cc cc cc 40 55 41 57 48 83 ec 38
0x00007fff075eecd8:   49 63 e9 4d 8b f8 45 85 c9 7f 0a 33 c0 48 83 c4
0x00007fff075eece8:   38 41 5f 5d c3 48 89 5c 24 50 48 89 74 24 58 0f
0x00007fff075eecf8:   b7 71 04 48 89 7c 24 60 48 2b f5 4c 89 64 24 30
0x00007fff075eed08:   4c 89 6c 24 28 4c 8d 69 06 48 63 da 49 03 f5 49
0x00007fff075eed18:   03 dd 4c 89 74 24 20 48 3b de 77 62 41 0f be 00 


Stack slot to memory mapping:

stack at sp + 0 slots: 0x0 is null
stack at sp + 1 slots: 0x00007fff076386d4 jvm.dll
stack at sp + 2 slots: 0x00000009242ccdf0 is an unknown value
stack at sp + 3 slots: 0x0 is null
stack at sp + 4 slots: 0x00000000071a9599 is an unknown value
stack at sp + 5 slots: 0x00007fff0702c2b4 jvm.dll
stack at sp + 6 slots: 0x0000001c277ff260 is pointing into the stack for thread: 0x00000174738b8960
stack at sp + 7 slots: 0x00007fff07638877 jvm.dll


---------------  P R O C E S S  ---------------

Threads class SMR info:
_java_thread_list=0x0000017470df55c0, length=35, elements={
0x000001743cb17770, 0x000001747013cab0, 0x000001747013d3e0, 0x000001747013ea60,
0x000001747013f0d0, 0x000001747013f740, 0x0000017470143dc0, 0x0000017470144760,
0x0000017456ede400, 0x0000017456eb3b50, 0x0000017470352f80, 0x0000017471fa1d40,
0x0000017471cf9f30, 0x0000017472021760, 0x0000017471f29770, 0x0000017471f45820,
0x0000017472044210, 0x0000017472044880, 0x0000017472091ea0, 0x0000017472090af0,
0x0000017472091810, 0x0000017472091180, 0x0000017472092bc0, 0x0000017472090460,
0x0000017472093250, 0x000001747208fdd0, 0x0000017474e59ff0, 0x0000017474e592d0,
0x0000017474e59960, 0x0000017474e5ba30, 0x0000017474e5c0c0, 0x0000017474e58c40,
0x0000017474e564e0, 0x0000017474e57200, 0x00000174738b8960
}

Java Threads: ( => current thread )
  0x000001743cb17770 JavaThread "main"                              [_thread_blocked, id=11804, stack(0x0000001c25600000,0x0000001c25700000) (1024K)]
  0x000001747013cab0 JavaThread "Reference Handler"          daemon [_thread_blocked, id=8512, stack(0x0000001c25e00000,0x0000001c25f00000) (1024K)]
  0x000001747013d3e0 JavaThread "Finalizer"                  daemon [_thread_blocked, id=7616, stack(0x0000001c25f00000,0x0000001c26000000) (1024K)]
  0x000001747013ea60 JavaThread "Signal Dispatcher"          daemon [_thread_blocked, id=1712, stack(0x0000001c26000000,0x0000001c26100000) (1024K)]
  0x000001747013f0d0 JavaThread "Attach Listener"            daemon [_thread_blocked, id=9532, stack(0x0000001c26100000,0x0000001c26200000) (1024K)]
  0x000001747013f740 JavaThread "Service Thread"             daemon [_thread_blocked, id=3612, stack(0x0000001c26200000,0x0000001c26300000) (1024K)]
  0x0000017470143dc0 JavaThread "Monitor Deflation Thread"   daemon [_thread_blocked, id=7060, stack(0x0000001c26300000,0x0000001c26400000) (1024K)]
  0x0000017470144760 JavaThread "C2 CompilerThread0"         daemon [_thread_blocked, id=5016, stack(0x0000001c26400000,0x0000001c26500000) (1024K)]
  0x0000017456ede400 JavaThread "C1 CompilerThread0"         daemon [_thread_blocked, id=1220, stack(0x0000001c26500000,0x0000001c26600000) (1024K)]
  0x0000017456eb3b50 JavaThread "Common-Cleaner"             daemon [_thread_blocked, id=11144, stack(0x0000001c26600000,0x0000001c26700000) (1024K)]
  0x0000017470352f80 JavaThread "Notification Thread"        daemon [_thread_blocked, id=748, stack(0x0000001c26700000,0x0000001c26800000) (1024K)]
  0x0000017471fa1d40 JavaThread "Daemon health stats"               [_thread_blocked, id=10092, stack(0x0000001c26800000,0x0000001c26900000) (1024K)]
  0x0000017471cf9f30 JavaThread "Incoming local TCP Connector on port 53696"        [_thread_in_native, id=9772, stack(0x0000001c26c00000,0x0000001c26d00000) (1024K)]
  0x0000017472021760 JavaThread "Daemon periodic checks"            [_thread_blocked, id=14244, stack(0x0000001c26d00000,0x0000001c26e00000) (1024K)]
  0x0000017471f29770 JavaThread "Daemon"                            [_thread_blocked, id=9168, stack(0x0000001c26e00000,0x0000001c26f00000) (1024K)]
  0x0000017471f45820 JavaThread "Handler for socket connection from /127.0.0.1:53696 to /127.0.0.1:53697"        [_thread_in_native, id=4736, stack(0x0000001c26f00000,0x0000001c27000000) (1024K)]
  0x0000017472044210 JavaThread "Cancel handler"                    [_thread_blocked, id=8976, stack(0x0000001c27000000,0x0000001c27100000) (1024K)]
  0x0000017472044880 JavaThread "Daemon worker"                     [_thread_blocked, id=4976, stack(0x0000001c27100000,0x0000001c27200000) (1024K)]
  0x0000017472091ea0 JavaThread "Asynchronous log dispatcher for DefaultDaemonConnection: socket connection from /127.0.0.1:53696 to /127.0.0.1:53697"        [_thread_blocked, id=1468, stack(0x0000001c27200000,0x0000001c27300000) (1024K)]
  0x0000017472090af0 JavaThread "Stdin handler"                     [_thread_blocked, id=2912, stack(0x0000001c27300000,0x0000001c27400000) (1024K)]
  0x0000017472091810 JavaThread "Daemon client event forwarder"        [_thread_blocked, id=7912, stack(0x0000001c27400000,0x0000001c27500000) (1024K)]
  0x0000017472091180 JavaThread "Cache worker for journal cache (C:\Users\bayes\.gradle\caches\journal-1)"        [_thread_blocked, id=7076, stack(0x0000001c27500000,0x0000001c27600000) (1024K)]
  0x0000017472092bc0 JavaThread "File lock request listener"        [_thread_in_native, id=3044, stack(0x0000001c27600000,0x0000001c27700000) (1024K)]
  0x0000017472090460 JavaThread "Cache worker for file hash cache (C:\Users\bayes\.gradle\caches\8.5\fileHashes)"        [_thread_blocked, id=13736, stack(0x0000001c27800000,0x0000001c27900000) (1024K)]
  0x0000017472093250 JavaThread "File watcher server"        daemon [_thread_in_native, id=12912, stack(0x0000001c27900000,0x0000001c27a00000) (1024K)]
  0x000001747208fdd0 JavaThread "File watcher consumer"      daemon [_thread_blocked, id=3472, stack(0x0000001c27a00000,0x0000001c27b00000) (1024K)]
  0x0000017474e59ff0 JavaThread "Cache worker for checksums cache (C:\Users\bayes\Downloads\Projet_classe_kata-main\.gradle\8.5\checksums)"        [_thread_blocked, id=636, stack(0x0000001c27b00000,0x0000001c27c00000) (1024K)]
  0x0000017474e592d0 JavaThread "Cache worker for file hash cache (C:\Users\bayes\Downloads\Projet_classe_kata-main\.gradle\8.5\fileHashes)"        [_thread_blocked, id=8744, stack(0x0000001c27c00000,0x0000001c27d00000) (1024K)]
  0x0000017474e59960 JavaThread "Cache worker for cache directory md-supplier (C:\Users\bayes\.gradle\caches\8.5\md-supplier)"        [_thread_blocked, id=11636, stack(0x0000001c27d00000,0x0000001c27e00000) (1024K)]
  0x0000017474e5ba30 JavaThread "Cache worker for cache directory md-rule (C:\Users\bayes\.gradle\caches\8.5\md-rule)"        [_thread_blocked, id=7840, stack(0x0000001c27e00000,0x0000001c27f00000) (1024K)]
  0x0000017474e5c0c0 JavaThread "Cache worker for file content cache (C:\Users\bayes\.gradle\caches\8.5\fileContent)"        [_thread_blocked, id=11560, stack(0x0000001c27f00000,0x0000001c28000000) (1024K)]
  0x0000017474e58c40 JavaThread "Cache worker for execution history cache (C:\Users\bayes\.gradle\caches\8.5\executionHistory)"        [_thread_blocked, id=3636, stack(0x0000001c28000000,0x0000001c28100000) (1024K)]
  0x0000017474e564e0 JavaThread "jar transforms"                    [_thread_blocked, id=8932, stack(0x0000001c28100000,0x0000001c28200000) (1024K)]
  0x0000017474e57200 JavaThread "jar transforms Thread 2"           [_thread_blocked, id=13536, stack(0x0000001c28200000,0x0000001c28300000) (1024K)]
=>0x00000174738b8960 JavaThread "C2 CompilerThread1"         daemon [_thread_in_vm, id=3100, stack(0x0000001c27700000,0x0000001c27800000) (1024K)]
Total: 35

Other Threads:
  0x0000017456ec56d0 VMThread "VM Thread"                           [id=13336, stack(0x0000001c25d00000,0x0000001c25e00000) (1024K)] _threads_hazard_ptr=0x0000017470df55c0
  0x0000017456eb3240 WatcherThread "VM Periodic Task Thread"        [id=9336, stack(0x0000001c25c00000,0x0000001c25d00000) (1024K)]
  0x000001743cb40c30 WorkerThread "GC Thread#0"                     [id=3216, stack(0x0000001c25700000,0x0000001c25800000) (1024K)]
  0x00000174705f3cc0 WorkerThread "GC Thread#1"                     [id=11472, stack(0x0000001c26900000,0x0000001c26a00000) (1024K)]
  0x00000174705a95c0 WorkerThread "GC Thread#2"                     [id=8588, stack(0x0000001c26a00000,0x0000001c26b00000) (1024K)]
  0x00000174705a9960 WorkerThread "GC Thread#3"                     [id=6964, stack(0x0000001c26b00000,0x0000001c26c00000) (1024K)]
  0x000001743cb45b10 ConcurrentGCThread "G1 Main Marker"            [id=9884, stack(0x0000001c25800000,0x0000001c25900000) (1024K)]
  0x000001743cb46510 WorkerThread "G1 Conc#0"                       [id=12792, stack(0x0000001c25900000,0x0000001c25a00000) (1024K)]
  0x0000017456d81250 ConcurrentGCThread "G1 Refine#0"               [id=12944, stack(0x0000001c25a00000,0x0000001c25b00000) (1024K)]
  0x0000017456d837f0 ConcurrentGCThread "G1 Service"                [id=11788, stack(0x0000001c25b00000,0x0000001c25c00000) (1024K)]
Total: 10

Threads with active compile tasks:
C2 CompilerThread0    12154 4132       4       jdk.internal.jimage.ImageLocation::getFullName (109 bytes)
C2 CompilerThread1    12154 4225  s    4       jdk.internal.loader.Resource::cachedInputStream (20 bytes)
Total: 2

VM state: synchronizing (normal execution)

VM Mutex/Monitor currently owned by a thread:  ([mutex/lock_event])
[0x00007fff07a67e98] Threads_lock - owner thread: 0x0000017456ec56d0
[0x00007fff07a67f98] Heap_lock - owner thread: 0x0000017472044880

Heap address: 0x00000000e0000000, size: 512 MB, Compressed Oops mode: 32-bit

CDS archive(s) mapped at: [0x0000017457000000-0x0000017457c90000-0x0000017457c90000), size 13172736, SharedBaseAddress: 0x0000017457000000, ArchiveRelocationMode: 1.
Compressed class space mapped at: 0x0000017458000000-0x000001746c000000, reserved size: 335544320
Narrow klass base: 0x0000017457000000, Narrow klass shift: 0, Narrow klass range: 0x100000000

GC Precious Log:
 CardTable entry size: 512
 Card Set container configuration: InlinePtr #cards 5 size 8 Array Of Cards #cards 12 size 40 Howl #buckets 4 coarsen threshold 1843 Howl Bitmap #cards 512 size 80 coarsen threshold 460 Card regions per heap region 1 cards per card region 2048
 CPUs: 4 total, 4 available
 Memory: 7854M
 Large Page Support: Disabled
 NUMA Support: Disabled
 Compressed Oops: Enabled (32-bit)
 Heap Region Size: 1M
 Heap Min Capacity: 256M
 Heap Initial Capacity: 256M
 Heap Max Capacity: 512M
 Pre-touch: Disabled
 Parallel Workers: 4
 Concurrent Workers: 1
 Concurrent Refinement Workers: 4
 Periodic GC: Disabled

Heap:
 garbage-first heap   total 262144K, used 38083K [0x00000000e0000000, 0x0000000100000000)
  region size 1024K, 12 young (12288K), 8 survivors (8192K)
 Metaspace       used 35444K, committed 36608K, reserved 393216K
  class space    used 5035K, committed 5632K, reserved 327680K

Heap Regions: E=young(eden), S=young(survivor), O=old, HS=humongous(starts), HC=humongous(continues), CS=collection set, F=free, TAMS=top-at-mark-start, PB=parsable bottom
|   0|0x00000000e0000000, 0x00000000e0100000, 0x00000000e0100000|100%| O|  |TAMS 0x00000000e0000000| PB 0x00000000e0000000| Untracked 
|   1|0x00000000e0100000, 0x00000000e0200000, 0x00000000e0200000|100%|HS|  |TAMS 0x00000000e0100000| PB 0x00000000e0100000| Complete 
|   2|0x00000000e0200000, 0x00000000e0300000, 0x00000000e0300000|100%|HC|  |TAMS 0x00000000e0200000| PB 0x00000000e0200000| Complete 
|   3|0x00000000e0300000, 0x00000000e0400000, 0x00000000e0400000|100%|HC|  |TAMS 0x00000000e0300000| PB 0x00000000e0300000| Complete 
|   4|0x00000000e0400000, 0x00000000e0500000, 0x00000000e0500000|100%|HC|  |TAMS 0x00000000e0400000| PB 0x00000000e0400000| Complete 
|   5|0x00000000e0500000, 0x00000000e0600000, 0x00000000e0600000|100%| O|  |TAMS 0x00000000e0500000| PB 0x00000000e0500000| Untracked 
|   6|0x00000000e0600000, 0x00000000e0700000, 0x00000000e0700000|100%| O|  |TAMS 0x00000000e0600000| PB 0x00000000e0600000| Untracked 
|   7|0x00000000e0700000, 0x00000000e0800000, 0x00000000e0800000|100%|HS|  |TAMS 0x00000000e0700000| PB 0x00000000e0700000| Complete 
|   8|0x00000000e0800000, 0x00000000e0900000, 0x00000000e0900000|100%| O|  |TAMS 0x00000000e0800000| PB 0x00000000e0800000| Untracked 
|   9|0x00000000e0900000, 0x00000000e0a00000, 0x00000000e0a00000|100%| O|  |TAMS 0x00000000e0900000| PB 0x00000000e0900000| Untracked 
|  10|0x00000000e0a00000, 0x00000000e0b00000, 0x00000000e0b00000|100%| O|  |TAMS 0x00000000e0a00000| PB 0x00000000e0a00000| Untracked 
|  11|0x00000000e0b00000, 0x00000000e0c00000, 0x00000000e0c00000|100%| O|  |TAMS 0x00000000e0b00000| PB 0x00000000e0b00000| Untracked 
|  12|0x00000000e0c00000, 0x00000000e0d00000, 0x00000000e0d00000|100%| O|  |TAMS 0x00000000e0c00000| PB 0x00000000e0c00000| Untracked 
|  13|0x00000000e0d00000, 0x00000000e0e00000, 0x00000000e0e00000|100%| O|  |TAMS 0x00000000e0d00000| PB 0x00000000e0d00000| Untracked 
|  14|0x00000000e0e00000, 0x00000000e0f00000, 0x00000000e0f00000|100%| O|  |TAMS 0x00000000e0e00000| PB 0x00000000e0e00000| Untracked 
|  15|0x00000000e0f00000, 0x00000000e1000000, 0x00000000e1000000|100%| O|  |TAMS 0x00000000e0f00000| PB 0x00000000e0f00000| Untracked 
|  16|0x00000000e1000000, 0x00000000e1100000, 0x00000000e1100000|100%| O|  |TAMS 0x00000000e1000000| PB 0x00000000e1000000| Untracked 
|  17|0x00000000e1100000, 0x00000000e1200000, 0x00000000e1200000|100%| O|  |TAMS 0x00000000e1100000| PB 0x00000000e1100000| Untracked 
|  18|0x00000000e1200000, 0x00000000e1300000, 0x00000000e1300000|100%| O|  |TAMS 0x00000000e1200000| PB 0x00000000e1200000| Untracked 
|  19|0x00000000e1300000, 0x00000000e1400000, 0x00000000e1400000|100%| O|  |TAMS 0x00000000e1300000| PB 0x00000000e1300000| Untracked 
|  20|0x00000000e1400000, 0x00000000e1500000, 0x00000000e1500000|100%| O|  |TAMS 0x00000000e1400000| PB 0x00000000e1400000| Untracked 
|  21|0x00000000e1500000, 0x00000000e1600000, 0x00000000e1600000|100%| O|  |TAMS 0x00000000e1500000| PB 0x00000000e1500000| Untracked 
|  22|0x00000000e1600000, 0x00000000e1700000, 0x00000000e1700000|100%| O|  |TAMS 0x00000000e1600000| PB 0x00000000e1600000| Untracked 
|  23|0x00000000e1700000, 0x00000000e179e450, 0x00000000e1800000| 61%| O|  |TAMS 0x00000000e1700000| PB 0x00000000e1700000| Untracked 
|  24|0x00000000e1800000, 0x00000000e1900000, 0x00000000e1900000|100%|HS|  |TAMS 0x00000000e1800000| PB 0x00000000e1800000| Complete 
|  25|0x00000000e1900000, 0x00000000e1a00000, 0x00000000e1a00000|100%|HC|  |TAMS 0x00000000e1900000| PB 0x00000000e1900000| Complete 
|  26|0x00000000e1a00000, 0x00000000e1b00000, 0x00000000e1b00000|100%|HS|  |TAMS 0x00000000e1a00000| PB 0x00000000e1a00000| Complete 
|  27|0x00000000e1b00000, 0x00000000e1c00000, 0x00000000e1c00000|100%|HC|  |TAMS 0x00000000e1b00000| PB 0x00000000e1b00000| Complete 
|  28|0x00000000e1c00000, 0x00000000e1c00000, 0x00000000e1d00000|  0%| F|  |TAMS 0x00000000e1c00000| PB 0x00000000e1c00000| Untracked 
|  29|0x00000000e1d00000, 0x00000000e1d00000, 0x00000000e1e00000|  0%| F|  |TAMS 0x00000000e1d00000| PB 0x00000000e1d00000| Untracked 
|  30|0x00000000e1e00000, 0x00000000e1e00000, 0x00000000e1f00000|  0%| F|  |TAMS 0x00000000e1e00000| PB 0x00000000e1e00000| Untracked 
|  31|0x00000000e1f00000, 0x00000000e1f00000, 0x00000000e2000000|  0%| F|  |TAMS 0x00000000e1f00000| PB 0x00000000e1f00000| Untracked 
|  32|0x00000000e2000000, 0x00000000e2000000, 0x00000000e2100000|  0%| F|  |TAMS 0x00000000e2000000| PB 0x00000000e2000000| Untracked 
|  33|0x00000000e2100000, 0x00000000e2100000, 0x00000000e2200000|  0%| F|  |TAMS 0x00000000e2100000| PB 0x00000000e2100000| Untracked 
|  34|0x00000000e2200000, 0x00000000e2200000, 0x00000000e2300000|  0%| F|  |TAMS 0x00000000e2200000| PB 0x00000000e2200000| Untracked 
|  35|0x00000000e2300000, 0x00000000e2300000, 0x00000000e2400000|  0%| F|  |TAMS 0x00000000e2300000| PB 0x00000000e2300000| Untracked 
|  36|0x00000000e2400000, 0x00000000e2400000, 0x00000000e2500000|  0%| F|  |TAMS 0x00000000e2400000| PB 0x00000000e2400000| Untracked 
|  37|0x00000000e2500000, 0x00000000e2500000, 0x00000000e2600000|  0%| F|  |TAMS 0x00000000e2500000| PB 0x00000000e2500000| Untracked 
|  38|0x00000000e2600000, 0x00000000e2600000, 0x00000000e2700000|  0%| F|  |TAMS 0x00000000e2600000| PB 0x00000000e2600000| Untracked 
|  39|0x00000000e2700000, 0x00000000e2700000, 0x00000000e2800000|  0%| F|  |TAMS 0x00000000e2700000| PB 0x00000000e2700000| Untracked 
|  40|0x00000000e2800000, 0x00000000e2800000, 0x00000000e2900000|  0%| F|  |TAMS 0x00000000e2800000| PB 0x00000000e2800000| Untracked 
|  41|0x00000000e2900000, 0x00000000e2900000, 0x00000000e2a00000|  0%| F|  |TAMS 0x00000000e2900000| PB 0x00000000e2900000| Untracked 
|  42|0x00000000e2a00000, 0x00000000e2a00000, 0x00000000e2b00000|  0%| F|  |TAMS 0x00000000e2a00000| PB 0x00000000e2a00000| Untracked 
|  43|0x00000000e2b00000, 0x00000000e2b00000, 0x00000000e2c00000|  0%| F|  |TAMS 0x00000000e2b00000| PB 0x00000000e2b00000| Untracked 
|  44|0x00000000e2c00000, 0x00000000e2c00000, 0x00000000e2d00000|  0%| F|  |TAMS 0x00000000e2c00000| PB 0x00000000e2c00000| Untracked 
|  45|0x00000000e2d00000, 0x00000000e2d00000, 0x00000000e2e00000|  0%| F|  |TAMS 0x00000000e2d00000| PB 0x00000000e2d00000| Untracked 
|  46|0x00000000e2e00000, 0x00000000e2e00000, 0x00000000e2f00000|  0%| F|  |TAMS 0x00000000e2e00000| PB 0x00000000e2e00000| Untracked 
|  47|0x00000000e2f00000, 0x00000000e2f00000, 0x00000000e3000000|  0%| F|  |TAMS 0x00000000e2f00000| PB 0x00000000e2f00000| Untracked 
|  48|0x00000000e3000000, 0x00000000e3000000, 0x00000000e3100000|  0%| F|  |TAMS 0x00000000e3000000| PB 0x00000000e3000000| Untracked 
|  49|0x00000000e3100000, 0x00000000e3100000, 0x00000000e3200000|  0%| F|  |TAMS 0x00000000e3100000| PB 0x00000000e3100000| Untracked 
|  50|0x00000000e3200000, 0x00000000e3200000, 0x00000000e3300000|  0%| F|  |TAMS 0x00000000e3200000| PB 0x00000000e3200000| Untracked 
|  51|0x00000000e3300000, 0x00000000e3300000, 0x00000000e3400000|  0%| F|  |TAMS 0x00000000e3300000| PB 0x00000000e3300000| Untracked 
|  52|0x00000000e3400000, 0x00000000e3400000, 0x00000000e3500000|  0%| F|  |TAMS 0x00000000e3400000| PB 0x00000000e3400000| Untracked 
|  53|0x00000000e3500000, 0x00000000e3500000, 0x00000000e3600000|  0%| F|  |TAMS 0x00000000e3500000| PB 0x00000000e3500000| Untracked 
|  54|0x00000000e3600000, 0x00000000e3600000, 0x00000000e3700000|  0%| F|  |TAMS 0x00000000e3600000| PB 0x00000000e3600000| Untracked 
|  55|0x00000000e3700000, 0x00000000e3700000, 0x00000000e3800000|  0%| F|  |TAMS 0x00000000e3700000| PB 0x00000000e3700000| Untracked 
|  56|0x00000000e3800000, 0x00000000e3800000, 0x00000000e3900000|  0%| F|  |TAMS 0x00000000e3800000| PB 0x00000000e3800000| Untracked 
|  57|0x00000000e3900000, 0x00000000e3900000, 0x00000000e3a00000|  0%| F|  |TAMS 0x00000000e3900000| PB 0x00000000e3900000| Untracked 
|  58|0x00000000e3a00000, 0x00000000e3a00000, 0x00000000e3b00000|  0%| F|  |TAMS 0x00000000e3a00000| PB 0x00000000e3a00000| Untracked 
|  59|0x00000000e3b00000, 0x00000000e3b00000, 0x00000000e3c00000|  0%| F|  |TAMS 0x00000000e3b00000| PB 0x00000000e3b00000| Untracked 
|  60|0x00000000e3c00000, 0x00000000e3c00000, 0x00000000e3d00000|  0%| F|  |TAMS 0x00000000e3c00000| PB 0x00000000e3c00000| Untracked 
|  61|0x00000000e3d00000, 0x00000000e3d00000, 0x00000000e3e00000|  0%| F|  |TAMS 0x00000000e3d00000| PB 0x00000000e3d00000| Untracked 
|  62|0x00000000e3e00000, 0x00000000e3e00000, 0x00000000e3f00000|  0%| F|  |TAMS 0x00000000e3e00000| PB 0x00000000e3e00000| Untracked 
|  63|0x00000000e3f00000, 0x00000000e3f00000, 0x00000000e4000000|  0%| F|  |TAMS 0x00000000e3f00000| PB 0x00000000e3f00000| Untracked 
|  64|0x00000000e4000000, 0x00000000e4000000, 0x00000000e4100000|  0%| F|  |TAMS 0x00000000e4000000| PB 0x00000000e4000000| Untracked 
|  65|0x00000000e4100000, 0x00000000e4100000, 0x00000000e4200000|  0%| F|  |TAMS 0x00000000e4100000| PB 0x00000000e4100000| Untracked 
|  66|0x00000000e4200000, 0x00000000e4200000, 0x00000000e4300000|  0%| F|  |TAMS 0x00000000e4200000| PB 0x00000000e4200000| Untracked 
|  67|0x00000000e4300000, 0x00000000e4300000, 0x00000000e4400000|  0%| F|  |TAMS 0x00000000e4300000| PB 0x00000000e4300000| Untracked 
|  68|0x00000000e4400000, 0x00000000e4400000, 0x00000000e4500000|  0%| F|  |TAMS 0x00000000e4400000| PB 0x00000000e4400000| Untracked 
|  69|0x00000000e4500000, 0x00000000e4500000, 0x00000000e4600000|  0%| F|  |TAMS 0x00000000e4500000| PB 0x00000000e4500000| Untracked 
|  70|0x00000000e4600000, 0x00000000e4600000, 0x00000000e4700000|  0%| F|  |TAMS 0x00000000e4600000| PB 0x00000000e4600000| Untracked 
|  71|0x00000000e4700000, 0x00000000e4700000, 0x00000000e4800000|  0%| F|  |TAMS 0x00000000e4700000| PB 0x00000000e4700000| Untracked 
|  72|0x00000000e4800000, 0x00000000e4800000, 0x00000000e4900000|  0%| F|  |TAMS 0x00000000e4800000| PB 0x00000000e4800000| Untracked 
|  73|0x00000000e4900000, 0x00000000e4900000, 0x00000000e4a00000|  0%| F|  |TAMS 0x00000000e4900000| PB 0x00000000e4900000| Untracked 
|  74|0x00000000e4a00000, 0x00000000e4a00000, 0x00000000e4b00000|  0%| F|  |TAMS 0x00000000e4a00000| PB 0x00000000e4a00000| Untracked 
|  75|0x00000000e4b00000, 0x00000000e4b00000, 0x00000000e4c00000|  0%| F|  |TAMS 0x00000000e4b00000| PB 0x00000000e4b00000| Untracked 
|  76|0x00000000e4c00000, 0x00000000e4c00000, 0x00000000e4d00000|  0%| F|  |TAMS 0x00000000e4c00000| PB 0x00000000e4c00000| Untracked 
|  77|0x00000000e4d00000, 0x00000000e4d00000, 0x00000000e4e00000|  0%| F|  |TAMS 0x00000000e4d00000| PB 0x00000000e4d00000| Untracked 
|  78|0x00000000e4e00000, 0x00000000e4e00000, 0x00000000e4f00000|  0%| F|  |TAMS 0x00000000e4e00000| PB 0x00000000e4e00000| Untracked 
|  79|0x00000000e4f00000, 0x00000000e4f00000, 0x00000000e5000000|  0%| F|  |TAMS 0x00000000e4f00000| PB 0x00000000e4f00000| Untracked 
|  80|0x00000000e5000000, 0x00000000e5000000, 0x00000000e5100000|  0%| F|  |TAMS 0x00000000e5000000| PB 0x00000000e5000000| Untracked 
|  81|0x00000000e5100000, 0x00000000e5100000, 0x00000000e5200000|  0%| F|  |TAMS 0x00000000e5100000| PB 0x00000000e5100000| Untracked 
|  82|0x00000000e5200000, 0x00000000e5200000, 0x00000000e5300000|  0%| F|  |TAMS 0x00000000e5200000| PB 0x00000000e5200000| Untracked 
|  83|0x00000000e5300000, 0x00000000e5300000, 0x00000000e5400000|  0%| F|  |TAMS 0x00000000e5300000| PB 0x00000000e5300000| Untracked 
|  84|0x00000000e5400000, 0x00000000e5400000, 0x00000000e5500000|  0%| F|  |TAMS 0x00000000e5400000| PB 0x00000000e5400000| Untracked 
|  85|0x00000000e5500000, 0x00000000e5500000, 0x00000000e5600000|  0%| F|  |TAMS 0x00000000e5500000| PB 0x00000000e5500000| Untracked 
|  86|0x00000000e5600000, 0x00000000e5600000, 0x00000000e5700000|  0%| F|  |TAMS 0x00000000e5600000| PB 0x00000000e5600000| Untracked 
|  87|0x00000000e5700000, 0x00000000e5700000, 0x00000000e5800000|  0%| F|  |TAMS 0x00000000e5700000| PB 0x00000000e5700000| Untracked 
|  88|0x00000000e5800000, 0x00000000e5800000, 0x00000000e5900000|  0%| F|  |TAMS 0x00000000e5800000| PB 0x00000000e5800000| Untracked 
|  89|0x00000000e5900000, 0x00000000e5900000, 0x00000000e5a00000|  0%| F|  |TAMS 0x00000000e5900000| PB 0x00000000e5900000| Untracked 
|  90|0x00000000e5a00000, 0x00000000e5a00000, 0x00000000e5b00000|  0%| F|  |TAMS 0x00000000e5a00000| PB 0x00000000e5a00000| Untracked 
|  91|0x00000000e5b00000, 0x00000000e5b00000, 0x00000000e5c00000|  0%| F|  |TAMS 0x00000000e5b00000| PB 0x00000000e5b00000| Untracked 
|  92|0x00000000e5c00000, 0x00000000e5c00000, 0x00000000e5d00000|  0%| F|  |TAMS 0x00000000e5c00000| PB 0x00000000e5c00000| Untracked 
|  93|0x00000000e5d00000, 0x00000000e5d00000, 0x00000000e5e00000|  0%| F|  |TAMS 0x00000000e5d00000| PB 0x00000000e5d00000| Untracked 
|  94|0x00000000e5e00000, 0x00000000e5e00000, 0x00000000e5f00000|  0%| F|  |TAMS 0x00000000e5e00000| PB 0x00000000e5e00000| Untracked 
|  95|0x00000000e5f00000, 0x00000000e5f00000, 0x00000000e6000000|  0%| F|  |TAMS 0x00000000e5f00000| PB 0x00000000e5f00000| Untracked 
|  96|0x00000000e6000000, 0x00000000e6000000, 0x00000000e6100000|  0%| F|  |TAMS 0x00000000e6000000| PB 0x00000000e6000000| Untracked 
|  97|0x00000000e6100000, 0x00000000e6100000, 0x00000000e6200000|  0%| F|  |TAMS 0x00000000e6100000| PB 0x00000000e6100000| Untracked 
|  98|0x00000000e6200000, 0x00000000e6200000, 0x00000000e6300000|  0%| F|  |TAMS 0x00000000e6200000| PB 0x00000000e6200000| Untracked 
|  99|0x00000000e6300000, 0x00000000e6300000, 0x00000000e6400000|  0%| F|  |TAMS 0x00000000e6300000| PB 0x00000000e6300000| Untracked 
| 100|0x00000000e6400000, 0x00000000e6400000, 0x00000000e6500000|  0%| F|  |TAMS 0x00000000e6400000| PB 0x00000000e6400000| Untracked 
| 101|0x00000000e6500000, 0x00000000e6500000, 0x00000000e6600000|  0%| F|  |TAMS 0x00000000e6500000| PB 0x00000000e6500000| Untracked 
| 102|0x00000000e6600000, 0x00000000e6600000, 0x00000000e6700000|  0%| F|  |TAMS 0x00000000e6600000| PB 0x00000000e6600000| Untracked 
| 103|0x00000000e6700000, 0x00000000e6700000, 0x00000000e6800000|  0%| F|  |TAMS 0x00000000e6700000| PB 0x00000000e6700000| Untracked 
| 104|0x00000000e6800000, 0x00000000e6800000, 0x00000000e6900000|  0%| F|  |TAMS 0x00000000e6800000| PB 0x00000000e6800000| Untracked 
| 105|0x00000000e6900000, 0x00000000e6900000, 0x00000000e6a00000|  0%| F|  |TAMS 0x00000000e6900000| PB 0x00000000e6900000| Untracked 
| 106|0x00000000e6a00000, 0x00000000e6a00000, 0x00000000e6b00000|  0%| F|  |TAMS 0x00000000e6a00000| PB 0x00000000e6a00000| Untracked 
| 107|0x00000000e6b00000, 0x00000000e6b00000, 0x00000000e6c00000|  0%| F|  |TAMS 0x00000000e6b00000| PB 0x00000000e6b00000| Untracked 
| 108|0x00000000e6c00000, 0x00000000e6c00000, 0x00000000e6d00000|  0%| F|  |TAMS 0x00000000e6c00000| PB 0x00000000e6c00000| Untracked 
| 109|0x00000000e6d00000, 0x00000000e6d00000, 0x00000000e6e00000|  0%| F|  |TAMS 0x00000000e6d00000| PB 0x00000000e6d00000| Untracked 
| 110|0x00000000e6e00000, 0x00000000e6e00000, 0x00000000e6f00000|  0%| F|  |TAMS 0x00000000e6e00000| PB 0x00000000e6e00000| Untracked 
| 111|0x00000000e6f00000, 0x00000000e6f00000, 0x00000000e7000000|  0%| F|  |TAMS 0x00000000e6f00000| PB 0x00000000e6f00000| Untracked 
| 112|0x00000000e7000000, 0x00000000e7000000, 0x00000000e7100000|  0%| F|  |TAMS 0x00000000e7000000| PB 0x00000000e7000000| Untracked 
| 113|0x00000000e7100000, 0x00000000e7100000, 0x00000000e7200000|  0%| F|  |TAMS 0x00000000e7100000| PB 0x00000000e7100000| Untracked 
| 114|0x00000000e7200000, 0x00000000e7200000, 0x00000000e7300000|  0%| F|  |TAMS 0x00000000e7200000| PB 0x00000000e7200000| Untracked 
| 115|0x00000000e7300000, 0x00000000e7300000, 0x00000000e7400000|  0%| F|  |TAMS 0x00000000e7300000| PB 0x00000000e7300000| Untracked 
| 116|0x00000000e7400000, 0x00000000e7400000, 0x00000000e7500000|  0%| F|  |TAMS 0x00000000e7400000| PB 0x00000000e7400000| Untracked 
| 117|0x00000000e7500000, 0x00000000e7500000, 0x00000000e7600000|  0%| F|  |TAMS 0x00000000e7500000| PB 0x00000000e7500000| Untracked 
| 118|0x00000000e7600000, 0x00000000e7600000, 0x00000000e7700000|  0%| F|  |TAMS 0x00000000e7600000| PB 0x00000000e7600000| Untracked 
| 119|0x00000000e7700000, 0x00000000e7700000, 0x00000000e7800000|  0%| F|  |TAMS 0x00000000e7700000| PB 0x00000000e7700000| Untracked 
| 120|0x00000000e7800000, 0x00000000e7800000, 0x00000000e7900000|  0%| F|  |TAMS 0x00000000e7800000| PB 0x00000000e7800000| Untracked 
| 121|0x00000000e7900000, 0x00000000e7900000, 0x00000000e7a00000|  0%| F|  |TAMS 0x00000000e7900000| PB 0x00000000e7900000| Untracked 
| 122|0x00000000e7a00000, 0x00000000e7a00000, 0x00000000e7b00000|  0%| F|  |TAMS 0x00000000e7a00000| PB 0x00000000e7a00000| Untracked 
| 123|0x00000000e7b00000, 0x00000000e7b00000, 0x00000000e7c00000|  0%| F|  |TAMS 0x00000000e7b00000| PB 0x00000000e7b00000| Untracked 
| 124|0x00000000e7c00000, 0x00000000e7c00000, 0x00000000e7d00000|  0%| F|  |TAMS 0x00000000e7c00000| PB 0x00000000e7c00000| Untracked 
| 125|0x00000000e7d00000, 0x00000000e7d00000, 0x00000000e7e00000|  0%| F|  |TAMS 0x00000000e7d00000| PB 0x00000000e7d00000| Untracked 
| 126|0x00000000e7e00000, 0x00000000e7e00000, 0x00000000e7f00000|  0%| F|  |TAMS 0x00000000e7e00000| PB 0x00000000e7e00000| Untracked 
| 127|0x00000000e7f00000, 0x00000000e7f00000, 0x00000000e8000000|  0%| F|  |TAMS 0x00000000e7f00000| PB 0x00000000e7f00000| Untracked 
| 128|0x00000000e8000000, 0x00000000e8000000, 0x00000000e8100000|  0%| F|  |TAMS 0x00000000e8000000| PB 0x00000000e8000000| Untracked 
| 129|0x00000000e8100000, 0x00000000e8100000, 0x00000000e8200000|  0%| F|  |TAMS 0x00000000e8100000| PB 0x00000000e8100000| Untracked 
| 130|0x00000000e8200000, 0x00000000e8200000, 0x00000000e8300000|  0%| F|  |TAMS 0x00000000e8200000| PB 0x00000000e8200000| Untracked 
| 131|0x00000000e8300000, 0x00000000e8300000, 0x00000000e8400000|  0%| F|  |TAMS 0x00000000e8300000| PB 0x00000000e8300000| Untracked 
| 132|0x00000000e8400000, 0x00000000e8400000, 0x00000000e8500000|  0%| F|  |TAMS 0x00000000e8400000| PB 0x00000000e8400000| Untracked 
| 133|0x00000000e8500000, 0x00000000e8500000, 0x00000000e8600000|  0%| F|  |TAMS 0x00000000e8500000| PB 0x00000000e8500000| Untracked 
| 134|0x00000000e8600000, 0x00000000e8600000, 0x00000000e8700000|  0%| F|  |TAMS 0x00000000e8600000| PB 0x00000000e8600000| Untracked 
| 135|0x00000000e8700000, 0x00000000e8700000, 0x00000000e8800000|  0%| F|  |TAMS 0x00000000e8700000| PB 0x00000000e8700000| Untracked 
| 136|0x00000000e8800000, 0x00000000e8800000, 0x00000000e8900000|  0%| F|  |TAMS 0x00000000e8800000| PB 0x00000000e8800000| Untracked 
| 137|0x00000000e8900000, 0x00000000e8900000, 0x00000000e8a00000|  0%| F|  |TAMS 0x00000000e8900000| PB 0x00000000e8900000| Untracked 
| 138|0x00000000e8a00000, 0x00000000e8a00000, 0x00000000e8b00000|  0%| F|  |TAMS 0x00000000e8a00000| PB 0x00000000e8a00000| Untracked 
| 139|0x00000000e8b00000, 0x00000000e8b00000, 0x00000000e8c00000|  0%| F|  |TAMS 0x00000000e8b00000| PB 0x00000000e8b00000| Untracked 
| 140|0x00000000e8c00000, 0x00000000e8c00000, 0x00000000e8d00000|  0%| F|  |TAMS 0x00000000e8c00000| PB 0x00000000e8c00000| Untracked 
| 141|0x00000000e8d00000, 0x00000000e8d00000, 0x00000000e8e00000|  0%| F|  |TAMS 0x00000000e8d00000| PB 0x00000000e8d00000| Untracked 
| 142|0x00000000e8e00000, 0x00000000e8e00000, 0x00000000e8f00000|  0%| F|  |TAMS 0x00000000e8e00000| PB 0x00000000e8e00000| Untracked 
| 143|0x00000000e8f00000, 0x00000000e8f00000, 0x00000000e9000000|  0%| F|  |TAMS 0x00000000e8f00000| PB 0x00000000e8f00000| Untracked 
| 144|0x00000000e9000000, 0x00000000e9000000, 0x00000000e9100000|  0%| F|  |TAMS 0x00000000e9000000| PB 0x00000000e9000000| Untracked 
| 145|0x00000000e9100000, 0x00000000e9100000, 0x00000000e9200000|  0%| F|  |TAMS 0x00000000e9100000| PB 0x00000000e9100000| Untracked 
| 146|0x00000000e9200000, 0x00000000e9200000, 0x00000000e9300000|  0%| F|  |TAMS 0x00000000e9200000| PB 0x00000000e9200000| Untracked 
| 147|0x00000000e9300000, 0x00000000e9300000, 0x00000000e9400000|  0%| F|  |TAMS 0x00000000e9300000| PB 0x00000000e9300000| Untracked 
| 148|0x00000000e9400000, 0x00000000e9400000, 0x00000000e9500000|  0%| F|  |TAMS 0x00000000e9400000| PB 0x00000000e9400000| Untracked 
| 149|0x00000000e9500000, 0x00000000e9500000, 0x00000000e9600000|  0%| F|  |TAMS 0x00000000e9500000| PB 0x00000000e9500000| Untracked 
| 150|0x00000000e9600000, 0x00000000e9600000, 0x00000000e9700000|  0%| F|  |TAMS 0x00000000e9600000| PB 0x00000000e9600000| Untracked 
| 151|0x00000000e9700000, 0x00000000e9700000, 0x00000000e9800000|  0%| F|  |TAMS 0x00000000e9700000| PB 0x00000000e9700000| Untracked 
| 152|0x00000000e9800000, 0x00000000e9800000, 0x00000000e9900000|  0%| F|  |TAMS 0x00000000e9800000| PB 0x00000000e9800000| Untracked 
| 153|0x00000000e9900000, 0x00000000e9900000, 0x00000000e9a00000|  0%| F|  |TAMS 0x00000000e9900000| PB 0x00000000e9900000| Untracked 
| 154|0x00000000e9a00000, 0x00000000e9a00000, 0x00000000e9b00000|  0%| F|  |TAMS 0x00000000e9a00000| PB 0x00000000e9a00000| Untracked 
| 155|0x00000000e9b00000, 0x00000000e9b00000, 0x00000000e9c00000|  0%| F|  |TAMS 0x00000000e9b00000| PB 0x00000000e9b00000| Untracked 
| 156|0x00000000e9c00000, 0x00000000e9c00000, 0x00000000e9d00000|  0%| F|  |TAMS 0x00000000e9c00000| PB 0x00000000e9c00000| Untracked 
| 157|0x00000000e9d00000, 0x00000000e9d00000, 0x00000000e9e00000|  0%| F|  |TAMS 0x00000000e9d00000| PB 0x00000000e9d00000| Untracked 
| 158|0x00000000e9e00000, 0x00000000e9e00000, 0x00000000e9f00000|  0%| F|  |TAMS 0x00000000e9e00000| PB 0x00000000e9e00000| Untracked 
| 159|0x00000000e9f00000, 0x00000000e9f00000, 0x00000000ea000000|  0%| F|  |TAMS 0x00000000e9f00000| PB 0x00000000e9f00000| Untracked 
| 160|0x00000000ea000000, 0x00000000ea000000, 0x00000000ea100000|  0%| F|  |TAMS 0x00000000ea000000| PB 0x00000000ea000000| Untracked 
| 161|0x00000000ea100000, 0x00000000ea100000, 0x00000000ea200000|  0%| F|  |TAMS 0x00000000ea100000| PB 0x00000000ea100000| Untracked 
| 162|0x00000000ea200000, 0x00000000ea200000, 0x00000000ea300000|  0%| F|  |TAMS 0x00000000ea200000| PB 0x00000000ea200000| Untracked 
| 163|0x00000000ea300000, 0x00000000ea300000, 0x00000000ea400000|  0%| F|  |TAMS 0x00000000ea300000| PB 0x00000000ea300000| Untracked 
| 164|0x00000000ea400000, 0x00000000ea400000, 0x00000000ea500000|  0%| F|  |TAMS 0x00000000ea400000| PB 0x00000000ea400000| Untracked 
| 165|0x00000000ea500000, 0x00000000ea500000, 0x00000000ea600000|  0%| F|  |TAMS 0x00000000ea500000| PB 0x00000000ea500000| Untracked 
| 166|0x00000000ea600000, 0x00000000ea600000, 0x00000000ea700000|  0%| F|  |TAMS 0x00000000ea600000| PB 0x00000000ea600000| Untracked 
| 167|0x00000000ea700000, 0x00000000ea700000, 0x00000000ea800000|  0%| F|  |TAMS 0x00000000ea700000| PB 0x00000000ea700000| Untracked 
| 168|0x00000000ea800000, 0x00000000ea800000, 0x00000000ea900000|  0%| F|  |TAMS 0x00000000ea800000| PB 0x00000000ea800000| Untracked 
| 169|0x00000000ea900000, 0x00000000ea900000, 0x00000000eaa00000|  0%| F|  |TAMS 0x00000000ea900000| PB 0x00000000ea900000| Untracked 
| 170|0x00000000eaa00000, 0x00000000eaa00000, 0x00000000eab00000|  0%| F|  |TAMS 0x00000000eaa00000| PB 0x00000000eaa00000| Untracked 
| 171|0x00000000eab00000, 0x00000000eab00000, 0x00000000eac00000|  0%| F|  |TAMS 0x00000000eab00000| PB 0x00000000eab00000| Untracked 
| 172|0x00000000eac00000, 0x00000000eac00000, 0x00000000ead00000|  0%| F|  |TAMS 0x00000000eac00000| PB 0x00000000eac00000| Untracked 
| 173|0x00000000ead00000, 0x00000000ead00000, 0x00000000eae00000|  0%| F|  |TAMS 0x00000000ead00000| PB 0x00000000ead00000| Untracked 
| 174|0x00000000eae00000, 0x00000000eae00000, 0x00000000eaf00000|  0%| F|  |TAMS 0x00000000eae00000| PB 0x00000000eae00000| Untracked 
| 175|0x00000000eaf00000, 0x00000000eaf00000, 0x00000000eb000000|  0%| F|  |TAMS 0x00000000eaf00000| PB 0x00000000eaf00000| Untracked 
| 176|0x00000000eb000000, 0x00000000eb000000, 0x00000000eb100000|  0%| F|  |TAMS 0x00000000eb000000| PB 0x00000000eb000000| Untracked 
| 177|0x00000000eb100000, 0x00000000eb100000, 0x00000000eb200000|  0%| F|  |TAMS 0x00000000eb100000| PB 0x00000000eb100000| Untracked 
| 178|0x00000000eb200000, 0x00000000eb200000, 0x00000000eb300000|  0%| F|  |TAMS 0x00000000eb200000| PB 0x00000000eb200000| Untracked 
| 179|0x00000000eb300000, 0x00000000eb300000, 0x00000000eb400000|  0%| F|  |TAMS 0x00000000eb300000| PB 0x00000000eb300000| Untracked 
| 180|0x00000000eb400000, 0x00000000eb400000, 0x00000000eb500000|  0%| F|  |TAMS 0x00000000eb400000| PB 0x00000000eb400000| Untracked 
| 181|0x00000000eb500000, 0x00000000eb500000, 0x00000000eb600000|  0%| F|  |TAMS 0x00000000eb500000| PB 0x00000000eb500000| Untracked 
| 182|0x00000000eb600000, 0x00000000eb600000, 0x00000000eb700000|  0%| F|  |TAMS 0x00000000eb600000| PB 0x00000000eb600000| Untracked 
| 183|0x00000000eb700000, 0x00000000eb700000, 0x00000000eb800000|  0%| F|  |TAMS 0x00000000eb700000| PB 0x00000000eb700000| Untracked 
| 184|0x00000000eb800000, 0x00000000eb800000, 0x00000000eb900000|  0%| F|  |TAMS 0x00000000eb800000| PB 0x00000000eb800000| Untracked 
| 185|0x00000000eb900000, 0x00000000eb900000, 0x00000000eba00000|  0%| F|  |TAMS 0x00000000eb900000| PB 0x00000000eb900000| Untracked 
| 186|0x00000000eba00000, 0x00000000eba00000, 0x00000000ebb00000|  0%| F|  |TAMS 0x00000000eba00000| PB 0x00000000eba00000| Untracked 
| 187|0x00000000ebb00000, 0x00000000ebb00000, 0x00000000ebc00000|  0%| F|  |TAMS 0x00000000ebb00000| PB 0x00000000ebb00000| Untracked 
| 188|0x00000000ebc00000, 0x00000000ebc00000, 0x00000000ebd00000|  0%| F|  |TAMS 0x00000000ebc00000| PB 0x00000000ebc00000| Untracked 
| 189|0x00000000ebd00000, 0x00000000ebd00000, 0x00000000ebe00000|  0%| F|  |TAMS 0x00000000ebd00000| PB 0x00000000ebd00000| Untracked 
| 190|0x00000000ebe00000, 0x00000000ebe00000, 0x00000000ebf00000|  0%| F|  |TAMS 0x00000000ebe00000| PB 0x00000000ebe00000| Untracked 
| 191|0x00000000ebf00000, 0x00000000ebf00000, 0x00000000ec000000|  0%| F|  |TAMS 0x00000000ebf00000| PB 0x00000000ebf00000| Untracked 
| 192|0x00000000ec000000, 0x00000000ec000000, 0x00000000ec100000|  0%| F|  |TAMS 0x00000000ec000000| PB 0x00000000ec000000| Untracked 
| 193|0x00000000ec100000, 0x00000000ec100000, 0x00000000ec200000|  0%| F|  |TAMS 0x00000000ec100000| PB 0x00000000ec100000| Untracked 
| 194|0x00000000ec200000, 0x00000000ec200000, 0x00000000ec300000|  0%| F|  |TAMS 0x00000000ec200000| PB 0x00000000ec200000| Untracked 
| 195|0x00000000ec300000, 0x00000000ec300000, 0x00000000ec400000|  0%| F|  |TAMS 0x00000000ec300000| PB 0x00000000ec300000| Untracked 
| 196|0x00000000ec400000, 0x00000000ec400000, 0x00000000ec500000|  0%| F|  |TAMS 0x00000000ec400000| PB 0x00000000ec400000| Untracked 
| 197|0x00000000ec500000, 0x00000000ec500000, 0x00000000ec600000|  0%| F|  |TAMS 0x00000000ec500000| PB 0x00000000ec500000| Untracked 
| 198|0x00000000ec600000, 0x00000000ec600000, 0x00000000ec700000|  0%| F|  |TAMS 0x00000000ec600000| PB 0x00000000ec600000| Untracked 
| 199|0x00000000ec700000, 0x00000000ec700000, 0x00000000ec800000|  0%| F|  |TAMS 0x00000000ec700000| PB 0x00000000ec700000| Untracked 
| 200|0x00000000ec800000, 0x00000000ec800000, 0x00000000ec900000|  0%| F|  |TAMS 0x00000000ec800000| PB 0x00000000ec800000| Untracked 
| 201|0x00000000ec900000, 0x00000000ec900000, 0x00000000eca00000|  0%| F|  |TAMS 0x00000000ec900000| PB 0x00000000ec900000| Untracked 
| 202|0x00000000eca00000, 0x00000000eca00000, 0x00000000ecb00000|  0%| F|  |TAMS 0x00000000eca00000| PB 0x00000000eca00000| Untracked 
| 203|0x00000000ecb00000, 0x00000000ecb00000, 0x00000000ecc00000|  0%| F|  |TAMS 0x00000000ecb00000| PB 0x00000000ecb00000| Untracked 
| 204|0x00000000ecc00000, 0x00000000ecc00000, 0x00000000ecd00000|  0%| F|  |TAMS 0x00000000ecc00000| PB 0x00000000ecc00000| Untracked 
| 205|0x00000000ecd00000, 0x00000000ecd00000, 0x00000000ece00000|  0%| F|  |TAMS 0x00000000ecd00000| PB 0x00000000ecd00000| Untracked 
| 206|0x00000000ece00000, 0x00000000ece00000, 0x00000000ecf00000|  0%| F|  |TAMS 0x00000000ece00000| PB 0x00000000ece00000| Untracked 
| 207|0x00000000ecf00000, 0x00000000ecf00000, 0x00000000ed000000|  0%| F|  |TAMS 0x00000000ecf00000| PB 0x00000000ecf00000| Untracked 
| 208|0x00000000ed000000, 0x00000000ed000000, 0x00000000ed100000|  0%| F|  |TAMS 0x00000000ed000000| PB 0x00000000ed000000| Untracked 
| 209|0x00000000ed100000, 0x00000000ed100000, 0x00000000ed200000|  0%| F|  |TAMS 0x00000000ed100000| PB 0x00000000ed100000| Untracked 
| 210|0x00000000ed200000, 0x00000000ed200000, 0x00000000ed300000|  0%| F|  |TAMS 0x00000000ed200000| PB 0x00000000ed200000| Untracked 
| 211|0x00000000ed300000, 0x00000000ed300000, 0x00000000ed400000|  0%| F|  |TAMS 0x00000000ed300000| PB 0x00000000ed300000| Untracked 
| 212|0x00000000ed400000, 0x00000000ed400000, 0x00000000ed500000|  0%| F|  |TAMS 0x00000000ed400000| PB 0x00000000ed400000| Untracked 
| 213|0x00000000ed500000, 0x00000000ed500000, 0x00000000ed600000|  0%| F|  |TAMS 0x00000000ed500000| PB 0x00000000ed500000| Untracked 
| 214|0x00000000ed600000, 0x00000000ed600000, 0x00000000ed700000|  0%| F|  |TAMS 0x00000000ed600000| PB 0x00000000ed600000| Untracked 
| 215|0x00000000ed700000, 0x00000000ed700000, 0x00000000ed800000|  0%| F|  |TAMS 0x00000000ed700000| PB 0x00000000ed700000| Untracked 
| 216|0x00000000ed800000, 0x00000000ed800000, 0x00000000ed900000|  0%| F|  |TAMS 0x00000000ed800000| PB 0x00000000ed800000| Untracked 
| 217|0x00000000ed900000, 0x00000000ed900000, 0x00000000eda00000|  0%| F|  |TAMS 0x00000000ed900000| PB 0x00000000ed900000| Untracked 
| 218|0x00000000eda00000, 0x00000000eda00000, 0x00000000edb00000|  0%| F|  |TAMS 0x00000000eda00000| PB 0x00000000eda00000| Untracked 
| 219|0x00000000edb00000, 0x00000000edb00000, 0x00000000edc00000|  0%| F|  |TAMS 0x00000000edb00000| PB 0x00000000edb00000| Untracked 
| 220|0x00000000edc00000, 0x00000000edc00000, 0x00000000edd00000|  0%| F|  |TAMS 0x00000000edc00000| PB 0x00000000edc00000| Untracked 
| 221|0x00000000edd00000, 0x00000000edd00000, 0x00000000ede00000|  0%| F|  |TAMS 0x00000000edd00000| PB 0x00000000edd00000| Untracked 
| 222|0x00000000ede00000, 0x00000000ede00000, 0x00000000edf00000|  0%| F|  |TAMS 0x00000000ede00000| PB 0x00000000ede00000| Untracked 
| 223|0x00000000edf00000, 0x00000000edf00000, 0x00000000ee000000|  0%| F|  |TAMS 0x00000000edf00000| PB 0x00000000edf00000| Untracked 
| 224|0x00000000ee000000, 0x00000000ee000000, 0x00000000ee100000|  0%| F|  |TAMS 0x00000000ee000000| PB 0x00000000ee000000| Untracked 
| 225|0x00000000ee100000, 0x00000000ee100000, 0x00000000ee200000|  0%| F|  |TAMS 0x00000000ee100000| PB 0x00000000ee100000| Untracked 
| 226|0x00000000ee200000, 0x00000000ee292a60, 0x00000000ee300000| 57%| S|CS|TAMS 0x00000000ee200000| PB 0x00000000ee200000| Complete 
| 227|0x00000000ee300000, 0x00000000ee400000, 0x00000000ee400000|100%| S|CS|TAMS 0x00000000ee300000| PB 0x00000000ee300000| Complete 
| 228|0x00000000ee400000, 0x00000000ee500000, 0x00000000ee500000|100%| S|CS|TAMS 0x00000000ee400000| PB 0x00000000ee400000| Complete 
| 229|0x00000000ee500000, 0x00000000ee600000, 0x00000000ee600000|100%| S|CS|TAMS 0x00000000ee500000| PB 0x00000000ee500000| Complete 
| 230|0x00000000ee600000, 0x00000000ee700000, 0x00000000ee700000|100%| S|CS|TAMS 0x00000000ee600000| PB 0x00000000ee600000| Complete 
| 231|0x00000000ee700000, 0x00000000ee800000, 0x00000000ee800000|100%| S|CS|TAMS 0x00000000ee700000| PB 0x00000000ee700000| Complete 
| 232|0x00000000ee800000, 0x00000000ee900000, 0x00000000ee900000|100%| S|CS|TAMS 0x00000000ee800000| PB 0x00000000ee800000| Complete 
| 233|0x00000000ee900000, 0x00000000eea00000, 0x00000000eea00000|100%| S|CS|TAMS 0x00000000ee900000| PB 0x00000000ee900000| Complete 
| 234|0x00000000eea00000, 0x00000000eea00000, 0x00000000eeb00000|  0%| F|  |TAMS 0x00000000eea00000| PB 0x00000000eea00000| Untracked 
| 235|0x00000000eeb00000, 0x00000000eeb00000, 0x00000000eec00000|  0%| F|  |TAMS 0x00000000eeb00000| PB 0x00000000eeb00000| Untracked 
| 236|0x00000000eec00000, 0x00000000eec00000, 0x00000000eed00000|  0%| F|  |TAMS 0x00000000eec00000| PB 0x00000000eec00000| Untracked 
| 237|0x00000000eed00000, 0x00000000eed00000, 0x00000000eee00000|  0%| F|  |TAMS 0x00000000eed00000| PB 0x00000000eed00000| Untracked 
| 238|0x00000000eee00000, 0x00000000eee00000, 0x00000000eef00000|  0%| F|  |TAMS 0x00000000eee00000| PB 0x00000000eee00000| Untracked 
| 239|0x00000000eef00000, 0x00000000eef00000, 0x00000000ef000000|  0%| F|  |TAMS 0x00000000eef00000| PB 0x00000000eef00000| Untracked 
| 240|0x00000000ef000000, 0x00000000ef000000, 0x00000000ef100000|  0%| F|  |TAMS 0x00000000ef000000| PB 0x00000000ef000000| Untracked 
| 241|0x00000000ef100000, 0x00000000ef100000, 0x00000000ef200000|  0%| F|  |TAMS 0x00000000ef100000| PB 0x00000000ef100000| Untracked 
| 242|0x00000000ef200000, 0x00000000ef200000, 0x00000000ef300000|  0%| F|  |TAMS 0x00000000ef200000| PB 0x00000000ef200000| Untracked 
| 243|0x00000000ef300000, 0x00000000ef300000, 0x00000000ef400000|  0%| F|  |TAMS 0x00000000ef300000| PB 0x00000000ef300000| Untracked 
| 244|0x00000000ef400000, 0x00000000ef400000, 0x00000000ef500000|  0%| F|  |TAMS 0x00000000ef400000| PB 0x00000000ef400000| Untracked 
| 245|0x00000000ef500000, 0x00000000ef500000, 0x00000000ef600000|  0%| F|  |TAMS 0x00000000ef500000| PB 0x00000000ef500000| Untracked 
| 246|0x00000000ef600000, 0x00000000ef600000, 0x00000000ef700000|  0%| F|  |TAMS 0x00000000ef600000| PB 0x00000000ef600000| Untracked 
| 247|0x00000000ef700000, 0x00000000ef700000, 0x00000000ef800000|  0%| F|  |TAMS 0x00000000ef700000| PB 0x00000000ef700000| Untracked 
| 248|0x00000000ef800000, 0x00000000ef800000, 0x00000000ef900000|  0%| F|  |TAMS 0x00000000ef800000| PB 0x00000000ef800000| Untracked 
| 249|0x00000000ef900000, 0x00000000ef900000, 0x00000000efa00000|  0%| F|  |TAMS 0x00000000ef900000| PB 0x00000000ef900000| Untracked 
| 250|0x00000000efa00000, 0x00000000efa00000, 0x00000000efb00000|  0%| F|  |TAMS 0x00000000efa00000| PB 0x00000000efa00000| Untracked 
| 251|0x00000000efb00000, 0x00000000efb00000, 0x00000000efc00000|  0%| F|  |TAMS 0x00000000efb00000| PB 0x00000000efb00000| Untracked 
| 252|0x00000000efc00000, 0x00000000efc7fc10, 0x00000000efd00000| 49%| E|  |TAMS 0x00000000efc00000| PB 0x00000000efc00000| Complete 
| 253|0x00000000efd00000, 0x00000000efd8fc10, 0x00000000efe00000| 56%| E|  |TAMS 0x00000000efd00000| PB 0x00000000efd00000| Complete 
| 254|0x00000000efe00000, 0x00000000eff00000, 0x00000000eff00000|100%| E|CS|TAMS 0x00000000efe00000| PB 0x00000000efe00000| Complete 
| 255|0x00000000eff00000, 0x00000000f0000000, 0x00000000f0000000|100%| E|CS|TAMS 0x00000000eff00000| PB 0x00000000eff00000| Complete 

Card table byte_map: [0x0000017453fa0000,0x00000174540a0000] _byte_map_base: 0x00000174538a0000

Marking Bits: (CMBitMap*) 0x000001743cb41230
 Bits: [0x00000174540a0000, 0x00000174548a0000)

Polling page: 0x000001743a8e0000

Metaspace:

Usage:
  Non-class:     29.70 MB used.
      Class:      4.92 MB used.
       Both:     34.61 MB used.

Virtual space:
  Non-class space:       64.00 MB reserved,      30.25 MB ( 47%) committed,  1 nodes.
      Class space:      320.00 MB reserved,       5.50 MB (  2%) committed,  1 nodes.
             Both:      384.00 MB reserved,      35.75 MB (  9%) committed. 

Chunk freelists:
   Non-Class:  1.44 MB
       Class:  10.47 MB
        Both:  11.91 MB

MaxMetaspaceSize: 384.00 MB
CompressedClassSpaceSize: 320.00 MB
Initial GC threshold: 21.00 MB
Current GC threshold: 35.75 MB
CDS: on
 - commit_granule_bytes: 65536.
 - commit_granule_words: 8192.
 - virtual_space_node_default_size: 8388608.
 - enlarge_chunks_in_place: 1.
 - use_allocation_guard: 0.


Internal statistics:

num_allocs_failed_limit: 11.
num_arena_births: 2054.
num_arena_deaths: 0.
num_vsnodes_births: 2.
num_vsnodes_deaths: 0.
num_space_committed: 572.
num_space_uncommitted: 0.
num_chunks_returned_to_freelist: 11.
num_chunks_taken_from_freelist: 3560.
num_chunk_merges: 8.
num_chunk_splits: 2315.
num_chunks_enlarged: 1446.
num_inconsistent_stats: 0.

CodeHeap 'non-profiled nmethods': size=120000Kb used=2379Kb max_used=2379Kb free=117620Kb
 bounds [0x000001744ca70000, 0x000001744cce0000, 0x0000017453fa0000]
CodeHeap 'profiled nmethods': size=120000Kb used=8477Kb max_used=8477Kb free=111523Kb
 bounds [0x0000017444fa0000, 0x00000174457f0000, 0x000001744c4d0000]
CodeHeap 'non-nmethods': size=5760Kb used=1912Kb max_used=1950Kb free=3847Kb
 bounds [0x000001744c4d0000, 0x000001744c740000, 0x000001744ca70000]
 total_blobs=4935 nmethods=4252 adapters=586
 compilation: enabled
              stopped_count=0, restarted_count=0
 full_count=0

Compilation events (20 events):
Event: 11.854 Thread 0x00000174738b8960 4225  s    4       jdk.internal.loader.Resource::cachedInputStream (20 bytes)
Event: 11.891 Thread 0x0000017456ede400 4228       3       java.beans.FeatureDescriptor::setClass0 (9 bytes)
Event: 11.892 Thread 0x0000017456ede400 nmethod 4228 0x00000174457d6d90 code [0x00000174457d6f60, 0x00000174457d72f0]
Event: 11.892 Thread 0x0000017456ede400 4229       3       java.beans.FeatureDescriptor::<init> (5 bytes)
Event: 11.892 Thread 0x0000017456ede400 nmethod 4229 0x00000174457d7490 code [0x00000174457d7620, 0x00000174457d7788]
Event: 11.893 Thread 0x0000017456ede400 4230       1       groovy.lang.MetaBeanProperty::getSetter (5 bytes)
Event: 11.893 Thread 0x0000017456ede400 nmethod 4230 0x000001744ccbe490 code [0x000001744ccbe620, 0x000001744ccbe6e8]
Event: 11.893 Thread 0x0000017456ede400 4231       1       org.codehaus.groovy.reflection.GeneratedMetaMethod::getReturnType (5 bytes)
Event: 11.893 Thread 0x0000017456ede400 nmethod 4231 0x000001744ccbe790 code [0x000001744ccbe920, 0x000001744ccbe9e8]
Event: 11.896 Thread 0x0000017456ede400 4232       3       org.gradle.internal.service.DefaultServiceRegistry::unwrap (75 bytes)
Event: 11.897 Thread 0x0000017456ede400 nmethod 4232 0x00000174457d7890 code [0x00000174457d7ae0, 0x00000174457d8868]
Event: 11.904 Thread 0x0000017456ede400 4234   !   2       jdk.internal.loader.Resource::getBytes (244 bytes)
Event: 11.906 Thread 0x0000017456ede400 nmethod 4234 0x00000174457d8a90 code [0x00000174457d8d20, 0x00000174457d9780]
Event: 11.911 Thread 0x0000017456ede400 4235       3       jdk.internal.loader.Resource::getByteBuffer (24 bytes)
Event: 11.912 Thread 0x0000017456ede400 nmethod 4235 0x00000174457d9f10 code [0x00000174457da100, 0x00000174457da7f8]
Event: 11.914 Thread 0x0000017456ede400 4236       1       org.codehaus.groovy.util.SingleKeyHashMap$Entry::getKey (5 bytes)
Event: 11.915 Thread 0x0000017456ede400 nmethod 4236 0x000001744ccbea90 code [0x000001744ccbec20, 0x000001744ccbece8]
Event: 11.915 Thread 0x0000017456ede400 4237       3       org.codehaus.groovy.reflection.CachedClass::getSuperClassDistance (41 bytes)
Event: 11.915 Thread 0x0000017456ede400 nmethod 4237 0x00000174457da990 code [0x00000174457dab40, 0x00000174457dadc0]
Event: 11.918 Thread 0x00000174738b8960 nmethod 4225 0x000001744ccbed90 code [0x000001744ccbf020, 0x000001744ccc04b8]

GC Heap History (12 events):
Event: 1.039 GC heap before
{Heap before GC invocations=0 (full 0):
 garbage-first heap   total 262144K, used 12288K [0x00000000e0000000, 0x0000000100000000)
  region size 1024K, 13 young (13312K), 0 survivors (0K)
 Metaspace       used 987K, committed 1088K, reserved 393216K
  class space    used 80K, committed 128K, reserved 327680K
}
Event: 1.042 GC heap after
{Heap after GC invocations=1 (full 0):
 garbage-first heap   total 262144K, used 3046K [0x00000000e0000000, 0x0000000100000000)
  region size 1024K, 2 young (2048K), 2 survivors (2048K)
 Metaspace       used 987K, committed 1088K, reserved 393216K
  class space    used 80K, committed 128K, reserved 327680K
}
Event: 2.020 GC heap before
{Heap before GC invocations=1 (full 0):
 garbage-first heap   total 262144K, used 27622K [0x00000000e0000000, 0x0000000100000000)
  region size 1024K, 22 young (22528K), 2 survivors (2048K)
 Metaspace       used 4091K, committed 4352K, reserved 393216K
  class space    used 506K, committed 640K, reserved 327680K
}
Event: 2.025 GC heap after
{Heap after GC invocations=2 (full 0):
 garbage-first heap   total 262144K, used 10790K [0x00000000e0000000, 0x0000000100000000)
  region size 1024K, 3 young (3072K), 3 survivors (3072K)
 Metaspace       used 4091K, committed 4352K, reserved 393216K
  class space    used 506K, committed 640K, reserved 327680K
}
Event: 2.658 GC heap before
{Heap before GC invocations=2 (full 0):
 garbage-first heap   total 262144K, used 37414K [0x00000000e0000000, 0x0000000100000000)
  region size 1024K, 28 young (28672K), 3 survivors (3072K)
 Metaspace       used 4222K, committed 4416K, reserved 393216K
  class space    used 508K, committed 640K, reserved 327680K
}
Event: 2.663 GC heap after
{Heap after GC invocations=3 (full 0):
 garbage-first heap   total 262144K, used 15275K [0x00000000e0000000, 0x0000000100000000)
  region size 1024K, 4 young (4096K), 4 survivors (4096K)
 Metaspace       used 4222K, committed 4416K, reserved 393216K
  class space    used 508K, committed 640K, reserved 327680K
}
Event: 7.662 GC heap before
{Heap before GC invocations=3 (full 0):
 garbage-first heap   total 262144K, used 112555K [0x00000000e0000000, 0x0000000100000000)
  region size 1024K, 100 young (102400K), 4 survivors (4096K)
 Metaspace       used 20814K, committed 21504K, reserved 393216K
  class space    used 3030K, committed 3392K, reserved 327680K
}
Event: 7.680 GC heap after
{Heap after GC invocations=4 (full 0):
 garbage-first heap   total 262144K, used 23073K [0x00000000e0000000, 0x0000000100000000)
  region size 1024K, 12 young (12288K), 12 survivors (12288K)
 Metaspace       used 20814K, committed 21504K, reserved 393216K
  class space    used 3030K, committed 3392K, reserved 327680K
}
Event: 11.362 GC heap before
{Heap before GC invocations=5 (full 0):
 garbage-first heap   total 262144K, used 107041K [0x00000000e0000000, 0x0000000100000000)
  region size 1024K, 96 young (98304K), 12 survivors (12288K)
 Metaspace       used 34761K, committed 35968K, reserved 393216K
  class space    used 4984K, committed 5632K, reserved 327680K
}
Event: 11.396 GC heap after
{Heap after GC invocations=6 (full 0):
 garbage-first heap   total 262144K, used 29266K [0x00000000e0000000, 0x0000000100000000)
  region size 1024K, 7 young (7168K), 7 survivors (7168K)
 Metaspace       used 34761K, committed 35968K, reserved 393216K
  class space    used 4984K, committed 5632K, reserved 327680K
}
Event: 11.857 GC heap before
{Heap before GC invocations=6 (full 0):
 garbage-first heap   total 262144K, used 50770K [0x00000000e0000000, 0x0000000100000000)
  region size 1024K, 29 young (29696K), 7 survivors (7168K)
 Metaspace       used 35077K, committed 36288K, reserved 393216K
  class space    used 5007K, committed 5632K, reserved 327680K
}
Event: 11.876 GC heap after
{Heap after GC invocations=7 (full 0):
 garbage-first heap   total 262144K, used 30915K [0x00000000e0000000, 0x0000000100000000)
  region size 1024K, 8 young (8192K), 8 survivors (8192K)
 Metaspace       used 35077K, committed 36288K, reserved 393216K
  class space    used 5007K, committed 5632K, reserved 327680K
}

Dll operation events (15 events):
Event: 0.016 Loaded shared library C:\Program Files\Java\jdk-21\bin\java.dll
Event: 0.364 Loaded shared library C:\Program Files\Java\jdk-21\bin\jsvml.dll
Event: 0.475 Loaded shared library C:\Program Files\Java\jdk-21\bin\zip.dll
Event: 0.480 Loaded shared library C:\Program Files\Java\jdk-21\bin\instrument.dll
Event: 0.486 Loaded shared library C:\Program Files\Java\jdk-21\bin\net.dll
Event: 0.489 Loaded shared library C:\Program Files\Java\jdk-21\bin\nio.dll
Event: 0.496 Loaded shared library C:\Program Files\Java\jdk-21\bin\zip.dll
Event: 0.914 Loaded shared library C:\Program Files\Java\jdk-21\bin\jimage.dll
Event: 1.058 Loaded shared library C:\Program Files\Java\jdk-21\bin\verify.dll
Event: 1.324 Loaded shared library C:\Users\bayes\.gradle\native\c067742578af261105cb4f569cf0c3c89f3d7b1fecec35dd04571415982c5e48\windows-amd64\native-platform.dll
Event: 1.331 Loaded shared library C:\Users\bayes\.gradle\native\38dada09dfb8b06ba9b0570ebf7e218e3eb74d4ef43ca46872605cf95ebc2f47\windows-amd64\native-platform-file-events.dll
Event: 3.708 Loaded shared library C:\Program Files\Java\jdk-21\bin\management.dll
Event: 3.712 Loaded shared library C:\Program Files\Java\jdk-21\bin\management_ext.dll
Event: 4.348 Loaded shared library C:\Program Files\Java\jdk-21\bin\extnet.dll
Event: 4.640 Loaded shared library C:\Program Files\Java\jdk-21\bin\sunmscapi.dll

Deoptimization events (20 events):
Event: 11.344 Thread 0x0000017472044880 Uncommon trap: trap_request=0xffffffc6 fr.pc=0x000001744cc81734 relative=0x00000000000002d4
Event: 11.344 Thread 0x0000017472044880 Uncommon trap: reason=bimorphic_or_optimized_type_check action=maybe_recompile pc=0x000001744cc81734 method=java.util.stream.MatchOps$1MatchSink.accept(Ljava/lang/Object;)V @ 12 c2
Event: 11.344 Thread 0x0000017472044880 DEOPT PACKING pc=0x000001744cc81734 sp=0x0000001c271f8010
Event: 11.344 Thread 0x0000017472044880 DEOPT UNPACKING pc=0x000001744c5246a2 sp=0x0000001c271f7fb8 mode 2
Event: 11.344 Thread 0x0000017472044880 Uncommon trap: trap_request=0xffffffc6 fr.pc=0x000001744cc81734 relative=0x00000000000002d4
Event: 11.344 Thread 0x0000017472044880 Uncommon trap: reason=bimorphic_or_optimized_type_check action=maybe_recompile pc=0x000001744cc81734 method=java.util.stream.MatchOps$1MatchSink.accept(Ljava/lang/Object;)V @ 12 c2
Event: 11.344 Thread 0x0000017472044880 DEOPT PACKING pc=0x000001744cc81734 sp=0x0000001c271f8010
Event: 11.344 Thread 0x0000017472044880 DEOPT UNPACKING pc=0x000001744c5246a2 sp=0x0000001c271f7fb8 mode 2
Event: 11.361 Thread 0x0000017472044880 Uncommon trap: trap_request=0xffffff6e fr.pc=0x000001744cca15f8 relative=0x00000000000008b8
Event: 11.361 Thread 0x0000017472044880 Uncommon trap: reason=loop_limit_check action=maybe_recompile pc=0x000001744cca15f8 method=java.util.regex.Pattern$Start.match(Ljava/util/regex/Matcher;ILjava/lang/CharSequence;)Z @ 34 c2
Event: 11.361 Thread 0x0000017472044880 DEOPT PACKING pc=0x000001744cca15f8 sp=0x0000001c271f83b0
Event: 11.361 Thread 0x0000017472044880 DEOPT UNPACKING pc=0x000001744c5246a2 sp=0x0000001c271f8300 mode 2
Event: 11.795 Thread 0x0000017472044880 Uncommon trap: trap_request=0xffffffc6 fr.pc=0x000001744ccab52c relative=0x00000000000008ec
Event: 11.795 Thread 0x0000017472044880 Uncommon trap: reason=bimorphic_or_optimized_type_check action=maybe_recompile pc=0x000001744ccab52c method=java.util.regex.Pattern$Start.match(Ljava/util/regex/Matcher;ILjava/lang/CharSequence;)Z @ 44 c2
Event: 11.795 Thread 0x0000017472044880 DEOPT PACKING pc=0x000001744ccab52c sp=0x0000001c271f9390
Event: 11.795 Thread 0x0000017472044880 DEOPT UNPACKING pc=0x000001744c5246a2 sp=0x0000001c271f92d0 mode 2
Event: 11.804 Thread 0x0000017472044880 Uncommon trap: trap_request=0xffffffc6 fr.pc=0x000001744ccab52c relative=0x00000000000008ec
Event: 11.804 Thread 0x0000017472044880 Uncommon trap: reason=bimorphic_or_optimized_type_check action=maybe_recompile pc=0x000001744ccab52c method=java.util.regex.Pattern$Start.match(Ljava/util/regex/Matcher;ILjava/lang/CharSequence;)Z @ 44 c2
Event: 11.804 Thread 0x0000017472044880 DEOPT PACKING pc=0x000001744ccab52c sp=0x0000001c271f9390
Event: 11.804 Thread 0x0000017472044880 DEOPT UNPACKING pc=0x000001744c5246a2 sp=0x0000001c271f92d0 mode 2

Classes loaded (20 events):
Event: 11.409 Loading class jdk/internal/jrtfs/SystemImage$1
Event: 11.409 Loading class jdk/internal/jrtfs/SystemImage$1 done
Event: 11.410 Loading class jdk/internal/jimage/ImageReader$SharedImageReader$LocationVisitor
Event: 11.410 Loading class jdk/internal/jimage/ImageReader$SharedImageReader$LocationVisitor done
Event: 11.410 Loading class java/nio/ByteBufferAsIntBufferL
Event: 11.411 Loading class java/nio/ByteBufferAsIntBufferL done
Event: 11.413 Loading class jdk/internal/jrtfs/JrtFileAttributes
Event: 11.413 Loading class jdk/internal/jrtfs/JrtFileAttributes done
Event: 11.413 Loading class jdk/internal/jrtfs/JrtDirectoryStream
Event: 11.413 Loading class jdk/internal/jrtfs/JrtDirectoryStream done
Event: 11.414 Loading class jdk/internal/jrtfs/JrtDirectoryStream$1
Event: 11.414 Loading class jdk/internal/jrtfs/JrtDirectoryStream$1 done
Event: 11.415 Loading class java/util/function/BooleanSupplier
Event: 11.415 Loading class java/util/function/BooleanSupplier done
Event: 11.416 Loading class jdk/internal/jimage/ImageReader$Resource
Event: 11.416 Loading class jdk/internal/jimage/ImageReader$Resource done
Event: 11.719 Loading class java/util/WeakHashMap$KeyIterator
Event: 11.719 Loading class java/util/WeakHashMap$HashIterator
Event: 11.719 Loading class java/util/WeakHashMap$HashIterator done
Event: 11.719 Loading class java/util/WeakHashMap$KeyIterator done

Classes unloaded (0 events):
No events

Classes redefined (0 events):
No events

Internal exceptions (20 events):
Event: 11.237 Thread 0x0000017472044880 Exception <a 'java/lang/NoSuchMethodError'{0x00000000eaefe858}: 'java.lang.Object java.lang.invoke.DirectMethodHandle$Holder.invokeStatic(java.lang.Object, int, java.lang.Object)'> (0x00000000eaefe858) 
thrown [s\open\src\hotspot\share\interpreter\linkResolver.cpp, line 773]
Event: 11.732 Thread 0x0000017472044880 Exception <a 'java/lang/ClassNotFoundException'{0x00000000eedd1888}: groovy/lang/BindingBeanInfo> (0x00000000eedd1888) 
thrown [s\open\src\hotspot\share\classfile\systemDictionary.cpp, line 312]
Event: 11.733 Thread 0x0000017472044880 Exception <a 'java/lang/ClassNotFoundException'{0x00000000eedd95d8}: groovy/lang/GroovyObjectSupportBeanInfo> (0x00000000eedd95d8) 
thrown [s\open\src\hotspot\share\classfile\systemDictionary.cpp, line 312]
Event: 11.734 Thread 0x0000017472044880 Exception <a 'java/lang/ClassNotFoundException'{0x00000000eede1348}: groovy/lang/GroovyObjectSupportCustomizer> (0x00000000eede1348) 
thrown [s\open\src\hotspot\share\classfile\systemDictionary.cpp, line 312]
Event: 11.738 Thread 0x0000017472044880 Exception <a 'java/lang/ClassNotFoundException'{0x00000000eeded568}: groovy/lang/BindingCustomizer> (0x00000000eeded568) 
thrown [s\open\src\hotspot\share\classfile\systemDictionary.cpp, line 312]
Event: 11.771 Thread 0x0000017472044880 Exception <a 'java/lang/ClassNotFoundException'{0x00000000eeb1ddf0}: init_ebrnzqs1z55q0kizzmvu2tnwrBeanInfo> (0x00000000eeb1ddf0) 
thrown [s\open\src\hotspot\share\classfile\systemDictionary.cpp, line 312]
Event: 11.772 Thread 0x0000017472044880 Exception <a 'java/lang/ClassNotFoundException'{0x00000000eeb25b88}: org/gradle/initialization/InitScriptBeanInfo> (0x00000000eeb25b88) 
thrown [s\open\src\hotspot\share\classfile\systemDictionary.cpp, line 312]
Event: 11.773 Thread 0x0000017472044880 Exception <a 'java/lang/ClassNotFoundException'{0x00000000eeb2df20}: org/gradle/groovy/scripts/DefaultScriptBeanInfo> (0x00000000eeb2df20) 
thrown [s\open\src\hotspot\share\classfile\systemDictionary.cpp, line 312]
Event: 11.774 Thread 0x0000017472044880 Exception <a 'java/lang/ClassNotFoundException'{0x00000000eeb36d18}: org/gradle/groovy/scripts/BasicScriptBeanInfo> (0x00000000eeb36d18) 
thrown [s\open\src\hotspot\share\classfile\systemDictionary.cpp, line 312]
Event: 11.775 Thread 0x0000017472044880 Exception <a 'java/lang/ClassNotFoundException'{0x00000000eeb3fab0}: org/gradle/groovy/scripts/ScriptBeanInfo> (0x00000000eeb3fab0) 
thrown [s\open\src\hotspot\share\classfile\systemDictionary.cpp, line 312]
Event: 11.776 Thread 0x0000017472044880 Exception <a 'java/lang/ClassNotFoundException'{0x00000000eeb48990}: groovy/lang/ScriptBeanInfo> (0x00000000eeb48990) 
thrown [s\open\src\hotspot\share\classfile\systemDictionary.cpp, line 312]
Event: 11.777 Thread 0x0000017472044880 Exception <a 'java/lang/ClassNotFoundException'{0x00000000eeb51860}: groovy/lang/ScriptCustomizer> (0x00000000eeb51860) 
thrown [s\open\src\hotspot\share\classfile\systemDictionary.cpp, line 312]
Event: 11.782 Thread 0x0000017472044880 Exception <a 'java/lang/ClassNotFoundException'{0x00000000eeb62f68}: org/gradle/groovy/scripts/ScriptCustomizer> (0x00000000eeb62f68) 
thrown [s\open\src\hotspot\share\classfile\systemDictionary.cpp, line 312]
Event: 11.787 Thread 0x0000017472044880 Exception <a 'java/lang/ClassNotFoundException'{0x00000000eeb729b8}: org/gradle/groovy/scripts/BasicScriptCustomizer> (0x00000000eeb729b8) 
thrown [s\open\src\hotspot\share\classfile\systemDictionary.cpp, line 312]
Event: 11.793 Thread 0x0000017472044880 Exception <a 'java/lang/ClassNotFoundException'{0x00000000eeb87c28}: org/gradle/groovy/scripts/DefaultScriptCustomizer> (0x00000000eeb87c28) 
thrown [s\open\src\hotspot\share\classfile\systemDictionary.cpp, line 312]
Event: 11.808 Thread 0x0000017472044880 Exception <a 'java/lang/ClassNotFoundException'{0x00000000eebacda8}: org/gradle/initialization/InitScriptCustomizer> (0x00000000eebacda8) 
thrown [s\open\src\hotspot\share\classfile\systemDictionary.cpp, line 312]
Event: 11.810 Thread 0x0000017472044880 Exception <a 'java/lang/ClassNotFoundException'{0x00000000eebba9e0}: init_ebrnzqs1z55q0kizzmvu2tnwrCustomizer> (0x00000000eebba9e0) 
thrown [s\open\src\hotspot\share\classfile\systemDictionary.cpp, line 312]
Event: 11.890 Thread 0x0000017472044880 Exception <a 'java/lang/ClassNotFoundException'{0x00000000eff869c8}: org/gradle/internal/extensibility/DefaultExtraPropertiesExtensionBeanInfo> (0x00000000eff869c8) 
thrown [s\open\src\hotspot\share\classfile\systemDictionary.cpp, line 312]
Event: 11.891 Thread 0x0000017472044880 Exception <a 'java/lang/ClassNotFoundException'{0x00000000eff8ea90}: org/gradle/internal/extensibility/DefaultExtraPropertiesExtensionCustomizer> (0x00000000eff8ea90) 
thrown [s\open\src\hotspot\share\classfile\systemDictionary.cpp, line 312]
Event: 11.917 Thread 0x0000017472044880 Exception <a 'java/lang/ClassNotFoundException'{0x00000000efe357b8}: groovy/lang/Closure$1BeanInfo> (0x00000000efe357b8) 
thrown [s\open\src\hotspot\share\classfile\systemDictionary.cpp, line 312]

ZGC Phase Switch (0 events):
No events

VM Operations (20 events):
Event: 10.367 Executing VM operation: HandshakeAllThreads (Deoptimize)
Event: 10.367 Executing VM operation: HandshakeAllThreads (Deoptimize) done
Event: 10.821 Executing VM operation: HandshakeAllThreads (Deoptimize)
Event: 10.821 Executing VM operation: HandshakeAllThreads (Deoptimize) done
Event: 10.905 Executing VM operation: HandshakeAllThreads (Deoptimize)
Event: 10.906 Executing VM operation: HandshakeAllThreads (Deoptimize) done
Event: 11.134 Executing VM operation: HandshakeAllThreads (Deoptimize)
Event: 11.134 Executing VM operation: HandshakeAllThreads (Deoptimize) done
Event: 11.138 Executing VM operation: HandshakeAllThreads (Deoptimize)
Event: 11.138 Executing VM operation: HandshakeAllThreads (Deoptimize) done
Event: 11.147 Executing VM operation: HandshakeAllThreads (Deoptimize)
Event: 11.147 Executing VM operation: HandshakeAllThreads (Deoptimize) done
Event: 11.347 Executing VM operation: ICBufferFull
Event: 11.347 Executing VM operation: ICBufferFull done
Event: 11.362 Executing VM operation: CollectForMetadataAllocation (Metadata GC Threshold)
Event: 11.398 Executing VM operation: CollectForMetadataAllocation (Metadata GC Threshold) done
Event: 11.412 Executing VM operation: HandshakeAllThreads (Deoptimize)
Event: 11.412 Executing VM operation: HandshakeAllThreads (Deoptimize) done
Event: 11.857 Executing VM operation: CollectForMetadataAllocation (Metadata GC Threshold)
Event: 11.876 Executing VM operation: CollectForMetadataAllocation (Metadata GC Threshold) done

Events (20 events):
Event: 4.884 Thread 0x0000017472044880 Thread added: 0x0000017472044880
Event: 4.929 Thread 0x0000017472091ea0 Thread added: 0x0000017472091ea0
Event: 4.934 Thread 0x0000017472090af0 Thread added: 0x0000017472090af0
Event: 4.944 Thread 0x0000017472091810 Thread added: 0x0000017472091810
Event: 6.049 Thread 0x0000017472091180 Thread added: 0x0000017472091180
Event: 6.080 Thread 0x0000017472092bc0 Thread added: 0x0000017472092bc0
Event: 6.343 Thread 0x00000174714eb830 Thread added: 0x00000174714eb830
Event: 6.739 Thread 0x0000017472090460 Thread added: 0x0000017472090460
Event: 7.904 Thread 0x0000017472093250 Thread added: 0x0000017472093250
Event: 7.917 Thread 0x000001747208fdd0 Thread added: 0x000001747208fdd0
Event: 8.514 Thread 0x0000017474e59ff0 Thread added: 0x0000017474e59ff0
Event: 8.597 Thread 0x0000017474e592d0 Thread added: 0x0000017474e592d0
Event: 8.697 Thread 0x0000017474e59960 Thread added: 0x0000017474e59960
Event: 8.742 Thread 0x0000017474e5ba30 Thread added: 0x0000017474e5ba30
Event: 9.139 Thread 0x0000017474e5c0c0 Thread added: 0x0000017474e5c0c0
Event: 9.496 Thread 0x0000017474e58c40 Thread added: 0x0000017474e58c40
Event: 10.131 Thread 0x0000017474e564e0 Thread added: 0x0000017474e564e0
Event: 10.216 Thread 0x0000017474e57200 Thread added: 0x0000017474e57200
Event: 10.669 Thread 0x00000174714eb830 Thread exited: 0x00000174714eb830
Event: 11.194 Thread 0x00000174738b8960 Thread added: 0x00000174738b8960


Dynamic libraries:
0x00007ff6b80e0000 - 0x00007ff6b80f0000 	C:\Program Files\Java\jdk-21\bin\java.exe
0x00007fff82c10000 - 0x00007fff82e08000 	C:\Windows\SYSTEM32\ntdll.dll
0x00007fff80e90000 - 0x00007fff80f4f000 	C:\Windows\System32\KERNEL32.DLL
0x00007fff80770000 - 0x00007fff80a66000 	C:\Windows\System32\KERNELBASE.dll
0x00007fff80b70000 - 0x00007fff80c70000 	C:\Windows\System32\ucrtbase.dll
0x00007fff77dc0000 - 0x00007fff77dd9000 	C:\Program Files\Java\jdk-21\bin\jli.dll
0x00007fff79650000 - 0x00007fff7966b000 	C:\Program Files\Java\jdk-21\bin\VCRUNTIME140.dll
0x00007fff82550000 - 0x00007fff825ff000 	C:\Windows\System32\ADVAPI32.dll
0x00007fff82a60000 - 0x00007fff82afe000 	C:\Windows\System32\msvcrt.dll
0x00007fff82410000 - 0x00007fff824ac000 	C:\Windows\System32\sechost.dll
0x00007fff81e20000 - 0x00007fff81f46000 	C:\Windows\System32\RPCRT4.dll
0x00007fff810b0000 - 0x00007fff8124d000 	C:\Windows\System32\USER32.dll
0x00007fff7f6f0000 - 0x00007fff7f98a000 	C:\Windows\WinSxS\amd64_microsoft.windows.common-controls_6595b64144ccf1df_6.0.19041.1110_none_60b5254171f9507e\COMCTL32.dll
0x00007fff80aa0000 - 0x00007fff80ac2000 	C:\Windows\System32\win32u.dll
0x00007fff823e0000 - 0x00007fff8240c000 	C:\Windows\System32\GDI32.dll
0x00007fff804a0000 - 0x00007fff805b5000 	C:\Windows\System32\gdi32full.dll
0x00007fff80ad0000 - 0x00007fff80b6d000 	C:\Windows\System32\msvcp_win.dll
0x00007fff7cd80000 - 0x00007fff7cd8a000 	C:\Windows\SYSTEM32\VERSION.dll
0x00007fff82a30000 - 0x00007fff82a60000 	C:\Windows\System32\IMM32.DLL
0x00007fff7a7e0000 - 0x00007fff7a7ec000 	C:\Program Files\Java\jdk-21\bin\vcruntime140_1.dll
0x00007fff227d0000 - 0x00007fff2285e000 	C:\Program Files\Java\jdk-21\bin\msvcp140.dll
0x00007fff06e30000 - 0x00007fff07b43000 	C:\Program Files\Java\jdk-21\bin\server\jvm.dll
0x00007fff80e20000 - 0x00007fff80e8b000 	C:\Windows\System32\WS2_32.dll
0x00007fff7ff10000 - 0x00007fff7ff5b000 	C:\Windows\SYSTEM32\POWRPROF.dll
0x00007fff59500000 - 0x00007fff59527000 	C:\Windows\SYSTEM32\WINMM.dll
0x00007fff7f990000 - 0x00007fff7f9a2000 	C:\Windows\SYSTEM32\UMPDC.dll
0x00007fff7dd20000 - 0x00007fff7dd32000 	C:\Windows\SYSTEM32\kernel.appcore.dll
0x00007fff79640000 - 0x00007fff7964a000 	C:\Program Files\Java\jdk-21\bin\jimage.dll
0x00007fff7fca0000 - 0x00007fff7fe84000 	C:\Windows\SYSTEM32\DBGHELP.DLL
0x00007fff7fac0000 - 0x00007fff7faf4000 	C:\Windows\SYSTEM32\dbgcore.DLL
0x00007fff80410000 - 0x00007fff80492000 	C:\Windows\System32\bcryptPrimitives.dll
0x00007fff79630000 - 0x00007fff7963f000 	C:\Program Files\Java\jdk-21\bin\instrument.dll
0x00007fff6c260000 - 0x00007fff6c27f000 	C:\Program Files\Java\jdk-21\bin\java.dll
0x00007fff81250000 - 0x00007fff81994000 	C:\Windows\System32\SHELL32.dll
0x00007fff7dd40000 - 0x00007fff7e4d3000 	C:\Windows\SYSTEM32\windows.storage.dll
0x00007fff81f60000 - 0x00007fff822b4000 	C:\Windows\System32\combase.dll
0x00007fff7f650000 - 0x00007fff7f67e000 	C:\Windows\SYSTEM32\Wldp.dll
0x00007fff80f50000 - 0x00007fff80ffd000 	C:\Windows\System32\SHCORE.dll
0x00007fff80d30000 - 0x00007fff80d85000 	C:\Windows\System32\shlwapi.dll
0x00007fff80230000 - 0x00007fff8024f000 	C:\Windows\SYSTEM32\profapi.dll
0x00007fff226f0000 - 0x00007fff227c7000 	C:\Program Files\Java\jdk-21\bin\jsvml.dll
0x00007fff6c240000 - 0x00007fff6c258000 	C:\Program Files\Java\jdk-21\bin\zip.dll
0x00007fff794b0000 - 0x00007fff794c0000 	C:\Program Files\Java\jdk-21\bin\net.dll
0x00007fff701e0000 - 0x00007fff702ea000 	C:\Windows\SYSTEM32\WINHTTP.dll
0x00007fff7f510000 - 0x00007fff7f57a000 	C:\Windows\system32\mswsock.dll
0x00007fff6c220000 - 0x00007fff6c236000 	C:\Program Files\Java\jdk-21\bin\nio.dll
0x00007fff70a60000 - 0x00007fff70a70000 	C:\Program Files\Java\jdk-21\bin\verify.dll
0x00007fff70a70000 - 0x00007fff70a97000 	C:\Users\bayes\.gradle\native\c067742578af261105cb4f569cf0c3c89f3d7b1fecec35dd04571415982c5e48\windows-amd64\native-platform.dll
0x00007fff225a0000 - 0x00007fff226e4000 	C:\Users\bayes\.gradle\native\38dada09dfb8b06ba9b0570ebf7e218e3eb74d4ef43ca46872605cf95ebc2f47\windows-amd64\native-platform-file-events.dll
0x00007fff5d0b0000 - 0x00007fff5d0ba000 	C:\Program Files\Java\jdk-21\bin\management.dll
0x00007fff5a2c0000 - 0x00007fff5a2cb000 	C:\Program Files\Java\jdk-21\bin\management_ext.dll
0x00007fff81e10000 - 0x00007fff81e18000 	C:\Windows\System32\PSAPI.DLL
0x00007fff80080000 - 0x00007fff80098000 	C:\Windows\SYSTEM32\CRYPTSP.dll
0x00007fff7ed30000 - 0x00007fff7ed64000 	C:\Windows\system32\rsaenh.dll
0x00007fff80a70000 - 0x00007fff80a97000 	C:\Windows\System32\bcrypt.dll
0x00007fff801f0000 - 0x00007fff8021e000 	C:\Windows\SYSTEM32\USERENV.dll
0x00007fff7f640000 - 0x00007fff7f64c000 	C:\Windows\SYSTEM32\CRYPTBASE.dll
0x00007fff7f0a0000 - 0x00007fff7f0dc000 	C:\Windows\SYSTEM32\IPHLPAPI.DLL
0x00007fff829c0000 - 0x00007fff829c8000 	C:\Windows\System32\NSI.dll
0x00007fff521d0000 - 0x00007fff521d9000 	C:\Program Files\Java\jdk-21\bin\extnet.dll
0x00007fff521c0000 - 0x00007fff521ce000 	C:\Program Files\Java\jdk-21\bin\sunmscapi.dll
0x00007fff805c0000 - 0x00007fff8071e000 	C:\Windows\System32\CRYPT32.dll
0x00007fff7f6c0000 - 0x00007fff7f6e8000 	C:\Windows\SYSTEM32\ncrypt.dll
0x00007fff7f680000 - 0x00007fff7f6bb000 	C:\Windows\SYSTEM32\NTASN1.dll
0x00007fff51940000 - 0x00007fff51947000 	C:\Windows\system32\wshunix.dll

dbghelp: loaded successfully - version: 4.0.5 - missing functions: none
symbol engine: initialized successfully - sym options: 0x614 - pdb path: .;C:\Program Files\Java\jdk-21\bin;C:\Windows\SYSTEM32;C:\Windows\WinSxS\amd64_microsoft.windows.common-controls_6595b64144ccf1df_6.0.19041.1110_none_60b5254171f9507e;C:\Program Files\Java\jdk-21\bin\server;C:\Users\bayes\.gradle\native\c067742578af261105cb4f569cf0c3c89f3d7b1fecec35dd04571415982c5e48\windows-amd64;C:\Users\bayes\.gradle\native\38dada09dfb8b06ba9b0570ebf7e218e3eb74d4ef43ca46872605cf95ebc2f47\windows-amd64

VM Arguments:
jvm_args: --add-opens=java.base/java.util=ALL-UNNAMED --add-opens=java.base/java.lang=ALL-UNNAMED --add-opens=java.base/java.lang.invoke=ALL-UNNAMED --add-opens=java.prefs/java.util.prefs=ALL-UNNAMED --add-opens=java.base/java.nio.charset=ALL-UNNAMED --add-opens=java.base/java.net=ALL-UNNAMED --add-opens=java.base/java.util.concurrent.atomic=ALL-UNNAMED -XX:MaxMetaspaceSize=384m -XX:+HeapDumpOnOutOfMemoryError -Xms256m -Xmx512m -Dfile.encoding=utf8 -Duser.country=FR -Duser.language=fr -Duser.variant -javaagent:C:\Users\bayes\.gradle\wrapper\dists\gradle-8.5-bin\5t9huq95ubn472n8rpzujfbqh\gradle-8.5\lib\agents\gradle-instrumentation-agent-8.5.jar 
java_command: org.gradle.launcher.daemon.bootstrap.GradleDaemon 8.5
java_class_path (initial): C:\Users\bayes\.gradle\wrapper\dists\gradle-8.5-bin\5t9huq95ubn472n8rpzujfbqh\gradle-8.5\lib\gradle-launcher-8.5.jar
Launcher Type: SUN_STANDARD

[Global flags]
     intx CICompilerCount                          = 3                                         {product} {ergonomic}
   size_t CompressedClassSpaceSize                 = 335544320                                 {product} {ergonomic}
     uint ConcGCThreads                            = 1                                         {product} {ergonomic}
     uint G1ConcRefinementThreads                  = 4                                         {product} {ergonomic}
   size_t G1HeapRegionSize                         = 1048576                                   {product} {ergonomic}
    uintx GCDrainStackTargetSize                   = 64                                        {product} {ergonomic}
     bool HeapDumpOnOutOfMemoryError               = true                                   {manageable} {command line}
   size_t InitialHeapSize                          = 268435456                                 {product} {command line}
   size_t MarkStackSize                            = 4194304                                   {product} {ergonomic}
   size_t MaxHeapSize                              = 536870912                                 {product} {command line}
   size_t MaxMetaspaceSize                         = 402653184                                 {product} {command line}
   size_t MaxNewSize                               = 321912832                                 {product} {ergonomic}
   size_t MinHeapDeltaBytes                        = 1048576                                   {product} {ergonomic}
   size_t MinHeapSize                              = 268435456                                 {product} {command line}
    uintx NonNMethodCodeHeapSize                   = 5832780                                {pd product} {ergonomic}
    uintx NonProfiledCodeHeapSize                  = 122912730                              {pd product} {ergonomic}
    uintx ProfiledCodeHeapSize                     = 122912730                              {pd product} {ergonomic}
    uintx ReservedCodeCacheSize                    = 251658240                              {pd product} {ergonomic}
     bool SegmentedCodeCache                       = true                                      {product} {ergonomic}
   size_t SoftMaxHeapSize                          = 536870912                              {manageable} {ergonomic}
     bool UseCompressedOops                        = true                           {product lp64_product} {ergonomic}
     bool UseG1GC                                  = true                                      {product} {ergonomic}
     bool UseLargePagesIndividualAllocation        = false                                  {pd product} {ergonomic}

Logging:
Log output configuration:
 #0: stdout all=warning uptime,level,tags foldmultilines=false
 #1: stderr all=off uptime,level,tags foldmultilines=false

Environment Variables:
JAVA_HOME=C:\Program Files\Java\jdk-21
PATH=C:\Program Files\Eclipse Adoptium\jdk-21.0.4.7-hotspot\bin;C:\Program Files\Common Files\Oracle\Java\javapath;C:\Windows\system32;C:\Windows;C:\Windows\System32\Wbem;C:\Windows\System32\WindowsPowerShell\v1.0\;C:\Windows\System32\OpenSSH\;C:\Program Files\Java\jdk-21;C:\Users\bayes\AppData\Local\Microsoft\WindowsApps;C:\Users\bayes\AppData\Local\Programs\Microsoft VS Code\bin;C:\Program Files\gradle-8.10.2\bin;
USERNAME=bayes
OS=Windows_NT
PROCESSOR_IDENTIFIER=Intel64 Family 6 Model 78 Stepping 3, GenuineIntel
TMP=C:\Users\bayes\AppData\Local\Temp
TEMP=C:\Users\bayes\AppData\Local\Temp




Periodic native trim disabled

---------------  S Y S T E M  ---------------

OS:
 Windows 10 , 64 bit Build 19041 (10.0.19041.2913)
OS uptime: 0 days 1:05 hours

CPU: total 4 (initial active 4) (2 cores per cpu, 2 threads per core) family 6 model 78 stepping 3 microcode 0xcc, cx8, cmov, fxsr, ht, mmx, 3dnowpref, sse, sse2, sse3, ssse3, sse4.1, sse4.2, popcnt, lzcnt, tsc, tscinvbit, avx, avx2, aes, erms, clmul, bmi1, bmi2, rtm, adx, fma, vzeroupper, clflush, clflushopt, rdtscp, f16c
Processor Information for all 4 processors :
  Max Mhz: 2496, Current Mhz: 2396, Mhz Limit: 2396

Memory: 4k page, system-wide physical 7854M (1447M free)
TotalPageFile size 15790M (AvailPageFile size 8156M)
current process WorkingSet (physical memory assigned to process): 285M, peak: 285M
current process commit charge ("private bytes"): 439M, peak: 442M

vm_info: Java HotSpot(TM) 64-Bit Server VM (21.0.4+8-LTS-274) for windows-amd64 JRE (21.0.4+8-LTS-274), built on 2024-06-05T05:23:33Z by "mach5one" with MS VC++ 17.6 (VS2022)

END.
