#
# There is insufficient memory for the Java Runtime Environment to continue.
# Native memory allocation (malloc) failed to allocate 1147360 bytes. Error detail: Chunk::new
# Possible reasons:
#   The system is out of physical RAM or swap space
#   This process is running with CompressedOops enabled, and the Java Heap may be blocking the growth of the native heap
# Possible solutions:
#   Reduce memory load on the system
#   Increase physical memory or swap space
#   Check if swap backing store is full
#   Decrease Java heap size (-Xmx/-Xms)
#   Decrease number of Java threads
#   Decrease Java thread stack sizes (-Xss)
#   Set larger code cache with -XX:ReservedCodeCacheSize=
#   JVM is running with Unscaled Compressed Oops mode in which the Java heap is
#     placed in the first 4GB address space. The Java Heap base address is the
#     maximum limit for the native heap growth. Please use -XX:HeapBaseMinAddress
#     to set the Java Heap base and to place the Java Heap above 4GB virtual address.
# This output file may be truncated or incomplete.
#
#  Out of Memory Error (arena.cpp:191), pid=17556, tid=17284
#
# JRE version: OpenJDK Runtime Environment Temurin-17.0.13+11 (17.0.13+11) (build 17.0.13+11)
# Java VM: OpenJDK 64-Bit Server VM Temurin-17.0.13+11 (17.0.13+11, mixed mode, tiered, compressed oops, compressed class ptrs, parallel gc, windows-amd64)
# No core dump will be written. Minidumps are not enabled by default on client versions of Windows
#

---------------  S U M M A R Y ------------

Command Line: --add-modules=ALL-SYSTEM --add-opens=java.base/java.util=ALL-UNNAMED --add-opens=java.base/java.lang=ALL-UNNAMED --add-opens=java.base/sun.nio.fs=ALL-UNNAMED -Declipse.application=org.eclipse.jdt.ls.core.id1 -Dosgi.bundles.defaultStartLevel=4 -Declipse.product=org.eclipse.jdt.ls.core.product -Djava.import.generatesMetadataFilesAtProjectRoot=false -DDetectVMInstallationsJob.disabled=true -Dfile.encoding=utf8 -XX:+UseParallelGC -XX:GCTimeRatio=4 -XX:AdaptiveSizePolicyWeight=90 -Dsun.zip.disableMemoryMapping=true -Xmx1G -Xms100m -Xlog:disable -javaagent:c:\Users\bayes\.vscode\extensions\redhat.java-1.37.0-win32-x64\lombok\lombok-1.18.34.jar c:\Users\bayes\.vscode\extensions\redhat.java-1.37.0-win32-x64\server\plugins\org.eclipse.equinox.launcher_1.6.900.v20240613-2009.jar -configuration c:\Users\bayes\AppData\Roaming\Code\User\globalStorage\redhat.java\1.37.0\config_ss_win -data c:\Users\bayes\AppData\Roaming\Code\User\workspaceStorage\91ae7324ef9485046333944c88691bb9\redhat.java\ss_ws --pipe=\\.\pipe\lsp-074a846b9e55a39886d7fabd0c97eb97-sock

Host: Intel(R) Core(TM) i5-10310U CPU @ 1.70GHz, 8 cores, 7G,  Windows 11 , 64 bit Build 22621 (10.0.22621.4391)
Time: Sat Nov 30 12:30:34 2024 Paris, Madrid elapsed time: 54.948303 seconds (0d 0h 0m 54s)

---------------  T H R E A D  ---------------

Current thread (0x0000017c257e9500):  JavaThread "C2 CompilerThread0" daemon [_thread_in_native, id=17284, stack(0x00000035b2000000,0x00000035b2100000)]


Current CompileTask:
C2:  54948 8380       4       org.eclipse.osgi.internal.loader.ModuleClassLoader::toString (80 bytes)

Stack: [0x00000035b2000000,0x00000035b2100000]
Native frames: (J=compiled Java code, j=interpreted, Vv=VM code, C=native code)
V  [jvm.dll+0x682a19]
V  [jvm.dll+0x839538]
V  [jvm.dll+0x83afe3]
V  [jvm.dll+0x83b653]
V  [jvm.dll+0x24704f]
V  [jvm.dll+0xace34]
V  [jvm.dll+0xad4cc]
V  [jvm.dll+0x36597e]
V  [jvm.dll+0x1ba989]
V  [jvm.dll+0x2181a7]
V  [jvm.dll+0x21748f]
V  [jvm.dll+0x1a3070]
V  [jvm.dll+0x22788c]
V  [jvm.dll+0x2259eb]
V  [jvm.dll+0x7eec98]
V  [jvm.dll+0x7e8ffc]
V  [jvm.dll+0x6818f7]
C  [ucrtbase.dll+0x29333]
C  [KERNEL32.DLL+0x1259d]
C  [ntdll.dll+0x5af38]


---------------  P R O C E S S  ---------------

Threads class SMR info:
_java_thread_list=0x0000017c29a9d0c0, length=41, elements={
0x0000017c0c8bd990, 0x0000017c20741020, 0x0000017c207455f0, 0x0000017c2074d300,
0x0000017c2074ded0, 0x0000017c257e44c0, 0x0000017c257e80b0, 0x0000017c257e9500,
0x0000017c257ed460, 0x0000017c257ff510, 0x0000017c25924020, 0x0000017c269e7fd0,
0x0000017c26d8bc00, 0x0000017c26d8d040, 0x0000017c26d8c110, 0x0000017c26d8da60,
0x0000017c26d8c620, 0x0000017c26d8e480, 0x0000017c26d8acd0, 0x0000017c26d8b1e0,
0x0000017c26b15ab0, 0x0000017c26b18330, 0x0000017c26b164d0, 0x0000017c26b18840,
0x0000017c26b19c80, 0x0000017c26b17e20, 0x0000017c26b18d50, 0x0000017c26b17910,
0x0000017c26b19260, 0x0000017c26b1b0c0, 0x0000017c26b1b5d0, 0x0000017c26b15fc0,
0x0000017c26b19770, 0x0000017c26b1bae0, 0x0000017c26b1a6a0, 0x0000017c26b16ef0,
0x0000017c26b1a190, 0x0000017c26b1c500, 0x0000017c26b1abb0, 0x0000017c26b15090,
0x0000017c26b1ca10
}

Java Threads: ( => current thread )
  0x0000017c0c8bd990 JavaThread "main" [_thread_blocked, id=11528, stack(0x00000035b1700000,0x00000035b1800000)]
  0x0000017c20741020 JavaThread "Reference Handler" daemon [_thread_blocked, id=10216, stack(0x00000035b1a00000,0x00000035b1b00000)]
  0x0000017c207455f0 JavaThread "Finalizer" daemon [_thread_blocked, id=5780, stack(0x00000035b1b00000,0x00000035b1c00000)]
  0x0000017c2074d300 JavaThread "Signal Dispatcher" daemon [_thread_blocked, id=19200, stack(0x00000035b1c00000,0x00000035b1d00000)]
  0x0000017c2074ded0 JavaThread "Attach Listener" daemon [_thread_blocked, id=21236, stack(0x00000035b1d00000,0x00000035b1e00000)]
  0x0000017c257e44c0 JavaThread "Service Thread" daemon [_thread_blocked, id=17520, stack(0x00000035b1e00000,0x00000035b1f00000)]
  0x0000017c257e80b0 JavaThread "Monitor Deflation Thread" daemon [_thread_blocked, id=22452, stack(0x00000035b1f00000,0x00000035b2000000)]
=>0x0000017c257e9500 JavaThread "C2 CompilerThread0" daemon [_thread_in_native, id=17284, stack(0x00000035b2000000,0x00000035b2100000)]
  0x0000017c257ed460 JavaThread "C1 CompilerThread0" daemon [_thread_blocked, id=14700, stack(0x00000035b2100000,0x00000035b2200000)]
  0x0000017c257ff510 JavaThread "Sweeper thread" daemon [_thread_blocked, id=2052, stack(0x00000035b2200000,0x00000035b2300000)]
  0x0000017c25924020 JavaThread "Common-Cleaner" daemon [_thread_blocked, id=12748, stack(0x00000035b2300000,0x00000035b2400000)]
  0x0000017c269e7fd0 JavaThread "Notification Thread" daemon [_thread_blocked, id=14292, stack(0x00000035b2400000,0x00000035b2500000)]
  0x0000017c26d8bc00 JavaThread "Active Thread: Equinox Container: d8de64cd-dbf5-4c2a-a07f-cf263443030a" [_thread_blocked, id=13828, stack(0x00000035b3100000,0x00000035b3200000)]
  0x0000017c26d8d040 JavaThread "Framework Event Dispatcher: Equinox Container: d8de64cd-dbf5-4c2a-a07f-cf263443030a" daemon [_thread_blocked, id=9196, stack(0x00000035b3200000,0x00000035b3300000)]
  0x0000017c26d8c110 JavaThread "Start Level: Equinox Container: d8de64cd-dbf5-4c2a-a07f-cf263443030a" daemon [_thread_blocked, id=22332, stack(0x00000035b3300000,0x00000035b3400000)]
  0x0000017c26d8da60 JavaThread "Refresh Thread: Equinox Container: d8de64cd-dbf5-4c2a-a07f-cf263443030a" daemon [_thread_blocked, id=9376, stack(0x00000035b3600000,0x00000035b3700000)]
  0x0000017c26d8c620 JavaThread "SCR Component Actor" daemon [_thread_blocked, id=21476, stack(0x00000035b3900000,0x00000035b3a00000)]
  0x0000017c26d8e480 JavaThread "Worker-JM" [_thread_blocked, id=7360, stack(0x00000035b3b00000,0x00000035b3c00000)]
  0x0000017c26d8acd0 JavaThread "JNA Cleaner" daemon [_thread_blocked, id=19864, stack(0x00000035b3c00000,0x00000035b3d00000)]
  0x0000017c26d8b1e0 JavaThread "Worker-0" [_thread_blocked, id=4480, stack(0x00000035b3d00000,0x00000035b3e00000)]
  0x0000017c26b15ab0 JavaThread "Worker-1" [_thread_blocked, id=2276, stack(0x00000035b3e00000,0x00000035b3f00000)]
  0x0000017c26b18330 JavaThread "Thread-2" daemon [_thread_in_native, id=16068, stack(0x00000035b4200000,0x00000035b4300000)]
  0x0000017c26b164d0 JavaThread "Thread-3" daemon [_thread_in_native, id=800, stack(0x00000035b4300000,0x00000035b4400000)]
  0x0000017c26b18840 JavaThread "Thread-4" daemon [_thread_in_native, id=15180, stack(0x00000035b4400000,0x00000035b4500000)]
  0x0000017c26b19c80 JavaThread "Thread-5" daemon [_thread_in_native, id=9836, stack(0x00000035b4500000,0x00000035b4600000)]
  0x0000017c26b17e20 JavaThread "Thread-6" daemon [_thread_in_native, id=6976, stack(0x00000035b4600000,0x00000035b4700000)]
  0x0000017c26b18d50 JavaThread "Thread-7" daemon [_thread_in_native, id=23140, stack(0x00000035b4700000,0x00000035b4800000)]
  0x0000017c26b17910 JavaThread "Thread-8" daemon [_thread_in_native, id=9832, stack(0x00000035b4800000,0x00000035b4900000)]
  0x0000017c26b19260 JavaThread "Thread-9" daemon [_thread_in_native, id=6660, stack(0x00000035b4900000,0x00000035b4a00000)]
  0x0000017c26b1b0c0 JavaThread "Thread-10" daemon [_thread_in_native, id=11900, stack(0x00000035b4a00000,0x00000035b4b00000)]
  0x0000017c26b1b5d0 JavaThread "pool-2-thread-1" [_thread_blocked, id=21584, stack(0x00000035b4b00000,0x00000035b4c00000)]
  0x0000017c26b15fc0 JavaThread "Worker-2" [_thread_blocked, id=18604, stack(0x00000035b4c00000,0x00000035b4d00000)]
  0x0000017c26b19770 JavaThread "WorkspaceEventsHandler" [_thread_blocked, id=20128, stack(0x00000035b4d00000,0x00000035b4e00000)]
  0x0000017c26b1bae0 JavaThread "pool-1-thread-1" [_thread_blocked, id=6124, stack(0x00000035b4e00000,0x00000035b4f00000)]
  0x0000017c26b1a6a0 JavaThread "ForkJoinPool.commonPool-worker-1" daemon [_thread_blocked, id=17248, stack(0x00000035b4f00000,0x00000035b5000000)]
  0x0000017c26b16ef0 JavaThread "ForkJoinPool.commonPool-worker-2" daemon [_thread_blocked, id=4896, stack(0x00000035b5000000,0x00000035b5100000)]
  0x0000017c26b1a190 JavaThread "ForkJoinPool.commonPool-worker-3" daemon [_thread_blocked, id=16296, stack(0x00000035b5100000,0x00000035b5200000)]
  0x0000017c26b1c500 JavaThread "ForkJoinPool.commonPool-worker-4" daemon [_thread_blocked, id=8392, stack(0x00000035b5200000,0x00000035b5300000)]
  0x0000017c26b1abb0 JavaThread "pool-3-thread-1" [_thread_blocked, id=1368, stack(0x00000035b1500000,0x00000035b1600000)]
  0x0000017c26b15090 JavaThread "Framework stop - Equinox Container: d8de64cd-dbf5-4c2a-a07f-cf263443030a" [_thread_in_Java, id=24292, stack(0x00000035b2b00000,0x00000035b2c00000)]
  0x0000017c26b1ca10 JavaThread "SCR Component Registry" daemon [_thread_blocked, id=17100, stack(0x00000035b2c00000,0x00000035b2d00000)]

Other Threads:
  0x0000017c0c96eb70 VMThread "VM Thread" [stack: 0x00000035b1900000,0x00000035b1a00000] [id=15840]
  0x0000017c269e84b0 WatcherThread [stack: 0x00000035b2500000,0x00000035b2600000] [id=13704]
  0x0000017c0c8d4b60 GCTaskThread "GC Thread#0" [stack: 0x00000035b1800000,0x00000035b1900000] [id=13712]
  0x0000017c26d5f9a0 GCTaskThread "GC Thread#1" [stack: 0x00000035b2600000,0x00000035b2700000] [id=3660]
  0x0000017c26d6a8a0 GCTaskThread "GC Thread#2" [stack: 0x00000035b2700000,0x00000035b2800000] [id=17660]
  0x0000017c26cd5470 GCTaskThread "GC Thread#3" [stack: 0x00000035b2800000,0x00000035b2900000] [id=14632]
  0x0000017c26cd5730 GCTaskThread "GC Thread#4" [stack: 0x00000035b2900000,0x00000035b2a00000] [id=21704]
  0x0000017c26cd59f0 GCTaskThread "GC Thread#5" [stack: 0x00000035b2a00000,0x00000035b2b00000] [id=10996]
  0x0000017c26a25bc0 GCTaskThread "GC Thread#6" [stack: 0x00000035b3400000,0x00000035b3500000] [id=20400]
  0x0000017c26a25e80 GCTaskThread "GC Thread#7" [stack: 0x00000035b3500000,0x00000035b3600000] [id=14072]

Threads with active compile tasks:
C2 CompilerThread0    54995 8380       4       org.eclipse.osgi.internal.loader.ModuleClassLoader::toString (80 bytes)

VM state: not at safepoint (normal execution)

VM Mutex/Monitor currently owned by a thread: None

Heap address: 0x00000000c0000000, size: 1024 MB, Compressed Oops mode: 32-bit

CDS archive(s) not mapped
Compressed class space mapped at: 0x0000000100000000-0x0000000140000000, reserved size: 1073741824
Narrow klass base: 0x0000000000000000, Narrow klass shift: 3, Narrow klass range: 0x140000000

GC Precious Log:
 CPUs: 8 total, 8 available
 Memory: 7952M
 Large Page Support: Disabled
 NUMA Support: Disabled
 Compressed Oops: Enabled (32-bit)
 Alignments: Space 512K, Generation 512K, Heap 2M
 Heap Min Capacity: 100M
 Heap Initial Capacity: 100M
 Heap Max Capacity: 1G
 Pre-touch: Disabled
 Parallel Workers: 8

Heap:
 PSYoungGen      total 21504K, used 11340K [0x00000000eab00000, 0x00000000ec300000, 0x0000000100000000)
  eden space 18944K, 49% used [0x00000000eab00000,0x00000000eb413238,0x00000000ebd80000)
  from space 2560K, 80% used [0x00000000ec080000,0x00000000ec280020,0x00000000ec300000)
  to   space 2560K, 0% used [0x00000000ebe00000,0x00000000ebe00000,0x00000000ec080000)
 ParOldGen       total 68608K, used 38543K [0x00000000c0000000, 0x00000000c4300000, 0x00000000eab00000)
  object space 68608K, 56% used [0x00000000c0000000,0x00000000c25a3e30,0x00000000c4300000)
 Metaspace       used 55061K, committed 56000K, reserved 1114112K
  class space    used 5473K, committed 5888K, reserved 1048576K

Card table byte_map: [0x0000017c0c280000,0x0000017c0c490000] _byte_map_base: 0x0000017c0bc80000

Marking Bits: (ParMarkBitMap*) 0x00007ffeb6306940
 Begin Bits: [0x0000017c1e550000, 0x0000017c1f550000)
 End Bits:   [0x0000017c1f550000, 0x0000017c20550000)

Polling page: 0x0000017c0c070000

Metaspace:

Usage:
  Non-class:     48.43 MB used.
      Class:      5.35 MB used.
       Both:     53.77 MB used.

Virtual space:
  Non-class space:       64.00 MB reserved,      48.94 MB ( 76%) committed,  1 nodes.
      Class space:        1.00 GB reserved,       5.75 MB ( <1%) committed,  1 nodes.
             Both:        1.06 GB reserved,      54.69 MB (  5%) committed. 

Chunk freelists:
   Non-Class:  14.36 MB
       Class:  10.12 MB
        Both:  24.48 MB

MaxMetaspaceSize: unlimited
CompressedClassSpaceSize: 1.00 GB
Initial GC threshold: 21.00 MB
Current GC threshold: 58.38 MB
CDS: off
MetaspaceReclaimPolicy: balanced
 - commit_granule_bytes: 65536.
 - commit_granule_words: 8192.
 - virtual_space_node_default_size: 8388608.
 - enlarge_chunks_in_place: 1.
 - new_chunks_are_fully_committed: 0.
 - uncommit_free_chunks: 1.
 - use_allocation_guard: 0.
 - handle_deallocations: 1.


Internal statistics:

num_allocs_failed_limit: 6.
num_arena_births: 666.
num_arena_deaths: 14.
num_vsnodes_births: 2.
num_vsnodes_deaths: 0.
num_space_committed: 875.
num_space_uncommitted: 0.
num_chunks_returned_to_freelist: 20.
num_chunks_taken_from_freelist: 2716.
num_chunk_merges: 11.
num_chunk_splits: 1711.
num_chunks_enlarged: 1016.
num_inconsistent_stats: 0.

CodeHeap 'non-profiled nmethods': size=120000Kb used=3612Kb max_used=3612Kb free=116387Kb
 bounds [0x0000017c17020000, 0x0000017c173b0000, 0x0000017c1e550000]
CodeHeap 'profiled nmethods': size=120000Kb used=13670Kb max_used=15700Kb free=106330Kb
 bounds [0x0000017c0f550000, 0x0000017c104b0000, 0x0000017c16a80000]
CodeHeap 'non-nmethods': size=5760Kb used=1358Kb max_used=1468Kb free=4401Kb
 bounds [0x0000017c16a80000, 0x0000017c16cf0000, 0x0000017c17020000]
 total_blobs=7526 nmethods=6821 adapters=617
 compilation: enabled
              stopped_count=0, restarted_count=0
 full_count=0

Compilation events (20 events):
Event: 54.762 Thread 0x0000017c257ed460 8403       3       java.util.stream.StreamSupport::intStream (14 bytes)
Event: 54.762 Thread 0x0000017c257ed460 nmethod 8403 0x0000017c0fe9c190 code [0x0000017c0fe9c340, 0x0000017c0fe9c5f8]
Event: 54.766 Thread 0x0000017c257ed460 8404  s!   3       org.eclipse.osgi.framework.eventmgr.EventManager$EventThread::getNextEvent (61 bytes)
Event: 54.766 Thread 0x0000017c257ed460 nmethod 8404 0x0000017c0fea9410 code [0x0000017c0fea95e0, 0x0000017c0fea9aa8]
Event: 54.766 Thread 0x0000017c257ed460 8405  s    3       org.eclipse.osgi.framework.eventmgr.EventManager$EventThread::postEvent (71 bytes)
Event: 54.767 Thread 0x0000017c257ed460 nmethod 8405 0x0000017c0fb55b90 code [0x0000017c0fb55d80, 0x0000017c0fb56338]
Event: 54.767 Thread 0x0000017c257ed460 8406       3       org.eclipse.osgi.framework.eventmgr.EventManager$EventThread$Queued::<init> (31 bytes)
Event: 54.767 Thread 0x0000017c257ed460 nmethod 8406 0x0000017c0fbade90 code [0x0000017c0fbae020, 0x0000017c0fbae1d8]
Event: 54.769 Thread 0x0000017c257ed460 8408       3       org.eclipse.core.internal.runtime.Log::isLoggable (32 bytes)
Event: 54.769 Thread 0x0000017c257ed460 nmethod 8408 0x0000017c0fb67090 code [0x0000017c0fb67260, 0x0000017c0fb675e8]
Event: 54.887 Thread 0x0000017c257ed460 8410       3       java.lang.invoke.InfoFromMemberName::<init> (72 bytes)
Event: 54.887 Thread 0x0000017c257ed460 nmethod 8410 0x0000017c0ff06410 code [0x0000017c0ff065a0, 0x0000017c0ff06758]
Event: 54.897 Thread 0x0000017c257ed460 8411       3       java.util.concurrent.locks.ReentrantLock::unlock (10 bytes)
Event: 54.897 Thread 0x0000017c257ed460 nmethod 8411 0x0000017c100e4590 code [0x0000017c100e4760, 0x0000017c100e4a38]
Event: 54.897 Thread 0x0000017c257ed460 8413       3       org.eclipse.osgi.storage.BundleInfo$Generation::getDomain (6 bytes)
Event: 54.897 Thread 0x0000017c257ed460 nmethod 8413 0x0000017c10180590 code [0x0000017c10180720, 0x0000017c10180868]
Event: 54.897 Thread 0x0000017c257ed460 8412       1       org.eclipse.osgi.internal.serviceregistry.ServiceUse::getLock (5 bytes)
Event: 54.897 Thread 0x0000017c257ed460 nmethod 8412 0x0000017c173a6b10 code [0x0000017c173a6ca0, 0x0000017c173a6d78]
Event: 54.900 Thread 0x0000017c257ed460 8414       1       jdk.internal.reflect.DelegatingMethodAccessorImpl::setDelegate (6 bytes)
Event: 54.900 Thread 0x0000017c257ed460 nmethod 8414 0x0000017c173a6e10 code [0x0000017c173a6fa0, 0x0000017c173a7078]

GC Heap History (20 events):
Event: 24.825 GC heap before
{Heap before GC invocations=23 (full 2):
 PSYoungGen      total 21504K, used 21472K [0x00000000eab00000, 0x00000000ec200000, 0x0000000100000000)
  eden space 20480K, 100% used [0x00000000eab00000,0x00000000ebf00000,0x00000000ebf00000)
  from space 1024K, 96% used [0x00000000ec100000,0x00000000ec1f8040,0x00000000ec200000)
  to   space 1536K, 0% used [0x00000000ebf00000,0x00000000ebf00000,0x00000000ec080000)
 ParOldGen       total 68608K, used 23182K [0x00000000c0000000, 0x00000000c4300000, 0x00000000eab00000)
  object space 68608K, 33% used [0x00000000c0000000,0x00000000c16a3bc0,0x00000000c4300000)
 Metaspace       used 47610K, committed 48448K, reserved 1114112K
  class space    used 4779K, committed 5120K, reserved 1048576K
}
Event: 24.831 GC heap after
{Heap after GC invocations=23 (full 2):
 PSYoungGen      total 22016K, used 1536K [0x00000000eab00000, 0x00000000ec500000, 0x0000000100000000)
  eden space 20480K, 0% used [0x00000000eab00000,0x00000000eab00000,0x00000000ebf00000)
  from space 1536K, 100% used [0x00000000ebf00000,0x00000000ec080000,0x00000000ec080000)
  to   space 3072K, 0% used [0x00000000ec200000,0x00000000ec200000,0x00000000ec500000)
 ParOldGen       total 68608K, used 24199K [0x00000000c0000000, 0x00000000c4300000, 0x00000000eab00000)
  object space 68608K, 35% used [0x00000000c0000000,0x00000000c17a1d00,0x00000000c4300000)
 Metaspace       used 47610K, committed 48448K, reserved 1114112K
  class space    used 4779K, committed 5120K, reserved 1048576K
}
Event: 24.928 GC heap before
{Heap before GC invocations=24 (full 2):
 PSYoungGen      total 22016K, used 22016K [0x00000000eab00000, 0x00000000ec500000, 0x0000000100000000)
  eden space 20480K, 100% used [0x00000000eab00000,0x00000000ebf00000,0x00000000ebf00000)
  from space 1536K, 100% used [0x00000000ebf00000,0x00000000ec080000,0x00000000ec080000)
  to   space 3072K, 0% used [0x00000000ec200000,0x00000000ec200000,0x00000000ec500000)
 ParOldGen       total 68608K, used 24199K [0x00000000c0000000, 0x00000000c4300000, 0x00000000eab00000)
  object space 68608K, 35% used [0x00000000c0000000,0x00000000c17a1d00,0x00000000c4300000)
 Metaspace       used 47616K, committed 48448K, reserved 1114112K
  class space    used 4779K, committed 5120K, reserved 1048576K
}
Event: 24.933 GC heap after
{Heap after GC invocations=24 (full 2):
 PSYoungGen      total 23040K, used 2276K [0x00000000eab00000, 0x00000000ec480000, 0x0000000100000000)
  eden space 20480K, 0% used [0x00000000eab00000,0x00000000eab00000,0x00000000ebf00000)
  from space 2560K, 88% used [0x00000000ec200000,0x00000000ec439000,0x00000000ec480000)
  to   space 2560K, 0% used [0x00000000ebf80000,0x00000000ebf80000,0x00000000ec200000)
 ParOldGen       total 68608K, used 25707K [0x00000000c0000000, 0x00000000c4300000, 0x00000000eab00000)
  object space 68608K, 37% used [0x00000000c0000000,0x00000000c191ae00,0x00000000c4300000)
 Metaspace       used 47616K, committed 48448K, reserved 1114112K
  class space    used 4779K, committed 5120K, reserved 1048576K
}
Event: 25.013 GC heap before
{Heap before GC invocations=25 (full 2):
 PSYoungGen      total 23040K, used 22756K [0x00000000eab00000, 0x00000000ec480000, 0x0000000100000000)
  eden space 20480K, 100% used [0x00000000eab00000,0x00000000ebf00000,0x00000000ebf00000)
  from space 2560K, 88% used [0x00000000ec200000,0x00000000ec439000,0x00000000ec480000)
  to   space 2560K, 0% used [0x00000000ebf80000,0x00000000ebf80000,0x00000000ec200000)
 ParOldGen       total 68608K, used 25707K [0x00000000c0000000, 0x00000000c4300000, 0x00000000eab00000)
  object space 68608K, 37% used [0x00000000c0000000,0x00000000c191ae00,0x00000000c4300000)
 Metaspace       used 47634K, committed 48448K, reserved 1114112K
  class space    used 4783K, committed 5120K, reserved 1048576K
}
Event: 25.021 GC heap after
{Heap after GC invocations=25 (full 2):
 PSYoungGen      total 23040K, used 2192K [0x00000000eab00000, 0x00000000ec400000, 0x0000000100000000)
  eden space 20480K, 0% used [0x00000000eab00000,0x00000000eab00000,0x00000000ebf00000)
  from space 2560K, 85% used [0x00000000ebf80000,0x00000000ec1a4040,0x00000000ec200000)
  to   space 2048K, 0% used [0x00000000ec200000,0x00000000ec200000,0x00000000ec400000)
 ParOldGen       total 68608K, used 27871K [0x00000000c0000000, 0x00000000c4300000, 0x00000000eab00000)
  object space 68608K, 40% used [0x00000000c0000000,0x00000000c1b37e00,0x00000000c4300000)
 Metaspace       used 47634K, committed 48448K, reserved 1114112K
  class space    used 4783K, committed 5120K, reserved 1048576K
}
Event: 25.130 GC heap before
{Heap before GC invocations=26 (full 2):
 PSYoungGen      total 23040K, used 22672K [0x00000000eab00000, 0x00000000ec400000, 0x0000000100000000)
  eden space 20480K, 99% used [0x00000000eab00000,0x00000000ebefffe0,0x00000000ebf00000)
  from space 2560K, 85% used [0x00000000ebf80000,0x00000000ec1a4040,0x00000000ec200000)
  to   space 2048K, 0% used [0x00000000ec200000,0x00000000ec200000,0x00000000ec400000)
 ParOldGen       total 68608K, used 27871K [0x00000000c0000000, 0x00000000c4300000, 0x00000000eab00000)
  object space 68608K, 40% used [0x00000000c0000000,0x00000000c1b37e00,0x00000000c4300000)
 Metaspace       used 47853K, committed 48640K, reserved 1114112K
  class space    used 4794K, committed 5120K, reserved 1048576K
}
Event: 25.137 GC heap after
{Heap after GC invocations=26 (full 2):
 PSYoungGen      total 20992K, used 2040K [0x00000000eab00000, 0x00000000ec800000, 0x0000000100000000)
  eden space 18944K, 0% used [0x00000000eab00000,0x00000000eab00000,0x00000000ebd80000)
  from space 2048K, 99% used [0x00000000ec200000,0x00000000ec3fe240,0x00000000ec400000)
  to   space 4608K, 0% used [0x00000000ebd80000,0x00000000ebd80000,0x00000000ec200000)
 ParOldGen       total 68608K, used 29927K [0x00000000c0000000, 0x00000000c4300000, 0x00000000eab00000)
  object space 68608K, 43% used [0x00000000c0000000,0x00000000c1d39e30,0x00000000c4300000)
 Metaspace       used 47853K, committed 48640K, reserved 1114112K
  class space    used 4794K, committed 5120K, reserved 1048576K
}
Event: 25.611 GC heap before
{Heap before GC invocations=27 (full 2):
 PSYoungGen      total 20992K, used 20984K [0x00000000eab00000, 0x00000000ec800000, 0x0000000100000000)
  eden space 18944K, 100% used [0x00000000eab00000,0x00000000ebd80000,0x00000000ebd80000)
  from space 2048K, 99% used [0x00000000ec200000,0x00000000ec3fe240,0x00000000ec400000)
  to   space 4608K, 0% used [0x00000000ebd80000,0x00000000ebd80000,0x00000000ec200000)
 ParOldGen       total 68608K, used 29927K [0x00000000c0000000, 0x00000000c4300000, 0x00000000eab00000)
  object space 68608K, 43% used [0x00000000c0000000,0x00000000c1d39e30,0x00000000c4300000)
 Metaspace       used 49504K, committed 50304K, reserved 1114112K
  class space    used 4962K, committed 5312K, reserved 1048576K
}
Event: 25.618 GC heap after
{Heap after GC invocations=27 (full 2):
 PSYoungGen      total 22016K, used 2743K [0x00000000eab00000, 0x00000000ec480000, 0x0000000100000000)
  eden space 18944K, 0% used [0x00000000eab00000,0x00000000eab00000,0x00000000ebd80000)
  from space 3072K, 89% used [0x00000000ebd80000,0x00000000ec02df58,0x00000000ec080000)
  to   space 3584K, 0% used [0x00000000ec100000,0x00000000ec100000,0x00000000ec480000)
 ParOldGen       total 68608K, used 31875K [0x00000000c0000000, 0x00000000c4300000, 0x00000000eab00000)
  object space 68608K, 46% used [0x00000000c0000000,0x00000000c1f20eb8,0x00000000c4300000)
 Metaspace       used 49504K, committed 50304K, reserved 1114112K
  class space    used 4962K, committed 5312K, reserved 1048576K
}
Event: 25.927 GC heap before
{Heap before GC invocations=28 (full 2):
 PSYoungGen      total 22016K, used 21687K [0x00000000eab00000, 0x00000000ec480000, 0x0000000100000000)
  eden space 18944K, 100% used [0x00000000eab00000,0x00000000ebd80000,0x00000000ebd80000)
  from space 3072K, 89% used [0x00000000ebd80000,0x00000000ec02df58,0x00000000ec080000)
  to   space 3584K, 0% used [0x00000000ec100000,0x00000000ec100000,0x00000000ec480000)
 ParOldGen       total 68608K, used 31875K [0x00000000c0000000, 0x00000000c4300000, 0x00000000eab00000)
  object space 68608K, 46% used [0x00000000c0000000,0x00000000c1f20eb8,0x00000000c4300000)
 Metaspace       used 50454K, committed 51328K, reserved 1114112K
  class space    used 5057K, committed 5440K, reserved 1048576K
}
Event: 25.932 GC heap after
{Heap after GC invocations=28 (full 2):
 PSYoungGen      total 21504K, used 2284K [0x00000000eab00000, 0x00000000ec380000, 0x0000000100000000)
  eden space 18944K, 0% used [0x00000000eab00000,0x00000000eab00000,0x00000000ebd80000)
  from space 2560K, 89% used [0x00000000ec100000,0x00000000ec33b060,0x00000000ec380000)
  to   space 2560K, 0% used [0x00000000ebe80000,0x00000000ebe80000,0x00000000ec100000)
 ParOldGen       total 68608K, used 34361K [0x00000000c0000000, 0x00000000c4300000, 0x00000000eab00000)
  object space 68608K, 50% used [0x00000000c0000000,0x00000000c218e578,0x00000000c4300000)
 Metaspace       used 50454K, committed 51328K, reserved 1114112K
  class space    used 5057K, committed 5440K, reserved 1048576K
}
Event: 27.159 GC heap before
{Heap before GC invocations=29 (full 2):
 PSYoungGen      total 21504K, used 21228K [0x00000000eab00000, 0x00000000ec380000, 0x0000000100000000)
  eden space 18944K, 100% used [0x00000000eab00000,0x00000000ebd80000,0x00000000ebd80000)
  from space 2560K, 89% used [0x00000000ec100000,0x00000000ec33b060,0x00000000ec380000)
  to   space 2560K, 0% used [0x00000000ebe80000,0x00000000ebe80000,0x00000000ec100000)
 ParOldGen       total 68608K, used 34361K [0x00000000c0000000, 0x00000000c4300000, 0x00000000eab00000)
  object space 68608K, 50% used [0x00000000c0000000,0x00000000c218e578,0x00000000c4300000)
 Metaspace       used 51631K, committed 52544K, reserved 1114112K
  class space    used 5151K, committed 5568K, reserved 1048576K
}
Event: 27.165 GC heap after
{Heap after GC invocations=29 (full 2):
 PSYoungGen      total 20480K, used 1520K [0x00000000eab00000, 0x00000000ec180000, 0x0000000100000000)
  eden space 18944K, 0% used [0x00000000eab00000,0x00000000eab00000,0x00000000ebd80000)
  from space 1536K, 98% used [0x00000000ebe80000,0x00000000ebffc030,0x00000000ec000000)
  to   space 1536K, 0% used [0x00000000ec000000,0x00000000ec000000,0x00000000ec180000)
 ParOldGen       total 68608K, used 35630K [0x00000000c0000000, 0x00000000c4300000, 0x00000000eab00000)
  object space 68608K, 51% used [0x00000000c0000000,0x00000000c22cb9a8,0x00000000c4300000)
 Metaspace       used 51631K, committed 52544K, reserved 1114112K
  class space    used 5151K, committed 5568K, reserved 1048576K
}
Event: 34.375 GC heap before
{Heap before GC invocations=30 (full 2):
 PSYoungGen      total 20480K, used 20463K [0x00000000eab00000, 0x00000000ec180000, 0x0000000100000000)
  eden space 18944K, 99% used [0x00000000eab00000,0x00000000ebd7ffb0,0x00000000ebd80000)
  from space 1536K, 98% used [0x00000000ebe80000,0x00000000ebffc030,0x00000000ec000000)
  to   space 1536K, 0% used [0x00000000ec000000,0x00000000ec000000,0x00000000ec180000)
 ParOldGen       total 68608K, used 35630K [0x00000000c0000000, 0x00000000c4300000, 0x00000000eab00000)
  object space 68608K, 51% used [0x00000000c0000000,0x00000000c22cb9a8,0x00000000c4300000)
 Metaspace       used 52346K, committed 53312K, reserved 1114112K
  class space    used 5157K, committed 5568K, reserved 1048576K
}
Event: 34.380 GC heap after
{Heap after GC invocations=30 (full 2):
 PSYoungGen      total 20480K, used 1458K [0x00000000eab00000, 0x00000000ec180000, 0x0000000100000000)
  eden space 18944K, 0% used [0x00000000eab00000,0x00000000eab00000,0x00000000ebd80000)
  from space 1536K, 94% used [0x00000000ec000000,0x00000000ec16cb28,0x00000000ec180000)
  to   space 1536K, 0% used [0x00000000ebe80000,0x00000000ebe80000,0x00000000ec000000)
 ParOldGen       total 68608K, used 36246K [0x00000000c0000000, 0x00000000c4300000, 0x00000000eab00000)
  object space 68608K, 52% used [0x00000000c0000000,0x00000000c2365a10,0x00000000c4300000)
 Metaspace       used 52346K, committed 53312K, reserved 1114112K
  class space    used 5157K, committed 5568K, reserved 1048576K
}
Event: 35.772 GC heap before
{Heap before GC invocations=31 (full 2):
 PSYoungGen      total 20480K, used 20402K [0x00000000eab00000, 0x00000000ec180000, 0x0000000100000000)
  eden space 18944K, 100% used [0x00000000eab00000,0x00000000ebd80000,0x00000000ebd80000)
  from space 1536K, 94% used [0x00000000ec000000,0x00000000ec16cb28,0x00000000ec180000)
  to   space 1536K, 0% used [0x00000000ebe80000,0x00000000ebe80000,0x00000000ec000000)
 ParOldGen       total 68608K, used 36246K [0x00000000c0000000, 0x00000000c4300000, 0x00000000eab00000)
  object space 68608K, 52% used [0x00000000c0000000,0x00000000c2365a10,0x00000000c4300000)
 Metaspace       used 54216K, committed 55168K, reserved 1114112K
  class space    used 5400K, committed 5824K, reserved 1048576K
}
Event: 35.786 GC heap after
{Heap after GC invocations=31 (full 2):
 PSYoungGen      total 20480K, used 1509K [0x00000000eab00000, 0x00000000ec380000, 0x0000000100000000)
  eden space 18944K, 0% used [0x00000000eab00000,0x00000000eab00000,0x00000000ebd80000)
  from space 1536K, 98% used [0x00000000ebe80000,0x00000000ebff94a8,0x00000000ec000000)
  to   space 3072K, 0% used [0x00000000ec080000,0x00000000ec080000,0x00000000ec380000)
 ParOldGen       total 68608K, used 37249K [0x00000000c0000000, 0x00000000c4300000, 0x00000000eab00000)
  object space 68608K, 54% used [0x00000000c0000000,0x00000000c2460790,0x00000000c4300000)
 Metaspace       used 54216K, committed 55168K, reserved 1114112K
  class space    used 5400K, committed 5824K, reserved 1048576K
}
Event: 49.092 GC heap before
{Heap before GC invocations=32 (full 2):
 PSYoungGen      total 20480K, used 20453K [0x00000000eab00000, 0x00000000ec380000, 0x0000000100000000)
  eden space 18944K, 100% used [0x00000000eab00000,0x00000000ebd80000,0x00000000ebd80000)
  from space 1536K, 98% used [0x00000000ebe80000,0x00000000ebff94a8,0x00000000ec000000)
  to   space 3072K, 0% used [0x00000000ec080000,0x00000000ec080000,0x00000000ec380000)
 ParOldGen       total 68608K, used 37249K [0x00000000c0000000, 0x00000000c4300000, 0x00000000eab00000)
  object space 68608K, 54% used [0x00000000c0000000,0x00000000c2460790,0x00000000c4300000)
 Metaspace       used 54632K, committed 55552K, reserved 1114112K
  class space    used 5420K, committed 5824K, reserved 1048576K
}
Event: 49.099 GC heap after
{Heap after GC invocations=32 (full 2):
 PSYoungGen      total 21504K, used 2048K [0x00000000eab00000, 0x00000000ec300000, 0x0000000100000000)
  eden space 18944K, 0% used [0x00000000eab00000,0x00000000eab00000,0x00000000ebd80000)
  from space 2560K, 80% used [0x00000000ec080000,0x00000000ec280020,0x00000000ec300000)
  to   space 2560K, 0% used [0x00000000ebe00000,0x00000000ebe00000,0x00000000ec080000)
 ParOldGen       total 68608K, used 38543K [0x00000000c0000000, 0x00000000c4300000, 0x00000000eab00000)
  object space 68608K, 56% used [0x00000000c0000000,0x00000000c25a3e30,0x00000000c4300000)
 Metaspace       used 54632K, committed 55552K, reserved 1114112K
  class space    used 5420K, committed 5824K, reserved 1048576K
}

Dll operation events (10 events):
Event: 0.119 Loaded shared library c:\Users\bayes\.vscode\extensions\redhat.java-1.37.0-win32-x64\jre\17.0.13-win32-x86_64\bin\java.dll
Event: 0.525 Loaded shared library c:\Users\bayes\.vscode\extensions\redhat.java-1.37.0-win32-x64\jre\17.0.13-win32-x86_64\bin\zip.dll
Event: 0.534 Loaded shared library C:\Users\bayes\.vscode\extensions\redhat.java-1.37.0-win32-x64\jre\17.0.13-win32-x86_64\bin\instrument.dll
Event: 0.572 Loaded shared library C:\Users\bayes\.vscode\extensions\redhat.java-1.37.0-win32-x64\jre\17.0.13-win32-x86_64\bin\net.dll
Event: 0.580 Loaded shared library C:\Users\bayes\.vscode\extensions\redhat.java-1.37.0-win32-x64\jre\17.0.13-win32-x86_64\bin\nio.dll
Event: 0.616 Loaded shared library C:\Users\bayes\.vscode\extensions\redhat.java-1.37.0-win32-x64\jre\17.0.13-win32-x86_64\bin\zip.dll
Event: 0.680 Loaded shared library C:\Users\bayes\.vscode\extensions\redhat.java-1.37.0-win32-x64\jre\17.0.13-win32-x86_64\bin\jimage.dll
Event: 0.902 Loaded shared library c:\Users\bayes\.vscode\extensions\redhat.java-1.37.0-win32-x64\jre\17.0.13-win32-x86_64\bin\verify.dll
Event: 13.278 Loaded shared library C:\Users\bayes\AppData\Roaming\Code\User\globalStorage\redhat.java\1.37.0\config_ss_win\org.eclipse.equinox.launcher\org.eclipse.equinox.launcher.win32.win32.x86_64_1.2.1100.v20240722-2106\eclipse_11904.dll
Event: 17.105 Loaded shared library C:\Users\bayes\AppData\Local\Temp\jna-93514312\jna6551384561851880694.dll

Deoptimization events (20 events):
Event: 54.088 Thread 0x0000017c26b15090 Uncommon trap: trap_request=0xffffffde fr.pc=0x0000017c1739c06c relative=0x0000000000000e4c
Event: 54.088 Thread 0x0000017c26b15090 Uncommon trap: reason=class_check action=maybe_recompile pc=0x0000017c1739c06c method=org.eclipse.core.internal.dtree.DeltaDataTree.lookup(Lorg/eclipse/core/runtime/IPath;)Lorg/eclipse/core/internal/dtree/DataTreeLookup; @ 20 c2
Event: 54.088 Thread 0x0000017c26b15090 DEOPT PACKING pc=0x0000017c1739c06c sp=0x00000035b2bfe2f0
Event: 54.088 Thread 0x0000017c26b15090 DEOPT UNPACKING pc=0x0000017c16ad66a3 sp=0x00000035b2bfe1c8 mode 2
Event: 54.148 Thread 0x0000017c26b15ab0 Uncommon trap: trap_request=0xffffffde fr.pc=0x0000017c1739c06c relative=0x0000000000000e4c
Event: 54.148 Thread 0x0000017c26b15ab0 Uncommon trap: reason=class_check action=maybe_recompile pc=0x0000017c1739c06c method=org.eclipse.core.internal.dtree.DeltaDataTree.lookup(Lorg/eclipse/core/runtime/IPath;)Lorg/eclipse/core/internal/dtree/DataTreeLookup; @ 20 c2
Event: 54.148 Thread 0x0000017c26b15ab0 DEOPT PACKING pc=0x0000017c1739c06c sp=0x00000035b3eff170
Event: 54.148 Thread 0x0000017c26b15ab0 DEOPT UNPACKING pc=0x0000017c16ad66a3 sp=0x00000035b3eff068 mode 2
Event: 54.227 Thread 0x0000017c26b15ab0 Uncommon trap: trap_request=0xffffffde fr.pc=0x0000017c1739c06c relative=0x0000000000000e4c
Event: 54.227 Thread 0x0000017c26b15ab0 Uncommon trap: reason=class_check action=maybe_recompile pc=0x0000017c1739c06c method=org.eclipse.core.internal.dtree.DeltaDataTree.lookup(Lorg/eclipse/core/runtime/IPath;)Lorg/eclipse/core/internal/dtree/DataTreeLookup; @ 20 c2
Event: 54.227 Thread 0x0000017c26b15ab0 DEOPT PACKING pc=0x0000017c1739c06c sp=0x00000035b3eff190
Event: 54.227 Thread 0x0000017c26b15ab0 DEOPT UNPACKING pc=0x0000017c16ad66a3 sp=0x00000035b3eff068 mode 2
Event: 54.338 Thread 0x0000017c26b1bae0 Uncommon trap: trap_request=0x0000002e fr.pc=0x0000017c1727ef74 relative=0x0000000000000374
Event: 54.338 Thread 0x0000017c26b1bae0 Uncommon trap: reason=unloaded action=reinterpret pc=0x0000017c1727ef74 method=org.eclipse.jdt.ls.core.internal.ConnectionStreamFactory$NamedPipeInputStream.read()I @ 119 c2
Event: 54.339 Thread 0x0000017c26b1bae0 DEOPT PACKING pc=0x0000017c1727ef74 sp=0x00000035b4eff210
Event: 54.339 Thread 0x0000017c26b1bae0 DEOPT UNPACKING pc=0x0000017c16ad66a3 sp=0x00000035b4eff1c0 mode 2
Event: 54.463 Thread 0x0000017c0c8bd990 Uncommon trap: trap_request=0xffffff45 fr.pc=0x0000017c1739e9fc relative=0x000000000000015c
Event: 54.463 Thread 0x0000017c0c8bd990 Uncommon trap: reason=unstable_if action=reinterpret pc=0x0000017c1739e9fc method=java.util.concurrent.locks.AbstractQueuedSynchronizer.signalNext(Ljava/util/concurrent/locks/AbstractQueuedSynchronizer$Node;)V @ 17 c2
Event: 54.463 Thread 0x0000017c0c8bd990 DEOPT PACKING pc=0x0000017c1739e9fc sp=0x00000035b17fe930
Event: 54.463 Thread 0x0000017c0c8bd990 DEOPT UNPACKING pc=0x0000017c16ad66a3 sp=0x00000035b17fe810 mode 2

Classes loaded (20 events):
Event: 53.768 Loading class java/util/concurrent/ForkJoinTask$AdaptedCallable
Event: 53.769 Loading class java/util/concurrent/ForkJoinTask$AdaptedCallable done
Event: 53.877 Loading class java/util/stream/Nodes$CollectorTask$OfRef
Event: 53.877 Loading class java/util/stream/Nodes$CollectorTask
Event: 53.878 Loading class java/util/stream/AbstractTask
Event: 53.878 Loading class java/util/concurrent/CountedCompleter
Event: 53.878 Loading class java/util/concurrent/CountedCompleter done
Event: 53.878 Loading class java/util/stream/AbstractTask done
Event: 53.878 Loading class java/util/stream/Nodes$CollectorTask done
Event: 53.878 Loading class java/util/stream/Nodes$CollectorTask$OfRef done
Event: 53.879 Loading class java/util/function/LongFunction
Event: 53.879 Loading class java/util/function/LongFunction done
Event: 53.880 Loading class java/util/stream/Nodes$ConcNode
Event: 53.880 Loading class java/util/stream/Nodes$AbstractConcNode
Event: 53.880 Loading class java/util/stream/Nodes$AbstractConcNode done
Event: 53.880 Loading class java/util/stream/Nodes$ConcNode done
Event: 54.537 Loading class java/util/Hashtable$KeySet
Event: 54.538 Loading class java/util/Hashtable$KeySet done
Event: 54.846 Loading class javax/security/auth/login/Configuration
Event: 54.870 Loading class javax/security/auth/login/Configuration done

Classes unloaded (7 events):
Event: 16.099 Thread 0x0000017c0c96eb70 Unloading class 0x0000000100249000 'java/lang/invoke/LambdaForm$MH+0x0000000100249000'
Event: 16.099 Thread 0x0000017c0c96eb70 Unloading class 0x0000000100248c00 'java/lang/invoke/LambdaForm$MH+0x0000000100248c00'
Event: 16.099 Thread 0x0000017c0c96eb70 Unloading class 0x0000000100248800 'java/lang/invoke/LambdaForm$MH+0x0000000100248800'
Event: 16.099 Thread 0x0000017c0c96eb70 Unloading class 0x0000000100248400 'java/lang/invoke/LambdaForm$MH+0x0000000100248400'
Event: 16.099 Thread 0x0000017c0c96eb70 Unloading class 0x0000000100248000 'java/lang/invoke/LambdaForm$BMH+0x0000000100248000'
Event: 16.099 Thread 0x0000017c0c96eb70 Unloading class 0x0000000100243c00 'java/lang/invoke/LambdaForm$DMH+0x0000000100243c00'
Event: 16.099 Thread 0x0000017c0c96eb70 Unloading class 0x0000000100241400 'java/lang/invoke/LambdaForm$DMH+0x0000000100241400'

Classes redefined (0 events):
No events

Internal exceptions (20 events):
Event: 40.201 Thread 0x0000017c26b16ef0 Exception <a 'java/lang/ClassNotFoundException'{0x00000000eb5842a8}: sun/net/www/protocol/eclipse-javadoc/Handler> (0x00000000eb5842a8) 
thrown [s\src\hotspot\share\classfile\systemDictionary.cpp, line 256]
Event: 40.202 Thread 0x0000017c26b16ef0 Exception <a 'java/lang/ClassNotFoundException'{0x00000000eb586a90}: sun/net/www/protocol/eclipse-javadoc/Handler> (0x00000000eb586a90) 
thrown [s\src\hotspot\share\classfile\systemDictionary.cpp, line 256]
Event: 40.202 Thread 0x0000017c26b16ef0 Exception <a 'java/lang/ClassNotFoundException'{0x00000000eb589418}: sun/net/www/protocol/eclipse-javadoc/Handler> (0x00000000eb589418) 
thrown [s\src\hotspot\share\classfile\systemDictionary.cpp, line 256]
Event: 40.202 Thread 0x0000017c26b16ef0 Exception <a 'java/lang/ClassNotFoundException'{0x00000000eb58bcd8}: sun/net/www/protocol/eclipse-javadoc/Handler> (0x00000000eb58bcd8) 
thrown [s\src\hotspot\share\classfile\systemDictionary.cpp, line 256]
Event: 44.951 Thread 0x0000017c26b16ef0 Implicit null exception at 0x0000017c1704290f to 0x0000017c170429b4
Event: 44.958 Thread 0x0000017c26b16ef0 Exception <a 'java/lang/ClassNotFoundException'{0x00000000ebc17368}: sun/net/www/protocol/eclipse-javadoc/Handler> (0x00000000ebc17368) 
thrown [s\src\hotspot\share\classfile\systemDictionary.cpp, line 256]
Event: 44.959 Thread 0x0000017c26b16ef0 Exception <a 'java/lang/ClassNotFoundException'{0x00000000ebc19e38}: sun/net/www/protocol/eclipse-javadoc/Handler> (0x00000000ebc19e38) 
thrown [s\src\hotspot\share\classfile\systemDictionary.cpp, line 256]
Event: 44.959 Thread 0x0000017c26b16ef0 Exception <a 'java/lang/ClassNotFoundException'{0x00000000ebc1c7c0}: sun/net/www/protocol/eclipse-javadoc/Handler> (0x00000000ebc1c7c0) 
thrown [s\src\hotspot\share\classfile\systemDictionary.cpp, line 256]
Event: 44.959 Thread 0x0000017c26b16ef0 Exception <a 'java/lang/ClassNotFoundException'{0x00000000ebc1f080}: sun/net/www/protocol/eclipse-javadoc/Handler> (0x00000000ebc1f080) 
thrown [s\src\hotspot\share\classfile\systemDictionary.cpp, line 256]
Event: 52.982 Thread 0x0000017c26b16ef0 Exception <a 'java/lang/ArrayIndexOutOfBoundsException'{0x00000000eb0434a0}> (0x00000000eb0434a0) 
thrown [s\src\hotspot\share\runtime\sharedRuntime.cpp, line 631]
Event: 53.899 Thread 0x0000017c26b15ab0 Exception <a 'java/io/FileNotFoundException'{0x00000000eb1c63f0}> (0x00000000eb1c63f0) 
thrown [s\src\hotspot\share\prims\jni.cpp, line 516]
Event: 54.030 Thread 0x0000017c26b15ab0 Exception <a 'java/lang/NoSuchMethodError'{0x00000000eb216958}: 'java.lang.Object java.lang.invoke.DirectMethodHandle$Holder.newInvokeSpecial(java.lang.Object, java.lang.Object, java.lang.Object, java.lang.Object, java.lang.Object, java.lang.Object, java.lang.Object, java.lang.Object, java.lang.Object, java.lang.Object)'> (0x00000000eb216958) 
thrown [s\src\hotspot\share\interpreter\linkResolver.cpp, line 759]
Event: 54.033 Thread 0x0000017c26b15ab0 Exception <a 'java/lang/NoSuchMethodError'{0x00000000eb21be48}: 'java.lang.Object java.lang.invoke.DirectMethodHandle$Holder.invokeSpecial(java.lang.Object, java.lang.Object, java.lang.Object, java.lang.Object, java.lang.Object, java.lang.Object, java.lang.Object, java.lang.Object, java.lang.Object, java.lang.Object, java.lang.Object)'> (0x00000000eb21be48) 
thrown [s\src\hotspot\share\interpreter\linkResolver.cpp, line 759]
Event: 54.034 Thread 0x0000017c26b15ab0 Exception <a 'java/lang/NoSuchMethodError'{0x00000000eb221200}: 'java.lang.Object java.lang.invoke.Invokers$Holder.linkToTargetMethod(java.lang.Object, java.lang.Object, java.lang.Object, java.lang.Object, java.lang.Object, java.lang.Object, java.lang.Object, java.lang.Object, java.lang.Object, java.lang.Object)'> (0x00000000eb221200) 
thrown [s\src\hotspot\share\interpreter\linkResolver.cpp, line 759]
Event: 54.176 Thread 0x0000017c26b15ab0 Exception <a 'sun/nio/fs/WindowsException'{0x00000000eb2a25d8}> (0x00000000eb2a25d8) 
thrown [s\src\hotspot\share\prims\jni.cpp, line 516]
Event: 54.338 Thread 0x0000017c26b1bae0 Exception <a 'java/io/IOException'{0x00000000eb0e0018}> (0x00000000eb0e0018) 
thrown [s\src\hotspot\share\prims\jni.cpp, line 516]
Event: 54.490 Thread 0x0000017c26b15090 Exception <a 'sun/nio/fs/WindowsException'{0x00000000eb332ac8}> (0x00000000eb332ac8) 
thrown [s\src\hotspot\share\prims\jni.cpp, line 516]
Event: 54.490 Thread 0x0000017c26b15090 Exception <a 'sun/nio/fs/WindowsException'{0x00000000eb333120}> (0x00000000eb333120) 
thrown [s\src\hotspot\share\prims\jni.cpp, line 516]
Event: 54.539 Thread 0x0000017c26b15090 Exception <a 'java/io/FileNotFoundException'{0x00000000eb3715b8}> (0x00000000eb3715b8) 
thrown [s\src\hotspot\share\prims\jni.cpp, line 516]
Event: 54.539 Thread 0x0000017c26b15090 Exception <a 'java/io/FileNotFoundException'{0x00000000eb372ab0}> (0x00000000eb372ab0) 
thrown [s\src\hotspot\share\prims\jni.cpp, line 516]

VM Operations (20 events):
Event: 43.172 Executing VM operation: Cleanup
Event: 43.172 Executing VM operation: Cleanup done
Event: 43.360 Executing VM operation: HandshakeAllThreads
Event: 43.361 Executing VM operation: HandshakeAllThreads done
Event: 44.361 Executing VM operation: Cleanup
Event: 44.361 Executing VM operation: Cleanup done
Event: 45.362 Executing VM operation: Cleanup
Event: 45.362 Executing VM operation: Cleanup done
Event: 47.362 Executing VM operation: Cleanup
Event: 47.363 Executing VM operation: Cleanup done
Event: 49.092 Executing VM operation: ParallelGCFailedAllocation
Event: 49.099 Executing VM operation: ParallelGCFailedAllocation done
Event: 51.100 Executing VM operation: Cleanup
Event: 51.100 Executing VM operation: Cleanup done
Event: 53.101 Executing VM operation: Cleanup
Event: 53.101 Executing VM operation: Cleanup done
Event: 54.102 Executing VM operation: Cleanup
Event: 54.102 Executing VM operation: Cleanup done
Event: 54.747 Executing VM operation: HandshakeAllThreads
Event: 54.747 Executing VM operation: HandshakeAllThreads done

Memory protections (0 events):
No events

Nmethod flushes (20 events):
Event: 43.380 Thread 0x0000017c257ff510 flushing  nmethod 0x0000017c10405490
Event: 43.380 Thread 0x0000017c257ff510 flushing  nmethod 0x0000017c1040f890
Event: 43.380 Thread 0x0000017c257ff510 flushing  nmethod 0x0000017c10410610
Event: 43.380 Thread 0x0000017c257ff510 flushing  nmethod 0x0000017c10410f10
Event: 43.380 Thread 0x0000017c257ff510 flushing  nmethod 0x0000017c10411410
Event: 43.380 Thread 0x0000017c257ff510 flushing  nmethod 0x0000017c10411b90
Event: 43.380 Thread 0x0000017c257ff510 flushing  nmethod 0x0000017c10419310
Event: 43.380 Thread 0x0000017c257ff510 flushing  nmethod 0x0000017c1041bf90
Event: 43.380 Thread 0x0000017c257ff510 flushing  nmethod 0x0000017c1041cc10
Event: 43.380 Thread 0x0000017c257ff510 flushing  nmethod 0x0000017c1041d790
Event: 43.380 Thread 0x0000017c257ff510 flushing  nmethod 0x0000017c1041f610
Event: 43.380 Thread 0x0000017c257ff510 flushing  nmethod 0x0000017c10420090
Event: 43.380 Thread 0x0000017c257ff510 flushing  nmethod 0x0000017c10420990
Event: 43.380 Thread 0x0000017c257ff510 flushing  nmethod 0x0000017c10421210
Event: 43.380 Thread 0x0000017c257ff510 flushing  nmethod 0x0000017c10423e10
Event: 43.380 Thread 0x0000017c257ff510 flushing  nmethod 0x0000017c1042d210
Event: 43.380 Thread 0x0000017c257ff510 flushing  nmethod 0x0000017c10431210
Event: 43.380 Thread 0x0000017c257ff510 flushing  nmethod 0x0000017c1044aa10
Event: 43.380 Thread 0x0000017c257ff510 flushing  nmethod 0x0000017c1044d790
Event: 43.380 Thread 0x0000017c257ff510 flushing  nmethod 0x0000017c10455490

Events (20 events):
Event: 20.714 Thread 0x0000017c26b1a6a0 Thread added: 0x0000017c26b16ef0
Event: 20.723 Thread 0x0000017c26b16ef0 Thread added: 0x0000017c26b1a190
Event: 20.725 Thread 0x0000017c26b1a190 Thread added: 0x0000017c26b1c500
Event: 21.292 Thread 0x0000017c289387d0 Thread exited: 0x0000017c289387d0
Event: 22.351 Thread 0x0000017c26d8b6f0 Thread exited: 0x0000017c26d8b6f0
Event: 23.442 Thread 0x0000017c26e3b020 Thread exited: 0x0000017c26e3b020
Event: 23.443 Thread 0x0000017c26e3b8a0 Thread exited: 0x0000017c26e3b8a0
Event: 23.443 Thread 0x0000017c26d8d550 Thread exited: 0x0000017c26d8d550
Event: 23.445 Thread 0x0000017c26e3a180 Thread exited: 0x0000017c26e3a180
Event: 23.466 Thread 0x0000017c26d8df70 Thread exited: 0x0000017c26d8df70
Event: 23.467 Thread 0x0000017c26e3ab40 Thread exited: 0x0000017c26e3ab40
Event: 23.467 Thread 0x0000017c26e3a660 Thread exited: 0x0000017c26e3a660
Event: 23.468 Thread 0x0000017c26e3bd80 Thread exited: 0x0000017c26e3bd80
Event: 53.716 Thread 0x0000017c26b1bae0 Thread added: 0x0000017c26b1abb0
Event: 53.770 Thread 0x0000017c26b15ab0 Thread added: 0x0000017c26b15090
Event: 53.883 Thread 0x0000017c26b15090 Thread exited: 0x0000017c26b15090
Event: 54.079 Thread 0x0000017c26b15ab0 Thread added: 0x0000017c26b15090
Event: 54.143 Thread 0x0000017c26b15090 Thread exited: 0x0000017c26b15090
Event: 54.462 Thread 0x0000017c0c8bd990 Thread added: 0x0000017c26b15090
Event: 54.696 Thread 0x0000017c26b15090 Thread added: 0x0000017c26b1ca10


Dynamic libraries:
0x00007ff603c70000 - 0x00007ff603c7e000 	c:\Users\bayes\.vscode\extensions\redhat.java-1.37.0-win32-x64\jre\17.0.13-win32-x86_64\bin\java.exe
0x00007fff382b0000 - 0x00007fff384c7000 	C:\WINDOWS\SYSTEM32\ntdll.dll
0x00007fff36c40000 - 0x00007fff36d04000 	C:\WINDOWS\System32\KERNEL32.DLL
0x00007fff35630000 - 0x00007fff359e9000 	C:\WINDOWS\System32\KERNELBASE.dll
0x00007fff35d40000 - 0x00007fff35e51000 	C:\WINDOWS\System32\ucrtbase.dll
0x00007fff191d0000 - 0x00007fff191e7000 	c:\Users\bayes\.vscode\extensions\redhat.java-1.37.0-win32-x64\jre\17.0.13-win32-x86_64\bin\jli.dll
0x00007fff377e0000 - 0x00007fff3798e000 	C:\WINDOWS\System32\USER32.dll
0x00007fff35d10000 - 0x00007fff35d36000 	C:\WINDOWS\System32\win32u.dll
0x00007fff37560000 - 0x00007fff37589000 	C:\WINDOWS\System32\GDI32.dll
0x00007fff359f0000 - 0x00007fff35b0b000 	C:\WINDOWS\System32\gdi32full.dll
0x00007fff35c70000 - 0x00007fff35d0a000 	C:\WINDOWS\System32\msvcp_win.dll
0x00007fff0c560000 - 0x00007fff0c57e000 	c:\Users\bayes\.vscode\extensions\redhat.java-1.37.0-win32-x64\jre\17.0.13-win32-x86_64\bin\VCRUNTIME140.dll
0x00007fff1e840000 - 0x00007fff1ead2000 	C:\WINDOWS\WinSxS\amd64_microsoft.windows.common-controls_6595b64144ccf1df_6.0.22621.4391_none_2715d37f73803e96\COMCTL32.dll
0x00007fff366d0000 - 0x00007fff36777000 	C:\WINDOWS\System32\msvcrt.dll
0x00007fff376a0000 - 0x00007fff376d1000 	C:\WINDOWS\System32\IMM32.DLL
0x00007fff1f6e0000 - 0x00007fff1f6ec000 	c:\Users\bayes\.vscode\extensions\redhat.java-1.37.0-win32-x64\jre\17.0.13-win32-x86_64\bin\vcruntime140_1.dll
0x00007ffefe380000 - 0x00007ffefe40d000 	c:\Users\bayes\.vscode\extensions\redhat.java-1.37.0-win32-x64\jre\17.0.13-win32-x86_64\bin\msvcp140.dll
0x00007ffeb5760000 - 0x00007ffeb63cb000 	c:\Users\bayes\.vscode\extensions\redhat.java-1.37.0-win32-x64\jre\17.0.13-win32-x86_64\bin\server\jvm.dll
0x00007fff37440000 - 0x00007fff374f2000 	C:\WINDOWS\System32\ADVAPI32.dll
0x00007fff36270000 - 0x00007fff36317000 	C:\WINDOWS\System32\sechost.dll
0x00007fff35c40000 - 0x00007fff35c68000 	C:\WINDOWS\System32\bcrypt.dll
0x00007fff36950000 - 0x00007fff36a64000 	C:\WINDOWS\System32\RPCRT4.dll
0x00007fff37190000 - 0x00007fff37201000 	C:\WINDOWS\System32\WS2_32.dll
0x00007fff35220000 - 0x00007fff3526d000 	C:\WINDOWS\SYSTEM32\POWRPROF.dll
0x00007fff289b0000 - 0x00007fff289e4000 	C:\WINDOWS\SYSTEM32\WINMM.dll
0x00007fff23de0000 - 0x00007fff23dea000 	C:\WINDOWS\SYSTEM32\VERSION.dll
0x00007fff35200000 - 0x00007fff35213000 	C:\WINDOWS\SYSTEM32\UMPDC.dll
0x00007fff345b0000 - 0x00007fff345c8000 	C:\WINDOWS\SYSTEM32\kernel.appcore.dll
0x00007fff1f2e0000 - 0x00007fff1f2ea000 	c:\Users\bayes\.vscode\extensions\redhat.java-1.37.0-win32-x64\jre\17.0.13-win32-x86_64\bin\jimage.dll
0x00007fff2fe00000 - 0x00007fff30032000 	C:\WINDOWS\SYSTEM32\DBGHELP.DLL
0x00007fff36340000 - 0x00007fff366cf000 	C:\WINDOWS\System32\combase.dll
0x00007fff35fd0000 - 0x00007fff360a7000 	C:\WINDOWS\System32\OLEAUT32.dll
0x00007fff0a480000 - 0x00007fff0a4b2000 	C:\WINDOWS\SYSTEM32\dbgcore.DLL
0x00007fff355b0000 - 0x00007fff3562b000 	C:\WINDOWS\System32\bcryptPrimitives.dll
0x00007fff1a230000 - 0x00007fff1a23e000 	c:\Users\bayes\.vscode\extensions\redhat.java-1.37.0-win32-x64\jre\17.0.13-win32-x86_64\bin\instrument.dll
0x00007fff14d40000 - 0x00007fff14d65000 	c:\Users\bayes\.vscode\extensions\redhat.java-1.37.0-win32-x64\jre\17.0.13-win32-x86_64\bin\java.dll
0x00007fff1f2c0000 - 0x00007fff1f2d8000 	c:\Users\bayes\.vscode\extensions\redhat.java-1.37.0-win32-x64\jre\17.0.13-win32-x86_64\bin\zip.dll
0x00007fff379f0000 - 0x00007fff38266000 	C:\WINDOWS\System32\SHELL32.dll
0x00007fff334a0000 - 0x00007fff33da3000 	C:\WINDOWS\SYSTEM32\windows.storage.dll
0x00007fff33360000 - 0x00007fff3349f000 	C:\WINDOWS\SYSTEM32\wintypes.dll
0x00007fff36b00000 - 0x00007fff36bf9000 	C:\WINDOWS\System32\SHCORE.dll
0x00007fff37990000 - 0x00007fff379ee000 	C:\WINDOWS\System32\shlwapi.dll
0x00007fff354e0000 - 0x00007fff3550b000 	C:\WINDOWS\SYSTEM32\profapi.dll
0x00007fff03f90000 - 0x00007fff03fa9000 	C:\Users\bayes\.vscode\extensions\redhat.java-1.37.0-win32-x64\jre\17.0.13-win32-x86_64\bin\net.dll
0x00007fff2a120000 - 0x00007fff2a256000 	C:\WINDOWS\SYSTEM32\WINHTTP.dll
0x00007fff34a20000 - 0x00007fff34a89000 	C:\WINDOWS\system32\mswsock.dll
0x00007fff01ca0000 - 0x00007fff01cb6000 	C:\Users\bayes\.vscode\extensions\redhat.java-1.37.0-win32-x64\jre\17.0.13-win32-x86_64\bin\nio.dll
0x00007fff0f490000 - 0x00007fff0f4a0000 	c:\Users\bayes\.vscode\extensions\redhat.java-1.37.0-win32-x64\jre\17.0.13-win32-x86_64\bin\verify.dll
0x00007ffefd490000 - 0x00007ffefd4d5000 	C:\Users\bayes\AppData\Roaming\Code\User\globalStorage\redhat.java\1.37.0\config_ss_win\org.eclipse.equinox.launcher\org.eclipse.equinox.launcher.win32.win32.x86_64_1.2.1100.v20240722-2106\eclipse_11904.dll
0x00007fff37290000 - 0x00007fff37435000 	C:\WINDOWS\System32\ole32.dll
0x00007fff34d70000 - 0x00007fff34d8b000 	C:\WINDOWS\SYSTEM32\CRYPTSP.dll
0x00007fff34510000 - 0x00007fff34545000 	C:\WINDOWS\system32\rsaenh.dll
0x00007fff34ac0000 - 0x00007fff34ae8000 	C:\WINDOWS\SYSTEM32\USERENV.dll
0x00007fff34d50000 - 0x00007fff34d5c000 	C:\WINDOWS\SYSTEM32\CRYPTBASE.dll
0x00007fff34010000 - 0x00007fff3403d000 	C:\WINDOWS\SYSTEM32\IPHLPAPI.DLL
0x00007fff36c30000 - 0x00007fff36c39000 	C:\WINDOWS\System32\NSI.dll
0x00007fff28990000 - 0x00007fff289a9000 	C:\WINDOWS\SYSTEM32\dhcpcsvc6.DLL
0x00007fff28970000 - 0x00007fff2898f000 	C:\WINDOWS\SYSTEM32\dhcpcsvc.DLL
0x00007fff34080000 - 0x00007fff34182000 	C:\WINDOWS\SYSTEM32\DNSAPI.dll
0x00007ffed51c0000 - 0x00007ffed5209000 	C:\Users\bayes\AppData\Local\Temp\jna-93514312\jna6551384561851880694.dll
0x00007fff368e0000 - 0x00007fff368e8000 	C:\WINDOWS\System32\PSAPI.DLL
0x00007fff346c0000 - 0x00007fff346f4000 	C:\WINDOWS\SYSTEM32\ntmarta.dll

dbghelp: loaded successfully - version: 4.0.5 - missing functions: none
symbol engine: initialized successfully - sym options: 0x614 - pdb path: .;c:\Users\bayes\.vscode\extensions\redhat.java-1.37.0-win32-x64\jre\17.0.13-win32-x86_64\bin;C:\WINDOWS\SYSTEM32;C:\WINDOWS\WinSxS\amd64_microsoft.windows.common-controls_6595b64144ccf1df_6.0.22621.4391_none_2715d37f73803e96;c:\Users\bayes\.vscode\extensions\redhat.java-1.37.0-win32-x64\jre\17.0.13-win32-x86_64\bin\server;C:\Users\bayes\AppData\Roaming\Code\User\globalStorage\redhat.java\1.37.0\config_ss_win\org.eclipse.equinox.launcher\org.eclipse.equinox.launcher.win32.win32.x86_64_1.2.1100.v20240722-2106;C:\Users\bayes\AppData\Local\Temp\jna-93514312

VM Arguments:
jvm_args: --add-modules=ALL-SYSTEM --add-opens=java.base/java.util=ALL-UNNAMED --add-opens=java.base/java.lang=ALL-UNNAMED --add-opens=java.base/sun.nio.fs=ALL-UNNAMED -Declipse.application=org.eclipse.jdt.ls.core.id1 -Dosgi.bundles.defaultStartLevel=4 -Declipse.product=org.eclipse.jdt.ls.core.product -Djava.import.generatesMetadataFilesAtProjectRoot=false -DDetectVMInstallationsJob.disabled=true -Dfile.encoding=utf8 -XX:+UseParallelGC -XX:GCTimeRatio=4 -XX:AdaptiveSizePolicyWeight=90 -Dsun.zip.disableMemoryMapping=true -Xmx1G -Xms100m -Xlog:disable -javaagent:c:\Users\bayes\.vscode\extensions\redhat.java-1.37.0-win32-x64\lombok\lombok-1.18.34.jar 
java_command: c:\Users\bayes\.vscode\extensions\redhat.java-1.37.0-win32-x64\server\plugins\org.eclipse.equinox.launcher_1.6.900.v20240613-2009.jar -configuration c:\Users\bayes\AppData\Roaming\Code\User\globalStorage\redhat.java\1.37.0\config_ss_win -data c:\Users\bayes\AppData\Roaming\Code\User\workspaceStorage\91ae7324ef9485046333944c88691bb9\redhat.java\ss_ws --pipe=\\.\pipe\lsp-074a846b9e55a39886d7fabd0c97eb97-sock
java_class_path (initial): c:\Users\bayes\.vscode\extensions\redhat.java-1.37.0-win32-x64\server\plugins\org.eclipse.equinox.launcher_1.6.900.v20240613-2009.jar
Launcher Type: SUN_STANDARD

[Global flags]
    uintx AdaptiveSizePolicyWeight                 = 90                                        {product} {command line}
     intx CICompilerCount                          = 4                                         {product} {ergonomic}
    uintx GCTimeRatio                              = 4                                         {product} {command line}
   size_t InitialHeapSize                          = 104857600                                 {product} {command line}
   size_t MaxHeapSize                              = 1073741824                                {product} {command line}
   size_t MaxNewSize                               = 357564416                                 {product} {ergonomic}
   size_t MinHeapDeltaBytes                        = 524288                                    {product} {ergonomic}
   size_t MinHeapSize                              = 104857600                                 {product} {command line}
   size_t NewSize                                  = 34603008                                  {product} {ergonomic}
    uintx NonNMethodCodeHeapSize                   = 5839372                                {pd product} {ergonomic}
    uintx NonProfiledCodeHeapSize                  = 122909434                              {pd product} {ergonomic}
   size_t OldSize                                  = 70254592                                  {product} {ergonomic}
    uintx ProfiledCodeHeapSize                     = 122909434                              {pd product} {ergonomic}
    uintx ReservedCodeCacheSize                    = 251658240                              {pd product} {ergonomic}
     bool SegmentedCodeCache                       = true                                      {product} {ergonomic}
   size_t SoftMaxHeapSize                          = 1073741824                             {manageable} {ergonomic}
     bool UseCompressedClassPointers               = true                           {product lp64_product} {ergonomic}
     bool UseCompressedOops                        = true                           {product lp64_product} {ergonomic}
     bool UseLargePagesIndividualAllocation        = false                                  {pd product} {ergonomic}
     bool UseParallelGC                            = true                                      {product} {command line}

Logging:
Log output configuration:
 #0: stdout all=off uptime,level,tags
 #1: stderr all=off uptime,level,tags

Environment Variables:
PATH=C:\Program Files\Common Files\Oracle\Java\javapath;C:\WINDOWS\system32;C:\WINDOWS;C:\WINDOWS\System32\Wbem;C:\WINDOWS\System32\WindowsPowerShell\v1.0\;C:\WINDOWS\System32\OpenSSH\;C:\Program Files\Git\cmd;C:\Program Files\Java\jdk-21\bin;C:\Program Files\OpenSSL-Win64\bin;;C:\Program Files\Docker\Docker\resources\bin;C:\Users\bayes\AppData\Local\Programs\Python\Python313\Scripts\;C:\Users\bayes\AppData\Local\Programs\Python\Python313\;C:\Users\bayes\AppData\Local\Programs\Python\Launcher\;C:\Users\bayes\AppData\Local\Microsoft\WindowsApps;C:\Users\bayes\AppData\Local\Programs\Microsoft VS Code\bin;C:\Program Files\Java\jdk-21\bin;C:\Program Files\Git\bin;C:\Program Files\OpenSSL-Win64\bin;
USERNAME=bayes
OS=Windows_NT
PROCESSOR_IDENTIFIER=Intel64 Family 6 Model 142 Stepping 12, GenuineIntel
TMP=C:\Users\bayes\AppData\Local\Temp
TEMP=C:\Users\bayes\AppData\Local\Temp



Periodic native trim disabled


---------------  S Y S T E M  ---------------

OS:
 Windows 11 , 64 bit Build 22621 (10.0.22621.4391)
OS uptime: 9 days 23:36 hours
Hyper-V role detected

CPU: total 8 (initial active 8) (4 cores per cpu, 2 threads per core) family 6 model 142 stepping 12 microcode 0xf8, cx8, cmov, fxsr, ht, mmx, 3dnowpref, sse, sse2, sse3, ssse3, sse4.1, sse4.2, popcnt, lzcnt, tsc, tscinvbit, avx, avx2, aes, erms, clmul, bmi1, bmi2, adx, fma, vzeroupper, clflush, clflushopt, hv
Processor Information for all 8 processors :
  Max Mhz: 2208, Current Mhz: 1706, Mhz Limit: 1700

Memory: 4k page, system-wide physical 7952M (189M free)
TotalPageFile size 32528M (AvailPageFile size 4M)
current process WorkingSet (physical memory assigned to process): 165M, peak: 238M
current process commit charge ("private bytes"): 291M, peak: 313M

vm_info: OpenJDK 64-Bit Server VM (17.0.13+11) for windows-amd64 JRE (17.0.13+11), built on Oct 16 2024 00:10:08 by "admin" with MS VC++ 17.7 (VS2022)

END.
