#
# A fatal error has been detected by the Java Runtime Environment:
#
#  EXCEPTION_ACCESS_VIOLATION (0xc0000005) at pc=0x00007ffd99858c7c, pid=3648, tid=12960
#
# JRE version: Java(TM) SE Runtime Environment (21.0.4+8) (build 21.0.4+8-LTS-274)
# Java VM: Java HotSpot(TM) 64-Bit Server VM (21.0.4+8-LTS-274, mixed mode, sharing, tiered, compressed oops, compressed class ptrs, g1 gc, windows-amd64)
# Problematic frame:
# V  [jvm.dll+0x3b8c7c]
#
# No core dump will be written. Minidumps are not enabled by default on client versions of Windows
#
# If you would like to submit a bug report, please visit:
#   https://bugreport.java.com/bugreport/crash.jsp
#

---------------  S U M M A R Y ------------

Command Line: -Dorg.gradle.internal.worker.tmpdir=C:\Users\bayes\Downloads\Projet_classe_kata-main\build\tmp\test\work -Dorg.gradle.native=false -javaagent:C:\Users\bayes\Downloads\Projet_classe_kata-main\build\tmp\.cache\expanded\zip_0bd0851504e6286cb5fc6f37a81e25cc\jacocoagent.jar=destfile=build/jacoco/test.exec,append=true,inclnolocationclasses=false,dumponexit=true,output=file,jmx=false -Xmx512m -Dfile.encoding=UTF-8 -Duser.country=FR -Duser.language=fr -Duser.variant -ea worker.org.gradle.process.internal.worker.GradleWorkerMain 'Gradle Test Executor 20'

Host: Intel(R) Core(TM) i5-6300U CPU @ 2.40GHz, 4 cores, 7G,  Windows 10 , 64 bit Build 19041 (10.0.19041.2913)
Time: Thu Sep 26 23:43:18 2024 Paris, Madrid (heure duild 19041 (10.0.19041.2913) elapsed time: 2.427409 seconds (0d 0h 0m 2s)

---------------  T H R E A D  ---------------

Current thread (0x000002c01783b180):  JavaThread "C2 CompilerThread0" daemon [_thread_in_native, id=12960, stack(0x000000f368800000,0x000000f368900000) (1024K)]


Current CompileTask:
C2:   2427 2084 %     4       org.jacoco.agent.rt.internal_4481564.asm.SymbolTable::<init> @ 98 (536 bytes)

Stack: [0x000000f368800000,0x000000f368900000],  sp=0x000000f3688fc780,  free space=1009k
Native frames: (J=compiled Java code, j=interpreted, Vv=VM code, C=native code)
V  [jvm.dll+0x3b8c7c]
V  [jvm.dll+0x3b286c]
V  [jvm.dll+0x1df46e]
V  [jvm.dll+0x2463d2]
V  [jvm.dll+0x24585f]
V  [jvm.dll+0x1c69de]
V  [jvm.dll+0x254d49]
V  [jvm.dll+0x2532da]
V  [jvm.dll+0x3ed426]
V  [jvm.dll+0x7fd65b]
V  [jvm.dll+0x6c753d]
C  [ucrtbase.dll+0x21bb2]
C  [KERNEL32.DLL+0x17614]
C  [ntdll.dll+0x526a1]


siginfo: EXCEPTION_ACCESS_VIOLATION (0xc0000005), reading address 0x0000400000000000


Registers:
RAX=0x000002c05df52920, RBX=0x000000f3688fc8b0, RCX=0x000002c05df52940, RDX=0x0000000000000070
RSP=0x000000f3688fc780, RBP=0x0000400000000000, RSI=0x000000f3688fe350, RDI=0x0000000000000000
R8 =0x0000000005140055, R9 =0x000000f3688fca30, R10=0x000002c05df52978, R11=0x00007ffd9a064030
R12=0x000002c05e42ed08, R13=0x0000000000000020, R14=0x0000000000000000, R15=0x000002c05f894eb0
RIP=0x00007ffd99858c7c, EFLAGS=0x0000000000010202


Register to memory mapping:

RAX=0x000002c05df52920 points into unknown readable memory: 0x000002c05df52900 | 00 29 f5 5d c0 02 00 00
RBX=0x000000f3688fc8b0 is pointing into the stack for thread: 0x000002c01783b180
RCX=0x000002c05df52940 points into unknown readable memory: 0x0000000000000000 | 00 00 00 00 00 00 00 00
RDX=0x0000000000000070 is an unknown value
RSP=0x000000f3688fc780 is pointing into the stack for thread: 0x000002c01783b180
RBP=0x0000400000000000 is an unknown value
RSI=0x000000f3688fe350 is pointing into the stack for thread: 0x000002c01783b180
RDI=0x0 is null
R8 =0x0000000005140055 is an unknown value
R9 =0x000000f3688fca30 is pointing into the stack for thread: 0x000002c01783b180
R10=0x000002c05df52978 points into unknown readable memory: 0x0000000000000000 | 00 00 00 00 00 00 00 00
R11=0x00007ffd9a064030 jvm.dll
R12=0x000002c05e42ed08 points into unknown readable memory: 0x000002c01783a460 | 60 a4 83 17 c0 02 00 00
R13=0x0000000000000020 is an unknown value
R14=0x0 is null
R15=0x000002c05f894eb0 points into unknown readable memory: 0x000000170000000d | 0d 00 00 00 17 00 00 00

Top of Stack: (sp=0x000000f3688fc780)
0x000000f3688fc780:   0000000000000000 0000000300000694
0x000000f3688fc790:   0000000000000001 00007ffd99509a1d
0x000000f3688fc7a0:   000002c05d556c80 0000000000000002
0x000000f3688fc7b0:   000000f3688fce70 0000000000000005
0x000000f3688fc7c0:   000000f3688fce70 00007ffd9985286c
0x000000f3688fc7d0:   000000f3688fc8d0 0000000000000000
0x000000f3688fc7e0:   0000000000000000 00007ffd00000001
0x000000f3688fc7f0:   000000f3688fc820 0000000000000006
0x000000f3688fc800:   ffffffff00000002 000002c05f1fdb60
0x000000f3688fc810:   0000000000000001 000002c05d556c80
0x000000f3688fc820:   0000000200000000 0000000e00000000
0x000000f3688fc830:   00007ffd00000000 0000000200000005
0x000000f3688fc840:   0000000d00000005 00007ffd00000000
0x000000f3688fc850:   0000000000000416 000002c000000000
0x000000f3688fc860:   0000000000000000 0000000000000000
0x000000f3688fc870:   000000020000167e 0000001700000017
0x000000f3688fc880:   000002c05df52960 000002c05df52de0
0x000000f3688fc890:   000000f3688fc8b0 000002c05f1fdbac
0x000000f3688fc8a0:   000002c05f1fdbb4 00000000000004c4
0x000000f3688fc8b0:   000000170000000d 000002c05df52eb8
0x000000f3688fc8c0:   000002c05dcb1f58 00007ffd995651d1
0x000000f3688fc8d0:   00000000000004e0 000000000000009c
0x000000f3688fc8e0:   000002c05f262380 00000000000004c4
0x000000f3688fc8f0:   0000000000000000 00007ffd99a7552b
0x000000f3688fc900:   000000000000000f 000000f3688fc999
0x000000f3688fc910:   0000000000000000 000000f3688fc999
0x000000f3688fc920:   000000f3688fc990 00007ffd99aae12a
0x000000f3688fc930:   00000000000004e0 000002c01783a4d0
0x000000f3688fc940:   000002c00000001b 000002c017822100
0x000000f3688fc950:   000002c05df30000 0000000000000000
0x000000f3688fc960:   000002c05e3588c0 000002c017822100
0x000000f3688fc970:   000002c05f262380 00007ffd99e7cf40 

Instructions: (pc=0x00007ffd99858c7c)
0x00007ffd99858b7c:   8b 93 90 00 00 00 b8 20 00 00 00 44 8b e8 48 c1
0x00007ffd99858b8c:   e2 03 48 8b 04 07 48 8b 88 68 06 00 00 48 8b 81
0x00007ffd99858b9c:   80 00 00 00 4c 8b 88 d0 08 00 00 49 8b 49 18 49
0x00007ffd99858bac:   8b 41 20 48 2b c1 48 3b c2 72 0a 48 8d 04 11 49
0x00007ffd99858bbc:   89 41 18 eb 0e 45 33 c0 49 8b c9 e8 14 c3 d0 ff
0x00007ffd99858bcc:   48 8b c8 ba 70 00 00 00 33 ff 48 89 4b 08 39 bb
0x00007ffd99858bdc:   90 00 00 00 0f 86 d6 00 00 00 65 48 8b 04 25 58
0x00007ffd99858bec:   00 00 00 48 8d 0d 9a 73 86 00 48 89 6c 24 50 4c
0x00007ffd99858bfc:   89 64 24 58 4c 89 74 24 60 4c 8d 24 f0 0f 1f 80
0x00007ffd99858c0c:   00 00 00 00 49 8b 47 08 4c 8d 34 fd 00 00 00 00
0x00007ffd99858c1c:   49 8b 2c 06 48 3b e9 75 0a 48 8b 43 08 49 89 0c
0x00007ffd99858c2c:   06 eb 6b 49 8b 34 24 80 3c 16 00 75 05 e8 f2 8c
0x00007ffd99858c3c:   53 00 4a 8b 04 2e 48 8b 88 68 06 00 00 48 8b b1
0x00007ffd99858c4c:   80 00 00 00 48 8b 8e d8 08 00 00 48 85 c9 75 0c
0x00007ffd99858c5c:   e8 2f 09 00 00 48 8b 8e d8 08 00 00 48 8b 01 0f
0x00007ffd99858c6c:   57 c0 48 89 86 d8 08 00 00 0f 11 01 0f 11 41 10
0x00007ffd99858c7c:   0f 10 45 00 0f 11 01 0f 10 4d 10 0f 11 49 10 48
0x00007ffd99858c8c:   8b 43 08 49 89 0c 06 48 8d 0d f6 72 86 00 ff c7
0x00007ffd99858c9c:   ba 70 00 00 00 3b bb 90 00 00 00 0f 82 63 ff ff
0x00007ffd99858cac:   ff 4c 8b 74 24 60 4c 8b 64 24 58 48 8b 6c 24 50
0x00007ffd99858cbc:   48 8b c3 48 83 c4 20 41 5f 41 5d 5f 5e 5b c3 cc
0x00007ffd99858ccc:   cc cc cc cc 48 89 74 24 18 57 48 83 ec 20 8b 51
0x00007ffd99858cdc:   0c 48 8b f9 83 fa 04 73 29 48 8b 49 18 0f 1f 80
0x00007ffd99858cec:   00 00 00 00 8b c2 44 8d 4a 01 48 83 3c c1 00 4c
0x00007ffd99858cfc:   8d 14 c1 0f 85 91 00 00 00 41 8b d1 41 83 f9 04
0x00007ffd99858d0c:   72 e2 48 89 5c 24 30 8b 5f 10 48 89 6c 24 38 3b
0x00007ffd99858d1c:   5f 14 73 5f 48 8d 2d 69 72 86 00 66 0f 1f 84 00
0x00007ffd99858d2c:   00 00 00 00 48 8b 47 20 8b cb 48 8b 14 c8 48 3b
0x00007ffd99858d3c:   d5 74 39 33 c0 48 89 57 18 33 c9 66 0f 1f 84 00
0x00007ffd99858d4c:   00 00 00 00 48 83 3c 11 00 44 8d 48 01 75 78 48
0x00007ffd99858d5c:   83 c1 08 41 8b c1 41 83 f9 04 72 e8 48 8b 4f 28
0x00007ffd99858d6c:   48 85 c9 74 07 8b d3 e8 58 01 00 00 ff c3 3b 5f 


Stack slot to memory mapping:

stack at sp + 0 slots: 0x0 is null
stack at sp + 1 slots: 0x0000000300000694 is an unknown value
stack at sp + 2 slots: 0x0000000000000001 is an unknown value
stack at sp + 3 slots: 0x00007ffd99509a1d jvm.dll
stack at sp + 4 slots: 0x000002c05d556c80 points into unknown readable memory: 0x00007ffd99e31f80 | 80 1f e3 99 fd 7f 00 00
stack at sp + 5 slots: 0x0000000000000002 is an unknown value
stack at sp + 6 slots: 0x000000f3688fce70 is pointing into the stack for thread: 0x000002c01783b180
stack at sp + 7 slots: 0x0000000000000005 is an unknown value


---------------  P R O C E S S  ---------------

Threads class SMR info:
_java_thread_list=0x000002c05e2921c0, length=15, elements={
0x000002c07b421b50, 0x000002c01781fde0, 0x000002c017820d00, 0x000002c017832930,
0x000002c017833610, 0x000002c017834480, 0x000002c017834ee0, 0x000002c01783b180,
0x000002c01783bc20, 0x000002c017a5ebc0, 0x000002c017dc6e10, 0x000002c05d7e4740,
0x000002c05d6b6e60, 0x000002c05e657410, 0x000002c05e89fe00
}

Java Threads: ( => current thread )
  0x000002c07b421b50 JavaThread "Test worker"                       [_thread_in_native, id=7544, stack(0x000000f367a00000,0x000000f367b00000) (1024K)]
  0x000002c01781fde0 JavaThread "Reference Handler"          daemon [_thread_blocked, id=15300, stack(0x000000f368200000,0x000000f368300000) (1024K)]
  0x000002c017820d00 JavaThread "Finalizer"                  daemon [_thread_blocked, id=16924, stack(0x000000f368300000,0x000000f368400000) (1024K)]
  0x000002c017832930 JavaThread "Signal Dispatcher"          daemon [_thread_blocked, id=18364, stack(0x000000f368400000,0x000000f368500000) (1024K)]
  0x000002c017833610 JavaThread "Attach Listener"            daemon [_thread_blocked, id=18216, stack(0x000000f368500000,0x000000f368600000) (1024K)]
  0x000002c017834480 JavaThread "Service Thread"             daemon [_thread_blocked, id=6492, stack(0x000000f368600000,0x000000f368700000) (1024K)]
  0x000002c017834ee0 JavaThread "Monitor Deflation Thread"   daemon [_thread_blocked, id=16884, stack(0x000000f368700000,0x000000f368800000) (1024K)]
=>0x000002c01783b180 JavaThread "C2 CompilerThread0"         daemon [_thread_in_native, id=12960, stack(0x000000f368800000,0x000000f368900000) (1024K)]
  0x000002c01783bc20 JavaThread "C1 CompilerThread0"         daemon [_thread_blocked, id=16468, stack(0x000000f368900000,0x000000f368a00000) (1024K)]
  0x000002c017a5ebc0 JavaThread "Common-Cleaner"             daemon [_thread_blocked, id=8992, stack(0x000000f368a00000,0x000000f368b00000) (1024K)]
  0x000002c017dc6e10 JavaThread "Notification Thread"        daemon [_thread_blocked, id=13824, stack(0x000000f368b00000,0x000000f368c00000) (1024K)]
  0x000002c05d7e4740 JavaThread "C2 CompilerThread1"         daemon [_thread_in_native, id=17588, stack(0x000000f368f00000,0x000000f369000000) (1024K)]
  0x000002c05d6b6e60 JavaThread "/127.0.0.1:65522 to /127.0.0.1:65521 workers"        [_thread_blocked, id=3192, stack(0x000000f369100000,0x000000f369200000) (1024K)]
  0x000002c05e657410 JavaThread "/127.0.0.1:65522 to /127.0.0.1:65521 workers Thread 2"        [_thread_blocked, id=16768, stack(0x000000f369200000,0x000000f369300000) (1024K)]
  0x000002c05e89fe00 JavaThread "/127.0.0.1:65522 to /127.0.0.1:65521 workers Thread 3"        [_thread_in_native, id=17792, stack(0x000000f369300000,0x000000f369400000) (1024K)]
Total: 15

Other Threads:
  0x000002c07d58e280 VMThread "VM Thread"                           [id=9760, stack(0x000000f368100000,0x000000f368200000) (1024K)]
  0x000002c0177fb7f0 WatcherThread "VM Periodic Task Thread"        [id=17436, stack(0x000000f368000000,0x000000f368100000) (1024K)]
  0x000002c07d4e07a0 WorkerThread "GC Thread#0"                     [id=14536, stack(0x000000f367b00000,0x000000f367c00000) (1024K)]
  0x000002c05d85f5c0 WorkerThread "GC Thread#1"                     [id=13912, stack(0x000000f368c00000,0x000000f368d00000) (1024K)]
  0x000002c05d7e5f70 WorkerThread "GC Thread#2"                     [id=16064, stack(0x000000f368d00000,0x000000f368e00000) (1024K)]
  0x000002c05d7e6310 WorkerThread "GC Thread#3"                     [id=7144, stack(0x000000f368e00000,0x000000f368f00000) (1024K)]
  0x000002c07d4e5930 ConcurrentGCThread "G1 Main Marker"            [id=7372, stack(0x000000f367c00000,0x000000f367d00000) (1024K)]
  0x000002c07d4e6bd0 WorkerThread "G1 Conc#0"                       [id=16916, stack(0x000000f367d00000,0x000000f367e00000) (1024K)]
  0x000002c07d56f370 ConcurrentGCThread "G1 Refine#0"               [id=17356, stack(0x000000f367e00000,0x000000f367f00000) (1024K)]
  0x000002c07d56fee0 ConcurrentGCThread "G1 Service"                [id=3304, stack(0x000000f367f00000,0x000000f368000000) (1024K)]
Total: 10

Threads with active compile tasks:
C2 CompilerThread0     2588 2084 %     4       org.jacoco.agent.rt.internal_4481564.asm.SymbolTable::<init> @ 98 (536 bytes)
C2 CompilerThread1     2588 2424       4       org.jacoco.agent.rt.internal_4481564.asm.ClassReader::readCode (5117 bytes)
Total: 2

VM state: not at safepoint (normal execution)

VM Mutex/Monitor currently owned by a thread: None

Heap address: 0x00000000e0000000, size: 512 MB, Compressed Oops mode: 32-bit

CDS archive(s) mapped at: [0x000002c018000000-0x000002c018c90000-0x000002c018c90000), size 13172736, SharedBaseAddress: 0x000002c018000000, ArchiveRelocationMode: 1.
Compressed class space mapped at: 0x000002c019000000-0x000002c059000000, reserved size: 1073741824
Narrow klass base: 0x000002c018000000, Narrow klass shift: 0, Narrow klass range: 0x100000000

GC Precious Log:
 CardTable entry size: 512
 Card Set container configuration: InlinePtr #cards 5 size 8 Array Of Cards #cards 12 size 40 Howl #buckets 4 coarsen threshold 1843 Howl Bitmap #cards 512 size 80 coarsen threshold 460 Card regions per heap region 1 cards per card region 2048
 CPUs: 4 total, 4 available
 Memory: 7854M
 Large Page Support: Disabled
 NUMA Support: Disabled
 Compressed Oops: Enabled (32-bit)
 Heap Region Size: 1M
 Heap Min Capacity: 8M
 Heap Initial Capacity: 124M
 Heap Max Capacity: 512M
 Pre-touch: Disabled
 Parallel Workers: 4
 Concurrent Workers: 1
 Concurrent Refinement Workers: 4
 Periodic GC: Disabled

Heap:
 garbage-first heap   total 126976K, used 69798K [0x00000000e0000000, 0x0000000100000000)
  region size 1024K, 67 young (68608K), 2 survivors (2048K)
 Metaspace       used 11247K, committed 11584K, reserved 1114112K
  class space    used 1348K, committed 1536K, reserved 1048576K

Heap Regions: E=young(eden), S=young(survivor), O=old, HS=humongous(starts), HC=humongous(continues), CS=collection set, F=free, TAMS=top-at-mark-start, PB=parsable bottom
|   0|0x00000000e0000000, 0x00000000e0100000, 0x00000000e0100000|100%| O|  |TAMS 0x00000000e0000000| PB 0x00000000e0000000| Untracked 
|   1|0x00000000e0100000, 0x00000000e0200000, 0x00000000e0200000|100%| O|  |TAMS 0x00000000e0100000| PB 0x00000000e0100000| Untracked 
|   2|0x00000000e0200000, 0x00000000e0264038, 0x00000000e0300000| 39%| O|  |TAMS 0x00000000e0200000| PB 0x00000000e0200000| Untracked 
|   3|0x00000000e0300000, 0x00000000e0300000, 0x00000000e0400000|  0%| F|  |TAMS 0x00000000e0300000| PB 0x00000000e0300000| Untracked 
|   4|0x00000000e0400000, 0x00000000e0400000, 0x00000000e0500000|  0%| F|  |TAMS 0x00000000e0400000| PB 0x00000000e0400000| Untracked 
|   5|0x00000000e0500000, 0x00000000e0500000, 0x00000000e0600000|  0%| F|  |TAMS 0x00000000e0500000| PB 0x00000000e0500000| Untracked 
|   6|0x00000000e0600000, 0x00000000e0600000, 0x00000000e0700000|  0%| F|  |TAMS 0x00000000e0600000| PB 0x00000000e0600000| Untracked 
|   7|0x00000000e0700000, 0x00000000e0700000, 0x00000000e0800000|  0%| F|  |TAMS 0x00000000e0700000| PB 0x00000000e0700000| Untracked 
|   8|0x00000000e0800000, 0x00000000e0800000, 0x00000000e0900000|  0%| F|  |TAMS 0x00000000e0800000| PB 0x00000000e0800000| Untracked 
|   9|0x00000000e0900000, 0x00000000e0900000, 0x00000000e0a00000|  0%| F|  |TAMS 0x00000000e0900000| PB 0x00000000e0900000| Untracked 
|  10|0x00000000e0a00000, 0x00000000e0a00000, 0x00000000e0b00000|  0%| F|  |TAMS 0x00000000e0a00000| PB 0x00000000e0a00000| Untracked 
|  11|0x00000000e0b00000, 0x00000000e0b00000, 0x00000000e0c00000|  0%| F|  |TAMS 0x00000000e0b00000| PB 0x00000000e0b00000| Untracked 
|  12|0x00000000e0c00000, 0x00000000e0c00000, 0x00000000e0d00000|  0%| F|  |TAMS 0x00000000e0c00000| PB 0x00000000e0c00000| Untracked 
|  13|0x00000000e0d00000, 0x00000000e0d00000, 0x00000000e0e00000|  0%| F|  |TAMS 0x00000000e0d00000| PB 0x00000000e0d00000| Untracked 
|  14|0x00000000e0e00000, 0x00000000e0e00000, 0x00000000e0f00000|  0%| F|  |TAMS 0x00000000e0e00000| PB 0x00000000e0e00000| Untracked 
|  15|0x00000000e0f00000, 0x00000000e0f00000, 0x00000000e1000000|  0%| F|  |TAMS 0x00000000e0f00000| PB 0x00000000e0f00000| Untracked 
|  16|0x00000000e1000000, 0x00000000e1000000, 0x00000000e1100000|  0%| F|  |TAMS 0x00000000e1000000| PB 0x00000000e1000000| Untracked 
|  17|0x00000000e1100000, 0x00000000e1100000, 0x00000000e1200000|  0%| F|  |TAMS 0x00000000e1100000| PB 0x00000000e1100000| Untracked 
|  18|0x00000000e1200000, 0x00000000e1200000, 0x00000000e1300000|  0%| F|  |TAMS 0x00000000e1200000| PB 0x00000000e1200000| Untracked 
|  19|0x00000000e1300000, 0x00000000e1300000, 0x00000000e1400000|  0%| F|  |TAMS 0x00000000e1300000| PB 0x00000000e1300000| Untracked 
|  20|0x00000000e1400000, 0x00000000e1400000, 0x00000000e1500000|  0%| F|  |TAMS 0x00000000e1400000| PB 0x00000000e1400000| Untracked 
|  21|0x00000000e1500000, 0x00000000e1500000, 0x00000000e1600000|  0%| F|  |TAMS 0x00000000e1500000| PB 0x00000000e1500000| Untracked 
|  22|0x00000000e1600000, 0x00000000e1600000, 0x00000000e1700000|  0%| F|  |TAMS 0x00000000e1600000| PB 0x00000000e1600000| Untracked 
|  23|0x00000000e1700000, 0x00000000e1700000, 0x00000000e1800000|  0%| F|  |TAMS 0x00000000e1700000| PB 0x00000000e1700000| Untracked 
|  24|0x00000000e1800000, 0x00000000e1800000, 0x00000000e1900000|  0%| F|  |TAMS 0x00000000e1800000| PB 0x00000000e1800000| Untracked 
|  25|0x00000000e1900000, 0x00000000e1900000, 0x00000000e1a00000|  0%| F|  |TAMS 0x00000000e1900000| PB 0x00000000e1900000| Untracked 
|  26|0x00000000e1a00000, 0x00000000e1a00000, 0x00000000e1b00000|  0%| F|  |TAMS 0x00000000e1a00000| PB 0x00000000e1a00000| Untracked 
|  27|0x00000000e1b00000, 0x00000000e1b00000, 0x00000000e1c00000|  0%| F|  |TAMS 0x00000000e1b00000| PB 0x00000000e1b00000| Untracked 
|  28|0x00000000e1c00000, 0x00000000e1c00000, 0x00000000e1d00000|  0%| F|  |TAMS 0x00000000e1c00000| PB 0x00000000e1c00000| Untracked 
|  29|0x00000000e1d00000, 0x00000000e1d00000, 0x00000000e1e00000|  0%| F|  |TAMS 0x00000000e1d00000| PB 0x00000000e1d00000| Untracked 
|  30|0x00000000e1e00000, 0x00000000e1e00000, 0x00000000e1f00000|  0%| F|  |TAMS 0x00000000e1e00000| PB 0x00000000e1e00000| Untracked 
|  31|0x00000000e1f00000, 0x00000000e1f00000, 0x00000000e2000000|  0%| F|  |TAMS 0x00000000e1f00000| PB 0x00000000e1f00000| Untracked 
|  32|0x00000000e2000000, 0x00000000e2000000, 0x00000000e2100000|  0%| F|  |TAMS 0x00000000e2000000| PB 0x00000000e2000000| Untracked 
|  33|0x00000000e2100000, 0x00000000e2100000, 0x00000000e2200000|  0%| F|  |TAMS 0x00000000e2100000| PB 0x00000000e2100000| Untracked 
|  34|0x00000000e2200000, 0x00000000e2200000, 0x00000000e2300000|  0%| F|  |TAMS 0x00000000e2200000| PB 0x00000000e2200000| Untracked 
|  35|0x00000000e2300000, 0x00000000e2300000, 0x00000000e2400000|  0%| F|  |TAMS 0x00000000e2300000| PB 0x00000000e2300000| Untracked 
|  36|0x00000000e2400000, 0x00000000e2400000, 0x00000000e2500000|  0%| F|  |TAMS 0x00000000e2400000| PB 0x00000000e2400000| Untracked 
|  37|0x00000000e2500000, 0x00000000e2500000, 0x00000000e2600000|  0%| F|  |TAMS 0x00000000e2500000| PB 0x00000000e2500000| Untracked 
|  38|0x00000000e2600000, 0x00000000e2600000, 0x00000000e2700000|  0%| F|  |TAMS 0x00000000e2600000| PB 0x00000000e2600000| Untracked 
|  39|0x00000000e2700000, 0x00000000e2700000, 0x00000000e2800000|  0%| F|  |TAMS 0x00000000e2700000| PB 0x00000000e2700000| Untracked 
|  40|0x00000000e2800000, 0x00000000e2800000, 0x00000000e2900000|  0%| F|  |TAMS 0x00000000e2800000| PB 0x00000000e2800000| Untracked 
|  41|0x00000000e2900000, 0x00000000e2900000, 0x00000000e2a00000|  0%| F|  |TAMS 0x00000000e2900000| PB 0x00000000e2900000| Untracked 
|  42|0x00000000e2a00000, 0x00000000e2a00000, 0x00000000e2b00000|  0%| F|  |TAMS 0x00000000e2a00000| PB 0x00000000e2a00000| Untracked 
|  43|0x00000000e2b00000, 0x00000000e2b00000, 0x00000000e2c00000|  0%| F|  |TAMS 0x00000000e2b00000| PB 0x00000000e2b00000| Untracked 
|  44|0x00000000e2c00000, 0x00000000e2c00000, 0x00000000e2d00000|  0%| F|  |TAMS 0x00000000e2c00000| PB 0x00000000e2c00000| Untracked 
|  45|0x00000000e2d00000, 0x00000000e2d00000, 0x00000000e2e00000|  0%| F|  |TAMS 0x00000000e2d00000| PB 0x00000000e2d00000| Untracked 
|  46|0x00000000e2e00000, 0x00000000e2e00000, 0x00000000e2f00000|  0%| F|  |TAMS 0x00000000e2e00000| PB 0x00000000e2e00000| Untracked 
|  47|0x00000000e2f00000, 0x00000000e2f00000, 0x00000000e3000000|  0%| F|  |TAMS 0x00000000e2f00000| PB 0x00000000e2f00000| Untracked 
|  48|0x00000000e3000000, 0x00000000e3000000, 0x00000000e3100000|  0%| F|  |TAMS 0x00000000e3000000| PB 0x00000000e3000000| Untracked 
|  49|0x00000000e3100000, 0x00000000e3100000, 0x00000000e3200000|  0%| F|  |TAMS 0x00000000e3100000| PB 0x00000000e3100000| Untracked 
|  50|0x00000000e3200000, 0x00000000e3200000, 0x00000000e3300000|  0%| F|  |TAMS 0x00000000e3200000| PB 0x00000000e3200000| Untracked 
|  51|0x00000000e3300000, 0x00000000e3300000, 0x00000000e3400000|  0%| F|  |TAMS 0x00000000e3300000| PB 0x00000000e3300000| Untracked 
|  52|0x00000000e3400000, 0x00000000e3400000, 0x00000000e3500000|  0%| F|  |TAMS 0x00000000e3400000| PB 0x00000000e3400000| Untracked 
|  53|0x00000000e3500000, 0x00000000e3500000, 0x00000000e3600000|  0%| F|  |TAMS 0x00000000e3500000| PB 0x00000000e3500000| Untracked 
|  54|0x00000000e3600000, 0x00000000e3600000, 0x00000000e3700000|  0%| F|  |TAMS 0x00000000e3600000| PB 0x00000000e3600000| Untracked 
|  55|0x00000000e3700000, 0x00000000e3700000, 0x00000000e3800000|  0%| F|  |TAMS 0x00000000e3700000| PB 0x00000000e3700000| Untracked 
|  56|0x00000000e3800000, 0x00000000e3800000, 0x00000000e3900000|  0%| F|  |TAMS 0x00000000e3800000| PB 0x00000000e3800000| Untracked 
|  57|0x00000000e3900000, 0x00000000e3a00000, 0x00000000e3a00000|100%| E|  |TAMS 0x00000000e3900000| PB 0x00000000e3900000| Complete 
|  58|0x00000000e3a00000, 0x00000000e3b00000, 0x00000000e3b00000|100%| E|CS|TAMS 0x00000000e3a00000| PB 0x00000000e3a00000| Complete 
|  59|0x00000000e3b00000, 0x00000000e3c00000, 0x00000000e3c00000|100%| E|CS|TAMS 0x00000000e3b00000| PB 0x00000000e3b00000| Complete 
|  60|0x00000000e3c00000, 0x00000000e3d00000, 0x00000000e3d00000|100%| E|CS|TAMS 0x00000000e3c00000| PB 0x00000000e3c00000| Complete 
|  61|0x00000000e3d00000, 0x00000000e3e00000, 0x00000000e3e00000|100%| E|CS|TAMS 0x00000000e3d00000| PB 0x00000000e3d00000| Complete 
|  62|0x00000000e3e00000, 0x00000000e3f00000, 0x00000000e3f00000|100%| E|CS|TAMS 0x00000000e3e00000| PB 0x00000000e3e00000| Complete 
|  63|0x00000000e3f00000, 0x00000000e4000000, 0x00000000e4000000|100%| E|CS|TAMS 0x00000000e3f00000| PB 0x00000000e3f00000| Complete 
|  64|0x00000000e4000000, 0x00000000e4100000, 0x00000000e4100000|100%| E|CS|TAMS 0x00000000e4000000| PB 0x00000000e4000000| Complete 
|  65|0x00000000e4100000, 0x00000000e4200000, 0x00000000e4200000|100%| E|CS|TAMS 0x00000000e4100000| PB 0x00000000e4100000| Complete 
|  66|0x00000000e4200000, 0x00000000e4300000, 0x00000000e4300000|100%| E|CS|TAMS 0x00000000e4200000| PB 0x00000000e4200000| Complete 
|  67|0x00000000e4300000, 0x00000000e4400000, 0x00000000e4400000|100%| E|CS|TAMS 0x00000000e4300000| PB 0x00000000e4300000| Complete 
|  68|0x00000000e4400000, 0x00000000e4500000, 0x00000000e4500000|100%| E|CS|TAMS 0x00000000e4400000| PB 0x00000000e4400000| Complete 
|  69|0x00000000e4500000, 0x00000000e4600000, 0x00000000e4600000|100%| E|CS|TAMS 0x00000000e4500000| PB 0x00000000e4500000| Complete 
|  70|0x00000000e4600000, 0x00000000e4700000, 0x00000000e4700000|100%| E|CS|TAMS 0x00000000e4600000| PB 0x00000000e4600000| Complete 
|  71|0x00000000e4700000, 0x00000000e4800000, 0x00000000e4800000|100%| E|CS|TAMS 0x00000000e4700000| PB 0x00000000e4700000| Complete 
|  72|0x00000000e4800000, 0x00000000e4900000, 0x00000000e4900000|100%| E|CS|TAMS 0x00000000e4800000| PB 0x00000000e4800000| Complete 
|  73|0x00000000e4900000, 0x00000000e4a00000, 0x00000000e4a00000|100%| E|CS|TAMS 0x00000000e4900000| PB 0x00000000e4900000| Complete 
|  74|0x00000000e4a00000, 0x00000000e4b00000, 0x00000000e4b00000|100%| E|CS|TAMS 0x00000000e4a00000| PB 0x00000000e4a00000| Complete 
|  75|0x00000000e4b00000, 0x00000000e4c00000, 0x00000000e4c00000|100%| E|CS|TAMS 0x00000000e4b00000| PB 0x00000000e4b00000| Complete 
|  76|0x00000000e4c00000, 0x00000000e4d00000, 0x00000000e4d00000|100%| E|CS|TAMS 0x00000000e4c00000| PB 0x00000000e4c00000| Complete 
|  77|0x00000000e4d00000, 0x00000000e4e00000, 0x00000000e4e00000|100%| E|CS|TAMS 0x00000000e4d00000| PB 0x00000000e4d00000| Complete 
|  78|0x00000000e4e00000, 0x00000000e4f00000, 0x00000000e4f00000|100%| E|CS|TAMS 0x00000000e4e00000| PB 0x00000000e4e00000| Complete 
|  79|0x00000000e4f00000, 0x00000000e5000000, 0x00000000e5000000|100%| E|CS|TAMS 0x00000000e4f00000| PB 0x00000000e4f00000| Complete 
|  80|0x00000000e5000000, 0x00000000e5100000, 0x00000000e5100000|100%| E|CS|TAMS 0x00000000e5000000| PB 0x00000000e5000000| Complete 
|  81|0x00000000e5100000, 0x00000000e5200000, 0x00000000e5200000|100%| E|CS|TAMS 0x00000000e5100000| PB 0x00000000e5100000| Complete 
|  82|0x00000000e5200000, 0x00000000e5300000, 0x00000000e5300000|100%| E|CS|TAMS 0x00000000e5200000| PB 0x00000000e5200000| Complete 
|  83|0x00000000e5300000, 0x00000000e5400000, 0x00000000e5400000|100%| E|CS|TAMS 0x00000000e5300000| PB 0x00000000e5300000| Complete 
|  84|0x00000000e5400000, 0x00000000e5500000, 0x00000000e5500000|100%| E|CS|TAMS 0x00000000e5400000| PB 0x00000000e5400000| Complete 
|  85|0x00000000e5500000, 0x00000000e5600000, 0x00000000e5600000|100%| E|CS|TAMS 0x00000000e5500000| PB 0x00000000e5500000| Complete 
|  86|0x00000000e5600000, 0x00000000e5700000, 0x00000000e5700000|100%| E|CS|TAMS 0x00000000e5600000| PB 0x00000000e5600000| Complete 
|  87|0x00000000e5700000, 0x00000000e5800000, 0x00000000e5800000|100%| E|CS|TAMS 0x00000000e5700000| PB 0x00000000e5700000| Complete 
|  88|0x00000000e5800000, 0x00000000e5900000, 0x00000000e5900000|100%| E|CS|TAMS 0x00000000e5800000| PB 0x00000000e5800000| Complete 
|  89|0x00000000e5900000, 0x00000000e5a00000, 0x00000000e5a00000|100%| E|CS|TAMS 0x00000000e5900000| PB 0x00000000e5900000| Complete 
|  90|0x00000000e5a00000, 0x00000000e5b00000, 0x00000000e5b00000|100%| E|CS|TAMS 0x00000000e5a00000| PB 0x00000000e5a00000| Complete 
|  91|0x00000000e5b00000, 0x00000000e5c00000, 0x00000000e5c00000|100%| E|CS|TAMS 0x00000000e5b00000| PB 0x00000000e5b00000| Complete 
|  92|0x00000000e5c00000, 0x00000000e5d00000, 0x00000000e5d00000|100%| E|CS|TAMS 0x00000000e5c00000| PB 0x00000000e5c00000| Complete 
|  93|0x00000000e5d00000, 0x00000000e5e00000, 0x00000000e5e00000|100%| E|CS|TAMS 0x00000000e5d00000| PB 0x00000000e5d00000| Complete 
|  94|0x00000000e5e00000, 0x00000000e5f00000, 0x00000000e5f00000|100%| E|CS|TAMS 0x00000000e5e00000| PB 0x00000000e5e00000| Complete 
|  95|0x00000000e5f00000, 0x00000000e6000000, 0x00000000e6000000|100%| E|CS|TAMS 0x00000000e5f00000| PB 0x00000000e5f00000| Complete 
|  96|0x00000000e6000000, 0x00000000e6100000, 0x00000000e6100000|100%| E|CS|TAMS 0x00000000e6000000| PB 0x00000000e6000000| Complete 
|  97|0x00000000e6100000, 0x00000000e6200000, 0x00000000e6200000|100%| E|CS|TAMS 0x00000000e6100000| PB 0x00000000e6100000| Complete 
|  98|0x00000000e6200000, 0x00000000e6300000, 0x00000000e6300000|100%| E|CS|TAMS 0x00000000e6200000| PB 0x00000000e6200000| Complete 
|  99|0x00000000e6300000, 0x00000000e6400000, 0x00000000e6400000|100%| E|CS|TAMS 0x00000000e6300000| PB 0x00000000e6300000| Complete 
| 100|0x00000000e6400000, 0x00000000e6500000, 0x00000000e6500000|100%| E|CS|TAMS 0x00000000e6400000| PB 0x00000000e6400000| Complete 
| 101|0x00000000e6500000, 0x00000000e65c5970, 0x00000000e6600000| 77%| S|CS|TAMS 0x00000000e6500000| PB 0x00000000e6500000| Complete 
| 102|0x00000000e6600000, 0x00000000e6700000, 0x00000000e6700000|100%| S|CS|TAMS 0x00000000e6600000| PB 0x00000000e6600000| Complete 
| 103|0x00000000e6700000, 0x00000000e6800000, 0x00000000e6800000|100%| E|CS|TAMS 0x00000000e6700000| PB 0x00000000e6700000| Complete 
| 104|0x00000000e6800000, 0x00000000e6900000, 0x00000000e6900000|100%| E|CS|TAMS 0x00000000e6800000| PB 0x00000000e6800000| Complete 
| 105|0x00000000e6900000, 0x00000000e6a00000, 0x00000000e6a00000|100%| E|CS|TAMS 0x00000000e6900000| PB 0x00000000e6900000| Complete 
| 106|0x00000000e6a00000, 0x00000000e6b00000, 0x00000000e6b00000|100%| E|CS|TAMS 0x00000000e6a00000| PB 0x00000000e6a00000| Complete 
| 107|0x00000000e6b00000, 0x00000000e6c00000, 0x00000000e6c00000|100%| E|CS|TAMS 0x00000000e6b00000| PB 0x00000000e6b00000| Complete 
| 108|0x00000000e6c00000, 0x00000000e6d00000, 0x00000000e6d00000|100%| E|CS|TAMS 0x00000000e6c00000| PB 0x00000000e6c00000| Complete 
| 109|0x00000000e6d00000, 0x00000000e6e00000, 0x00000000e6e00000|100%| E|CS|TAMS 0x00000000e6d00000| PB 0x00000000e6d00000| Complete 
| 110|0x00000000e6e00000, 0x00000000e6f00000, 0x00000000e6f00000|100%| E|CS|TAMS 0x00000000e6e00000| PB 0x00000000e6e00000| Complete 
| 111|0x00000000e6f00000, 0x00000000e7000000, 0x00000000e7000000|100%| E|CS|TAMS 0x00000000e6f00000| PB 0x00000000e6f00000| Complete 
| 112|0x00000000e7000000, 0x00000000e7100000, 0x00000000e7100000|100%| E|CS|TAMS 0x00000000e7000000| PB 0x00000000e7000000| Complete 
| 113|0x00000000e7100000, 0x00000000e7200000, 0x00000000e7200000|100%| E|CS|TAMS 0x00000000e7100000| PB 0x00000000e7100000| Complete 
| 114|0x00000000e7200000, 0x00000000e7300000, 0x00000000e7300000|100%| E|CS|TAMS 0x00000000e7200000| PB 0x00000000e7200000| Complete 
| 115|0x00000000e7300000, 0x00000000e7400000, 0x00000000e7400000|100%| E|CS|TAMS 0x00000000e7300000| PB 0x00000000e7300000| Complete 
| 116|0x00000000e7400000, 0x00000000e7500000, 0x00000000e7500000|100%| E|CS|TAMS 0x00000000e7400000| PB 0x00000000e7400000| Complete 
| 117|0x00000000e7500000, 0x00000000e7600000, 0x00000000e7600000|100%| E|CS|TAMS 0x00000000e7500000| PB 0x00000000e7500000| Complete 
| 118|0x00000000e7600000, 0x00000000e7700000, 0x00000000e7700000|100%| E|CS|TAMS 0x00000000e7600000| PB 0x00000000e7600000| Complete 
| 119|0x00000000e7700000, 0x00000000e7800000, 0x00000000e7800000|100%| E|CS|TAMS 0x00000000e7700000| PB 0x00000000e7700000| Complete 
| 120|0x00000000e7800000, 0x00000000e7900000, 0x00000000e7900000|100%| E|CS|TAMS 0x00000000e7800000| PB 0x00000000e7800000| Complete 
| 121|0x00000000e7900000, 0x00000000e7a00000, 0x00000000e7a00000|100%| E|CS|TAMS 0x00000000e7900000| PB 0x00000000e7900000| Complete 
| 122|0x00000000e7a00000, 0x00000000e7b00000, 0x00000000e7b00000|100%| E|CS|TAMS 0x00000000e7a00000| PB 0x00000000e7a00000| Complete 
| 123|0x00000000e7b00000, 0x00000000e7c00000, 0x00000000e7c00000|100%| E|CS|TAMS 0x00000000e7b00000| PB 0x00000000e7b00000| Complete 

Card table byte_map: [0x000002c07d590000,0x000002c07d690000] _byte_map_base: 0x000002c07ce90000

Marking Bits: (CMBitMap*) 0x000002c07d4e0ea0
 Bits: [0x000002c07d690000, 0x000002c07de90000)

Polling page: 0x000002c07b370000

Metaspace:

Usage:
  Non-class:      9.67 MB used.
      Class:      1.32 MB used.
       Both:     10.98 MB used.

Virtual space:
  Non-class space:       64.00 MB reserved,       9.81 MB ( 15%) committed,  1 nodes.
      Class space:        1.00 GB reserved,       1.50 MB ( <1%) committed,  1 nodes.
             Both:        1.06 GB reserved,      11.31 MB (  1%) committed. 

Chunk freelists:
   Non-Class:  5.72 MB
       Class:  14.55 MB
        Both:  20.27 MB

MaxMetaspaceSize: unlimited
CompressedClassSpaceSize: 1.00 GB
Initial GC threshold: 21.00 MB
Current GC threshold: 21.00 MB
CDS: on
 - commit_granule_bytes: 65536.
 - commit_granule_words: 8192.
 - virtual_space_node_default_size: 8388608.
 - enlarge_chunks_in_place: 1.
 - use_allocation_guard: 0.


Internal statistics:

num_allocs_failed_limit: 0.
num_arena_births: 332.
num_arena_deaths: 0.
num_vsnodes_births: 2.
num_vsnodes_deaths: 0.
num_space_committed: 181.
num_space_uncommitted: 0.
num_chunks_returned_to_freelist: 0.
num_chunks_taken_from_freelist: 706.
num_chunk_merges: 0.
num_chunk_splits: 425.
num_chunks_enlarged: 254.
num_inconsistent_stats: 0.

CodeHeap 'non-profiled nmethods': size=120000Kb used=1048Kb max_used=1048Kb free=118951Kb
 bounds [0x000002c00fe80000, 0x000002c0100f0000, 0x000002c0173b0000]
CodeHeap 'profiled nmethods': size=120000Kb used=5521Kb max_used=5521Kb free=114478Kb
 bounds [0x000002c0083b0000, 0x000002c008920000, 0x000002c00f8e0000]
CodeHeap 'non-nmethods': size=5760Kb used=1400Kb max_used=1465Kb free=4359Kb
 bounds [0x000002c00f8e0000, 0x000002c00fb50000, 0x000002c00fe80000]
 total_blobs=2929 nmethods=2435 adapters=398
 compilation: enabled
              stopped_count=0, restarted_count=0
 full_count=0

Compilation events (20 events):
Event: 2.407 Thread 0x000002c01783bc20 2324       3       java.util.stream.ReduceOps$3::makeSink (20 bytes)
Event: 2.407 Thread 0x000002c01783bc20 nmethod 2324 0x000002c0088f0610 code [0x000002c0088f07c0, 0x000002c0088f0b60]
Event: 2.407 Thread 0x000002c01783bc20 2325       3       java.util.stream.ReduceOps$3ReducingSink::<init> (20 bytes)
Event: 2.407 Thread 0x000002c01783bc20 nmethod 2325 0x000002c0088f0c90 code [0x000002c0088f0e40, 0x000002c0088f1118]
Event: 2.407 Thread 0x000002c01783bc20 2326       3       java.util.stream.ReduceOps$Box::<init> (5 bytes)
Event: 2.408 Thread 0x000002c01783bc20 nmethod 2326 0x000002c0088f1210 code [0x000002c0088f13a0, 0x000002c0088f1508]
Event: 2.409 Thread 0x000002c01783bc20 2327       3       org.junit.platform.commons.util.ReflectionUtils$$Lambda/0x000002c019111770::test (8 bytes)
Event: 2.410 Thread 0x000002c01783bc20 nmethod 2327 0x000002c0088f1610 code [0x000002c0088f17e0, 0x000002c0088f1b48]
Event: 2.410 Thread 0x000002c01783bc20 2328       3       java.lang.reflect.Method::isDefault (28 bytes)
Event: 2.410 Thread 0x000002c01783bc20 nmethod 2328 0x000002c0088f1c90 code [0x000002c0088f1e40, 0x000002c0088f2040]
Event: 2.410 Thread 0x000002c01783bc20 2329       3       java.util.stream.Collectors$$Lambda/0x000002c0190e3808::accept (11 bytes)
Event: 2.410 Thread 0x000002c01783bc20 nmethod 2329 0x000002c0088f2110 code [0x000002c0088f22c0, 0x000002c0088f25a8]
Event: 2.410 Thread 0x000002c01783bc20 2330   !   3       jdk.proxy3.$Proxy11::annotationType (29 bytes)
Event: 2.410 Thread 0x000002c01783bc20 nmethod 2330 0x000002c0088f2690 code [0x000002c0088f2860, 0x000002c0088f2c60]
Event: 2.411 Thread 0x000002c01783bc20 2332       3       org.junit.platform.engine.support.hierarchical.ThrowableCollector::$jacocoInit (52 bytes)
Event: 2.411 Thread 0x000002c01783bc20 nmethod 2332 0x000002c0088f2e10 code [0x000002c0088f3020, 0x000002c0088f3990]
Event: 2.411 Thread 0x000002c01783bc20 2333       3       org.gradle.api.internal.tasks.testing.junitplatform.JUnitPlatformTestExecutionListener::$jacocoInit (54 bytes)
Event: 2.412 Thread 0x000002c01783bc20 nmethod 2333 0x000002c0088f3b90 code [0x000002c0088f3dc0, 0x000002c0088f48b8]
Event: 2.412 Thread 0x000002c01783bc20 2334       3       org.junit.platform.launcher.TestIdentifier::$jacocoInit (52 bytes)
Event: 2.412 Thread 0x000002c01783bc20 nmethod 2334 0x000002c0088f4b10 code [0x000002c0088f4d20, 0x000002c0088f5690]

GC Heap History (4 events):
Event: 0.681 GC heap before
{Heap before GC invocations=0 (full 0):
 garbage-first heap   total 126976K, used 12288K [0x00000000e0000000, 0x0000000100000000)
  region size 1024K, 13 young (13312K), 0 survivors (0K)
 Metaspace       used 2892K, committed 3136K, reserved 1114112K
  class space    used 273K, committed 384K, reserved 1048576K
}
Event: 0.687 GC heap after
{Heap after GC invocations=1 (full 0):
 garbage-first heap   total 126976K, used 2464K [0x00000000e0000000, 0x0000000100000000)
  region size 1024K, 2 young (2048K), 2 survivors (2048K)
 Metaspace       used 2892K, committed 3136K, reserved 1114112K
  class space    used 273K, committed 384K, reserved 1048576K
}
Event: 1.201 GC heap before
{Heap before GC invocations=1 (full 0):
 garbage-first heap   total 126976K, used 21920K [0x00000000e0000000, 0x0000000100000000)
  region size 1024K, 21 young (21504K), 2 survivors (2048K)
 Metaspace       used 5240K, committed 5504K, reserved 1114112K
  class space    used 557K, committed 704K, reserved 1048576K
}
Event: 1.209 GC heap after
{Heap after GC invocations=2 (full 0):
 garbage-first heap   total 126976K, used 4262K [0x00000000e0000000, 0x0000000100000000)
  region size 1024K, 2 young (2048K), 2 survivors (2048K)
 Metaspace       used 5240K, committed 5504K, reserved 1114112K
  class space    used 557K, committed 704K, reserved 1048576K
}

Dll operation events (11 events):
Event: 0.009 Loaded shared library C:\Program Files\Java\jdk-21\bin\java.dll
Event: 0.054 Loaded shared library C:\Program Files\Java\jdk-21\bin\jsvml.dll
Event: 0.146 Loaded shared library C:\Program Files\Java\jdk-21\bin\zip.dll
Event: 0.151 Loaded shared library C:\Program Files\Java\jdk-21\bin\instrument.dll
Event: 0.157 Loaded shared library C:\Program Files\Java\jdk-21\bin\net.dll
Event: 0.160 Loaded shared library C:\Program Files\Java\jdk-21\bin\nio.dll
Event: 0.167 Loaded shared library C:\Program Files\Java\jdk-21\bin\zip.dll
Event: 0.189 Loaded shared library C:\Program Files\Java\jdk-21\bin\verify.dll
Event: 0.234 Loaded shared library C:\Program Files\Java\jdk-21\bin\jimage.dll
Event: 1.214 Loaded shared library C:\Program Files\Java\jdk-21\bin\extnet.dll
Event: 1.422 Loaded shared library C:\Program Files\Java\jdk-21\bin\sunmscapi.dll

Deoptimization events (20 events):
Event: 2.088 Thread 0x000002c07b421b50 DEOPT PACKING pc=0x000002c0084148c9 sp=0x000000f367af9be0
Event: 2.088 Thread 0x000002c07b421b50 DEOPT UNPACKING pc=0x000002c00f934e42 sp=0x000000f367af9058 mode 0
Event: 2.131 Thread 0x000002c07b421b50 Uncommon trap: trap_request=0xffffffde fr.pc=0x000002c00ff3642c relative=0x000000000000026c
Event: 2.131 Thread 0x000002c07b421b50 Uncommon trap: reason=class_check action=maybe_recompile pc=0x000002c00ff3642c method=java.util.regex.Matcher.match(II)Z @ 121 c2
Event: 2.131 Thread 0x000002c07b421b50 DEOPT PACKING pc=0x000002c00ff3642c sp=0x000000f367afd4a0
Event: 2.131 Thread 0x000002c07b421b50 DEOPT UNPACKING pc=0x000002c00f9346a2 sp=0x000000f367afd418 mode 2
Event: 2.131 Thread 0x000002c07b421b50 Uncommon trap: trap_request=0xffffffde fr.pc=0x000002c00ff3642c relative=0x000000000000026c
Event: 2.131 Thread 0x000002c07b421b50 Uncommon trap: reason=class_check action=maybe_recompile pc=0x000002c00ff3642c method=java.util.regex.Matcher.match(II)Z @ 121 c2
Event: 2.131 Thread 0x000002c07b421b50 DEOPT PACKING pc=0x000002c00ff3642c sp=0x000000f367afd4a0
Event: 2.131 Thread 0x000002c07b421b50 DEOPT UNPACKING pc=0x000002c00f9346a2 sp=0x000000f367afd418 mode 2
Event: 2.131 Thread 0x000002c07b421b50 Uncommon trap: trap_request=0xffffffde fr.pc=0x000002c00ff3642c relative=0x000000000000026c
Event: 2.131 Thread 0x000002c07b421b50 Uncommon trap: reason=class_check action=maybe_recompile pc=0x000002c00ff3642c method=java.util.regex.Matcher.match(II)Z @ 121 c2
Event: 2.131 Thread 0x000002c07b421b50 DEOPT PACKING pc=0x000002c00ff3642c sp=0x000000f367afd4a0
Event: 2.131 Thread 0x000002c07b421b50 DEOPT UNPACKING pc=0x000002c00f9346a2 sp=0x000000f367afd418 mode 2
Event: 2.259 Thread 0x000002c07b421b50 DEOPT PACKING pc=0x000002c00858cda0 sp=0x000000f367afab90
Event: 2.259 Thread 0x000002c07b421b50 DEOPT UNPACKING pc=0x000002c00f934e42 sp=0x000000f367afa090 mode 0
Event: 2.322 Thread 0x000002c07b421b50 Uncommon trap: trap_request=0xffffff45 fr.pc=0x000002c00ff282dc relative=0x0000000000000f9c
Event: 2.322 Thread 0x000002c07b421b50 Uncommon trap: reason=unstable_if action=reinterpret pc=0x000002c00ff282dc method=org.jacoco.agent.rt.internal_4481564.asm.Frame.getAbstractTypeFromDescriptor(Lorg/jacoco/agent/rt/internal_4481564/asm/SymbolTable;Ljava/lang/String;I)I @ 5 c2
Event: 2.322 Thread 0x000002c07b421b50 DEOPT PACKING pc=0x000002c00ff282dc sp=0x000000f367af8db0
Event: 2.322 Thread 0x000002c07b421b50 DEOPT UNPACKING pc=0x000002c00f9346a2 sp=0x000000f367af8d80 mode 2

Classes loaded (20 events):
Event: 2.208 Loading class java/lang/reflect/Executable$ParameterData
Event: 2.208 Loading class java/lang/reflect/Executable$ParameterData done
Event: 2.236 Loading class java/util/function/BooleanSupplier
Event: 2.236 Loading class java/util/function/BooleanSupplier done
Event: 2.241 Loading class sun/invoke/util/VerifyAccess$1
Event: 2.241 Loading class sun/invoke/util/VerifyAccess$1 done
Event: 2.287 Loading class java/util/ArrayList$ListItr
Event: 2.287 Loading class java/util/ArrayList$ListItr done
Event: 2.306 Loading class java/time/format/DateTimeParseException
Event: 2.307 Loading class java/time/DateTimeException
Event: 2.307 Loading class java/time/DateTimeException done
Event: 2.307 Loading class java/time/format/DateTimeParseException done
Event: 2.321 Loading class java/nio/charset/CharacterCodingException
Event: 2.321 Loading class java/nio/charset/CharacterCodingException done
Event: 2.349 Loading class java/util/concurrent/ConcurrentHashMap$EntrySpliterator
Event: 2.349 Loading class java/util/concurrent/ConcurrentHashMap$EntrySpliterator done
Event: 2.355 Loading class java/util/Collections$ReverseComparator
Event: 2.355 Loading class java/util/Collections$ReverseComparator done
Event: 2.355 Loading class java/util/Collections$ReverseComparator2
Event: 2.355 Loading class java/util/Collections$ReverseComparator2 done

Classes unloaded (0 events):
No events

Classes redefined (0 events):
No events

Internal exceptions (20 events):
Event: 1.925 Thread 0x000002c07b421b50 Exception <a 'java/lang/NoSuchMethodError'{0x00000000e53a3420}: 'java.lang.Object java.lang.invoke.DirectMethodHandle$Holder.invokeSpecialIFC(java.lang.Object, java.lang.Object, java.lang.Object, java.lang.Object)'> (0x00000000e53a3420) 
thrown [s\open\src\hotspot\share\interpreter\linkResolver.cpp, line 773]
Event: 1.931 Thread 0x000002c07b421b50 Exception <a 'java/lang/NoSuchMethodError'{0x00000000e53c6650}: 'java.lang.Object java.lang.invoke.DirectMethodHandle$Holder.invokeInterface(java.lang.Object, java.lang.Object, java.lang.Object)'> (0x00000000e53c6650) 
thrown [s\open\src\hotspot\share\interpreter\linkResolver.cpp, line 773]
Event: 1.983 Thread 0x000002c07b421b50 Exception <a 'java/lang/NoSuchMethodError'{0x00000000e51a0a50}: 'java.lang.Object java.lang.invoke.DirectMethodHandle$Holder.newInvokeSpecial(java.lang.Object, java.lang.Object, java.lang.Object, java.lang.Object, java.lang.Object, java.lang.Object)'> (0x00000000e51a0a50) 
thrown [s\open\src\hotspot\share\interpreter\linkResolver.cpp, line 773]
Event: 1.997 Thread 0x000002c07b421b50 Exception <a 'java/lang/NoSuchMethodError'{0x00000000e50a4cf0}: 'void java.lang.invoke.DirectMethodHandle$Holder.invokeInterface(java.lang.Object, java.lang.Object, java.lang.Object, java.lang.Object, java.lang.Object)'> (0x00000000e50a4cf0) 
thrown [s\open\src\hotspot\share\interpreter\linkResolver.cpp, line 773]
Event: 1.997 Thread 0x000002c07b421b50 Exception <a 'java/lang/IncompatibleClassChangeError'{0x00000000e50a8990}: Found class java.lang.Object, but interface was expected> (0x00000000e50a8990) 
thrown [s\open\src\hotspot\share\interpreter\linkResolver.cpp, line 840]
Event: 2.017 Thread 0x000002c07b421b50 Exception <a 'java/lang/IncompatibleClassChangeError'{0x00000000e4f2b700}: Found class java.lang.Object, but interface was expected> (0x00000000e4f2b700) 
thrown [s\open\src\hotspot\share\interpreter\linkResolver.cpp, line 840]
Event: 2.038 Thread 0x000002c07b421b50 Exception <a 'java/lang/NoSuchMethodError'{0x00000000e4fe79d0}: 'void java.lang.invoke.DirectMethodHandle$Holder.invokeSpecial(java.lang.Object, java.lang.Object, java.lang.Object, java.lang.Object, java.lang.Object)'> (0x00000000e4fe79d0) 
thrown [s\open\src\hotspot\share\interpreter\linkResolver.cpp, line 773]
Event: 2.065 Thread 0x000002c07b421b50 Exception <a 'java/lang/NoSuchMethodError'{0x00000000e4ef22c0}: 'void java.lang.invoke.DirectMethodHandle$Holder.invokeInterface(java.lang.Object, java.lang.Object, java.lang.Object, java.lang.Object)'> (0x00000000e4ef22c0) 
thrown [s\open\src\hotspot\share\interpreter\linkResolver.cpp, line 773]
Event: 2.065 Thread 0x000002c07b421b50 Exception <a 'java/lang/IncompatibleClassChangeError'{0x00000000e4ef5718}: Found class java.lang.Object, but interface was expected> (0x00000000e4ef5718) 
thrown [s\open\src\hotspot\share\interpreter\linkResolver.cpp, line 840]
Event: 2.098 Thread 0x000002c07b421b50 Exception <a 'java/lang/NoSuchMethodError'{0x00000000e4c8e490}: 'int java.lang.invoke.DirectMethodHandle$Holder.invokeStatic(java.lang.Object, java.lang.Object, java.lang.Object, java.lang.Object)'> (0x00000000e4c8e490) 
thrown [s\open\src\hotspot\share\interpreter\linkResolver.cpp, line 773]
Event: 2.099 Thread 0x000002c07b421b50 Exception <a 'java/lang/NoSuchMethodError'{0x00000000e4c91b10}: 'java.lang.Object java.lang.invoke.Invokers$Holder.invokeExact_MT(java.lang.Object, java.lang.Object, java.lang.Object, java.lang.Object, java.lang.Object, java.lang.Object)'> (0x00000000e4c91b10) 
thrown [s\open\src\hotspot\share\interpreter\linkResolver.cpp, line 773]
Event: 2.101 Thread 0x000002c07b421b50 Exception <a 'java/lang/NoSuchMethodError'{0x00000000e4c9fca8}: 'int java.lang.invoke.DirectMethodHandle$Holder.invokeStatic(java.lang.Object, java.lang.Object, java.lang.Object, java.lang.Object, java.lang.Object)'> (0x00000000e4c9fca8) 
thrown [s\open\src\hotspot\share\interpreter\linkResolver.cpp, line 773]
Event: 2.124 Thread 0x000002c07b421b50 Exception <a 'java/lang/NoSuchMethodError'{0x00000000e4b921f8}: 'void java.lang.invoke.DirectMethodHandle$Holder.invokeStaticInit(java.lang.Object)'> (0x00000000e4b921f8) 
thrown [s\open\src\hotspot\share\interpreter\linkResolver.cpp, line 773]
Event: 2.172 Thread 0x000002c07b421b50 Exception <a 'java/lang/NoSuchMethodError'{0x00000000e482f780}: 'void java.lang.invoke.DirectMethodHandle$Holder.invokeStaticInit(java.lang.Object, java.lang.Object, java.lang.Object, java.lang.Object)'> (0x00000000e482f780) 
thrown [s\open\src\hotspot\share\interpreter\linkResolver.cpp, line 773]
Event: 2.194 Thread 0x000002c07b421b50 Exception <a 'java/lang/NoSuchMethodError'{0x00000000e473b228}: 'int java.lang.invoke.DirectMethodHandle$Holder.invokeStaticInit(java.lang.Object, java.lang.Object)'> (0x00000000e473b228) 
thrown [s\open\src\hotspot\share\interpreter\linkResolver.cpp, line 773]
Event: 2.276 Thread 0x000002c07b421b50 Exception <a 'java/lang/NoSuchMethodError'{0x00000000e4580970}: 'java.lang.Object java.lang.invoke.DirectMethodHandle$Holder.newInvokeSpecial(java.lang.Object, java.lang.Object, java.lang.Object, java.lang.Object, java.lang.Object, java.lang.Object, java.lang.Object)'> (0x00000000e4580970) 
thrown [s\open\src\hotspot\share\interpreter\linkResolver.cpp, line 773]
Event: 2.279 Thread 0x000002c07b421b50 Exception <a 'java/lang/NoSuchMethodError'{0x00000000e4599fa8}: 'java.lang.Object java.lang.invoke.DirectMethodHandle$Holder.invokeInterface(java.lang.Object, java.lang.Object, java.lang.Object, java.lang.Object, java.lang.Object)'> (0x00000000e4599fa8) 
thrown [s\open\src\hotspot\share\interpreter\linkResolver.cpp, line 773]
Event: 2.279 Thread 0x000002c07b421b50 Exception <a 'java/lang/IncompatibleClassChangeError'{0x00000000e459dad0}: Found class java.lang.Object, but interface was expected> (0x00000000e459dad0) 
thrown [s\open\src\hotspot\share\interpreter\linkResolver.cpp, line 840]
Event: 2.310 Thread 0x000002c07b421b50 Exception <a 'java/lang/NoSuchMethodError'{0x00000000e4304e60}: 'void java.lang.invoke.DirectMethodHandle$Holder.invokeVirtual(java.lang.Object, java.lang.Object)'> (0x00000000e4304e60) 
thrown [s\open\src\hotspot\share\interpreter\linkResolver.cpp, line 773]
Event: 2.401 Thread 0x000002c07b421b50 Exception <a 'java/lang/NoSuchMethodError'{0x00000000e3f71b60}: 'void java.lang.invoke.DirectMethodHandle$Holder.invokeSpecial(java.lang.Object, java.lang.Object, java.lang.Object, java.lang.Object, java.lang.Object, java.lang.Object, java.lang.Object)'> (0x00000000e3f71b60) 
thrown [s\open\src\hotspot\share\interpreter\linkResolver.cpp, line 773]

ZGC Phase Switch (0 events):
No events

VM Operations (20 events):
Event: 1.177 Executing VM operation: HandshakeAllThreads (Deoptimize)
Event: 1.177 Executing VM operation: HandshakeAllThreads (Deoptimize) done
Event: 1.201 Executing VM operation: G1CollectForAllocation (G1 Evacuation Pause)
Event: 1.209 Executing VM operation: G1CollectForAllocation (G1 Evacuation Pause) done
Event: 1.381 Executing VM operation: HandshakeAllThreads (Deoptimize)
Event: 1.381 Executing VM operation: HandshakeAllThreads (Deoptimize) done
Event: 1.382 Executing VM operation: HandshakeAllThreads (Deoptimize)
Event: 1.382 Executing VM operation: HandshakeAllThreads (Deoptimize) done
Event: 1.524 Executing VM operation: HandshakeAllThreads (Deoptimize)
Event: 1.524 Executing VM operation: HandshakeAllThreads (Deoptimize) done
Event: 1.665 Executing VM operation: HandshakeAllThreads (Deoptimize)
Event: 1.665 Executing VM operation: HandshakeAllThreads (Deoptimize) done
Event: 1.694 Executing VM operation: ICBufferFull
Event: 1.694 Executing VM operation: ICBufferFull done
Event: 2.112 Executing VM operation: HandshakeAllThreads (Deoptimize)
Event: 2.112 Executing VM operation: HandshakeAllThreads (Deoptimize) done
Event: 2.288 Executing VM operation: HandshakeAllThreads (Deoptimize)
Event: 2.288 Executing VM operation: HandshakeAllThreads (Deoptimize) done
Event: 2.387 Executing VM operation: ICBufferFull
Event: 2.387 Executing VM operation: ICBufferFull done

Events (15 events):
Event: 0.028 Thread 0x000002c07b421b50 Thread added: 0x000002c07b421b50
Event: 0.050 Thread 0x000002c01781fde0 Thread added: 0x000002c01781fde0
Event: 0.050 Thread 0x000002c017820d00 Thread added: 0x000002c017820d00
Event: 0.050 Thread 0x000002c017832930 Thread added: 0x000002c017832930
Event: 0.051 Thread 0x000002c017833610 Thread added: 0x000002c017833610
Event: 0.051 Thread 0x000002c017834480 Thread added: 0x000002c017834480
Event: 0.051 Thread 0x000002c017834ee0 Thread added: 0x000002c017834ee0
Event: 0.051 Thread 0x000002c01783b180 Thread added: 0x000002c01783b180
Event: 0.051 Thread 0x000002c01783bc20 Thread added: 0x000002c01783bc20
Event: 0.106 Thread 0x000002c017a5ebc0 Thread added: 0x000002c017a5ebc0
Event: 0.374 Thread 0x000002c017dc6e10 Thread added: 0x000002c017dc6e10
Event: 0.723 Thread 0x000002c05d7e4740 Thread added: 0x000002c05d7e4740
Event: 1.382 Thread 0x000002c05d6b6e60 Thread added: 0x000002c05d6b6e60
Event: 1.580 Thread 0x000002c05e657410 Thread added: 0x000002c05e657410
Event: 1.582 Thread 0x000002c05e89fe00 Thread added: 0x000002c05e89fe00


Dynamic libraries:
0x00007ff6934f0000 - 0x00007ff693500000 	C:\Program Files\Java\jdk-21\bin\java.exe
0x00007ffdcb0b0000 - 0x00007ffdcb2a8000 	C:\Windows\SYSTEM32\ntdll.dll
0x00007ffdc91c0000 - 0x00007ffdc927f000 	C:\Windows\System32\KERNEL32.DLL
0x00007ffdc8880000 - 0x00007ffdc8b76000 	C:\Windows\System32\KERNELBASE.dll
0x00007ffdc8d00000 - 0x00007ffdc8e00000 	C:\Windows\System32\ucrtbase.dll
0x00007ffdbf2f0000 - 0x00007ffdbf309000 	C:\Program Files\Java\jdk-21\bin\jli.dll
0x00007ffdbddb0000 - 0x00007ffdbddcb000 	C:\Program Files\Java\jdk-21\bin\VCRUNTIME140.dll
0x00007ffdca160000 - 0x00007ffdca20f000 	C:\Windows\System32\ADVAPI32.dll
0x00007ffdc99f0000 - 0x00007ffdc9a8e000 	C:\Windows\System32\msvcrt.dll
0x00007ffdc9d70000 - 0x00007ffdc9e0c000 	C:\Windows\System32\sechost.dll
0x00007ffdca030000 - 0x00007ffdca156000 	C:\Windows\System32\RPCRT4.dll
0x00007ffdc9e90000 - 0x00007ffdca02d000 	C:\Windows\System32\USER32.dll
0x00007ffdc8c20000 - 0x00007ffdc8c42000 	C:\Windows\System32\win32u.dll
0x00007ffdcaf80000 - 0x00007ffdcafac000 	C:\Windows\System32\GDI32.dll
0x00007ffdc7b90000 - 0x00007ffdc7e2a000 	C:\Windows\WinSxS\amd64_microsoft.windows.common-controls_6595b64144ccf1df_6.0.19041.1110_none_60b5254171f9507e\COMCTL32.dll
0x00007ffdc8ff0000 - 0x00007ffdc9105000 	C:\Windows\System32\gdi32full.dll
0x00007ffdc8b80000 - 0x00007ffdc8c1d000 	C:\Windows\System32\msvcp_win.dll
0x00007ffdbfea0000 - 0x00007ffdbfeaa000 	C:\Windows\SYSTEM32\VERSION.dll
0x00007ffdca210000 - 0x00007ffdca240000 	C:\Windows\System32\IMM32.DLL
0x00007ffdbdda0000 - 0x00007ffdbddac000 	C:\Program Files\Java\jdk-21\bin\vcruntime140_1.dll
0x00007ffda6100000 - 0x00007ffda618e000 	C:\Program Files\Java\jdk-21\bin\msvcp140.dll
0x00007ffd994a0000 - 0x00007ffd9a1b3000 	C:\Program Files\Java\jdk-21\bin\server\jvm.dll
0x00007ffdc9cf0000 - 0x00007ffdc9d5b000 	C:\Windows\System32\WS2_32.dll
0x00007ffdc83b0000 - 0x00007ffdc83fb000 	C:\Windows\SYSTEM32\POWRPROF.dll
0x00007ffda1480000 - 0x00007ffda14a7000 	C:\Windows\SYSTEM32\WINMM.dll
0x00007ffdc7f20000 - 0x00007ffdc7f32000 	C:\Windows\SYSTEM32\UMPDC.dll
0x00007ffdc62e0000 - 0x00007ffdc62f2000 	C:\Windows\SYSTEM32\kernel.appcore.dll
0x00007ffdbdd90000 - 0x00007ffdbdd9a000 	C:\Program Files\Java\jdk-21\bin\jimage.dll
0x00007ffdc81c0000 - 0x00007ffdc83a4000 	C:\Windows\SYSTEM32\DBGHELP.DLL
0x00007ffdc7f60000 - 0x00007ffdc7f94000 	C:\Windows\SYSTEM32\dbgcore.DLL
0x00007ffdc8f60000 - 0x00007ffdc8fe2000 	C:\Windows\System32\bcryptPrimitives.dll
0x00007ffdb3fc0000 - 0x00007ffdb3fcf000 	C:\Program Files\Java\jdk-21\bin\instrument.dll
0x00007ffdb3fa0000 - 0x00007ffdb3fbf000 	C:\Program Files\Java\jdk-21\bin\java.dll
0x00007ffdca2d0000 - 0x00007ffdcaa14000 	C:\Windows\System32\SHELL32.dll
0x00007ffdc5b30000 - 0x00007ffdc62c3000 	C:\Windows\SYSTEM32\windows.storage.dll
0x00007ffdc9280000 - 0x00007ffdc95d4000 	C:\Windows\System32\combase.dll
0x00007ffdc7af0000 - 0x00007ffdc7b1e000 	C:\Windows\SYSTEM32\Wldp.dll
0x00007ffdc9110000 - 0x00007ffdc91bd000 	C:\Windows\System32\SHCORE.dll
0x00007ffdcb010000 - 0x00007ffdcb065000 	C:\Windows\System32\shlwapi.dll
0x00007ffdc86d0000 - 0x00007ffdc86ef000 	C:\Windows\SYSTEM32\profapi.dll
0x00007ffda5e30000 - 0x00007ffda5f07000 	C:\Program Files\Java\jdk-21\bin\jsvml.dll
0x00007ffdb3bd0000 - 0x00007ffdb3be8000 	C:\Program Files\Java\jdk-21\bin\zip.dll
0x00007ffdb3f90000 - 0x00007ffdb3fa0000 	C:\Program Files\Java\jdk-21\bin\net.dll
0x00007ffdbd690000 - 0x00007ffdbd79a000 	C:\Windows\SYSTEM32\WINHTTP.dll
0x00007ffdc79c0000 - 0x00007ffdc7a2a000 	C:\Windows\system32\mswsock.dll
0x00007ffdb37e0000 - 0x00007ffdb37f6000 	C:\Program Files\Java\jdk-21\bin\nio.dll
0x00007ffdb4260000 - 0x00007ffdb4270000 	C:\Program Files\Java\jdk-21\bin\verify.dll
0x00007ffdc25d0000 - 0x00007ffdc25e7000 	C:\Windows\system32\napinsp.dll
0x00007ffdc25b0000 - 0x00007ffdc25cb000 	C:\Windows\system32\pnrpnsp.dll
0x00007ffda1d00000 - 0x00007ffda1d15000 	C:\Windows\system32\wshbth.dll
0x00007ffdc3370000 - 0x00007ffdc338d000 	C:\Windows\system32\NLAapi.dll
0x00007ffdc7540000 - 0x00007ffdc757c000 	C:\Windows\SYSTEM32\IPHLPAPI.DLL
0x00007ffdc7580000 - 0x00007ffdc764b000 	C:\Windows\SYSTEM32\DNSAPI.dll
0x00007ffdc9d60000 - 0x00007ffdc9d68000 	C:\Windows\System32\NSI.dll
0x00007ffdc20e0000 - 0x00007ffdc20f2000 	C:\Windows\System32\winrnr.dll
0x00007ffdb5300000 - 0x00007ffdb530a000 	C:\Windows\System32\rasadhlp.dll
0x00007ffdb5340000 - 0x00007ffdb53c2000 	C:\Windows\System32\fwpuclnt.dll
0x00007ffdc8850000 - 0x00007ffdc8877000 	C:\Windows\System32\bcrypt.dll
0x00007ffdc65c0000 - 0x00007ffdc65c9000 	C:\Program Files\Java\jdk-21\bin\extnet.dll
0x00007ffdc65b0000 - 0x00007ffdc65be000 	C:\Program Files\Java\jdk-21\bin\sunmscapi.dll
0x00007ffdc8e00000 - 0x00007ffdc8f5e000 	C:\Windows\System32\CRYPT32.dll
0x00007ffdc7b60000 - 0x00007ffdc7b88000 	C:\Windows\SYSTEM32\ncrypt.dll
0x00007ffdc7b20000 - 0x00007ffdc7b5b000 	C:\Windows\SYSTEM32\NTASN1.dll
0x00007ffdbf500000 - 0x00007ffdbf507000 	C:\Windows\system32\wshunix.dll
0x00007ffdc8520000 - 0x00007ffdc8538000 	C:\Windows\SYSTEM32\CRYPTSP.dll
0x00007ffdc71d0000 - 0x00007ffdc7204000 	C:\Windows\system32\rsaenh.dll
0x00007ffdc8690000 - 0x00007ffdc86be000 	C:\Windows\SYSTEM32\USERENV.dll
0x00007ffdc7ab0000 - 0x00007ffdc7abc000 	C:\Windows\SYSTEM32\CRYPTBASE.dll

dbghelp: loaded successfully - version: 4.0.5 - missing functions: none
symbol engine: initialized successfully - sym options: 0x614 - pdb path: .;C:\Program Files\Java\jdk-21\bin;C:\Windows\SYSTEM32;C:\Windows\WinSxS\amd64_microsoft.windows.common-controls_6595b64144ccf1df_6.0.19041.1110_none_60b5254171f9507e;C:\Program Files\Java\jdk-21\bin\server

VM Arguments:
jvm_args: -Dorg.gradle.internal.worker.tmpdir=C:\Users\bayes\Downloads\Projet_classe_kata-main\build\tmp\test\work -Dorg.gradle.native=false -javaagent:C:\Users\bayes\Downloads\Projet_classe_kata-main\build\tmp\.cache\expanded\zip_0bd0851504e6286cb5fc6f37a81e25cc\jacocoagent.jar=destfile=build/jacoco/test.exec,append=true,inclnolocationclasses=false,dumponexit=true,output=file,jmx=false -Xmx512m -Dfile.encoding=UTF-8 -Duser.country=FR -Duser.language=fr -Duser.variant -ea 
java_command: worker.org.gradle.process.internal.worker.GradleWorkerMain 'Gradle Test Executor 20'
java_class_path (initial): C:\\Users\\bayes\\.gradle\\caches\\8.5\\workerMain\\gradle-worker.jar;C:\\Users\\bayes\\Downloads\\Projet_classe_kata-main\\build\\classes\\java\\test;C:\\Users\\bayes\\Downloads\\Projet_classe_kata-main\\build\\classes\\java\\main;C:\\Users\\bayes\\.gradle\\caches\\modules-2\\files-2.1\\org.hamcrest\\hamcrest\\2.2\\1820c0968dba3a11a1b30669bb1f01978a91dedc\\hamcrest-2.2.jar;C:\\Users\\bayes\\.gradle\\caches\\modules-2\\files-2.1\\org.freemarker\\freemarker\\2.3.30\\86d70d335c7821178f62b554aa3a4bc538a94f1a\\freemarker-2.3.30.jar;C:\\Users\\bayes\\.gradle\\caches\\modules-2\\files-2.1\\org.junit.jupiter\\junit-jupiter-engine\\5.10.0\\90587932d718fc51a48112d33045a18476c542ad\\junit-jupiter-engine-5.10.0.jar;C:\\Users\\bayes\\.gradle\\caches\\modules-2\\files-2.1\\org.junit.jupiter\\junit-jupiter-api\\5.10.0\\2fe4ba3d31d5067878e468c96aa039005a9134d3\\junit-jupiter-api-5.10.0.jar;C:\\Users\\bayes\\.gradle\\caches\\modules-2\\files-2.1\\org.junit.platform\\junit-platform-engine\\1.10.0\\276c4edcf64fabb5a139fa7b4f99330d7a93b804\\junit-platform-engine-1.10.0.jar;C:\\Users\\bayes\\.gradle\\caches\\modules-2\\files-2.1\\org.junit.platform\\junit-platform-commons\\1.10.0\\d533ff2c286eaf963566f92baf5f8a06628d2609\\junit-platform-commons-1.10.0.jar;C:\\Users\\bayes\\.gradle\\caches\\modules-2\\files-2.1\\org.pitest\\pitest-junit5-plugin\\0.12\\6e1ee587a3457b0e7d636a5ce2e554fac62ec99\\pitest-junit5-plugin-0.12.jar;C:\\Users\\bayes\\.gradle\\caches\\modules-2\\files-2.1\\com.approvaltests\\approvaltests\\15.6.0\\b8a1e958f13be5f5c19ba14fa599283acb59bed1\\approvaltests-15.6.0.jar;C:\\Users\\bayes\\.gradle\\caches\\modules-2\\files-2.1\\com.approvaltests\\approvaltests-util\\15.6.0\\f8f896c050cc6e6a5c6b3d9febb677057ee0e31c\\approvaltests-util-15.6.0.jar;C:\\Users\\bayes\\.gradle\\caches\\modules-2\\files-2.1\\org.opentest4j\\opentest4j\\1.3.0\\152ea56b3a72f655d4fd677fc0ef2596c3dd5e6e\\opentest4j-1.3.0.jar;C:\\Users\\bayes\\.gradle\\caches\\modules-2\\files-2.1\\com.sun.mail\\javax.mail\\1.6.2\\935151eb71beff17a2ffac15dd80184a99a0514f\\javax.mail-1.6.2.jar;C:\\Users\\bayes\\.gradle\\caches\\modules-2\\files-2.1\\org.apache.commons\\commons-lang3\\3.12.0\\c6842c86792ff03b9f1d1fe2aab8dc23aa6c6f0e\\commons-lang3-3.12.0.jar;C:\\Users\\bayes\\.gradle\\caches\\modules-2\\files-2.1\\javax.activation\\activation\\1.1\\e6cb541461c2834bdea3eb920f1884d1eb508b50\\activation-1.1.jar
Launcher Type: SUN_STANDARD

[Global flags]
     intx CICompilerCount                          = 3                                         {product} {ergonomic}
     uint ConcGCThreads                            = 1                                         {product} {ergonomic}
     uint G1ConcRefinementThreads                  = 4                                         {product} {ergonomic}
   size_t G1HeapRegionSize                         = 1048576                                   {product} {ergonomic}
    uintx GCDrainStackTargetSize                   = 64                                        {product} {ergonomic}
   size_t InitialHeapSize                          = 130023424                                 {product} {ergonomic}
   size_t MarkStackSize                            = 4194304                                   {product} {ergonomic}
   size_t MaxHeapSize                              = 536870912                                 {product} {command line}
   size_t MaxNewSize                               = 321912832                                 {product} {ergonomic}
   size_t MinHeapDeltaBytes                        = 1048576                                   {product} {ergonomic}
   size_t MinHeapSize                              = 8388608                                   {product} {ergonomic}
    uintx NonNMethodCodeHeapSize                   = 5832780                                {pd product} {ergonomic}
    uintx NonProfiledCodeHeapSize                  = 122912730                              {pd product} {ergonomic}
    uintx ProfiledCodeHeapSize                     = 122912730                              {pd product} {ergonomic}
    uintx ReservedCodeCacheSize                    = 251658240                              {pd product} {ergonomic}
     bool SegmentedCodeCache                       = true                                      {product} {ergonomic}
   size_t SoftMaxHeapSize                          = 536870912                              {manageable} {ergonomic}
     bool UseCompressedOops                        = true                           {product lp64_product} {ergonomic}
     bool UseG1GC                                  = true                                      {product} {ergonomic}
     bool UseLargePagesIndividualAllocation        = false                                  {pd product} {ergonomic}

Logging:
Log output configuration:
 #0: stdout all=warning uptime,level,tags foldmultilines=false
 #1: stderr all=off uptime,level,tags foldmultilines=false

Environment Variables:
JAVA_HOME=C:\Program Files\Java\jdk-21
CLASSPATH=C:\Users\bayes\Downloads\Projet_classe_kata-main\\gradle\wrapper\gradle-wrapper.jar
PATH=C:\Program Files\Eclipse Adoptium\jdk-21.0.4.7-hotspot\bin;C:\Program Files\Common Files\Oracle\Java\javapath;C:\Windows\system32;C:\Windows;C:\Windows\System32\Wbem;C:\Windows\System32\WindowsPowerShell\v1.0\;C:\Windows\System32\OpenSSH\;C:\Program Files\Java\jdk-21;C:\Users\bayes\AppData\Local\Microsoft\WindowsApps;C:\Users\bayes\AppData\Local\Programs\Microsoft VS Code\bin;C:\Program Files\gradle-8.10.2\bin;
USERNAME=bayes
LANG=en_US.UTF-8
OS=Windows_NT
PROCESSOR_IDENTIFIER=Intel64 Family 6 Model 78 Stepping 3, GenuineIntel
TMP=C:\Users\bayes\AppData\Local\Temp
TEMP=C:\Users\bayes\AppData\Local\Temp




Periodic native trim disabled

---------------  S Y S T E M  ---------------

OS:
 Windows 10 , 64 bit Build 19041 (10.0.19041.2913)
OS uptime: 0 days 1:45 hours

CPU: total 4 (initial active 4) (2 cores per cpu, 2 threads per core) family 6 model 78 stepping 3 microcode 0xcc, cx8, cmov, fxsr, ht, mmx, 3dnowpref, sse, sse2, sse3, ssse3, sse4.1, sse4.2, popcnt, lzcnt, tsc, tscinvbit, avx, avx2, aes, erms, clmul, bmi1, bmi2, rtm, adx, fma, vzeroupper, clflush, clflushopt, rdtscp, f16c
Processor Information for all 4 processors :
  Max Mhz: 2496, Current Mhz: 2396, Mhz Limit: 2396

Memory: 4k page, system-wide physical 7854M (1863M free)
TotalPageFile size 15790M (AvailPageFile size 6793M)
current process WorkingSet (physical memory assigned to process): 162M, peak: 162M
current process commit charge ("private bytes"): 249M, peak: 249M

vm_info: Java HotSpot(TM) 64-Bit Server VM (21.0.4+8-LTS-274) for windows-amd64 JRE (21.0.4+8-LTS-274), built on 2024-06-05T05:23:33Z by "mach5one" with MS VC++ 17.6 (VS2022)

END.
