#
# A fatal error has been detected by the Java Runtime Environment:
#
#  EXCEPTION_ACCESS_VIOLATION (0xc0000005) at pc=0x00007ffd64b83356, pid=4176, tid=9916
#
# JRE version: OpenJDK Runtime Environment Temurin-17.0.12+7 (17.0.12+7) (build 17.0.12+7)
# Java VM: OpenJDK 64-Bit Server VM Temurin-17.0.12+7 (17.0.12+7, mixed mode, tiered, compressed oops, compressed class ptrs, parallel gc, windows-amd64)
# Problematic frame:
# V  [jvm.dll+0x6b3356]
#
# No core dump will be written. Minidumps are not enabled by default on client versions of Windows
#
# If you would like to submit a bug report, please visit:
#   https://github.com/adoptium/adoptium-support/issues
#

---------------  S U M M A R Y ------------

Command Line: --add-modules=ALL-SYSTEM --add-opens=java.base/java.util=ALL-UNNAMED --add-opens=java.base/java.lang=ALL-UNNAMED --add-opens=java.base/sun.nio.fs=ALL-UNNAMED -Declipse.application=org.eclipse.jdt.ls.core.id1 -Dosgi.bundles.defaultStartLevel=4 -Declipse.product=org.eclipse.jdt.ls.core.product -Djava.import.generatesMetadataFilesAtProjectRoot=false -DDetectVMInstallationsJob.disabled=true -Dfile.encoding=utf8 -XX:+UseParallelGC -XX:GCTimeRatio=4 -XX:AdaptiveSizePolicyWeight=90 -Dsun.zip.disableMemoryMapping=true -Xmx1G -Xms100m -Xlog:disable -javaagent:c:\Users\bayes\.vscode\extensions\redhat.java-1.35.0-win32-x64\lombok\lombok-1.18.33.jar -XX:+HeapDumpOnOutOfMemoryError -XX:HeapDumpPath=c:\Users\bayes\AppData\Roaming\Code\User\workspaceStorage\168498a9360cd755819b0a706d5edd1a\redhat.java -Daether.dependencyCollector.impl=bf c:\Users\bayes\.vscode\extensions\redhat.java-1.35.0-win32-x64\server\plugins\org.eclipse.equinox.launcher_1.6.900.v20240613-2009.jar -configuration c:\Users\bayes\AppData\Roaming\Code\User\globalStorage\redhat.java\1.35.0\config_win -data c:\Users\bayes\AppData\Roaming\Code\User\workspaceStorage\168498a9360cd755819b0a706d5edd1a\redhat.java\jdt_ws --pipe=\\.\pipe\lsp-4c0a849265df1f479fa8ee8312b6fc2d-sock

Host: Intel(R) Core(TM) i5-6300U CPU @ 2.40GHz, 4 cores, 7G,  Windows 10 , 64 bit Build 19041 (10.0.19041.2913)
Time: Thu Sep 26 22:01:16 2024 Paris, Madrid (heure duild 19041 (10.0.19041.2913) elapsed time: 129.051664 seconds (0d 0h 2m 9s)

---------------  T H R E A D  ---------------

Current thread (0x0000024128a91300):  GCTaskThread "GC Thread#3" [stack: 0x000000d360c00000,0x000000d360d00000] [id=9916]

Stack: [0x000000d360c00000,0x000000d360d00000],  sp=0x000000d360cff500,  free space=1021k
Native frames: (J=compiled Java code, j=interpreted, Vv=VM code, C=native code)
V  [jvm.dll+0x6b3356]
V  [jvm.dll+0x6b36a3]
V  [jvm.dll+0x6b7bb8]
V  [jvm.dll+0x7ea828]
V  [jvm.dll+0x6bb6ed]
V  [jvm.dll+0x864aab]
V  [jvm.dll+0x864af6]
V  [jvm.dll+0x7e65dc]
V  [jvm.dll+0x67e7f7]
C  [ucrtbase.dll+0x21bb2]
C  [KERNEL32.DLL+0x17614]
C  [ntdll.dll+0x526a1]


siginfo: EXCEPTION_ACCESS_VIOLATION (0xc0000005), reading address 0xffffffffffffffff


Registers:
RAX=0x1fffffffe8000800, RBX=0x0000000000004000, RCX=0x0000000000000000, RDX=0x0000024120fc0000
RSP=0x000000d360cff500, RBP=0x0000024123099430, RSI=0x0000000000000003, RDI=0x00000000c7ef3c80
R8 =0x007fffffffa00020, R9 =0x0000000000005ac2, R10=0x00000000c7ef3e58, R11=0x00000000000000fd
R12=0x00000000000003d8, R13=0x000000d360cff6e0, R14=0x00000000c7ef3cac, R15=0x0000000000000000
RIP=0x00007ffd64b83356, EFLAGS=0x0000000000010202


Register to memory mapping:

RIP=0x00007ffd64b83356 jvm.dll
RAX=0x1fffffffe8000800 is an unknown value
RBX=0x0000000000004000 is an unknown value
RCX=0x0 is NULL
RDX=0x0000024120fc0000 points into unknown readable memory: 0x24924924924924a9 | a9 24 49 92 24 49 92 24
RSP=0x000000d360cff500 points into unknown readable memory: 0x00000000c7ef3e58 | 58 3e ef c7 00 00 00 00
RBP=0x0000024123099430 points into unknown readable memory: 0x000002410d0f0150 | 50 01 0f 0d 41 02 00 00
RSI=0x0000000000000003 is an unknown value
RDI=0x00000000c7ef3c80 is pointing into object: [Ljava.lang.Object; 
{0x00000000c7ef3c20} - klass: 'java/lang/Object'[]
 - length: 31
R8 =0x007fffffffa00020 is an unknown value
R9 =0x0000000000005ac2 is an unknown value
R10=0x00000000c7ef3e58 is an oop: org.eclipse.jdt.internal.core.util.SimpleWordSet 
{0x00000000c7ef3e58} - klass: 'org/eclipse/jdt/internal/core/util/SimpleWordSet'
 - ---- fields (total size 3 words):
 - public 'elementSize' 'I' @12  7
 - public 'threshold' 'I' @16  10 (a)
 - public 'words' '[[C' @20  a {type array char}[15] {0x00000000c7ef3e70} (c7ef3e70)
R11=0x00000000000000fd is an unknown value
R12=0x00000000000003d8 is an unknown value
R13=0x000000d360cff6e0 points into unknown readable memory: 0x00007ffd64e84dd0 | d0 4d e8 64 fd 7f 00 00
R14=0x00000000c7ef3cac is pointing into object: [Ljava.lang.Object; 
{0x00000000c7ef3c20} - klass: 'java/lang/Object'[]
 - length: 31
R15=0x0 is NULL


Top of Stack: (sp=0x000000d360cff500)
0x000000d360cff500:   00000000c7ef3e58 00000000c7ef3c78
0x000000d360cff510:   0000000000000000 00007ffd65004810
0x000000d360cff520:   00007ffd65004810 00007ffd64b836a3
0x000000d360cff530:   0000024123099430 00007ffd64deeb80
0x000000d360cff540:   00007ffd64e843d8 0000000000005aba
0x000000d360cff550:   0000000000000000 00007ffd00000000
0x000000d360cff560:   00000241287ba060 00007ffd64cb0001
0x000000d360cff570:   000000d360cff601 00000000c0defcf0
0x000000d360cff580:   00007ffd64deeb80 000002410d10c350
0x000000d360cff590:   0000024100000003 0000024123099430
0x000000d360cff5a0:   0000000000000000 0000000000000000
0x000000d360cff5b0:   00000241287ba060 00000241289ae7d8
0x000000d360cff5c0:   0000024128d334b0 00000241289ae400
0x000000d360cff5d0:   00000241289ae3f0 00007ffd64b87bb8
0x000000d360cff5e0:   0000024123099430 00000241289ae3f0
0x000000d360cff5f0:   00000241289ae400 0000024123099430
0x000000d360cff600:   00007ffd64e84bc8 0000024123099430
0x000000d360cff610:   00007ffd64e27b30 000000d360cff600
0x000000d360cff620:   0000024123046f00 00007ffd646c6fd4
0x000000d360cff630:   0000000000000000 0000000000000001
0x000000d360cff640:   00007ffd64e84bc8 000000d35fdfe5a0
0x000000d360cff650:   000002412bd43558 00007ffd64cba828
0x000000d360cff660:   0000000000000138 000002412bd435f0
0x000000d360cff670:   000000d360cff6e0 0000024123099430
0x000000d360cff680:   000000d35fdfe6e0 00007ffd64b8b6ed
0x000000d360cff690:   0000000000000000 000000d360cff710
0x000000d360cff6a0:   0000024123099430 0000000000000000
0x000000d360cff6b0:   000000d35fdfed80 00000241289ae3f0
0x000000d360cff6c0:   0000000000000002 000000d35fdfe5a0
0x000000d360cff6d0:   00007ffd64e84bc8 0000024123099430
0x000000d360cff6e0:   00007ffd64e84dd0 0000000000000000
0x000000d360cff6f0:   00007ffd64e29c10 000000d360cff6d0 

Instructions: (pc=0x00007ffd64b83356)
0x00007ffd64b83256:   48 8b 74 24 48 48 83 c4 20 5f c3 cc cc cc cc cc
0x00007ffd64b83266:   cc cc cc cc cc cc cc cc cc cc 48 89 5c 24 08 48
0x00007ffd64b83276:   89 6c 24 10 48 89 74 24 18 48 89 7c 24 20 41 56
0x00007ffd64b83286:   48 83 ec 20 80 3d 55 81 4d 00 00 bb 10 00 00 00
0x00007ffd64b83296:   48 8b e9 4d 63 d0 4c 8b da 8b c3 8d 4b fc 0f 84
0x00007ffd64b832a6:   06 01 00 00 44 0f b6 0d 35 81 4d 00 45 84 c9 0f
0x00007ffd64b832b6:   45 c1 4c 63 04 10 49 8b d2 49 8b c0 49 2b c2 41
0x00007ffd64b832c6:   ba 00 08 00 00 49 3b c2 4c 0f 42 d0 b8 18 00 00
0x00007ffd64b832d6:   00 4c 03 d2 45 84 c9 0f 45 c3 49 03 c3 48 8d 3c
0x00007ffd64b832e6:   90 4e 8d 34 90 4d 3b d0 73 0e 4d 8b c2 49 8b d3
0x00007ffd64b832f6:   48 8b cd e8 82 0b 00 00 49 3b fe 0f 83 90 01 00
0x00007ffd64b83306:   00 66 0f 1f 84 00 00 00 00 00 8b 07 85 c0 0f 84
0x00007ffd64b83316:   84 00 00 00 8b 0d c8 bf 46 00 8b d8 48 8b 15 b7
0x00007ffd64b83326:   23 4f 00 48 d3 e3 48 03 1d ad bf 46 00 8b 0d ff
0x00007ffd64b83336:   ce 46 00 48 8b c3 48 2b 02 48 8b 52 10 48 c1 e8
0x00007ffd64b83346:   03 48 d3 e8 4c 8b c0 24 3f 49 c1 e8 06 0f b6 c8
0x00007ffd64b83356:   4a 8b 04 c2 48 0f a3 c8 72 3e 48 8b cb e8 38 97
0x00007ffd64b83366:   95 ff 48 63 f0 48 8d 0d 3e 25 4f 00 4c 8b c6 48
0x00007ffd64b83376:   8b d3 e8 a3 68 fd ff 84 c0 74 1d 4c 8b c6 48 8d
0x00007ffd64b83386:   0d 65 25 4f 00 48 8b d3 e8 1d 2f 00 00 48 8b d3
0x00007ffd64b83396:   48 8b cd e8 42 0a 00 00 48 83 c7 04 49 3b fe 0f
0x00007ffd64b833a6:   82 65 ff ff ff e9 e7 00 00 00 0f b6 15 30 80 4d
0x00007ffd64b833b6:   00 84 d2 48 0f 45 c1 49 8b ca 4e 63 0c 18 49 8b
0x00007ffd64b833c6:   c1 49 2b c2 41 ba 00 08 00 00 49 3b c2 4c 0f 42
0x00007ffd64b833d6:   d0 b8 18 00 00 00 4c 03 d1 84 d2 48 0f 45 c3 49
0x00007ffd64b833e6:   03 c3 48 8d 3c c8 4e 8d 34 d0 4d 3b d1 73 0e 4d
0x00007ffd64b833f6:   8b c2 49 8b d3 48 8b cd e8 7d 0a 00 00 49 3b fe
0x00007ffd64b83406:   0f 83 8b 00 00 00 0f 1f 40 00 48 8b 1f 48 85 db
0x00007ffd64b83416:   74 72 48 8b 15 c1 22 4f 00 48 8b c3 8b 0d 10 ce
0x00007ffd64b83426:   46 00 48 2b 02 48 8b 52 10 48 c1 e8 03 48 d3 e8
0x00007ffd64b83436:   4c 8b c0 24 3f 49 c1 e8 06 0f b6 c8 4a 8b 04 c2
0x00007ffd64b83446:   48 0f a3 c8 72 3e 48 8b cb e8 4c 96 95 ff 48 63 


Stack slot to memory mapping:
stack at sp + 0 slots: 0x00000000c7ef3e58 is an oop: org.eclipse.jdt.internal.core.util.SimpleWordSet 
{0x00000000c7ef3e58} - klass: 'org/eclipse/jdt/internal/core/util/SimpleWordSet'
 - ---- fields (total size 3 words):
 - public 'elementSize' 'I' @12  7
 - public 'threshold' 'I' @16  10 (a)
 - public 'words' '[[C' @20  a {type array char}[15] {0x00000000c7ef3e70} (c7ef3e70)
stack at sp + 1 slots: 0x00000000c7ef3c78 is pointing into object: [Ljava.lang.Object; 
{0x00000000c7ef3c20} - klass: 'java/lang/Object'[]
 - length: 31
stack at sp + 2 slots: 0x0 is NULL
stack at sp + 3 slots: 0x00007ffd65004810 jvm.dll
stack at sp + 4 slots: 0x00007ffd65004810 jvm.dll
stack at sp + 5 slots: 0x00007ffd64b836a3 jvm.dll
stack at sp + 6 slots: 0x0000024123099430 points into unknown readable memory: 0x000002410d0f0150 | 50 01 0f 0d 41 02 00 00
stack at sp + 7 slots: 0x00007ffd64deeb80 jvm.dll


---------------  P R O C E S S  ---------------

Threads class SMR info:
_java_thread_list=0x0000024135be39a0, length=42, elements={
0x000002410f312b40, 0x000002412315a750, 0x000002412315c770, 0x0000024123183450,
0x00000241231841e0, 0x0000024123184f70, 0x0000024123186a50, 0x0000024123189660,
0x000002412837a7f0, 0x0000024128384d30, 0x0000024128431030, 0x0000024128609c40,
0x0000024128bb3040, 0x00000241286084c0, 0x0000024128b6b640, 0x00000241288ee570,
0x00000241286e5ef0, 0x00000241287bb9b0, 0x00000241287bc8e0, 0x00000241287bd810,
0x00000241287ba570, 0x00000241287bcdf0, 0x00000241287bd300, 0x00000241287ba060,
0x00000241287baf90, 0x00000241287bb4a0, 0x00000241287bbec0, 0x000002412ac786d0,
0x000002412ac76360, 0x000002412ac71c80, 0x000002412ac781c0, 0x000002412ac76870,
0x000002412ac71770, 0x000002412ac726a0, 0x000002412ac75e50, 0x000002412ac76d80,
0x000002412ac77290, 0x000002412ac790f0, 0x000002412ac777a0, 0x000002412ac73ae0,
0x000002412ac77cb0, 0x000002412ac78be0
}

Java Threads: ( => current thread )
  0x000002410f312b40 JavaThread "main" [_thread_blocked, id=9596, stack(0x000000d35fb00000,0x000000d35fc00000)]
  0x000002412315a750 JavaThread "Reference Handler" daemon [_thread_blocked, id=8556, stack(0x000000d35fe00000,0x000000d35ff00000)]
  0x000002412315c770 JavaThread "Finalizer" daemon [_thread_blocked, id=1040, stack(0x000000d35ff00000,0x000000d360000000)]
  0x0000024123183450 JavaThread "Signal Dispatcher" daemon [_thread_blocked, id=7944, stack(0x000000d360000000,0x000000d360100000)]
  0x00000241231841e0 JavaThread "Attach Listener" daemon [_thread_blocked, id=1144, stack(0x000000d360100000,0x000000d360200000)]
  0x0000024123184f70 JavaThread "Service Thread" daemon [_thread_blocked, id=9088, stack(0x000000d360200000,0x000000d360300000)]
  0x0000024123186a50 JavaThread "Monitor Deflation Thread" daemon [_thread_blocked, id=2244, stack(0x000000d360300000,0x000000d360400000)]
  0x0000024123189660 JavaThread "C2 CompilerThread0" daemon [_thread_blocked, id=9116, stack(0x000000d360400000,0x000000d360500000)]
  0x000002412837a7f0 JavaThread "C1 CompilerThread0" daemon [_thread_blocked, id=9320, stack(0x000000d360500000,0x000000d360600000)]
  0x0000024128384d30 JavaThread "Sweeper thread" daemon [_thread_blocked, id=7364, stack(0x000000d360600000,0x000000d360700000)]
  0x0000024128431030 JavaThread "Common-Cleaner" daemon [_thread_blocked, id=7628, stack(0x000000d360700000,0x000000d360800000)]
  0x0000024128609c40 JavaThread "Notification Thread" daemon [_thread_blocked, id=1476, stack(0x000000d360800000,0x000000d360900000)]
  0x0000024128bb3040 JavaThread "Active Thread: Equinox Container: 1ca1c26e-a787-4471-8e28-d7b5e2deea87" [_thread_blocked, id=9464, stack(0x000000d360d00000,0x000000d360e00000)]
  0x00000241286084c0 JavaThread "Framework Event Dispatcher: Equinox Container: 1ca1c26e-a787-4471-8e28-d7b5e2deea87" daemon [_thread_blocked, id=9524, stack(0x000000d360e00000,0x000000d360f00000)]
  0x0000024128b6b640 JavaThread "Start Level: Equinox Container: 1ca1c26e-a787-4471-8e28-d7b5e2deea87" daemon [_thread_blocked, id=1228, stack(0x000000d360f00000,0x000000d361000000)]
  0x00000241288ee570 JavaThread "Bundle File Closer" daemon [_thread_blocked, id=5656, stack(0x000000d361100000,0x000000d361200000)]
  0x00000241286e5ef0 JavaThread "SCR Component Actor" daemon [_thread_blocked, id=4504, stack(0x000000d361000000,0x000000d361100000)]
  0x00000241287bb9b0 JavaThread "Worker-JM" [_thread_blocked, id=9880, stack(0x000000d361300000,0x000000d361400000)]
  0x00000241287bc8e0 JavaThread "JNA Cleaner" daemon [_thread_blocked, id=11208, stack(0x000000d361400000,0x000000d361500000)]
  0x00000241287bd810 JavaThread "Worker-0" [_thread_blocked, id=9152, stack(0x000000d361500000,0x000000d361600000)]
  0x00000241287ba570 JavaThread "Worker-1" [_thread_blocked, id=2148, stack(0x000000d361600000,0x000000d361700000)]
  0x00000241287bcdf0 JavaThread "Worker-2" [_thread_blocked, id=6840, stack(0x000000d361700000,0x000000d361800000)]
  0x00000241287bd300 JavaThread "Worker-3" [_thread_blocked, id=9416, stack(0x000000d361800000,0x000000d361900000)]
  0x00000241287ba060 JavaThread "Java indexing" daemon [_thread_blocked, id=10004, stack(0x000000d361a00000,0x000000d361b00000)]
  0x00000241287baf90 JavaThread "Thread-2" daemon [_thread_in_native, id=9228, stack(0x000000d361b00000,0x000000d361c00000)]
  0x00000241287bb4a0 JavaThread "Thread-3" daemon [_thread_in_native, id=10584, stack(0x000000d361c00000,0x000000d361d00000)]
  0x00000241287bbec0 JavaThread "Thread-4" daemon [_thread_in_native, id=5368, stack(0x000000d361d00000,0x000000d361e00000)]
  0x000002412ac786d0 JavaThread "Thread-5" daemon [_thread_in_native, id=7420, stack(0x000000d361e00000,0x000000d361f00000)]
  0x000002412ac76360 JavaThread "Thread-6" daemon [_thread_in_native, id=9120, stack(0x000000d361f00000,0x000000d362000000)]
  0x000002412ac71c80 JavaThread "pool-2-thread-1" [_thread_blocked, id=9384, stack(0x000000d362000000,0x000000d362100000)]
  0x000002412ac781c0 JavaThread "WorkspaceEventsHandler" [_thread_blocked, id=9280, stack(0x000000d362100000,0x000000d362200000)]
  0x000002412ac76870 JavaThread "pool-1-thread-1" [_thread_blocked, id=10364, stack(0x000000d362200000,0x000000d362300000)]
  0x000002412ac71770 JavaThread "Timer-0" [_thread_blocked, id=5288, stack(0x000000d362300000,0x000000d362400000)]
  0x000002412ac726a0 JavaThread "Timer-1" [_thread_blocked, id=6264, stack(0x000000d362400000,0x000000d362500000)]
  0x000002412ac75e50 JavaThread "Worker-4" [_thread_blocked, id=8360, stack(0x000000d362a00000,0x000000d362b00000)]
  0x000002412ac76d80 JavaThread "Worker-5" [_thread_blocked, id=1176, stack(0x000000d362b00000,0x000000d362c00000)]
  0x000002412ac77290 JavaThread "Compiler Source File Reader" daemon [_thread_blocked, id=2456, stack(0x000000d362c00000,0x000000d362d00000)]
  0x000002412ac790f0 JavaThread "Compiler Source File Reader" daemon [_thread_blocked, id=1900, stack(0x000000d362d00000,0x000000d362e00000)]
  0x000002412ac777a0 JavaThread "Compiler Processing Task" daemon [_thread_blocked, id=8240, stack(0x000000d362900000,0x000000d362a00000)]
  0x000002412ac73ae0 JavaThread "ForkJoinPool.commonPool-worker-1" daemon [_thread_blocked, id=1880, stack(0x000000d362f00000,0x000000d363000000)]
  0x000002412ac77cb0 JavaThread "ForkJoinPool.commonPool-worker-2" daemon [_thread_blocked, id=9036, stack(0x000000d363000000,0x000000d363100000)]
  0x000002412ac78be0 JavaThread "ForkJoinPool.commonPool-worker-3" daemon [_thread_blocked, id=7928, stack(0x000000d363100000,0x000000d363200000)]

Other Threads:
  0x000002412313f690 VMThread "VM Thread" [stack: 0x000000d35fd00000,0x000000d35fe00000] [id=9716]
  0x000002412873fe60 WatcherThread [stack: 0x000000d360900000,0x000000d360a00000] [id=1604]
  0x000002410f329ef0 GCTaskThread "GC Thread#0" [stack: 0x000000d35fc00000,0x000000d35fd00000] [id=9828]
  0x0000024128d3b7a0 GCTaskThread "GC Thread#1" [stack: 0x000000d360a00000,0x000000d360b00000] [id=9928]
  0x0000024128a91040 GCTaskThread "GC Thread#2" [stack: 0x000000d360b00000,0x000000d360c00000] [id=10100]
=>0x0000024128a91300 GCTaskThread "GC Thread#3" [stack: 0x000000d360c00000,0x000000d360d00000] [id=9916]

Threads with active compile tasks:
C2 CompilerThread0   129196 11303       4       org.eclipse.jdt.internal.core.search.indexing.BinaryIndexer::addBinaryAnnotation (87 bytes)

VM state: at safepoint (normal execution)

VM Mutex/Monitor currently owned by a thread:  ([mutex/lock_event])
[0x000002410f30fdd0] Threads_lock - owner thread: 0x000002412313f690
[0x000002410f30fe60] Heap_lock - owner thread: 0x00000241287ba060

Heap address: 0x00000000c0000000, size: 1024 MB, Compressed Oops mode: 32-bit

CDS archive(s) not mapped
Compressed class space mapped at: 0x0000000100000000-0x0000000140000000, reserved size: 1073741824
Narrow klass base: 0x0000000000000000, Narrow klass shift: 3, Narrow klass range: 0x140000000

GC Precious Log:
 CPUs: 4 total, 4 available
 Memory: 7854M
 Large Page Support: Disabled
 NUMA Support: Disabled
 Compressed Oops: Enabled (32-bit)
 Alignments: Space 512K, Generation 512K, Heap 2M
 Heap Min Capacity: 100M
 Heap Initial Capacity: 100M
 Heap Max Capacity: 1G
 Pre-touch: Disabled
 Parallel Workers: 4

Heap:
 PSYoungGen      total 4096K, used 792K [0x00000000eab00000, 0x00000000eb000000, 0x0000000100000000)
  eden space 3072K, 0% used [0x00000000eab00000,0x00000000eab00000,0x00000000eae00000)
  from space 1024K, 77% used [0x00000000eaf00000,0x00000000eafc62c8,0x00000000eb000000)
  to   space 1024K, 0% used [0x00000000eae00000,0x00000000eae00000,0x00000000eaf00000)
 ParOldGen       total 195584K, used 194950K [0x00000000c0000000, 0x00000000cbf00000, 0x00000000eab00000)
  object space 195584K, 99% used [0x00000000c0000000,0x00000000cbe61878,0x00000000cbf00000)
 Metaspace       used 86060K, committed 87360K, reserved 1179648K
  class space    used 9697K, committed 10304K, reserved 1048576K

Card table byte_map: [0x000002410ecf0000,0x000002410ef00000] _byte_map_base: 0x000002410e6f0000

Marking Bits: (ParMarkBitMap*) 0x00007ffd650758b0
 Begin Bits: [0x0000024120fc0000, 0x0000024121fc0000)
 End Bits:   [0x0000024121fc0000, 0x0000024122fc0000)

Polling page: 0x000002410eae0000

Metaspace:

Usage:
  Non-class:     74.57 MB used.
      Class:      9.47 MB used.
       Both:     84.04 MB used.

Virtual space:
  Non-class space:      128.00 MB reserved,      75.25 MB ( 59%) committed,  2 nodes.
      Class space:        1.00 GB reserved,      10.06 MB ( <1%) committed,  1 nodes.
             Both:        1.12 GB reserved,      85.31 MB (  7%) committed. 

Chunk freelists:
   Non-Class:  4.45 MB
       Class:  5.80 MB
        Both:  10.25 MB

MaxMetaspaceSize: unlimited
CompressedClassSpaceSize: 1.00 GB
Initial GC threshold: 21.00 MB
Current GC threshold: 142.19 MB
CDS: off
MetaspaceReclaimPolicy: balanced
 - commit_granule_bytes: 65536.
 - commit_granule_words: 8192.
 - virtual_space_node_default_size: 8388608.
 - enlarge_chunks_in_place: 1.
 - new_chunks_are_fully_committed: 0.
 - uncommit_free_chunks: 1.
 - use_allocation_guard: 0.
 - handle_deallocations: 1.


Internal statistics:

num_allocs_failed_limit: 9.
num_arena_births: 948.
num_arena_deaths: 14.
num_vsnodes_births: 3.
num_vsnodes_deaths: 0.
num_space_committed: 1365.
num_space_uncommitted: 0.
num_chunks_returned_to_freelist: 23.
num_chunks_taken_from_freelist: 4551.
num_chunk_merges: 15.
num_chunk_splits: 2853.
num_chunks_enlarged: 1723.
num_inconsistent_stats: 0.

CodeHeap 'non-profiled nmethods': size=120000Kb used=7418Kb max_used=7418Kb free=112582Kb
 bounds [0x0000024119a90000, 0x000002411a1d0000, 0x0000024120fc0000]
CodeHeap 'profiled nmethods': size=120000Kb used=21201Kb max_used=21308Kb free=98798Kb
 bounds [0x0000024111fc0000, 0x00000241134a0000, 0x00000241194f0000]
CodeHeap 'non-nmethods': size=5760Kb used=1407Kb max_used=1503Kb free=4352Kb
 bounds [0x00000241194f0000, 0x0000024119760000, 0x0000024119a90000]
 total_blobs=10272 nmethods=9500 adapters=684
 compilation: enabled
              stopped_count=0, restarted_count=0
 full_count=0

Compilation events (20 events):
Event: 127.835 Thread 0x0000024123189660 nmethod 11293 0x000002411a1c6410 code [0x000002411a1c6600, 0x000002411a1c71a0]
Event: 127.841 Thread 0x0000024123189660 11294       4       org.eclipse.jdt.internal.core.search.indexing.AbstractIndexer::erasure (21 bytes)
Event: 127.844 Thread 0x0000024123189660 nmethod 11294 0x000002411a1c7a90 code [0x000002411a1c7c00, 0x000002411a1c7d78]
Event: 127.844 Thread 0x0000024123189660 11295       4       org.eclipse.jdt.internal.core.search.indexing.AbstractIndexer::addIndexEntry (10 bytes)
Event: 127.857 Thread 0x0000024123189660 nmethod 11295 0x000002411a1c7f10 code [0x000002411a1c80c0, 0x000002411a1c88b8]
Event: 127.859 Thread 0x0000024123189660 11296       4       org.eclipse.jdt.internal.core.search.indexing.AbstractIndexer::addTypeReference (17 bytes)
Event: 127.913 Thread 0x0000024123189660 nmethod 11296 0x000002411a1c8e10 code [0x000002411a1c9020, 0x000002411a1ca630]
Event: 127.913 Thread 0x0000024123189660 11297       4       org.eclipse.jdt.internal.compiler.util.SoftClassCache$JdkClasses$$Lambda$505/0x00000001003e7898::apply (12 bytes)
Event: 127.914 Thread 0x0000024123189660 nmethod 11297 0x000002411a1cb190 code [0x000002411a1cb320, 0x000002411a1cb458]
Event: 127.982 Thread 0x0000024123189660 11298       4       org.eclipse.jdt.internal.compiler.classfmt.MethodInfo::getArgumentNames (16 bytes)
Event: 127.983 Thread 0x0000024123189660 nmethod 11298 0x000002411a1cb590 code [0x000002411a1cb720, 0x000002411a1cb7c8]
Event: 128.400 Thread 0x0000024123189660 11299       4       org.eclipse.jdt.core.Signature::encodeQualifiedName (207 bytes)
Event: 128.429 Thread 0x0000024123189660 nmethod 11299 0x000002411a1cb890 code [0x000002411a1cba60, 0x000002411a1cc6a8]
Event: 128.500 Thread 0x000002412837a7f0 11300       3       org.eclipse.jdt.core.Signature::encodeTypeSignature (908 bytes)
Event: 128.505 Thread 0x000002412837a7f0 nmethod 11300 0x00000241131a4b90 code [0x00000241131a5340, 0x00000241131a8a48]
Event: 128.674 Thread 0x0000024123189660 11301       4       org.eclipse.jdt.core.Signature::checkArrayDimension (92 bytes)
Event: 128.681 Thread 0x0000024123189660 nmethod 11301 0x000002411a1ccf10 code [0x000002411a1cd080, 0x000002411a1cd398]
Event: 128.681 Thread 0x0000024123189660 11302 % !   4       java.nio.file.Files::walkFileTree @ 19 (297 bytes)
Event: 128.702 Thread 0x0000024123189660 nmethod 11302% 0x000002411a1cd490 code [0x000002411a1cd6c0, 0x000002411a1cdf50]
Event: 128.870 Thread 0x0000024123189660 11303       4       org.eclipse.jdt.internal.core.search.indexing.BinaryIndexer::addBinaryAnnotation (87 bytes)

GC Heap History (20 events):
Event: 128.746 GC heap after
{Heap after GC invocations=292 (full 9):
 PSYoungGen      total 4096K, used 802K [0x00000000eab00000, 0x00000000eb000000, 0x0000000100000000)
  eden space 3072K, 0% used [0x00000000eab00000,0x00000000eab00000,0x00000000eae00000)
  from space 1024K, 78% used [0x00000000eae00000,0x00000000eaec89b8,0x00000000eaf00000)
  to   space 1024K, 0% used [0x00000000eaf00000,0x00000000eaf00000,0x00000000eb000000)
 ParOldGen       total 195584K, used 188230K [0x00000000c0000000, 0x00000000cbf00000, 0x00000000eab00000)
  object space 195584K, 96% used [0x00000000c0000000,0x00000000cb7d1bb8,0x00000000cbf00000)
 Metaspace       used 86060K, committed 87360K, reserved 1179648K
  class space    used 9697K, committed 10304K, reserved 1048576K
}
Event: 128.765 GC heap before
{Heap before GC invocations=293 (full 9):
 PSYoungGen      total 4096K, used 3866K [0x00000000eab00000, 0x00000000eb000000, 0x0000000100000000)
  eden space 3072K, 99% used [0x00000000eab00000,0x00000000eadfe1b8,0x00000000eae00000)
  from space 1024K, 78% used [0x00000000eae00000,0x00000000eaec89b8,0x00000000eaf00000)
  to   space 1024K, 0% used [0x00000000eaf00000,0x00000000eaf00000,0x00000000eb000000)
 ParOldGen       total 195584K, used 188230K [0x00000000c0000000, 0x00000000cbf00000, 0x00000000eab00000)
  object space 195584K, 96% used [0x00000000c0000000,0x00000000cb7d1bb8,0x00000000cbf00000)
 Metaspace       used 86060K, committed 87360K, reserved 1179648K
  class space    used 9697K, committed 10304K, reserved 1048576K
}
Event: 128.768 GC heap after
{Heap after GC invocations=293 (full 9):
 PSYoungGen      total 4096K, used 833K [0x00000000eab00000, 0x00000000eb000000, 0x0000000100000000)
  eden space 3072K, 0% used [0x00000000eab00000,0x00000000eab00000,0x00000000eae00000)
  from space 1024K, 81% used [0x00000000eaf00000,0x00000000eafd06e8,0x00000000eb000000)
  to   space 1024K, 0% used [0x00000000eae00000,0x00000000eae00000,0x00000000eaf00000)
 ParOldGen       total 195584K, used 188949K [0x00000000c0000000, 0x00000000cbf00000, 0x00000000eab00000)
  object space 195584K, 96% used [0x00000000c0000000,0x00000000cb8857d0,0x00000000cbf00000)
 Metaspace       used 86060K, committed 87360K, reserved 1179648K
  class space    used 9697K, committed 10304K, reserved 1048576K
}
Event: 128.789 GC heap before
{Heap before GC invocations=294 (full 9):
 PSYoungGen      total 4096K, used 3905K [0x00000000eab00000, 0x00000000eb000000, 0x0000000100000000)
  eden space 3072K, 100% used [0x00000000eab00000,0x00000000eae00000,0x00000000eae00000)
  from space 1024K, 81% used [0x00000000eaf00000,0x00000000eafd06e8,0x00000000eb000000)
  to   space 1024K, 0% used [0x00000000eae00000,0x00000000eae00000,0x00000000eaf00000)
 ParOldGen       total 195584K, used 188949K [0x00000000c0000000, 0x00000000cbf00000, 0x00000000eab00000)
  object space 195584K, 96% used [0x00000000c0000000,0x00000000cb8857d0,0x00000000cbf00000)
 Metaspace       used 86060K, committed 87360K, reserved 1179648K
  class space    used 9697K, committed 10304K, reserved 1048576K
}
Event: 128.792 GC heap after
{Heap after GC invocations=294 (full 9):
 PSYoungGen      total 4096K, used 804K [0x00000000eab00000, 0x00000000eb000000, 0x0000000100000000)
  eden space 3072K, 0% used [0x00000000eab00000,0x00000000eab00000,0x00000000eae00000)
  from space 1024K, 78% used [0x00000000eae00000,0x00000000eaec9260,0x00000000eaf00000)
  to   space 1024K, 0% used [0x00000000eaf00000,0x00000000eaf00000,0x00000000eb000000)
 ParOldGen       total 195584K, used 189698K [0x00000000c0000000, 0x00000000cbf00000, 0x00000000eab00000)
  object space 195584K, 96% used [0x00000000c0000000,0x00000000cb940898,0x00000000cbf00000)
 Metaspace       used 86060K, committed 87360K, reserved 1179648K
  class space    used 9697K, committed 10304K, reserved 1048576K
}
Event: 128.806 GC heap before
{Heap before GC invocations=295 (full 9):
 PSYoungGen      total 4096K, used 3876K [0x00000000eab00000, 0x00000000eb000000, 0x0000000100000000)
  eden space 3072K, 100% used [0x00000000eab00000,0x00000000eae00000,0x00000000eae00000)
  from space 1024K, 78% used [0x00000000eae00000,0x00000000eaec9260,0x00000000eaf00000)
  to   space 1024K, 0% used [0x00000000eaf00000,0x00000000eaf00000,0x00000000eb000000)
 ParOldGen       total 195584K, used 189698K [0x00000000c0000000, 0x00000000cbf00000, 0x00000000eab00000)
  object space 195584K, 96% used [0x00000000c0000000,0x00000000cb940898,0x00000000cbf00000)
 Metaspace       used 86060K, committed 87360K, reserved 1179648K
  class space    used 9697K, committed 10304K, reserved 1048576K
}
Event: 128.808 GC heap after
{Heap after GC invocations=295 (full 9):
 PSYoungGen      total 4096K, used 800K [0x00000000eab00000, 0x00000000eb000000, 0x0000000100000000)
  eden space 3072K, 0% used [0x00000000eab00000,0x00000000eab00000,0x00000000eae00000)
  from space 1024K, 78% used [0x00000000eaf00000,0x00000000eafc8000,0x00000000eb000000)
  to   space 1024K, 0% used [0x00000000eae00000,0x00000000eae00000,0x00000000eaf00000)
 ParOldGen       total 195584K, used 190437K [0x00000000c0000000, 0x00000000cbf00000, 0x00000000eab00000)
  object space 195584K, 97% used [0x00000000c0000000,0x00000000cb9f9638,0x00000000cbf00000)
 Metaspace       used 86060K, committed 87360K, reserved 1179648K
  class space    used 9697K, committed 10304K, reserved 1048576K
}
Event: 128.826 GC heap before
{Heap before GC invocations=296 (full 9):
 PSYoungGen      total 4096K, used 3872K [0x00000000eab00000, 0x00000000eb000000, 0x0000000100000000)
  eden space 3072K, 100% used [0x00000000eab00000,0x00000000eae00000,0x00000000eae00000)
  from space 1024K, 78% used [0x00000000eaf00000,0x00000000eafc8000,0x00000000eb000000)
  to   space 1024K, 0% used [0x00000000eae00000,0x00000000eae00000,0x00000000eaf00000)
 ParOldGen       total 195584K, used 190437K [0x00000000c0000000, 0x00000000cbf00000, 0x00000000eab00000)
  object space 195584K, 97% used [0x00000000c0000000,0x00000000cb9f9638,0x00000000cbf00000)
 Metaspace       used 86060K, committed 87360K, reserved 1179648K
  class space    used 9697K, committed 10304K, reserved 1048576K
}
Event: 128.828 GC heap after
{Heap after GC invocations=296 (full 9):
 PSYoungGen      total 4096K, used 768K [0x00000000eab00000, 0x00000000eb000000, 0x0000000100000000)
  eden space 3072K, 0% used [0x00000000eab00000,0x00000000eab00000,0x00000000eae00000)
  from space 1024K, 75% used [0x00000000eae00000,0x00000000eaec0000,0x00000000eaf00000)
  to   space 1024K, 0% used [0x00000000eaf00000,0x00000000eaf00000,0x00000000eb000000)
 ParOldGen       total 195584K, used 191159K [0x00000000c0000000, 0x00000000cbf00000, 0x00000000eab00000)
  object space 195584K, 97% used [0x00000000c0000000,0x00000000cbaadc90,0x00000000cbf00000)
 Metaspace       used 86060K, committed 87360K, reserved 1179648K
  class space    used 9697K, committed 10304K, reserved 1048576K
}
Event: 128.842 GC heap before
{Heap before GC invocations=297 (full 9):
 PSYoungGen      total 4096K, used 3840K [0x00000000eab00000, 0x00000000eb000000, 0x0000000100000000)
  eden space 3072K, 100% used [0x00000000eab00000,0x00000000eae00000,0x00000000eae00000)
  from space 1024K, 75% used [0x00000000eae00000,0x00000000eaec0000,0x00000000eaf00000)
  to   space 1024K, 0% used [0x00000000eaf00000,0x00000000eaf00000,0x00000000eb000000)
 ParOldGen       total 195584K, used 191159K [0x00000000c0000000, 0x00000000cbf00000, 0x00000000eab00000)
  object space 195584K, 97% used [0x00000000c0000000,0x00000000cbaadc90,0x00000000cbf00000)
 Metaspace       used 86060K, committed 87360K, reserved 1179648K
  class space    used 9697K, committed 10304K, reserved 1048576K
}
Event: 128.844 GC heap after
{Heap after GC invocations=297 (full 9):
 PSYoungGen      total 4096K, used 794K [0x00000000eab00000, 0x00000000eb000000, 0x0000000100000000)
  eden space 3072K, 0% used [0x00000000eab00000,0x00000000eab00000,0x00000000eae00000)
  from space 1024K, 77% used [0x00000000eaf00000,0x00000000eafc6b98,0x00000000eb000000)
  to   space 1024K, 0% used [0x00000000eae00000,0x00000000eae00000,0x00000000eaf00000)
 ParOldGen       total 195584K, used 191876K [0x00000000c0000000, 0x00000000cbf00000, 0x00000000eab00000)
  object space 195584K, 98% used [0x00000000c0000000,0x00000000cbb61230,0x00000000cbf00000)
 Metaspace       used 86060K, committed 87360K, reserved 1179648K
  class space    used 9697K, committed 10304K, reserved 1048576K
}
Event: 128.857 GC heap before
{Heap before GC invocations=298 (full 9):
 PSYoungGen      total 4096K, used 3866K [0x00000000eab00000, 0x00000000eb000000, 0x0000000100000000)
  eden space 3072K, 100% used [0x00000000eab00000,0x00000000eae00000,0x00000000eae00000)
  from space 1024K, 77% used [0x00000000eaf00000,0x00000000eafc6b98,0x00000000eb000000)
  to   space 1024K, 0% used [0x00000000eae00000,0x00000000eae00000,0x00000000eaf00000)
 ParOldGen       total 195584K, used 191876K [0x00000000c0000000, 0x00000000cbf00000, 0x00000000eab00000)
  object space 195584K, 98% used [0x00000000c0000000,0x00000000cbb61230,0x00000000cbf00000)
 Metaspace       used 86060K, committed 87360K, reserved 1179648K
  class space    used 9697K, committed 10304K, reserved 1048576K
}
Event: 128.859 GC heap after
{Heap after GC invocations=298 (full 9):
 PSYoungGen      total 4096K, used 920K [0x00000000eab00000, 0x00000000eb000000, 0x0000000100000000)
  eden space 3072K, 0% used [0x00000000eab00000,0x00000000eab00000,0x00000000eae00000)
  from space 1024K, 89% used [0x00000000eae00000,0x00000000eaee6010,0x00000000eaf00000)
  to   space 1024K, 0% used [0x00000000eaf00000,0x00000000eaf00000,0x00000000eb000000)
 ParOldGen       total 195584K, used 192648K [0x00000000c0000000, 0x00000000cbf00000, 0x00000000eab00000)
  object space 195584K, 98% used [0x00000000c0000000,0x00000000cbc22320,0x00000000cbf00000)
 Metaspace       used 86060K, committed 87360K, reserved 1179648K
  class space    used 9697K, committed 10304K, reserved 1048576K
}
Event: 128.895 GC heap before
{Heap before GC invocations=299 (full 9):
 PSYoungGen      total 4096K, used 3992K [0x00000000eab00000, 0x00000000eb000000, 0x0000000100000000)
  eden space 3072K, 100% used [0x00000000eab00000,0x00000000eae00000,0x00000000eae00000)
  from space 1024K, 89% used [0x00000000eae00000,0x00000000eaee6010,0x00000000eaf00000)
  to   space 1024K, 0% used [0x00000000eaf00000,0x00000000eaf00000,0x00000000eb000000)
 ParOldGen       total 195584K, used 192648K [0x00000000c0000000, 0x00000000cbf00000, 0x00000000eab00000)
  object space 195584K, 98% used [0x00000000c0000000,0x00000000cbc22320,0x00000000cbf00000)
 Metaspace       used 86060K, committed 87360K, reserved 1179648K
  class space    used 9697K, committed 10304K, reserved 1048576K
}
Event: 128.898 GC heap after
{Heap after GC invocations=299 (full 9):
 PSYoungGen      total 4096K, used 736K [0x00000000eab00000, 0x00000000eb000000, 0x0000000100000000)
  eden space 3072K, 0% used [0x00000000eab00000,0x00000000eab00000,0x00000000eae00000)
  from space 1024K, 71% used [0x00000000eaf00000,0x00000000eafb8000,0x00000000eb000000)
  to   space 1024K, 0% used [0x00000000eae00000,0x00000000eae00000,0x00000000eaf00000)
 ParOldGen       total 195584K, used 193484K [0x00000000c0000000, 0x00000000cbf00000, 0x00000000eab00000)
  object space 195584K, 98% used [0x00000000c0000000,0x00000000cbcf32f8,0x00000000cbf00000)
 Metaspace       used 86060K, committed 87360K, reserved 1179648K
  class space    used 9697K, committed 10304K, reserved 1048576K
}
Event: 128.914 GC heap before
{Heap before GC invocations=300 (full 9):
 PSYoungGen      total 4096K, used 3808K [0x00000000eab00000, 0x00000000eb000000, 0x0000000100000000)
  eden space 3072K, 100% used [0x00000000eab00000,0x00000000eae00000,0x00000000eae00000)
  from space 1024K, 71% used [0x00000000eaf00000,0x00000000eafb8000,0x00000000eb000000)
  to   space 1024K, 0% used [0x00000000eae00000,0x00000000eae00000,0x00000000eaf00000)
 ParOldGen       total 195584K, used 193484K [0x00000000c0000000, 0x00000000cbf00000, 0x00000000eab00000)
  object space 195584K, 98% used [0x00000000c0000000,0x00000000cbcf32f8,0x00000000cbf00000)
 Metaspace       used 86060K, committed 87360K, reserved 1179648K
  class space    used 9697K, committed 10304K, reserved 1048576K
}
Event: 128.916 GC heap after
{Heap after GC invocations=300 (full 9):
 PSYoungGen      total 4096K, used 753K [0x00000000eab00000, 0x00000000eb000000, 0x0000000100000000)
  eden space 3072K, 0% used [0x00000000eab00000,0x00000000eab00000,0x00000000eae00000)
  from space 1024K, 73% used [0x00000000eae00000,0x00000000eaebc790,0x00000000eaf00000)
  to   space 1024K, 0% used [0x00000000eaf00000,0x00000000eaf00000,0x00000000eb000000)
 ParOldGen       total 195584K, used 194212K [0x00000000c0000000, 0x00000000cbf00000, 0x00000000eab00000)
  object space 195584K, 99% used [0x00000000c0000000,0x00000000cbda92c0,0x00000000cbf00000)
 Metaspace       used 86060K, committed 87360K, reserved 1179648K
  class space    used 9697K, committed 10304K, reserved 1048576K
}
Event: 128.932 GC heap before
{Heap before GC invocations=301 (full 9):
 PSYoungGen      total 4096K, used 3825K [0x00000000eab00000, 0x00000000eb000000, 0x0000000100000000)
  eden space 3072K, 100% used [0x00000000eab00000,0x00000000eae00000,0x00000000eae00000)
  from space 1024K, 73% used [0x00000000eae00000,0x00000000eaebc790,0x00000000eaf00000)
  to   space 1024K, 0% used [0x00000000eaf00000,0x00000000eaf00000,0x00000000eb000000)
 ParOldGen       total 195584K, used 194212K [0x00000000c0000000, 0x00000000cbf00000, 0x00000000eab00000)
  object space 195584K, 99% used [0x00000000c0000000,0x00000000cbda92c0,0x00000000cbf00000)
 Metaspace       used 86060K, committed 87360K, reserved 1179648K
  class space    used 9697K, committed 10304K, reserved 1048576K
}
Event: 128.934 GC heap after
{Heap after GC invocations=301 (full 9):
 PSYoungGen      total 4096K, used 792K [0x00000000eab00000, 0x00000000eb000000, 0x0000000100000000)
  eden space 3072K, 0% used [0x00000000eab00000,0x00000000eab00000,0x00000000eae00000)
  from space 1024K, 77% used [0x00000000eaf00000,0x00000000eafc62c8,0x00000000eb000000)
  to   space 1024K, 0% used [0x00000000eae00000,0x00000000eae00000,0x00000000eaf00000)
 ParOldGen       total 195584K, used 194950K [0x00000000c0000000, 0x00000000cbf00000, 0x00000000eab00000)
  object space 195584K, 99% used [0x00000000c0000000,0x00000000cbe61878,0x00000000cbf00000)
 Metaspace       used 86060K, committed 87360K, reserved 1179648K
  class space    used 9697K, committed 10304K, reserved 1048576K
}
Event: 128.934 GC heap before
{Heap before GC invocations=302 (full 10):
 PSYoungGen      total 4096K, used 792K [0x00000000eab00000, 0x00000000eb000000, 0x0000000100000000)
  eden space 3072K, 0% used [0x00000000eab00000,0x00000000eab00000,0x00000000eae00000)
  from space 1024K, 77% used [0x00000000eaf00000,0x00000000eafc62c8,0x00000000eb000000)
  to   space 1024K, 0% used [0x00000000eae00000,0x00000000eae00000,0x00000000eaf00000)
 ParOldGen       total 195584K, used 194950K [0x00000000c0000000, 0x00000000cbf00000, 0x00000000eab00000)
  object space 195584K, 99% used [0x00000000c0000000,0x00000000cbe61878,0x00000000cbf00000)
 Metaspace       used 86060K, committed 87360K, reserved 1179648K
  class space    used 9697K, committed 10304K, reserved 1048576K
}

Dll operation events (15 events):
Event: 0.015 Loaded shared library c:\Users\bayes\.vscode\extensions\redhat.java-1.35.0-win32-x64\jre\17.0.12-win32-x86_64\bin\java.dll
Event: 1.049 Loaded shared library c:\Users\bayes\.vscode\extensions\redhat.java-1.35.0-win32-x64\jre\17.0.12-win32-x86_64\bin\zip.dll
Event: 1.053 Loaded shared library C:\Users\bayes\.vscode\extensions\redhat.java-1.35.0-win32-x64\jre\17.0.12-win32-x86_64\bin\instrument.dll
Event: 1.120 Loaded shared library C:\Users\bayes\.vscode\extensions\redhat.java-1.35.0-win32-x64\jre\17.0.12-win32-x86_64\bin\net.dll
Event: 1.122 Loaded shared library C:\Users\bayes\.vscode\extensions\redhat.java-1.35.0-win32-x64\jre\17.0.12-win32-x86_64\bin\nio.dll
Event: 1.135 Loaded shared library C:\Users\bayes\.vscode\extensions\redhat.java-1.35.0-win32-x64\jre\17.0.12-win32-x86_64\bin\zip.dll
Event: 1.227 Loaded shared library C:\Users\bayes\.vscode\extensions\redhat.java-1.35.0-win32-x64\jre\17.0.12-win32-x86_64\bin\jimage.dll
Event: 1.572 Loaded shared library c:\Users\bayes\.vscode\extensions\redhat.java-1.35.0-win32-x64\jre\17.0.12-win32-x86_64\bin\verify.dll
Event: 7.998 Loaded shared library C:\Users\bayes\AppData\Roaming\Code\User\globalStorage\redhat.java\1.35.0\config_win\org.eclipse.equinox.launcher\org.eclipse.equinox.launcher.win32.win32.x86_64_1.2.1100.v20240722-2106\eclipse_11904.dll
Event: 15.525 Loaded shared library C:\Users\bayes\AppData\Local\Temp\jna-93514312\jna8577531889061945003.dll
Event: 52.886 Loaded shared library C:\Users\bayes\.gradle\native\c067742578af261105cb4f569cf0c3c89f3d7b1fecec35dd04571415982c5e48\windows-amd64\native-platform.dll
Event: 57.167 Loaded shared library C:\Users\bayes\.vscode\extensions\redhat.java-1.35.0-win32-x64\jre\17.0.12-win32-x86_64\bin\management.dll
Event: 57.172 Loaded shared library C:\Users\bayes\.vscode\extensions\redhat.java-1.35.0-win32-x64\jre\17.0.12-win32-x86_64\bin\management_ext.dll
Event: 59.667 Loaded shared library C:\Users\bayes\.vscode\extensions\redhat.java-1.35.0-win32-x64\jre\17.0.12-win32-x86_64\bin\extnet.dll
Event: 71.152 Loaded shared library C:\Users\bayes\.vscode\extensions\redhat.java-1.35.0-win32-x64\jre\17.0.12-win32-x86_64\bin\sunmscapi.dll

Deoptimization events (20 events):
Event: 126.793 Thread 0x00000241287ba060 DEOPT PACKING pc=0x000002411a032664 sp=0x000000d361afe8f0
Event: 126.793 Thread 0x00000241287ba060 DEOPT UNPACKING pc=0x00000241195466a3 sp=0x000000d361afe860 mode 2
Event: 126.879 Thread 0x00000241287ba060 DEOPT PACKING pc=0x000002411348e293 sp=0x000000d361afe840
Event: 126.880 Thread 0x00000241287ba060 DEOPT UNPACKING pc=0x0000024119546e43 sp=0x000000d361afddc0 mode 0
Event: 126.886 Thread 0x00000241287ba060 DEOPT PACKING pc=0x000002411348e293 sp=0x000000d361afe840
Event: 126.886 Thread 0x00000241287ba060 DEOPT UNPACKING pc=0x0000024119546e43 sp=0x000000d361afddc0 mode 0
Event: 126.897 Thread 0x00000241287ba060 DEOPT PACKING pc=0x000002411348e293 sp=0x000000d361afe840
Event: 126.897 Thread 0x00000241287ba060 DEOPT UNPACKING pc=0x0000024119546e43 sp=0x000000d361afddc0 mode 0
Event: 126.905 Thread 0x00000241287ba060 DEOPT PACKING pc=0x000002411348e293 sp=0x000000d361afe840
Event: 126.905 Thread 0x00000241287ba060 DEOPT UNPACKING pc=0x0000024119546e43 sp=0x000000d361afddc0 mode 0
Event: 126.915 Thread 0x00000241287ba060 DEOPT PACKING pc=0x000002411348e293 sp=0x000000d361afe840
Event: 126.915 Thread 0x00000241287ba060 DEOPT UNPACKING pc=0x0000024119546e43 sp=0x000000d361afddc0 mode 0
Event: 126.924 Thread 0x00000241287ba060 DEOPT PACKING pc=0x000002411348e293 sp=0x000000d361afe840
Event: 126.924 Thread 0x00000241287ba060 DEOPT UNPACKING pc=0x0000024119546e43 sp=0x000000d361afddc0 mode 0
Event: 127.531 Thread 0x00000241287ba060 Uncommon trap: trap_request=0xffffff45 fr.pc=0x0000024119f82ff4 relative=0x0000000000002a54
Event: 127.531 Thread 0x00000241287ba060 Uncommon trap: reason=unstable_if action=reinterpret pc=0x0000024119f82ff4 method=org.eclipse.jdt.internal.compiler.classfmt.MethodInfo.decodeLocalVariableAttribute(II)V @ 14 c2
Event: 127.531 Thread 0x00000241287ba060 DEOPT PACKING pc=0x0000024119f82ff4 sp=0x000000d361afe8d0
Event: 127.531 Thread 0x00000241287ba060 DEOPT UNPACKING pc=0x00000241195466a3 sp=0x000000d361afe720 mode 2
Event: 127.859 Thread 0x00000241287ba060 DEOPT PACKING pc=0x000002411323167a sp=0x000000d361afe8d0
Event: 127.859 Thread 0x00000241287ba060 DEOPT UNPACKING pc=0x0000024119546e43 sp=0x000000d361afdd20 mode 0

Classes loaded (20 events):
Event: 116.235 Loading class java/util/stream/SpinedBuffer$OfPrimitive
Event: 116.235 Loading class java/util/stream/SpinedBuffer$OfPrimitive done
Event: 116.235 Loading class java/util/stream/SpinedBuffer$OfInt done
Event: 116.283 Loading class java/util/stream/Nodes$IntSpinedNodeBuilder done
Event: 116.400 Loading class javax/xml/transform/TransformerConfigurationException
Event: 116.400 Loading class javax/xml/transform/TransformerConfigurationException done
Event: 116.643 Loading class java/util/LinkedList$LLSpliterator
Event: 116.643 Loading class java/util/LinkedList$LLSpliterator done
Event: 117.058 Loading class java/util/stream/ReduceOps$5
Event: 117.058 Loading class java/util/stream/ReduceOps$5 done
Event: 117.058 Loading class java/util/stream/ReduceOps$CountingSink$OfRef
Event: 117.058 Loading class java/util/stream/ReduceOps$CountingSink
Event: 117.059 Loading class java/util/stream/ReduceOps$CountingSink done
Event: 117.059 Loading class java/util/stream/ReduceOps$CountingSink$OfRef done
Event: 119.628 Loading class java/util/stream/IntPipeline$1
Event: 119.628 Loading class java/util/stream/IntPipeline$1 done
Event: 119.628 Loading class java/util/stream/IntPipeline$1$1
Event: 119.629 Loading class java/util/stream/IntPipeline$1$1 done
Event: 119.740 Loading class java/util/regex/Pattern$1
Event: 119.740 Loading class java/util/regex/Pattern$1 done

Classes unloaded (7 events):
Event: 22.037 Thread 0x000002412313f690 Unloading class 0x0000000100250400 'java/lang/invoke/LambdaForm$MH+0x0000000100250400'
Event: 22.037 Thread 0x000002412313f690 Unloading class 0x0000000100250000 'java/lang/invoke/LambdaForm$MH+0x0000000100250000'
Event: 22.037 Thread 0x000002412313f690 Unloading class 0x000000010024bc00 'java/lang/invoke/LambdaForm$MH+0x000000010024bc00'
Event: 22.037 Thread 0x000002412313f690 Unloading class 0x000000010024b800 'java/lang/invoke/LambdaForm$MH+0x000000010024b800'
Event: 22.037 Thread 0x000002412313f690 Unloading class 0x000000010024b400 'java/lang/invoke/LambdaForm$BMH+0x000000010024b400'
Event: 22.037 Thread 0x000002412313f690 Unloading class 0x000000010024b000 'java/lang/invoke/LambdaForm$DMH+0x000000010024b000'
Event: 22.037 Thread 0x000002412313f690 Unloading class 0x0000000100248400 'java/lang/invoke/LambdaForm$DMH+0x0000000100248400'

Classes redefined (0 events):
No events

Internal exceptions (20 events):
Event: 114.443 Thread 0x000002412ac77cb0 Exception <a 'sun/nio/fs/WindowsException'{0x00000000eacbbf30}> (0x00000000eacbbf30) 
thrown [s\src\hotspot\share\prims\jni.cpp, line 516]
Event: 114.443 Thread 0x000002412ac77cb0 Exception <a 'sun/nio/fs/WindowsException'{0x00000000eacbd4c8}> (0x00000000eacbd4c8) 
thrown [s\src\hotspot\share\prims\jni.cpp, line 516]
Event: 114.444 Thread 0x000002412ac77cb0 Exception <a 'sun/nio/fs/WindowsException'{0x00000000eacbe228}> (0x00000000eacbe228) 
thrown [s\src\hotspot\share\prims\jni.cpp, line 516]
Event: 114.444 Thread 0x000002412ac77cb0 Exception <a 'sun/nio/fs/WindowsException'{0x00000000eacbeb08}> (0x00000000eacbeb08) 
thrown [s\src\hotspot\share\prims\jni.cpp, line 516]
Event: 114.445 Thread 0x000002412ac77cb0 Exception <a 'sun/nio/fs/WindowsException'{0x00000000eacc0328}> (0x00000000eacc0328) 
thrown [s\src\hotspot\share\prims\jni.cpp, line 516]
Event: 114.445 Thread 0x000002412ac77cb0 Exception <a 'sun/nio/fs/WindowsException'{0x00000000eacc0c08}> (0x00000000eacc0c08) 
thrown [s\src\hotspot\share\prims\jni.cpp, line 516]
Event: 114.562 Thread 0x00000241287ba060 Implicit null exception at 0x0000024119f42fb4 to 0x0000024119f433cc
Event: 116.664 Thread 0x000002412ac76870 Exception <a 'java/lang/ArrayIndexOutOfBoundsException'{0x00000000eabdb928}: Index 1093 out of bounds for length 1093> (0x00000000eabdb928) 
thrown [s\src\hotspot\share\interpreter\interpreterRuntime.cpp, line 428]
Event: 116.903 Thread 0x000002412ac76870 Exception <a 'java/lang/ArrayIndexOutOfBoundsException'{0x00000000eac29a70}: Index 1093 out of bounds for length 1093> (0x00000000eac29a70) 
thrown [s\src\hotspot\share\interpreter\interpreterRuntime.cpp, line 428]
Event: 120.147 Thread 0x000002412ac76870 Exception <a 'java/lang/ArrayIndexOutOfBoundsException'{0x00000000eac6dda0}: Index 1098 out of bounds for length 1098> (0x00000000eac6dda0) 
thrown [s\src\hotspot\share\interpreter\interpreterRuntime.cpp, line 428]
Event: 120.199 Thread 0x000002412ac76870 Exception <a 'java/lang/ArrayIndexOutOfBoundsException'{0x00000000eabe9d70}> (0x00000000eabe9d70) 
thrown [s\src\hotspot\share\runtime\sharedRuntime.cpp, line 631]
Event: 120.834 Thread 0x00000241287ba060 Implicit null exception at 0x0000024119ceadac to 0x0000024119ceaec0
Event: 121.393 Thread 0x000002412ac77cb0 Exception <a 'java/lang/NoSuchMethodError'{0x00000000eab480b8}: 'java.lang.Object java.lang.invoke.DirectMethodHandle$Holder.invokeStatic(java.lang.Object, int, java.lang.Object, java.lang.Object, java.lang.Object, java.lang.Object)'> (0x00000000eab480b8) 
thrown [s\src\hotspot\share\interpreter\linkResolver.cpp, line 759]
Event: 121.868 Thread 0x000002412ac77cb0 Exception <a 'java/lang/NoSuchMethodError'{0x00000000eabe1268}: 'java.lang.Object java.lang.invoke.DirectMethodHandle$Holder.invokeSpecial(java.lang.Object, java.lang.Object, long, java.lang.Object, java.lang.Object, java.lang.Object, java.lang.Object, java.lang.Object, java.lang.Object, java.lang.Object, java.lang.Object, java.lang.Object)'> (0x00000000eabe1268) 
thrown [s\src\hotspot\share\interpreter\linkResolver.cpp, line 759]
Event: 121.870 Thread 0x000002412ac77cb0 Exception <a 'java/lang/NoSuchMethodError'{0x00000000eabe57b0}: 'java.lang.Object java.lang.invoke.DelegatingMethodHandle$Holder.reinvoke_L(java.lang.Object, long, java.lang.Object, java.lang.Object, java.lang.Object, java.lang.Object, java.lang.Object, java.lang.Object, java.lang.Object, java.lang.Object, java.lang.Object)'> (0x00000000eabe57b0) 
thrown [s\src\hotspot\share\interpreter\linkResolver.cpp, line 759]
Event: 121.877 Thread 0x000002412ac77cb0 Exception <a 'java/lang/NoSuchMethodError'{0x00000000eac14a58}: 'java.lang.Object java.lang.invoke.DirectMethodHandle$Holder.invokeSpecial(java.lang.Object, java.lang.Object, java.lang.Object, java.lang.Object, java.lang.Object, java.lang.Object, java.lang.Object, java.lang.Object, java.lang.Object, java.lang.Object, java.lang.Object)'> (0x00000000eac14a58) 
thrown [s\src\hotspot\share\interpreter\linkResolver.cpp, line 759]
Event: 121.878 Thread 0x000002412ac77cb0 Exception <a 'java/lang/NoSuchMethodError'{0x00000000eac19458}: 'java.lang.Object java.lang.invoke.Invokers$Holder.linkToTargetMethod(java.lang.Object, java.lang.Object, java.lang.Object, java.lang.Object, java.lang.Object, java.lang.Object, java.lang.Object, java.lang.Object, java.lang.Object, java.lang.Object)'> (0x00000000eac19458) 
thrown [s\src\hotspot\share\interpreter\linkResolver.cpp, line 759]
Event: 122.462 Thread 0x000002412ac73ae0 Exception <a 'java/lang/ArrayIndexOutOfBoundsException'{0x00000000eab3a238}> (0x00000000eab3a238) 
thrown [s\src\hotspot\share\runtime\sharedRuntime.cpp, line 631]
Event: 125.544 Thread 0x00000241287ba060 Implicit null exception at 0x000002411a15b760 to 0x000002411a1611c4
Event: 126.680 Thread 0x00000241287ba060 Implicit null exception at 0x000002411a1873ea to 0x000002411a18e5f8

VM Operations (20 events):
Event: 128.705 Executing VM operation: ParallelGCFailedAllocation done
Event: 128.744 Executing VM operation: ParallelGCFailedAllocation
Event: 128.746 Executing VM operation: ParallelGCFailedAllocation done
Event: 128.765 Executing VM operation: ParallelGCFailedAllocation
Event: 128.768 Executing VM operation: ParallelGCFailedAllocation done
Event: 128.789 Executing VM operation: ParallelGCFailedAllocation
Event: 128.792 Executing VM operation: ParallelGCFailedAllocation done
Event: 128.806 Executing VM operation: ParallelGCFailedAllocation
Event: 128.808 Executing VM operation: ParallelGCFailedAllocation done
Event: 128.826 Executing VM operation: ParallelGCFailedAllocation
Event: 128.828 Executing VM operation: ParallelGCFailedAllocation done
Event: 128.842 Executing VM operation: ParallelGCFailedAllocation
Event: 128.844 Executing VM operation: ParallelGCFailedAllocation done
Event: 128.857 Executing VM operation: ParallelGCFailedAllocation
Event: 128.859 Executing VM operation: ParallelGCFailedAllocation done
Event: 128.895 Executing VM operation: ParallelGCFailedAllocation
Event: 128.898 Executing VM operation: ParallelGCFailedAllocation done
Event: 128.914 Executing VM operation: ParallelGCFailedAllocation
Event: 128.916 Executing VM operation: ParallelGCFailedAllocation done
Event: 128.932 Executing VM operation: ParallelGCFailedAllocation

Events (20 events):
Event: 122.577 Thread 0x0000024128384d30 flushing nmethod 0x0000024113102410
Event: 122.578 Thread 0x0000024128384d30 flushing nmethod 0x000002411318ad90
Event: 122.578 Thread 0x0000024128384d30 flushing nmethod 0x00000241131cd610
Event: 122.579 Thread 0x0000024128384d30 flushing nmethod 0x0000024113289410
Event: 122.579 Thread 0x0000024128384d30 flushing nmethod 0x00000241132dad10
Event: 122.579 Thread 0x0000024128384d30 flushing nmethod 0x00000241132dd110
Event: 122.579 Thread 0x0000024128384d30 flushing nmethod 0x00000241132e1b10
Event: 123.139 Thread 0x00000241287e2090 Thread exited: 0x00000241287e2090
Event: 123.482 Thread 0x00000241287e2090 Thread added: 0x00000241287e2090
Event: 126.687 Thread 0x0000024128384d30 flushing nmethod 0x000002411216bc10
Event: 126.690 Thread 0x0000024128384d30 flushing nmethod 0x0000024112420590
Event: 126.690 Thread 0x0000024128384d30 flushing nmethod 0x0000024112429490
Event: 126.698 Thread 0x0000024128384d30 flushing nmethod 0x0000024112c4ab90
Event: 126.701 Thread 0x0000024128384d30 flushing nmethod 0x0000024112f15710
Event: 126.701 Thread 0x0000024128384d30 flushing nmethod 0x0000024112f17090
Event: 126.703 Thread 0x0000024128384d30 flushing nmethod 0x0000024113070e10
Event: 126.704 Thread 0x0000024128384d30 flushing nmethod 0x000002411319ed10
Event: 126.704 Thread 0x0000024128384d30 flushing nmethod 0x00000241131bfd10
Event: 126.705 Thread 0x0000024128384d30 flushing nmethod 0x0000024113271e10
Event: 127.815 Thread 0x00000241287e2090 Thread exited: 0x00000241287e2090


Dynamic libraries:
0x00007ff7e1110000 - 0x00007ff7e111e000 	c:\Users\bayes\.vscode\extensions\redhat.java-1.35.0-win32-x64\jre\17.0.12-win32-x86_64\bin\java.exe
0x00007ffdcb0b0000 - 0x00007ffdcb2a8000 	C:\Windows\SYSTEM32\ntdll.dll
0x00007ffdc91c0000 - 0x00007ffdc927f000 	C:\Windows\System32\KERNEL32.DLL
0x00007ffdc8880000 - 0x00007ffdc8b76000 	C:\Windows\System32\KERNELBASE.dll
0x00007ffdc8d00000 - 0x00007ffdc8e00000 	C:\Windows\System32\ucrtbase.dll
0x00007ffd6df30000 - 0x00007ffd6df47000 	c:\Users\bayes\.vscode\extensions\redhat.java-1.35.0-win32-x64\jre\17.0.12-win32-x86_64\bin\jli.dll
0x00007ffdc9e90000 - 0x00007ffdca02d000 	C:\Windows\System32\USER32.dll
0x00007ffdc8c20000 - 0x00007ffdc8c42000 	C:\Windows\System32\win32u.dll
0x00007ffdcaf80000 - 0x00007ffdcafac000 	C:\Windows\System32\GDI32.dll
0x00007ffdc8ff0000 - 0x00007ffdc9105000 	C:\Windows\System32\gdi32full.dll
0x00007ffdc8b80000 - 0x00007ffdc8c1d000 	C:\Windows\System32\msvcp_win.dll
0x00007ffd6df10000 - 0x00007ffd6df2b000 	c:\Users\bayes\.vscode\extensions\redhat.java-1.35.0-win32-x64\jre\17.0.12-win32-x86_64\bin\VCRUNTIME140.dll
0x00007ffdc7b90000 - 0x00007ffdc7e2a000 	C:\Windows\WinSxS\amd64_microsoft.windows.common-controls_6595b64144ccf1df_6.0.19041.1110_none_60b5254171f9507e\COMCTL32.dll
0x00007ffdc99f0000 - 0x00007ffdc9a8e000 	C:\Windows\System32\msvcrt.dll
0x00007ffdca210000 - 0x00007ffdca240000 	C:\Windows\System32\IMM32.DLL
0x00007ffd6e250000 - 0x00007ffd6e25c000 	c:\Users\bayes\.vscode\extensions\redhat.java-1.35.0-win32-x64\jre\17.0.12-win32-x86_64\bin\vcruntime140_1.dll
0x00007ffd6de80000 - 0x00007ffd6df0d000 	c:\Users\bayes\.vscode\extensions\redhat.java-1.35.0-win32-x64\jre\17.0.12-win32-x86_64\bin\msvcp140.dll
0x00007ffd644d0000 - 0x00007ffd6513a000 	c:\Users\bayes\.vscode\extensions\redhat.java-1.35.0-win32-x64\jre\17.0.12-win32-x86_64\bin\server\jvm.dll
0x00007ffdca160000 - 0x00007ffdca20f000 	C:\Windows\System32\ADVAPI32.dll
0x00007ffdc9d70000 - 0x00007ffdc9e0c000 	C:\Windows\System32\sechost.dll
0x00007ffdca030000 - 0x00007ffdca156000 	C:\Windows\System32\RPCRT4.dll
0x00007ffdc9cf0000 - 0x00007ffdc9d5b000 	C:\Windows\System32\WS2_32.dll
0x00007ffdc83b0000 - 0x00007ffdc83fb000 	C:\Windows\SYSTEM32\POWRPROF.dll
0x00007ffda1480000 - 0x00007ffda14a7000 	C:\Windows\SYSTEM32\WINMM.dll
0x00007ffdbfea0000 - 0x00007ffdbfeaa000 	C:\Windows\SYSTEM32\VERSION.dll
0x00007ffdc7f20000 - 0x00007ffdc7f32000 	C:\Windows\SYSTEM32\UMPDC.dll
0x00007ffdc62e0000 - 0x00007ffdc62f2000 	C:\Windows\SYSTEM32\kernel.appcore.dll
0x00007ffd6de70000 - 0x00007ffd6de7a000 	c:\Users\bayes\.vscode\extensions\redhat.java-1.35.0-win32-x64\jre\17.0.12-win32-x86_64\bin\jimage.dll
0x00007ffdc81c0000 - 0x00007ffdc83a4000 	C:\Windows\SYSTEM32\DBGHELP.DLL
0x00007ffdc7f60000 - 0x00007ffdc7f94000 	C:\Windows\SYSTEM32\dbgcore.DLL
0x00007ffdc8f60000 - 0x00007ffdc8fe2000 	C:\Windows\System32\bcryptPrimitives.dll
0x00007ffd6de60000 - 0x00007ffd6de6e000 	c:\Users\bayes\.vscode\extensions\redhat.java-1.35.0-win32-x64\jre\17.0.12-win32-x86_64\bin\instrument.dll
0x00007ffd6de30000 - 0x00007ffd6de55000 	c:\Users\bayes\.vscode\extensions\redhat.java-1.35.0-win32-x64\jre\17.0.12-win32-x86_64\bin\java.dll
0x00007ffd6de10000 - 0x00007ffd6de28000 	c:\Users\bayes\.vscode\extensions\redhat.java-1.35.0-win32-x64\jre\17.0.12-win32-x86_64\bin\zip.dll
0x00007ffdca2d0000 - 0x00007ffdcaa14000 	C:\Windows\System32\SHELL32.dll
0x00007ffdc5b30000 - 0x00007ffdc62c3000 	C:\Windows\SYSTEM32\windows.storage.dll
0x00007ffdc9280000 - 0x00007ffdc95d4000 	C:\Windows\System32\combase.dll
0x00007ffdc7af0000 - 0x00007ffdc7b1e000 	C:\Windows\SYSTEM32\Wldp.dll
0x00007ffdc9110000 - 0x00007ffdc91bd000 	C:\Windows\System32\SHCORE.dll
0x00007ffdcb010000 - 0x00007ffdcb065000 	C:\Windows\System32\shlwapi.dll
0x00007ffdc86d0000 - 0x00007ffdc86ef000 	C:\Windows\SYSTEM32\profapi.dll
0x00007ffd6dde0000 - 0x00007ffd6ddf9000 	C:\Users\bayes\.vscode\extensions\redhat.java-1.35.0-win32-x64\jre\17.0.12-win32-x86_64\bin\net.dll
0x00007ffdbd690000 - 0x00007ffdbd79a000 	C:\Windows\SYSTEM32\WINHTTP.dll
0x00007ffdc79c0000 - 0x00007ffdc7a2a000 	C:\Windows\system32\mswsock.dll
0x00007ffd6ddc0000 - 0x00007ffd6ddd6000 	C:\Users\bayes\.vscode\extensions\redhat.java-1.35.0-win32-x64\jre\17.0.12-win32-x86_64\bin\nio.dll
0x00007ffd6ddb0000 - 0x00007ffd6ddc0000 	c:\Users\bayes\.vscode\extensions\redhat.java-1.35.0-win32-x64\jre\17.0.12-win32-x86_64\bin\verify.dll
0x00007ffd64400000 - 0x00007ffd64445000 	C:\Users\bayes\AppData\Roaming\Code\User\globalStorage\redhat.java\1.35.0\config_win\org.eclipse.equinox.launcher\org.eclipse.equinox.launcher.win32.win32.x86_64_1.2.1100.v20240722-2106\eclipse_11904.dll
0x00007ffdc9b40000 - 0x00007ffdc9c6a000 	C:\Windows\System32\ole32.dll
0x00007ffdc8520000 - 0x00007ffdc8538000 	C:\Windows\SYSTEM32\CRYPTSP.dll
0x00007ffdc71d0000 - 0x00007ffdc7204000 	C:\Windows\system32\rsaenh.dll
0x00007ffdc8850000 - 0x00007ffdc8877000 	C:\Windows\System32\bcrypt.dll
0x00007ffdc8690000 - 0x00007ffdc86be000 	C:\Windows\SYSTEM32\USERENV.dll
0x00007ffdc7ab0000 - 0x00007ffdc7abc000 	C:\Windows\SYSTEM32\CRYPTBASE.dll
0x00007ffdc7540000 - 0x00007ffdc757c000 	C:\Windows\SYSTEM32\IPHLPAPI.DLL
0x00007ffdc9d60000 - 0x00007ffdc9d68000 	C:\Windows\System32\NSI.dll
0x00007ffdbe930000 - 0x00007ffdbe947000 	C:\Windows\SYSTEM32\dhcpcsvc6.DLL
0x00007ffdbf540000 - 0x00007ffdbf55d000 	C:\Windows\SYSTEM32\dhcpcsvc.DLL
0x00007ffdc7580000 - 0x00007ffdc764b000 	C:\Windows\SYSTEM32\DNSAPI.dll
0x00007ffd6a020000 - 0x00007ffd6a069000 	C:\Users\bayes\AppData\Local\Temp\jna-93514312\jna8577531889061945003.dll
0x00007ffdc9c70000 - 0x00007ffdc9c78000 	C:\Windows\System32\PSAPI.DLL
0x00007ffd64450000 - 0x00007ffd64477000 	C:\Users\bayes\.gradle\native\c067742578af261105cb4f569cf0c3c89f3d7b1fecec35dd04571415982c5e48\windows-amd64\native-platform.dll
0x00007ffdbf530000 - 0x00007ffdbf539000 	C:\Users\bayes\.vscode\extensions\redhat.java-1.35.0-win32-x64\jre\17.0.12-win32-x86_64\bin\management.dll
0x00007ffdbf520000 - 0x00007ffdbf52b000 	C:\Users\bayes\.vscode\extensions\redhat.java-1.35.0-win32-x64\jre\17.0.12-win32-x86_64\bin\management_ext.dll
0x00007ffd6dd00000 - 0x00007ffd6dd09000 	C:\Users\bayes\.vscode\extensions\redhat.java-1.35.0-win32-x64\jre\17.0.12-win32-x86_64\bin\extnet.dll
0x00007ffdbf510000 - 0x00007ffdbf51e000 	C:\Users\bayes\.vscode\extensions\redhat.java-1.35.0-win32-x64\jre\17.0.12-win32-x86_64\bin\sunmscapi.dll
0x00007ffdc8e00000 - 0x00007ffdc8f5e000 	C:\Windows\System32\CRYPT32.dll
0x00007ffdc7b60000 - 0x00007ffdc7b88000 	C:\Windows\SYSTEM32\ncrypt.dll
0x00007ffdc7b20000 - 0x00007ffdc7b5b000 	C:\Windows\SYSTEM32\NTASN1.dll
0x00007ffdbf500000 - 0x00007ffdbf507000 	C:\Windows\system32\wshunix.dll

dbghelp: loaded successfully - version: 4.0.5 - missing functions: none
symbol engine: initialized successfully - sym options: 0x614 - pdb path: .;c:\Users\bayes\.vscode\extensions\redhat.java-1.35.0-win32-x64\jre\17.0.12-win32-x86_64\bin;C:\Windows\SYSTEM32;C:\Windows\WinSxS\amd64_microsoft.windows.common-controls_6595b64144ccf1df_6.0.19041.1110_none_60b5254171f9507e;c:\Users\bayes\.vscode\extensions\redhat.java-1.35.0-win32-x64\jre\17.0.12-win32-x86_64\bin\server;C:\Users\bayes\AppData\Roaming\Code\User\globalStorage\redhat.java\1.35.0\config_win\org.eclipse.equinox.launcher\org.eclipse.equinox.launcher.win32.win32.x86_64_1.2.1100.v20240722-2106;C:\Users\bayes\AppData\Local\Temp\jna-93514312;C:\Users\bayes\.gradle\native\c067742578af261105cb4f569cf0c3c89f3d7b1fecec35dd04571415982c5e48\windows-amd64

VM Arguments:
jvm_args: --add-modules=ALL-SYSTEM --add-opens=java.base/java.util=ALL-UNNAMED --add-opens=java.base/java.lang=ALL-UNNAMED --add-opens=java.base/sun.nio.fs=ALL-UNNAMED -Declipse.application=org.eclipse.jdt.ls.core.id1 -Dosgi.bundles.defaultStartLevel=4 -Declipse.product=org.eclipse.jdt.ls.core.product -Djava.import.generatesMetadataFilesAtProjectRoot=false -DDetectVMInstallationsJob.disabled=true -Dfile.encoding=utf8 -XX:+UseParallelGC -XX:GCTimeRatio=4 -XX:AdaptiveSizePolicyWeight=90 -Dsun.zip.disableMemoryMapping=true -Xmx1G -Xms100m -Xlog:disable -javaagent:c:\Users\bayes\.vscode\extensions\redhat.java-1.35.0-win32-x64\lombok\lombok-1.18.33.jar -XX:+HeapDumpOnOutOfMemoryError -XX:HeapDumpPath=c:\Users\bayes\AppData\Roaming\Code\User\workspaceStorage\168498a9360cd755819b0a706d5edd1a\redhat.java -Daether.dependencyCollector.impl=bf 
java_command: c:\Users\bayes\.vscode\extensions\redhat.java-1.35.0-win32-x64\server\plugins\org.eclipse.equinox.launcher_1.6.900.v20240613-2009.jar -configuration c:\Users\bayes\AppData\Roaming\Code\User\globalStorage\redhat.java\1.35.0\config_win -data c:\Users\bayes\AppData\Roaming\Code\User\workspaceStorage\168498a9360cd755819b0a706d5edd1a\redhat.java\jdt_ws --pipe=\\.\pipe\lsp-4c0a849265df1f479fa8ee8312b6fc2d-sock
java_class_path (initial): c:\Users\bayes\.vscode\extensions\redhat.java-1.35.0-win32-x64\server\plugins\org.eclipse.equinox.launcher_1.6.900.v20240613-2009.jar
Launcher Type: SUN_STANDARD

[Global flags]
    uintx AdaptiveSizePolicyWeight                 = 90                                        {product} {command line}
     intx CICompilerCount                          = 3                                         {product} {ergonomic}
    uintx GCTimeRatio                              = 4                                         {product} {command line}
     bool HeapDumpOnOutOfMemoryError               = true                                   {manageable} {command line}
    ccstr HeapDumpPath                             = c:\Users\bayes\AppData\Roaming\Code\User\workspaceStorage\168498a9360cd755819b0a706d5edd1a\redhat.java         {manageable} {command line}
   size_t InitialHeapSize                          = 104857600                                 {product} {command line}
   size_t MaxHeapSize                              = 1073741824                                {product} {command line}
   size_t MaxNewSize                               = 357564416                                 {product} {ergonomic}
   size_t MinHeapDeltaBytes                        = 524288                                    {product} {ergonomic}
   size_t MinHeapSize                              = 104857600                                 {product} {command line}
   size_t NewSize                                  = 34603008                                  {product} {ergonomic}
    uintx NonNMethodCodeHeapSize                   = 5832780                                {pd product} {ergonomic}
    uintx NonProfiledCodeHeapSize                  = 122912730                              {pd product} {ergonomic}
   size_t OldSize                                  = 70254592                                  {product} {ergonomic}
    uintx ProfiledCodeHeapSize                     = 122912730                              {pd product} {ergonomic}
    uintx ReservedCodeCacheSize                    = 251658240                              {pd product} {ergonomic}
     bool SegmentedCodeCache                       = true                                      {product} {ergonomic}
   size_t SoftMaxHeapSize                          = 1073741824                             {manageable} {ergonomic}
     bool UseCompressedClassPointers               = true                           {product lp64_product} {ergonomic}
     bool UseCompressedOops                        = true                           {product lp64_product} {ergonomic}
     bool UseLargePagesIndividualAllocation        = false                                  {pd product} {ergonomic}
     bool UseParallelGC                            = true                                      {product} {command line}

Logging:
Log output configuration:
 #0: stdout all=off uptime,level,tags
 #1: stderr all=off uptime,level,tags

Environment Variables:
JAVA_HOME=C:\Program Files\Java\jdk-21
PATH=C:\Program Files\Eclipse Adoptium\jdk-21.0.4.7-hotspot\bin;C:\Program Files\Common Files\Oracle\Java\javapath;C:\Windows\system32;C:\Windows;C:\Windows\System32\Wbem;C:\Windows\System32\WindowsPowerShell\v1.0\;C:\Windows\System32\OpenSSH\;C:\Program Files\Java\jdk-21;C:\Users\bayes\AppData\Local\Microsoft\WindowsApps;C:\Users\bayes\AppData\Local\Programs\Microsoft VS Code\bin;C:\Program Files\gradle-8.10.2\bin;
USERNAME=bayes
OS=Windows_NT
PROCESSOR_IDENTIFIER=Intel64 Family 6 Model 78 Stepping 3, GenuineIntel
TMP=C:\Users\bayes\AppData\Local\Temp
TEMP=C:\Users\bayes\AppData\Local\Temp



Periodic native trim disabled


---------------  S Y S T E M  ---------------

OS:
 Windows 10 , 64 bit Build 19041 (10.0.19041.2913)
OS uptime: 0 days 0:03 hours

CPU: total 4 (initial active 4) (2 cores per cpu, 2 threads per core) family 6 model 78 stepping 3 microcode 0xcc, cx8, cmov, fxsr, ht, mmx, 3dnowpref, sse, sse2, sse3, ssse3, sse4.1, sse4.2, popcnt, lzcnt, tsc, tscinvbit, avx, avx2, aes, erms, clmul, bmi1, bmi2, rtm, adx, fma, vzeroupper, clflush, clflushopt
Processor Information for all 4 processors :
  Max Mhz: 2496, Current Mhz: 2396, Mhz Limit: 2396

Memory: 4k page, system-wide physical 7854M (2517M free)
TotalPageFile size 15790M (AvailPageFile size 9911M)
current process WorkingSet (physical memory assigned to process): 446M, peak: 458M
current process commit charge ("private bytes"): 448M, peak: 471M

vm_info: OpenJDK 64-Bit Server VM (17.0.12+7) for windows-amd64 JRE (17.0.12+7), built on Jul 16 2024 22:08:24 by "admin" with MS VC++ 16.10 / 16.11 (VS2019)

END.
