#
# A fatal error has been detected by the Java Runtime Environment:
#
#  EXCEPTION_ACCESS_VIOLATION (0xc0000005) at pc=0x0000000000000000, pid=7796, tid=7524
#
# JRE version: OpenJDK Runtime Environment Temurin-17.0.12+7 (17.0.12+7) (build 17.0.12+7)
# Java VM: OpenJDK 64-Bit Server VM Temurin-17.0.12+7 (17.0.12+7, mixed mode, tiered, compressed oops, compressed class ptrs, parallel gc, windows-amd64)
# Problematic frame:
# V  [jvm.dll+0x6a59c4]
#
# No core dump will be written. Minidumps are not enabled by default on client versions of Windows
#
# If you would like to submit a bug report, please visit:
#   https://github.com/adoptium/adoptium-support/issues
#

---------------  S U M M A R Y ------------

Command Line: --add-modules=ALL-SYSTEM --add-opens=java.base/java.util=ALL-UNNAMED --add-opens=java.base/java.lang=ALL-UNNAMED --add-opens=java.base/sun.nio.fs=ALL-UNNAMED -Declipse.application=org.eclipse.jdt.ls.core.id1 -Dosgi.bundles.defaultStartLevel=4 -Declipse.product=org.eclipse.jdt.ls.core.product -Djava.import.generatesMetadataFilesAtProjectRoot=false -DDetectVMInstallationsJob.disabled=true -Dfile.encoding=utf8 -XX:+UseParallelGC -XX:GCTimeRatio=4 -XX:AdaptiveSizePolicyWeight=90 -Dsun.zip.disableMemoryMapping=true -Xmx1G -Xms100m -Xlog:disable -javaagent:c:\Users\bayes\.vscode\extensions\redhat.java-1.35.0-win32-x64\lombok\lombok-1.18.33.jar -XX:+HeapDumpOnOutOfMemoryError -XX:HeapDumpPath=c:\Users\bayes\AppData\Roaming\Code\User\workspaceStorage\168498a9360cd755819b0a706d5edd1a\redhat.java -Daether.dependencyCollector.impl=bf c:\Users\bayes\.vscode\extensions\redhat.java-1.35.0-win32-x64\server\plugins\org.eclipse.equinox.launcher_1.6.900.v20240613-2009.jar -configuration c:\Users\bayes\AppData\Roaming\Code\User\globalStorage\redhat.java\1.35.0\config_win -data c:\Users\bayes\AppData\Roaming\Code\User\workspaceStorage\168498a9360cd755819b0a706d5edd1a\redhat.java\jdt_ws --pipe=\\.\pipe\lsp-e7a641bcefc5628cba6f9781ec7dc662-sock

Host: Intel(R) Core(TM) i5-6300U CPU @ 2.40GHz, 4 cores, 7G,  Windows 10 , 64 bit Build 19041 (10.0.19041.2913)
Time: Sat Sep 28 13:50:25 2024 Paris, Madrid (heure duild 19041 (10.0.19041.2913) elapsed time: 40.182169 seconds (0d 0h 0m 40s)

---------------  T H R E A D  ---------------

Current thread (0x0000017845516660):  JavaThread "C2 CompilerThread0" daemon [_thread_in_native, id=7524, stack(0x0000001eb9d00000,0x0000001eb9e00000)]


Current CompileTask:
C2:  40182 8328   !   4       org.eclipse.jdt.internal.core.search.indexing.BinaryIndexer::indexDocument (1157 bytes)

Stack: [0x0000001eb9d00000,0x0000001eb9e00000],  sp=0x0000001eb9dfb650,  free space=1005k
Native frames: (J=compiled Java code, j=interpreted, Vv=VM code, C=native code)


siginfo: EXCEPTION_ACCESS_VIOLATION (0xc0000005), data execution prevention violation at address 0x0000000000000000


Registers:
RAX=0x000001784e58f780, RBX=0x0000001eb9dfb8f0, RCX=0x000001784dbf41a0, RDX=0x0000001eb9dfebc0
RSP=0x0000001eb9dfb648, RBP=0x0000001eb9dfb720, RSI=0x00000000000029f3, RDI=0x0000000000000037
R8 =0x000001784e5140d8, R9 =0x0000000000000000, R10=0x0000000000000807, R11=0x0000000000003fff
R12=0x0000000000000000, R13=0x000000000000000a, R14=0x0000000000014f98, R15=0x000001784dbfbee0
RIP=0x0000000000000000, EFLAGS=0x0000000000010206


Register to memory mapping:

RIP=0x0 is NULL
RAX=0x000001784e58f780 points into unknown readable memory: 0x000001784c297088 | 88 70 29 4c 78 01 00 00
RBX=0x0000001eb9dfb8f0 is pointing into the stack for thread: 0x0000017845516660
RCX=0x000001784dbf41a0 points into unknown readable memory: 0x000001784e58f780 | 80 f7 58 4e 78 01 00 00
RDX=0x0000001eb9dfebc0 is pointing into the stack for thread: 0x0000017845516660
RSP=0x0000001eb9dfb648 is pointing into the stack for thread: 0x0000017845516660
RBP=0x0000001eb9dfb720 is pointing into the stack for thread: 0x0000017845516660
RSI=0x00000000000029f3 is an unknown value
RDI=0x0000000000000037 is an unknown value
R8 =0x000001784e5140d8 points into unknown readable memory: 0x00007ff9160df608 | 08 f6 0d 16 f9 7f 00 00
R9 =0x0 is NULL
R10=0x0000000000000807 is an unknown value
R11=0x0000000000003fff is an unknown value
R12=0x0 is NULL
R13=0x000000000000000a is an unknown value
R14=0x0000000000014f98 is an unknown value
R15=0x000001784dbfbee0 points into unknown readable memory: 0x00007ff9160df148 | 48 f1 0d 16 f9 7f 00 00


Top of Stack: (sp=0x0000001eb9dfb648)
0x0000001eb9dfb648:   00007ff915db59c4 0000001eb9dfb8f0
0x0000001eb9dfb658:   0000001eb9dfb720 00000000000028fc
0x0000001eb9dfb668:   00007ff915db501e 0000001eb9dfc278
0x0000001eb9dfb678:   000001784d1f0bd0 0000000000001d49
0x0000001eb9dfb688:   000001784bd4db60 000001784bd4f300
0x0000001eb9dfb698:   00007ff915934ee0 0000001eb9dfb720
0x0000001eb9dfb6a8:   0000000000000037 0000001eb9dfb8f0
0x0000001eb9dfb6b8:   000001784541ea30 0000017845504b00
0x0000001eb9dfb6c8:   00007ff900002000 000001784e1c23d0
0x0000001eb9dfb6d8:   0000017800001d49 0000000000000400
0x0000001eb9dfb6e8:   000001784f068030 0000000000000400
0x0000001eb9dfb6f8:   0000017845504b00 0000000000000000
0x0000001eb9dfb708:   0000000000000000 000001784541ea30
0x0000001eb9dfb718:   00000178316bed60 0000000000000000
0x0000001eb9dfb728:   0000000000000020 0000001eb9dfb840
0x0000001eb9dfb738:   00007ff91592baa2 0000001eb9dfe8b0
0x0000001eb9dfb748:   0000001eb9dfb8f0 00007ff916052c70
0x0000001eb9dfb758:   0000000000000050 000001784541ea00
0x0000001eb9dfb768:   000001784cac4330 0000001eb9df0000
0x0000001eb9dfb778:   0000000000000000 0000017800000001
0x0000001eb9dfb788:   000001784617e900 0000001eb9dfb810
0x0000001eb9dfb798:   00007ff916052c70 0000000000000000
0x0000001eb9dfb7a8:   0000001eb9dfe8b0 0000000000000000
0x0000001eb9dfb7b8:   00007ff916052c70 0000001eb9dfeb00
0x0000001eb9dfb7c8:   00007ff9157bcaf5 000001784e1aaef0
0x0000001eb9dfb7d8:   0000000000000088 0000000000000001
0x0000001eb9dfb7e8:   00007ff9158de900 000001784efc6760
0x0000001eb9dfb7f8:   00007ff915d6cfe2 0000001eb9dfe8b0
0x0000001eb9dfb808:   00007ff91578a5ab 000001784e1aae98
0x0000001eb9dfb818:   0000017857ea7fd0 0000001eb9dfb9b0
0x0000001eb9dfb828:   0000000000000000 000001784e1aae98
0x0000001eb9dfb838:   00007ff915d6b8e7 0000017857ea7fd0 

Instructions: (pc=0x00007ff915db59c4)
0x00007ff915db58c4:   e8 87 e9 9f ff 48 83 c3 08 48 3b df 72 de 41 ff
0x00007ff915db58d4:   c4 45 3b 66 18 0f 82 71 fe ff ff 45 84 ed 75 51
0x00007ff915db58e4:   41 83 7e 20 00 76 2b 49 8b 46 10 48 8b 18 49 83
0x00007ff915db58f4:   07 10 49 8b 07 49 3b 47 08 72 0b 49 8b cf e8 89
0x00007ff915db5904:   77 fb ff 49 8b 07 48 89 18 c7 40 08 00 00 00 00
0x00007ff915db5914:   eb 1f 49 83 07 f0 48 8d 8e e0 09 00 00 49 8b d6
0x00007ff915db5924:   e8 67 89 fb ff 48 8b 4e 10 49 8b d6 e8 8b f6 b7
0x00007ff915db5934:   ff 49 8b 07 49 3b 47 10 0f 83 ae fd ff ff 4c 8b
0x00007ff915db5944:   74 24 20 4c 8b 6c 24 28 4c 8b 64 24 60 48 8b 7c
0x00007ff915db5954:   24 58 48 8b 6c 24 50 48 83 c4 30 41 5f 5e 5b c3
0x00007ff915db5964:   cc cc cc cc cc cc cc cc cc cc cc cc 40 53 56 41
0x00007ff915db5974:   54 48 83 ec 30 45 33 e4 48 8b d9 41 8b f4 44 39
0x00007ff915db5984:   61 48 0f 86 1d 01 00 00 48 89 6c 24 50 48 89 7c
0x00007ff915db5994:   24 58 4c 89 74 24 60 4c 89 7c 24 68 8b c6 4c 8d
0x00007ff915db59a4:   34 c5 00 00 00 00 48 8b 43 50 49 8b 0c 06 48 85
0x00007ff915db59b4:   c9 0f 84 cf 00 00 00 48 8b 01 ff 90 80 00 00 00
0x00007ff915db59c4:   8b 4b 48 4c 8b f8 3b f1 0f 82 b0 00 00 00 85 c9
0x00007ff915db59d4:   75 51 48 8b 7b 40 c7 43 48 01 00 00 00 48 8b 47
0x00007ff915db59e4:   18 48 83 f8 ef 76 16 8d 51 10 48 8b cf 4c 8d 05
0x00007ff915db59f4:   48 0f 27 00 e8 93 78 a0 ff 48 8b 47 18 48 8d 48
0x00007ff915db5a04:   10 48 3b 4f 20 76 11 45 33 c0 48 8b cf 41 8d 50
0x00007ff915db5a14:   10 e8 c6 75 a0 ff eb 04 48 89 4f 18 48 89 43 50
0x00007ff915db5a24:   4c 89 20 8b 6b 48 8d 56 01 85 d2 74 04 85 d6 74
0x00007ff915db5a34:   0c 0f bd ca ba 01 00 00 00 ff c1 d3 e2 48 8b 4b
0x00007ff915db5a44:   40 48 8d 3c ed 00 00 00 00 44 8b ca 4c 8b c7 89
0x00007ff915db5a54:   53 48 48 8b 53 50 49 c1 e1 03 44 89 64 24 20 e8
0x00007ff915db5a64:   d8 6f a0 ff 44 8b 43 48 33 d2 44 2b c5 48 89 43
0x00007ff915db5a74:   50 49 c1 e0 03 48 8d 0c 07 e8 70 e5 1e 00 48 8b
0x00007ff915db5a84:   43 50 4d 89 3c 06 ff c6 3b 73 48 0f 82 0b ff ff
0x00007ff915db5a94:   ff 4c 8b 7c 24 68 4c 8b 74 24 60 48 8b 7c 24 58
0x00007ff915db5aa4:   48 8b 6c 24 50 48 83 c4 30 41 5c 5e 5b c3 cc cc
0x00007ff915db5ab4:   cc cc cc cc cc cc cc cc cc cc cc cc 48 89 5c 24 


Stack slot to memory mapping:
stack at sp + 0 slots: 0x0000001eb9dfb8f0 is pointing into the stack for thread: 0x0000017845516660
stack at sp + 1 slots: 0x0000001eb9dfb720 is pointing into the stack for thread: 0x0000017845516660
stack at sp + 2 slots: 0x00000000000028fc is an unknown value
stack at sp + 3 slots: 0x00007ff915db501e jvm.dll
stack at sp + 4 slots: 0x0000001eb9dfc278 is pointing into the stack for thread: 0x0000017845516660
stack at sp + 5 slots: 0x000001784d1f0bd0 points into unknown readable memory: 0x00007ff9160df148 | 48 f1 0d 16 f9 7f 00 00
stack at sp + 6 slots: 0x0000000000001d49 is an unknown value
stack at sp + 7 slots: 0x000001784bd4db60 points into unknown readable memory: 0x000001784ba872b8 | b8 72 a8 4b 78 01 00 00


---------------  P R O C E S S  ---------------

Threads class SMR info:
_java_thread_list=0x000001784c2635f0, length=39, elements={
0x00000178316a7ad0, 0x00000178454e6750, 0x00000178454e9190, 0x0000017845510050,
0x0000017845510de0, 0x0000017845511b70, 0x0000017845513a50, 0x0000017845516660,
0x000001784a6a9eb0, 0x000001784a6acb80, 0x000001784a739680, 0x000001784aa4fac0,
0x000001784b1a2950, 0x000001784b61d760, 0x000001784b183d90, 0x000001784b1611d0,
0x000001784b266030, 0x000001784a9271c0, 0x000001784a923f20, 0x000001784a924940,
0x000001784a925360, 0x000001784a924430, 0x000001784a9267a0, 0x000001784a925d80,
0x000001784a9276d0, 0x000001784a924e50, 0x000001784a926290, 0x000001784a925870,
0x000001784afcd520, 0x000001784afd2620, 0x000001784afd16f0, 0x000001784afd11e0,
0x000001784afd1c00, 0x000001784afcbbd0, 0x000001784afd02b0, 0x000001784afcdf40,
0x000001784afce450, 0x000001784afcee70, 0x000001784afcc0e0
}

Java Threads: ( => current thread )
  0x00000178316a7ad0 JavaThread "main" [_thread_blocked, id=13184, stack(0x0000001eb9400000,0x0000001eb9500000)]
  0x00000178454e6750 JavaThread "Reference Handler" daemon [_thread_blocked, id=9900, stack(0x0000001eb9700000,0x0000001eb9800000)]
  0x00000178454e9190 JavaThread "Finalizer" daemon [_thread_blocked, id=10604, stack(0x0000001eb9800000,0x0000001eb9900000)]
  0x0000017845510050 JavaThread "Signal Dispatcher" daemon [_thread_blocked, id=3480, stack(0x0000001eb9900000,0x0000001eb9a00000)]
  0x0000017845510de0 JavaThread "Attach Listener" daemon [_thread_blocked, id=4372, stack(0x0000001eb9a00000,0x0000001eb9b00000)]
  0x0000017845511b70 JavaThread "Service Thread" daemon [_thread_blocked, id=4348, stack(0x0000001eb9b00000,0x0000001eb9c00000)]
  0x0000017845513a50 JavaThread "Monitor Deflation Thread" daemon [_thread_blocked, id=12568, stack(0x0000001eb9c00000,0x0000001eb9d00000)]
=>0x0000017845516660 JavaThread "C2 CompilerThread0" daemon [_thread_in_native, id=7524, stack(0x0000001eb9d00000,0x0000001eb9e00000)]
  0x000001784a6a9eb0 JavaThread "C1 CompilerThread0" daemon [_thread_blocked, id=9716, stack(0x0000001eb9e00000,0x0000001eb9f00000)]
  0x000001784a6acb80 JavaThread "Sweeper thread" daemon [_thread_blocked, id=12744, stack(0x0000001eb9f00000,0x0000001eba000000)]
  0x000001784a739680 JavaThread "Common-Cleaner" daemon [_thread_blocked, id=12716, stack(0x0000001eba000000,0x0000001eba100000)]
  0x000001784aa4fac0 JavaThread "Notification Thread" daemon [_thread_blocked, id=3108, stack(0x0000001eba100000,0x0000001eba200000)]
  0x000001784b1a2950 JavaThread "Active Thread: Equinox Container: 9596543e-ffb9-484c-af44-9aabcf799511" [_thread_blocked, id=11408, stack(0x0000001eba600000,0x0000001eba700000)]
  0x000001784b61d760 JavaThread "Framework Event Dispatcher: Equinox Container: 9596543e-ffb9-484c-af44-9aabcf799511" daemon [_thread_blocked, id=7548, stack(0x0000001eba800000,0x0000001eba900000)]
  0x000001784b183d90 JavaThread "Start Level: Equinox Container: 9596543e-ffb9-484c-af44-9aabcf799511" daemon [_thread_blocked, id=2628, stack(0x0000001eba900000,0x0000001ebaa00000)]
  0x000001784b1611d0 JavaThread "Bundle File Closer" daemon [_thread_blocked, id=13376, stack(0x0000001ebaa00000,0x0000001ebab00000)]
  0x000001784b266030 JavaThread "SCR Component Actor" daemon [_thread_blocked, id=13408, stack(0x0000001eba700000,0x0000001eba800000)]
  0x000001784a9271c0 JavaThread "Worker-JM" [_thread_blocked, id=13448, stack(0x0000001ebac00000,0x0000001ebad00000)]
  0x000001784a923f20 JavaThread "JNA Cleaner" daemon [_thread_blocked, id=13536, stack(0x0000001ebad00000,0x0000001ebae00000)]
  0x000001784a924940 JavaThread "Worker-0: Initialize Workspace" [_thread_in_vm, id=13540, stack(0x0000001ebae00000,0x0000001ebaf00000)]
  0x000001784a925360 JavaThread "Worker-1" [_thread_blocked, id=13548, stack(0x0000001ebaf00000,0x0000001ebb000000)]
  0x000001784a924430 JavaThread "Worker-2" [_thread_blocked, id=13584, stack(0x0000001ebb000000,0x0000001ebb100000)]
  0x000001784a9267a0 JavaThread "Worker-3" [_thread_blocked, id=13660, stack(0x0000001ebb100000,0x0000001ebb200000)]
  0x000001784a925d80 JavaThread "Java indexing" daemon [_thread_in_Java, id=13704, stack(0x0000001ebb300000,0x0000001ebb400000)]
  0x000001784a9276d0 JavaThread "Worker-4" [_thread_blocked, id=13708, stack(0x0000001ebb400000,0x0000001ebb500000)]
  0x000001784a924e50 JavaThread "Worker-5" [_thread_blocked, id=13768, stack(0x0000001ebb700000,0x0000001ebb800000)]
  0x000001784a926290 JavaThread "Worker-6: Java indexing... " [_thread_blocked, id=13772, stack(0x0000001ebb800000,0x0000001ebb900000)]
  0x000001784a925870 JavaThread "Thread-2" daemon [_thread_in_native, id=13776, stack(0x0000001ebb900000,0x0000001ebba00000)]
  0x000001784afcd520 JavaThread "Thread-3" daemon [_thread_in_native, id=13780, stack(0x0000001ebba00000,0x0000001ebbb00000)]
  0x000001784afd2620 JavaThread "Thread-4" daemon [_thread_in_native, id=13784, stack(0x0000001ebbb00000,0x0000001ebbc00000)]
  0x000001784afd16f0 JavaThread "Thread-5" daemon [_thread_in_native, id=13788, stack(0x0000001ebbc00000,0x0000001ebbd00000)]
  0x000001784afd11e0 JavaThread "Thread-6" daemon [_thread_in_native, id=13792, stack(0x0000001ebbd00000,0x0000001ebbe00000)]
  0x000001784afd1c00 JavaThread "pool-2-thread-1" [_thread_blocked, id=13796, stack(0x0000001ebbe00000,0x0000001ebbf00000)]
  0x000001784afcbbd0 JavaThread "WorkspaceEventsHandler" [_thread_blocked, id=13812, stack(0x0000001ebab00000,0x0000001ebac00000)]
  0x000001784afd02b0 JavaThread "pool-1-thread-1" [_thread_blocked, id=13816, stack(0x0000001ebbf00000,0x0000001ebc000000)]
  0x000001784afcdf40 JavaThread "Compiler Source File Reader" daemon [_thread_blocked, id=13896, stack(0x0000001ebb200000,0x0000001ebb300000)]
  0x000001784afce450 JavaThread "Compiler Source File Reader" daemon [_thread_blocked, id=13900, stack(0x0000001ebc000000,0x0000001ebc100000)]
  0x000001784afcee70 JavaThread "Compiler Processing Task" daemon [_thread_blocked, id=14024, stack(0x0000001ebc200000,0x0000001ebc300000)]
  0x000001784afcc0e0 JavaThread "Timer-0" [_thread_blocked, id=14280, stack(0x0000001ebc100000,0x0000001ebc200000)]

Other Threads:
  0x00000178454cf610 VMThread "VM Thread" [stack: 0x0000001eb9600000,0x0000001eb9700000] [id=6292]
  0x000001784a997980 WatcherThread [stack: 0x0000001eba200000,0x0000001eba300000] [id=2740]
  0x00000178316bee80 GCTaskThread "GC Thread#0" [stack: 0x0000001eb9500000,0x0000001eb9600000] [id=12340]
  0x000001784afde6b0 GCTaskThread "GC Thread#1" [stack: 0x0000001eba300000,0x0000001eba400000] [id=1908]
  0x000001784adf0bb0 GCTaskThread "GC Thread#2" [stack: 0x0000001eba400000,0x0000001eba500000] [id=3056]
  0x000001784adf0e70 GCTaskThread "GC Thread#3" [stack: 0x0000001eba500000,0x0000001eba600000] [id=7896]

Threads with active compile tasks:
C2 CompilerThread0    40315 8328   !   4       org.eclipse.jdt.internal.core.search.indexing.BinaryIndexer::indexDocument (1157 bytes)

VM state: not at safepoint (normal execution)

VM Mutex/Monitor currently owned by a thread: None

Heap address: 0x00000000c0000000, size: 1024 MB, Compressed Oops mode: 32-bit

CDS archive(s) not mapped
Compressed class space mapped at: 0x0000000100000000-0x0000000140000000, reserved size: 1073741824
Narrow klass base: 0x0000000000000000, Narrow klass shift: 3, Narrow klass range: 0x140000000

GC Precious Log:
 CPUs: 4 total, 4 available
 Memory: 7854M
 Large Page Support: Disabled
 NUMA Support: Disabled
 Compressed Oops: Enabled (32-bit)
 Alignments: Space 512K, Generation 512K, Heap 2M
 Heap Min Capacity: 100M
 Heap Initial Capacity: 100M
 Heap Max Capacity: 1G
 Pre-touch: Disabled
 Parallel Workers: 4

Heap:
 PSYoungGen      total 18432K, used 8473K [0x00000000eab00000, 0x00000000ebf80000, 0x0000000100000000)
  eden space 16384K, 40% used [0x00000000eab00000,0x00000000eb18d6c0,0x00000000ebb00000)
  from space 2048K, 86% used [0x00000000ebb80000,0x00000000ebd390c0,0x00000000ebd80000)
  to   space 2048K, 0% used [0x00000000ebd80000,0x00000000ebd80000,0x00000000ebf80000)
 ParOldGen       total 68608K, used 47053K [0x00000000c0000000, 0x00000000c4300000, 0x00000000eab00000)
  object space 68608K, 68% used [0x00000000c0000000,0x00000000c2df3798,0x00000000c4300000)
 Metaspace       used 64676K, committed 65856K, reserved 1114112K
  class space    used 6917K, committed 7424K, reserved 1048576K

Card table byte_map: [0x0000017831050000,0x0000017831260000] _byte_map_base: 0x0000017830a50000

Marking Bits: (ParMarkBitMap*) 0x00007ff9162b58b0
 Begin Bits: [0x0000017843350000, 0x0000017844350000)
 End Bits:   [0x0000017844350000, 0x0000017845350000)

Polling page: 0x000001782f620000

Metaspace:

Usage:
  Non-class:     56.41 MB used.
      Class:      6.76 MB used.
       Both:     63.16 MB used.

Virtual space:
  Non-class space:       64.00 MB reserved,      57.06 MB ( 89%) committed,  1 nodes.
      Class space:        1.00 GB reserved,       7.25 MB ( <1%) committed,  1 nodes.
             Both:        1.06 GB reserved,      64.31 MB (  6%) committed. 

Chunk freelists:
   Non-Class:  6.03 MB
       Class:  8.61 MB
        Both:  14.64 MB

MaxMetaspaceSize: unlimited
CompressedClassSpaceSize: 1.00 GB
Initial GC threshold: 21.00 MB
Current GC threshold: 97.31 MB
CDS: off
MetaspaceReclaimPolicy: balanced
 - commit_granule_bytes: 65536.
 - commit_granule_words: 8192.
 - virtual_space_node_default_size: 8388608.
 - enlarge_chunks_in_place: 1.
 - new_chunks_are_fully_committed: 0.
 - uncommit_free_chunks: 1.
 - use_allocation_guard: 0.
 - handle_deallocations: 1.


Internal statistics:

num_allocs_failed_limit: 9.
num_arena_births: 646.
num_arena_deaths: 14.
num_vsnodes_births: 2.
num_vsnodes_deaths: 0.
num_space_committed: 1029.
num_space_uncommitted: 0.
num_chunks_returned_to_freelist: 23.
num_chunks_taken_from_freelist: 3306.
num_chunk_merges: 14.
num_chunk_splits: 1992.
num_chunks_enlarged: 1134.
num_inconsistent_stats: 0.

CodeHeap 'non-profiled nmethods': size=120000Kb used=4474Kb max_used=4993Kb free=115525Kb
 bounds [0x000001783be20000, 0x000001783c310000, 0x0000017843350000]
CodeHeap 'profiled nmethods': size=120000Kb used=14671Kb max_used=16886Kb free=105328Kb
 bounds [0x0000017834350000, 0x00000178353d0000, 0x000001783b880000]
CodeHeap 'non-nmethods': size=5760Kb used=1353Kb max_used=1492Kb free=4406Kb
 bounds [0x000001783b880000, 0x000001783baf0000, 0x000001783be20000]
 total_blobs=7588 nmethods=6889 adapters=611
 compilation: enabled
              stopped_count=0, restarted_count=0
 full_count=0

Compilation events (20 events):
Event: 39.948 Thread 0x000001784a6a9eb0 nmethod 8319 0x000001783c043010 code [0x000001783c0431a0, 0x000001783c043278]
Event: 39.975 Thread 0x0000017845516660 8320   !   4       java.lang.ClassLoader::addClass (27 bytes)
Event: 39.984 Thread 0x0000017845516660 nmethod 8320 0x000001783c0de710 code [0x000001783c0de8a0, 0x000001783c0df118]
Event: 39.996 Thread 0x000001784a6a9eb0 8321       3       java.lang.reflect.ProxyGenerator::checkReturnTypes (281 bytes)
Event: 39.998 Thread 0x000001784a6a9eb0 nmethod 8321 0x0000017834dbf010 code [0x0000017834dbf540, 0x0000017834dc1c38]
Event: 39.998 Thread 0x000001784a6a9eb0 8322       3       java.lang.reflect.ProxyGenerator$ProxyMethod::generateMethod (548 bytes)
Event: 40.002 Thread 0x000001784a6a9eb0 nmethod 8322 0x00000178346c6090 code [0x00000178346c6620, 0x00000178346c9618]
Event: 40.002 Thread 0x000001784a6a9eb0 8323       3       java.lang.reflect.ProxyGenerator::computeUniqueCatchList (167 bytes)
Event: 40.005 Thread 0x000001784a6a9eb0 nmethod 8323 0x0000017834d15a10 code [0x0000017834d15d40, 0x0000017834d17598]
Event: 40.005 Thread 0x000001784a6a9eb0 8324       3       sun.reflect.generics.repository.GenericDeclRepository::<init> (7 bytes)
Event: 40.005 Thread 0x000001784a6a9eb0 nmethod 8324 0x0000017834495510 code [0x00000178344956c0, 0x0000017834495988]
Event: 40.024 Thread 0x0000017845516660 8325       4       org.eclipse.jdt.internal.compiler.util.HashtableOfObject::rehash (84 bytes)
Event: 40.047 Thread 0x0000017845516660 nmethod 8325 0x000001783c2cba90 code [0x000001783c2cbc60, 0x000001783c2cc4d8]
Event: 40.047 Thread 0x0000017845516660 8326   !   4       org.eclipse.osgi.internal.loader.ModuleClassLoader::publicGetPackage (18 bytes)
Event: 40.049 Thread 0x0000017845516660 nmethod 8326 0x000001783c208390 code [0x000001783c208520, 0x000001783c2087e8]
Event: 40.055 Thread 0x000001784a6a9eb0 8327       3       java.lang.StringConcatHelper::simpleConcat (94 bytes)
Event: 40.057 Thread 0x000001784a6a9eb0 nmethod 8327 0x00000178347b4b90 code [0x00000178347b4ec0, 0x00000178347b6328]
Event: 40.078 Thread 0x0000017845516660 8328   !   4       org.eclipse.jdt.internal.core.search.indexing.BinaryIndexer::indexDocument (1157 bytes)
Event: 40.127 Thread 0x000001784a6a9eb0 8329       3       java.util.regex.Pattern::skip (23 bytes)
Event: 40.127 Thread 0x000001784a6a9eb0 nmethod 8329 0x0000017834575f90 code [0x0000017834576120, 0x0000017834576258]

GC Heap History (20 events):
Event: 25.930 GC heap before
{Heap before GC invocations=29 (full 2):
 PSYoungGen      total 22528K, used 22079K [0x00000000eab00000, 0x00000000ec280000, 0x0000000100000000)
  eden space 20992K, 100% used [0x00000000eab00000,0x00000000ebf80000,0x00000000ebf80000)
  from space 1536K, 70% used [0x00000000ec100000,0x00000000ec20fe18,0x00000000ec280000)
  to   space 1536K, 0% used [0x00000000ebf80000,0x00000000ebf80000,0x00000000ec100000)
 ParOldGen       total 68608K, used 34305K [0x00000000c0000000, 0x00000000c4300000, 0x00000000eab00000)
  object space 68608K, 50% used [0x00000000c0000000,0x00000000c2180590,0x00000000c4300000)
 Metaspace       used 57449K, committed 58624K, reserved 1114112K
  class space    used 6174K, committed 6656K, reserved 1048576K
}
Event: 25.933 GC heap after
{Heap after GC invocations=29 (full 2):
 PSYoungGen      total 22528K, used 1010K [0x00000000eab00000, 0x00000000ec280000, 0x0000000100000000)
  eden space 20992K, 0% used [0x00000000eab00000,0x00000000eab00000,0x00000000ebf80000)
  from space 1536K, 65% used [0x00000000ebf80000,0x00000000ec07cb10,0x00000000ec100000)
  to   space 1536K, 0% used [0x00000000ec100000,0x00000000ec100000,0x00000000ec280000)
 ParOldGen       total 68608K, used 35329K [0x00000000c0000000, 0x00000000c4300000, 0x00000000eab00000)
  object space 68608K, 51% used [0x00000000c0000000,0x00000000c22806a8,0x00000000c4300000)
 Metaspace       used 57449K, committed 58624K, reserved 1114112K
  class space    used 6174K, committed 6656K, reserved 1048576K
}
Event: 26.610 GC heap before
{Heap before GC invocations=30 (full 2):
 PSYoungGen      total 22528K, used 22002K [0x00000000eab00000, 0x00000000ec280000, 0x0000000100000000)
  eden space 20992K, 100% used [0x00000000eab00000,0x00000000ebf80000,0x00000000ebf80000)
  from space 1536K, 65% used [0x00000000ebf80000,0x00000000ec07cb10,0x00000000ec100000)
  to   space 1536K, 0% used [0x00000000ec100000,0x00000000ec100000,0x00000000ec280000)
 ParOldGen       total 68608K, used 35329K [0x00000000c0000000, 0x00000000c4300000, 0x00000000eab00000)
  object space 68608K, 51% used [0x00000000c0000000,0x00000000c22806a8,0x00000000c4300000)
 Metaspace       used 58399K, committed 59584K, reserved 1114112K
  class space    used 6258K, committed 6720K, reserved 1048576K
}
Event: 26.614 GC heap after
{Heap after GC invocations=30 (full 2):
 PSYoungGen      total 20480K, used 1504K [0x00000000eab00000, 0x00000000ec680000, 0x0000000100000000)
  eden space 18944K, 0% used [0x00000000eab00000,0x00000000eab00000,0x00000000ebd80000)
  from space 1536K, 97% used [0x00000000ec100000,0x00000000ec2780e0,0x00000000ec280000)
  to   space 3584K, 0% used [0x00000000ebd80000,0x00000000ebd80000,0x00000000ec100000)
 ParOldGen       total 68608K, used 36904K [0x00000000c0000000, 0x00000000c4300000, 0x00000000eab00000)
  object space 68608K, 53% used [0x00000000c0000000,0x00000000c240a218,0x00000000c4300000)
 Metaspace       used 58399K, committed 59584K, reserved 1114112K
  class space    used 6258K, committed 6720K, reserved 1048576K
}
Event: 27.635 GC heap before
{Heap before GC invocations=31 (full 2):
 PSYoungGen      total 20480K, used 20448K [0x00000000eab00000, 0x00000000ec680000, 0x0000000100000000)
  eden space 18944K, 100% used [0x00000000eab00000,0x00000000ebd80000,0x00000000ebd80000)
  from space 1536K, 97% used [0x00000000ec100000,0x00000000ec2780e0,0x00000000ec280000)
  to   space 3584K, 0% used [0x00000000ebd80000,0x00000000ebd80000,0x00000000ec100000)
 ParOldGen       total 68608K, used 36904K [0x00000000c0000000, 0x00000000c4300000, 0x00000000eab00000)
  object space 68608K, 53% used [0x00000000c0000000,0x00000000c240a218,0x00000000c4300000)
 Metaspace       used 58473K, committed 59648K, reserved 1114112K
  class space    used 6258K, committed 6720K, reserved 1048576K
}
Event: 27.639 GC heap after
{Heap after GC invocations=31 (full 2):
 PSYoungGen      total 20480K, used 1441K [0x00000000eab00000, 0x00000000ec180000, 0x0000000100000000)
  eden space 18944K, 0% used [0x00000000eab00000,0x00000000eab00000,0x00000000ebd80000)
  from space 1536K, 93% used [0x00000000ebd80000,0x00000000ebee8480,0x00000000ebf00000)
  to   space 2048K, 0% used [0x00000000ebf80000,0x00000000ebf80000,0x00000000ec180000)
 ParOldGen       total 68608K, used 38400K [0x00000000c0000000, 0x00000000c4300000, 0x00000000eab00000)
  object space 68608K, 55% used [0x00000000c0000000,0x00000000c2580088,0x00000000c4300000)
 Metaspace       used 58473K, committed 59648K, reserved 1114112K
  class space    used 6258K, committed 6720K, reserved 1048576K
}
Event: 29.627 GC heap before
{Heap before GC invocations=32 (full 2):
 PSYoungGen      total 20480K, used 12407K [0x00000000eab00000, 0x00000000ec180000, 0x0000000100000000)
  eden space 18944K, 57% used [0x00000000eab00000,0x00000000eb5b57a0,0x00000000ebd80000)
  from space 1536K, 93% used [0x00000000ebd80000,0x00000000ebee8480,0x00000000ebf00000)
  to   space 2048K, 0% used [0x00000000ebf80000,0x00000000ebf80000,0x00000000ec180000)
 ParOldGen       total 68608K, used 38400K [0x00000000c0000000, 0x00000000c4300000, 0x00000000eab00000)
  object space 68608K, 55% used [0x00000000c0000000,0x00000000c2580088,0x00000000c4300000)
 Metaspace       used 58640K, committed 59776K, reserved 1114112K
  class space    used 6258K, committed 6720K, reserved 1048576K
}
Event: 29.629 GC heap after
{Heap after GC invocations=32 (full 2):
 PSYoungGen      total 19968K, used 903K [0x00000000eab00000, 0x00000000ec080000, 0x0000000100000000)
  eden space 18944K, 0% used [0x00000000eab00000,0x00000000eab00000,0x00000000ebd80000)
  from space 1024K, 88% used [0x00000000ebf80000,0x00000000ec061f30,0x00000000ec080000)
  to   space 1536K, 0% used [0x00000000ebd80000,0x00000000ebd80000,0x00000000ebf00000)
 ParOldGen       total 68608K, used 39009K [0x00000000c0000000, 0x00000000c4300000, 0x00000000eab00000)
  object space 68608K, 56% used [0x00000000c0000000,0x00000000c26184c8,0x00000000c4300000)
 Metaspace       used 58640K, committed 59776K, reserved 1114112K
  class space    used 6258K, committed 6720K, reserved 1048576K
}
Event: 29.629 GC heap before
{Heap before GC invocations=33 (full 3):
 PSYoungGen      total 19968K, used 903K [0x00000000eab00000, 0x00000000ec080000, 0x0000000100000000)
  eden space 18944K, 0% used [0x00000000eab00000,0x00000000eab00000,0x00000000ebd80000)
  from space 1024K, 88% used [0x00000000ebf80000,0x00000000ec061f30,0x00000000ec080000)
  to   space 1536K, 0% used [0x00000000ebd80000,0x00000000ebd80000,0x00000000ebf00000)
 ParOldGen       total 68608K, used 39009K [0x00000000c0000000, 0x00000000c4300000, 0x00000000eab00000)
  object space 68608K, 56% used [0x00000000c0000000,0x00000000c26184c8,0x00000000c4300000)
 Metaspace       used 58640K, committed 59776K, reserved 1114112K
  class space    used 6258K, committed 6720K, reserved 1048576K
}
Event: 29.777 GC heap after
{Heap after GC invocations=33 (full 3):
 PSYoungGen      total 19968K, used 0K [0x00000000eab00000, 0x00000000ec080000, 0x0000000100000000)
  eden space 18944K, 0% used [0x00000000eab00000,0x00000000eab00000,0x00000000ebd80000)
  from space 1024K, 0% used [0x00000000ebf80000,0x00000000ebf80000,0x00000000ec080000)
  to   space 1536K, 0% used [0x00000000ebd80000,0x00000000ebd80000,0x00000000ebf00000)
 ParOldGen       total 68608K, used 36168K [0x00000000c0000000, 0x00000000c4300000, 0x00000000eab00000)
  object space 68608K, 52% used [0x00000000c0000000,0x00000000c2352250,0x00000000c4300000)
 Metaspace       used 58640K, committed 59776K, reserved 1114112K
  class space    used 6258K, committed 6720K, reserved 1048576K
}
Event: 32.479 GC heap before
{Heap before GC invocations=34 (full 3):
 PSYoungGen      total 19968K, used 18944K [0x00000000eab00000, 0x00000000ec080000, 0x0000000100000000)
  eden space 18944K, 100% used [0x00000000eab00000,0x00000000ebd80000,0x00000000ebd80000)
  from space 1024K, 0% used [0x00000000ebf80000,0x00000000ebf80000,0x00000000ec080000)
  to   space 1536K, 0% used [0x00000000ebd80000,0x00000000ebd80000,0x00000000ebf00000)
 ParOldGen       total 68608K, used 36168K [0x00000000c0000000, 0x00000000c4300000, 0x00000000eab00000)
  object space 68608K, 52% used [0x00000000c0000000,0x00000000c2352250,0x00000000c4300000)
 Metaspace       used 60750K, committed 61952K, reserved 1114112K
  class space    used 6441K, committed 6912K, reserved 1048576K
}
Event: 32.487 GC heap after
{Heap after GC invocations=34 (full 3):
 PSYoungGen      total 20480K, used 1520K [0x00000000eab00000, 0x00000000ec380000, 0x0000000100000000)
  eden space 18944K, 0% used [0x00000000eab00000,0x00000000eab00000,0x00000000ebd80000)
  from space 1536K, 98% used [0x00000000ebd80000,0x00000000ebefc0e8,0x00000000ebf00000)
  to   space 3072K, 0% used [0x00000000ec080000,0x00000000ec080000,0x00000000ec380000)
 ParOldGen       total 68608K, used 37066K [0x00000000c0000000, 0x00000000c4300000, 0x00000000eab00000)
  object space 68608K, 54% used [0x00000000c0000000,0x00000000c24328a8,0x00000000c4300000)
 Metaspace       used 60750K, committed 61952K, reserved 1114112K
  class space    used 6441K, committed 6912K, reserved 1048576K
}
Event: 33.580 GC heap before
{Heap before GC invocations=35 (full 3):
 PSYoungGen      total 20480K, used 20464K [0x00000000eab00000, 0x00000000ec380000, 0x0000000100000000)
  eden space 18944K, 100% used [0x00000000eab00000,0x00000000ebd80000,0x00000000ebd80000)
  from space 1536K, 98% used [0x00000000ebd80000,0x00000000ebefc0e8,0x00000000ebf00000)
  to   space 3072K, 0% used [0x00000000ec080000,0x00000000ec080000,0x00000000ec380000)
 ParOldGen       total 68608K, used 37066K [0x00000000c0000000, 0x00000000c4300000, 0x00000000eab00000)
  object space 68608K, 54% used [0x00000000c0000000,0x00000000c24328a8,0x00000000c4300000)
 Metaspace       used 61754K, committed 62848K, reserved 1114112K
  class space    used 6548K, committed 6976K, reserved 1048576K
}
Event: 33.588 GC heap after
{Heap after GC invocations=35 (full 3):
 PSYoungGen      total 19456K, used 3061K [0x00000000eab00000, 0x00000000ec880000, 0x0000000100000000)
  eden space 16384K, 0% used [0x00000000eab00000,0x00000000eab00000,0x00000000ebb00000)
  from space 3072K, 99% used [0x00000000ec080000,0x00000000ec37d5a8,0x00000000ec380000)
  to   space 5632K, 0% used [0x00000000ebb00000,0x00000000ebb00000,0x00000000ec080000)
 ParOldGen       total 68608K, used 38720K [0x00000000c0000000, 0x00000000c4300000, 0x00000000eab00000)
  object space 68608K, 56% used [0x00000000c0000000,0x00000000c25d03e0,0x00000000c4300000)
 Metaspace       used 61754K, committed 62848K, reserved 1114112K
  class space    used 6548K, committed 6976K, reserved 1048576K
}
Event: 34.529 GC heap before
{Heap before GC invocations=36 (full 3):
 PSYoungGen      total 19456K, used 19445K [0x00000000eab00000, 0x00000000ec880000, 0x0000000100000000)
  eden space 16384K, 100% used [0x00000000eab00000,0x00000000ebb00000,0x00000000ebb00000)
  from space 3072K, 99% used [0x00000000ec080000,0x00000000ec37d5a8,0x00000000ec380000)
  to   space 5632K, 0% used [0x00000000ebb00000,0x00000000ebb00000,0x00000000ec080000)
 ParOldGen       total 68608K, used 38720K [0x00000000c0000000, 0x00000000c4300000, 0x00000000eab00000)
  object space 68608K, 56% used [0x00000000c0000000,0x00000000c25d03e0,0x00000000c4300000)
 Metaspace       used 62242K, committed 63424K, reserved 1114112K
  class space    used 6565K, committed 7040K, reserved 1048576K
}
Event: 34.540 GC heap after
{Heap after GC invocations=36 (full 3):
 PSYoungGen      total 19968K, used 3390K [0x00000000eab00000, 0x00000000ec300000, 0x0000000100000000)
  eden space 16384K, 0% used [0x00000000eab00000,0x00000000eab00000,0x00000000ebb00000)
  from space 3584K, 94% used [0x00000000ebb00000,0x00000000ebe4f8b8,0x00000000ebe80000)
  to   space 4096K, 0% used [0x00000000ebf00000,0x00000000ebf00000,0x00000000ec300000)
 ParOldGen       total 68608K, used 41688K [0x00000000c0000000, 0x00000000c4300000, 0x00000000eab00000)
  object space 68608K, 60% used [0x00000000c0000000,0x00000000c28b6328,0x00000000c4300000)
 Metaspace       used 62242K, committed 63424K, reserved 1114112K
  class space    used 6565K, committed 7040K, reserved 1048576K
}
Event: 39.101 GC heap before
{Heap before GC invocations=37 (full 3):
 PSYoungGen      total 19968K, used 19774K [0x00000000eab00000, 0x00000000ec300000, 0x0000000100000000)
  eden space 16384K, 100% used [0x00000000eab00000,0x00000000ebb00000,0x00000000ebb00000)
  from space 3584K, 94% used [0x00000000ebb00000,0x00000000ebe4f8b8,0x00000000ebe80000)
  to   space 4096K, 0% used [0x00000000ebf00000,0x00000000ebf00000,0x00000000ec300000)
 ParOldGen       total 68608K, used 41688K [0x00000000c0000000, 0x00000000c4300000, 0x00000000eab00000)
  object space 68608K, 60% used [0x00000000c0000000,0x00000000c28b6328,0x00000000c4300000)
 Metaspace       used 63014K, committed 64128K, reserved 1114112K
  class space    used 6661K, committed 7104K, reserved 1048576K
}
Event: 39.112 GC heap after
{Heap after GC invocations=37 (full 3):
 PSYoungGen      total 18944K, used 2299K [0x00000000eab00000, 0x00000000ec180000, 0x0000000100000000)
  eden space 16384K, 0% used [0x00000000eab00000,0x00000000eab00000,0x00000000ebb00000)
  from space 2560K, 89% used [0x00000000ebf00000,0x00000000ec13ee58,0x00000000ec180000)
  to   space 3072K, 0% used [0x00000000ebb80000,0x00000000ebb80000,0x00000000ebe80000)
 ParOldGen       total 68608K, used 44883K [0x00000000c0000000, 0x00000000c4300000, 0x00000000eab00000)
  object space 68608K, 65% used [0x00000000c0000000,0x00000000c2bd4e18,0x00000000c4300000)
 Metaspace       used 63014K, committed 64128K, reserved 1114112K
  class space    used 6661K, committed 7104K, reserved 1048576K
}
Event: 40.080 GC heap before
{Heap before GC invocations=38 (full 3):
 PSYoungGen      total 18944K, used 18683K [0x00000000eab00000, 0x00000000ec180000, 0x0000000100000000)
  eden space 16384K, 100% used [0x00000000eab00000,0x00000000ebb00000,0x00000000ebb00000)
  from space 2560K, 89% used [0x00000000ebf00000,0x00000000ec13ee58,0x00000000ec180000)
  to   space 3072K, 0% used [0x00000000ebb80000,0x00000000ebb80000,0x00000000ebe80000)
 ParOldGen       total 68608K, used 44883K [0x00000000c0000000, 0x00000000c4300000, 0x00000000eab00000)
  object space 68608K, 65% used [0x00000000c0000000,0x00000000c2bd4e18,0x00000000c4300000)
 Metaspace       used 64131K, committed 65216K, reserved 1114112K
  class space    used 6815K, committed 7232K, reserved 1048576K
}
Event: 40.088 GC heap after
{Heap after GC invocations=38 (full 3):
 PSYoungGen      total 18432K, used 1764K [0x00000000eab00000, 0x00000000ebf80000, 0x0000000100000000)
  eden space 16384K, 0% used [0x00000000eab00000,0x00000000eab00000,0x00000000ebb00000)
  from space 2048K, 86% used [0x00000000ebb80000,0x00000000ebd390c0,0x00000000ebd80000)
  to   space 2048K, 0% used [0x00000000ebd80000,0x00000000ebd80000,0x00000000ebf80000)
 ParOldGen       total 68608K, used 47053K [0x00000000c0000000, 0x00000000c4300000, 0x00000000eab00000)
  object space 68608K, 68% used [0x00000000c0000000,0x00000000c2df3798,0x00000000c4300000)
 Metaspace       used 64131K, committed 65216K, reserved 1114112K
  class space    used 6815K, committed 7232K, reserved 1048576K
}

Dll operation events (10 events):
Event: 0.015 Loaded shared library c:\Users\bayes\.vscode\extensions\redhat.java-1.35.0-win32-x64\jre\17.0.12-win32-x86_64\bin\java.dll
Event: 0.753 Loaded shared library c:\Users\bayes\.vscode\extensions\redhat.java-1.35.0-win32-x64\jre\17.0.12-win32-x86_64\bin\zip.dll
Event: 0.759 Loaded shared library C:\Users\bayes\.vscode\extensions\redhat.java-1.35.0-win32-x64\jre\17.0.12-win32-x86_64\bin\instrument.dll
Event: 0.780 Loaded shared library C:\Users\bayes\.vscode\extensions\redhat.java-1.35.0-win32-x64\jre\17.0.12-win32-x86_64\bin\net.dll
Event: 0.797 Loaded shared library C:\Users\bayes\.vscode\extensions\redhat.java-1.35.0-win32-x64\jre\17.0.12-win32-x86_64\bin\nio.dll
Event: 0.811 Loaded shared library C:\Users\bayes\.vscode\extensions\redhat.java-1.35.0-win32-x64\jre\17.0.12-win32-x86_64\bin\zip.dll
Event: 0.866 Loaded shared library C:\Users\bayes\.vscode\extensions\redhat.java-1.35.0-win32-x64\jre\17.0.12-win32-x86_64\bin\jimage.dll
Event: 1.016 Loaded shared library c:\Users\bayes\.vscode\extensions\redhat.java-1.35.0-win32-x64\jre\17.0.12-win32-x86_64\bin\verify.dll
Event: 4.498 Loaded shared library C:\Users\bayes\AppData\Roaming\Code\User\globalStorage\redhat.java\1.35.0\config_win\org.eclipse.equinox.launcher\org.eclipse.equinox.launcher.win32.win32.x86_64_1.2.1100.v20240722-2106\eclipse_11904.dll
Event: 10.015 Loaded shared library C:\Users\bayes\AppData\Local\Temp\jna-93514312\jna13749671426233424350.dll

Deoptimization events (20 events):
Event: 39.782 Thread 0x000001784a924940 Uncommon trap: trap_request=0xffffff45 fr.pc=0x000001783c0dbf4c relative=0x000000000000040c
Event: 39.782 Thread 0x000001784a924940 Uncommon trap: reason=unstable_if action=reinterpret pc=0x000001783c0dbf4c method=java.lang.StringConcatHelper.simpleConcat(Ljava/lang/Object;Ljava/lang/Object;)Ljava/lang/String; @ 30 c2
Event: 39.782 Thread 0x000001784a924940 DEOPT PACKING pc=0x000001783c0dbf4c sp=0x0000001ebaefe220
Event: 39.782 Thread 0x000001784a924940 DEOPT UNPACKING pc=0x000001783b8d66a3 sp=0x0000001ebaefe1c8 mode 2
Event: 39.814 Thread 0x000001784a924940 Uncommon trap: trap_request=0xffffffde fr.pc=0x000001783bf9b5c8 relative=0x00000000000011e8
Event: 39.814 Thread 0x000001784a924940 Uncommon trap: reason=class_check action=maybe_recompile pc=0x000001783bf9b5c8 method=java.nio.file.FileTreeWalker.visit(Ljava/nio/file/Path;ZZ)Ljava/nio/file/FileTreeWalker$Event; @ 58 c2
Event: 39.814 Thread 0x000001784a924940 DEOPT PACKING pc=0x000001783bf9b5c8 sp=0x0000001ebaefed30
Event: 39.814 Thread 0x000001784a924940 DEOPT UNPACKING pc=0x000001783b8d66a3 sp=0x0000001ebaefed30 mode 2
Event: 39.815 Thread 0x000001784a924940 Uncommon trap: trap_request=0xffffff45 fr.pc=0x000001783c17df10 relative=0x0000000000000af0
Event: 39.815 Thread 0x000001784a924940 Uncommon trap: reason=unstable_if action=reinterpret pc=0x000001783c17df10 method=java.util.regex.Pattern.newSlice([IIZ)Ljava/util/regex/Pattern$Node; @ 10 c2
Event: 39.815 Thread 0x000001784a924940 DEOPT PACKING pc=0x000001783c17df10 sp=0x0000001ebaefe920
Event: 39.815 Thread 0x000001784a924940 DEOPT UNPACKING pc=0x000001783b8d66a3 sp=0x0000001ebaefe870 mode 2
Event: 39.816 Thread 0x000001784a924940 Uncommon trap: trap_request=0xffffff45 fr.pc=0x000001783c179964 relative=0x0000000000000344
Event: 39.816 Thread 0x000001784a924940 Uncommon trap: reason=unstable_if action=reinterpret pc=0x000001783c179964 method=java.util.regex.Pattern.newSlice([IIZ)Ljava/util/regex/Pattern$Node; @ 10 c2
Event: 39.816 Thread 0x000001784a924940 DEOPT PACKING pc=0x000001783c179964 sp=0x0000001ebaefe8c0
Event: 39.816 Thread 0x000001784a924940 DEOPT UNPACKING pc=0x000001783b8d66a3 sp=0x0000001ebaefe860 mode 2
Event: 40.047 Thread 0x000001784a925d80 Uncommon trap: trap_request=0xffffff6e fr.pc=0x000001783c2cc27c relative=0x000000000000061c
Event: 40.047 Thread 0x000001784a925d80 Uncommon trap: reason=loop_limit_check action=maybe_recompile pc=0x000001783c2cc27c method=org.eclipse.jdt.internal.compiler.util.HashtableOfObject.rehash()V @ 56 c2
Event: 40.047 Thread 0x000001784a925d80 DEOPT PACKING pc=0x000001783c2cc27c sp=0x0000001ebb3fe510
Event: 40.047 Thread 0x000001784a925d80 DEOPT UNPACKING pc=0x000001783b8d66a3 sp=0x0000001ebb3fe4b8 mode 2

Classes loaded (20 events):
Event: 39.798 Loading class java/lang/Class$EnclosingMethodInfo
Event: 39.798 Loading class java/lang/Class$EnclosingMethodInfo done
Event: 39.814 Loading class java/nio/file/FileTreeWalker$1
Event: 39.814 Loading class java/nio/file/FileTreeWalker$1 done
Event: 39.815 Loading class sun/nio/fs/Globs
Event: 39.815 Loading class sun/nio/fs/Globs done
Event: 39.815 Loading class java/util/regex/Pattern$SliceU
Event: 39.815 Loading class java/util/regex/Pattern$SliceU done
Event: 39.816 Loading class sun/nio/fs/WindowsFileSystem$2
Event: 39.816 Loading class java/nio/file/PathMatcher
Event: 39.816 Loading class java/nio/file/PathMatcher done
Event: 39.816 Loading class sun/nio/fs/WindowsFileSystem$2 done
Event: 39.845 Loading class java/nio/file/FileChannelLinesSpliterator
Event: 39.848 Loading class java/nio/file/FileChannelLinesSpliterator done
Event: 39.849 Loading class java/util/stream/Streams$1
Event: 39.849 Loading class java/util/stream/Streams$1 done
Event: 39.863 Loading class java/nio/file/FileChannelLinesSpliterator$1
Event: 39.864 Loading class java/nio/file/FileChannelLinesSpliterator$1 done
Event: 40.114 Loading class java/util/concurrent/CopyOnWriteArraySet
Event: 40.114 Loading class java/util/concurrent/CopyOnWriteArraySet done

Classes unloaded (7 events):
Event: 13.673 Thread 0x00000178454cf610 Unloading class 0x0000000100252400 'java/lang/invoke/LambdaForm$MH+0x0000000100252400'
Event: 13.673 Thread 0x00000178454cf610 Unloading class 0x0000000100252000 'java/lang/invoke/LambdaForm$MH+0x0000000100252000'
Event: 13.673 Thread 0x00000178454cf610 Unloading class 0x0000000100251c00 'java/lang/invoke/LambdaForm$MH+0x0000000100251c00'
Event: 13.673 Thread 0x00000178454cf610 Unloading class 0x0000000100251800 'java/lang/invoke/LambdaForm$MH+0x0000000100251800'
Event: 13.673 Thread 0x00000178454cf610 Unloading class 0x0000000100251400 'java/lang/invoke/LambdaForm$BMH+0x0000000100251400'
Event: 13.673 Thread 0x00000178454cf610 Unloading class 0x0000000100251000 'java/lang/invoke/LambdaForm$DMH+0x0000000100251000'
Event: 13.673 Thread 0x00000178454cf610 Unloading class 0x000000010024c400 'java/lang/invoke/LambdaForm$DMH+0x000000010024c400'

Classes redefined (0 events):
No events

Internal exceptions (20 events):
Event: 22.934 Thread 0x000001784a924940 Exception <a 'sun/nio/fs/WindowsException'{0x00000000eb0573c0}> (0x00000000eb0573c0) 
thrown [s\src\hotspot\share\prims\jni.cpp, line 516]
Event: 22.935 Thread 0x000001784a924940 Exception <a 'sun/nio/fs/WindowsException'{0x00000000eb057dd0}> (0x00000000eb057dd0) 
thrown [s\src\hotspot\share\prims\jni.cpp, line 516]
Event: 22.935 Thread 0x000001784a924940 Exception <a 'sun/nio/fs/WindowsException'{0x00000000eb058690}> (0x00000000eb058690) 
thrown [s\src\hotspot\share\prims\jni.cpp, line 516]
Event: 31.196 Thread 0x000001784a924940 Exception <a 'java/lang/NoSuchMethodError'{0x00000000eb4ac698}: 'int java.lang.invoke.DirectMethodHandle$Holder.invokeSpecialIFC(java.lang.Object, java.lang.Object, java.lang.Object)'> (0x00000000eb4ac698) 
thrown [s\src\hotspot\share\interpreter\linkResolver.cpp, line 759]
Event: 32.574 Thread 0x000001784a925d80 Implicit null exception at 0x000001783c176d2c to 0x000001783c176e40
Event: 32.707 Thread 0x000001784afcee70 Exception <a 'java/lang/NoSuchMethodError'{0x00000000eaece668}: 'int java.lang.invoke.DirectMethodHandle$Holder.invokeStatic(java.lang.Object, int, java.lang.Object)'> (0x00000000eaece668) 
thrown [s\src\hotspot\share\interpreter\linkResolver.cpp, line 759]
Event: 33.411 Thread 0x000001784a924940 Exception <a 'sun/nio/fs/WindowsException'{0x00000000eb9b2218}> (0x00000000eb9b2218) 
thrown [s\src\hotspot\share\prims\jni.cpp, line 516]
Event: 33.412 Thread 0x000001784a924940 Exception <a 'sun/nio/fs/WindowsException'{0x00000000eb9b2ae8}> (0x00000000eb9b2ae8) 
thrown [s\src\hotspot\share\prims\jni.cpp, line 516]
Event: 33.413 Thread 0x000001784a924940 Exception <a 'sun/nio/fs/WindowsException'{0x00000000eb9b33a8}> (0x00000000eb9b33a8) 
thrown [s\src\hotspot\share\prims\jni.cpp, line 516]
Event: 33.479 Thread 0x000001784a924940 Exception <a 'sun/nio/fs/WindowsException'{0x00000000eba21058}> (0x00000000eba21058) 
thrown [s\src\hotspot\share\prims\jni.cpp, line 516]
Event: 33.494 Thread 0x000001784a924940 Exception <a 'sun/nio/fs/WindowsException'{0x00000000eba49e28}> (0x00000000eba49e28) 
thrown [s\src\hotspot\share\prims\jni.cpp, line 516]
Event: 33.608 Thread 0x000001784a924940 Implicit null exception at 0x000001783c15ea25 to 0x000001783c15eb88
Event: 34.633 Thread 0x000001784a924940 Exception <a 'sun/nio/fs/WindowsException'{0x00000000eab41e60}> (0x00000000eab41e60) 
thrown [s\src\hotspot\share\prims\jni.cpp, line 516]
Event: 34.633 Thread 0x000001784a924940 Exception <a 'sun/nio/fs/WindowsException'{0x00000000eab42498}> (0x00000000eab42498) 
thrown [s\src\hotspot\share\prims\jni.cpp, line 516]
Event: 34.655 Thread 0x000001784a924940 Exception <a 'sun/nio/fs/WindowsException'{0x00000000eab66b88}> (0x00000000eab66b88) 
thrown [s\src\hotspot\share\prims\jni.cpp, line 516]
Event: 34.655 Thread 0x000001784a924940 Exception <a 'sun/nio/fs/WindowsException'{0x00000000eab67468}> (0x00000000eab67468) 
thrown [s\src\hotspot\share\prims\jni.cpp, line 516]
Event: 36.097 Thread 0x000001784a9267a0 Exception <a 'java/lang/NoSuchMethodError'{0x00000000eacad5c8}: 'java.lang.Object java.lang.invoke.DirectMethodHandle$Holder.newInvokeSpecial(java.lang.Object, java.lang.Object, java.lang.Object, java.lang.Object, java.lang.Object, java.lang.Object)'> (0x00000000eacad5c8) 
thrown [s\src\hotspot\share\interpreter\linkResolver.cpp, line 759]
Event: 39.310 Thread 0x000001784a924940 Exception <a 'java/lang/NoSuchMethodError'{0x00000000eae23b58}: 'int java.lang.invoke.DirectMethodHandle$Holder.invokeSpecialIFC(java.lang.Object, java.lang.Object, java.lang.Object, java.lang.Object)'> (0x00000000eae23b58) 
thrown [s\src\hotspot\share\interpreter\linkResolver.cpp, line 759]
Event: 39.639 Thread 0x000001784a924940 Exception <a 'java/lang/NoSuchMethodError'{0x00000000eaf8ec10}: 'int java.lang.invoke.DirectMethodHandle$Holder.invokeInterface(java.lang.Object, java.lang.Object)'> (0x00000000eaf8ec10) 
thrown [s\src\hotspot\share\interpreter\linkResolver.cpp, line 759]
Event: 39.640 Thread 0x000001784a924940 Exception <a 'java/lang/IncompatibleClassChangeError'{0x00000000eaf91ef8}: Found class java.lang.Object, but interface was expected> (0x00000000eaf91ef8) 
thrown [s\src\hotspot\share\interpreter\linkResolver.cpp, line 826]

VM Operations (20 events):
Event: 34.665 Executing VM operation: HandshakeAllThreads
Event: 34.676 Executing VM operation: HandshakeAllThreads done
Event: 34.716 Executing VM operation: HandshakeAllThreads
Event: 36.090 Executing VM operation: HandshakeAllThreads done
Event: 36.090 Executing VM operation: Cleanup
Event: 36.090 Executing VM operation: Cleanup done
Event: 36.814 Executing VM operation: HandshakeAllThreads
Event: 36.845 Executing VM operation: HandshakeAllThreads done
Event: 37.423 Executing VM operation: HandshakeAllThreads
Event: 38.898 Executing VM operation: HandshakeAllThreads done
Event: 38.898 Executing VM operation: Cleanup
Event: 38.963 Executing VM operation: Cleanup done
Event: 38.963 Executing VM operation: HandshakeAllThreads
Event: 38.989 Executing VM operation: HandshakeAllThreads done
Event: 38.995 Executing VM operation: HandshakeAllThreads
Event: 39.024 Executing VM operation: HandshakeAllThreads done
Event: 39.101 Executing VM operation: ParallelGCFailedAllocation
Event: 39.112 Executing VM operation: ParallelGCFailedAllocation done
Event: 40.080 Executing VM operation: ParallelGCFailedAllocation
Event: 40.112 Executing VM operation: ParallelGCFailedAllocation done

Events (20 events):
Event: 39.038 Thread 0x000001784a6acb80 flushing nmethod 0x0000017835218e90
Event: 39.039 Thread 0x000001784a6acb80 flushing nmethod 0x000001783522a290
Event: 39.039 Thread 0x000001784a6acb80 flushing nmethod 0x000001783524c690
Event: 39.039 Thread 0x000001784a6acb80 flushing nmethod 0x000001783524f910
Event: 39.039 Thread 0x000001784a6acb80 flushing nmethod 0x0000017835258110
Event: 39.039 Thread 0x000001784a6acb80 flushing nmethod 0x000001783526f690
Event: 39.039 Thread 0x000001784a6acb80 flushing nmethod 0x000001783527bf10
Event: 39.039 Thread 0x000001784a6acb80 flushing nmethod 0x000001783527d590
Event: 39.039 Thread 0x000001784a6acb80 flushing nmethod 0x00000178352c3d90
Event: 39.039 Thread 0x000001784a6acb80 flushing nmethod 0x00000178352f4310
Event: 39.039 Thread 0x000001784a6acb80 flushing nmethod 0x00000178352fbc10
Event: 39.039 Thread 0x000001784a6acb80 flushing nmethod 0x00000178352ff290
Event: 39.039 Thread 0x000001784a6acb80 flushing nmethod 0x00000178352ff990
Event: 39.039 Thread 0x000001784a6acb80 flushing nmethod 0x000001783530a910
Event: 39.039 Thread 0x000001784a6acb80 flushing nmethod 0x000001783530b510
Event: 39.039 Thread 0x000001784a6acb80 flushing nmethod 0x0000017835317b10
Event: 39.039 Thread 0x000001784a6acb80 flushing nmethod 0x0000017835317f90
Event: 39.039 Thread 0x000001784a6acb80 flushing nmethod 0x0000017835328d10
Event: 39.644 Thread 0x000001784a8fc930 Thread exited: 0x000001784a8fc930
Event: 40.015 Thread 0x000001784afcc0e0 Thread added: 0x000001784afcc0e0


Dynamic libraries:
0x00007ff70e8b0000 - 0x00007ff70e8be000 	c:\Users\bayes\.vscode\extensions\redhat.java-1.35.0-win32-x64\jre\17.0.12-win32-x86_64\bin\java.exe
0x00007ff94b1b0000 - 0x00007ff94b3a8000 	C:\Windows\SYSTEM32\ntdll.dll
0x00007ff94b0b0000 - 0x00007ff94b16f000 	C:\Windows\System32\KERNEL32.DLL
0x00007ff948cf0000 - 0x00007ff948fe6000 	C:\Windows\System32\KERNELBASE.dll
0x00007ff949110000 - 0x00007ff949210000 	C:\Windows\System32\ucrtbase.dll
0x00007ff932c60000 - 0x00007ff932c77000 	c:\Users\bayes\.vscode\extensions\redhat.java-1.35.0-win32-x64\jre\17.0.12-win32-x86_64\bin\jli.dll
0x00007ff9493b0000 - 0x00007ff94954d000 	C:\Windows\System32\USER32.dll
0x00007ff948cc0000 - 0x00007ff948ce2000 	C:\Windows\System32\win32u.dll
0x00007ff9497e0000 - 0x00007ff94980c000 	C:\Windows\System32\GDI32.dll
0x00007ff948ff0000 - 0x00007ff949105000 	C:\Windows\System32\gdi32full.dll
0x00007ff948c20000 - 0x00007ff948cbd000 	C:\Windows\System32\msvcp_win.dll
0x00007ff919900000 - 0x00007ff91991b000 	c:\Users\bayes\.vscode\extensions\redhat.java-1.35.0-win32-x64\jre\17.0.12-win32-x86_64\bin\VCRUNTIME140.dll
0x00007ff947c90000 - 0x00007ff947f2a000 	C:\Windows\WinSxS\amd64_microsoft.windows.common-controls_6595b64144ccf1df_6.0.19041.1110_none_60b5254171f9507e\COMCTL32.dll
0x00007ff949620000 - 0x00007ff9496be000 	C:\Windows\System32\msvcrt.dll
0x00007ff9495f0000 - 0x00007ff949620000 	C:\Windows\System32\IMM32.DLL
0x00007ff933a90000 - 0x00007ff933a9c000 	c:\Users\bayes\.vscode\extensions\redhat.java-1.35.0-win32-x64\jre\17.0.12-win32-x86_64\bin\vcruntime140_1.dll
0x00007ff919870000 - 0x00007ff9198fd000 	c:\Users\bayes\.vscode\extensions\redhat.java-1.35.0-win32-x64\jre\17.0.12-win32-x86_64\bin\msvcp140.dll
0x00007ff915710000 - 0x00007ff91637a000 	c:\Users\bayes\.vscode\extensions\redhat.java-1.35.0-win32-x64\jre\17.0.12-win32-x86_64\bin\server\jvm.dll
0x00007ff94a0e0000 - 0x00007ff94a18f000 	C:\Windows\System32\ADVAPI32.dll
0x00007ff949a20000 - 0x00007ff949abc000 	C:\Windows\System32\sechost.dll
0x00007ff949870000 - 0x00007ff949996000 	C:\Windows\System32\RPCRT4.dll
0x00007ff94a600000 - 0x00007ff94a66b000 	C:\Windows\System32\WS2_32.dll
0x00007ff9484b0000 - 0x00007ff9484fb000 	C:\Windows\SYSTEM32\POWRPROF.dll
0x00007ff923640000 - 0x00007ff923667000 	C:\Windows\SYSTEM32\WINMM.dll
0x00007ff941820000 - 0x00007ff94182a000 	C:\Windows\SYSTEM32\VERSION.dll
0x00007ff947f30000 - 0x00007ff947f42000 	C:\Windows\SYSTEM32\UMPDC.dll
0x00007ff9462c0000 - 0x00007ff9462d2000 	C:\Windows\SYSTEM32\kernel.appcore.dll
0x00007ff932e10000 - 0x00007ff932e1a000 	c:\Users\bayes\.vscode\extensions\redhat.java-1.35.0-win32-x64\jre\17.0.12-win32-x86_64\bin\jimage.dll
0x00007ff948240000 - 0x00007ff948424000 	C:\Windows\SYSTEM32\DBGHELP.DLL
0x00007ff948060000 - 0x00007ff948094000 	C:\Windows\SYSTEM32\dbgcore.DLL
0x00007ff948940000 - 0x00007ff9489c2000 	C:\Windows\System32\bcryptPrimitives.dll
0x00007ff932c30000 - 0x00007ff932c3e000 	c:\Users\bayes\.vscode\extensions\redhat.java-1.35.0-win32-x64\jre\17.0.12-win32-x86_64\bin\instrument.dll
0x00007ff919840000 - 0x00007ff919865000 	c:\Users\bayes\.vscode\extensions\redhat.java-1.35.0-win32-x64\jre\17.0.12-win32-x86_64\bin\java.dll
0x00007ff919820000 - 0x00007ff919838000 	c:\Users\bayes\.vscode\extensions\redhat.java-1.35.0-win32-x64\jre\17.0.12-win32-x86_64\bin\zip.dll
0x00007ff94a670000 - 0x00007ff94adb4000 	C:\Windows\System32\SHELL32.dll
0x00007ff9462e0000 - 0x00007ff946a73000 	C:\Windows\SYSTEM32\windows.storage.dll
0x00007ff949b20000 - 0x00007ff949e74000 	C:\Windows\System32\combase.dll
0x00007ff947bf0000 - 0x00007ff947c1e000 	C:\Windows\SYSTEM32\Wldp.dll
0x00007ff949220000 - 0x00007ff9492cd000 	C:\Windows\System32\SHCORE.dll
0x00007ff949810000 - 0x00007ff949865000 	C:\Windows\System32\shlwapi.dll
0x00007ff9487d0000 - 0x00007ff9487ef000 	C:\Windows\SYSTEM32\profapi.dll
0x00007ff918180000 - 0x00007ff918199000 	C:\Users\bayes\.vscode\extensions\redhat.java-1.35.0-win32-x64\jre\17.0.12-win32-x86_64\bin\net.dll
0x00007ff9369c0000 - 0x00007ff936aca000 	C:\Windows\SYSTEM32\WINHTTP.dll
0x00007ff947ac0000 - 0x00007ff947b2a000 	C:\Windows\system32\mswsock.dll
0x00007ff918160000 - 0x00007ff918176000 	C:\Users\bayes\.vscode\extensions\redhat.java-1.35.0-win32-x64\jre\17.0.12-win32-x86_64\bin\nio.dll
0x00007ff928920000 - 0x00007ff928930000 	c:\Users\bayes\.vscode\extensions\redhat.java-1.35.0-win32-x64\jre\17.0.12-win32-x86_64\bin\verify.dll
0x00007ff917fd0000 - 0x00007ff918015000 	C:\Users\bayes\AppData\Roaming\Code\User\globalStorage\redhat.java\1.35.0\config_win\org.eclipse.equinox.launcher\org.eclipse.equinox.launcher.win32.win32.x86_64_1.2.1100.v20240722-2106\eclipse_11904.dll
0x00007ff94ade0000 - 0x00007ff94af0a000 	C:\Windows\System32\ole32.dll
0x00007ff948620000 - 0x00007ff948638000 	C:\Windows\SYSTEM32\CRYPTSP.dll
0x00007ff9472c0000 - 0x00007ff9472f4000 	C:\Windows\system32\rsaenh.dll
0x00007ff948a20000 - 0x00007ff948a47000 	C:\Windows\System32\bcrypt.dll
0x00007ff948790000 - 0x00007ff9487be000 	C:\Windows\SYSTEM32\USERENV.dll
0x00007ff947bb0000 - 0x00007ff947bbc000 	C:\Windows\SYSTEM32\CRYPTBASE.dll
0x00007ff947640000 - 0x00007ff94767c000 	C:\Windows\SYSTEM32\IPHLPAPI.DLL
0x00007ff94b040000 - 0x00007ff94b048000 	C:\Windows\System32\NSI.dll
0x00007ff93cc10000 - 0x00007ff93cc27000 	C:\Windows\SYSTEM32\dhcpcsvc6.DLL
0x00007ff93ce10000 - 0x00007ff93ce2d000 	C:\Windows\SYSTEM32\dhcpcsvc.DLL
0x00007ff947680000 - 0x00007ff94774b000 	C:\Windows\SYSTEM32\DNSAPI.dll
0x00007ff917990000 - 0x00007ff9179d9000 	C:\Users\bayes\AppData\Local\Temp\jna-93514312\jna13749671426233424350.dll
0x00007ff9495e0000 - 0x00007ff9495e8000 	C:\Windows\System32\PSAPI.DLL

dbghelp: loaded successfully - version: 4.0.5 - missing functions: none
symbol engine: initialized successfully - sym options: 0x614 - pdb path: .;c:\Users\bayes\.vscode\extensions\redhat.java-1.35.0-win32-x64\jre\17.0.12-win32-x86_64\bin;C:\Windows\SYSTEM32;C:\Windows\WinSxS\amd64_microsoft.windows.common-controls_6595b64144ccf1df_6.0.19041.1110_none_60b5254171f9507e;c:\Users\bayes\.vscode\extensions\redhat.java-1.35.0-win32-x64\jre\17.0.12-win32-x86_64\bin\server;C:\Users\bayes\AppData\Roaming\Code\User\globalStorage\redhat.java\1.35.0\config_win\org.eclipse.equinox.launcher\org.eclipse.equinox.launcher.win32.win32.x86_64_1.2.1100.v20240722-2106;C:\Users\bayes\AppData\Local\Temp\jna-93514312

VM Arguments:
jvm_args: --add-modules=ALL-SYSTEM --add-opens=java.base/java.util=ALL-UNNAMED --add-opens=java.base/java.lang=ALL-UNNAMED --add-opens=java.base/sun.nio.fs=ALL-UNNAMED -Declipse.application=org.eclipse.jdt.ls.core.id1 -Dosgi.bundles.defaultStartLevel=4 -Declipse.product=org.eclipse.jdt.ls.core.product -Djava.import.generatesMetadataFilesAtProjectRoot=false -DDetectVMInstallationsJob.disabled=true -Dfile.encoding=utf8 -XX:+UseParallelGC -XX:GCTimeRatio=4 -XX:AdaptiveSizePolicyWeight=90 -Dsun.zip.disableMemoryMapping=true -Xmx1G -Xms100m -Xlog:disable -javaagent:c:\Users\bayes\.vscode\extensions\redhat.java-1.35.0-win32-x64\lombok\lombok-1.18.33.jar -XX:+HeapDumpOnOutOfMemoryError -XX:HeapDumpPath=c:\Users\bayes\AppData\Roaming\Code\User\workspaceStorage\168498a9360cd755819b0a706d5edd1a\redhat.java -Daether.dependencyCollector.impl=bf 
java_command: c:\Users\bayes\.vscode\extensions\redhat.java-1.35.0-win32-x64\server\plugins\org.eclipse.equinox.launcher_1.6.900.v20240613-2009.jar -configuration c:\Users\bayes\AppData\Roaming\Code\User\globalStorage\redhat.java\1.35.0\config_win -data c:\Users\bayes\AppData\Roaming\Code\User\workspaceStorage\168498a9360cd755819b0a706d5edd1a\redhat.java\jdt_ws --pipe=\\.\pipe\lsp-e7a641bcefc5628cba6f9781ec7dc662-sock
java_class_path (initial): c:\Users\bayes\.vscode\extensions\redhat.java-1.35.0-win32-x64\server\plugins\org.eclipse.equinox.launcher_1.6.900.v20240613-2009.jar
Launcher Type: SUN_STANDARD

[Global flags]
    uintx AdaptiveSizePolicyWeight                 = 90                                        {product} {command line}
     intx CICompilerCount                          = 3                                         {product} {ergonomic}
    uintx GCTimeRatio                              = 4                                         {product} {command line}
     bool HeapDumpOnOutOfMemoryError               = true                                   {manageable} {command line}
    ccstr HeapDumpPath                             = c:\Users\bayes\AppData\Roaming\Code\User\workspaceStorage\168498a9360cd755819b0a706d5edd1a\redhat.java         {manageable} {command line}
   size_t InitialHeapSize                          = 104857600                                 {product} {command line}
   size_t MaxHeapSize                              = 1073741824                                {product} {command line}
   size_t MaxNewSize                               = 357564416                                 {product} {ergonomic}
   size_t MinHeapDeltaBytes                        = 524288                                    {product} {ergonomic}
   size_t MinHeapSize                              = 104857600                                 {product} {command line}
   size_t NewSize                                  = 34603008                                  {product} {ergonomic}
    uintx NonNMethodCodeHeapSize                   = 5832780                                {pd product} {ergonomic}
    uintx NonProfiledCodeHeapSize                  = 122912730                              {pd product} {ergonomic}
   size_t OldSize                                  = 70254592                                  {product} {ergonomic}
    uintx ProfiledCodeHeapSize                     = 122912730                              {pd product} {ergonomic}
    uintx ReservedCodeCacheSize                    = 251658240                              {pd product} {ergonomic}
     bool SegmentedCodeCache                       = true                                      {product} {ergonomic}
   size_t SoftMaxHeapSize                          = 1073741824                             {manageable} {ergonomic}
     bool UseCompressedClassPointers               = true                           {product lp64_product} {ergonomic}
     bool UseCompressedOops                        = true                           {product lp64_product} {ergonomic}
     bool UseLargePagesIndividualAllocation        = false                                  {pd product} {ergonomic}
     bool UseParallelGC                            = true                                      {product} {command line}

Logging:
Log output configuration:
 #0: stdout all=off uptime,level,tags
 #1: stderr all=off uptime,level,tags

Environment Variables:
JAVA_HOME=C:\Program Files\Java\jdk-21
PATH=C:\Program Files\Eclipse Adoptium\jdk-21.0.4.7-hotspot\bin;C:\Program Files\Common Files\Oracle\Java\javapath;C:\Windows\system32;C:\Windows;C:\Windows\System32\Wbem;C:\Windows\System32\WindowsPowerShell\v1.0\;C:\Windows\System32\OpenSSH\;C:\Program Files\Java\jdk-21;C:\Users\bayes\AppData\Local\Microsoft\WindowsApps;C:\Users\bayes\AppData\Local\Programs\Microsoft VS Code\bin;C:\Program Files\gradle-8.10.2\bin;
USERNAME=bayes
OS=Windows_NT
PROCESSOR_IDENTIFIER=Intel64 Family 6 Model 78 Stepping 3, GenuineIntel
TMP=C:\Users\bayes\AppData\Local\Temp
TEMP=C:\Users\bayes\AppData\Local\Temp



Periodic native trim disabled


---------------  S Y S T E M  ---------------

OS:
 Windows 10 , 64 bit Build 19041 (10.0.19041.2913)
OS uptime: 0 days 0:06 hours

CPU: total 4 (initial active 4) (2 cores per cpu, 2 threads per core) family 6 model 78 stepping 3 microcode 0xcc, cx8, cmov, fxsr, ht, mmx, 3dnowpref, sse, sse2, sse3, ssse3, sse4.1, sse4.2, popcnt, lzcnt, tsc, tscinvbit, avx, avx2, aes, erms, clmul, bmi1, bmi2, rtm, adx, fma, vzeroupper, clflush, clflushopt
Processor Information for all 4 processors :
  Max Mhz: 2496, Current Mhz: 2396, Mhz Limit: 2396

Memory: 4k page, system-wide physical 7854M (1389M free)
TotalPageFile size 15790M (AvailPageFile size 7628M)
current process WorkingSet (physical memory assigned to process): 262M, peak: 265M
current process commit charge ("private bytes"): 308M, peak: 318M

vm_info: OpenJDK 64-Bit Server VM (17.0.12+7) for windows-amd64 JRE (17.0.12+7), built on Jul 16 2024 22:08:24 by "admin" with MS VC++ 16.10 / 16.11 (VS2019)

END.
