#
# A fatal error has been detected by the Java Runtime Environment:
#
#  EXCEPTION_ACCESS_VIOLATION (0xc0000005) at pc=0x00007fff4b0afa70, pid=13200, tid=7668
#
# JRE version: OpenJDK Runtime Environment Temurin-17.0.12+7 (17.0.12+7) (build 17.0.12+7)
# Java VM: OpenJDK 64-Bit Server VM Temurin-17.0.12+7 (17.0.12+7, mixed mode, tiered, compressed oops, compressed class ptrs, parallel gc, windows-amd64)
# Problematic frame:
# V  [jvm.dll+0x2afa70]
#
# No core dump will be written. Minidumps are not enabled by default on client versions of Windows
#
# If you would like to submit a bug report, please visit:
#   https://github.com/adoptium/adoptium-support/issues
#

---------------  S U M M A R Y ------------

Command Line: --add-modules=ALL-SYSTEM --add-opens=java.base/java.util=ALL-UNNAMED --add-opens=java.base/java.lang=ALL-UNNAMED --add-opens=java.base/sun.nio.fs=ALL-UNNAMED -Declipse.application=org.eclipse.jdt.ls.core.id1 -Dosgi.bundles.defaultStartLevel=4 -Declipse.product=org.eclipse.jdt.ls.core.product -Djava.import.generatesMetadataFilesAtProjectRoot=false -DDetectVMInstallationsJob.disabled=true -Dfile.encoding=utf8 -XX:+UseParallelGC -XX:GCTimeRatio=4 -XX:AdaptiveSizePolicyWeight=90 -Dsun.zip.disableMemoryMapping=true -Xmx1G -Xms100m -Xlog:disable -javaagent:c:\Users\bayes\.vscode\extensions\redhat.java-1.35.0-win32-x64\lombok\lombok-1.18.33.jar -XX:+HeapDumpOnOutOfMemoryError -XX:HeapDumpPath=c:\Users\bayes\AppData\Roaming\Code\User\workspaceStorage\168498a9360cd755819b0a706d5edd1a\redhat.java -Daether.dependencyCollector.impl=bf c:\Users\bayes\.vscode\extensions\redhat.java-1.35.0-win32-x64\server\plugins\org.eclipse.equinox.launcher_1.6.900.v20240613-2009.jar -configuration c:\Users\bayes\AppData\Roaming\Code\User\globalStorage\redhat.java\1.35.0\config_win -data c:\Users\bayes\AppData\Roaming\Code\User\workspaceStorage\168498a9360cd755819b0a706d5edd1a\redhat.java\jdt_ws --pipe=\\.\pipe\lsp-ed1cf089f54d386bbbf031015575ff9a-sock

Host: Intel(R) Core(TM) i5-6300U CPU @ 2.40GHz, 4 cores, 7G,  Windows 10 , 64 bit Build 19041 (10.0.19041.2913)
Time: Thu Sep 26 21:47:27 2024 Paris, Madrid (heure duild 19041 (10.0.19041.2913) elapsed time: 7.296501 seconds (0d 0h 0m 7s)

---------------  T H R E A D  ---------------

Current thread (0x000002521e0fa190):  JavaThread "C2 CompilerThread1" daemon [_thread_in_native, id=7668, stack(0x00000052b8800000,0x00000052b8900000)]


Current CompileTask:
C2:   7296 4820       4       jdk.internal.org.objectweb.asm.Frame::execute (2318 bytes)

Stack: [0x00000052b8800000,0x00000052b8900000],  sp=0x00000052b88faad0,  free space=1002k
Native frames: (J=compiled Java code, j=interpreted, Vv=VM code, C=native code)
V  [jvm.dll+0x2afa70]
V  [jvm.dll+0x5868d7]
V  [jvm.dll+0x2231c2]
V  [jvm.dll+0x21c0bd]
V  [jvm.dll+0x219be1]
V  [jvm.dll+0x1a58bd]
V  [jvm.dll+0x229a2d]
V  [jvm.dll+0x227bdc]
V  [jvm.dll+0x7ec1f7]
V  [jvm.dll+0x7e65dc]
V  [jvm.dll+0x67e7f7]
C  [ucrtbase.dll+0x21bb2]
C  [KERNEL32.DLL+0x17614]
C  [ntdll.dll+0x526a1]


siginfo: EXCEPTION_ACCESS_VIOLATION (0xc0000005), reading address 0x0000000000000024


Registers:
RAX=0x0000000000000014, RBX=0x0000000000000058, RCX=0x000002521e5252d8, RDX=0x000002521ff692c0
RSP=0x00000052b88faad0, RBP=0x000002521ff3df80, RSI=0x00000052b88faf10, RDI=0x000000000000000b
R8 =0x000002521ff3df80, R9 =0x000002521ff69f90, R10=0x0000000000000100, R11=0x000002521ff69270
R12=0x000002521ff69270, R13=0x0000000000000000, R14=0x000002521f31e2a0, R15=0x000002521e26d158
RIP=0x00007fff4b0afa70, EFLAGS=0x0000000000010206


Register to memory mapping:

RIP=0x00007fff4b0afa70 jvm.dll
RAX=0x0000000000000014 is an unknown value
RBX=0x0000000000000058 is an unknown value
RCX=0x000002521e5252d8 points into unknown readable memory: 0x0000000000000014 | 14 00 00 00 00 00 00 00
RDX=0x000002521ff692c0 points into unknown readable memory: 0x000002521f1d90a0 | a0 90 1d 1f 52 02 00 00
RSP=0x00000052b88faad0 is pointing into the stack for thread: 0x000002521e0fa190
RBP=0x000002521ff3df80 points into unknown readable memory: 0x0000000000000000 | 00 00 00 00 00 00 00 00
RSI=0x00000052b88faf10 is pointing into the stack for thread: 0x000002521e0fa190
RDI=0x000000000000000b is an unknown value
R8 =0x000002521ff3df80 points into unknown readable memory: 0x0000000000000000 | 00 00 00 00 00 00 00 00
R9 =0x000002521ff69f90 points into unknown readable memory: 0x000002521f7754a8 | a8 54 77 1f 52 02 00 00
R10=0x0000000000000100 is an unknown value
R11=0x000002521ff69270 points into unknown readable memory: 0x000002521e26d158 | 58 d1 26 1e 52 02 00 00
R12=0x000002521ff69270 points into unknown readable memory: 0x000002521e26d158 | 58 d1 26 1e 52 02 00 00
R13=0x0 is NULL
R14=0x000002521f31e2a0 points into unknown readable memory: 0xffffffff00000001 | 01 00 00 00 ff ff ff ff
R15=0x000002521e26d158 points into unknown readable memory: 0x00007fff4b72f7e8 | e8 f7 72 4b ff 7f 00 00


Top of Stack: (sp=0x00000052b88faad0)
0x00000052b88faad0:   000002521ff3df80 00000052b88fab20
0x00000052b88faae0:   00000052b88faf10 000002521f31e2a0
0x00000052b88faaf0:   000002521f31e2a0 000002521d2a3e50
0x00000052b88fab00:   000002521e579f90 00000000000b5fc8
0x00000052b88fab10:   000002521e580eb0 000002521e581f78
0x00000052b88fab20:   0000025200000100 000002521fba7d60
0x00000052b88fab30:   0000000000000100 000002521d2a3e50
0x00000052b88fab40:   00000000045665d7 0000000000000000
0x00000052b88fab50:   0000000000000002 0000000000050200
0x00000052b88fab60:   0000025200e2a510 0000000000000001
0x00000052b88fab70:   000002521e460620 00000052b88fac90
0x00000052b88fab80:   00000052b88faf10 00007fff4b3868d7
0x00000052b88fab90:   00000052b88faf10 0000005200000d92
0x00000052b88faba0:   000002521ff3df80 00000000000008a2
0x00000052b88fabb0:   0000000000000000 0000000000000000
0x00000052b88fabc0:   0000000000000000 0000000000000000
0x00000052b88fabd0:   0000000000010020 0000000000010010
0x00000052b88fabe0:   0000000000000002 000002521e047980
0x00000052b88fabf0:   0000000000000002 000002521d2a3e50
0x00000052b88fac00:   0000025200ce0000 0000000000000002
0x00000052b88fac10:   0000000000010010 0000000000000000
0x00000052b88fac20:   0000000000000000 00000052b88fac34
0x00000052b88fac30:   0000000300000000 0000000000000000
0x00000052b88fac40:   0000000000000000 0000000000000000
0x00000052b88fac50:   0000000000000000 0000000000000000
0x00000052b88fac60:   0000000000000000 0000000000000000
0x00000052b88fac70:   0000000000000000 0000000000000000
0x00000052b88fac80:   0000000000000000 0000000000000000
0x00000052b88fac90:   0000000000000000 0000000000000000
0x00000052b88faca0:   0000000000000000 0000000000000000
0x00000052b88facb0:   0000000000000000 0000000000000000
0x00000052b88facc0:   0000000000000000 0000000000000000 

Instructions: (pc=0x00007fff4b0afa70)
0x00007fff4b0af970:   8b 46 10 45 33 ed 48 8b e8 48 89 84 24 d0 00 00
0x00007fff4b0af980:   00 41 8b 88 40 02 00 00 83 e9 01 48 63 d1 78 21
0x00007fff4b0af990:   48 8d 0c 92 48 c1 e1 04 48 03 c8 0f 1f 44 00 00
0x00007fff4b0af9a0:   48 83 ea 01 4c 89 29 48 8d 49 b0 79 f3 4c 8b 46
0x00007fff4b0af9b0:   10 41 8b 88 40 02 00 00 33 d2 ff c1 48 c1 e1 02
0x00007fff4b0af9c0:   e8 2b 60 42 00 48 8b 4e 10 ba ff ff ff ff 4c 8b
0x00007fff4b0af9d0:   f0 48 89 44 24 20 44 8b 81 40 02 00 00 48 8b c8
0x00007fff4b0af9e0:   41 ff c0 49 c1 e0 02 e8 06 46 5e 00 48 8d 4c 24
0x00007fff4b0af9f0:   50 e8 4a 0c 57 00 4d 8b ce 48 8d 54 24 50 4c 8b
0x00007fff4b0afa00:   c6 48 8b cd e8 17 fc ff ff 89 84 24 c8 00 00 00
0x00007fff4b0afa10:   4c 89 6d 08 48 89 6d 18 8d 48 ff 48 63 d1 48 83
0x00007fff4b0afa20:   fa 01 0f 8e 87 03 00 00 4c 8d 24 92 49 c1 e4 04
0x00007fff4b0afa30:   4c 03 e5 48 ff ca 48 89 94 24 d8 00 00 00 66 90
0x00007fff4b0afa40:   4d 8b 3c 24 41 8b fd 41 83 7f 18 00 0f 86 b5 00
0x00007fff4b0afa50:   00 00 8b c7 48 8d 1c c5 00 00 00 00 49 8b 47 08
0x00007fff4b0afa60:   48 8b 0c 03 48 85 c9 0f 84 8e 00 00 00 48 8b 01
0x00007fff4b0afa70:   ff 50 10 84 c0 0f 84 80 00 00 00 49 8b 47 08 48
0x00007fff4b0afa80:   8b 0c 03 8b 41 28 41 8b 0c 86 83 f9 ff 74 6c 48
0x00007fff4b0afa90:   8d 1c 89 48 c1 e3 04 48 03 dd 48 8b 4b 20 48 85
0x00007fff4b0afaa0:   c9 75 06 48 8b 4b 18 eb 43 48 83 79 20 00 74 2a
0x00007fff4b0afab0:   e8 2b fb ff ff 4c 8b 43 20 48 8b 53 18 49 8b 48
0x00007fff4b0afac0:   18 8b 42 08 39 41 08 73 07 48 89 4b 18 48 8b d1
0x00007fff4b0afad0:   49 8b 48 20 48 89 4b 20 eb 04 48 8b 53 18 48 8b
0x00007fff4b0afae0:   49 18 8b 42 08 39 41 08 48 0f 43 ca 8b 41 08 41
0x00007fff4b0afaf0:   3b 44 24 08 73 05 41 89 44 24 08 ff c7 41 3b 7f
0x00007fff4b0afb00:   18 0f 82 4b ff ff ff 41 8b 44 24 08 4d 8b c4 48
0x00007fff4b0afb10:   8d 0c 80 48 03 c9 48 8b 44 cd 38 49 89 44 24 38
0x00007fff4b0afb20:   4c 89 64 cd 38 49 8b 44 24 28 49 8b 54 24 18 4d
0x00007fff4b0afb30:   8b 5c 24 10 48 8b 48 18 8b 41 08 39 42 08 73 52
0x00007fff4b0afb40:   4d 8b 48 28 45 8b 50 0c 49 8b 41 28 8b 50 0c 41
0x00007fff4b0afb50:   8b 41 0c 41 03 d2 03 c0 3b d0 72 12 4d 89 41 20
0x00007fff4b0afb60:   49 8b 40 28 48 8b 48 28 49 89 48 28 eb 0f 45 89 


Stack slot to memory mapping:
stack at sp + 0 slots: 0x000002521ff3df80 points into unknown readable memory: 0x0000000000000000 | 00 00 00 00 00 00 00 00
stack at sp + 1 slots: 0x00000052b88fab20 is pointing into the stack for thread: 0x000002521e0fa190
stack at sp + 2 slots: 0x00000052b88faf10 is pointing into the stack for thread: 0x000002521e0fa190
stack at sp + 3 slots: 0x000002521f31e2a0 points into unknown readable memory: 0xffffffff00000001 | 01 00 00 00 ff ff ff ff
stack at sp + 4 slots: 0x000002521f31e2a0 points into unknown readable memory: 0xffffffff00000001 | 01 00 00 00 ff ff ff ff
stack at sp + 5 slots: 0x000002521d2a3e50 points into unknown readable memory: 0x6f63002800000006 | 06 00 00 00 28 00 63 6f
stack at sp + 6 slots: 0x000002521e579f90 points into unknown readable memory: 0x000002521ff3df70 | 70 df f3 1f 52 02 00 00
stack at sp + 7 slots: 0x00000000000b5fc8 is an unknown value


---------------  P R O C E S S  ---------------

Threads class SMR info:
_java_thread_list=0x000002521fe38340, length=41, elements={
0x0000025200e17fd0, 0x0000025216bc7740, 0x0000025216bc8ef0, 0x0000025216bf1160,
0x0000025216bf1ef0, 0x0000025216bf3bc0, 0x0000025216bf6fb0, 0x0000025216bfd860,
0x0000025216bfe910, 0x0000025216c03a20, 0x000002521be38ff0, 0x000002521c0f3230,
0x000002521c899c20, 0x000002521cf5d380, 0x000002521ccee290, 0x000002521d120ad0,
0x000002521c92a670, 0x000002521d08f780, 0x000002521cf4f300, 0x000002521cf50c50,
0x000002521cf4f810, 0x000002521cf51670, 0x000002521cf4fd20, 0x000002521cf51160,
0x000002521e0fa190, 0x000002521cf4edf0, 0x000002521cf50230, 0x000002521cf50740,
0x000002521cf51b80, 0x000002521cf4e3d0, 0x000002521e225300, 0x000002521e225d20,
0x000002521e2239b0, 0x000002521e226c50, 0x000002521e226230, 0x000002521e226740,
0x000002521e2234a0, 0x000002521e2248e0, 0x000002521e223ec0, 0x000002521e224df0,
0x000002521e225810
}

Java Threads: ( => current thread )
  0x0000025200e17fd0 JavaThread "main" [_thread_blocked, id=8600, stack(0x00000052b6a00000,0x00000052b6b00000)]
  0x0000025216bc7740 JavaThread "Reference Handler" daemon [_thread_blocked, id=120, stack(0x00000052b6d00000,0x00000052b6e00000)]
  0x0000025216bc8ef0 JavaThread "Finalizer" daemon [_thread_blocked, id=4040, stack(0x00000052b6e00000,0x00000052b6f00000)]
  0x0000025216bf1160 JavaThread "Signal Dispatcher" daemon [_thread_blocked, id=7076, stack(0x00000052b6f00000,0x00000052b7000000)]
  0x0000025216bf1ef0 JavaThread "Attach Listener" daemon [_thread_blocked, id=10924, stack(0x00000052b7000000,0x00000052b7100000)]
  0x0000025216bf3bc0 JavaThread "Service Thread" daemon [_thread_blocked, id=13476, stack(0x00000052b7100000,0x00000052b7200000)]
  0x0000025216bf6fb0 JavaThread "Monitor Deflation Thread" daemon [_thread_blocked, id=380, stack(0x00000052b7200000,0x00000052b7300000)]
  0x0000025216bfd860 JavaThread "C2 CompilerThread0" daemon [_thread_in_native, id=11164, stack(0x00000052b7300000,0x00000052b7400000)]
  0x0000025216bfe910 JavaThread "C1 CompilerThread0" daemon [_thread_in_native, id=4580, stack(0x00000052b7400000,0x00000052b7500000)]
  0x0000025216c03a20 JavaThread "Sweeper thread" daemon [_thread_blocked, id=11384, stack(0x00000052b7500000,0x00000052b7600000)]
  0x000002521be38ff0 JavaThread "Common-Cleaner" daemon [_thread_blocked, id=12584, stack(0x00000052b7600000,0x00000052b7700000)]
  0x000002521c0f3230 JavaThread "Notification Thread" daemon [_thread_blocked, id=13740, stack(0x00000052b7700000,0x00000052b7800000)]
  0x000002521c899c20 JavaThread "Active Thread: Equinox Container: 4930e836-2747-459f-9231-671262c0e1c6" [_thread_blocked, id=2736, stack(0x00000052b7d00000,0x00000052b7e00000)]
  0x000002521cf5d380 JavaThread "Framework Event Dispatcher: Equinox Container: 4930e836-2747-459f-9231-671262c0e1c6" daemon [_thread_blocked, id=4472, stack(0x00000052b7e00000,0x00000052b7f00000)]
  0x000002521ccee290 JavaThread "Start Level: Equinox Container: 4930e836-2747-459f-9231-671262c0e1c6" daemon [_thread_blocked, id=8088, stack(0x00000052b7f00000,0x00000052b8000000)]
  0x000002521d120ad0 JavaThread "Bundle File Closer" daemon [_thread_blocked, id=2628, stack(0x00000052b8000000,0x00000052b8100000)]
  0x000002521c92a670 JavaThread "SCR Component Actor" daemon [_thread_blocked, id=12700, stack(0x00000052b8100000,0x00000052b8200000)]
  0x000002521d08f780 JavaThread "SCR Component Registry" daemon [_thread_blocked, id=11200, stack(0x00000052b8200000,0x00000052b8300000)]
  0x000002521cf4f300 JavaThread "Worker-JM" [_thread_blocked, id=12232, stack(0x00000052b8300000,0x00000052b8400000)]
  0x000002521cf50c50 JavaThread "JNA Cleaner" daemon [_thread_blocked, id=13980, stack(0x00000052b7900000,0x00000052b7a00000)]
  0x000002521cf4f810 JavaThread "Worker-0: Repository registry initialization" [_thread_in_vm, id=2692, stack(0x00000052b8400000,0x00000052b8500000)]
  0x000002521cf51670 JavaThread "Worker-1: Updating Maven Dependencies" [_thread_blocked, id=5124, stack(0x00000052b8500000,0x00000052b8600000)]
  0x000002521cf4fd20 JavaThread "Worker-2" [_thread_blocked, id=3216, stack(0x00000052b8700000,0x00000052b8800000)]
  0x000002521cf51160 JavaThread "Worker-3" [_thread_blocked, id=11556, stack(0x00000052b8600000,0x00000052b8700000)]
=>0x000002521e0fa190 JavaThread "C2 CompilerThread1" daemon [_thread_in_native, id=7668, stack(0x00000052b8800000,0x00000052b8900000)]
  0x000002521cf4edf0 JavaThread "Java indexing" daemon [_thread_blocked, id=7952, stack(0x00000052b8900000,0x00000052b8a00000)]
  0x000002521cf50230 JavaThread "Worker-4" [_thread_blocked, id=648, stack(0x00000052b8a00000,0x00000052b8b00000)]
  0x000002521cf50740 JavaThread "Worker-5: Building" [_thread_in_Java, id=7772, stack(0x00000052b8d00000,0x00000052b8e00000)]
  0x000002521cf51b80 JavaThread "Worker-6: Synchronize Gradle projects with workspace" [_thread_blocked, id=11328, stack(0x00000052b8e00000,0x00000052b8f00000)]
  0x000002521cf4e3d0 JavaThread "Thread-2" daemon [_thread_in_native, id=13092, stack(0x00000052b8f00000,0x00000052b9000000)]
  0x000002521e225300 JavaThread "Thread-3" daemon [_thread_in_native, id=12876, stack(0x00000052b9000000,0x00000052b9100000)]
  0x000002521e225d20 JavaThread "Thread-4" daemon [_thread_in_native, id=2464, stack(0x00000052b9100000,0x00000052b9200000)]
  0x000002521e2239b0 JavaThread "Thread-5" daemon [_thread_in_native, id=6172, stack(0x00000052b9200000,0x00000052b9300000)]
  0x000002521e226c50 JavaThread "Thread-6" daemon [_thread_in_native, id=12524, stack(0x00000052b9300000,0x00000052b9400000)]
  0x000002521e226230 JavaThread "pool-2-thread-1" [_thread_blocked, id=14296, stack(0x00000052b9400000,0x00000052b9500000)]
  0x000002521e226740 JavaThread "Worker-7" [_thread_blocked, id=11796, stack(0x00000052b9500000,0x00000052b9600000)]
  0x000002521e2234a0 JavaThread "Timer-0" [_thread_blocked, id=5708, stack(0x00000052b9600000,0x00000052b9700000)]
  0x000002521e2248e0 JavaThread "Timer-1" [_thread_blocked, id=11784, stack(0x00000052b9700000,0x00000052b9800000)]
  0x000002521e223ec0 JavaThread "WorkspaceEventsHandler" [_thread_blocked, id=7872, stack(0x00000052b9800000,0x00000052b9900000)]
  0x000002521e224df0 JavaThread "pool-1-thread-1" [_thread_in_vm, id=900, stack(0x00000052b9900000,0x00000052b9a00000)]
  0x000002521e225810 JavaThread "Connection worker" [_thread_in_vm, id=9104, stack(0x00000052b9a00000,0x00000052b9b00000)]

Other Threads:
  0x0000025216bb0610 VMThread "VM Thread" [stack: 0x00000052b6c00000,0x00000052b6d00000] [id=10376]
  0x000002521c1db810 WatcherThread [stack: 0x00000052b7800000,0x00000052b7900000] [id=10652]
  0x0000025200e2a7c0 GCTaskThread "GC Thread#0" [stack: 0x00000052b6b00000,0x00000052b6c00000] [id=13404]
  0x000002521c757b90 GCTaskThread "GC Thread#1" [stack: 0x00000052b7a00000,0x00000052b7b00000] [id=13960]
  0x000002521c82bc10 GCTaskThread "GC Thread#2" [stack: 0x00000052b7b00000,0x00000052b7c00000] [id=9556]
  0x000002521c82bed0 GCTaskThread "GC Thread#3" [stack: 0x00000052b7c00000,0x00000052b7d00000] [id=13964]

Threads with active compile tasks:
C2 CompilerThread0     7470 5035       4       org.eclipse.osgi.internal.loader.ModuleClassLoader::toString (80 bytes)
C1 CompilerThread0     7470 5067       1       java.nio.file.FileTreeWalker$Event::type (5 bytes)
C2 CompilerThread1     7470 4820       4       jdk.internal.org.objectweb.asm.Frame::execute (2318 bytes)

VM state: not at safepoint (normal execution)

VM Mutex/Monitor currently owned by a thread: None

Heap address: 0x00000000c0000000, size: 1024 MB, Compressed Oops mode: 32-bit

CDS archive(s) not mapped
Compressed class space mapped at: 0x0000000100000000-0x0000000140000000, reserved size: 1073741824
Narrow klass base: 0x0000000000000000, Narrow klass shift: 3, Narrow klass range: 0x140000000

GC Precious Log:
 CPUs: 4 total, 4 available
 Memory: 7854M
 Large Page Support: Disabled
 NUMA Support: Disabled
 Compressed Oops: Enabled (32-bit)
 Alignments: Space 512K, Generation 512K, Heap 2M
 Heap Min Capacity: 100M
 Heap Initial Capacity: 100M
 Heap Max Capacity: 1G
 Pre-touch: Disabled
 Parallel Workers: 4

Heap:
 PSYoungGen      total 23040K, used 4117K [0x00000000eab00000, 0x00000000ec580000, 0x0000000100000000)
  eden space 22016K, 14% used [0x00000000eab00000,0x00000000eae072d8,0x00000000ec080000)
  from space 1024K, 99% used [0x00000000ec300000,0x00000000ec3fe470,0x00000000ec400000)
  to   space 2560K, 0% used [0x00000000ec080000,0x00000000ec080000,0x00000000ec300000)
 ParOldGen       total 68608K, used 18570K [0x00000000c0000000, 0x00000000c4300000, 0x00000000eab00000)
  object space 68608K, 27% used [0x00000000c0000000,0x00000000c1222828,0x00000000c4300000)
 Metaspace       used 47736K, committed 48704K, reserved 1114112K
  class space    used 5120K, committed 5504K, reserved 1048576K

Card table byte_map: [0x00000252144c0000,0x00000252146d0000] _byte_map_base: 0x0000025213ec0000

Marking Bits: (ParMarkBitMap*) 0x00007fff4b9a58b0
 Begin Bits: [0x0000025214830000, 0x0000025215830000)
 End Bits:   [0x0000025215830000, 0x0000025216830000)

Polling page: 0x0000025200c50000

Metaspace:

Usage:
  Non-class:     41.62 MB used.
      Class:      5.00 MB used.
       Both:     46.62 MB used.

Virtual space:
  Non-class space:       64.00 MB reserved,      42.19 MB ( 66%) committed,  1 nodes.
      Class space:        1.00 GB reserved,       5.38 MB ( <1%) committed,  1 nodes.
             Both:        1.06 GB reserved,      47.56 MB (  4%) committed. 

Chunk freelists:
   Non-Class:  5.50 MB
       Class:  10.44 MB
        Both:  15.94 MB

MaxMetaspaceSize: unlimited
CompressedClassSpaceSize: 1.00 GB
Initial GC threshold: 21.00 MB
Current GC threshold: 58.38 MB
CDS: off
MetaspaceReclaimPolicy: balanced
 - commit_granule_bytes: 65536.
 - commit_granule_words: 8192.
 - virtual_space_node_default_size: 8388608.
 - enlarge_chunks_in_place: 1.
 - new_chunks_are_fully_committed: 0.
 - uncommit_free_chunks: 1.
 - use_allocation_guard: 0.
 - handle_deallocations: 1.


Internal statistics:

num_allocs_failed_limit: 6.
num_arena_births: 556.
num_arena_deaths: 40.
num_vsnodes_births: 2.
num_vsnodes_deaths: 0.
num_space_committed: 761.
num_space_uncommitted: 0.
num_chunks_returned_to_freelist: 49.
num_chunks_taken_from_freelist: 2426.
num_chunk_merges: 12.
num_chunk_splits: 1441.
num_chunks_enlarged: 789.
num_inconsistent_stats: 0.

CodeHeap 'non-profiled nmethods': size=120000Kb used=2436Kb max_used=2436Kb free=117564Kb
 bounds [0x000002520cdb0000, 0x000002520d020000, 0x00000252142e0000]
CodeHeap 'profiled nmethods': size=120000Kb used=10963Kb max_used=10963Kb free=109036Kb
 bounds [0x00000252052e0000, 0x0000025205da0000, 0x000002520c810000]
CodeHeap 'non-nmethods': size=5760Kb used=1301Kb max_used=1350Kb free=4458Kb
 bounds [0x000002520c810000, 0x000002520ca80000, 0x000002520cdb0000]
 total_blobs=5695 nmethods=5057 adapters=551
 compilation: enabled
              stopped_count=0, restarted_count=0
 full_count=0

Compilation events (20 events):
Event: 7.276 Thread 0x0000025216bfe910 4891       3       java.math.BigDecimal::checkScale (78 bytes)
Event: 7.276 Thread 0x0000025216bfe910 nmethod 4891 0x0000025205d40d10 code [0x0000025205d40ee0, 0x0000025205d412a8]
Event: 7.276 Thread 0x0000025216bfe910 4896       3       java.time.LocalDateTime::isBefore (30 bytes)
Event: 7.277 Thread 0x0000025216bfe910 nmethod 4896 0x0000025205d41410 code [0x0000025205d41600, 0x0000025205d41b28]
Event: 7.277 Thread 0x0000025216bfe910 4897       3       java.math.BigDecimal::valueOf (46 bytes)
Event: 7.277 Thread 0x0000025216bfe910 nmethod 4897 0x0000025205d41d10 code [0x0000025205d41f00, 0x0000025205d42338]
Event: 7.277 Thread 0x0000025216bfe910 4898       3       java.time.LocalDateTime::compareTo0 (30 bytes)
Event: 7.277 Thread 0x0000025216bfe910 nmethod 4898 0x0000025205d42490 code [0x0000025205d42640, 0x0000025205d42858]
Event: 7.277 Thread 0x0000025216bfe910 4899       3       java.time.LocalDate::compareTo0 (40 bytes)
Event: 7.278 Thread 0x0000025216bfe910 nmethod 4899 0x0000025205d42990 code [0x0000025205d42b20, 0x0000025205d42cb8]
Event: 7.278 Thread 0x0000025216bfe910 4900       1       java.nio.DirectByteBuffer::attachment (5 bytes)
Event: 7.278 Thread 0x0000025216bfe910 nmethod 4900 0x000002520d000e90 code [0x000002520d001020, 0x000002520d0010f8]
Event: 7.279 Thread 0x0000025216bfe910 4902       3       java.lang.StringUTF16::checkIndex (9 bytes)
Event: 7.279 Thread 0x0000025216bfe910 nmethod 4902 0x0000025205d42d90 code [0x0000025205d42f40, 0x0000025205d430c8]
Event: 7.279 Thread 0x0000025216bfe910 4903       3       java.util.Calendar::internalGet (7 bytes)
Event: 7.280 Thread 0x0000025216bfe910 nmethod 4903 0x0000025205d43210 code [0x0000025205d433a0, 0x0000025205d434d8]
Event: 7.283 Thread 0x0000025216bfe910 4904       3       java.lang.invoke.Invokers::maybeCustomize (5 bytes)
Event: 7.284 Thread 0x0000025216bfe910 nmethod 4904 0x0000025205d43590 code [0x0000025205d43720, 0x0000025205d438c8]
Event: 7.285 Thread 0x0000025216bfe910 4905       3       java.lang.invoke.BoundMethodHandle$Species_L::<init> (12 bytes)
Event: 7.285 Thread 0x0000025216bfe910 nmethod 4905 0x0000025205d43990 code [0x0000025205d43b40, 0x0000025205d43d28]

GC Heap History (20 events):
Event: 4.105 GC heap before
{Heap before GC invocations=8 (full 1):
 PSYoungGen      total 26624K, used 26499K [0x00000000eab00000, 0x00000000eca80000, 0x0000000100000000)
  eden space 25088K, 100% used [0x00000000eab00000,0x00000000ec380000,0x00000000ec380000)
  from space 1536K, 91% used [0x00000000ec900000,0x00000000eca60e70,0x00000000eca80000)
  to   space 3072K, 0% used [0x00000000ec480000,0x00000000ec480000,0x00000000ec780000)
 ParOldGen       total 68608K, used 10617K [0x00000000c0000000, 0x00000000c4300000, 0x00000000eab00000)
  object space 68608K, 15% used [0x00000000c0000000,0x00000000c0a5e488,0x00000000c4300000)
 Metaspace       used 27414K, committed 28096K, reserved 1114112K
  class space    used 2826K, committed 3072K, reserved 1048576K
}
Event: 4.107 GC heap after
{Heap after GC invocations=8 (full 1):
 PSYoungGen      total 27648K, used 2798K [0x00000000eab00000, 0x00000000ec980000, 0x0000000100000000)
  eden space 24576K, 0% used [0x00000000eab00000,0x00000000eab00000,0x00000000ec300000)
  from space 3072K, 91% used [0x00000000ec480000,0x00000000ec73bbb0,0x00000000ec780000)
  to   space 2048K, 0% used [0x00000000ec780000,0x00000000ec780000,0x00000000ec980000)
 ParOldGen       total 68608K, used 10625K [0x00000000c0000000, 0x00000000c4300000, 0x00000000eab00000)
  object space 68608K, 15% used [0x00000000c0000000,0x00000000c0a60488,0x00000000c4300000)
 Metaspace       used 27414K, committed 28096K, reserved 1114112K
  class space    used 2826K, committed 3072K, reserved 1048576K
}
Event: 4.711 GC heap before
{Heap before GC invocations=9 (full 1):
 PSYoungGen      total 27648K, used 27371K [0x00000000eab00000, 0x00000000ec980000, 0x0000000100000000)
  eden space 24576K, 99% used [0x00000000eab00000,0x00000000ec2ff398,0x00000000ec300000)
  from space 3072K, 91% used [0x00000000ec480000,0x00000000ec73bbb0,0x00000000ec780000)
  to   space 2048K, 0% used [0x00000000ec780000,0x00000000ec780000,0x00000000ec980000)
 ParOldGen       total 68608K, used 10625K [0x00000000c0000000, 0x00000000c4300000, 0x00000000eab00000)
  object space 68608K, 15% used [0x00000000c0000000,0x00000000c0a60488,0x00000000c4300000)
 Metaspace       used 29768K, committed 30464K, reserved 1114112K
  class space    used 2981K, committed 3264K, reserved 1048576K
}
Event: 4.714 GC heap after
{Heap after GC invocations=9 (full 1):
 PSYoungGen      total 26112K, used 2021K [0x00000000eab00000, 0x00000000eca80000, 0x0000000100000000)
  eden space 24064K, 0% used [0x00000000eab00000,0x00000000eab00000,0x00000000ec280000)
  from space 2048K, 98% used [0x00000000ec780000,0x00000000ec9796f0,0x00000000ec980000)
  to   space 4096K, 0% used [0x00000000ec280000,0x00000000ec280000,0x00000000ec680000)
 ParOldGen       total 68608K, used 12406K [0x00000000c0000000, 0x00000000c4300000, 0x00000000eab00000)
  object space 68608K, 18% used [0x00000000c0000000,0x00000000c0c1db28,0x00000000c4300000)
 Metaspace       used 29768K, committed 30464K, reserved 1114112K
  class space    used 2981K, committed 3264K, reserved 1048576K
}
Event: 5.114 GC heap before
{Heap before GC invocations=10 (full 1):
 PSYoungGen      total 26112K, used 26085K [0x00000000eab00000, 0x00000000eca80000, 0x0000000100000000)
  eden space 24064K, 100% used [0x00000000eab00000,0x00000000ec280000,0x00000000ec280000)
  from space 2048K, 98% used [0x00000000ec780000,0x00000000ec9796f0,0x00000000ec980000)
  to   space 4096K, 0% used [0x00000000ec280000,0x00000000ec280000,0x00000000ec680000)
 ParOldGen       total 68608K, used 12406K [0x00000000c0000000, 0x00000000c4300000, 0x00000000eab00000)
  object space 68608K, 18% used [0x00000000c0000000,0x00000000c0c1db28,0x00000000c4300000)
 Metaspace       used 33266K, committed 34048K, reserved 1114112K
  class space    used 3269K, committed 3584K, reserved 1048576K
}
Event: 5.117 GC heap after
{Heap after GC invocations=10 (full 1):
 PSYoungGen      total 25600K, used 1666K [0x00000000eab00000, 0x00000000ec800000, 0x0000000100000000)
  eden space 23552K, 0% used [0x00000000eab00000,0x00000000eab00000,0x00000000ec200000)
  from space 2048K, 81% used [0x00000000ec280000,0x00000000ec420920,0x00000000ec480000)
  to   space 2560K, 0% used [0x00000000ec580000,0x00000000ec580000,0x00000000ec800000)
 ParOldGen       total 68608K, used 13042K [0x00000000c0000000, 0x00000000c4300000, 0x00000000eab00000)
  object space 68608K, 19% used [0x00000000c0000000,0x00000000c0cbc848,0x00000000c4300000)
 Metaspace       used 33266K, committed 34048K, reserved 1114112K
  class space    used 3269K, committed 3584K, reserved 1048576K
}
Event: 5.331 GC heap before
{Heap before GC invocations=11 (full 1):
 PSYoungGen      total 25600K, used 25218K [0x00000000eab00000, 0x00000000ec800000, 0x0000000100000000)
  eden space 23552K, 100% used [0x00000000eab00000,0x00000000ec200000,0x00000000ec200000)
  from space 2048K, 81% used [0x00000000ec280000,0x00000000ec420920,0x00000000ec480000)
  to   space 2560K, 0% used [0x00000000ec580000,0x00000000ec580000,0x00000000ec800000)
 ParOldGen       total 68608K, used 13042K [0x00000000c0000000, 0x00000000c4300000, 0x00000000eab00000)
  object space 68608K, 19% used [0x00000000c0000000,0x00000000c0cbc848,0x00000000c4300000)
 Metaspace       used 34652K, committed 35456K, reserved 1114112K
  class space    used 3425K, committed 3776K, reserved 1048576K
}
Event: 5.335 GC heap after
{Heap after GC invocations=11 (full 1):
 PSYoungGen      total 25088K, used 2549K [0x00000000eab00000, 0x00000000eca80000, 0x0000000100000000)
  eden space 22528K, 0% used [0x00000000eab00000,0x00000000eab00000,0x00000000ec100000)
  from space 2560K, 99% used [0x00000000ec580000,0x00000000ec7fd778,0x00000000ec800000)
  to   space 4608K, 0% used [0x00000000ec100000,0x00000000ec100000,0x00000000ec580000)
 ParOldGen       total 68608K, used 14407K [0x00000000c0000000, 0x00000000c4300000, 0x00000000eab00000)
  object space 68608K, 20% used [0x00000000c0000000,0x00000000c0e11e98,0x00000000c4300000)
 Metaspace       used 34652K, committed 35456K, reserved 1114112K
  class space    used 3425K, committed 3776K, reserved 1048576K
}
Event: 5.375 GC heap before
{Heap before GC invocations=12 (full 1):
 PSYoungGen      total 25088K, used 6263K [0x00000000eab00000, 0x00000000eca80000, 0x0000000100000000)
  eden space 22528K, 16% used [0x00000000eab00000,0x00000000eaea0870,0x00000000ec100000)
  from space 2560K, 99% used [0x00000000ec580000,0x00000000ec7fd778,0x00000000ec800000)
  to   space 4608K, 0% used [0x00000000ec100000,0x00000000ec100000,0x00000000ec580000)
 ParOldGen       total 68608K, used 14407K [0x00000000c0000000, 0x00000000c4300000, 0x00000000eab00000)
  object space 68608K, 20% used [0x00000000c0000000,0x00000000c0e11e98,0x00000000c4300000)
 Metaspace       used 35094K, committed 35840K, reserved 1114112K
  class space    used 3468K, committed 3776K, reserved 1048576K
}
Event: 5.379 GC heap after
{Heap after GC invocations=12 (full 1):
 PSYoungGen      total 23040K, used 123K [0x00000000eab00000, 0x00000000ec600000, 0x0000000100000000)
  eden space 22528K, 0% used [0x00000000eab00000,0x00000000eab00000,0x00000000ec100000)
  from space 512K, 24% used [0x00000000ec100000,0x00000000ec11ecd0,0x00000000ec180000)
  to   space 1536K, 0% used [0x00000000ec480000,0x00000000ec480000,0x00000000ec600000)
 ParOldGen       total 68608K, used 16618K [0x00000000c0000000, 0x00000000c4300000, 0x00000000eab00000)
  object space 68608K, 24% used [0x00000000c0000000,0x00000000c103aa28,0x00000000c4300000)
 Metaspace       used 35094K, committed 35840K, reserved 1114112K
  class space    used 3468K, committed 3776K, reserved 1048576K
}
Event: 5.379 GC heap before
{Heap before GC invocations=13 (full 2):
 PSYoungGen      total 23040K, used 123K [0x00000000eab00000, 0x00000000ec600000, 0x0000000100000000)
  eden space 22528K, 0% used [0x00000000eab00000,0x00000000eab00000,0x00000000ec100000)
  from space 512K, 24% used [0x00000000ec100000,0x00000000ec11ecd0,0x00000000ec180000)
  to   space 1536K, 0% used [0x00000000ec480000,0x00000000ec480000,0x00000000ec600000)
 ParOldGen       total 68608K, used 16618K [0x00000000c0000000, 0x00000000c4300000, 0x00000000eab00000)
  object space 68608K, 24% used [0x00000000c0000000,0x00000000c103aa28,0x00000000c4300000)
 Metaspace       used 35094K, committed 35840K, reserved 1114112K
  class space    used 3468K, committed 3776K, reserved 1048576K
}
Event: 5.419 GC heap after
{Heap after GC invocations=13 (full 2):
 PSYoungGen      total 23040K, used 0K [0x00000000eab00000, 0x00000000ec600000, 0x0000000100000000)
  eden space 22528K, 0% used [0x00000000eab00000,0x00000000eab00000,0x00000000ec100000)
  from space 512K, 0% used [0x00000000ec100000,0x00000000ec100000,0x00000000ec180000)
  to   space 1536K, 0% used [0x00000000ec480000,0x00000000ec480000,0x00000000ec600000)
 ParOldGen       total 68608K, used 14532K [0x00000000c0000000, 0x00000000c4300000, 0x00000000eab00000)
  object space 68608K, 21% used [0x00000000c0000000,0x00000000c0e310b0,0x00000000c4300000)
 Metaspace       used 35057K, committed 35840K, reserved 1114112K
  class space    used 3458K, committed 3776K, reserved 1048576K
}
Event: 5.814 GC heap before
{Heap before GC invocations=14 (full 2):
 PSYoungGen      total 23040K, used 22528K [0x00000000eab00000, 0x00000000ec600000, 0x0000000100000000)
  eden space 22528K, 100% used [0x00000000eab00000,0x00000000ec100000,0x00000000ec100000)
  from space 512K, 0% used [0x00000000ec100000,0x00000000ec100000,0x00000000ec180000)
  to   space 1536K, 0% used [0x00000000ec480000,0x00000000ec480000,0x00000000ec600000)
 ParOldGen       total 68608K, used 14532K [0x00000000c0000000, 0x00000000c4300000, 0x00000000eab00000)
  object space 68608K, 21% used [0x00000000c0000000,0x00000000c0e310b0,0x00000000c4300000)
 Metaspace       used 38253K, committed 39104K, reserved 1114112K
  class space    used 3842K, committed 4160K, reserved 1048576K
}
Event: 5.818 GC heap after
{Heap after GC invocations=14 (full 2):
 PSYoungGen      total 23552K, used 1437K [0x00000000eab00000, 0x00000000ec600000, 0x0000000100000000)
  eden space 22016K, 0% used [0x00000000eab00000,0x00000000eab00000,0x00000000ec080000)
  from space 1536K, 93% used [0x00000000ec480000,0x00000000ec5e7790,0x00000000ec600000)
  to   space 2048K, 0% used [0x00000000ec200000,0x00000000ec200000,0x00000000ec400000)
 ParOldGen       total 68608K, used 14540K [0x00000000c0000000, 0x00000000c4300000, 0x00000000eab00000)
  object space 68608K, 21% used [0x00000000c0000000,0x00000000c0e330b0,0x00000000c4300000)
 Metaspace       used 38253K, committed 39104K, reserved 1114112K
  class space    used 3842K, committed 4160K, reserved 1048576K
}
Event: 6.485 GC heap before
{Heap before GC invocations=15 (full 2):
 PSYoungGen      total 23552K, used 23453K [0x00000000eab00000, 0x00000000ec600000, 0x0000000100000000)
  eden space 22016K, 100% used [0x00000000eab00000,0x00000000ec080000,0x00000000ec080000)
  from space 1536K, 93% used [0x00000000ec480000,0x00000000ec5e7790,0x00000000ec600000)
  to   space 2048K, 0% used [0x00000000ec200000,0x00000000ec200000,0x00000000ec400000)
 ParOldGen       total 68608K, used 14540K [0x00000000c0000000, 0x00000000c4300000, 0x00000000eab00000)
  object space 68608K, 21% used [0x00000000c0000000,0x00000000c0e330b0,0x00000000c4300000)
 Metaspace       used 40447K, committed 41408K, reserved 1114112K
  class space    used 4128K, committed 4480K, reserved 1048576K
}
Event: 6.489 GC heap after
{Heap after GC invocations=15 (full 2):
 PSYoungGen      total 23040K, used 941K [0x00000000eab00000, 0x00000000ec500000, 0x0000000100000000)
  eden space 22016K, 0% used [0x00000000eab00000,0x00000000eab00000,0x00000000ec080000)
  from space 1024K, 91% used [0x00000000ec200000,0x00000000ec2eb500,0x00000000ec300000)
  to   space 1536K, 0% used [0x00000000ec380000,0x00000000ec380000,0x00000000ec500000)
 ParOldGen       total 68608K, used 15740K [0x00000000c0000000, 0x00000000c4300000, 0x00000000eab00000)
  object space 68608K, 22% used [0x00000000c0000000,0x00000000c0f5f2c8,0x00000000c4300000)
 Metaspace       used 40447K, committed 41408K, reserved 1114112K
  class space    used 4128K, committed 4480K, reserved 1048576K
}
Event: 6.825 GC heap before
{Heap before GC invocations=16 (full 2):
 PSYoungGen      total 23040K, used 22951K [0x00000000eab00000, 0x00000000ec500000, 0x0000000100000000)
  eden space 22016K, 99% used [0x00000000eab00000,0x00000000ec07e948,0x00000000ec080000)
  from space 1024K, 91% used [0x00000000ec200000,0x00000000ec2eb500,0x00000000ec300000)
  to   space 1536K, 0% used [0x00000000ec380000,0x00000000ec380000,0x00000000ec500000)
 ParOldGen       total 68608K, used 15740K [0x00000000c0000000, 0x00000000c4300000, 0x00000000eab00000)
  object space 68608K, 22% used [0x00000000c0000000,0x00000000c0f5f2c8,0x00000000c4300000)
 Metaspace       used 42715K, committed 43584K, reserved 1114112K
  class space    used 4444K, committed 4800K, reserved 1048576K
}
Event: 6.828 GC heap after
{Heap after GC invocations=16 (full 2):
 PSYoungGen      total 23552K, used 1097K [0x00000000eab00000, 0x00000000ec500000, 0x0000000100000000)
  eden space 22016K, 0% used [0x00000000eab00000,0x00000000eab00000,0x00000000ec080000)
  from space 1536K, 71% used [0x00000000ec380000,0x00000000ec492628,0x00000000ec500000)
  to   space 1536K, 0% used [0x00000000ec200000,0x00000000ec200000,0x00000000ec380000)
 ParOldGen       total 68608K, used 16611K [0x00000000c0000000, 0x00000000c4300000, 0x00000000eab00000)
  object space 68608K, 24% used [0x00000000c0000000,0x00000000c1038f58,0x00000000c4300000)
 Metaspace       used 42715K, committed 43584K, reserved 1114112K
  class space    used 4444K, committed 4800K, reserved 1048576K
}
Event: 7.077 GC heap before
{Heap before GC invocations=17 (full 2):
 PSYoungGen      total 23552K, used 23113K [0x00000000eab00000, 0x00000000ec500000, 0x0000000100000000)
  eden space 22016K, 100% used [0x00000000eab00000,0x00000000ec080000,0x00000000ec080000)
  from space 1536K, 71% used [0x00000000ec380000,0x00000000ec492628,0x00000000ec500000)
  to   space 1536K, 0% used [0x00000000ec200000,0x00000000ec200000,0x00000000ec380000)
 ParOldGen       total 68608K, used 16611K [0x00000000c0000000, 0x00000000c4300000, 0x00000000eab00000)
  object space 68608K, 24% used [0x00000000c0000000,0x00000000c1038f58,0x00000000c4300000)
 Metaspace       used 44959K, committed 45888K, reserved 1114112K
  class space    used 4760K, committed 5120K, reserved 1048576K
}
Event: 7.080 GC heap after
{Heap after GC invocations=17 (full 2):
 PSYoungGen      total 23040K, used 954K [0x00000000eab00000, 0x00000000ec400000, 0x0000000100000000)
  eden space 22016K, 0% used [0x00000000eab00000,0x00000000eab00000,0x00000000ec080000)
  from space 1024K, 93% used [0x00000000ec200000,0x00000000ec2eeb68,0x00000000ec300000)
  to   space 1024K, 0% used [0x00000000ec300000,0x00000000ec300000,0x00000000ec400000)
 ParOldGen       total 68608K, used 17482K [0x00000000c0000000, 0x00000000c4300000, 0x00000000eab00000)
  object space 68608K, 25% used [0x00000000c0000000,0x00000000c1112818,0x00000000c4300000)
 Metaspace       used 44959K, committed 45888K, reserved 1114112K
  class space    used 4760K, committed 5120K, reserved 1048576K
}

Dll operation events (10 events):
Event: 0.009 Loaded shared library c:\Users\bayes\.vscode\extensions\redhat.java-1.35.0-win32-x64\jre\17.0.12-win32-x86_64\bin\java.dll
Event: 0.165 Loaded shared library c:\Users\bayes\.vscode\extensions\redhat.java-1.35.0-win32-x64\jre\17.0.12-win32-x86_64\bin\zip.dll
Event: 0.168 Loaded shared library C:\Users\bayes\.vscode\extensions\redhat.java-1.35.0-win32-x64\jre\17.0.12-win32-x86_64\bin\instrument.dll
Event: 0.182 Loaded shared library C:\Users\bayes\.vscode\extensions\redhat.java-1.35.0-win32-x64\jre\17.0.12-win32-x86_64\bin\net.dll
Event: 0.184 Loaded shared library C:\Users\bayes\.vscode\extensions\redhat.java-1.35.0-win32-x64\jre\17.0.12-win32-x86_64\bin\nio.dll
Event: 0.193 Loaded shared library C:\Users\bayes\.vscode\extensions\redhat.java-1.35.0-win32-x64\jre\17.0.12-win32-x86_64\bin\zip.dll
Event: 0.219 Loaded shared library C:\Users\bayes\.vscode\extensions\redhat.java-1.35.0-win32-x64\jre\17.0.12-win32-x86_64\bin\jimage.dll
Event: 0.302 Loaded shared library c:\Users\bayes\.vscode\extensions\redhat.java-1.35.0-win32-x64\jre\17.0.12-win32-x86_64\bin\verify.dll
Event: 1.780 Loaded shared library C:\Users\bayes\AppData\Roaming\Code\User\globalStorage\redhat.java\1.35.0\config_win\org.eclipse.equinox.launcher\org.eclipse.equinox.launcher.win32.win32.x86_64_1.2.1100.v20240722-2106\eclipse_11904.dll
Event: 3.482 Loaded shared library C:\Users\bayes\AppData\Local\Temp\jna-93514312\jna8128054250363002863.dll

Deoptimization events (20 events):
Event: 7.165 Thread 0x000002521cf50740 DEOPT PACKING pc=0x000002520ce21a28 sp=0x00000052b8dfd580
Event: 7.165 Thread 0x000002521cf50740 DEOPT UNPACKING pc=0x000002520c8666a3 sp=0x00000052b8dfd500 mode 2
Event: 7.167 Thread 0x000002521cf50740 Uncommon trap: trap_request=0xffffff45 fr.pc=0x000002520cfac9a8 relative=0x0000000000000488
Event: 7.167 Thread 0x000002521cf50740 Uncommon trap: reason=unstable_if action=reinterpret pc=0x000002520cfac9a8 method=java.nio.charset.CharsetDecoder.decode(Ljava/nio/ByteBuffer;Ljava/nio/CharBuffer;Z)Ljava/nio/charset/CoderResult; @ 1 c2
Event: 7.167 Thread 0x000002521cf50740 DEOPT PACKING pc=0x000002520cfac9a8 sp=0x00000052b8dfc5d0
Event: 7.167 Thread 0x000002521cf50740 DEOPT UNPACKING pc=0x000002520c8666a3 sp=0x00000052b8dfc568 mode 2
Event: 7.167 Thread 0x000002521cf50740 DEOPT PACKING pc=0x0000025205c772d8 sp=0x00000052b8dfc510
Event: 7.167 Thread 0x000002521cf50740 DEOPT UNPACKING pc=0x000002520c866e43 sp=0x00000052b8dfba18 mode 0
Event: 7.218 Thread 0x0000025200e17fd0 Uncommon trap: trap_request=0xffffff45 fr.pc=0x000002520cee1f94 relative=0x00000000000000f4
Event: 7.218 Thread 0x0000025200e17fd0 Uncommon trap: reason=unstable_if action=reinterpret pc=0x000002520cee1f94 method=java.lang.CharacterDataLatin1.digit(II)I @ 7 c2
Event: 7.219 Thread 0x0000025200e17fd0 DEOPT PACKING pc=0x000002520cee1f94 sp=0x00000052b6afdd20
Event: 7.219 Thread 0x0000025200e17fd0 DEOPT UNPACKING pc=0x000002520c8666a3 sp=0x00000052b6afdbe0 mode 2
Event: 7.219 Thread 0x0000025200e17fd0 Uncommon trap: trap_request=0xffffff45 fr.pc=0x000002520cddc034 relative=0x0000000000000094
Event: 7.219 Thread 0x0000025200e17fd0 Uncommon trap: reason=unstable_if action=reinterpret pc=0x000002520cddc034 method=java.lang.CharacterDataLatin1.digit(II)I @ 7 c2
Event: 7.219 Thread 0x0000025200e17fd0 DEOPT PACKING pc=0x000002520cddc034 sp=0x00000052b6afdc80
Event: 7.219 Thread 0x0000025200e17fd0 DEOPT UNPACKING pc=0x000002520c8666a3 sp=0x00000052b6afdc00 mode 2
Event: 7.238 Thread 0x0000025200e17fd0 Uncommon trap: trap_request=0xffffff45 fr.pc=0x000002520cdd5ad0 relative=0x00000000000002b0
Event: 7.238 Thread 0x0000025200e17fd0 Uncommon trap: reason=unstable_if action=reinterpret pc=0x000002520cdd5ad0 method=java.util.HashMap$HashIterator.<init>(Ljava/util/HashMap;)V @ 45 c2
Event: 7.238 Thread 0x0000025200e17fd0 DEOPT PACKING pc=0x000002520cdd5ad0 sp=0x00000052b6afde10
Event: 7.238 Thread 0x0000025200e17fd0 DEOPT UNPACKING pc=0x000002520c8666a3 sp=0x00000052b6afdda8 mode 2

Classes loaded (20 events):
Event: 7.246 Loading class java/nio/file/ClosedDirectoryStreamException
Event: 7.247 Loading class java/nio/file/ClosedDirectoryStreamException done
Event: 7.247 Loading class jdk/internal/jrtfs/JrtFileSystem
Event: 7.247 Loading class jdk/internal/jrtfs/JrtFileSystem done
Event: 7.248 Loading class jdk/internal/jrtfs/JrtPath
Event: 7.248 Loading class jdk/internal/jrtfs/JrtPath done
Event: 7.248 Loading class jdk/internal/jimage/ImageReader$Node
Event: 7.248 Loading class jdk/internal/jimage/ImageReader$Node done
Event: 7.251 Loading class java/nio/file/SimpleFileVisitor
Event: 7.251 Loading class java/nio/file/SimpleFileVisitor done
Event: 7.253 Loading class java/nio/file/FileVisitOption
Event: 7.253 Loading class java/nio/file/FileVisitOption done
Event: 7.254 Loading class java/nio/file/FileTreeWalker
Event: 7.254 Loading class java/nio/file/FileTreeWalker done
Event: 7.254 Loading class java/util/RegularEnumSet$EnumSetIterator
Event: 7.254 Loading class java/util/RegularEnumSet$EnumSetIterator done
Event: 7.261 Loading class java/nio/ByteBufferAsIntBufferL
Event: 7.261 Loading class java/nio/ByteBufferAsIntBufferL done
Event: 7.267 Loading class jdk/internal/jimage/ImageReader$Directory
Event: 7.268 Loading class jdk/internal/jimage/ImageReader$Directory done

Classes unloaded (20 events):
Event: 5.389 Thread 0x0000025216bb0610 Unloading class 0x000000010038a800 'java/lang/invoke/LambdaForm$MH+0x000000010038a800'
Event: 5.389 Thread 0x0000025216bb0610 Unloading class 0x0000000100389800 'java/lang/invoke/LambdaForm$MH+0x0000000100389800'
Event: 5.389 Thread 0x0000025216bb0610 Unloading class 0x0000000100389000 'java/lang/invoke/LambdaForm$MH+0x0000000100389000'
Event: 5.389 Thread 0x0000025216bb0610 Unloading class 0x0000000100388c00 'java/lang/invoke/LambdaForm$DMH+0x0000000100388c00'
Event: 5.389 Thread 0x0000025216bb0610 Unloading class 0x0000000100388000 'java/lang/invoke/LambdaForm$MH+0x0000000100388000'
Event: 5.389 Thread 0x0000025216bb0610 Unloading class 0x0000000100387800 'java/lang/invoke/LambdaForm$MH+0x0000000100387800'
Event: 5.389 Thread 0x0000025216bb0610 Unloading class 0x0000000100383c00 'java/lang/invoke/LambdaForm$MH+0x0000000100383c00'
Event: 5.389 Thread 0x0000025216bb0610 Unloading class 0x0000000100383400 'java/lang/invoke/LambdaForm$MH+0x0000000100383400'
Event: 5.389 Thread 0x0000025216bb0610 Unloading class 0x0000000100382800 'java/lang/invoke/LambdaForm$MH+0x0000000100382800'
Event: 5.389 Thread 0x0000025216bb0610 Unloading class 0x0000000100382000 'java/lang/invoke/LambdaForm$MH+0x0000000100382000'
Event: 5.389 Thread 0x0000025216bb0610 Unloading class 0x0000000100381c00 'java/lang/invoke/LambdaForm$MH+0x0000000100381c00'
Event: 5.389 Thread 0x0000025216bb0610 Unloading class 0x0000000100381000 'java/lang/invoke/LambdaForm$DMH+0x0000000100381000'
Event: 5.389 Thread 0x0000025216bb0610 Unloading class 0x0000000100380000 'java/lang/invoke/LambdaForm$MH+0x0000000100380000'
Event: 5.389 Thread 0x0000025216bb0610 Unloading class 0x000000010024c400 'java/lang/invoke/LambdaForm$MH+0x000000010024c400'
Event: 5.389 Thread 0x0000025216bb0610 Unloading class 0x000000010024c000 'java/lang/invoke/LambdaForm$MH+0x000000010024c000'
Event: 5.389 Thread 0x0000025216bb0610 Unloading class 0x000000010024bc00 'java/lang/invoke/LambdaForm$MH+0x000000010024bc00'
Event: 5.389 Thread 0x0000025216bb0610 Unloading class 0x000000010024b800 'java/lang/invoke/LambdaForm$MH+0x000000010024b800'
Event: 5.389 Thread 0x0000025216bb0610 Unloading class 0x000000010024b400 'java/lang/invoke/LambdaForm$BMH+0x000000010024b400'
Event: 5.389 Thread 0x0000025216bb0610 Unloading class 0x000000010024b000 'java/lang/invoke/LambdaForm$DMH+0x000000010024b000'
Event: 5.389 Thread 0x0000025216bb0610 Unloading class 0x0000000100248400 'java/lang/invoke/LambdaForm$DMH+0x0000000100248400'

Classes redefined (0 events):
No events

Internal exceptions (20 events):
Event: 6.613 Thread 0x0000025200e17fd0 Exception <a 'java/lang/NoSuchMethodError'{0x00000000eb237d50}: 'java.lang.Object java.lang.invoke.DirectMethodHandle$Holder.invokeStaticInit(java.lang.Object, java.lang.Object, long, java.lang.Object)'> (0x00000000eb237d50) 
thrown [s\src\hotspot\share\interpreter\linkResolver.cpp, line 759]
Event: 6.616 Thread 0x0000025200e17fd0 Exception <a 'java/lang/NoSuchMethodError'{0x00000000eb260cd0}: 'java.lang.Object java.lang.invoke.DirectMethodHandle$Holder.newInvokeSpecial(java.lang.Object, java.lang.Object, long)'> (0x00000000eb260cd0) 
thrown [s\src\hotspot\share\interpreter\linkResolver.cpp, line 759]
Event: 6.660 Thread 0x000002521cf4fd20 Exception <a 'java/io/FileNotFoundException'{0x00000000eb4cd3c0}> (0x00000000eb4cd3c0) 
thrown [s\src\hotspot\share\prims\jni.cpp, line 516]
Event: 6.811 Thread 0x000002521cf4fd20 Exception <a 'sun/nio/fs/WindowsException'{0x00000000ebf0abe0}> (0x00000000ebf0abe0) 
thrown [s\src\hotspot\share\prims\jni.cpp, line 516]
Event: 6.811 Thread 0x000002521cf4fd20 Exception <a 'sun/nio/fs/WindowsException'{0x00000000ebf0b4c0}> (0x00000000ebf0b4c0) 
thrown [s\src\hotspot\share\prims\jni.cpp, line 516]
Event: 6.812 Thread 0x000002521cf51b80 Exception <a 'java/lang/NoSuchMethodError'{0x00000000ebf3d158}: 'void java.lang.invoke.DirectMethodHandle$Holder.invokeStaticInit(java.lang.Object, java.lang.Object, java.lang.Object)'> (0x00000000ebf3d158) 
thrown [s\src\hotspot\share\interpreter\linkResolver.cpp, line 759]
Event: 6.815 Thread 0x000002521cf4fd20 Exception <a 'sun/nio/fs/WindowsException'{0x00000000ebf52f88}> (0x00000000ebf52f88) 
thrown [s\src\hotspot\share\prims\jni.cpp, line 516]
Event: 6.815 Thread 0x000002521cf4fd20 Exception <a 'sun/nio/fs/WindowsException'{0x00000000ebf53868}> (0x00000000ebf53868) 
thrown [s\src\hotspot\share\prims\jni.cpp, line 516]
Event: 6.824 Thread 0x000002521cf4fd20 Exception <a 'sun/nio/fs/WindowsException'{0x00000000ec04c3f0}> (0x00000000ec04c3f0) 
thrown [s\src\hotspot\share\prims\jni.cpp, line 516]
Event: 6.829 Thread 0x000002521cf4fd20 Exception <a 'sun/nio/fs/WindowsException'{0x00000000eab1e158}> (0x00000000eab1e158) 
thrown [s\src\hotspot\share\prims\jni.cpp, line 516]
Event: 6.834 Thread 0x000002521cf50230 Exception <a 'java/lang/NoSuchMethodError'{0x00000000eab8ad98}: 'void java.lang.invoke.DirectMethodHandle$Holder.invokeStaticInit(java.lang.Object, java.lang.Object, java.lang.Object, java.lang.Object)'> (0x00000000eab8ad98) 
thrown [s\src\hotspot\share\interpreter\linkResolver.cpp, line 759]
Event: 7.082 Thread 0x000002521cf50740 Exception <a 'java/lang/NoSuchMethodError'{0x00000000eab30088}: 'int java.lang.invoke.DirectMethodHandle$Holder.invokeStatic(java.lang.Object)'> (0x00000000eab30088) 
thrown [s\src\hotspot\share\interpreter\linkResolver.cpp, line 759]
Event: 7.111 Thread 0x0000025200e17fd0 Exception <a 'java/lang/NoSuchMethodError'{0x00000000eadffa68}: 'void java.lang.invoke.DirectMethodHandle$Holder.invokeSpecial(java.lang.Object, java.lang.Object, java.lang.Object, java.lang.Object, java.lang.Object, java.lang.Object)'> (0x00000000eadffa68) 
thrown [s\src\hotspot\share\interpreter\linkResolver.cpp, line 759]
Event: 7.113 Thread 0x0000025200e17fd0 Exception <a 'java/lang/IncompatibleClassChangeError'{0x00000000eae09298}: Found class java.lang.Object, but interface was expected> (0x00000000eae09298) 
thrown [s\src\hotspot\share\interpreter\linkResolver.cpp, line 826]
Event: 7.124 Thread 0x000002521cf50740 Exception <a 'java/io/FileNotFoundException'{0x00000000eaf165d8}> (0x00000000eaf165d8) 
thrown [s\src\hotspot\share\prims\jni.cpp, line 516]
Event: 7.124 Thread 0x000002521cf50740 Exception <a 'java/io/FileNotFoundException'{0x00000000eaf17a90}> (0x00000000eaf17a90) 
thrown [s\src\hotspot\share\prims\jni.cpp, line 516]
Event: 7.125 Thread 0x000002521cf50740 Exception <a 'java/io/FileNotFoundException'{0x00000000eaf26948}> (0x00000000eaf26948) 
thrown [s\src\hotspot\share\prims\jni.cpp, line 516]
Event: 7.125 Thread 0x000002521cf50740 Exception <a 'java/io/FileNotFoundException'{0x00000000eaf27c08}> (0x00000000eaf27c08) 
thrown [s\src\hotspot\share\prims\jni.cpp, line 516]
Event: 7.125 Thread 0x000002521cf50740 Exception <a 'java/io/FileNotFoundException'{0x00000000eaf36470}> (0x00000000eaf36470) 
thrown [s\src\hotspot\share\prims\jni.cpp, line 516]
Event: 7.232 Thread 0x000002521cf50740 Exception <a 'java/lang/NoSuchMethodError'{0x00000000eb5181e0}: 'java.lang.Object java.lang.invoke.Invokers$Holder.invoke_MT(java.lang.Object, java.lang.Object, java.lang.Object)'> (0x00000000eb5181e0) 
thrown [s\src\hotspot\share\interpreter\linkResolver.cpp, line 759]

VM Operations (20 events):
Event: 5.845 Executing VM operation: HandshakeAllThreads
Event: 5.846 Executing VM operation: HandshakeAllThreads done
Event: 5.886 Executing VM operation: HandshakeAllThreads
Event: 5.886 Executing VM operation: HandshakeAllThreads done
Event: 6.018 Executing VM operation: HandshakeAllThreads
Event: 6.018 Executing VM operation: HandshakeAllThreads done
Event: 6.301 Executing VM operation: HandshakeAllThreads
Event: 6.314 Executing VM operation: HandshakeAllThreads done
Event: 6.485 Executing VM operation: ParallelGCFailedAllocation
Event: 6.501 Executing VM operation: ParallelGCFailedAllocation done
Event: 6.824 Executing VM operation: ParallelGCFailedAllocation
Event: 6.831 Executing VM operation: ParallelGCFailedAllocation done
Event: 6.916 Executing VM operation: HandshakeAllThreads
Event: 6.917 Executing VM operation: HandshakeAllThreads done
Event: 7.077 Executing VM operation: ParallelGCFailedAllocation
Event: 7.080 Executing VM operation: ParallelGCFailedAllocation done
Event: 7.179 Executing VM operation: HandshakeAllThreads
Event: 7.179 Executing VM operation: HandshakeAllThreads done
Event: 7.262 Executing VM operation: HandshakeAllThreads
Event: 7.263 Executing VM operation: HandshakeAllThreads done

Events (20 events):
Event: 3.701 Thread 0x000002521d32fba0 Thread added: 0x000002521d32fba0
Event: 3.813 Thread 0x000002521cf4fd20 Thread added: 0x000002521cf4fd20
Event: 4.606 Thread 0x000002521d32fba0 Thread exited: 0x000002521d32fba0
Event: 5.110 Thread 0x000002521cf51160 Thread added: 0x000002521cf51160
Event: 5.187 Thread 0x000002521e0fa190 Thread added: 0x000002521e0fa190
Event: 5.568 Thread 0x000002521cf4edf0 Thread added: 0x000002521cf4edf0
Event: 5.573 Thread 0x000002521cf50230 Thread added: 0x000002521cf50230
Event: 6.442 Thread 0x000002521cf50740 Thread added: 0x000002521cf50740
Event: 6.545 Thread 0x000002521cf51b80 Thread added: 0x000002521cf51b80
Event: 6.636 Thread 0x000002521cf4e3d0 Thread added: 0x000002521cf4e3d0
Event: 6.637 Thread 0x000002521e225300 Thread added: 0x000002521e225300
Event: 6.638 Thread 0x000002521e225d20 Thread added: 0x000002521e225d20
Event: 6.638 Thread 0x000002521e2239b0 Thread added: 0x000002521e2239b0
Event: 6.638 Thread 0x000002521e226c50 Thread added: 0x000002521e226c50
Event: 6.661 Thread 0x000002521e226230 Thread added: 0x000002521e226230
Event: 6.801 Thread 0x000002521e226740 Thread added: 0x000002521e226740
Event: 6.808 Thread 0x000002521e2234a0 Thread added: 0x000002521e2234a0
Event: 6.839 Thread 0x000002521e2248e0 Thread added: 0x000002521e2248e0
Event: 7.207 Thread 0x000002521e223ec0 Thread added: 0x000002521e223ec0
Event: 7.208 Thread 0x000002521e224df0 Thread added: 0x000002521e224df0


Dynamic libraries:
0x00007ff7b0df0000 - 0x00007ff7b0dfe000 	c:\Users\bayes\.vscode\extensions\redhat.java-1.35.0-win32-x64\jre\17.0.12-win32-x86_64\bin\java.exe
0x00007fff82c10000 - 0x00007fff82e08000 	C:\Windows\SYSTEM32\ntdll.dll
0x00007fff80e90000 - 0x00007fff80f4f000 	C:\Windows\System32\KERNEL32.DLL
0x00007fff80770000 - 0x00007fff80a66000 	C:\Windows\System32\KERNELBASE.dll
0x00007fff80b70000 - 0x00007fff80c70000 	C:\Windows\System32\ucrtbase.dll
0x00007fff77700000 - 0x00007fff77717000 	c:\Users\bayes\.vscode\extensions\redhat.java-1.35.0-win32-x64\jre\17.0.12-win32-x86_64\bin\jli.dll
0x00007fff6b380000 - 0x00007fff6b39b000 	c:\Users\bayes\.vscode\extensions\redhat.java-1.35.0-win32-x64\jre\17.0.12-win32-x86_64\bin\VCRUNTIME140.dll
0x00007fff810b0000 - 0x00007fff8124d000 	C:\Windows\System32\USER32.dll
0x00007fff7f6f0000 - 0x00007fff7f98a000 	C:\Windows\WinSxS\amd64_microsoft.windows.common-controls_6595b64144ccf1df_6.0.19041.1110_none_60b5254171f9507e\COMCTL32.dll
0x00007fff80aa0000 - 0x00007fff80ac2000 	C:\Windows\System32\win32u.dll
0x00007fff82a60000 - 0x00007fff82afe000 	C:\Windows\System32\msvcrt.dll
0x00007fff823e0000 - 0x00007fff8240c000 	C:\Windows\System32\GDI32.dll
0x00007fff804a0000 - 0x00007fff805b5000 	C:\Windows\System32\gdi32full.dll
0x00007fff80ad0000 - 0x00007fff80b6d000 	C:\Windows\System32\msvcp_win.dll
0x00007fff82a30000 - 0x00007fff82a60000 	C:\Windows\System32\IMM32.DLL
0x00007fff794c0000 - 0x00007fff794cc000 	c:\Users\bayes\.vscode\extensions\redhat.java-1.35.0-win32-x64\jre\17.0.12-win32-x86_64\bin\vcruntime140_1.dll
0x00007fff5a310000 - 0x00007fff5a39d000 	c:\Users\bayes\.vscode\extensions\redhat.java-1.35.0-win32-x64\jre\17.0.12-win32-x86_64\bin\msvcp140.dll
0x00007fff4ae00000 - 0x00007fff4ba6a000 	c:\Users\bayes\.vscode\extensions\redhat.java-1.35.0-win32-x64\jre\17.0.12-win32-x86_64\bin\server\jvm.dll
0x00007fff82550000 - 0x00007fff825ff000 	C:\Windows\System32\ADVAPI32.dll
0x00007fff82410000 - 0x00007fff824ac000 	C:\Windows\System32\sechost.dll
0x00007fff81e20000 - 0x00007fff81f46000 	C:\Windows\System32\RPCRT4.dll
0x00007fff80e20000 - 0x00007fff80e8b000 	C:\Windows\System32\WS2_32.dll
0x00007fff7ff10000 - 0x00007fff7ff5b000 	C:\Windows\SYSTEM32\POWRPROF.dll
0x00007fff59500000 - 0x00007fff59527000 	C:\Windows\SYSTEM32\WINMM.dll
0x00007fff7cd80000 - 0x00007fff7cd8a000 	C:\Windows\SYSTEM32\VERSION.dll
0x00007fff7f990000 - 0x00007fff7f9a2000 	C:\Windows\SYSTEM32\UMPDC.dll
0x00007fff7dd20000 - 0x00007fff7dd32000 	C:\Windows\SYSTEM32\kernel.appcore.dll
0x00007fff77d20000 - 0x00007fff77d2a000 	c:\Users\bayes\.vscode\extensions\redhat.java-1.35.0-win32-x64\jre\17.0.12-win32-x86_64\bin\jimage.dll
0x00007fff7fca0000 - 0x00007fff7fe84000 	C:\Windows\SYSTEM32\DBGHELP.DLL
0x00007fff7fac0000 - 0x00007fff7faf4000 	C:\Windows\SYSTEM32\dbgcore.DLL
0x00007fff80410000 - 0x00007fff80492000 	C:\Windows\System32\bcryptPrimitives.dll
0x00007fff77b00000 - 0x00007fff77b0e000 	c:\Users\bayes\.vscode\extensions\redhat.java-1.35.0-win32-x64\jre\17.0.12-win32-x86_64\bin\instrument.dll
0x00007fff6a910000 - 0x00007fff6a935000 	c:\Users\bayes\.vscode\extensions\redhat.java-1.35.0-win32-x64\jre\17.0.12-win32-x86_64\bin\java.dll
0x00007fff6b360000 - 0x00007fff6b378000 	c:\Users\bayes\.vscode\extensions\redhat.java-1.35.0-win32-x64\jre\17.0.12-win32-x86_64\bin\zip.dll
0x00007fff81250000 - 0x00007fff81994000 	C:\Windows\System32\SHELL32.dll
0x00007fff7dd40000 - 0x00007fff7e4d3000 	C:\Windows\SYSTEM32\windows.storage.dll
0x00007fff81f60000 - 0x00007fff822b4000 	C:\Windows\System32\combase.dll
0x00007fff7f650000 - 0x00007fff7f67e000 	C:\Windows\SYSTEM32\Wldp.dll
0x00007fff80f50000 - 0x00007fff80ffd000 	C:\Windows\System32\SHCORE.dll
0x00007fff80d30000 - 0x00007fff80d85000 	C:\Windows\System32\shlwapi.dll
0x00007fff80230000 - 0x00007fff8024f000 	C:\Windows\SYSTEM32\profapi.dll
0x00007fff6b270000 - 0x00007fff6b289000 	C:\Users\bayes\.vscode\extensions\redhat.java-1.35.0-win32-x64\jre\17.0.12-win32-x86_64\bin\net.dll
0x00007fff701e0000 - 0x00007fff702ea000 	C:\Windows\SYSTEM32\WINHTTP.dll
0x00007fff7f510000 - 0x00007fff7f57a000 	C:\Windows\system32\mswsock.dll
0x00007fff6b1c0000 - 0x00007fff6b1d6000 	C:\Users\bayes\.vscode\extensions\redhat.java-1.35.0-win32-x64\jre\17.0.12-win32-x86_64\bin\nio.dll
0x00007fff708e0000 - 0x00007fff708f0000 	c:\Users\bayes\.vscode\extensions\redhat.java-1.35.0-win32-x64\jre\17.0.12-win32-x86_64\bin\verify.dll
0x00007fff6c1d0000 - 0x00007fff6c215000 	C:\Users\bayes\AppData\Roaming\Code\User\globalStorage\redhat.java\1.35.0\config_win\org.eclipse.equinox.launcher\org.eclipse.equinox.launcher.win32.win32.x86_64_1.2.1100.v20240722-2106\eclipse_11904.dll
0x00007fff82890000 - 0x00007fff829ba000 	C:\Windows\System32\ole32.dll
0x00007fff80080000 - 0x00007fff80098000 	C:\Windows\SYSTEM32\CRYPTSP.dll
0x00007fff7ed30000 - 0x00007fff7ed64000 	C:\Windows\system32\rsaenh.dll
0x00007fff80a70000 - 0x00007fff80a97000 	C:\Windows\System32\bcrypt.dll
0x00007fff801f0000 - 0x00007fff8021e000 	C:\Windows\SYSTEM32\USERENV.dll
0x00007fff7f640000 - 0x00007fff7f64c000 	C:\Windows\SYSTEM32\CRYPTBASE.dll
0x00007fff7f0a0000 - 0x00007fff7f0dc000 	C:\Windows\SYSTEM32\IPHLPAPI.DLL
0x00007fff829c0000 - 0x00007fff829c8000 	C:\Windows\System32\NSI.dll
0x00007fff74890000 - 0x00007fff748a7000 	C:\Windows\SYSTEM32\dhcpcsvc6.DLL
0x00007fff76c60000 - 0x00007fff76c7d000 	C:\Windows\SYSTEM32\dhcpcsvc.DLL
0x00007fff7f0e0000 - 0x00007fff7f1ab000 	C:\Windows\SYSTEM32\DNSAPI.dll
0x00007fff6b510000 - 0x00007fff6b559000 	C:\Users\bayes\AppData\Local\Temp\jna-93514312\jna8128054250363002863.dll
0x00007fff81e10000 - 0x00007fff81e18000 	C:\Windows\System32\PSAPI.DLL

dbghelp: loaded successfully - version: 4.0.5 - missing functions: none
symbol engine: initialized successfully - sym options: 0x614 - pdb path: .;c:\Users\bayes\.vscode\extensions\redhat.java-1.35.0-win32-x64\jre\17.0.12-win32-x86_64\bin;C:\Windows\SYSTEM32;C:\Windows\WinSxS\amd64_microsoft.windows.common-controls_6595b64144ccf1df_6.0.19041.1110_none_60b5254171f9507e;c:\Users\bayes\.vscode\extensions\redhat.java-1.35.0-win32-x64\jre\17.0.12-win32-x86_64\bin\server;C:\Users\bayes\AppData\Roaming\Code\User\globalStorage\redhat.java\1.35.0\config_win\org.eclipse.equinox.launcher\org.eclipse.equinox.launcher.win32.win32.x86_64_1.2.1100.v20240722-2106;C:\Users\bayes\AppData\Local\Temp\jna-93514312

VM Arguments:
jvm_args: --add-modules=ALL-SYSTEM --add-opens=java.base/java.util=ALL-UNNAMED --add-opens=java.base/java.lang=ALL-UNNAMED --add-opens=java.base/sun.nio.fs=ALL-UNNAMED -Declipse.application=org.eclipse.jdt.ls.core.id1 -Dosgi.bundles.defaultStartLevel=4 -Declipse.product=org.eclipse.jdt.ls.core.product -Djava.import.generatesMetadataFilesAtProjectRoot=false -DDetectVMInstallationsJob.disabled=true -Dfile.encoding=utf8 -XX:+UseParallelGC -XX:GCTimeRatio=4 -XX:AdaptiveSizePolicyWeight=90 -Dsun.zip.disableMemoryMapping=true -Xmx1G -Xms100m -Xlog:disable -javaagent:c:\Users\bayes\.vscode\extensions\redhat.java-1.35.0-win32-x64\lombok\lombok-1.18.33.jar -XX:+HeapDumpOnOutOfMemoryError -XX:HeapDumpPath=c:\Users\bayes\AppData\Roaming\Code\User\workspaceStorage\168498a9360cd755819b0a706d5edd1a\redhat.java -Daether.dependencyCollector.impl=bf 
java_command: c:\Users\bayes\.vscode\extensions\redhat.java-1.35.0-win32-x64\server\plugins\org.eclipse.equinox.launcher_1.6.900.v20240613-2009.jar -configuration c:\Users\bayes\AppData\Roaming\Code\User\globalStorage\redhat.java\1.35.0\config_win -data c:\Users\bayes\AppData\Roaming\Code\User\workspaceStorage\168498a9360cd755819b0a706d5edd1a\redhat.java\jdt_ws --pipe=\\.\pipe\lsp-ed1cf089f54d386bbbf031015575ff9a-sock
java_class_path (initial): c:\Users\bayes\.vscode\extensions\redhat.java-1.35.0-win32-x64\server\plugins\org.eclipse.equinox.launcher_1.6.900.v20240613-2009.jar
Launcher Type: SUN_STANDARD

[Global flags]
    uintx AdaptiveSizePolicyWeight                 = 90                                        {product} {command line}
     intx CICompilerCount                          = 3                                         {product} {ergonomic}
    uintx GCTimeRatio                              = 4                                         {product} {command line}
     bool HeapDumpOnOutOfMemoryError               = true                                   {manageable} {command line}
    ccstr HeapDumpPath                             = c:\Users\bayes\AppData\Roaming\Code\User\workspaceStorage\168498a9360cd755819b0a706d5edd1a\redhat.java         {manageable} {command line}
   size_t InitialHeapSize                          = 104857600                                 {product} {command line}
   size_t MaxHeapSize                              = 1073741824                                {product} {command line}
   size_t MaxNewSize                               = 357564416                                 {product} {ergonomic}
   size_t MinHeapDeltaBytes                        = 524288                                    {product} {ergonomic}
   size_t MinHeapSize                              = 104857600                                 {product} {command line}
   size_t NewSize                                  = 34603008                                  {product} {ergonomic}
    uintx NonNMethodCodeHeapSize                   = 5832780                                {pd product} {ergonomic}
    uintx NonProfiledCodeHeapSize                  = 122912730                              {pd product} {ergonomic}
   size_t OldSize                                  = 70254592                                  {product} {ergonomic}
    uintx ProfiledCodeHeapSize                     = 122912730                              {pd product} {ergonomic}
    uintx ReservedCodeCacheSize                    = 251658240                              {pd product} {ergonomic}
     bool SegmentedCodeCache                       = true                                      {product} {ergonomic}
   size_t SoftMaxHeapSize                          = 1073741824                             {manageable} {ergonomic}
     bool UseCompressedClassPointers               = true                           {product lp64_product} {ergonomic}
     bool UseCompressedOops                        = true                           {product lp64_product} {ergonomic}
     bool UseLargePagesIndividualAllocation        = false                                  {pd product} {ergonomic}
     bool UseParallelGC                            = true                                      {product} {command line}

Logging:
Log output configuration:
 #0: stdout all=off uptime,level,tags
 #1: stderr all=off uptime,level,tags

Environment Variables:
JAVA_HOME=C:\Program Files\Java\jdk-21
PATH=C:\Program Files\Eclipse Adoptium\jdk-21.0.4.7-hotspot\bin;C:\Program Files\Common Files\Oracle\Java\javapath;C:\Windows\system32;C:\Windows;C:\Windows\System32\Wbem;C:\Windows\System32\WindowsPowerShell\v1.0\;C:\Windows\System32\OpenSSH\;C:\Program Files\Java\jdk-21;C:\Users\bayes\AppData\Local\Microsoft\WindowsApps;C:\Users\bayes\AppData\Local\Programs\Microsoft VS Code\bin;C:\Program Files\gradle-8.10.2\bin;
USERNAME=bayes
OS=Windows_NT
PROCESSOR_IDENTIFIER=Intel64 Family 6 Model 78 Stepping 3, GenuineIntel
TMP=C:\Users\bayes\AppData\Local\Temp
TEMP=C:\Users\bayes\AppData\Local\Temp



Periodic native trim disabled


---------------  S Y S T E M  ---------------

OS:
 Windows 10 , 64 bit Build 19041 (10.0.19041.2913)
OS uptime: 0 days 1:20 hours

CPU: total 4 (initial active 4) (2 cores per cpu, 2 threads per core) family 6 model 78 stepping 3 microcode 0xcc, cx8, cmov, fxsr, ht, mmx, 3dnowpref, sse, sse2, sse3, ssse3, sse4.1, sse4.2, popcnt, lzcnt, tsc, tscinvbit, avx, avx2, aes, erms, clmul, bmi1, bmi2, rtm, adx, fma, vzeroupper, clflush, clflushopt
Processor Information for all 4 processors :
  Max Mhz: 2496, Current Mhz: 2396, Mhz Limit: 2396

Memory: 4k page, system-wide physical 7854M (2080M free)
TotalPageFile size 15790M (AvailPageFile size 8663M)
current process WorkingSet (physical memory assigned to process): 194M, peak: 194M
current process commit charge ("private bytes"): 276M, peak: 276M

vm_info: OpenJDK 64-Bit Server VM (17.0.12+7) for windows-amd64 JRE (17.0.12+7), built on Jul 16 2024 22:08:24 by "admin" with MS VC++ 16.10 / 16.11 (VS2019)

END.
