#
# A fatal error has been detected by the Java Runtime Environment:
#
#  EXCEPTION_ACCESS_VIOLATION (0xc0000005) at pc=0x00007fff32f85da8, pid=2988, tid=5940
#
# JRE version: Java(TM) SE Runtime Environment (21.0.4+8) (build 21.0.4+8-LTS-274)
# Java VM: Java HotSpot(TM) 64-Bit Server VM (21.0.4+8-LTS-274, mixed mode, sharing, tiered, compressed oops, compressed class ptrs, g1 gc, windows-amd64)
# Problematic frame:
# V  [jvm.dll+0x355da8]
#
# No core dump will be written. Minidumps are not enabled by default on client versions of Windows
#
# If you would like to submit a bug report, please visit:
#   https://bugreport.java.com/bugreport/crash.jsp
#

---------------  S U M M A R Y ------------

Command Line: -Dorg.gradle.internal.worker.tmpdir=C:\Users\bayes\Downloads\Projet_classe_kata-main\build\tmp\test\work -Dorg.gradle.native=false -javaagent:C:\Users\bayes\Downloads\Projet_classe_kata-main\build\tmp\.cache\expanded\zip_0bd0851504e6286cb5fc6f37a81e25cc\jacocoagent.jar=destfile=build/jacoco/test.exec,append=true,inclnolocationclasses=false,dumponexit=true,output=file,jmx=false -Xmx512m -Dfile.encoding=UTF-8 -Duser.country=FR -Duser.language=fr -Duser.variant -ea worker.org.gradle.process.internal.worker.GradleWorkerMain 'Gradle Test Executor 2'

Host: Intel(R) Core(TM) i5-6300U CPU @ 2.40GHz, 4 cores, 7G,  Windows 10 , 64 bit Build 19041 (10.0.19041.2913)
Time: Sat Sep 28 14:06:16 2024 Paris, Madrid (heure duild 19041 (10.0.19041.2913) elapsed time: 2.880577 seconds (0d 0h 0m 2s)

---------------  T H R E A D  ---------------

Current thread (0x00000128edcda330):  WorkerThread "GC Thread#2"    [id=5940, stack(0x0000000410600000,0x0000000410700000) (1024K)]

Stack: [0x0000000410600000,0x0000000410700000],  sp=0x00000004106ff160,  free space=1020k
Native frames: (J=compiled Java code, j=interpreted, Vv=VM code, C=native code)
V  [jvm.dll+0x355da8]
V  [jvm.dll+0x35249e]
V  [jvm.dll+0x362e80]
V  [jvm.dll+0x32223a]
V  [jvm.dll+0x6a01ec]
V  [jvm.dll+0x322384]
V  [jvm.dll+0x6a06d8]
V  [jvm.dll+0x322207]
V  [jvm.dll+0x35f152]
V  [jvm.dll+0x3240ff]
V  [jvm.dll+0x35f55b]
V  [jvm.dll+0x3285ac]
V  [jvm.dll+0x32c40d]
V  [jvm.dll+0x3607e1]
V  [jvm.dll+0x36bc4f]
V  [jvm.dll+0x36bd6b]
V  [jvm.dll+0x880f17]
V  [jvm.dll+0x7fd65b]
V  [jvm.dll+0x6c753d]
C  [ucrtbase.dll+0x21bb2]
C  [KERNEL32.DLL+0x17614]
C  [ntdll.dll+0x526a1]


siginfo: EXCEPTION_ACCESS_VIOLATION (0xc0000005), reading address 0x0000000000000200


Registers:
RAX=0x0000000000000000, RBX=0x00000000e2fa9008, RCX=0x0000000000000014, RDX=0x0000000000000000
RSP=0x00000004106ff160, RBP=0x0000000000000067, RSI=0x00000128cea16d80, RDI=0x00000128eec197f0
R8 =0x0000000000000200, R9 =0x00000000e3013978, R10=0x0000000000000010, R11=0x0000000000000001
R12=0x00007fff335e8308, R13=0x0000000000000074, R14=0x0000000000000040, R15=0x0000000000000000
RIP=0x00007fff32f85da8, EFLAGS=0x0000000000010246


Register to memory mapping:

RAX=0x0 is null
RBX=0x00000000e2fa9008 points into unknown readable memory: 0x0000000000000200 | 00 02 00 00 00 00 00 00
RCX=0x0000000000000014 is an unknown value
RDX=0x0 is null
RSP=0x00000004106ff160 points into unknown readable memory: 0x00000000e5750000 | 00 00 75 e5 00 00 00 00
RBP=0x0000000000000067 is an unknown value
RSI=0x00000128cea16d80 points into unknown readable memory: 0x0000000000000000 | 00 00 00 00 00 00 00 00
RDI=0x00000128eec197f0 points into unknown readable memory: 0x00007fff33603478 | 78 34 60 33 ff 7f 00 00
R8 =0x0000000000000200 is an unknown value
R9 =0x00000000e3013978 is an oop: [Z 
{0x00000000e3013978} - klass: {type array bool}
 - length: 2
R10=0x0000000000000010 is an unknown value
R11=0x0000000000000001 is an unknown value
R12=0x00007fff335e8308 jvm.dll
R13=0x0000000000000074 is an unknown value
R14=0x0000000000000040 is an unknown value
R15=0x0 is null

Top of Stack: (sp=0x00000004106ff160)
0x00000004106ff160:   00000000e5750000 0000000000000001
0x00000004106ff170:   0000012800000000 0000000000000020
0x00000004106ff180:   000000000000f800 00000128ee7e9b68
0x00000004106ff190:   00000128d73dfaf9 00000128eed4b898
0x00000004106ff1a0:   0000000000000000 00007fff32f8249e
0x00000004106ff1b0:   0000000000000000 00000128eec197f0
0x00000004106ff1c0:   00000128ee7e9b68 0000000000000074
0x00000004106ff1d0:   0000000001b4dfcb 00000001a8992191
0x00000004106ff1e0:   00000128eed4b898 0000000000000000
0x00000004106ff1f0:   00000128eed4b848 00007fff32f92e80
0x00000004106ff200:   00000128eebb0000 00000128d7350001
0x00000004106ff210:   0000000000000000 0000000000000028
0x00000004106ff220:   00000128eed4b898 00007fff32f5223a
0x00000004106ff230:   00000128d73dfaf9 0000000000000000
0x00000004106ff240:   00000128eed4b898 00000004106ff620
0x00000004106ff250:   0000000000000800 00007fff332d01ec
0x00000004106ff260:   00007fff33605148 0000000000000000
0x00000004106ff270:   00000128eed4b898 00000128d73df810
0x00000004106ff280:   00000128d73df810 0000000000000000
0x00000004106ff290:   00000128d73df978 00000128d73df9f8
0x00000004106ff2a0:   00000128d73df810 00000128d73dfaf7
0x00000004106ff2b0:   00000128d7351790 00000128eed4b890
0x00000004106ff2c0:   0000000000000000 00000128d73dfa00
0x00000004106ff2d0:   00000128d73dfa00 00000128d73dff08
0x00000004106ff2e0:   00000128d73dfa00 00000128d73dff08
0x00000004106ff2f0:   00000128d73dff48 00007fff335e8308
0x00000004106ff300:   00000004106ff288 0000012800000001
0x00000004106ff310:   0000000000000000 00000128d73519c0
0x00000004106ff320:   00006def2b28e8ff 00000128d7352048
0x00000004106ff330:   00000128cea9c290 00000004106ff3f0
0x00000004106ff340:   00000128cea0ea80 00000004106ff620
0x00000004106ff350:   00000128d73df810 00000128d73df810 

Instructions: (pc=0x00007fff32f85da8)
0x00007fff32f85ca8:   ff 48 8d 53 fe 48 8b cf e8 8b f3 ff ff e9 d6 fd
0x00007fff32f85cb8:   ff ff 66 0f 1f 44 00 00 48 8b 77 10 8b ae 80 00
0x00007fff32f85cc8:   00 00 8b cd 8b 86 00 01 00 00 2b c8 81 e1 ff ff
0x00007fff32f85cd8:   01 00 41 3b ce 0f 86 48 02 00 00 ff cd 81 e5 ff
0x00007fff32f85ce8:   ff 01 00 89 ae 80 00 00 00 e8 3a 40 36 00 90 8b
0x00007fff32f85cf8:   d5 8b 86 00 01 00 00 8b cd 48 8b 9e 80 01 00 00
0x00007fff32f85d08:   2b c8 81 e1 ff ff 01 00 81 f9 ff ff 01 00 48 8b
0x00007fff32f85d18:   1c eb 41 0f 44 cf 85 c9 75 3d 90 89 6c 24 50 48
0x00007fff32f85d28:   8b 86 00 01 00 00 48 8b c8 48 c1 e9 20 ff c1 89
0x00007fff32f85d38:   4c 24 54 3b e8 0f 85 d6 01 00 00 48 c1 e1 20 48
0x00007fff32f85d48:   0b ca f0 48 0f b1 8e 00 01 00 00 0f 85 c0 01 00
0x00007fff32f85d58:   00 8b 86 00 01 00 00 f6 c3 01 0f 84 de 00 00 00
0x00007fff32f85d68:   8b 0d fa 11 86 00 48 ff cb 48 8b 47 08 44 8b 03
0x00007fff32f85d78:   49 d3 e0 8b 88 b0 05 00 00 48 8b 80 a0 05 00 00
0x00007fff32f85d88:   4c 03 05 d1 11 86 00 49 8b d0 48 d3 ea 0f b7 14
0x00007fff32f85d98:   50 0f b7 c2 66 c1 e8 08 84 c0 0f 88 18 ff ff ff
0x00007fff32f85da8:   4d 8b 08 41 0f b6 c1 24 03 3c 03 75 06 49 83 e1
0x00007fff32f85db8:   fc eb 0b 48 8b cf e8 1d ed ff ff 4c 8b c8 8b 0d
0x00007fff32f85dc8:   9c 11 86 00 49 8b d1 48 2b 15 8a 11 86 00 48 d3
0x00007fff32f85dd8:   ea 89 13 48 8b d3 8b 0d 5c a1 8c 00 49 33 d1 48
0x00007fff32f85de8:   d3 ea 48 85 d2 0f 84 cd fe ff ff 48 8b 47 08 4c
0x00007fff32f85df8:   8b 80 a0 05 00 00 8b 88 b0 05 00 00 48 8b c3 48
0x00007fff32f85e08:   d3 e8 41 0f b7 14 40 66 c1 ea 08 80 fa fe 0f 84
0x00007fff32f85e18:   a4 fe ff ff 49 8b c1 48 d3 e8 41 0f b7 14 40 0f
0x00007fff32f85e28:   b7 c2 66 c1 e8 08 84 c0 0f 89 8a fe ff ff 4c 8b
0x00007fff32f85e38:   c3 48 8b cf e8 ef d0 ff ff e9 7a fe ff ff f6 c3
0x00007fff32f85e48:   03 0f 85 b9 00 00 00 48 8b 47 08 4c 8b 03 49 8b
0x00007fff32f85e58:   d0 8b 88 b0 05 00 00 48 8b 80 a0 05 00 00 48 d3
0x00007fff32f85e68:   ea 0f b7 14 50 0f b7 c2 66 c1 e8 08 84 c0 0f 88
0x00007fff32f85e78:   44 fe ff ff 4d 8b 08 41 0f b6 c1 24 03 3c 03 75
0x00007fff32f85e88:   06 49 83 e1 fc eb 0b 48 8b cf e8 49 ec ff ff 4c
0x00007fff32f85e98:   8b c8 49 8b d1 4c 89 0b 8b 0d 9a a0 8c 00 48 33 


Stack slot to memory mapping:

stack at sp + 0 slots: 0x00000000e5750000 is an oop: org.jacoco.agent.rt.internal_4481564.asm.tree.IntInsnNode 
{0x00000000e5750000} - klass: 'org/jacoco/agent/rt/internal_4481564/asm/tree/IntInsnNode'
 - ---- fields (total size 5 words):
 - protected 'opcode' 'I' @12  16 (0x00000010)
 - 'index' 'I' @16  0 (0x00000000)
 - public 'visibleTypeAnnotations' 'Ljava/util/List;' @20  null (0x00000000)
 - public 'invisibleTypeAnnotations' 'Ljava/util/List;' @24  null (0x00000000)
 - 'previousInsn' 'Lorg/jacoco/agent/rt/internal_4481564/asm/tree/AbstractInsnNode;' @28  a 'org/jacoco/agent/rt/internal_4481564/asm/tree/InsnNode'{0x00000000e574ffd8} (0xe574ffd8)
 - 'nextInsn' 'Lorg/jacoco/agent/rt/internal_4481564/asm/tree/AbstractInsnNode;' @32  a 'org/jacoco/agent/rt/internal_4481564/asm/tree/LdcInsnNode'{0x00000000e5750048} (0xe5750048)
 - public 'operand' 'I' @36  48 (0x00000030)
stack at sp + 1 slots: 0x0000000000000001 is an unknown value
stack at sp + 2 slots: 0x0000012800000000 is an unknown value
stack at sp + 3 slots: 0x0000000000000020 is an unknown value
stack at sp + 4 slots: 0x000000000000f800 is an unknown value
stack at sp + 5 slots: 0x00000128ee7e9b68 points into unknown readable memory: 0x00000128ed32fb00 | 00 fb 32 ed 28 01 00 00
stack at sp + 6 slots: 0x00000128d73dfaf9 is at entry_point+249 in (nmethod*)0x00000128d73df810
Compiled method (c1)    3068 2492       3       jdk.internal.util.ByteArray::setInt (10 bytes)
 total in heap  [0x00000128d73df810,0x00000128d73e0160] = 2384
 relocation     [0x00000128d73df968,0x00000128d73df9f8] = 144
 main code      [0x00000128d73dfa00,0x00000128d73dff08] = 1288
 stub code      [0x00000128d73dff08,0x00000128d73dff48] = 64
 oops           [0x00000128d73dff48,0x00000128d73dff70] = 40
 metadata       [0x00000128d73dff70,0x00000128d73dffa0] = 48
 scopes data    [0x00000128d73dffa0,0x00000128d73e0088] = 232
 scopes pcs     [0x00000128d73e0088,0x00000128d73e0148] = 192
 dependencies   [0x00000128d73e0148,0x00000128d73e0150] = 8
 nul chk table  [0x00000128d73e0150,0x00000128d73e0160] = 16
stack at sp + 7 slots: 0x00000128eed4b898 points into unknown readable memory: 0x00007fff33605148 | 48 51 60 33 ff 7f 00 00


---------------  P R O C E S S  ---------------

Threads class SMR info:
_java_thread_list=0x00000128ed3367e0, length=15, elements={
0x00000128ce9fc430, 0x00000128e8cff5a0, 0x00000128e8d01e20, 0x00000128e8d1b730,
0x00000128e8d1c190, 0x00000128e8d1d6f0, 0x00000128e8d1e8f0, 0x00000128e8d23e20,
0x00000128e8d248c0, 0x00000128ed01ce20, 0x00000128ed33aeb0, 0x00000128ed32ce60,
0x00000128ee7ee0d0, 0x00000128ee767ff0, 0x00000128ef952f90
}

Java Threads: ( => current thread )
  0x00000128ce9fc430 JavaThread "Test worker"                       [_thread_blocked, id=10816, stack(0x000000040f200000,0x000000040f300000) (1024K)]
  0x00000128e8cff5a0 JavaThread "Reference Handler"          daemon [_thread_blocked, id=7092, stack(0x000000040fa00000,0x000000040fb00000) (1024K)]
  0x00000128e8d01e20 JavaThread "Finalizer"                  daemon [_thread_blocked, id=1208, stack(0x000000040fb00000,0x000000040fc00000) (1024K)]
  0x00000128e8d1b730 JavaThread "Signal Dispatcher"          daemon [_thread_blocked, id=4480, stack(0x000000040fc00000,0x000000040fd00000) (1024K)]
  0x00000128e8d1c190 JavaThread "Attach Listener"            daemon [_thread_blocked, id=6424, stack(0x000000040fd00000,0x000000040fe00000) (1024K)]
  0x00000128e8d1d6f0 JavaThread "Service Thread"             daemon [_thread_blocked, id=1268, stack(0x000000040fe00000,0x000000040ff00000) (1024K)]
  0x00000128e8d1e8f0 JavaThread "Monitor Deflation Thread"   daemon [_thread_blocked, id=460, stack(0x000000040ff00000,0x0000000410000000) (1024K)]
  0x00000128e8d23e20 JavaThread "C2 CompilerThread0"         daemon [_thread_blocked, id=13676, stack(0x0000000410000000,0x0000000410100000) (1024K)]
  0x00000128e8d248c0 JavaThread "C1 CompilerThread0"         daemon [_thread_blocked, id=2408, stack(0x0000000410100000,0x0000000410200000) (1024K)]
  0x00000128ed01ce20 JavaThread "Common-Cleaner"             daemon [_thread_blocked, id=3200, stack(0x0000000410200000,0x0000000410300000) (1024K)]
  0x00000128ed33aeb0 JavaThread "Notification Thread"        daemon [_thread_blocked, id=9676, stack(0x0000000410300000,0x0000000410400000) (1024K)]
  0x00000128ed32ce60 JavaThread "C2 CompilerThread1"         daemon [_thread_blocked, id=13756, stack(0x0000000410400000,0x0000000410500000) (1024K)]
  0x00000128ee7ee0d0 JavaThread "/127.0.0.1:49907 to /127.0.0.1:49906 workers"        [_thread_blocked, id=4244, stack(0x0000000410900000,0x0000000410a00000) (1024K)]
  0x00000128ee767ff0 JavaThread "/127.0.0.1:49907 to /127.0.0.1:49906 workers Thread 2"        [_thread_blocked, id=13944, stack(0x0000000410a00000,0x0000000410b00000) (1024K)]
  0x00000128ef952f90 JavaThread "/127.0.0.1:49907 to /127.0.0.1:49906 workers Thread 3"        [_thread_in_native, id=8888, stack(0x0000000410b00000,0x0000000410c00000) (1024K)]
Total: 15

Other Threads:
  0x00000128ceace500 VMThread "VM Thread"                           [id=9548, stack(0x000000040f900000,0x000000040fa00000) (1024K)]
  0x00000128e8cdaa00 WatcherThread "VM Periodic Task Thread"        [id=6040, stack(0x000000040f800000,0x000000040f900000) (1024K)]
  0x00000128cea27290 WorkerThread "GC Thread#0"                     [id=12480, stack(0x000000040f300000,0x000000040f400000) (1024K)]
  0x00000128eda814e0 WorkerThread "GC Thread#1"                     [id=4308, stack(0x0000000410500000,0x0000000410600000) (1024K)]
=>0x00000128edcda330 WorkerThread "GC Thread#2"                     [id=5940, stack(0x0000000410600000,0x0000000410700000) (1024K)]
  0x00000128ed8effa0 WorkerThread "GC Thread#3"                     [id=6408, stack(0x0000000410700000,0x0000000410800000) (1024K)]
  0x00000128cea2c330 ConcurrentGCThread "G1 Main Marker"            [id=1392, stack(0x000000040f400000,0x000000040f500000) (1024K)]
  0x00000128cea2d4e0 WorkerThread "G1 Conc#0"                       [id=12612, stack(0x000000040f500000,0x000000040f600000) (1024K)]
  0x00000128ceab1990 ConcurrentGCThread "G1 Refine#0"               [id=9536, stack(0x000000040f600000,0x000000040f700000) (1024K)]
  0x00000128ceab2410 ConcurrentGCThread "G1 Service"                [id=1916, stack(0x000000040f700000,0x000000040f800000) (1024K)]
Total: 10

Threads with active compile tasks:
C2 CompilerThread0     3079 2296       4       org.jacoco.agent.rt.internal_4481564.asm.ClassReader::readCode (5117 bytes)
C2 CompilerThread1     3079 2510       4       org.jacoco.agent.rt.internal_4481564.asm.SymbolTable::<init> (536 bytes)
Total: 2

VM state: at safepoint (normal execution)

VM Mutex/Monitor currently owned by a thread:  ([mutex/lock_event])
[0x00007fff33867e98] Threads_lock - owner thread: 0x00000128ceace500
[0x00007fff33867f98] Heap_lock - owner thread: 0x00000128ce9fc430

Heap address: 0x00000000e0000000, size: 512 MB, Compressed Oops mode: 32-bit

CDS archive(s) mapped at: [0x0000012880000000-0x0000012880c90000-0x0000012880c90000), size 13172736, SharedBaseAddress: 0x0000012880000000, ArchiveRelocationMode: 1.
Compressed class space mapped at: 0x0000012881000000-0x00000128c1000000, reserved size: 1073741824
Narrow klass base: 0x0000012880000000, Narrow klass shift: 0, Narrow klass range: 0x100000000

GC Precious Log:
 CardTable entry size: 512
 Card Set container configuration: InlinePtr #cards 5 size 8 Array Of Cards #cards 12 size 40 Howl #buckets 4 coarsen threshold 1843 Howl Bitmap #cards 512 size 80 coarsen threshold 460 Card regions per heap region 1 cards per card region 2048
 CPUs: 4 total, 4 available
 Memory: 7854M
 Large Page Support: Disabled
 NUMA Support: Disabled
 Compressed Oops: Enabled (32-bit)
 Heap Region Size: 1M
 Heap Min Capacity: 8M
 Heap Initial Capacity: 124M
 Heap Max Capacity: 512M
 Pre-touch: Disabled
 Parallel Workers: 4
 Concurrent Workers: 1
 Concurrent Refinement Workers: 4
 Periodic GC: Disabled

Heap:
 garbage-first heap   total 126976K, used 78033K [0x00000000e0000000, 0x0000000100000000)
  region size 1024K, 76 young (77824K), 4 survivors (4096K)
 Metaspace       used 11693K, committed 12032K, reserved 1114112K
  class space    used 1394K, committed 1536K, reserved 1048576K

Heap Regions: E=young(eden), S=young(survivor), O=old, HS=humongous(starts), HC=humongous(continues), CS=collection set, F=free, TAMS=top-at-mark-start, PB=parsable bottom
|   0|0x00000000e0000000, 0x00000000e0100000, 0x00000000e0100000|100%| O|  |TAMS 0x00000000e0000000| PB 0x00000000e0000000| Untracked 
|   1|0x00000000e0100000, 0x00000000e0200000, 0x00000000e0200000|100%| O|  |TAMS 0x00000000e0100000| PB 0x00000000e0100000| Untracked 
|   2|0x00000000e0200000, 0x00000000e0275b90, 0x00000000e0300000| 45%| O|  |TAMS 0x00000000e0200000| PB 0x00000000e0200000| Untracked 
|   3|0x00000000e0300000, 0x00000000e0300000, 0x00000000e0400000|  0%| F|  |TAMS 0x00000000e0300000| PB 0x00000000e0300000| Untracked 
|   4|0x00000000e0400000, 0x00000000e0400000, 0x00000000e0500000|  0%| F|  |TAMS 0x00000000e0400000| PB 0x00000000e0400000| Untracked 
|   5|0x00000000e0500000, 0x00000000e0500000, 0x00000000e0600000|  0%| F|  |TAMS 0x00000000e0500000| PB 0x00000000e0500000| Untracked 
|   6|0x00000000e0600000, 0x00000000e0600000, 0x00000000e0700000|  0%| F|  |TAMS 0x00000000e0600000| PB 0x00000000e0600000| Untracked 
|   7|0x00000000e0700000, 0x00000000e0700000, 0x00000000e0800000|  0%| F|  |TAMS 0x00000000e0700000| PB 0x00000000e0700000| Untracked 
|   8|0x00000000e0800000, 0x00000000e0800000, 0x00000000e0900000|  0%| F|  |TAMS 0x00000000e0800000| PB 0x00000000e0800000| Untracked 
|   9|0x00000000e0900000, 0x00000000e0900000, 0x00000000e0a00000|  0%| F|  |TAMS 0x00000000e0900000| PB 0x00000000e0900000| Untracked 
|  10|0x00000000e0a00000, 0x00000000e0a00000, 0x00000000e0b00000|  0%| F|  |TAMS 0x00000000e0a00000| PB 0x00000000e0a00000| Untracked 
|  11|0x00000000e0b00000, 0x00000000e0b00000, 0x00000000e0c00000|  0%| F|  |TAMS 0x00000000e0b00000| PB 0x00000000e0b00000| Untracked 
|  12|0x00000000e0c00000, 0x00000000e0c00000, 0x00000000e0d00000|  0%| F|  |TAMS 0x00000000e0c00000| PB 0x00000000e0c00000| Untracked 
|  13|0x00000000e0d00000, 0x00000000e0d00000, 0x00000000e0e00000|  0%| F|  |TAMS 0x00000000e0d00000| PB 0x00000000e0d00000| Untracked 
|  14|0x00000000e0e00000, 0x00000000e0e00000, 0x00000000e0f00000|  0%| F|  |TAMS 0x00000000e0e00000| PB 0x00000000e0e00000| Untracked 
|  15|0x00000000e0f00000, 0x00000000e0f00000, 0x00000000e1000000|  0%| F|  |TAMS 0x00000000e0f00000| PB 0x00000000e0f00000| Untracked 
|  16|0x00000000e1000000, 0x00000000e1000000, 0x00000000e1100000|  0%| F|  |TAMS 0x00000000e1000000| PB 0x00000000e1000000| Untracked 
|  17|0x00000000e1100000, 0x00000000e1100000, 0x00000000e1200000|  0%| F|  |TAMS 0x00000000e1100000| PB 0x00000000e1100000| Untracked 
|  18|0x00000000e1200000, 0x00000000e1200000, 0x00000000e1300000|  0%| F|  |TAMS 0x00000000e1200000| PB 0x00000000e1200000| Untracked 
|  19|0x00000000e1300000, 0x00000000e1300000, 0x00000000e1400000|  0%| F|  |TAMS 0x00000000e1300000| PB 0x00000000e1300000| Untracked 
|  20|0x00000000e1400000, 0x00000000e1400000, 0x00000000e1500000|  0%| F|  |TAMS 0x00000000e1400000| PB 0x00000000e1400000| Untracked 
|  21|0x00000000e1500000, 0x00000000e1500000, 0x00000000e1600000|  0%| F|  |TAMS 0x00000000e1500000| PB 0x00000000e1500000| Untracked 
|  22|0x00000000e1600000, 0x00000000e1600000, 0x00000000e1700000|  0%| F|  |TAMS 0x00000000e1600000| PB 0x00000000e1600000| Untracked 
|  23|0x00000000e1700000, 0x00000000e1700000, 0x00000000e1800000|  0%| F|  |TAMS 0x00000000e1700000| PB 0x00000000e1700000| Untracked 
|  24|0x00000000e1800000, 0x00000000e1800000, 0x00000000e1900000|  0%| F|  |TAMS 0x00000000e1800000| PB 0x00000000e1800000| Untracked 
|  25|0x00000000e1900000, 0x00000000e1900000, 0x00000000e1a00000|  0%| F|  |TAMS 0x00000000e1900000| PB 0x00000000e1900000| Untracked 
|  26|0x00000000e1a00000, 0x00000000e1a00000, 0x00000000e1b00000|  0%| F|  |TAMS 0x00000000e1a00000| PB 0x00000000e1a00000| Untracked 
|  27|0x00000000e1b00000, 0x00000000e1b00000, 0x00000000e1c00000|  0%| F|  |TAMS 0x00000000e1b00000| PB 0x00000000e1b00000| Untracked 
|  28|0x00000000e1c00000, 0x00000000e1c00000, 0x00000000e1d00000|  0%| F|  |TAMS 0x00000000e1c00000| PB 0x00000000e1c00000| Untracked 
|  29|0x00000000e1d00000, 0x00000000e1d00000, 0x00000000e1e00000|  0%| F|  |TAMS 0x00000000e1d00000| PB 0x00000000e1d00000| Untracked 
|  30|0x00000000e1e00000, 0x00000000e1e00000, 0x00000000e1f00000|  0%| F|  |TAMS 0x00000000e1e00000| PB 0x00000000e1e00000| Untracked 
|  31|0x00000000e1f00000, 0x00000000e1f00000, 0x00000000e2000000|  0%| F|  |TAMS 0x00000000e1f00000| PB 0x00000000e1f00000| Untracked 
|  32|0x00000000e2000000, 0x00000000e2000000, 0x00000000e2100000|  0%| F|  |TAMS 0x00000000e2000000| PB 0x00000000e2000000| Untracked 
|  33|0x00000000e2100000, 0x00000000e2100000, 0x00000000e2200000|  0%| F|  |TAMS 0x00000000e2100000| PB 0x00000000e2100000| Untracked 
|  34|0x00000000e2200000, 0x00000000e2200000, 0x00000000e2300000|  0%| F|  |TAMS 0x00000000e2200000| PB 0x00000000e2200000| Untracked 
|  35|0x00000000e2300000, 0x00000000e2300000, 0x00000000e2400000|  0%| F|  |TAMS 0x00000000e2300000| PB 0x00000000e2300000| Untracked 
|  36|0x00000000e2400000, 0x00000000e2400000, 0x00000000e2500000|  0%| F|  |TAMS 0x00000000e2400000| PB 0x00000000e2400000| Untracked 
|  37|0x00000000e2500000, 0x00000000e2500000, 0x00000000e2600000|  0%| F|  |TAMS 0x00000000e2500000| PB 0x00000000e2500000| Untracked 
|  38|0x00000000e2600000, 0x00000000e2600000, 0x00000000e2700000|  0%| F|  |TAMS 0x00000000e2600000| PB 0x00000000e2600000| Untracked 
|  39|0x00000000e2700000, 0x00000000e2700000, 0x00000000e2800000|  0%| F|  |TAMS 0x00000000e2700000| PB 0x00000000e2700000| Untracked 
|  40|0x00000000e2800000, 0x00000000e2800000, 0x00000000e2900000|  0%| F|  |TAMS 0x00000000e2800000| PB 0x00000000e2800000| Untracked 
|  41|0x00000000e2900000, 0x00000000e2900000, 0x00000000e2a00000|  0%| F|  |TAMS 0x00000000e2900000| PB 0x00000000e2900000| Untracked 
|  42|0x00000000e2a00000, 0x00000000e2a00000, 0x00000000e2b00000|  0%| F|  |TAMS 0x00000000e2a00000| PB 0x00000000e2a00000| Untracked 
|  43|0x00000000e2b00000, 0x00000000e2b00000, 0x00000000e2c00000|  0%| F|  |TAMS 0x00000000e2b00000| PB 0x00000000e2b00000| Untracked 
|  44|0x00000000e2c00000, 0x00000000e2c00000, 0x00000000e2d00000|  0%| F|  |TAMS 0x00000000e2c00000| PB 0x00000000e2c00000| Untracked 
|  45|0x00000000e2d00000, 0x00000000e2d00000, 0x00000000e2e00000|  0%| F|  |TAMS 0x00000000e2d00000| PB 0x00000000e2d00000| Untracked 
|  46|0x00000000e2e00000, 0x00000000e2ea7538, 0x00000000e2f00000| 65%| S|  |TAMS 0x00000000e2e00000| PB 0x00000000e2e00000| Complete 
|  47|0x00000000e2f00000, 0x00000000e3000000, 0x00000000e3000000|100%| S|  |TAMS 0x00000000e2f00000| PB 0x00000000e2f00000| Complete 
|  48|0x00000000e3000000, 0x00000000e3100000, 0x00000000e3100000|100%| S|  |TAMS 0x00000000e3000000| PB 0x00000000e3000000| Complete 
|  49|0x00000000e3100000, 0x00000000e3200000, 0x00000000e3200000|100%| S|  |TAMS 0x00000000e3100000| PB 0x00000000e3100000| Complete 
|  50|0x00000000e3200000, 0x00000000e3300000, 0x00000000e3300000|100%| E|CS|TAMS 0x00000000e3200000| PB 0x00000000e3200000| Complete 
|  51|0x00000000e3300000, 0x00000000e3400000, 0x00000000e3400000|100%| E|CS|TAMS 0x00000000e3300000| PB 0x00000000e3300000| Complete 
|  52|0x00000000e3400000, 0x00000000e3500000, 0x00000000e3500000|100%| E|CS|TAMS 0x00000000e3400000| PB 0x00000000e3400000| Complete 
|  53|0x00000000e3500000, 0x00000000e3600000, 0x00000000e3600000|100%| E|CS|TAMS 0x00000000e3500000| PB 0x00000000e3500000| Complete 
|  54|0x00000000e3600000, 0x00000000e3700000, 0x00000000e3700000|100%| E|CS|TAMS 0x00000000e3600000| PB 0x00000000e3600000| Complete 
|  55|0x00000000e3700000, 0x00000000e3800000, 0x00000000e3800000|100%| E|CS|TAMS 0x00000000e3700000| PB 0x00000000e3700000| Complete 
|  56|0x00000000e3800000, 0x00000000e3900000, 0x00000000e3900000|100%| E|CS|TAMS 0x00000000e3800000| PB 0x00000000e3800000| Complete 
|  57|0x00000000e3900000, 0x00000000e3a00000, 0x00000000e3a00000|100%| E|CS|TAMS 0x00000000e3900000| PB 0x00000000e3900000| Complete 
|  58|0x00000000e3a00000, 0x00000000e3b00000, 0x00000000e3b00000|100%| E|CS|TAMS 0x00000000e3a00000| PB 0x00000000e3a00000| Complete 
|  59|0x00000000e3b00000, 0x00000000e3c00000, 0x00000000e3c00000|100%| E|CS|TAMS 0x00000000e3b00000| PB 0x00000000e3b00000| Complete 
|  60|0x00000000e3c00000, 0x00000000e3d00000, 0x00000000e3d00000|100%| E|CS|TAMS 0x00000000e3c00000| PB 0x00000000e3c00000| Complete 
|  61|0x00000000e3d00000, 0x00000000e3e00000, 0x00000000e3e00000|100%| E|CS|TAMS 0x00000000e3d00000| PB 0x00000000e3d00000| Complete 
|  62|0x00000000e3e00000, 0x00000000e3f00000, 0x00000000e3f00000|100%| E|CS|TAMS 0x00000000e3e00000| PB 0x00000000e3e00000| Complete 
|  63|0x00000000e3f00000, 0x00000000e4000000, 0x00000000e4000000|100%| E|CS|TAMS 0x00000000e3f00000| PB 0x00000000e3f00000| Complete 
|  64|0x00000000e4000000, 0x00000000e4100000, 0x00000000e4100000|100%| E|CS|TAMS 0x00000000e4000000| PB 0x00000000e4000000| Complete 
|  65|0x00000000e4100000, 0x00000000e4200000, 0x00000000e4200000|100%| E|CS|TAMS 0x00000000e4100000| PB 0x00000000e4100000| Complete 
|  66|0x00000000e4200000, 0x00000000e4300000, 0x00000000e4300000|100%| E|CS|TAMS 0x00000000e4200000| PB 0x00000000e4200000| Complete 
|  67|0x00000000e4300000, 0x00000000e4400000, 0x00000000e4400000|100%| E|CS|TAMS 0x00000000e4300000| PB 0x00000000e4300000| Complete 
|  68|0x00000000e4400000, 0x00000000e4500000, 0x00000000e4500000|100%| E|CS|TAMS 0x00000000e4400000| PB 0x00000000e4400000| Complete 
|  69|0x00000000e4500000, 0x00000000e4600000, 0x00000000e4600000|100%| E|CS|TAMS 0x00000000e4500000| PB 0x00000000e4500000| Complete 
|  70|0x00000000e4600000, 0x00000000e4700000, 0x00000000e4700000|100%| E|CS|TAMS 0x00000000e4600000| PB 0x00000000e4600000| Complete 
|  71|0x00000000e4700000, 0x00000000e4800000, 0x00000000e4800000|100%| E|CS|TAMS 0x00000000e4700000| PB 0x00000000e4700000| Complete 
|  72|0x00000000e4800000, 0x00000000e4900000, 0x00000000e4900000|100%| E|CS|TAMS 0x00000000e4800000| PB 0x00000000e4800000| Complete 
|  73|0x00000000e4900000, 0x00000000e4a00000, 0x00000000e4a00000|100%| E|CS|TAMS 0x00000000e4900000| PB 0x00000000e4900000| Complete 
|  74|0x00000000e4a00000, 0x00000000e4b00000, 0x00000000e4b00000|100%| E|CS|TAMS 0x00000000e4a00000| PB 0x00000000e4a00000| Complete 
|  75|0x00000000e4b00000, 0x00000000e4c00000, 0x00000000e4c00000|100%| E|CS|TAMS 0x00000000e4b00000| PB 0x00000000e4b00000| Complete 
|  76|0x00000000e4c00000, 0x00000000e4d00000, 0x00000000e4d00000|100%| E|CS|TAMS 0x00000000e4c00000| PB 0x00000000e4c00000| Complete 
|  77|0x00000000e4d00000, 0x00000000e4e00000, 0x00000000e4e00000|100%| E|CS|TAMS 0x00000000e4d00000| PB 0x00000000e4d00000| Complete 
|  78|0x00000000e4e00000, 0x00000000e4f00000, 0x00000000e4f00000|100%| E|CS|TAMS 0x00000000e4e00000| PB 0x00000000e4e00000| Complete 
|  79|0x00000000e4f00000, 0x00000000e5000000, 0x00000000e5000000|100%| E|CS|TAMS 0x00000000e4f00000| PB 0x00000000e4f00000| Complete 
|  80|0x00000000e5000000, 0x00000000e5100000, 0x00000000e5100000|100%| E|CS|TAMS 0x00000000e5000000| PB 0x00000000e5000000| Complete 
|  81|0x00000000e5100000, 0x00000000e5200000, 0x00000000e5200000|100%| E|CS|TAMS 0x00000000e5100000| PB 0x00000000e5100000| Complete 
|  82|0x00000000e5200000, 0x00000000e5300000, 0x00000000e5300000|100%| E|CS|TAMS 0x00000000e5200000| PB 0x00000000e5200000| Complete 
|  83|0x00000000e5300000, 0x00000000e5400000, 0x00000000e5400000|100%| E|CS|TAMS 0x00000000e5300000| PB 0x00000000e5300000| Complete 
|  84|0x00000000e5400000, 0x00000000e5500000, 0x00000000e5500000|100%| E|CS|TAMS 0x00000000e5400000| PB 0x00000000e5400000| Complete 
|  85|0x00000000e5500000, 0x00000000e5600000, 0x00000000e5600000|100%| E|CS|TAMS 0x00000000e5500000| PB 0x00000000e5500000| Complete 
|  86|0x00000000e5600000, 0x00000000e5700000, 0x00000000e5700000|100%| E|CS|TAMS 0x00000000e5600000| PB 0x00000000e5600000| Complete 
|  87|0x00000000e5700000, 0x00000000e5800000, 0x00000000e5800000|100%| E|CS|TAMS 0x00000000e5700000| PB 0x00000000e5700000| Complete 
|  88|0x00000000e5800000, 0x00000000e5900000, 0x00000000e5900000|100%| E|CS|TAMS 0x00000000e5800000| PB 0x00000000e5800000| Complete 
|  89|0x00000000e5900000, 0x00000000e5a00000, 0x00000000e5a00000|100%| E|CS|TAMS 0x00000000e5900000| PB 0x00000000e5900000| Complete 
|  90|0x00000000e5a00000, 0x00000000e5b00000, 0x00000000e5b00000|100%| E|CS|TAMS 0x00000000e5a00000| PB 0x00000000e5a00000| Complete 
|  91|0x00000000e5b00000, 0x00000000e5c00000, 0x00000000e5c00000|100%| E|CS|TAMS 0x00000000e5b00000| PB 0x00000000e5b00000| Complete 
|  92|0x00000000e5c00000, 0x00000000e5d00000, 0x00000000e5d00000|100%| E|CS|TAMS 0x00000000e5c00000| PB 0x00000000e5c00000| Complete 
|  93|0x00000000e5d00000, 0x00000000e5e00000, 0x00000000e5e00000|100%| E|CS|TAMS 0x00000000e5d00000| PB 0x00000000e5d00000| Complete 
|  94|0x00000000e5e00000, 0x00000000e5f00000, 0x00000000e5f00000|100%| E|CS|TAMS 0x00000000e5e00000| PB 0x00000000e5e00000| Complete 
|  95|0x00000000e5f00000, 0x00000000e6000000, 0x00000000e6000000|100%| E|CS|TAMS 0x00000000e5f00000| PB 0x00000000e5f00000| Complete 
|  96|0x00000000e6000000, 0x00000000e6100000, 0x00000000e6100000|100%| E|CS|TAMS 0x00000000e6000000| PB 0x00000000e6000000| Complete 
|  97|0x00000000e6100000, 0x00000000e6200000, 0x00000000e6200000|100%| E|CS|TAMS 0x00000000e6100000| PB 0x00000000e6100000| Complete 
|  98|0x00000000e6200000, 0x00000000e6300000, 0x00000000e6300000|100%| E|CS|TAMS 0x00000000e6200000| PB 0x00000000e6200000| Complete 
|  99|0x00000000e6300000, 0x00000000e6400000, 0x00000000e6400000|100%| E|CS|TAMS 0x00000000e6300000| PB 0x00000000e6300000| Complete 
| 100|0x00000000e6400000, 0x00000000e6500000, 0x00000000e6500000|100%| E|CS|TAMS 0x00000000e6400000| PB 0x00000000e6400000| Complete 
| 101|0x00000000e6500000, 0x00000000e65be920, 0x00000000e6600000| 74%| E|CS|TAMS 0x00000000e6500000| PB 0x00000000e6500000| Complete 
| 102|0x00000000e6600000, 0x00000000e6700000, 0x00000000e6700000|100%| E|CS|TAMS 0x00000000e6600000| PB 0x00000000e6600000| Complete 
| 103|0x00000000e6700000, 0x00000000e6800000, 0x00000000e6800000|100%| E|CS|TAMS 0x00000000e6700000| PB 0x00000000e6700000| Complete 
| 104|0x00000000e6800000, 0x00000000e6900000, 0x00000000e6900000|100%| E|CS|TAMS 0x00000000e6800000| PB 0x00000000e6800000| Complete 
| 105|0x00000000e6900000, 0x00000000e6a00000, 0x00000000e6a00000|100%| E|CS|TAMS 0x00000000e6900000| PB 0x00000000e6900000| Complete 
| 106|0x00000000e6a00000, 0x00000000e6b00000, 0x00000000e6b00000|100%| E|CS|TAMS 0x00000000e6a00000| PB 0x00000000e6a00000| Complete 
| 107|0x00000000e6b00000, 0x00000000e6c00000, 0x00000000e6c00000|100%| E|CS|TAMS 0x00000000e6b00000| PB 0x00000000e6b00000| Complete 
| 108|0x00000000e6c00000, 0x00000000e6d00000, 0x00000000e6d00000|100%| E|CS|TAMS 0x00000000e6c00000| PB 0x00000000e6c00000| Complete 
| 109|0x00000000e6d00000, 0x00000000e6e00000, 0x00000000e6e00000|100%| E|CS|TAMS 0x00000000e6d00000| PB 0x00000000e6d00000| Complete 
| 110|0x00000000e6e00000, 0x00000000e6f00000, 0x00000000e6f00000|100%| E|CS|TAMS 0x00000000e6e00000| PB 0x00000000e6e00000| Complete 
| 111|0x00000000e6f00000, 0x00000000e7000000, 0x00000000e7000000|100%| E|CS|TAMS 0x00000000e6f00000| PB 0x00000000e6f00000| Complete 
| 112|0x00000000e7000000, 0x00000000e7100000, 0x00000000e7100000|100%| E|CS|TAMS 0x00000000e7000000| PB 0x00000000e7000000| Complete 
| 113|0x00000000e7100000, 0x00000000e7200000, 0x00000000e7200000|100%| E|CS|TAMS 0x00000000e7100000| PB 0x00000000e7100000| Complete 
| 114|0x00000000e7200000, 0x00000000e7300000, 0x00000000e7300000|100%| E|CS|TAMS 0x00000000e7200000| PB 0x00000000e7200000| Complete 
| 115|0x00000000e7300000, 0x00000000e7400000, 0x00000000e7400000|100%| E|CS|TAMS 0x00000000e7300000| PB 0x00000000e7300000| Complete 
| 116|0x00000000e7400000, 0x00000000e7500000, 0x00000000e7500000|100%| E|CS|TAMS 0x00000000e7400000| PB 0x00000000e7400000| Complete 
| 117|0x00000000e7500000, 0x00000000e7600000, 0x00000000e7600000|100%| E|CS|TAMS 0x00000000e7500000| PB 0x00000000e7500000| Complete 
| 118|0x00000000e7600000, 0x00000000e7700000, 0x00000000e7700000|100%| E|CS|TAMS 0x00000000e7600000| PB 0x00000000e7600000| Complete 
| 119|0x00000000e7700000, 0x00000000e7800000, 0x00000000e7800000|100%| E|CS|TAMS 0x00000000e7700000| PB 0x00000000e7700000| Complete 
| 120|0x00000000e7800000, 0x00000000e7900000, 0x00000000e7900000|100%| E|CS|TAMS 0x00000000e7800000| PB 0x00000000e7800000| Complete 
| 121|0x00000000e7900000, 0x00000000e7a00000, 0x00000000e7a00000|100%| E|CS|TAMS 0x00000000e7900000| PB 0x00000000e7900000| Complete 
| 122|0x00000000e7a00000, 0x00000000e7b00000, 0x00000000e7b00000|100%| E|CS|TAMS 0x00000000e7a00000| PB 0x00000000e7a00000| Complete 
| 123|0x00000000e7b00000, 0x00000000e7c00000, 0x00000000e7c00000|100%| E|CS|TAMS 0x00000000e7b00000| PB 0x00000000e7b00000| Complete 

Card table byte_map: [0x00000128e5e80000,0x00000128e5f80000] _byte_map_base: 0x00000128e5780000

Marking Bits: (CMBitMap*) 0x00000128cea278a0
 Bits: [0x00000128e5f80000, 0x00000128e6780000)

Polling page: 0x00000128cc9b0000

Metaspace:

Usage:
  Non-class:     10.06 MB used.
      Class:      1.36 MB used.
       Both:     11.42 MB used.

Virtual space:
  Non-class space:       64.00 MB reserved,      10.25 MB ( 16%) committed,  1 nodes.
      Class space:        1.00 GB reserved,       1.50 MB ( <1%) committed,  1 nodes.
             Both:        1.06 GB reserved,      11.75 MB (  1%) committed. 

Chunk freelists:
   Non-Class:  5.47 MB
       Class:  14.50 MB
        Both:  19.97 MB

MaxMetaspaceSize: unlimited
CompressedClassSpaceSize: 1.00 GB
Initial GC threshold: 21.00 MB
Current GC threshold: 21.00 MB
CDS: on
 - commit_granule_bytes: 65536.
 - commit_granule_words: 8192.
 - virtual_space_node_default_size: 8388608.
 - enlarge_chunks_in_place: 1.
 - use_allocation_guard: 0.


Internal statistics:

num_allocs_failed_limit: 0.
num_arena_births: 362.
num_arena_deaths: 0.
num_vsnodes_births: 2.
num_vsnodes_deaths: 0.
num_space_committed: 188.
num_space_uncommitted: 0.
num_chunks_returned_to_freelist: 0.
num_chunks_taken_from_freelist: 788.
num_chunk_merges: 0.
num_chunk_splits: 448.
num_chunks_enlarged: 243.
num_inconsistent_stats: 0.

CodeHeap 'non-profiled nmethods': size=120000Kb used=1129Kb max_used=1129Kb free=118870Kb
 bounds [0x00000128de950000, 0x00000128debc0000, 0x00000128e5e80000]
CodeHeap 'profiled nmethods': size=120000Kb used=5674Kb max_used=5674Kb free=114326Kb
 bounds [0x00000128d6e80000, 0x00000128d7410000, 0x00000128de3b0000]
CodeHeap 'non-nmethods': size=5760Kb used=1402Kb max_used=1463Kb free=4357Kb
 bounds [0x00000128de3b0000, 0x00000128de620000, 0x00000128de950000]
 total_blobs=3057 nmethods=2562 adapters=399
 compilation: enabled
              stopped_count=0, restarted_count=0
 full_count=0

Compilation events (20 events):
Event: 2.816 Thread 0x00000128e8d248c0 2565       3       java.lang.String::lastIndexOf (18 bytes)
Event: 2.816 Thread 0x00000128e8d248c0 nmethod 2565 0x00000128d7405310 code [0x00000128d74054e0, 0x00000128d74057a8]
Event: 2.816 Thread 0x00000128e8d248c0 2566       3       org.packagesettings.PackageLevelSettings::getNextLevel (46 bytes)
Event: 2.817 Thread 0x00000128e8d248c0 nmethod 2566 0x00000128d7405910 code [0x00000128d7405b00, 0x00000128d7405f28]
Event: 2.817 Thread 0x00000128e8d248c0 2567   !   3       org.packagesettings.PackageLevelSettings::getSettingsFor (265 bytes)
Event: 2.819 Thread 0x00000128e8d248c0 nmethod 2567 0x00000128d7406190 code [0x00000128d7406520, 0x00000128d7407af8]
Event: 2.823 Thread 0x00000128e8d248c0 2568       3       java.lang.Module::getLayer (43 bytes)
Event: 2.823 Thread 0x00000128e8d248c0 nmethod 2568 0x00000128d7408790 code [0x00000128d7408960, 0x00000128d7408d10]
Event: 2.823 Thread 0x00000128e8d248c0 2569       1       java.lang.Throwable::getMessage (5 bytes)
Event: 2.824 Thread 0x00000128e8d248c0 nmethod 2569 0x00000128dea6a390 code [0x00000128dea6a520, 0x00000128dea6a5e8]
Event: 2.830 Thread 0x00000128e8d248c0 2570       3       java.util.HashMap::putAll (7 bytes)
Event: 2.830 Thread 0x00000128e8d248c0 nmethod 2570 0x00000128d7408e10 code [0x00000128d7408fc0, 0x00000128d7409100]
Event: 2.847 Thread 0x00000128e8d248c0 2571       3       java.lang.Thread::getContextClassLoader (30 bytes)
Event: 2.847 Thread 0x00000128e8d248c0 nmethod 2571 0x00000128d7409190 code [0x00000128d7409340, 0x00000128d74095a0]
Event: 2.852 Thread 0x00000128e8d248c0 2572       3       java.lang.invoke.LambdaFormEditor$TransformKey::inRange (36 bytes)
Event: 2.852 Thread 0x00000128e8d248c0 nmethod 2572 0x00000128d7409690 code [0x00000128d7409820, 0x00000128d7409978]
Event: 2.855 Thread 0x00000128e8d248c0 2573       3       java.lang.Class::arrayContentsEq (70 bytes)
Event: 2.855 Thread 0x00000128e8d248c0 nmethod 2573 0x00000128d7409a10 code [0x00000128d7409be0, 0x00000128d740a030]
Event: 2.855 Thread 0x00000128e8d248c0 2574   !   3       com.spun.util.ObjectUtils::throwAsError (32 bytes)
Event: 2.855 Thread 0x00000128e8d248c0 nmethod 2574 0x00000128d740a190 code [0x00000128d740a360, 0x00000128d740a638]

GC Heap History (5 events):
Event: 0.570 GC heap before
{Heap before GC invocations=0 (full 0):
 garbage-first heap   total 126976K, used 12288K [0x00000000e0000000, 0x0000000100000000)
  region size 1024K, 13 young (13312K), 0 survivors (0K)
 Metaspace       used 2872K, committed 3136K, reserved 1114112K
  class space    used 273K, committed 384K, reserved 1048576K
}
Event: 0.576 GC heap after
{Heap after GC invocations=1 (full 0):
 garbage-first heap   total 126976K, used 2506K [0x00000000e0000000, 0x0000000100000000)
  region size 1024K, 2 young (2048K), 2 survivors (2048K)
 Metaspace       used 2872K, committed 3136K, reserved 1114112K
  class space    used 273K, committed 384K, reserved 1048576K
}
Event: 1.148 GC heap before
{Heap before GC invocations=1 (full 0):
 garbage-first heap   total 126976K, used 20938K [0x00000000e0000000, 0x0000000100000000)
  region size 1024K, 21 young (21504K), 2 survivors (2048K)
 Metaspace       used 5183K, committed 5440K, reserved 1114112K
  class space    used 548K, committed 704K, reserved 1048576K
}
Event: 1.157 GC heap after
{Heap after GC invocations=2 (full 0):
 garbage-first heap   total 126976K, used 4305K [0x00000000e0000000, 0x0000000100000000)
  region size 1024K, 2 young (2048K), 2 survivors (2048K)
 Metaspace       used 5183K, committed 5440K, reserved 1114112K
  class space    used 548K, committed 704K, reserved 1048576K
}
Event: 2.856 GC heap before
{Heap before GC invocations=2 (full 0):
 garbage-first heap   total 126976K, used 78033K [0x00000000e0000000, 0x0000000100000000)
  region size 1024K, 74 young (75776K), 2 survivors (2048K)
 Metaspace       used 11693K, committed 12032K, reserved 1114112K
  class space    used 1394K, committed 1536K, reserved 1048576K
}

Dll operation events (11 events):
Event: 0.008 Loaded shared library C:\Program Files\Java\jdk-21\bin\java.dll
Event: 0.044 Loaded shared library C:\Program Files\Java\jdk-21\bin\jsvml.dll
Event: 0.104 Loaded shared library C:\Program Files\Java\jdk-21\bin\zip.dll
Event: 0.107 Loaded shared library C:\Program Files\Java\jdk-21\bin\instrument.dll
Event: 0.111 Loaded shared library C:\Program Files\Java\jdk-21\bin\net.dll
Event: 0.114 Loaded shared library C:\Program Files\Java\jdk-21\bin\nio.dll
Event: 0.120 Loaded shared library C:\Program Files\Java\jdk-21\bin\zip.dll
Event: 0.140 Loaded shared library C:\Program Files\Java\jdk-21\bin\verify.dll
Event: 0.172 Loaded shared library C:\Program Files\Java\jdk-21\bin\jimage.dll
Event: 1.169 Loaded shared library C:\Program Files\Java\jdk-21\bin\extnet.dll
Event: 1.560 Loaded shared library C:\Program Files\Java\jdk-21\bin\sunmscapi.dll

Deoptimization events (20 events):
Event: 2.687 Thread 0x00000128ce9fc430 Uncommon trap: trap_request=0xffffff45 fr.pc=0x00000128dea4247c relative=0x00000000000018dc
Event: 2.687 Thread 0x00000128ce9fc430 Uncommon trap: reason=unstable_if action=reinterpret pc=0x00000128dea4247c method=org.jacoco.agent.rt.internal_4481564.asm.SymbolTable.addConstantUtf8(Ljava/lang/String;)I @ 40 c2
Event: 2.687 Thread 0x00000128ce9fc430 DEOPT PACKING pc=0x00000128dea4247c sp=0x000000040f2f8bd0
Event: 2.687 Thread 0x00000128ce9fc430 DEOPT UNPACKING pc=0x00000128de4046a2 sp=0x000000040f2f8b08 mode 2
Event: 2.696 Thread 0x00000128ce9fc430 Uncommon trap: trap_request=0xffffff45 fr.pc=0x00000128dea14d80 relative=0x0000000000000aa0
Event: 2.696 Thread 0x00000128ce9fc430 Uncommon trap: reason=unstable_if action=reinterpret pc=0x00000128dea14d80 method=org.jacoco.agent.rt.internal_4481564.asm.ClassReader.readConst(I[C)Ljava/lang/Object; @ 15 c2
Event: 2.696 Thread 0x00000128ce9fc430 DEOPT PACKING pc=0x00000128dea14d80 sp=0x000000040f2f8cd0
Event: 2.696 Thread 0x00000128ce9fc430 DEOPT UNPACKING pc=0x00000128de4046a2 sp=0x000000040f2f8c58 mode 2
Event: 2.713 Thread 0x00000128ce9fc430 Uncommon trap: trap_request=0xffffff45 fr.pc=0x00000128de9d84fc relative=0x000000000000023c
Event: 2.713 Thread 0x00000128ce9fc430 Uncommon trap: reason=unstable_if action=reinterpret pc=0x00000128de9d84fc method=java.util.regex.Matcher.reset()Ljava/util/regex/Matcher; @ 71 c2
Event: 2.713 Thread 0x00000128ce9fc430 DEOPT PACKING pc=0x00000128de9d84fc sp=0x000000040f2fb9c0
Event: 2.713 Thread 0x00000128ce9fc430 DEOPT UNPACKING pc=0x00000128de4046a2 sp=0x000000040f2fb948 mode 2
Event: 2.713 Thread 0x00000128ce9fc430 Uncommon trap: trap_request=0xffffffde fr.pc=0x00000128de9d8bb0 relative=0x0000000000000270
Event: 2.713 Thread 0x00000128ce9fc430 Uncommon trap: reason=class_check action=maybe_recompile pc=0x00000128de9d8bb0 method=java.util.regex.Matcher.match(II)Z @ 121 c2
Event: 2.713 Thread 0x00000128ce9fc430 DEOPT PACKING pc=0x00000128de9d8bb0 sp=0x000000040f2fba80
Event: 2.713 Thread 0x00000128ce9fc430 DEOPT UNPACKING pc=0x00000128de4046a2 sp=0x000000040f2fba10 mode 2
Event: 2.737 Thread 0x00000128ce9fc430 Uncommon trap: trap_request=0xffffffde fr.pc=0x00000128de9c4f78 relative=0x00000000000005d8
Event: 2.737 Thread 0x00000128ce9fc430 Uncommon trap: reason=class_check action=maybe_recompile pc=0x00000128de9c4f78 method=java.util.regex.Pattern$Start.match(Ljava/util/regex/Matcher;ILjava/lang/CharSequence;)Z @ 44 c2
Event: 2.737 Thread 0x00000128ce9fc430 DEOPT PACKING pc=0x00000128de9c4f78 sp=0x000000040f2fbb50
Event: 2.737 Thread 0x00000128ce9fc430 DEOPT UNPACKING pc=0x00000128de4046a2 sp=0x000000040f2fbaa0 mode 2

Classes loaded (20 events):
Event: 2.823 Loading class java/lang/PackageSettings
Event: 2.823 Loading class java/lang/PackageSettings done
Event: 2.826 Loading class jdk/internal/PackageSettings
Event: 2.826 Loading class jdk/internal/PackageSettings done
Event: 2.826 Loading class jdk/internal/reflect/PackageSettings
Event: 2.826 Loading class jdk/internal/reflect/PackageSettings done
Event: 2.826 Loading class java/lang/reflect/PackageSettings
Event: 2.826 Loading class java/lang/reflect/PackageSettings done
Event: 2.830 Loading class java/util/PackageSettings
Event: 2.830 Loading class java/util/PackageSettings done
Event: 2.835 Loading class java/lang/PackageSettings
Event: 2.835 Loading class java/lang/PackageSettings done
Event: 2.838 Loading class jdk/internal/PackageSettings
Event: 2.838 Loading class jdk/internal/PackageSettings done
Event: 2.839 Loading class jdk/internal/reflect/PackageSettings
Event: 2.839 Loading class jdk/internal/reflect/PackageSettings done
Event: 2.839 Loading class java/lang/reflect/PackageSettings
Event: 2.839 Loading class java/lang/reflect/PackageSettings done
Event: 2.843 Loading class java/util/PackageSettings
Event: 2.843 Loading class java/util/PackageSettings done

Classes unloaded (0 events):
No events

Classes redefined (0 events):
No events

Internal exceptions (20 events):
Event: 2.085 Thread 0x00000128ce9fc430 Exception <a 'java/lang/NoSuchMethodError'{0x00000000e5070b50}: 'java.lang.Object java.lang.invoke.DirectMethodHandle$Holder.newInvokeSpecial(java.lang.Object, java.lang.Object, java.lang.Object, java.lang.Object, java.lang.Object, java.lang.Object)'> (0x00000000e5070b50) 
thrown [s\open\src\hotspot\share\interpreter\linkResolver.cpp, line 773]
Event: 2.099 Thread 0x00000128ce9fc430 Exception <a 'java/lang/NoSuchMethodError'{0x00000000e4f73a28}: 'void java.lang.invoke.DirectMethodHandle$Holder.invokeInterface(java.lang.Object, java.lang.Object, java.lang.Object, java.lang.Object, java.lang.Object)'> (0x00000000e4f73a28) 
thrown [s\open\src\hotspot\share\interpreter\linkResolver.cpp, line 773]
Event: 2.100 Thread 0x00000128ce9fc430 Exception <a 'java/lang/IncompatibleClassChangeError'{0x00000000e4f776c8}: Found class java.lang.Object, but interface was expected> (0x00000000e4f776c8) 
thrown [s\open\src\hotspot\share\interpreter\linkResolver.cpp, line 840]
Event: 2.122 Thread 0x00000128ce9fc430 Exception <a 'java/lang/IncompatibleClassChangeError'{0x00000000e4e084e0}: Found class java.lang.Object, but interface was expected> (0x00000000e4e084e0) 
thrown [s\open\src\hotspot\share\interpreter\linkResolver.cpp, line 840]
Event: 2.149 Thread 0x00000128ce9fc430 Exception <a 'java/lang/NoSuchMethodError'{0x00000000e4ec50f0}: 'void java.lang.invoke.DirectMethodHandle$Holder.invokeSpecial(java.lang.Object, java.lang.Object, java.lang.Object, java.lang.Object, java.lang.Object)'> (0x00000000e4ec50f0) 
thrown [s\open\src\hotspot\share\interpreter\linkResolver.cpp, line 773]
Event: 2.177 Thread 0x00000128ce9fc430 Exception <a 'java/lang/NoSuchMethodError'{0x00000000e4dd6c40}: 'void java.lang.invoke.DirectMethodHandle$Holder.invokeInterface(java.lang.Object, java.lang.Object, java.lang.Object, java.lang.Object)'> (0x00000000e4dd6c40) 
thrown [s\open\src\hotspot\share\interpreter\linkResolver.cpp, line 773]
Event: 2.178 Thread 0x00000128ce9fc430 Exception <a 'java/lang/IncompatibleClassChangeError'{0x00000000e4dda098}: Found class java.lang.Object, but interface was expected> (0x00000000e4dda098) 
thrown [s\open\src\hotspot\share\interpreter\linkResolver.cpp, line 840]
Event: 2.202 Thread 0x00000128ce9fc430 Exception <a 'java/lang/NoSuchMethodError'{0x00000000e4b72518}: 'int java.lang.invoke.DirectMethodHandle$Holder.invokeStatic(java.lang.Object, java.lang.Object, java.lang.Object, java.lang.Object)'> (0x00000000e4b72518) 
thrown [s\open\src\hotspot\share\interpreter\linkResolver.cpp, line 773]
Event: 2.203 Thread 0x00000128ce9fc430 Exception <a 'java/lang/NoSuchMethodError'{0x00000000e4b75b98}: 'java.lang.Object java.lang.invoke.Invokers$Holder.invokeExact_MT(java.lang.Object, java.lang.Object, java.lang.Object, java.lang.Object, java.lang.Object, java.lang.Object)'> (0x00000000e4b75b98) 
thrown [s\open\src\hotspot\share\interpreter\linkResolver.cpp, line 773]
Event: 2.205 Thread 0x00000128ce9fc430 Exception <a 'java/lang/NoSuchMethodError'{0x00000000e4b83d30}: 'int java.lang.invoke.DirectMethodHandle$Holder.invokeStatic(java.lang.Object, java.lang.Object, java.lang.Object, java.lang.Object, java.lang.Object)'> (0x00000000e4b83d30) 
thrown [s\open\src\hotspot\share\interpreter\linkResolver.cpp, line 773]
Event: 2.223 Thread 0x00000128ce9fc430 Exception <a 'java/lang/NoSuchMethodError'{0x00000000e4a54470}: 'void java.lang.invoke.DirectMethodHandle$Holder.invokeStaticInit(java.lang.Object)'> (0x00000000e4a54470) 
thrown [s\open\src\hotspot\share\interpreter\linkResolver.cpp, line 773]
Event: 2.270 Thread 0x00000128ce9fc430 Exception <a 'java/lang/NoSuchMethodError'{0x00000000e48f1c48}: 'void java.lang.invoke.DirectMethodHandle$Holder.invokeStaticInit(java.lang.Object, java.lang.Object, java.lang.Object, java.lang.Object)'> (0x00000000e48f1c48) 
thrown [s\open\src\hotspot\share\interpreter\linkResolver.cpp, line 773]
Event: 2.292 Thread 0x00000128ce9fc430 Exception <a 'java/lang/NoSuchMethodError'{0x00000000e47fe668}: 'int java.lang.invoke.DirectMethodHandle$Holder.invokeStaticInit(java.lang.Object, java.lang.Object)'> (0x00000000e47fe668) 
thrown [s\open\src\hotspot\share\interpreter\linkResolver.cpp, line 773]
Event: 2.373 Thread 0x00000128ce9fc430 Exception <a 'java/lang/NoSuchMethodError'{0x00000000e4448d70}: 'java.lang.Object java.lang.invoke.DirectMethodHandle$Holder.newInvokeSpecial(java.lang.Object, java.lang.Object, java.lang.Object, java.lang.Object, java.lang.Object, java.lang.Object, java.lang.Object)'> (0x00000000e4448d70) 
thrown [s\open\src\hotspot\share\interpreter\linkResolver.cpp, line 773]
Event: 2.377 Thread 0x00000128ce9fc430 Exception <a 'java/lang/NoSuchMethodError'{0x00000000e44625f8}: 'java.lang.Object java.lang.invoke.DirectMethodHandle$Holder.invokeInterface(java.lang.Object, java.lang.Object, java.lang.Object, java.lang.Object, java.lang.Object)'> (0x00000000e44625f8) 
thrown [s\open\src\hotspot\share\interpreter\linkResolver.cpp, line 773]
Event: 2.377 Thread 0x00000128ce9fc430 Exception <a 'java/lang/IncompatibleClassChangeError'{0x00000000e4466120}: Found class java.lang.Object, but interface was expected> (0x00000000e4466120) 
thrown [s\open\src\hotspot\share\interpreter\linkResolver.cpp, line 840]
Event: 2.410 Thread 0x00000128ce9fc430 Exception <a 'java/lang/NoSuchMethodError'{0x00000000e43ce080}: 'void java.lang.invoke.DirectMethodHandle$Holder.invokeVirtual(java.lang.Object, java.lang.Object)'> (0x00000000e43ce080) 
thrown [s\open\src\hotspot\share\interpreter\linkResolver.cpp, line 773]
Event: 2.564 Thread 0x00000128ce9fc430 Exception <a 'java/lang/NoSuchMethodError'{0x00000000e3c20a68}: 'void java.lang.invoke.DirectMethodHandle$Holder.invokeSpecial(java.lang.Object, java.lang.Object, java.lang.Object, java.lang.Object, java.lang.Object, java.lang.Object, java.lang.Object)'> (0x00000000e3c20a68) 
thrown [s\open\src\hotspot\share\interpreter\linkResolver.cpp, line 773]
Event: 2.587 Thread 0x00000128ee767ff0 Exception <a 'java/lang/NoSuchMethodError'{0x00000000e3b3af08}: static [Ljava/lang/StackTraceElement;.<clinit>()V> (0x00000000e3b3af08) 
thrown [s\open\src\hotspot\share\prims\jni.cpp, line 1111]
Event: 2.605 Thread 0x00000128ee767ff0 Exception <a 'java/lang/NoSuchMethodError'{0x00000000e3b64880}: static [B.<clinit>()V> (0x00000000e3b64880) 
thrown [s\open\src\hotspot\share\prims\jni.cpp, line 1111]

ZGC Phase Switch (0 events):
No events

VM Operations (20 events):
Event: 1.130 Executing VM operation: HandshakeAllThreads (Deoptimize) done
Event: 1.148 Executing VM operation: G1CollectForAllocation (G1 Evacuation Pause)
Event: 1.157 Executing VM operation: G1CollectForAllocation (G1 Evacuation Pause) done
Event: 1.414 Executing VM operation: HandshakeAllThreads (Deoptimize)
Event: 1.414 Executing VM operation: HandshakeAllThreads (Deoptimize) done
Event: 1.414 Executing VM operation: HandshakeAllThreads (Deoptimize)
Event: 1.414 Executing VM operation: HandshakeAllThreads (Deoptimize) done
Event: 1.628 Executing VM operation: HandshakeAllThreads (Deoptimize)
Event: 1.628 Executing VM operation: HandshakeAllThreads (Deoptimize) done
Event: 1.777 Executing VM operation: HandshakeAllThreads (Deoptimize)
Event: 1.777 Executing VM operation: HandshakeAllThreads (Deoptimize) done
Event: 1.803 Executing VM operation: ICBufferFull
Event: 1.803 Executing VM operation: ICBufferFull done
Event: 2.214 Executing VM operation: HandshakeAllThreads (Deoptimize)
Event: 2.214 Executing VM operation: HandshakeAllThreads (Deoptimize) done
Event: 2.386 Executing VM operation: HandshakeAllThreads (Deoptimize)
Event: 2.386 Executing VM operation: HandshakeAllThreads (Deoptimize) done
Event: 2.450 Executing VM operation: ICBufferFull
Event: 2.450 Executing VM operation: ICBufferFull done
Event: 2.856 Executing VM operation: G1CollectForAllocation (G1 Evacuation Pause)

Events (15 events):
Event: 0.024 Thread 0x00000128ce9fc430 Thread added: 0x00000128ce9fc430
Event: 0.041 Thread 0x00000128e8cff5a0 Thread added: 0x00000128e8cff5a0
Event: 0.041 Thread 0x00000128e8d01e20 Thread added: 0x00000128e8d01e20
Event: 0.041 Thread 0x00000128e8d1b730 Thread added: 0x00000128e8d1b730
Event: 0.042 Thread 0x00000128e8d1c190 Thread added: 0x00000128e8d1c190
Event: 0.042 Thread 0x00000128e8d1d6f0 Thread added: 0x00000128e8d1d6f0
Event: 0.042 Thread 0x00000128e8d1e8f0 Thread added: 0x00000128e8d1e8f0
Event: 0.042 Thread 0x00000128e8d23e20 Thread added: 0x00000128e8d23e20
Event: 0.042 Thread 0x00000128e8d248c0 Thread added: 0x00000128e8d248c0
Event: 0.078 Thread 0x00000128ed01ce20 Thread added: 0x00000128ed01ce20
Event: 0.281 Thread 0x00000128ed33aeb0 Thread added: 0x00000128ed33aeb0
Event: 0.453 Thread 0x00000128ed32ce60 Thread added: 0x00000128ed32ce60
Event: 1.414 Thread 0x00000128ee7ee0d0 Thread added: 0x00000128ee7ee0d0
Event: 1.690 Thread 0x00000128ee767ff0 Thread added: 0x00000128ee767ff0
Event: 1.692 Thread 0x00000128ef952f90 Thread added: 0x00000128ef952f90


Dynamic libraries:
0x00007ff799210000 - 0x00007ff799220000 	C:\Program Files\Java\jdk-21\bin\java.exe
0x00007fff64210000 - 0x00007fff64408000 	C:\Windows\SYSTEM32\ntdll.dll
0x00007fff62270000 - 0x00007fff6232f000 	C:\Windows\System32\KERNEL32.DLL
0x00007fff61b40000 - 0x00007fff61e36000 	C:\Windows\System32\KERNELBASE.dll
0x00007fff62170000 - 0x00007fff62270000 	C:\Windows\System32\ucrtbase.dll
0x00007fff5afb0000 - 0x00007fff5afc9000 	C:\Program Files\Java\jdk-21\bin\jli.dll
0x00007fff5af90000 - 0x00007fff5afab000 	C:\Program Files\Java\jdk-21\bin\VCRUNTIME140.dll
0x00007fff62490000 - 0x00007fff6253f000 	C:\Windows\System32\ADVAPI32.dll
0x00007fff63320000 - 0x00007fff633be000 	C:\Windows\System32\msvcrt.dll
0x00007fff63900000 - 0x00007fff6399c000 	C:\Windows\System32\sechost.dll
0x00007fff62360000 - 0x00007fff62486000 	C:\Windows\System32\RPCRT4.dll
0x00007fff62e80000 - 0x00007fff6301d000 	C:\Windows\System32\USER32.dll
0x00007fff61e40000 - 0x00007fff61e62000 	C:\Windows\System32\win32u.dll
0x00007fff632f0000 - 0x00007fff6331c000 	C:\Windows\System32\GDI32.dll
0x00007fff60cf0000 - 0x00007fff60f8a000 	C:\Windows\WinSxS\amd64_microsoft.windows.common-controls_6595b64144ccf1df_6.0.19041.1110_none_60b5254171f9507e\COMCTL32.dll
0x00007fff61e70000 - 0x00007fff61f85000 	C:\Windows\System32\gdi32full.dll
0x00007fff61f90000 - 0x00007fff6202d000 	C:\Windows\System32\msvcp_win.dll
0x00007fff58e80000 - 0x00007fff58e8a000 	C:\Windows\SYSTEM32\VERSION.dll
0x00007fff62330000 - 0x00007fff62360000 	C:\Windows\System32\IMM32.DLL
0x00007fff4bde0000 - 0x00007fff4bdec000 	C:\Program Files\Java\jdk-21\bin\vcruntime140_1.dll
0x00007fff33950000 - 0x00007fff339de000 	C:\Program Files\Java\jdk-21\bin\msvcp140.dll
0x00007fff32c30000 - 0x00007fff33943000 	C:\Program Files\Java\jdk-21\bin\server\jvm.dll
0x00007fff63420000 - 0x00007fff6348b000 	C:\Windows\System32\WS2_32.dll
0x00007fff61510000 - 0x00007fff6155b000 	C:\Windows\SYSTEM32\POWRPROF.dll
0x00007fff3e090000 - 0x00007fff3e0b7000 	C:\Windows\SYSTEM32\WINMM.dll
0x00007fff60f90000 - 0x00007fff60fa2000 	C:\Windows\SYSTEM32\UMPDC.dll
0x00007fff5fac0000 - 0x00007fff5fad2000 	C:\Windows\SYSTEM32\kernel.appcore.dll
0x00007fff4bbb0000 - 0x00007fff4bbba000 	C:\Program Files\Java\jdk-21\bin\jimage.dll
0x00007fff61320000 - 0x00007fff61504000 	C:\Windows\SYSTEM32\DBGHELP.DLL
0x00007fff610c0000 - 0x00007fff610f4000 	C:\Windows\SYSTEM32\dbgcore.DLL
0x00007fff620e0000 - 0x00007fff62162000 	C:\Windows\System32\bcryptPrimitives.dll
0x00007fff4bba0000 - 0x00007fff4bbaf000 	C:\Program Files\Java\jdk-21\bin\instrument.dll
0x00007fff45ed0000 - 0x00007fff45eef000 	C:\Program Files\Java\jdk-21\bin\java.dll
0x00007fff63a80000 - 0x00007fff641c4000 	C:\Windows\System32\SHELL32.dll
0x00007fff5f320000 - 0x00007fff5fab3000 	C:\Windows\SYSTEM32\windows.storage.dll
0x00007fff625a0000 - 0x00007fff628f4000 	C:\Windows\System32\combase.dll
0x00007fff60c50000 - 0x00007fff60c7e000 	C:\Windows\SYSTEM32\Wldp.dll
0x00007fff63240000 - 0x00007fff632ed000 	C:\Windows\System32\SHCORE.dll
0x00007fff62540000 - 0x00007fff62595000 	C:\Windows\System32\shlwapi.dll
0x00007fff61830000 - 0x00007fff6184f000 	C:\Windows\SYSTEM32\profapi.dll
0x00007fff32b50000 - 0x00007fff32c27000 	C:\Program Files\Java\jdk-21\bin\jsvml.dll
0x00007fff38250000 - 0x00007fff38268000 	C:\Program Files\Java\jdk-21\bin\zip.dll
0x00007fff45e40000 - 0x00007fff45e50000 	C:\Program Files\Java\jdk-21\bin\net.dll
0x00007fff52280000 - 0x00007fff5238a000 	C:\Windows\SYSTEM32\WINHTTP.dll
0x00007fff60b20000 - 0x00007fff60b8a000 	C:\Windows\system32\mswsock.dll
0x00007fff38230000 - 0x00007fff38246000 	C:\Program Files\Java\jdk-21\bin\nio.dll
0x00007fff42040000 - 0x00007fff42050000 	C:\Program Files\Java\jdk-21\bin\verify.dll
0x00007fff08190000 - 0x00007fff081a7000 	C:\Windows\system32\napinsp.dll
0x00007fff08170000 - 0x00007fff0818b000 	C:\Windows\system32\pnrpnsp.dll
0x00007fff40050000 - 0x00007fff40065000 	C:\Windows\system32\wshbth.dll
0x00007fff5c480000 - 0x00007fff5c49d000 	C:\Windows\system32\NLAapi.dll
0x00007fff606a0000 - 0x00007fff606dc000 	C:\Windows\SYSTEM32\IPHLPAPI.DLL
0x00007fff606e0000 - 0x00007fff607ab000 	C:\Windows\SYSTEM32\DNSAPI.dll
0x00007fff62b60000 - 0x00007fff62b68000 	C:\Windows\System32\NSI.dll
0x00007fff08150000 - 0x00007fff08162000 	C:\Windows\System32\winrnr.dll
0x00007fff4e480000 - 0x00007fff4e48a000 	C:\Windows\System32\rasadhlp.dll
0x00007fff4e610000 - 0x00007fff4e692000 	C:\Windows\System32\fwpuclnt.dll
0x00007fff61960000 - 0x00007fff61987000 	C:\Windows\System32\bcrypt.dll
0x00007fff32b20000 - 0x00007fff32b29000 	C:\Program Files\Java\jdk-21\bin\extnet.dll
0x00007fff32b30000 - 0x00007fff32b3e000 	C:\Program Files\Java\jdk-21\bin\sunmscapi.dll
0x00007fff619e0000 - 0x00007fff61b3e000 	C:\Windows\System32\CRYPT32.dll
0x00007fff60cc0000 - 0x00007fff60ce8000 	C:\Windows\SYSTEM32\ncrypt.dll
0x00007fff60c80000 - 0x00007fff60cbb000 	C:\Windows\SYSTEM32\NTASN1.dll
0x00007fff071b0000 - 0x00007fff071b7000 	C:\Windows\system32\wshunix.dll
0x00007fff61680000 - 0x00007fff61698000 	C:\Windows\SYSTEM32\CRYPTSP.dll
0x00007fff602c0000 - 0x00007fff602f4000 	C:\Windows\system32\rsaenh.dll
0x00007fff617b0000 - 0x00007fff617de000 	C:\Windows\SYSTEM32\USERENV.dll
0x00007fff60c10000 - 0x00007fff60c1c000 	C:\Windows\SYSTEM32\CRYPTBASE.dll

dbghelp: loaded successfully - version: 4.0.5 - missing functions: none
symbol engine: initialized successfully - sym options: 0x614 - pdb path: .;C:\Program Files\Java\jdk-21\bin;C:\Windows\SYSTEM32;C:\Windows\WinSxS\amd64_microsoft.windows.common-controls_6595b64144ccf1df_6.0.19041.1110_none_60b5254171f9507e;C:\Program Files\Java\jdk-21\bin\server

VM Arguments:
jvm_args: -Dorg.gradle.internal.worker.tmpdir=C:\Users\bayes\Downloads\Projet_classe_kata-main\build\tmp\test\work -Dorg.gradle.native=false -javaagent:C:\Users\bayes\Downloads\Projet_classe_kata-main\build\tmp\.cache\expanded\zip_0bd0851504e6286cb5fc6f37a81e25cc\jacocoagent.jar=destfile=build/jacoco/test.exec,append=true,inclnolocationclasses=false,dumponexit=true,output=file,jmx=false -Xmx512m -Dfile.encoding=UTF-8 -Duser.country=FR -Duser.language=fr -Duser.variant -ea 
java_command: worker.org.gradle.process.internal.worker.GradleWorkerMain 'Gradle Test Executor 2'
java_class_path (initial): C:\\Users\\bayes\\.gradle\\caches\\8.5\\workerMain\\gradle-worker.jar;C:\\Users\\bayes\\Downloads\\Projet_classe_kata-main\\build\\classes\\java\\test;C:\\Users\\bayes\\Downloads\\Projet_classe_kata-main\\build\\classes\\java\\main;C:\\Users\\bayes\\.gradle\\caches\\modules-2\\files-2.1\\org.hamcrest\\hamcrest\\2.2\\1820c0968dba3a11a1b30669bb1f01978a91dedc\\hamcrest-2.2.jar;C:\\Users\\bayes\\.gradle\\caches\\modules-2\\files-2.1\\org.freemarker\\freemarker\\2.3.30\\86d70d335c7821178f62b554aa3a4bc538a94f1a\\freemarker-2.3.30.jar;C:\\Users\\bayes\\.gradle\\caches\\modules-2\\files-2.1\\org.junit.jupiter\\junit-jupiter-engine\\5.10.0\\90587932d718fc51a48112d33045a18476c542ad\\junit-jupiter-engine-5.10.0.jar;C:\\Users\\bayes\\.gradle\\caches\\modules-2\\files-2.1\\org.junit.jupiter\\junit-jupiter-api\\5.10.0\\2fe4ba3d31d5067878e468c96aa039005a9134d3\\junit-jupiter-api-5.10.0.jar;C:\\Users\\bayes\\.gradle\\caches\\modules-2\\files-2.1\\org.junit.platform\\junit-platform-engine\\1.10.0\\276c4edcf64fabb5a139fa7b4f99330d7a93b804\\junit-platform-engine-1.10.0.jar;C:\\Users\\bayes\\.gradle\\caches\\modules-2\\files-2.1\\org.junit.platform\\junit-platform-commons\\1.10.0\\d533ff2c286eaf963566f92baf5f8a06628d2609\\junit-platform-commons-1.10.0.jar;C:\\Users\\bayes\\.gradle\\caches\\modules-2\\files-2.1\\org.pitest\\pitest-junit5-plugin\\0.12\\6e1ee587a3457b0e7d636a5ce2e554fac62ec99\\pitest-junit5-plugin-0.12.jar;C:\\Users\\bayes\\.gradle\\caches\\modules-2\\files-2.1\\com.approvaltests\\approvaltests\\15.6.0\\b8a1e958f13be5f5c19ba14fa599283acb59bed1\\approvaltests-15.6.0.jar;C:\\Users\\bayes\\.gradle\\caches\\modules-2\\files-2.1\\com.approvaltests\\approvaltests-util\\15.6.0\\f8f896c050cc6e6a5c6b3d9febb677057ee0e31c\\approvaltests-util-15.6.0.jar;C:\\Users\\bayes\\.gradle\\caches\\modules-2\\files-2.1\\org.opentest4j\\opentest4j\\1.3.0\\152ea56b3a72f655d4fd677fc0ef2596c3dd5e6e\\opentest4j-1.3.0.jar;C:\\Users\\bayes\\.gradle\\caches\\modules-2\\files-2.1\\com.sun.mail\\javax.mail\\1.6.2\\935151eb71beff17a2ffac15dd80184a99a0514f\\javax.mail-1.6.2.jar;C:\\Users\\bayes\\.gradle\\caches\\modules-2\\files-2.1\\org.apache.commons\\commons-lang3\\3.12.0\\c6842c86792ff03b9f1d1fe2aab8dc23aa6c6f0e\\commons-lang3-3.12.0.jar;C:\\Users\\bayes\\.gradle\\caches\\modules-2\\files-2.1\\javax.activation\\activation\\1.1\\e6cb541461c2834bdea3eb920f1884d1eb508b50\\activation-1.1.jar
Launcher Type: SUN_STANDARD

[Global flags]
     intx CICompilerCount                          = 3                                         {product} {ergonomic}
     uint ConcGCThreads                            = 1                                         {product} {ergonomic}
     uint G1ConcRefinementThreads                  = 4                                         {product} {ergonomic}
   size_t G1HeapRegionSize                         = 1048576                                   {product} {ergonomic}
    uintx GCDrainStackTargetSize                   = 64                                        {product} {ergonomic}
   size_t InitialHeapSize                          = 130023424                                 {product} {ergonomic}
   size_t MarkStackSize                            = 4194304                                   {product} {ergonomic}
   size_t MaxHeapSize                              = 536870912                                 {product} {command line}
   size_t MaxNewSize                               = 321912832                                 {product} {ergonomic}
   size_t MinHeapDeltaBytes                        = 1048576                                   {product} {ergonomic}
   size_t MinHeapSize                              = 8388608                                   {product} {ergonomic}
    uintx NonNMethodCodeHeapSize                   = 5832780                                {pd product} {ergonomic}
    uintx NonProfiledCodeHeapSize                  = 122912730                              {pd product} {ergonomic}
    uintx ProfiledCodeHeapSize                     = 122912730                              {pd product} {ergonomic}
    uintx ReservedCodeCacheSize                    = 251658240                              {pd product} {ergonomic}
     bool SegmentedCodeCache                       = true                                      {product} {ergonomic}
   size_t SoftMaxHeapSize                          = 536870912                              {manageable} {ergonomic}
     bool UseCompressedOops                        = true                           {product lp64_product} {ergonomic}
     bool UseG1GC                                  = true                                      {product} {ergonomic}
     bool UseLargePagesIndividualAllocation        = false                                  {pd product} {ergonomic}

Logging:
Log output configuration:
 #0: stdout all=warning uptime,level,tags foldmultilines=false
 #1: stderr all=off uptime,level,tags foldmultilines=false

Environment Variables:
JAVA_HOME=C:\Program Files\Java\jdk-21
CLASSPATH=C:\Users\bayes\Downloads\Projet_classe_kata-main\\gradle\wrapper\gradle-wrapper.jar
PATH=C:\Program Files\Eclipse Adoptium\jdk-21.0.4.7-hotspot\bin;C:\Program Files\Common Files\Oracle\Java\javapath;C:\Windows\system32;C:\Windows;C:\Windows\System32\Wbem;C:\Windows\System32\WindowsPowerShell\v1.0\;C:\Windows\System32\OpenSSH\;C:\Program Files\Java\jdk-21;C:\Users\bayes\AppData\Local\Microsoft\WindowsApps;C:\Users\bayes\AppData\Local\Programs\Microsoft VS Code\bin;C:\Program Files\gradle-8.10.2\bin;
USERNAME=bayes
LANG=en_US.UTF-8
OS=Windows_NT
PROCESSOR_IDENTIFIER=Intel64 Family 6 Model 78 Stepping 3, GenuineIntel
TMP=C:\Users\bayes\AppData\Local\Temp
TEMP=C:\Users\bayes\AppData\Local\Temp




Periodic native trim disabled

---------------  S Y S T E M  ---------------

OS:
 Windows 10 , 64 bit Build 19041 (10.0.19041.2913)
OS uptime: 0 days 0:12 hours

CPU: total 4 (initial active 4) (2 cores per cpu, 2 threads per core) family 6 model 78 stepping 3 microcode 0xcc, cx8, cmov, fxsr, ht, mmx, 3dnowpref, sse, sse2, sse3, ssse3, sse4.1, sse4.2, popcnt, lzcnt, tsc, tscinvbit, avx, avx2, aes, erms, clmul, bmi1, bmi2, rtm, adx, fma, vzeroupper, clflush, clflushopt, rdtscp, f16c
Processor Information for all 4 processors :
  Max Mhz: 2496, Current Mhz: 2396, Mhz Limit: 2396

Memory: 4k page, system-wide physical 7854M (574M free)
TotalPageFile size 15790M (AvailPageFile size 5984M)
current process WorkingSet (physical memory assigned to process): 177M, peak: 190M
current process commit charge ("private bytes"): 254M, peak: 267M

vm_info: Java HotSpot(TM) 64-Bit Server VM (21.0.4+8-LTS-274) for windows-amd64 JRE (21.0.4+8-LTS-274), built on 2024-06-05T05:23:33Z by "mach5one" with MS VC++ 17.6 (VS2022)

END.
