#
# A fatal error has been detected by the Java Runtime Environment:
#
#  EXCEPTION_ACCESS_VIOLATION (0xc0000005) at pc=0x00007ffdbdbc0a08, pid=6584, tid=7188
#
# JRE version: OpenJDK Runtime Environment Temurin-17.0.12+7 (17.0.12+7) (build 17.0.12+7)
# Java VM: OpenJDK 64-Bit Server VM Temurin-17.0.12+7 (17.0.12+7, mixed mode, tiered, compressed oops, compressed class ptrs, parallel gc, windows-amd64)
# Problematic frame:
# V  [jvm.dll+0x9c0a08]
#
# No core dump will be written. Minidumps are not enabled by default on client versions of Windows
#
# If you would like to submit a bug report, please visit:
#   https://github.com/adoptium/adoptium-support/issues
#

---------------  S U M M A R Y ------------

Command Line: --add-modules=ALL-SYSTEM --add-opens=java.base/java.util=ALL-UNNAMED --add-opens=java.base/java.lang=ALL-UNNAMED --add-opens=java.base/sun.nio.fs=ALL-UNNAMED -Declipse.application=org.eclipse.jdt.ls.core.id1 -Dosgi.bundles.defaultStartLevel=4 -Declipse.product=org.eclipse.jdt.ls.core.product -Djava.import.generatesMetadataFilesAtProjectRoot=false -DDetectVMInstallationsJob.disabled=true -Dfile.encoding=utf8 -XX:+UseParallelGC -XX:GCTimeRatio=4 -XX:AdaptiveSizePolicyWeight=90 -Dsun.zip.disableMemoryMapping=true -Xmx1G -Xms100m -Xlog:disable -javaagent:c:\Users\bayes\.vscode\extensions\redhat.java-1.35.0-win32-x64\lombok\lombok-1.18.33.jar c:\Users\bayes\.vscode\extensions\redhat.java-1.35.0-win32-x64\server\plugins\org.eclipse.equinox.launcher_1.6.900.v20240613-2009.jar -configuration c:\Users\bayes\AppData\Roaming\Code\User\globalStorage\redhat.java\1.35.0\config_ss_win -data c:\Users\bayes\AppData\Roaming\Code\User\workspaceStorage\168498a9360cd755819b0a706d5edd1a\redhat.java\ss_ws --pipe=\\.\pipe\lsp-086ab6a4a529f87bfe9c69fe85397131-sock

Host: Intel(R) Core(TM) i5-6300U CPU @ 2.40GHz, 4 cores, 7G,  Windows 10 , 64 bit Build 19041 (10.0.19041.2913)
Time: Sat Sep 28 15:06:21 2024 Paris, Madrid (heure duild 19041 (10.0.19041.2913) elapsed time: 10.015482 seconds (0d 0h 0m 10s)

---------------  T H R E A D  ---------------

Current thread (0x0000017a5844fa20):  GCTaskThread "GC Thread#0" [stack: 0x0000004a0fb00000,0x0000004a0fc00000] [id=7188]

Stack: [0x0000004a0fb00000,0x0000004a0fc00000],  sp=0x0000004a0fbffaf8,  free space=1022k
Native frames: (J=compiled Java code, j=interpreted, Vv=VM code, C=native code)
V  [jvm.dll+0x9c0a08]


siginfo: EXCEPTION_ACCESS_VIOLATION (0xc0000005), data execution prevention violation at address 0x00007ffdbdbc0a08


Registers:
RAX=0x000000000000017a, RBX=0x0000004a0fbffc70, RCX=0x0000004a0fbffb20, RDX=0x00000000c0a44770
RSP=0x0000004a0fbffaf8, RBP=0x0000000005880000, RSI=0x0000000005877d92, RDI=0x0000000000000004
R8 =0x00000001000607c0, R9 =0x00007ffdbdd347e0, R10=0x0000000000000000, R11=0x0000017a6c1b74f0
R12=0x00000000ec59ab30, R13=0x0000000000000587, R14=0x00007ffdbdda58b0, R15=0x0000004a0fbffc70
RIP=0x00007ffdbdbc0a08, EFLAGS=0x0000000000010206


Register to memory mapping:

RIP=0x00007ffdbdbc0a08 jvm.dll
RAX=0x000000000000017a is an unknown value
RBX=0x0000004a0fbffc70 points into unknown readable memory: 0x00007ffdbdbb4b18 | 18 4b bb bd fd 7f 00 00
RCX=0x0000004a0fbffb20 points into unknown readable memory: 0x00007ffdbdbb4b68 | 68 4b bb bd fd 7f 00 00
RDX=0x00000000c0a44770 points into unknown readable memory: 0x0000000000000011 | 11 00 00 00 00 00 00 00
RSP=0x0000004a0fbffaf8 points into unknown readable memory: 0x00007ffdbd8bb5df | df b5 8b bd fd 7f 00 00
RBP=0x0000000005880000 is an unknown value
RSI=0x0000000005877d92 is an unknown value
RDI=0x0000000000000004 is an unknown value
R8 =0x00000001000607c0 is pointing into metadata
R9 =0x00007ffdbdd347e0 jvm.dll
R10=0x0 is NULL
R11=0x0000017a6c1b74f0 points into unknown readable memory: 0x0000017a56360150 | 50 01 36 56 7a 01 00 00
R12=0x00000000ec59ab30 points into unknown readable memory: 0x0000000000000000 | 00 00 00 00 00 00 00 00
R13=0x0000000000000587 is an unknown value
R14=0x00007ffdbdda58b0 jvm.dll
R15=0x0000004a0fbffc70 points into unknown readable memory: 0x00007ffdbdbb4b18 | 18 4b bb bd fd 7f 00 00


Top of Stack: (sp=0x0000004a0fbffaf8)
0x0000004a0fbffaf8:   00007ffdbd8bb5df 0000004a0fbffc70
0x0000004a0fbffb08:   0000000005877d8e 0000000000000003
0x0000004a0fbffb18:   0000000005880000 00007ffdbdbb4b68
0x0000004a0fbffb28:   0000000000000000 0000017a6c1b74f0
0x0000004a0fbffb38:   0000000005875d37 000000000000099b
0x0000004a0fbffb48:   00007ffdbd8b7a72 0000017a6c1b74f0
0x0000004a0fbffb58:   00000000c0a230d0 00000000c0980000
0x0000004a0fbffb68:   0000004a0fbffc70 0000000005880000
0x0000004a0fbffb78:   00007ffdbd889a0b 0000000005877d8f
0x0000004a0fbffb88:   000000000000e63f 00000000c0373600
0x0000004a0fbffb98:   00007ffdbd8b7a72 00000000c0a00000
0x0000004a0fbffba8:   00007ffdbdda58b0 0000000000000587
0x0000004a0fbffbb8:   00000000ec59ab30 00000000c0a00000
0x0000004a0fbffbc8:   00007ffdbd8b863c 0000004a0fbffc70
0x0000004a0fbffbd8:   0000017a6c1b74f0 00000000ec400000
0x0000004a0fbffbe8:   0000000000000014 0000017a56340320
0x0000004a0fbffbf8:   00000000c0a00000 0000004a0fbffd50
0x0000004a0fbffc08:   0000000000000000 0000017a6c1b74f0
0x0000004a0fbffc18:   0000000000000000 0000004a0fcfe990
0x0000004a0fbffc28:   00007ffdbdbb4b30 0000000000000001
0x0000004a0fbffc38:   0000017a563402d0 0000000000000014
0x0000004a0fbffc48:   00007ffdbd8b80b7 0000017a6c1b74f0
0x0000004a0fbffc58:   0000017a00000002 0000000000000015
0x0000004a0fbffc68:   00000000ec59ab30 00007ffdbdbb4b18
0x0000004a0fbffc78:   00007ffdbdda58b0 0000017a6c1b74f0
0x0000004a0fbffc88:   0000000000007712 00000000ec3bec78
0x0000004a0fbffc98:   00000000c0a44770 0000017a58450f70
0x0000004a0fbffca8:   0000000000000000 0000000000000003
0x0000004a0fbffcb8:   00007ffdbd8b3208 0000017a6c1b74f0
0x0000004a0fbffcc8:   00007ffdbdbb4b30 0000000000000001
0x0000004a0fbffcd8:   0000017a563402d0 0000000000000012
0x0000004a0fbffce8:   00007ffdbd8b6ba7 0000017a6c1b74f0 

Instructions: (pc=0x00007ffdbdbc0a08)
0x00007ffdbdbc0908:   20 20 43 53 52 3a 20 56 4d 20 57 65 61 6b 20 52
0x00007ffdbdbc0918:   6f 6f 74 73 00 00 00 00 20 20 43 53 52 3a 20 43
0x00007ffdbdbc0928:   4c 44 47 20 52 6f 6f 74 73 00 00 00 00 00 00 00
0x00007ffdbdbc0938:   20 20 43 53 52 3a 20 55 6e 6c 6f 61 64 20 43 6f
0x00007ffdbdbc0948:   64 65 20 43 61 63 68 65 73 00 00 00 00 00 00 00
0x00007ffdbdbc0958:   20 20 43 53 52 3a 20 55 6e 6c 69 6e 6b 20 43 4c
0x00007ffdbdbc0968:   44 73 00 00 00 00 00 00 20 20 43 53 52 3a 20 57
0x00007ffdbdbc0978:   65 61 6b 20 52 65 66 65 72 65 6e 63 65 73 00 00
0x00007ffdbdbc0988:   20 20 43 53 52 3a 20 50 61 72 61 6c 6c 65 6c 20
0x00007ffdbdbc0998:   4d 61 72 6b 00 00 00 00 43 6f 6e 63 75 72 72 65
0x00007ffdbdbc09a8:   6e 74 20 45 76 61 63 75 61 74 69 6f 6e 00 00 00
0x00007ffdbdbc09b8:   50 61 75 73 65 20 46 69 6e 61 6c 20 52 6f 6f 74
0x00007ffdbdbc09c8:   73 20 28 47 29 00 00 00 50 61 75 73 65 20 46 69
0x00007ffdbdbc09d8:   6e 61 6c 20 52 6f 6f 74 73 20 28 4e 29 00 00 00
0x00007ffdbdbc09e8:   50 61 75 73 65 20 49 6e 69 74 20 55 70 64 61 74
0x00007ffdbdbc09f8:   65 20 52 65 66 73 20 28 47 29 00 00 00 00 00 00
0x00007ffdbdbc0a08:   50 61 75 73 65 20 49 6e 69 74 20 55 70 64 61 74
0x00007ffdbdbc0a18:   65 20 52 65 66 73 20 28 4e 29 00 00 00 00 00 00
0x00007ffdbdbc0a28:   20 20 4d 61 6e 61 67 65 20 47 43 4c 41 42 73 00
0x00007ffdbdbc0a38:   43 6f 6e 63 75 72 72 65 6e 74 20 55 70 64 61 74
0x00007ffdbdbc0a48:   65 20 52 65 66 73 00 00 43 6f 6e 63 75 72 72 65
0x00007ffdbdbc0a58:   6e 74 20 55 70 64 61 74 65 20 54 68 72 65 61 64
0x00007ffdbdbc0a68:   20 52 6f 6f 74 73 00 00 50 61 75 73 65 20 46 69
0x00007ffdbdbc0a78:   6e 61 6c 20 55 70 64 61 74 65 20 52 65 66 73 20
0x00007ffdbdbc0a88:   28 47 29 00 00 00 00 00 50 61 75 73 65 20 46 69
0x00007ffdbdbc0a98:   6e 61 6c 20 55 70 64 61 74 65 20 52 65 66 73 20
0x00007ffdbdbc0aa8:   28 4e 29 00 00 00 00 00 20 20 46 69 6e 69 73 68
0x00007ffdbdbc0ab8:   20 57 6f 72 6b 00 00 00 20 20 54 72 61 73 68 20
0x00007ffdbdbc0ac8:   43 6f 6c 6c 65 63 74 69 6f 6e 20 53 65 74 00 00
0x00007ffdbdbc0ad8:   50 61 75 73 65 20 44 65 67 65 6e 65 72 61 74 65
0x00007ffdbdbc0ae8:   64 20 47 43 20 28 47 29 00 00 00 00 00 00 00 00
0x00007ffdbdbc0af8:   50 61 75 73 65 20 44 65 67 65 6e 65 72 61 74 65 


Stack slot to memory mapping:
stack at sp + 0 slots: 0x00007ffdbd8bb5df jvm.dll
stack at sp + 1 slots: 0x0000004a0fbffc70 points into unknown readable memory: 0x00007ffdbdbb4b18 | 18 4b bb bd fd 7f 00 00
stack at sp + 2 slots: 0x0000000005877d8e is an unknown value
stack at sp + 3 slots: 0x0000000000000003 is an unknown value
stack at sp + 4 slots: 0x0000000005880000 is an unknown value
stack at sp + 5 slots: 0x00007ffdbdbb4b68 jvm.dll
stack at sp + 6 slots: 0x0 is NULL
stack at sp + 7 slots: 0x0000017a6c1b74f0 points into unknown readable memory: 0x0000017a56360150 | 50 01 36 56 7a 01 00 00


---------------  P R O C E S S  ---------------

Threads class SMR info:
_java_thread_list=0x0000017a727b7a60, length=29, elements={
0x0000017a5843a280, 0x0000017a6c273740, 0x0000017a6c276770, 0x0000017a6c29c160,
0x0000017a6c29cef0, 0x0000017a6c29dc80, 0x0000017a6c2a1570, 0x0000017a6c2a2170,
0x0000017a6c2cb100, 0x0000017a714a0850, 0x0000017a71542070, 0x0000017a7175cf60,
0x0000017a720263e0, 0x0000017a71ecac80, 0x0000017a72191cf0, 0x0000017a71fd0d90,
0x0000017a71cb2ea0, 0x0000017a722bb320, 0x0000017a722bae10, 0x0000017a722b8080,
0x0000017a722bb830, 0x0000017a722b8590, 0x0000017a722b94c0, 0x0000017a722b8aa0,
0x0000017a722b8fb0, 0x0000017a722b9ee0, 0x0000017a722ba3f0, 0x0000017a722b99d0,
0x0000017a72879a30
}

Java Threads: ( => current thread )
  0x0000017a5843a280 JavaThread "main" [_thread_blocked, id=6172, stack(0x0000004a0fa00000,0x0000004a0fb00000)]
  0x0000017a6c273740 JavaThread "Reference Handler" daemon [_thread_blocked, id=12916, stack(0x0000004a0fd00000,0x0000004a0fe00000)]
  0x0000017a6c276770 JavaThread "Finalizer" daemon [_thread_blocked, id=7004, stack(0x0000004a0fe00000,0x0000004a0ff00000)]
  0x0000017a6c29c160 JavaThread "Signal Dispatcher" daemon [_thread_blocked, id=13164, stack(0x0000004a0ff00000,0x0000004a10000000)]
  0x0000017a6c29cef0 JavaThread "Attach Listener" daemon [_thread_blocked, id=2460, stack(0x0000004a10000000,0x0000004a10100000)]
  0x0000017a6c29dc80 JavaThread "Service Thread" daemon [_thread_blocked, id=6624, stack(0x0000004a10100000,0x0000004a10200000)]
  0x0000017a6c2a1570 JavaThread "Monitor Deflation Thread" daemon [_thread_blocked, id=13140, stack(0x0000004a10200000,0x0000004a10300000)]
  0x0000017a6c2a2170 JavaThread "C2 CompilerThread0" daemon [_thread_blocked, id=11000, stack(0x0000004a10300000,0x0000004a10400000)]
  0x0000017a6c2cb100 JavaThread "C1 CompilerThread0" daemon [_thread_blocked, id=3108, stack(0x0000004a10400000,0x0000004a10500000)]
  0x0000017a714a0850 JavaThread "Sweeper thread" daemon [_thread_blocked, id=7536, stack(0x0000004a10500000,0x0000004a10600000)]
  0x0000017a71542070 JavaThread "Common-Cleaner" daemon [_thread_blocked, id=10008, stack(0x0000004a10600000,0x0000004a10700000)]
  0x0000017a7175cf60 JavaThread "Notification Thread" daemon [_thread_blocked, id=12316, stack(0x0000004a10700000,0x0000004a10800000)]
  0x0000017a720263e0 JavaThread "Active Thread: Equinox Container: ed59e6a5-59cd-488a-a743-91956e0c21e8" [_thread_blocked, id=11708, stack(0x0000004a10d00000,0x0000004a10e00000)]
  0x0000017a71ecac80 JavaThread "Framework Event Dispatcher: Equinox Container: ed59e6a5-59cd-488a-a743-91956e0c21e8" daemon [_thread_blocked, id=7276, stack(0x0000004a10e00000,0x0000004a10f00000)]
  0x0000017a72191cf0 JavaThread "Start Level: Equinox Container: ed59e6a5-59cd-488a-a743-91956e0c21e8" daemon [_thread_blocked, id=1064, stack(0x0000004a10f00000,0x0000004a11000000)]
  0x0000017a71fd0d90 JavaThread "SCR Component Actor" daemon [_thread_blocked, id=5976, stack(0x0000004a11000000,0x0000004a11100000)]
  0x0000017a71cb2ea0 JavaThread "SCR Component Registry" daemon [_thread_blocked, id=9860, stack(0x0000004a10c00000,0x0000004a10d00000)]
  0x0000017a722bb320 JavaThread "Worker-JM" [_thread_blocked, id=10440, stack(0x0000004a11100000,0x0000004a11200000)]
  0x0000017a722bae10 JavaThread "JNA Cleaner" daemon [_thread_blocked, id=9936, stack(0x0000004a11200000,0x0000004a11300000)]
  0x0000017a722b8080 JavaThread "Worker-0" [_thread_blocked, id=12272, stack(0x0000004a11300000,0x0000004a11400000)]
  0x0000017a722bb830 JavaThread "Worker-1" [_thread_blocked, id=10372, stack(0x0000004a11400000,0x0000004a11500000)]
  0x0000017a722b8590 JavaThread "Thread-2" daemon [_thread_in_native, id=9924, stack(0x0000004a11700000,0x0000004a11800000)]
  0x0000017a722b94c0 JavaThread "Thread-3" daemon [_thread_in_native, id=10200, stack(0x0000004a11800000,0x0000004a11900000)]
  0x0000017a722b8aa0 JavaThread "Thread-4" daemon [_thread_in_native, id=2764, stack(0x0000004a11900000,0x0000004a11a00000)]
  0x0000017a722b8fb0 JavaThread "Thread-5" daemon [_thread_in_native, id=648, stack(0x0000004a11a00000,0x0000004a11b00000)]
  0x0000017a722b9ee0 JavaThread "Thread-6" daemon [_thread_in_native, id=10636, stack(0x0000004a11b00000,0x0000004a11c00000)]
  0x0000017a722ba3f0 JavaThread "pool-2-thread-1" [_thread_blocked, id=5676, stack(0x0000004a11c00000,0x0000004a11d00000)]
  0x0000017a722b99d0 JavaThread "WorkspaceEventsHandler" [_thread_blocked, id=9884, stack(0x0000004a11d00000,0x0000004a11e00000)]
  0x0000017a72879a30 JavaThread "pool-1-thread-1" [_thread_blocked, id=11780, stack(0x0000004a11e00000,0x0000004a11f00000)]

Other Threads:
  0x0000017a6c25d8f0 VMThread "VM Thread" [stack: 0x0000004a0fc00000,0x0000004a0fd00000] [id=12368]
  0x0000017a7175d440 WatcherThread [stack: 0x0000004a10800000,0x0000004a10900000] [id=6612]
=>0x0000017a5844fa20 GCTaskThread "GC Thread#0" [stack: 0x0000004a0fb00000,0x0000004a0fc00000] [id=7188]
  0x0000017a719d2390 GCTaskThread "GC Thread#1" [stack: 0x0000004a10900000,0x0000004a10a00000] [id=13712]
  0x0000017a719d2650 GCTaskThread "GC Thread#2" [stack: 0x0000004a10a00000,0x0000004a10b00000] [id=8784]
  0x0000017a71d851f0 GCTaskThread "GC Thread#3" [stack: 0x0000004a10b00000,0x0000004a10c00000] [id=10980]

Threads with active compile tasks:

VM state: at safepoint (normal execution)

VM Mutex/Monitor currently owned by a thread:  ([mutex/lock_event])
[0x0000017a58436160] Threads_lock - owner thread: 0x0000017a6c25d8f0
[0x0000017a58437990] Heap_lock - owner thread: 0x0000017a72879a30

Heap address: 0x00000000c0000000, size: 1024 MB, Compressed Oops mode: 32-bit

CDS archive(s) not mapped
Compressed class space mapped at: 0x0000000100000000-0x0000000140000000, reserved size: 1073741824
Narrow klass base: 0x0000000000000000, Narrow klass shift: 3, Narrow klass range: 0x140000000

GC Precious Log:
 CPUs: 4 total, 4 available
 Memory: 7854M
 Large Page Support: Disabled
 NUMA Support: Disabled
 Compressed Oops: Enabled (32-bit)
 Alignments: Space 512K, Generation 512K, Heap 2M
 Heap Min Capacity: 100M
 Heap Initial Capacity: 100M
 Heap Max Capacity: 1G
 Pre-touch: Disabled
 Parallel Workers: 4

Heap:
 PSYoungGen      total 26112K, used 2154K [0x00000000eab00000, 0x00000000ec800000, 0x0000000100000000)
  eden space 23552K, 0% used [0x00000000eab00000,0x00000000eab00000,0x00000000ec200000)
  from space 2560K, 84% used [0x00000000ec380000,0x00000000ec59ab30,0x00000000ec600000)
  to   space 2048K, 0% used [0x00000000ec600000,0x00000000ec600000,0x00000000ec800000)
 ParOldGen       total 68608K, used 10418K [0x00000000c0000000, 0x00000000c4300000, 0x00000000eab00000)
  object space 68608K, 15% used [0x00000000c0000000,0x00000000c0a2cb40,0x00000000c4300000)
 Metaspace       used 35286K, committed 35840K, reserved 1114112K
  class space    used 3524K, committed 3776K, reserved 1048576K

Card table byte_map: [0x0000017a57de0000,0x0000017a57ff0000] _byte_map_base: 0x0000017a577e0000

Marking Bits: (ParMarkBitMap*) 0x00007ffdbdda58b0
 Begin Bits: [0x0000017a6a0e0000, 0x0000017a6b0e0000)
 End Bits:   [0x0000017a6b0e0000, 0x0000017a6c0e0000)

Polling page: 0x0000017a56310000

Metaspace:

Usage:
  Non-class:     31.02 MB used.
      Class:      3.44 MB used.
       Both:     34.46 MB used.

Virtual space:
  Non-class space:       64.00 MB reserved,      31.31 MB ( 49%) committed,  1 nodes.
      Class space:        1.00 GB reserved,       3.69 MB ( <1%) committed,  1 nodes.
             Both:        1.06 GB reserved,      35.00 MB (  3%) committed. 

Chunk freelists:
   Non-Class:  15.75 MB
       Class:  12.23 MB
        Both:  27.98 MB

MaxMetaspaceSize: unlimited
CompressedClassSpaceSize: 1.00 GB
Initial GC threshold: 21.00 MB
Current GC threshold: 35.00 MB
CDS: off
MetaspaceReclaimPolicy: balanced
 - commit_granule_bytes: 65536.
 - commit_granule_words: 8192.
 - virtual_space_node_default_size: 8388608.
 - enlarge_chunks_in_place: 1.
 - new_chunks_are_fully_committed: 0.
 - uncommit_free_chunks: 1.
 - use_allocation_guard: 0.
 - handle_deallocations: 1.


Internal statistics:

num_allocs_failed_limit: 6.
num_arena_births: 344.
num_arena_deaths: 14.
num_vsnodes_births: 2.
num_vsnodes_deaths: 0.
num_space_committed: 560.
num_space_uncommitted: 0.
num_chunks_returned_to_freelist: 20.
num_chunks_taken_from_freelist: 1357.
num_chunk_merges: 11.
num_chunk_splits: 879.
num_chunks_enlarged: 615.
num_inconsistent_stats: 0.

CodeHeap 'non-profiled nmethods': size=120000Kb used=1448Kb max_used=1448Kb free=118551Kb
 bounds [0x0000017a62bb0000, 0x0000017a62e20000, 0x0000017a6a0e0000]
CodeHeap 'profiled nmethods': size=120000Kb used=6513Kb max_used=6513Kb free=113486Kb
 bounds [0x0000017a5b0e0000, 0x0000017a5b740000, 0x0000017a62610000]
CodeHeap 'non-nmethods': size=5760Kb used=1277Kb max_used=1306Kb free=4482Kb
 bounds [0x0000017a62610000, 0x0000017a62880000, 0x0000017a62bb0000]
 total_blobs=3867 nmethods=3260 adapters=521
 compilation: enabled
              stopped_count=0, restarted_count=0
 full_count=0

Compilation events (20 events):
Event: 9.921 Thread 0x0000017a6c2cb100 3252       3       com.google.gson.internal.bind.ReflectiveTypeAdapterFactory::includeField (18 bytes)
Event: 9.922 Thread 0x0000017a6c2cb100 nmethod 3252 0x0000017a5b732890 code [0x0000017a5b732a40, 0x0000017a5b732be8]
Event: 9.922 Thread 0x0000017a6c2cb100 3253       3       java.lang.reflect.Field::isSynthetic (8 bytes)
Event: 9.922 Thread 0x0000017a6c2cb100 nmethod 3253 0x0000017a5b732c90 code [0x0000017a5b732e20, 0x0000017a5b732ff8]
Event: 9.923 Thread 0x0000017a6c2cb100 3254       3       java.lang.reflect.Field::getAnnotation (23 bytes)
Event: 9.924 Thread 0x0000017a6c2cb100 nmethod 3254 0x0000017a5b733090 code [0x0000017a5b7332a0, 0x0000017a5b733928]
Event: 9.928 Thread 0x0000017a6c2a2170 3255       4       java.util.LinkedHashMap::newNode (23 bytes)
Event: 9.933 Thread 0x0000017a6c2a2170 nmethod 3255 0x0000017a62d19e10 code [0x0000017a62d19fa0, 0x0000017a62d1a118]
Event: 9.933 Thread 0x0000017a6c2cb100 3256       3       com.google.gson.internal.$Gson$Types::resolve (499 bytes)
Event: 9.939 Thread 0x0000017a6c2cb100 nmethod 3256 0x0000017a5b733b90 code [0x0000017a5b7340a0, 0x0000017a5b737158]
Event: 9.939 Thread 0x0000017a6c2cb100 3258       3       com.google.gson.internal.$Gson$Types::getRawType (179 bytes)
Event: 9.940 Thread 0x0000017a6c2cb100 nmethod 3258 0x0000017a5b737f90 code [0x0000017a5b738360, 0x0000017a5b739ee8]
Event: 9.940 Thread 0x0000017a6c2cb100 3257       3       java.lang.Class::getGenericInfo (52 bytes)
Event: 9.941 Thread 0x0000017a6c2cb100 nmethod 3257 0x0000017a5b73a510 code [0x0000017a5b73a780, 0x0000017a5b73b388]
Event: 9.942 Thread 0x0000017a6c2cb100 3259       3       java.util.Collections$SingletonList::iterator (8 bytes)
Event: 9.942 Thread 0x0000017a6c2cb100 nmethod 3259 0x0000017a5b73b890 code [0x0000017a5b73ba40, 0x0000017a5b73bcd8]
Event: 9.942 Thread 0x0000017a6c2cb100 3260       3       com.google.gson.internal.$Gson$Types::resolve (14 bytes)
Event: 9.943 Thread 0x0000017a6c2cb100 nmethod 3260 0x0000017a5b73be10 code [0x0000017a5b73bfc0, 0x0000017a5b73c268]
Event: 9.943 Thread 0x0000017a6c2cb100 3261       3       java.util.Collections::emptySet (4 bytes)
Event: 9.943 Thread 0x0000017a6c2cb100 nmethod 3261 0x0000017a5b73c390 code [0x0000017a5b73c520, 0x0000017a5b73c618]

GC Heap History (20 events):
Event: 1.933 GC heap after
{Heap after GC invocations=1 (full 0):
 PSYoungGen      total 29696K, used 3156K [0x00000000eab00000, 0x00000000ecc00000, 0x0000000100000000)
  eden space 25600K, 0% used [0x00000000eab00000,0x00000000eab00000,0x00000000ec400000)
  from space 4096K, 77% used [0x00000000ec400000,0x00000000ec715350,0x00000000ec800000)
  to   space 4096K, 0% used [0x00000000ec800000,0x00000000ec800000,0x00000000ecc00000)
 ParOldGen       total 68608K, used 0K [0x00000000c0000000, 0x00000000c4300000, 0x00000000eab00000)
  object space 68608K, 0% used [0x00000000c0000000,0x00000000c0000000,0x00000000c4300000)
 Metaspace       used 10955K, committed 11136K, reserved 1114112K
  class space    used 1089K, committed 1216K, reserved 1048576K
}
Event: 3.222 GC heap before
{Heap before GC invocations=2 (full 0):
 PSYoungGen      total 29696K, used 28756K [0x00000000eab00000, 0x00000000ecc00000, 0x0000000100000000)
  eden space 25600K, 100% used [0x00000000eab00000,0x00000000ec400000,0x00000000ec400000)
  from space 4096K, 77% used [0x00000000ec400000,0x00000000ec715350,0x00000000ec800000)
  to   space 4096K, 0% used [0x00000000ec800000,0x00000000ec800000,0x00000000ecc00000)
 ParOldGen       total 68608K, used 0K [0x00000000c0000000, 0x00000000c4300000, 0x00000000eab00000)
  object space 68608K, 0% used [0x00000000c0000000,0x00000000c0000000,0x00000000c4300000)
 Metaspace       used 14819K, committed 15104K, reserved 1114112K
  class space    used 1499K, committed 1664K, reserved 1048576K
}
Event: 3.229 GC heap after
{Heap after GC invocations=2 (full 0):
 PSYoungGen      total 29696K, used 4073K [0x00000000eab00000, 0x00000000ecc00000, 0x0000000100000000)
  eden space 25600K, 0% used [0x00000000eab00000,0x00000000eab00000,0x00000000ec400000)
  from space 4096K, 99% used [0x00000000ec800000,0x00000000ecbfa7e0,0x00000000ecc00000)
  to   space 4096K, 0% used [0x00000000ec400000,0x00000000ec400000,0x00000000ec800000)
 ParOldGen       total 68608K, used 838K [0x00000000c0000000, 0x00000000c4300000, 0x00000000eab00000)
  object space 68608K, 1% used [0x00000000c0000000,0x00000000c00d1b60,0x00000000c4300000)
 Metaspace       used 14819K, committed 15104K, reserved 1114112K
  class space    used 1499K, committed 1664K, reserved 1048576K
}
Event: 4.488 GC heap before
{Heap before GC invocations=3 (full 0):
 PSYoungGen      total 29696K, used 29673K [0x00000000eab00000, 0x00000000ecc00000, 0x0000000100000000)
  eden space 25600K, 100% used [0x00000000eab00000,0x00000000ec400000,0x00000000ec400000)
  from space 4096K, 99% used [0x00000000ec800000,0x00000000ecbfa7e0,0x00000000ecc00000)
  to   space 4096K, 0% used [0x00000000ec400000,0x00000000ec400000,0x00000000ec800000)
 ParOldGen       total 68608K, used 838K [0x00000000c0000000, 0x00000000c4300000, 0x00000000eab00000)
  object space 68608K, 1% used [0x00000000c0000000,0x00000000c00d1b60,0x00000000c4300000)
 Metaspace       used 19870K, committed 20224K, reserved 1114112K
  class space    used 2022K, committed 2176K, reserved 1048576K
}
Event: 4.496 GC heap after
{Heap after GC invocations=3 (full 0):
 PSYoungGen      total 29696K, used 4090K [0x00000000eab00000, 0x00000000ecc00000, 0x0000000100000000)
  eden space 25600K, 0% used [0x00000000eab00000,0x00000000eab00000,0x00000000ec400000)
  from space 4096K, 99% used [0x00000000ec400000,0x00000000ec7feb90,0x00000000ec800000)
  to   space 4096K, 0% used [0x00000000ec800000,0x00000000ec800000,0x00000000ecc00000)
 ParOldGen       total 68608K, used 2476K [0x00000000c0000000, 0x00000000c4300000, 0x00000000eab00000)
  object space 68608K, 3% used [0x00000000c0000000,0x00000000c026b3a0,0x00000000c4300000)
 Metaspace       used 19870K, committed 20224K, reserved 1114112K
  class space    used 2022K, committed 2176K, reserved 1048576K
}
Event: 4.931 GC heap before
{Heap before GC invocations=4 (full 0):
 PSYoungGen      total 29696K, used 10827K [0x00000000eab00000, 0x00000000ecc00000, 0x0000000100000000)
  eden space 25600K, 26% used [0x00000000eab00000,0x00000000eb194388,0x00000000ec400000)
  from space 4096K, 99% used [0x00000000ec400000,0x00000000ec7feb90,0x00000000ec800000)
  to   space 4096K, 0% used [0x00000000ec800000,0x00000000ec800000,0x00000000ecc00000)
 ParOldGen       total 68608K, used 2476K [0x00000000c0000000, 0x00000000c4300000, 0x00000000eab00000)
  object space 68608K, 3% used [0x00000000c0000000,0x00000000c026b3a0,0x00000000c4300000)
 Metaspace       used 21114K, committed 21504K, reserved 1114112K
  class space    used 2148K, committed 2304K, reserved 1048576K
}
Event: 4.937 GC heap after
{Heap after GC invocations=4 (full 0):
 PSYoungGen      total 29696K, used 4065K [0x00000000eab00000, 0x00000000ecc00000, 0x0000000100000000)
  eden space 25600K, 0% used [0x00000000eab00000,0x00000000eab00000,0x00000000ec400000)
  from space 4096K, 99% used [0x00000000ec800000,0x00000000ecbf84f0,0x00000000ecc00000)
  to   space 4096K, 0% used [0x00000000ec400000,0x00000000ec400000,0x00000000ec800000)
 ParOldGen       total 68608K, used 2989K [0x00000000c0000000, 0x00000000c4300000, 0x00000000eab00000)
  object space 68608K, 4% used [0x00000000c0000000,0x00000000c02eb5d0,0x00000000c4300000)
 Metaspace       used 21114K, committed 21504K, reserved 1114112K
  class space    used 2148K, committed 2304K, reserved 1048576K
}
Event: 4.937 GC heap before
{Heap before GC invocations=5 (full 1):
 PSYoungGen      total 29696K, used 4065K [0x00000000eab00000, 0x00000000ecc00000, 0x0000000100000000)
  eden space 25600K, 0% used [0x00000000eab00000,0x00000000eab00000,0x00000000ec400000)
  from space 4096K, 99% used [0x00000000ec800000,0x00000000ecbf84f0,0x00000000ecc00000)
  to   space 4096K, 0% used [0x00000000ec400000,0x00000000ec400000,0x00000000ec800000)
 ParOldGen       total 68608K, used 2989K [0x00000000c0000000, 0x00000000c4300000, 0x00000000eab00000)
  object space 68608K, 4% used [0x00000000c0000000,0x00000000c02eb5d0,0x00000000c4300000)
 Metaspace       used 21114K, committed 21504K, reserved 1114112K
  class space    used 2148K, committed 2304K, reserved 1048576K
}
Event: 4.972 GC heap after
{Heap after GC invocations=5 (full 1):
 PSYoungGen      total 29696K, used 0K [0x00000000eab00000, 0x00000000ecc00000, 0x0000000100000000)
  eden space 25600K, 0% used [0x00000000eab00000,0x00000000eab00000,0x00000000ec400000)
  from space 4096K, 0% used [0x00000000ec800000,0x00000000ec800000,0x00000000ecc00000)
  to   space 4096K, 0% used [0x00000000ec400000,0x00000000ec400000,0x00000000ec800000)
 ParOldGen       total 68608K, used 6935K [0x00000000c0000000, 0x00000000c4300000, 0x00000000eab00000)
  object space 68608K, 10% used [0x00000000c0000000,0x00000000c06c5e70,0x00000000c4300000)
 Metaspace       used 21101K, committed 21504K, reserved 1114112K
  class space    used 2145K, committed 2304K, reserved 1048576K
}
Event: 6.010 GC heap before
{Heap before GC invocations=6 (full 1):
 PSYoungGen      total 29696K, used 25600K [0x00000000eab00000, 0x00000000ecc00000, 0x0000000100000000)
  eden space 25600K, 100% used [0x00000000eab00000,0x00000000ec400000,0x00000000ec400000)
  from space 4096K, 0% used [0x00000000ec800000,0x00000000ec800000,0x00000000ecc00000)
  to   space 4096K, 0% used [0x00000000ec400000,0x00000000ec400000,0x00000000ec800000)
 ParOldGen       total 68608K, used 6935K [0x00000000c0000000, 0x00000000c4300000, 0x00000000eab00000)
  object space 68608K, 10% used [0x00000000c0000000,0x00000000c06c5e70,0x00000000c4300000)
 Metaspace       used 24205K, committed 24704K, reserved 1114112K
  class space    used 2466K, committed 2688K, reserved 1048576K
}
Event: 6.014 GC heap after
{Heap after GC invocations=6 (full 1):
 PSYoungGen      total 27648K, used 2323K [0x00000000eab00000, 0x00000000eca80000, 0x0000000100000000)
  eden space 25088K, 0% used [0x00000000eab00000,0x00000000eab00000,0x00000000ec380000)
  from space 2560K, 90% used [0x00000000ec400000,0x00000000ec644db8,0x00000000ec680000)
  to   space 3584K, 0% used [0x00000000ec700000,0x00000000ec700000,0x00000000eca80000)
 ParOldGen       total 68608K, used 6943K [0x00000000c0000000, 0x00000000c4300000, 0x00000000eab00000)
  object space 68608K, 10% used [0x00000000c0000000,0x00000000c06c7e70,0x00000000c4300000)
 Metaspace       used 24205K, committed 24704K, reserved 1114112K
  class space    used 2466K, committed 2688K, reserved 1048576K
}
Event: 6.716 GC heap before
{Heap before GC invocations=7 (full 1):
 PSYoungGen      total 27648K, used 27205K [0x00000000eab00000, 0x00000000eca80000, 0x0000000100000000)
  eden space 25088K, 99% used [0x00000000eab00000,0x00000000ec34c920,0x00000000ec380000)
  from space 2560K, 90% used [0x00000000ec400000,0x00000000ec644db8,0x00000000ec680000)
  to   space 3584K, 0% used [0x00000000ec700000,0x00000000ec700000,0x00000000eca80000)
 ParOldGen       total 68608K, used 6943K [0x00000000c0000000, 0x00000000c4300000, 0x00000000eab00000)
  object space 68608K, 10% used [0x00000000c0000000,0x00000000c06c7e70,0x00000000c4300000)
 Metaspace       used 28276K, committed 28800K, reserved 1114112K
  class space    used 2770K, committed 3008K, reserved 1048576K
}
Event: 6.718 GC heap after
{Heap after GC invocations=7 (full 1):
 PSYoungGen      total 27136K, used 2052K [0x00000000eab00000, 0x00000000ec980000, 0x0000000100000000)
  eden space 24576K, 0% used [0x00000000eab00000,0x00000000eab00000,0x00000000ec300000)
  from space 2560K, 80% used [0x00000000ec700000,0x00000000ec901028,0x00000000ec980000)
  to   space 2560K, 0% used [0x00000000ec480000,0x00000000ec480000,0x00000000ec700000)
 ParOldGen       total 68608K, used 6951K [0x00000000c0000000, 0x00000000c4300000, 0x00000000eab00000)
  object space 68608K, 10% used [0x00000000c0000000,0x00000000c06c9e70,0x00000000c4300000)
 Metaspace       used 28276K, committed 28800K, reserved 1114112K
  class space    used 2770K, committed 3008K, reserved 1048576K
}
Event: 7.545 GC heap before
{Heap before GC invocations=8 (full 1):
 PSYoungGen      total 27136K, used 26628K [0x00000000eab00000, 0x00000000ec980000, 0x0000000100000000)
  eden space 24576K, 100% used [0x00000000eab00000,0x00000000ec300000,0x00000000ec300000)
  from space 2560K, 80% used [0x00000000ec700000,0x00000000ec901028,0x00000000ec980000)
  to   space 2560K, 0% used [0x00000000ec480000,0x00000000ec480000,0x00000000ec700000)
 ParOldGen       total 68608K, used 6951K [0x00000000c0000000, 0x00000000c4300000, 0x00000000eab00000)
  object space 68608K, 10% used [0x00000000c0000000,0x00000000c06c9e70,0x00000000c4300000)
 Metaspace       used 30506K, committed 30976K, reserved 1114112K
  class space    used 2947K, committed 3136K, reserved 1048576K
}
Event: 7.549 GC heap after
{Heap after GC invocations=8 (full 1):
 PSYoungGen      total 26624K, used 2529K [0x00000000eab00000, 0x00000000ecc80000, 0x0000000100000000)
  eden space 24064K, 0% used [0x00000000eab00000,0x00000000eab00000,0x00000000ec280000)
  from space 2560K, 98% used [0x00000000ec480000,0x00000000ec6f8510,0x00000000ec700000)
  to   space 5120K, 0% used [0x00000000ec780000,0x00000000ec780000,0x00000000ecc80000)
 ParOldGen       total 68608K, used 8666K [0x00000000c0000000, 0x00000000c4300000, 0x00000000eab00000)
  object space 68608K, 12% used [0x00000000c0000000,0x00000000c0876ab8,0x00000000c4300000)
 Metaspace       used 30506K, committed 30976K, reserved 1114112K
  class space    used 2947K, committed 3136K, reserved 1048576K
}
Event: 9.249 GC heap before
{Heap before GC invocations=9 (full 1):
 PSYoungGen      total 26624K, used 26593K [0x00000000eab00000, 0x00000000ecc80000, 0x0000000100000000)
  eden space 24064K, 100% used [0x00000000eab00000,0x00000000ec280000,0x00000000ec280000)
  from space 2560K, 98% used [0x00000000ec480000,0x00000000ec6f8510,0x00000000ec700000)
  to   space 5120K, 0% used [0x00000000ec780000,0x00000000ec780000,0x00000000ecc80000)
 ParOldGen       total 68608K, used 8666K [0x00000000c0000000, 0x00000000c4300000, 0x00000000eab00000)
  object space 68608K, 12% used [0x00000000c0000000,0x00000000c0876ab8,0x00000000c4300000)
 Metaspace       used 34295K, committed 34880K, reserved 1114112K
  class space    used 3421K, committed 3648K, reserved 1048576K
}
Event: 9.253 GC heap after
{Heap after GC invocations=9 (full 1):
 PSYoungGen      total 27648K, used 3622K [0x00000000eab00000, 0x00000000ecb80000, 0x0000000100000000)
  eden space 23552K, 0% used [0x00000000eab00000,0x00000000eab00000,0x00000000ec200000)
  from space 4096K, 88% used [0x00000000ec780000,0x00000000ecb09a08,0x00000000ecb80000)
  to   space 4096K, 0% used [0x00000000ec380000,0x00000000ec380000,0x00000000ec780000)
 ParOldGen       total 68608K, used 8674K [0x00000000c0000000, 0x00000000c4300000, 0x00000000eab00000)
  object space 68608K, 12% used [0x00000000c0000000,0x00000000c0878ab8,0x00000000c4300000)
 Metaspace       used 34295K, committed 34880K, reserved 1114112K
  class space    used 3421K, committed 3648K, reserved 1048576K
}
Event: 9.943 GC heap before
{Heap before GC invocations=10 (full 1):
 PSYoungGen      total 27648K, used 10883K [0x00000000eab00000, 0x00000000ecb80000, 0x0000000100000000)
  eden space 23552K, 30% used [0x00000000eab00000,0x00000000eb2172d0,0x00000000ec200000)
  from space 4096K, 88% used [0x00000000ec780000,0x00000000ecb09a08,0x00000000ecb80000)
  to   space 4096K, 0% used [0x00000000ec380000,0x00000000ec380000,0x00000000ec780000)
 ParOldGen       total 68608K, used 8674K [0x00000000c0000000, 0x00000000c4300000, 0x00000000eab00000)
  object space 68608K, 12% used [0x00000000c0000000,0x00000000c0878ab8,0x00000000c4300000)
 Metaspace       used 35286K, committed 35840K, reserved 1114112K
  class space    used 3524K, committed 3776K, reserved 1048576K
}
Event: 9.948 GC heap after
{Heap after GC invocations=10 (full 1):
 PSYoungGen      total 26112K, used 2154K [0x00000000eab00000, 0x00000000ec800000, 0x0000000100000000)
  eden space 23552K, 0% used [0x00000000eab00000,0x00000000eab00000,0x00000000ec200000)
  from space 2560K, 84% used [0x00000000ec380000,0x00000000ec59ab30,0x00000000ec600000)
  to   space 2048K, 0% used [0x00000000ec600000,0x00000000ec600000,0x00000000ec800000)
 ParOldGen       total 68608K, used 10418K [0x00000000c0000000, 0x00000000c4300000, 0x00000000eab00000)
  object space 68608K, 15% used [0x00000000c0000000,0x00000000c0a2cb40,0x00000000c4300000)
 Metaspace       used 35286K, committed 35840K, reserved 1114112K
  class space    used 3524K, committed 3776K, reserved 1048576K
}
Event: 9.948 GC heap before
{Heap before GC invocations=11 (full 2):
 PSYoungGen      total 26112K, used 2154K [0x00000000eab00000, 0x00000000ec800000, 0x0000000100000000)
  eden space 23552K, 0% used [0x00000000eab00000,0x00000000eab00000,0x00000000ec200000)
  from space 2560K, 84% used [0x00000000ec380000,0x00000000ec59ab30,0x00000000ec600000)
  to   space 2048K, 0% used [0x00000000ec600000,0x00000000ec600000,0x00000000ec800000)
 ParOldGen       total 68608K, used 10418K [0x00000000c0000000, 0x00000000c4300000, 0x00000000eab00000)
  object space 68608K, 15% used [0x00000000c0000000,0x00000000c0a2cb40,0x00000000c4300000)
 Metaspace       used 35286K, committed 35840K, reserved 1114112K
  class space    used 3524K, committed 3776K, reserved 1048576K
}

Dll operation events (12 events):
Event: 0.016 Loaded shared library c:\Users\bayes\.vscode\extensions\redhat.java-1.35.0-win32-x64\jre\17.0.12-win32-x86_64\bin\java.dll
Event: 0.324 Loaded shared library c:\Users\bayes\.vscode\extensions\redhat.java-1.35.0-win32-x64\jre\17.0.12-win32-x86_64\bin\zip.dll
Event: 0.329 Loaded shared library C:\Users\bayes\.vscode\extensions\redhat.java-1.35.0-win32-x64\jre\17.0.12-win32-x86_64\bin\instrument.dll
Event: 0.363 Loaded shared library C:\Users\bayes\.vscode\extensions\redhat.java-1.35.0-win32-x64\jre\17.0.12-win32-x86_64\bin\net.dll
Event: 0.365 Loaded shared library C:\Users\bayes\.vscode\extensions\redhat.java-1.35.0-win32-x64\jre\17.0.12-win32-x86_64\bin\nio.dll
Event: 0.377 Loaded shared library C:\Users\bayes\.vscode\extensions\redhat.java-1.35.0-win32-x64\jre\17.0.12-win32-x86_64\bin\zip.dll
Event: 0.412 Loaded shared library C:\Users\bayes\.vscode\extensions\redhat.java-1.35.0-win32-x64\jre\17.0.12-win32-x86_64\bin\jimage.dll
Event: 0.577 Loaded shared library c:\Users\bayes\.vscode\extensions\redhat.java-1.35.0-win32-x64\jre\17.0.12-win32-x86_64\bin\verify.dll
Event: 3.012 Loaded shared library C:\Users\bayes\AppData\Roaming\Code\User\globalStorage\redhat.java\1.35.0\config_ss_win\org.eclipse.equinox.launcher\org.eclipse.equinox.launcher.win32.win32.x86_64_1.2.1100.v20240722-2106\eclipse_11904.dll
Event: 5.338 Loaded shared library C:\Users\bayes\AppData\Local\Temp\jna-93514312\jna5283467571879424545.dll
Event: 7.611 Loaded shared library C:\Users\bayes\.vscode\extensions\redhat.java-1.35.0-win32-x64\jre\17.0.12-win32-x86_64\bin\management.dll
Event: 7.624 Loaded shared library C:\Users\bayes\.vscode\extensions\redhat.java-1.35.0-win32-x64\jre\17.0.12-win32-x86_64\bin\management_ext.dll

Deoptimization events (20 events):
Event: 9.331 Thread 0x0000017a5843a280 Uncommon trap: trap_request=0xffffff45 fr.pc=0x0000017a62cfd5a0 relative=0x00000000000050c0
Event: 9.331 Thread 0x0000017a5843a280 Uncommon trap: reason=unstable_if action=reinterpret pc=0x0000017a62cfd5a0 method=jdk.internal.org.objectweb.asm.Frame.execute(IILjdk/internal/org/objectweb/asm/Symbol;Ljdk/internal/org/objectweb/asm/SymbolTable;)V @ 1 c2
Event: 9.331 Thread 0x0000017a5843a280 DEOPT PACKING pc=0x0000017a62cfd5a0 sp=0x0000004a0fafde70
Event: 9.331 Thread 0x0000017a5843a280 DEOPT UNPACKING pc=0x0000017a626666a3 sp=0x0000004a0fafde18 mode 2
Event: 9.332 Thread 0x0000017a5843a280 Uncommon trap: trap_request=0xffffff45 fr.pc=0x0000017a62c722b4 relative=0x0000000000000114
Event: 9.332 Thread 0x0000017a5843a280 Uncommon trap: reason=unstable_if action=reinterpret pc=0x0000017a62c722b4 method=jdk.internal.org.objectweb.asm.SymbolTable.put(Ljdk/internal/org/objectweb/asm/SymbolTable$Entry;)Ljdk/internal/org/objectweb/asm/SymbolTable$Entry; @ 13 c2
Event: 9.332 Thread 0x0000017a5843a280 DEOPT PACKING pc=0x0000017a62c722b4 sp=0x0000004a0fafdd30
Event: 9.332 Thread 0x0000017a5843a280 DEOPT UNPACKING pc=0x0000017a626666a3 sp=0x0000004a0fafdc90 mode 2
Event: 9.406 Thread 0x0000017a5843a280 Uncommon trap: trap_request=0xffffff45 fr.pc=0x0000017a62bdaa34 relative=0x0000000000000094
Event: 9.406 Thread 0x0000017a5843a280 Uncommon trap: reason=unstable_if action=reinterpret pc=0x0000017a62bdaa34 method=java.lang.CharacterDataLatin1.digit(II)I @ 7 c2
Event: 9.406 Thread 0x0000017a5843a280 DEOPT PACKING pc=0x0000017a62bdaa34 sp=0x0000004a0fafe120
Event: 9.406 Thread 0x0000017a5843a280 DEOPT UNPACKING pc=0x0000017a626666a3 sp=0x0000004a0fafe0a0 mode 2
Event: 9.412 Thread 0x0000017a5843a280 Uncommon trap: trap_request=0xffffffcc fr.pc=0x0000017a62cf1364 relative=0x0000000000000344
Event: 9.412 Thread 0x0000017a5843a280 Uncommon trap: reason=intrinsic_or_type_checked_inlining action=make_not_entrant pc=0x0000017a62cf1364 method=java.util.Arrays.copyOf([Ljava/lang/Object;ILjava/lang/Class;)[Ljava/lang/Object; @ 35 c2
Event: 9.412 Thread 0x0000017a5843a280 DEOPT PACKING pc=0x0000017a62cf1364 sp=0x0000004a0fafdc10
Event: 9.412 Thread 0x0000017a5843a280 DEOPT UNPACKING pc=0x0000017a626666a3 sp=0x0000004a0fafdba0 mode 2
Event: 9.431 Thread 0x0000017a5843a280 Uncommon trap: trap_request=0xffffff45 fr.pc=0x0000017a62bd5650 relative=0x00000000000002b0
Event: 9.431 Thread 0x0000017a5843a280 Uncommon trap: reason=unstable_if action=reinterpret pc=0x0000017a62bd5650 method=java.util.HashMap$HashIterator.<init>(Ljava/util/HashMap;)V @ 45 c2
Event: 9.431 Thread 0x0000017a5843a280 DEOPT PACKING pc=0x0000017a62bd5650 sp=0x0000004a0fafe270
Event: 9.431 Thread 0x0000017a5843a280 DEOPT UNPACKING pc=0x0000017a626666a3 sp=0x0000004a0fafe208 mode 2

Classes loaded (20 events):
Event: 9.414 Loading class java/time/format/Parsed
Event: 9.414 Loading class java/time/format/Parsed done
Event: 9.432 Loading class java/time/temporal/TemporalAdjusters
Event: 9.439 Loading class sun/nio/ch/PendingFuture
Event: 9.440 Loading class sun/nio/ch/PendingFuture done
Event: 9.440 Loading class sun/nio/ch/WindowsAsynchronousFileChannelImpl$ReadTask
Event: 9.440 Loading class sun/nio/ch/Iocp$ResultHandler
Event: 9.440 Loading class sun/nio/ch/Iocp$ResultHandler done
Event: 9.440 Loading class sun/nio/ch/WindowsAsynchronousFileChannelImpl$ReadTask done
Event: 9.442 Loading class java/time/temporal/TemporalAdjusters done
Event: 9.491 Loading class java/time/LocalDate$1
Event: 9.492 Loading class java/time/LocalDate$1 done
Event: 9.492 Loading class java/time/zone/ZoneOffsetTransitionRule$1
Event: 9.492 Loading class java/time/zone/ZoneOffsetTransitionRule$1 done
Event: 9.492 Loading class java/time/LocalTime$1
Event: 9.493 Loading class java/time/LocalTime$1 done
Event: 9.828 Loading class sun/reflect/generics/repository/FieldRepository
Event: 9.829 Loading class sun/reflect/generics/repository/FieldRepository done
Event: 9.838 Loading class jdk/internal/reflect/UnsafeQualifiedIntegerFieldAccessorImpl
Event: 9.838 Loading class jdk/internal/reflect/UnsafeQualifiedIntegerFieldAccessorImpl done

Classes unloaded (7 events):
Event: 4.942 Thread 0x0000017a6c25d8f0 Unloading class 0x000000010021b400 'java/lang/invoke/LambdaForm$MH+0x000000010021b400'
Event: 4.942 Thread 0x0000017a6c25d8f0 Unloading class 0x000000010021b000 'java/lang/invoke/LambdaForm$MH+0x000000010021b000'
Event: 4.942 Thread 0x0000017a6c25d8f0 Unloading class 0x000000010021ac00 'java/lang/invoke/LambdaForm$MH+0x000000010021ac00'
Event: 4.942 Thread 0x0000017a6c25d8f0 Unloading class 0x000000010021a800 'java/lang/invoke/LambdaForm$MH+0x000000010021a800'
Event: 4.942 Thread 0x0000017a6c25d8f0 Unloading class 0x000000010021a400 'java/lang/invoke/LambdaForm$BMH+0x000000010021a400'
Event: 4.942 Thread 0x0000017a6c25d8f0 Unloading class 0x000000010021a000 'java/lang/invoke/LambdaForm$DMH+0x000000010021a000'
Event: 4.942 Thread 0x0000017a6c25d8f0 Unloading class 0x0000000100214400 'java/lang/invoke/LambdaForm$DMH+0x0000000100214400'

Classes redefined (0 events):
No events

Internal exceptions (20 events):
Event: 6.590 Thread 0x0000017a72191cf0 Implicit null exception at 0x0000017a62cac349 to 0x0000017a62cac41c
Event: 7.212 Thread 0x0000017a72191cf0 Exception <a 'java/lang/ClassNotFoundException'{0x00000000ebd8d048}: com/sun/org/apache/xerces/internal/impl/msg/spi/DOMMessagesProvider> (0x00000000ebd8d048) 
thrown [s\src\hotspot\share\classfile\systemDictionary.cpp, line 256]
Event: 7.215 Thread 0x0000017a72191cf0 Implicit null exception at 0x0000017a62c8358d to 0x0000017a62c84284
Event: 7.220 Thread 0x0000017a72191cf0 Exception <a 'java/lang/ClassNotFoundException'{0x00000000ebdc7b40}: com/sun/org/apache/xerces/internal/impl/msg/spi/XMLSerializerMessagesProvider> (0x00000000ebdc7b40) 
thrown [s\src\hotspot\share\classfile\systemDictionary.cpp, line 256]
Event: 7.222 Thread 0x0000017a72191cf0 Exception <a 'java/lang/ClassNotFoundException'{0x00000000ebde0188}: com/sun/org/apache/xerces/internal/impl/msg/spi/XMLMessagesProvider> (0x00000000ebde0188) 
thrown [s\src\hotspot\share\classfile\systemDictionary.cpp, line 256]
Event: 7.315 Thread 0x0000017a72191cf0 Exception <a 'java/lang/NoSuchMethodError'{0x00000000ebf572c0}: 'java.lang.Object java.lang.invoke.DirectMethodHandle$Holder.newInvokeSpecial(java.lang.Object, int, java.lang.Object, java.lang.Object)'> (0x00000000ebf572c0) 
thrown [s\src\hotspot\share\interpreter\linkResolver.cpp, line 759]
Event: 7.495 Thread 0x0000017a72191cf0 Exception <a 'sun/nio/fs/WindowsException'{0x00000000ec186320}> (0x00000000ec186320) 
thrown [s\src\hotspot\share\prims\jni.cpp, line 516]
Event: 7.761 Thread 0x0000017a72191cf0 Exception <a 'java/lang/ClassNotFoundException'{0x00000000eb04c0b8}: com/sun/org/apache/xml/internal/serializer/spi/XMLEntitiesProvider> (0x00000000eb04c0b8) 
thrown [s\src\hotspot\share\classfile\systemDictionary.cpp, line 256]
Event: 8.115 Thread 0x0000017a72191cf0 Exception <a 'java/io/FileNotFoundException'{0x00000000eb3cd768}> (0x00000000eb3cd768) 
thrown [s\src\hotspot\share\prims\jni.cpp, line 516]
Event: 8.183 Thread 0x0000017a72191cf0 Exception <a 'java/lang/UnsatisfiedLinkError'{0x00000000eb4cf7b0}: La procédure spécifiée est introuvable.
> (0x00000000eb4cf7b0) 
thrown [s\src\hotspot\share\prims\jni.cpp, line 535]
Event: 8.193 Thread 0x0000017a72191cf0 Exception <a 'java/io/FileNotFoundException'{0x00000000eb4e6108}> (0x00000000eb4e6108) 
thrown [s\src\hotspot\share\prims\jni.cpp, line 516]
Event: 8.216 Thread 0x0000017a72191cf0 Exception <a 'java/io/FileNotFoundException'{0x00000000eb560c40}> (0x00000000eb560c40) 
thrown [s\src\hotspot\share\prims\jni.cpp, line 516]
Event: 8.240 Thread 0x0000017a72191cf0 Exception <a 'java/lang/UnsatisfiedLinkError'{0x00000000eb58cbf8}: La procédure spécifiée est introuvable.
> (0x00000000eb58cbf8) 
thrown [s\src\hotspot\share\prims\jni.cpp, line 535]
Event: 8.394 Thread 0x0000017a5843a280 Exception <a 'java/lang/NoSuchMethodError'{0x00000000eb797ad8}: 'java.lang.Object java.lang.invoke.DirectMethodHandle$Holder.invokeStatic(java.lang.Object, java.lang.Object, long, java.lang.Object)'> (0x00000000eb797ad8) 
thrown [s\src\hotspot\share\interpreter\linkResolver.cpp, line 759]
Event: 8.394 Thread 0x0000017a5843a280 Exception <a 'java/lang/NoSuchMethodError'{0x00000000eb79b7b0}: 'java.lang.Object java.lang.invoke.DirectMethodHandle$Holder.invokeStaticInit(java.lang.Object, java.lang.Object, long, java.lang.Object)'> (0x00000000eb79b7b0) 
thrown [s\src\hotspot\share\interpreter\linkResolver.cpp, line 759]
Event: 8.395 Thread 0x0000017a5843a280 Exception <a 'java/lang/NoSuchMethodError'{0x00000000eb7a1dc0}: 'java.lang.Object java.lang.invoke.DirectMethodHandle$Holder.newInvokeSpecial(java.lang.Object, java.lang.Object, long)'> (0x00000000eb7a1dc0) 
thrown [s\src\hotspot\share\interpreter\linkResolver.cpp, line 759]
Event: 8.582 Thread 0x0000017a5843a280 Exception <a 'java/lang/NoSuchMethodError'{0x00000000eba41360}: 'void java.lang.invoke.DirectMethodHandle$Holder.invokeStatic(java.lang.Object, java.lang.Object, java.lang.Object, java.lang.Object)'> (0x00000000eba41360) 
thrown [s\src\hotspot\share\interpreter\linkResolver.cpp, line 759]
Event: 9.274 Thread 0x0000017a5843a280 Exception <a 'java/lang/NoSuchMethodError'{0x00000000eaba61e0}: 'void java.lang.invoke.DirectMethodHandle$Holder.invokeSpecial(java.lang.Object, java.lang.Object, java.lang.Object, java.lang.Object, java.lang.Object, java.lang.Object)'> (0x00000000eaba61e0) 
thrown [s\src\hotspot\share\interpreter\linkResolver.cpp, line 759]
Event: 9.275 Thread 0x0000017a5843a280 Exception <a 'java/lang/IncompatibleClassChangeError'{0x00000000eabafa90}: Found class java.lang.Object, but interface was expected> (0x00000000eabafa90) 
thrown [s\src\hotspot\share\interpreter\linkResolver.cpp, line 826]
Event: 9.475 Thread 0x0000017a5843a280 Exception <a 'java/lang/NoSuchMethodError'{0x00000000eacc49d0}: 'java.lang.Object java.lang.invoke.DirectMethodHandle$Holder.invokeStatic(java.lang.Object, int, java.lang.Object)'> (0x00000000eacc49d0) 
thrown [s\src\hotspot\share\interpreter\linkResolver.cpp, line 759]

VM Operations (20 events):
Event: 7.113 Executing VM operation: HandshakeAllThreads done
Event: 7.447 Executing VM operation: HandshakeAllThreads
Event: 7.464 Executing VM operation: HandshakeAllThreads done
Event: 7.473 Executing VM operation: HandshakeAllThreads
Event: 7.473 Executing VM operation: HandshakeAllThreads done
Event: 7.545 Executing VM operation: ParallelGCFailedAllocation
Event: 7.549 Executing VM operation: ParallelGCFailedAllocation done
Event: 7.562 Executing VM operation: HandshakeAllThreads
Event: 7.562 Executing VM operation: HandshakeAllThreads done
Event: 7.563 Executing VM operation: HandshakeAllThreads
Event: 7.563 Executing VM operation: HandshakeAllThreads done
Event: 7.823 Executing VM operation: HandshakeAllThreads
Event: 7.823 Executing VM operation: HandshakeAllThreads done
Event: 8.823 Executing VM operation: Cleanup
Event: 8.931 Executing VM operation: Cleanup done
Event: 9.249 Executing VM operation: ParallelGCFailedAllocation
Event: 9.253 Executing VM operation: ParallelGCFailedAllocation done
Event: 9.640 Executing VM operation: HandshakeAllThreads
Event: 9.661 Executing VM operation: HandshakeAllThreads done
Event: 9.943 Executing VM operation: CollectForMetadataAllocation

Events (20 events):
Event: 3.004 Thread 0x0000017a72191cf0 Thread added: 0x0000017a72191cf0
Event: 3.089 Thread 0x0000017a71fd0d90 Thread added: 0x0000017a71fd0d90
Event: 3.279 Thread 0x0000017a71cb2ea0 Thread exited: 0x0000017a71cb2ea0
Event: 3.332 Thread 0x0000017a71cb2ea0 Thread added: 0x0000017a71cb2ea0
Event: 4.088 Thread 0x0000017a722bb320 Thread added: 0x0000017a722bb320
Event: 5.387 Thread 0x0000017a722bae10 Thread added: 0x0000017a722bae10
Event: 5.492 Thread 0x0000017a722b8080 Thread added: 0x0000017a722b8080
Event: 5.604 Thread 0x0000017a722bb830 Thread added: 0x0000017a722bb830
Event: 7.304 Thread 0x0000017a722b9ee0 Thread added: 0x0000017a722b9ee0
Event: 7.530 Thread 0x0000017a722b9ee0 Thread exited: 0x0000017a722b9ee0
Event: 7.856 Thread 0x0000017a71c77010 Thread added: 0x0000017a71c77010
Event: 7.975 Thread 0x0000017a71c77010 Thread exited: 0x0000017a71c77010
Event: 8.412 Thread 0x0000017a722b8590 Thread added: 0x0000017a722b8590
Event: 8.413 Thread 0x0000017a722b94c0 Thread added: 0x0000017a722b94c0
Event: 8.413 Thread 0x0000017a722b8aa0 Thread added: 0x0000017a722b8aa0
Event: 8.413 Thread 0x0000017a722b8fb0 Thread added: 0x0000017a722b8fb0
Event: 8.413 Thread 0x0000017a722b9ee0 Thread added: 0x0000017a722b9ee0
Event: 8.482 Thread 0x0000017a722ba3f0 Thread added: 0x0000017a722ba3f0
Event: 9.399 Thread 0x0000017a722b99d0 Thread added: 0x0000017a722b99d0
Event: 9.399 Thread 0x0000017a72879a30 Thread added: 0x0000017a72879a30


Dynamic libraries:
0x00007ff765060000 - 0x00007ff76506e000 	c:\Users\bayes\.vscode\extensions\redhat.java-1.35.0-win32-x64\jre\17.0.12-win32-x86_64\bin\java.exe
0x00007ffe236d0000 - 0x00007ffe238c8000 	C:\Windows\SYSTEM32\ntdll.dll
0x00007ffe22500000 - 0x00007ffe225bf000 	C:\Windows\System32\KERNEL32.DLL
0x00007ffe211b0000 - 0x00007ffe214a6000 	C:\Windows\System32\KERNELBASE.dll
0x00007ffe20db0000 - 0x00007ffe20eb0000 	C:\Windows\System32\ucrtbase.dll
0x00007ffdcb250000 - 0x00007ffdcb267000 	c:\Users\bayes\.vscode\extensions\redhat.java-1.35.0-win32-x64\jre\17.0.12-win32-x86_64\bin\jli.dll
0x00007ffe22690000 - 0x00007ffe2282d000 	C:\Windows\System32\USER32.dll
0x00007ffe20fd0000 - 0x00007ffe20ff2000 	C:\Windows\System32\win32u.dll
0x00007ffe23500000 - 0x00007ffe2352c000 	C:\Windows\System32\GDI32.dll
0x00007ffe20eb0000 - 0x00007ffe20fc5000 	C:\Windows\System32\gdi32full.dll
0x00007ffe21030000 - 0x00007ffe210cd000 	C:\Windows\System32\msvcp_win.dll
0x00007ffdcb230000 - 0x00007ffdcb24b000 	c:\Users\bayes\.vscode\extensions\redhat.java-1.35.0-win32-x64\jre\17.0.12-win32-x86_64\bin\VCRUNTIME140.dll
0x00007ffe201b0000 - 0x00007ffe2044a000 	C:\Windows\WinSxS\amd64_microsoft.windows.common-controls_6595b64144ccf1df_6.0.19041.1110_none_60b5254171f9507e\COMCTL32.dll
0x00007ffe225c0000 - 0x00007ffe2265e000 	C:\Windows\System32\msvcrt.dll
0x00007ffe22660000 - 0x00007ffe22690000 	C:\Windows\System32\IMM32.DLL
0x00007ffde2a70000 - 0x00007ffde2a7c000 	c:\Users\bayes\.vscode\extensions\redhat.java-1.35.0-win32-x64\jre\17.0.12-win32-x86_64\bin\vcruntime140_1.dll
0x00007ffdc3c40000 - 0x00007ffdc3ccd000 	c:\Users\bayes\.vscode\extensions\redhat.java-1.35.0-win32-x64\jre\17.0.12-win32-x86_64\bin\msvcp140.dll
0x00007ffdbd200000 - 0x00007ffdbde6a000 	c:\Users\bayes\.vscode\extensions\redhat.java-1.35.0-win32-x64\jre\17.0.12-win32-x86_64\bin\server\jvm.dll
0x00007ffe21800000 - 0x00007ffe218af000 	C:\Windows\System32\ADVAPI32.dll
0x00007ffe22dd0000 - 0x00007ffe22e6c000 	C:\Windows\System32\sechost.dll
0x00007ffe222a0000 - 0x00007ffe223c6000 	C:\Windows\System32\RPCRT4.dll
0x00007ffe23530000 - 0x00007ffe2359b000 	C:\Windows\System32\WS2_32.dll
0x00007ffe209d0000 - 0x00007ffe20a1b000 	C:\Windows\SYSTEM32\POWRPROF.dll
0x00007ffdfad30000 - 0x00007ffdfad57000 	C:\Windows\SYSTEM32\WINMM.dll
0x00007ffe18490000 - 0x00007ffe1849a000 	C:\Windows\SYSTEM32\VERSION.dll
0x00007ffe20450000 - 0x00007ffe20462000 	C:\Windows\SYSTEM32\UMPDC.dll
0x00007ffe1e900000 - 0x00007ffe1e912000 	C:\Windows\SYSTEM32\kernel.appcore.dll
0x00007ffdcb2a0000 - 0x00007ffdcb2aa000 	c:\Users\bayes\.vscode\extensions\redhat.java-1.35.0-win32-x64\jre\17.0.12-win32-x86_64\bin\jimage.dll
0x00007ffe207e0000 - 0x00007ffe209c4000 	C:\Windows\SYSTEM32\DBGHELP.DLL
0x00007ffe20580000 - 0x00007ffe205b4000 	C:\Windows\SYSTEM32\dbgcore.DLL
0x00007ffe21120000 - 0x00007ffe211a2000 	C:\Windows\System32\bcryptPrimitives.dll
0x00007ffdcb220000 - 0x00007ffdcb22e000 	c:\Users\bayes\.vscode\extensions\redhat.java-1.35.0-win32-x64\jre\17.0.12-win32-x86_64\bin\instrument.dll
0x00007ffdc3c10000 - 0x00007ffdc3c35000 	c:\Users\bayes\.vscode\extensions\redhat.java-1.35.0-win32-x64\jre\17.0.12-win32-x86_64\bin\java.dll
0x00007ffdc3bf0000 - 0x00007ffdc3c08000 	c:\Users\bayes\.vscode\extensions\redhat.java-1.35.0-win32-x64\jre\17.0.12-win32-x86_64\bin\zip.dll
0x00007ffe219f0000 - 0x00007ffe22134000 	C:\Windows\System32\SHELL32.dll
0x00007ffe1e150000 - 0x00007ffe1e8e3000 	C:\Windows\SYSTEM32\windows.storage.dll
0x00007ffe230f0000 - 0x00007ffe23444000 	C:\Windows\System32\combase.dll
0x00007ffe20110000 - 0x00007ffe2013e000 	C:\Windows\SYSTEM32\Wldp.dll
0x00007ffe23450000 - 0x00007ffe234fd000 	C:\Windows\System32\SHCORE.dll
0x00007ffe23630000 - 0x00007ffe23685000 	C:\Windows\System32\shlwapi.dll
0x00007ffe20cf0000 - 0x00007ffe20d0f000 	C:\Windows\SYSTEM32\profapi.dll
0x00007ffe16d60000 - 0x00007ffe16d79000 	C:\Users\bayes\.vscode\extensions\redhat.java-1.35.0-win32-x64\jre\17.0.12-win32-x86_64\bin\net.dll
0x00007ffe17060000 - 0x00007ffe1716a000 	C:\Windows\SYSTEM32\WINHTTP.dll
0x00007ffe1ffe0000 - 0x00007ffe2004a000 	C:\Windows\system32\mswsock.dll
0x00007ffe0ca90000 - 0x00007ffe0caa6000 	C:\Users\bayes\.vscode\extensions\redhat.java-1.35.0-win32-x64\jre\17.0.12-win32-x86_64\bin\nio.dll
0x00007ffe1d6c0000 - 0x00007ffe1d6d0000 	c:\Users\bayes\.vscode\extensions\redhat.java-1.35.0-win32-x64\jre\17.0.12-win32-x86_64\bin\verify.dll
0x00007ffe0c5c0000 - 0x00007ffe0c605000 	C:\Users\bayes\AppData\Roaming\Code\User\globalStorage\redhat.java\1.35.0\config_ss_win\org.eclipse.equinox.launcher\org.eclipse.equinox.launcher.win32.win32.x86_64_1.2.1100.v20240722-2106\eclipse_11904.dll
0x00007ffe223d0000 - 0x00007ffe224fa000 	C:\Windows\System32\ole32.dll
0x00007ffe20b40000 - 0x00007ffe20b58000 	C:\Windows\SYSTEM32\CRYPTSP.dll
0x00007ffe1f7f0000 - 0x00007ffe1f824000 	C:\Windows\system32\rsaenh.dll
0x00007ffe21000000 - 0x00007ffe21027000 	C:\Windows\System32\bcrypt.dll
0x00007ffe20c70000 - 0x00007ffe20c9e000 	C:\Windows\SYSTEM32\USERENV.dll
0x00007ffe200d0000 - 0x00007ffe200dc000 	C:\Windows\SYSTEM32\CRYPTBASE.dll
0x00007ffe1fb60000 - 0x00007ffe1fb9c000 	C:\Windows\SYSTEM32\IPHLPAPI.DLL
0x00007ffe219e0000 - 0x00007ffe219e8000 	C:\Windows\System32\NSI.dll
0x00007ffe15170000 - 0x00007ffe15187000 	C:\Windows\SYSTEM32\dhcpcsvc6.DLL
0x00007ffe17b60000 - 0x00007ffe17b7d000 	C:\Windows\SYSTEM32\dhcpcsvc.DLL
0x00007ffe1fba0000 - 0x00007ffe1fc6b000 	C:\Windows\SYSTEM32\DNSAPI.dll
0x00007ffe0b890000 - 0x00007ffe0b8d9000 	C:\Users\bayes\AppData\Local\Temp\jna-93514312\jna5283467571879424545.dll
0x00007ffe219d0000 - 0x00007ffe219d8000 	C:\Windows\System32\PSAPI.DLL
0x00007ffe1d940000 - 0x00007ffe1d949000 	C:\Users\bayes\.vscode\extensions\redhat.java-1.35.0-win32-x64\jre\17.0.12-win32-x86_64\bin\management.dll
0x00007ffe184a0000 - 0x00007ffe184ab000 	C:\Users\bayes\.vscode\extensions\redhat.java-1.35.0-win32-x64\jre\17.0.12-win32-x86_64\bin\management_ext.dll

dbghelp: loaded successfully - version: 4.0.5 - missing functions: none
symbol engine: initialized successfully - sym options: 0x614 - pdb path: .;c:\Users\bayes\.vscode\extensions\redhat.java-1.35.0-win32-x64\jre\17.0.12-win32-x86_64\bin;C:\Windows\SYSTEM32;C:\Windows\WinSxS\amd64_microsoft.windows.common-controls_6595b64144ccf1df_6.0.19041.1110_none_60b5254171f9507e;c:\Users\bayes\.vscode\extensions\redhat.java-1.35.0-win32-x64\jre\17.0.12-win32-x86_64\bin\server;C:\Users\bayes\AppData\Roaming\Code\User\globalStorage\redhat.java\1.35.0\config_ss_win\org.eclipse.equinox.launcher\org.eclipse.equinox.launcher.win32.win32.x86_64_1.2.1100.v20240722-2106;C:\Users\bayes\AppData\Local\Temp\jna-93514312

VM Arguments:
jvm_args: --add-modules=ALL-SYSTEM --add-opens=java.base/java.util=ALL-UNNAMED --add-opens=java.base/java.lang=ALL-UNNAMED --add-opens=java.base/sun.nio.fs=ALL-UNNAMED -Declipse.application=org.eclipse.jdt.ls.core.id1 -Dosgi.bundles.defaultStartLevel=4 -Declipse.product=org.eclipse.jdt.ls.core.product -Djava.import.generatesMetadataFilesAtProjectRoot=false -DDetectVMInstallationsJob.disabled=true -Dfile.encoding=utf8 -XX:+UseParallelGC -XX:GCTimeRatio=4 -XX:AdaptiveSizePolicyWeight=90 -Dsun.zip.disableMemoryMapping=true -Xmx1G -Xms100m -Xlog:disable -javaagent:c:\Users\bayes\.vscode\extensions\redhat.java-1.35.0-win32-x64\lombok\lombok-1.18.33.jar 
java_command: c:\Users\bayes\.vscode\extensions\redhat.java-1.35.0-win32-x64\server\plugins\org.eclipse.equinox.launcher_1.6.900.v20240613-2009.jar -configuration c:\Users\bayes\AppData\Roaming\Code\User\globalStorage\redhat.java\1.35.0\config_ss_win -data c:\Users\bayes\AppData\Roaming\Code\User\workspaceStorage\168498a9360cd755819b0a706d5edd1a\redhat.java\ss_ws --pipe=\\.\pipe\lsp-086ab6a4a529f87bfe9c69fe85397131-sock
java_class_path (initial): c:\Users\bayes\.vscode\extensions\redhat.java-1.35.0-win32-x64\server\plugins\org.eclipse.equinox.launcher_1.6.900.v20240613-2009.jar
Launcher Type: SUN_STANDARD

[Global flags]
    uintx AdaptiveSizePolicyWeight                 = 90                                        {product} {command line}
     intx CICompilerCount                          = 3                                         {product} {ergonomic}
    uintx GCTimeRatio                              = 4                                         {product} {command line}
   size_t InitialHeapSize                          = 104857600                                 {product} {command line}
   size_t MaxHeapSize                              = 1073741824                                {product} {command line}
   size_t MaxNewSize                               = 357564416                                 {product} {ergonomic}
   size_t MinHeapDeltaBytes                        = 524288                                    {product} {ergonomic}
   size_t MinHeapSize                              = 104857600                                 {product} {command line}
   size_t NewSize                                  = 34603008                                  {product} {ergonomic}
    uintx NonNMethodCodeHeapSize                   = 5832780                                {pd product} {ergonomic}
    uintx NonProfiledCodeHeapSize                  = 122912730                              {pd product} {ergonomic}
   size_t OldSize                                  = 70254592                                  {product} {ergonomic}
    uintx ProfiledCodeHeapSize                     = 122912730                              {pd product} {ergonomic}
    uintx ReservedCodeCacheSize                    = 251658240                              {pd product} {ergonomic}
     bool SegmentedCodeCache                       = true                                      {product} {ergonomic}
   size_t SoftMaxHeapSize                          = 1073741824                             {manageable} {ergonomic}
     bool UseCompressedClassPointers               = true                           {product lp64_product} {ergonomic}
     bool UseCompressedOops                        = true                           {product lp64_product} {ergonomic}
     bool UseLargePagesIndividualAllocation        = false                                  {pd product} {ergonomic}
     bool UseParallelGC                            = true                                      {product} {command line}

Logging:
Log output configuration:
 #0: stdout all=off uptime,level,tags
 #1: stderr all=off uptime,level,tags

Environment Variables:
JAVA_HOME=C:\Program Files\Java\jdk-21
PATH=C:\Program Files\Eclipse Adoptium\jdk-21.0.4.7-hotspot\bin;C:\Program Files\Common Files\Oracle\Java\javapath;C:\Windows\system32;C:\Windows;C:\Windows\System32\Wbem;C:\Windows\System32\WindowsPowerShell\v1.0\;C:\Windows\System32\OpenSSH\;C:\Program Files\Java\jdk-21;C:\Users\bayes\AppData\Local\Microsoft\WindowsApps;C:\Users\bayes\AppData\Local\Programs\Microsoft VS Code\bin;C:\Program Files\gradle-8.10.2\bin;
USERNAME=bayes
OS=Windows_NT
PROCESSOR_IDENTIFIER=Intel64 Family 6 Model 78 Stepping 3, GenuineIntel
TMP=C:\Users\bayes\AppData\Local\Temp
TEMP=C:\Users\bayes\AppData\Local\Temp



Periodic native trim disabled


---------------  S Y S T E M  ---------------

OS:
 Windows 10 , 64 bit Build 19041 (10.0.19041.2913)
OS uptime: 0 days 0:33 hours

CPU: total 4 (initial active 4) (2 cores per cpu, 2 threads per core) family 6 model 78 stepping 3 microcode 0xcc, cx8, cmov, fxsr, ht, mmx, 3dnowpref, sse, sse2, sse3, ssse3, sse4.1, sse4.2, popcnt, lzcnt, tsc, tscinvbit, avx, avx2, aes, erms, clmul, bmi1, bmi2, rtm, adx, fma, vzeroupper, clflush, clflushopt
Processor Information for all 4 processors :
  Max Mhz: 2496, Current Mhz: 2396, Mhz Limit: 2396

Memory: 4k page, system-wide physical 7854M (1177M free)
TotalPageFile size 15790M (AvailPageFile size 5846M)
current process WorkingSet (physical memory assigned to process): 140M, peak: 141M
current process commit charge ("private bytes"): 228M, peak: 232M

vm_info: OpenJDK 64-Bit Server VM (17.0.12+7) for windows-amd64 JRE (17.0.12+7), built on Jul 16 2024 22:08:24 by "admin" with MS VC++ 16.10 / 16.11 (VS2019)

END.
