#
# There is insufficient memory for the Java Runtime Environment to continue.
# Native memory allocation (malloc) failed to allocate 1267856 bytes for Chunk::new
# Possible reasons:
#   The system is out of physical RAM or swap space
#   The process is running with CompressedOops enabled, and the Java Heap may be blocking the growth of the native heap
# Possible solutions:
#   Reduce memory load on the system
#   Increase physical memory or swap space
#   Check if swap backing store is full
#   Decrease Java heap size (-Xmx/-Xms)
#   Decrease number of Java threads
#   Decrease Java thread stack sizes (-Xss)
#   Set larger code cache with -XX:ReservedCodeCacheSize=
#   JVM is running with Unscaled Compressed Oops mode in which the Java heap is
#     placed in the first 4GB address space. The Java Heap base address is the
#     maximum limit for the native heap growth. Please use -XX:HeapBaseMinAddress
#     to set the Java Heap base and to place the Java Heap above 4GB virtual address.
# This output file may be truncated or incomplete.
#
#  Out of Memory Error (arena.cpp:168), pid=6476, tid=23448
#
# JRE version: Java(TM) SE Runtime Environment (21.0.4+8) (build 21.0.4+8-LTS-274)
# Java VM: Java HotSpot(TM) 64-Bit Server VM (21.0.4+8-LTS-274, mixed mode, sharing, tiered, compressed oops, compressed class ptrs, g1 gc, windows-amd64)
# No core dump will be written. Minidumps are not enabled by default on client versions of Windows
#

---------------  S U M M A R Y ------------

Command Line: --add-opens=java.base/java.util=ALL-UNNAMED --add-opens=java.base/java.lang=ALL-UNNAMED --add-opens=java.base/java.lang.invoke=ALL-UNNAMED --add-opens=java.prefs/java.util.prefs=ALL-UNNAMED --add-opens=java.base/java.nio.charset=ALL-UNNAMED --add-opens=java.base/java.net=ALL-UNNAMED --add-opens=java.base/java.util.concurrent.atomic=ALL-UNNAMED -XX:MaxMetaspaceSize=384m -XX:+HeapDumpOnOutOfMemoryError -Xms256m -Xmx512m -Dfile.encoding=utf8 -Duser.country=FR -Duser.language=fr -Duser.variant -javaagent:C:\Users\bayes\.gradle\wrapper\dists\gradle-8.5-bin\5t9huq95ubn472n8rpzujfbqh\gradle-8.5\lib\agents\gradle-instrumentation-agent-8.5.jar org.gradle.launcher.daemon.bootstrap.GradleDaemon 8.5

Host: Intel(R) Core(TM) i5-10310U CPU @ 1.70GHz, 8 cores, 7G,  Windows 11 , 64 bit Build 22621 (10.0.22621.4391)
Time: Sat Nov 30 12:05:06 2024 Paris, Madrid elapsed time: 62.761028 seconds (0d 0h 1m 2s)

---------------  T H R E A D  ---------------

Current thread (0x0000015ffc14d560):  JavaThread "C2 CompilerThread0" daemon [_thread_in_native, id=23448, stack(0x00000055d3500000,0x00000055d3600000) (1024K)]


Current CompileTask:
C2:  62761 5853       4       org.objectweb.asm.MethodWriter::computeAllFrames (510 bytes)

Stack: [0x00000055d3500000,0x00000055d3600000]
Native frames: (J=compiled Java code, j=interpreted, Vv=VM code, C=native code)
V  [jvm.dll+0x6c8e59]
V  [jvm.dll+0x853181]
V  [jvm.dll+0x8556ae]
V  [jvm.dll+0x855d83]
V  [jvm.dll+0x27d526]
V  [jvm.dll+0xc4aad]
V  [jvm.dll+0xc4fe3]
V  [jvm.dll+0x3b3fd2]
V  [jvm.dll+0x3809a5]
V  [jvm.dll+0x37fe1a]
V  [jvm.dll+0x246280]
V  [jvm.dll+0x24585f]
V  [jvm.dll+0x1c69de]
V  [jvm.dll+0x254d49]
V  [jvm.dll+0x2532da]
V  [jvm.dll+0x3ed426]
V  [jvm.dll+0x7fd65b]
V  [jvm.dll+0x6c753d]
C  [ucrtbase.dll+0x29333]
C  [KERNEL32.DLL+0x1259d]
C  [ntdll.dll+0x5af38]


---------------  P R O C E S S  ---------------

Threads class SMR info:
_java_thread_list=0x0000015f9a0db820, length=43, elements={
0x0000015fe1529330, 0x0000015ffc143e00, 0x0000015ffc144860, 0x0000015ffc1454c0,
0x0000015ffc1487d0, 0x0000015ffc149360, 0x0000015ffc14a020, 0x0000015ffc14d560,
0x0000015ffc293580, 0x0000015ffc39be50, 0x0000015ffc5029b0, 0x0000015ffc313840,
0x0000015ffd247590, 0x0000015ffd1062a0, 0x0000015ffccee4e0, 0x0000015ffcceeb50,
0x0000015ffc443a80, 0x0000015ffc455a60, 0x0000015ffd539a70, 0x0000015ffd53a100,
0x0000015ffd5386c0, 0x0000015ffd53ae20, 0x0000015ffd53a790, 0x0000015ffd538030,
0x0000015ffd5393e0, 0x0000015ffd538d50, 0x0000015ffcec21f0, 0x0000015ffcec2f10,
0x0000015ffcec35a0, 0x0000015ffcec0120, 0x0000015ffcec07b0, 0x0000015ffcec0e40,
0x0000015ffcec14d0, 0x0000015ffcec1b60, 0x0000015ffe455530, 0x0000015ffe457600,
0x0000015ffe457c90, 0x0000015ffe45a3f0, 0x0000015ffe455bc0, 0x0000015ffe456250,
0x0000015ffe456f70, 0x0000015ffe4589b0, 0x0000015ffe459040
}

Java Threads: ( => current thread )
  0x0000015fe1529330 JavaThread "main"                              [_thread_blocked, id=6544, stack(0x00000055d2700000,0x00000055d2800000) (1024K)]
  0x0000015ffc143e00 JavaThread "Reference Handler"          daemon [_thread_blocked, id=13192, stack(0x00000055d2f00000,0x00000055d3000000) (1024K)]
  0x0000015ffc144860 JavaThread "Finalizer"                  daemon [_thread_blocked, id=14432, stack(0x00000055d3000000,0x00000055d3100000) (1024K)]
  0x0000015ffc1454c0 JavaThread "Signal Dispatcher"          daemon [_thread_blocked, id=16272, stack(0x00000055d3100000,0x00000055d3200000) (1024K)]
  0x0000015ffc1487d0 JavaThread "Attach Listener"            daemon [_thread_blocked, id=20100, stack(0x00000055d3200000,0x00000055d3300000) (1024K)]
  0x0000015ffc149360 JavaThread "Service Thread"             daemon [_thread_blocked, id=13056, stack(0x00000055d3300000,0x00000055d3400000) (1024K)]
  0x0000015ffc14a020 JavaThread "Monitor Deflation Thread"   daemon [_thread_blocked, id=14632, stack(0x00000055d3400000,0x00000055d3500000) (1024K)]
=>0x0000015ffc14d560 JavaThread "C2 CompilerThread0"         daemon [_thread_in_native, id=23448, stack(0x00000055d3500000,0x00000055d3600000) (1024K)]
  0x0000015ffc293580 JavaThread "C1 CompilerThread0"         daemon [_thread_blocked, id=18952, stack(0x00000055d3600000,0x00000055d3700000) (1024K)]
  0x0000015ffc39be50 JavaThread "Common-Cleaner"             daemon [_thread_blocked, id=8844, stack(0x00000055d3700000,0x00000055d3800000) (1024K)]
  0x0000015ffc5029b0 JavaThread "Notification Thread"        daemon [_thread_blocked, id=11044, stack(0x00000055d3800000,0x00000055d3900000) (1024K)]
  0x0000015ffc313840 JavaThread "Daemon health stats"               [_thread_blocked, id=18192, stack(0x00000055d3e00000,0x00000055d3f00000) (1024K)]
  0x0000015ffd247590 JavaThread "Incoming local TCP Connector on port 54442"        [_thread_in_native, id=22048, stack(0x00000055d3f00000,0x00000055d4000000) (1024K)]
  0x0000015ffd1062a0 JavaThread "Daemon periodic checks"            [_thread_blocked, id=9292, stack(0x00000055d4000000,0x00000055d4100000) (1024K)]
  0x0000015ffccee4e0 JavaThread "Daemon"                            [_thread_blocked, id=13092, stack(0x00000055d4100000,0x00000055d4200000) (1024K)]
  0x0000015ffcceeb50 JavaThread "Handler for socket connection from /127.0.0.1:54442 to /127.0.0.1:54443"        [_thread_in_native, id=10332, stack(0x00000055d4200000,0x00000055d4300000) (1024K)]
  0x0000015ffc443a80 JavaThread "Cancel handler"                    [_thread_blocked, id=7136, stack(0x00000055d4300000,0x00000055d4400000) (1024K)]
  0x0000015ffc455a60 JavaThread "Daemon worker"                     [_thread_in_Java, id=6024, stack(0x00000055d4400000,0x00000055d4500000) (1024K)]
  0x0000015ffd539a70 JavaThread "Asynchronous log dispatcher for DefaultDaemonConnection: socket connection from /127.0.0.1:54442 to /127.0.0.1:54443"        [_thread_blocked, id=3640, stack(0x00000055d4500000,0x00000055d4600000) (1024K)]
  0x0000015ffd53a100 JavaThread "Stdin handler"                     [_thread_blocked, id=22140, stack(0x00000055d4600000,0x00000055d4700000) (1024K)]
  0x0000015ffd5386c0 JavaThread "Daemon client event forwarder"        [_thread_blocked, id=12028, stack(0x00000055d4700000,0x00000055d4800000) (1024K)]
  0x0000015ffd53ae20 JavaThread "Cache worker for journal cache (C:\Users\bayes\.gradle\caches\journal-1)"        [_thread_blocked, id=22068, stack(0x00000055d4800000,0x00000055d4900000) (1024K)]
  0x0000015ffd53a790 JavaThread "File lock request listener"        [_thread_in_native, id=17532, stack(0x00000055d4900000,0x00000055d4a00000) (1024K)]
  0x0000015ffd538030 JavaThread "Cache worker for file hash cache (C:\Users\bayes\.gradle\caches\8.5\fileHashes)"        [_thread_blocked, id=4916, stack(0x00000055d4a00000,0x00000055d4b00000) (1024K)]
  0x0000015ffd5393e0 JavaThread "File lock release action executor"        [_thread_blocked, id=6456, stack(0x00000055d4b00000,0x00000055d4c00000) (1024K)]
  0x0000015ffd538d50 JavaThread "File watcher server"        daemon [_thread_in_native, id=20852, stack(0x00000055d4f00000,0x00000055d5000000) (1024K)]
  0x0000015ffcec21f0 JavaThread "File watcher consumer"      daemon [_thread_blocked, id=7264, stack(0x00000055d5000000,0x00000055d5100000) (1024K)]
  0x0000015ffcec2f10 JavaThread "Cache worker for checksums cache (C:\Users\bayes\Projet_classe_kata\.gradle\8.5\checksums)"        [_thread_blocked, id=11052, stack(0x00000055d5100000,0x00000055d5200000) (1024K)]
  0x0000015ffcec35a0 JavaThread "Cache worker for file hash cache (C:\Users\bayes\Projet_classe_kata\.gradle\8.5\fileHashes)"        [_thread_blocked, id=5908, stack(0x00000055d5200000,0x00000055d5300000) (1024K)]
  0x0000015ffcec0120 JavaThread "Cache worker for cache directory md-supplier (C:\Users\bayes\.gradle\caches\8.5\md-supplier)"        [_thread_blocked, id=10892, stack(0x00000055d5300000,0x00000055d5400000) (1024K)]
  0x0000015ffcec07b0 JavaThread "Cache worker for cache directory md-rule (C:\Users\bayes\.gradle\caches\8.5\md-rule)"        [_thread_blocked, id=12844, stack(0x00000055d5400000,0x00000055d5500000) (1024K)]
  0x0000015ffcec0e40 JavaThread "Cache worker for file content cache (C:\Users\bayes\.gradle\caches\8.5\fileContent)"        [_thread_blocked, id=2992, stack(0x00000055d5500000,0x00000055d5600000) (1024K)]
  0x0000015ffcec14d0 JavaThread "Cache worker for execution history cache (C:\Users\bayes\.gradle\caches\8.5\executionHistory)"        [_thread_blocked, id=18888, stack(0x00000055d5600000,0x00000055d5700000) (1024K)]
  0x0000015ffcec1b60 JavaThread "jar transforms"                    [_thread_blocked, id=8576, stack(0x00000055d5700000,0x00000055d5800000) (1024K)]
  0x0000015ffe455530 JavaThread "jar transforms Thread 2"           [_thread_blocked, id=21920, stack(0x00000055d5800000,0x00000055d5900000) (1024K)]
  0x0000015ffe457600 JavaThread "jar transforms Thread 3"           [_thread_blocked, id=6920, stack(0x00000055d5900000,0x00000055d5a00000) (1024K)]
  0x0000015ffe457c90 JavaThread "jar transforms Thread 4"           [_thread_blocked, id=4060, stack(0x00000055d5a00000,0x00000055d5b00000) (1024K)]
  0x0000015ffe45a3f0 JavaThread "Cache worker for dependencies-accessors (C:\Users\bayes\Projet_classe_kata\.gradle\8.5\dependencies-accessors)"        [_thread_blocked, id=14744, stack(0x00000055d5c00000,0x00000055d5d00000) (1024K)]
  0x0000015ffe455bc0 JavaThread "jar transforms Thread 5"           [_thread_blocked, id=19928, stack(0x00000055d5b00000,0x00000055d5c00000) (1024K)]
  0x0000015ffe456250 JavaThread "Cache worker for Build Output Cleanup Cache (C:\Users\bayes\Projet_classe_kata\.gradle\buildOutputCleanup)"        [_thread_blocked, id=3820, stack(0x00000055d5e00000,0x00000055d5f00000) (1024K)]
  0x0000015ffe456f70 JavaThread "Unconstrained build operations"        [_thread_blocked, id=22768, stack(0x00000055d2400000,0x00000055d2500000) (1024K)]
  0x0000015ffe4589b0 JavaThread "jar transforms Thread 6"           [_thread_blocked, id=19804, stack(0x00000055d2600000,0x00000055d2700000) (1024K)]
  0x0000015ffe459040 JavaThread "jar transforms Thread 7"           [_thread_blocked, id=18680, stack(0x00000055d5f00000,0x00000055d6000000) (1024K)]
Total: 43

Other Threads:
  0x0000015ffc123c90 VMThread "VM Thread"                           [id=10832, stack(0x00000055d2e00000,0x00000055d2f00000) (1024K)]
  0x0000015ffc110050 WatcherThread "VM Periodic Task Thread"        [id=12460, stack(0x00000055d2d00000,0x00000055d2e00000) (1024K)]
  0x0000015fe1554e60 WorkerThread "GC Thread#0"                     [id=15244, stack(0x00000055d2800000,0x00000055d2900000) (1024K)]
  0x0000015ffcefffa0 WorkerThread "GC Thread#1"                     [id=7732, stack(0x00000055d3900000,0x00000055d3a00000) (1024K)]
  0x0000015ffcf00340 WorkerThread "GC Thread#2"                     [id=18732, stack(0x00000055d3a00000,0x00000055d3b00000) (1024K)]
  0x0000015ffcf006e0 WorkerThread "GC Thread#3"                     [id=19260, stack(0x00000055d3b00000,0x00000055d3c00000) (1024K)]
  0x0000015ffcf00a80 WorkerThread "GC Thread#4"                     [id=2040, stack(0x00000055d3c00000,0x00000055d3d00000) (1024K)]
  0x0000015ffcf00e20 WorkerThread "GC Thread#5"                     [id=15920, stack(0x00000055d3d00000,0x00000055d3e00000) (1024K)]
  0x0000015f99765040 WorkerThread "GC Thread#6"                     [id=8204, stack(0x00000055d4c00000,0x00000055d4d00000) (1024K)]
  0x0000015f997653e0 WorkerThread "GC Thread#7"                     [id=9800, stack(0x00000055d4d00000,0x00000055d4e00000) (1024K)]
  0x0000015fe1559e40 ConcurrentGCThread "G1 Main Marker"            [id=24560, stack(0x00000055d2900000,0x00000055d2a00000) (1024K)]
  0x0000015fe155a940 WorkerThread "G1 Conc#0"                       [id=14228, stack(0x00000055d2a00000,0x00000055d2b00000) (1024K)]
  0x0000015f99764560 WorkerThread "G1 Conc#1"                       [id=17708, stack(0x00000055d4e00000,0x00000055d4f00000) (1024K)]
  0x0000015ffbfdd350 ConcurrentGCThread "G1 Refine#0"               [id=16336, stack(0x00000055d2b00000,0x00000055d2c00000) (1024K)]
  0x0000015ffbfdeed0 ConcurrentGCThread "G1 Service"                [id=11672, stack(0x00000055d2c00000,0x00000055d2d00000) (1024K)]
Total: 15

Threads with active compile tasks:
C2 CompilerThread0    62847 5853       4       org.objectweb.asm.MethodWriter::computeAllFrames (510 bytes)
Total: 1

VM state: not at safepoint (normal execution)

VM Mutex/Monitor currently owned by a thread: None

Heap address: 0x00000000e0000000, size: 512 MB, Compressed Oops mode: 32-bit

CDS archive(s) mapped at: [0x0000015f80000000-0x0000015f80c90000-0x0000015f80c90000), size 13172736, SharedBaseAddress: 0x0000015f80000000, ArchiveRelocationMode: 1.
Compressed class space mapped at: 0x0000015f81000000-0x0000015f95000000, reserved size: 335544320
Narrow klass base: 0x0000015f80000000, Narrow klass shift: 0, Narrow klass range: 0x100000000

GC Precious Log:
 CardTable entry size: 512
 Card Set container configuration: InlinePtr #cards 5 size 8 Array Of Cards #cards 12 size 40 Howl #buckets 4 coarsen threshold 1843 Howl Bitmap #cards 512 size 80 coarsen threshold 460 Card regions per heap region 1 cards per card region 2048
 CPUs: 8 total, 8 available
 Memory: 7952M
 Large Page Support: Disabled
 NUMA Support: Disabled
 Compressed Oops: Enabled (32-bit)
 Heap Region Size: 1M
 Heap Min Capacity: 256M
 Heap Initial Capacity: 256M
 Heap Max Capacity: 512M
 Pre-touch: Disabled
 Parallel Workers: 8
 Concurrent Workers: 2
 Concurrent Refinement Workers: 8
 Periodic GC: Disabled

Heap:
 garbage-first heap   total 262144K, used 158571K [0x00000000e0000000, 0x0000000100000000)
  region size 1024K, 130 young (133120K), 8 survivors (8192K)
 Metaspace       used 54293K, committed 55936K, reserved 393216K
  class space    used 7563K, committed 8384K, reserved 327680K

Heap Regions: E=young(eden), S=young(survivor), O=old, HS=humongous(starts), HC=humongous(continues), CS=collection set, F=free, TAMS=top-at-mark-start, PB=parsable bottom
|   0|0x00000000e0000000, 0x00000000e0100000, 0x00000000e0100000|100%|HS|  |TAMS 0x00000000e0000000| PB 0x00000000e0000000| Complete 
|   1|0x00000000e0100000, 0x00000000e0200000, 0x00000000e0200000|100%|HC|  |TAMS 0x00000000e0100000| PB 0x00000000e0100000| Complete 
|   2|0x00000000e0200000, 0x00000000e0300000, 0x00000000e0300000|100%|HC|  |TAMS 0x00000000e0200000| PB 0x00000000e0200000| Complete 
|   3|0x00000000e0300000, 0x00000000e0400000, 0x00000000e0400000|100%|HC|  |TAMS 0x00000000e0300000| PB 0x00000000e0300000| Complete 
|   4|0x00000000e0400000, 0x00000000e0500000, 0x00000000e0500000|100%| O|  |TAMS 0x00000000e0400000| PB 0x00000000e0400000| Untracked 
|   5|0x00000000e0500000, 0x00000000e0600000, 0x00000000e0600000|100%| O|  |TAMS 0x00000000e0500000| PB 0x00000000e0500000| Untracked 
|   6|0x00000000e0600000, 0x00000000e0700000, 0x00000000e0700000|100%| O|  |TAMS 0x00000000e0600000| PB 0x00000000e0600000| Untracked 
|   7|0x00000000e0700000, 0x00000000e0800000, 0x00000000e0800000|100%| O|  |TAMS 0x00000000e0700000| PB 0x00000000e0700000| Untracked 
|   8|0x00000000e0800000, 0x00000000e0900000, 0x00000000e0900000|100%| O|  |TAMS 0x00000000e0800000| PB 0x00000000e0800000| Untracked 
|   9|0x00000000e0900000, 0x00000000e0a00000, 0x00000000e0a00000|100%|HS|  |TAMS 0x00000000e0900000| PB 0x00000000e0900000| Complete 
|  10|0x00000000e0a00000, 0x00000000e0b00000, 0x00000000e0b00000|100%| O|  |TAMS 0x00000000e0a00000| PB 0x00000000e0a00000| Untracked 
|  11|0x00000000e0b00000, 0x00000000e0c00000, 0x00000000e0c00000|100%| O|  |TAMS 0x00000000e0b00000| PB 0x00000000e0b00000| Untracked 
|  12|0x00000000e0c00000, 0x00000000e0d00000, 0x00000000e0d00000|100%| O|  |TAMS 0x00000000e0c00000| PB 0x00000000e0c00000| Untracked 
|  13|0x00000000e0d00000, 0x00000000e0e00000, 0x00000000e0e00000|100%| O|  |TAMS 0x00000000e0d00000| PB 0x00000000e0d00000| Untracked 
|  14|0x00000000e0e00000, 0x00000000e0f00000, 0x00000000e0f00000|100%| O|  |TAMS 0x00000000e0e00000| PB 0x00000000e0e00000| Untracked 
|  15|0x00000000e0f00000, 0x00000000e1000000, 0x00000000e1000000|100%| O|  |TAMS 0x00000000e0f00000| PB 0x00000000e0f00000| Untracked 
|  16|0x00000000e1000000, 0x00000000e1100000, 0x00000000e1100000|100%| O|  |TAMS 0x00000000e1000000| PB 0x00000000e1000000| Untracked 
|  17|0x00000000e1100000, 0x00000000e1200000, 0x00000000e1200000|100%| O|  |TAMS 0x00000000e1100000| PB 0x00000000e1100000| Untracked 
|  18|0x00000000e1200000, 0x00000000e1300000, 0x00000000e1300000|100%| O|  |TAMS 0x00000000e1200000| PB 0x00000000e1200000| Untracked 
|  19|0x00000000e1300000, 0x00000000e1400000, 0x00000000e1400000|100%| O|  |TAMS 0x00000000e1300000| PB 0x00000000e1300000| Untracked 
|  20|0x00000000e1400000, 0x00000000e1500000, 0x00000000e1500000|100%| O|  |TAMS 0x00000000e1400000| PB 0x00000000e1400000| Untracked 
|  21|0x00000000e1500000, 0x00000000e1600000, 0x00000000e1600000|100%| O|  |TAMS 0x00000000e1500000| PB 0x00000000e1500000| Untracked 
|  22|0x00000000e1600000, 0x00000000e1700000, 0x00000000e1700000|100%| O|  |TAMS 0x00000000e1600000| PB 0x00000000e1600000| Untracked 
|  23|0x00000000e1700000, 0x00000000e1800000, 0x00000000e1800000|100%| O|Cm|TAMS 0x00000000e1700000| PB 0x00000000e1700000| Complete 
|  24|0x00000000e1800000, 0x00000000e1900000, 0x00000000e1900000|100%|HS|  |TAMS 0x00000000e1800000| PB 0x00000000e1800000| Complete 
|  25|0x00000000e1900000, 0x00000000e1a00000, 0x00000000e1a00000|100%|HC|  |TAMS 0x00000000e1900000| PB 0x00000000e1900000| Complete 
|  26|0x00000000e1a00000, 0x00000000e1b00000, 0x00000000e1b00000|100%|HS|  |TAMS 0x00000000e1a00000| PB 0x00000000e1a00000| Complete 
|  27|0x00000000e1b00000, 0x00000000e1b00000, 0x00000000e1c00000|  0%| F|  |TAMS 0x00000000e1b00000| PB 0x00000000e1b00000| Untracked 
|  28|0x00000000e1c00000, 0x00000000e1c00000, 0x00000000e1d00000|  0%| F|  |TAMS 0x00000000e1c00000| PB 0x00000000e1c00000| Untracked 
|  29|0x00000000e1d00000, 0x00000000e1d00000, 0x00000000e1e00000|  0%| F|  |TAMS 0x00000000e1d00000| PB 0x00000000e1d00000| Untracked 
|  30|0x00000000e1e00000, 0x00000000e1e00000, 0x00000000e1f00000|  0%| F|  |TAMS 0x00000000e1e00000| PB 0x00000000e1e00000| Untracked 
|  31|0x00000000e1f00000, 0x00000000e1f00000, 0x00000000e2000000|  0%| F|  |TAMS 0x00000000e1f00000| PB 0x00000000e1f00000| Untracked 
|  32|0x00000000e2000000, 0x00000000e2000000, 0x00000000e2100000|  0%| F|  |TAMS 0x00000000e2000000| PB 0x00000000e2000000| Untracked 
|  33|0x00000000e2100000, 0x00000000e2100000, 0x00000000e2200000|  0%| F|  |TAMS 0x00000000e2100000| PB 0x00000000e2100000| Untracked 
|  34|0x00000000e2200000, 0x00000000e2200000, 0x00000000e2300000|  0%| F|  |TAMS 0x00000000e2200000| PB 0x00000000e2200000| Untracked 
|  35|0x00000000e2300000, 0x00000000e2300000, 0x00000000e2400000|  0%| F|  |TAMS 0x00000000e2300000| PB 0x00000000e2300000| Untracked 
|  36|0x00000000e2400000, 0x00000000e2400000, 0x00000000e2500000|  0%| F|  |TAMS 0x00000000e2400000| PB 0x00000000e2400000| Untracked 
|  37|0x00000000e2500000, 0x00000000e2500000, 0x00000000e2600000|  0%| F|  |TAMS 0x00000000e2500000| PB 0x00000000e2500000| Untracked 
|  38|0x00000000e2600000, 0x00000000e2600000, 0x00000000e2700000|  0%| F|  |TAMS 0x00000000e2600000| PB 0x00000000e2600000| Untracked 
|  39|0x00000000e2700000, 0x00000000e2700000, 0x00000000e2800000|  0%| F|  |TAMS 0x00000000e2700000| PB 0x00000000e2700000| Untracked 
|  40|0x00000000e2800000, 0x00000000e2800000, 0x00000000e2900000|  0%| F|  |TAMS 0x00000000e2800000| PB 0x00000000e2800000| Untracked 
|  41|0x00000000e2900000, 0x00000000e2900000, 0x00000000e2a00000|  0%| F|  |TAMS 0x00000000e2900000| PB 0x00000000e2900000| Untracked 
|  42|0x00000000e2a00000, 0x00000000e2a00000, 0x00000000e2b00000|  0%| F|  |TAMS 0x00000000e2a00000| PB 0x00000000e2a00000| Untracked 
|  43|0x00000000e2b00000, 0x00000000e2b00000, 0x00000000e2c00000|  0%| F|  |TAMS 0x00000000e2b00000| PB 0x00000000e2b00000| Untracked 
|  44|0x00000000e2c00000, 0x00000000e2c00000, 0x00000000e2d00000|  0%| F|  |TAMS 0x00000000e2c00000| PB 0x00000000e2c00000| Untracked 
|  45|0x00000000e2d00000, 0x00000000e2d00000, 0x00000000e2e00000|  0%| F|  |TAMS 0x00000000e2d00000| PB 0x00000000e2d00000| Untracked 
|  46|0x00000000e2e00000, 0x00000000e2e00000, 0x00000000e2f00000|  0%| F|  |TAMS 0x00000000e2e00000| PB 0x00000000e2e00000| Untracked 
|  47|0x00000000e2f00000, 0x00000000e2f00000, 0x00000000e3000000|  0%| F|  |TAMS 0x00000000e2f00000| PB 0x00000000e2f00000| Untracked 
|  48|0x00000000e3000000, 0x00000000e3000000, 0x00000000e3100000|  0%| F|  |TAMS 0x00000000e3000000| PB 0x00000000e3000000| Untracked 
|  49|0x00000000e3100000, 0x00000000e3100000, 0x00000000e3200000|  0%| F|  |TAMS 0x00000000e3100000| PB 0x00000000e3100000| Untracked 
|  50|0x00000000e3200000, 0x00000000e3200000, 0x00000000e3300000|  0%| F|  |TAMS 0x00000000e3200000| PB 0x00000000e3200000| Untracked 
|  51|0x00000000e3300000, 0x00000000e3300000, 0x00000000e3400000|  0%| F|  |TAMS 0x00000000e3300000| PB 0x00000000e3300000| Untracked 
|  52|0x00000000e3400000, 0x00000000e3400000, 0x00000000e3500000|  0%| F|  |TAMS 0x00000000e3400000| PB 0x00000000e3400000| Untracked 
|  53|0x00000000e3500000, 0x00000000e3500000, 0x00000000e3600000|  0%| F|  |TAMS 0x00000000e3500000| PB 0x00000000e3500000| Untracked 
|  54|0x00000000e3600000, 0x00000000e3600000, 0x00000000e3700000|  0%| F|  |TAMS 0x00000000e3600000| PB 0x00000000e3600000| Untracked 
|  55|0x00000000e3700000, 0x00000000e3700000, 0x00000000e3800000|  0%| F|  |TAMS 0x00000000e3700000| PB 0x00000000e3700000| Untracked 
|  56|0x00000000e3800000, 0x00000000e3800000, 0x00000000e3900000|  0%| F|  |TAMS 0x00000000e3800000| PB 0x00000000e3800000| Untracked 
|  57|0x00000000e3900000, 0x00000000e3900000, 0x00000000e3a00000|  0%| F|  |TAMS 0x00000000e3900000| PB 0x00000000e3900000| Untracked 
|  58|0x00000000e3a00000, 0x00000000e3a00000, 0x00000000e3b00000|  0%| F|  |TAMS 0x00000000e3a00000| PB 0x00000000e3a00000| Untracked 
|  59|0x00000000e3b00000, 0x00000000e3b00000, 0x00000000e3c00000|  0%| F|  |TAMS 0x00000000e3b00000| PB 0x00000000e3b00000| Untracked 
|  60|0x00000000e3c00000, 0x00000000e3c00000, 0x00000000e3d00000|  0%| F|  |TAMS 0x00000000e3c00000| PB 0x00000000e3c00000| Untracked 
|  61|0x00000000e3d00000, 0x00000000e3d00000, 0x00000000e3e00000|  0%| F|  |TAMS 0x00000000e3d00000| PB 0x00000000e3d00000| Untracked 
|  62|0x00000000e3e00000, 0x00000000e3e00000, 0x00000000e3f00000|  0%| F|  |TAMS 0x00000000e3e00000| PB 0x00000000e3e00000| Untracked 
|  63|0x00000000e3f00000, 0x00000000e3f00000, 0x00000000e4000000|  0%| F|  |TAMS 0x00000000e3f00000| PB 0x00000000e3f00000| Untracked 
|  64|0x00000000e4000000, 0x00000000e4000000, 0x00000000e4100000|  0%| F|  |TAMS 0x00000000e4000000| PB 0x00000000e4000000| Untracked 
|  65|0x00000000e4100000, 0x00000000e4100000, 0x00000000e4200000|  0%| F|  |TAMS 0x00000000e4100000| PB 0x00000000e4100000| Untracked 
|  66|0x00000000e4200000, 0x00000000e4200000, 0x00000000e4300000|  0%| F|  |TAMS 0x00000000e4200000| PB 0x00000000e4200000| Untracked 
|  67|0x00000000e4300000, 0x00000000e4300000, 0x00000000e4400000|  0%| F|  |TAMS 0x00000000e4300000| PB 0x00000000e4300000| Untracked 
|  68|0x00000000e4400000, 0x00000000e4400000, 0x00000000e4500000|  0%| F|  |TAMS 0x00000000e4400000| PB 0x00000000e4400000| Untracked 
|  69|0x00000000e4500000, 0x00000000e4500000, 0x00000000e4600000|  0%| F|  |TAMS 0x00000000e4500000| PB 0x00000000e4500000| Untracked 
|  70|0x00000000e4600000, 0x00000000e4600000, 0x00000000e4700000|  0%| F|  |TAMS 0x00000000e4600000| PB 0x00000000e4600000| Untracked 
|  71|0x00000000e4700000, 0x00000000e4700000, 0x00000000e4800000|  0%| F|  |TAMS 0x00000000e4700000| PB 0x00000000e4700000| Untracked 
|  72|0x00000000e4800000, 0x00000000e4800000, 0x00000000e4900000|  0%| F|  |TAMS 0x00000000e4800000| PB 0x00000000e4800000| Untracked 
|  73|0x00000000e4900000, 0x00000000e4900000, 0x00000000e4a00000|  0%| F|  |TAMS 0x00000000e4900000| PB 0x00000000e4900000| Untracked 
|  74|0x00000000e4a00000, 0x00000000e4a00000, 0x00000000e4b00000|  0%| F|  |TAMS 0x00000000e4a00000| PB 0x00000000e4a00000| Untracked 
|  75|0x00000000e4b00000, 0x00000000e4b00000, 0x00000000e4c00000|  0%| F|  |TAMS 0x00000000e4b00000| PB 0x00000000e4b00000| Untracked 
|  76|0x00000000e4c00000, 0x00000000e4c00000, 0x00000000e4d00000|  0%| F|  |TAMS 0x00000000e4c00000| PB 0x00000000e4c00000| Untracked 
|  77|0x00000000e4d00000, 0x00000000e4d00000, 0x00000000e4e00000|  0%| F|  |TAMS 0x00000000e4d00000| PB 0x00000000e4d00000| Untracked 
|  78|0x00000000e4e00000, 0x00000000e4e00000, 0x00000000e4f00000|  0%| F|  |TAMS 0x00000000e4e00000| PB 0x00000000e4e00000| Untracked 
|  79|0x00000000e4f00000, 0x00000000e4f00000, 0x00000000e5000000|  0%| F|  |TAMS 0x00000000e4f00000| PB 0x00000000e4f00000| Untracked 
|  80|0x00000000e5000000, 0x00000000e5000000, 0x00000000e5100000|  0%| F|  |TAMS 0x00000000e5000000| PB 0x00000000e5000000| Untracked 
|  81|0x00000000e5100000, 0x00000000e5100000, 0x00000000e5200000|  0%| F|  |TAMS 0x00000000e5100000| PB 0x00000000e5100000| Untracked 
|  82|0x00000000e5200000, 0x00000000e5200000, 0x00000000e5300000|  0%| F|  |TAMS 0x00000000e5200000| PB 0x00000000e5200000| Untracked 
|  83|0x00000000e5300000, 0x00000000e5300000, 0x00000000e5400000|  0%| F|  |TAMS 0x00000000e5300000| PB 0x00000000e5300000| Untracked 
|  84|0x00000000e5400000, 0x00000000e5400000, 0x00000000e5500000|  0%| F|  |TAMS 0x00000000e5400000| PB 0x00000000e5400000| Untracked 
|  85|0x00000000e5500000, 0x00000000e5500000, 0x00000000e5600000|  0%| F|  |TAMS 0x00000000e5500000| PB 0x00000000e5500000| Untracked 
|  86|0x00000000e5600000, 0x00000000e5600000, 0x00000000e5700000|  0%| F|  |TAMS 0x00000000e5600000| PB 0x00000000e5600000| Untracked 
|  87|0x00000000e5700000, 0x00000000e5700000, 0x00000000e5800000|  0%| F|  |TAMS 0x00000000e5700000| PB 0x00000000e5700000| Untracked 
|  88|0x00000000e5800000, 0x00000000e5800000, 0x00000000e5900000|  0%| F|  |TAMS 0x00000000e5800000| PB 0x00000000e5800000| Untracked 
|  89|0x00000000e5900000, 0x00000000e5900000, 0x00000000e5a00000|  0%| F|  |TAMS 0x00000000e5900000| PB 0x00000000e5900000| Untracked 
|  90|0x00000000e5a00000, 0x00000000e5a00000, 0x00000000e5b00000|  0%| F|  |TAMS 0x00000000e5a00000| PB 0x00000000e5a00000| Untracked 
|  91|0x00000000e5b00000, 0x00000000e5b00000, 0x00000000e5c00000|  0%| F|  |TAMS 0x00000000e5b00000| PB 0x00000000e5b00000| Untracked 
|  92|0x00000000e5c00000, 0x00000000e5c00000, 0x00000000e5d00000|  0%| F|  |TAMS 0x00000000e5c00000| PB 0x00000000e5c00000| Untracked 
|  93|0x00000000e5d00000, 0x00000000e5d00000, 0x00000000e5e00000|  0%| F|  |TAMS 0x00000000e5d00000| PB 0x00000000e5d00000| Untracked 
|  94|0x00000000e5e00000, 0x00000000e5e00000, 0x00000000e5f00000|  0%| F|  |TAMS 0x00000000e5e00000| PB 0x00000000e5e00000| Untracked 
|  95|0x00000000e5f00000, 0x00000000e5f00000, 0x00000000e6000000|  0%| F|  |TAMS 0x00000000e5f00000| PB 0x00000000e5f00000| Untracked 
|  96|0x00000000e6000000, 0x00000000e6000000, 0x00000000e6100000|  0%| F|  |TAMS 0x00000000e6000000| PB 0x00000000e6000000| Untracked 
|  97|0x00000000e6100000, 0x00000000e6100000, 0x00000000e6200000|  0%| F|  |TAMS 0x00000000e6100000| PB 0x00000000e6100000| Untracked 
|  98|0x00000000e6200000, 0x00000000e6200000, 0x00000000e6300000|  0%| F|  |TAMS 0x00000000e6200000| PB 0x00000000e6200000| Untracked 
|  99|0x00000000e6300000, 0x00000000e6300000, 0x00000000e6400000|  0%| F|  |TAMS 0x00000000e6300000| PB 0x00000000e6300000| Untracked 
| 100|0x00000000e6400000, 0x00000000e6400000, 0x00000000e6500000|  0%| F|  |TAMS 0x00000000e6400000| PB 0x00000000e6400000| Untracked 
| 101|0x00000000e6500000, 0x00000000e6500000, 0x00000000e6600000|  0%| F|  |TAMS 0x00000000e6500000| PB 0x00000000e6500000| Untracked 
| 102|0x00000000e6600000, 0x00000000e6600000, 0x00000000e6700000|  0%| F|  |TAMS 0x00000000e6600000| PB 0x00000000e6600000| Untracked 
| 103|0x00000000e6700000, 0x00000000e6700000, 0x00000000e6800000|  0%| F|  |TAMS 0x00000000e6700000| PB 0x00000000e6700000| Untracked 
| 104|0x00000000e6800000, 0x00000000e6800000, 0x00000000e6900000|  0%| F|  |TAMS 0x00000000e6800000| PB 0x00000000e6800000| Untracked 
| 105|0x00000000e6900000, 0x00000000e6900000, 0x00000000e6a00000|  0%| F|  |TAMS 0x00000000e6900000| PB 0x00000000e6900000| Untracked 
| 106|0x00000000e6a00000, 0x00000000e6a00000, 0x00000000e6b00000|  0%| F|  |TAMS 0x00000000e6a00000| PB 0x00000000e6a00000| Untracked 
| 107|0x00000000e6b00000, 0x00000000e6b00000, 0x00000000e6c00000|  0%| F|  |TAMS 0x00000000e6b00000| PB 0x00000000e6b00000| Untracked 
| 108|0x00000000e6c00000, 0x00000000e6c00000, 0x00000000e6d00000|  0%| F|  |TAMS 0x00000000e6c00000| PB 0x00000000e6c00000| Untracked 
| 109|0x00000000e6d00000, 0x00000000e6d00000, 0x00000000e6e00000|  0%| F|  |TAMS 0x00000000e6d00000| PB 0x00000000e6d00000| Untracked 
| 110|0x00000000e6e00000, 0x00000000e6e00000, 0x00000000e6f00000|  0%| F|  |TAMS 0x00000000e6e00000| PB 0x00000000e6e00000| Untracked 
| 111|0x00000000e6f00000, 0x00000000e6f00000, 0x00000000e7000000|  0%| F|  |TAMS 0x00000000e6f00000| PB 0x00000000e6f00000| Untracked 
| 112|0x00000000e7000000, 0x00000000e7000000, 0x00000000e7100000|  0%| F|  |TAMS 0x00000000e7000000| PB 0x00000000e7000000| Untracked 
| 113|0x00000000e7100000, 0x00000000e7100000, 0x00000000e7200000|  0%| F|  |TAMS 0x00000000e7100000| PB 0x00000000e7100000| Untracked 
| 114|0x00000000e7200000, 0x00000000e7200000, 0x00000000e7300000|  0%| F|  |TAMS 0x00000000e7200000| PB 0x00000000e7200000| Untracked 
| 115|0x00000000e7300000, 0x00000000e7300000, 0x00000000e7400000|  0%| F|  |TAMS 0x00000000e7300000| PB 0x00000000e7300000| Untracked 
| 116|0x00000000e7400000, 0x00000000e7400000, 0x00000000e7500000|  0%| F|  |TAMS 0x00000000e7400000| PB 0x00000000e7400000| Untracked 
| 117|0x00000000e7500000, 0x00000000e7500000, 0x00000000e7600000|  0%| F|  |TAMS 0x00000000e7500000| PB 0x00000000e7500000| Untracked 
| 118|0x00000000e7600000, 0x00000000e7600000, 0x00000000e7700000|  0%| F|  |TAMS 0x00000000e7600000| PB 0x00000000e7600000| Untracked 
| 119|0x00000000e7700000, 0x00000000e7700000, 0x00000000e7800000|  0%| F|  |TAMS 0x00000000e7700000| PB 0x00000000e7700000| Untracked 
| 120|0x00000000e7800000, 0x00000000e7800000, 0x00000000e7900000|  0%| F|  |TAMS 0x00000000e7800000| PB 0x00000000e7800000| Untracked 
| 121|0x00000000e7900000, 0x00000000e7900000, 0x00000000e7a00000|  0%| F|  |TAMS 0x00000000e7900000| PB 0x00000000e7900000| Untracked 
| 122|0x00000000e7a00000, 0x00000000e7a00000, 0x00000000e7b00000|  0%| F|  |TAMS 0x00000000e7a00000| PB 0x00000000e7a00000| Untracked 
| 123|0x00000000e7b00000, 0x00000000e7b00000, 0x00000000e7c00000|  0%| F|  |TAMS 0x00000000e7b00000| PB 0x00000000e7b00000| Untracked 
| 124|0x00000000e7c00000, 0x00000000e7c00000, 0x00000000e7d00000|  0%| F|  |TAMS 0x00000000e7c00000| PB 0x00000000e7c00000| Untracked 
| 125|0x00000000e7d00000, 0x00000000e7d00000, 0x00000000e7e00000|  0%| F|  |TAMS 0x00000000e7d00000| PB 0x00000000e7d00000| Untracked 
| 126|0x00000000e7e00000, 0x00000000e7f00000, 0x00000000e7f00000|100%| E|  |TAMS 0x00000000e7e00000| PB 0x00000000e7e00000| Complete 
| 127|0x00000000e7f00000, 0x00000000e8000000, 0x00000000e8000000|100%| E|CS|TAMS 0x00000000e7f00000| PB 0x00000000e7f00000| Complete 
| 128|0x00000000e8000000, 0x00000000e8100000, 0x00000000e8100000|100%| E|CS|TAMS 0x00000000e8000000| PB 0x00000000e8000000| Complete 
| 129|0x00000000e8100000, 0x00000000e8200000, 0x00000000e8200000|100%| E|CS|TAMS 0x00000000e8100000| PB 0x00000000e8100000| Complete 
| 130|0x00000000e8200000, 0x00000000e8300000, 0x00000000e8300000|100%| E|CS|TAMS 0x00000000e8200000| PB 0x00000000e8200000| Complete 
| 131|0x00000000e8300000, 0x00000000e8400000, 0x00000000e8400000|100%| E|CS|TAMS 0x00000000e8300000| PB 0x00000000e8300000| Complete 
| 132|0x00000000e8400000, 0x00000000e8500000, 0x00000000e8500000|100%| E|CS|TAMS 0x00000000e8400000| PB 0x00000000e8400000| Complete 
| 133|0x00000000e8500000, 0x00000000e8600000, 0x00000000e8600000|100%| E|CS|TAMS 0x00000000e8500000| PB 0x00000000e8500000| Complete 
| 134|0x00000000e8600000, 0x00000000e8700000, 0x00000000e8700000|100%| E|CS|TAMS 0x00000000e8600000| PB 0x00000000e8600000| Complete 
| 135|0x00000000e8700000, 0x00000000e8800000, 0x00000000e8800000|100%| E|CS|TAMS 0x00000000e8700000| PB 0x00000000e8700000| Complete 
| 136|0x00000000e8800000, 0x00000000e8900000, 0x00000000e8900000|100%| E|CS|TAMS 0x00000000e8800000| PB 0x00000000e8800000| Complete 
| 137|0x00000000e8900000, 0x00000000e8a00000, 0x00000000e8a00000|100%| E|CS|TAMS 0x00000000e8900000| PB 0x00000000e8900000| Complete 
| 138|0x00000000e8a00000, 0x00000000e8b00000, 0x00000000e8b00000|100%| E|CS|TAMS 0x00000000e8a00000| PB 0x00000000e8a00000| Complete 
| 139|0x00000000e8b00000, 0x00000000e8c00000, 0x00000000e8c00000|100%| E|CS|TAMS 0x00000000e8b00000| PB 0x00000000e8b00000| Complete 
| 140|0x00000000e8c00000, 0x00000000e8d00000, 0x00000000e8d00000|100%| E|CS|TAMS 0x00000000e8c00000| PB 0x00000000e8c00000| Complete 
| 141|0x00000000e8d00000, 0x00000000e8e00000, 0x00000000e8e00000|100%| E|CS|TAMS 0x00000000e8d00000| PB 0x00000000e8d00000| Complete 
| 142|0x00000000e8e00000, 0x00000000e8f00000, 0x00000000e8f00000|100%| E|CS|TAMS 0x00000000e8e00000| PB 0x00000000e8e00000| Complete 
| 143|0x00000000e8f00000, 0x00000000e9000000, 0x00000000e9000000|100%| E|CS|TAMS 0x00000000e8f00000| PB 0x00000000e8f00000| Complete 
| 144|0x00000000e9000000, 0x00000000e9100000, 0x00000000e9100000|100%| E|CS|TAMS 0x00000000e9000000| PB 0x00000000e9000000| Complete 
| 145|0x00000000e9100000, 0x00000000e9200000, 0x00000000e9200000|100%| E|CS|TAMS 0x00000000e9100000| PB 0x00000000e9100000| Complete 
| 146|0x00000000e9200000, 0x00000000e9300000, 0x00000000e9300000|100%| E|CS|TAMS 0x00000000e9200000| PB 0x00000000e9200000| Complete 
| 147|0x00000000e9300000, 0x00000000e9400000, 0x00000000e9400000|100%| E|CS|TAMS 0x00000000e9300000| PB 0x00000000e9300000| Complete 
| 148|0x00000000e9400000, 0x00000000e9500000, 0x00000000e9500000|100%| E|CS|TAMS 0x00000000e9400000| PB 0x00000000e9400000| Complete 
| 149|0x00000000e9500000, 0x00000000e9600000, 0x00000000e9600000|100%| E|CS|TAMS 0x00000000e9500000| PB 0x00000000e9500000| Complete 
| 150|0x00000000e9600000, 0x00000000e9700000, 0x00000000e9700000|100%| E|CS|TAMS 0x00000000e9600000| PB 0x00000000e9600000| Complete 
| 151|0x00000000e9700000, 0x00000000e9800000, 0x00000000e9800000|100%| E|CS|TAMS 0x00000000e9700000| PB 0x00000000e9700000| Complete 
| 152|0x00000000e9800000, 0x00000000e9900000, 0x00000000e9900000|100%| E|CS|TAMS 0x00000000e9800000| PB 0x00000000e9800000| Complete 
| 153|0x00000000e9900000, 0x00000000e9a00000, 0x00000000e9a00000|100%| E|CS|TAMS 0x00000000e9900000| PB 0x00000000e9900000| Complete 
| 154|0x00000000e9a00000, 0x00000000e9b00000, 0x00000000e9b00000|100%| E|CS|TAMS 0x00000000e9a00000| PB 0x00000000e9a00000| Complete 
| 155|0x00000000e9b00000, 0x00000000e9c00000, 0x00000000e9c00000|100%| E|CS|TAMS 0x00000000e9b00000| PB 0x00000000e9b00000| Complete 
| 156|0x00000000e9c00000, 0x00000000e9d00000, 0x00000000e9d00000|100%| E|CS|TAMS 0x00000000e9c00000| PB 0x00000000e9c00000| Complete 
| 157|0x00000000e9d00000, 0x00000000e9e00000, 0x00000000e9e00000|100%| E|CS|TAMS 0x00000000e9d00000| PB 0x00000000e9d00000| Complete 
| 158|0x00000000e9e00000, 0x00000000e9f00000, 0x00000000e9f00000|100%| E|CS|TAMS 0x00000000e9e00000| PB 0x00000000e9e00000| Complete 
| 159|0x00000000e9f00000, 0x00000000ea000000, 0x00000000ea000000|100%| E|CS|TAMS 0x00000000e9f00000| PB 0x00000000e9f00000| Complete 
| 160|0x00000000ea000000, 0x00000000ea100000, 0x00000000ea100000|100%| E|CS|TAMS 0x00000000ea000000| PB 0x00000000ea000000| Complete 
| 161|0x00000000ea100000, 0x00000000ea200000, 0x00000000ea200000|100%| E|CS|TAMS 0x00000000ea100000| PB 0x00000000ea100000| Complete 
| 162|0x00000000ea200000, 0x00000000ea300000, 0x00000000ea300000|100%| E|CS|TAMS 0x00000000ea200000| PB 0x00000000ea200000| Complete 
| 163|0x00000000ea300000, 0x00000000ea400000, 0x00000000ea400000|100%| E|CS|TAMS 0x00000000ea300000| PB 0x00000000ea300000| Complete 
| 164|0x00000000ea400000, 0x00000000ea500000, 0x00000000ea500000|100%| E|CS|TAMS 0x00000000ea400000| PB 0x00000000ea400000| Complete 
| 165|0x00000000ea500000, 0x00000000ea600000, 0x00000000ea600000|100%| E|CS|TAMS 0x00000000ea500000| PB 0x00000000ea500000| Complete 
| 166|0x00000000ea600000, 0x00000000ea700000, 0x00000000ea700000|100%| E|CS|TAMS 0x00000000ea600000| PB 0x00000000ea600000| Complete 
| 167|0x00000000ea700000, 0x00000000ea800000, 0x00000000ea800000|100%| E|CS|TAMS 0x00000000ea700000| PB 0x00000000ea700000| Complete 
| 168|0x00000000ea800000, 0x00000000ea900000, 0x00000000ea900000|100%| E|CS|TAMS 0x00000000ea800000| PB 0x00000000ea800000| Complete 
| 169|0x00000000ea900000, 0x00000000eaa00000, 0x00000000eaa00000|100%| E|CS|TAMS 0x00000000ea900000| PB 0x00000000ea900000| Complete 
| 170|0x00000000eaa00000, 0x00000000eab00000, 0x00000000eab00000|100%| E|CS|TAMS 0x00000000eaa00000| PB 0x00000000eaa00000| Complete 
| 171|0x00000000eab00000, 0x00000000eac00000, 0x00000000eac00000|100%| E|CS|TAMS 0x00000000eab00000| PB 0x00000000eab00000| Complete 
| 172|0x00000000eac00000, 0x00000000ead00000, 0x00000000ead00000|100%| E|  |TAMS 0x00000000eac00000| PB 0x00000000eac00000| Complete 
| 173|0x00000000ead00000, 0x00000000eae00000, 0x00000000eae00000|100%| E|CS|TAMS 0x00000000ead00000| PB 0x00000000ead00000| Complete 
| 174|0x00000000eae00000, 0x00000000eaf00000, 0x00000000eaf00000|100%| E|CS|TAMS 0x00000000eae00000| PB 0x00000000eae00000| Complete 
| 175|0x00000000eaf00000, 0x00000000eb000000, 0x00000000eb000000|100%| E|CS|TAMS 0x00000000eaf00000| PB 0x00000000eaf00000| Complete 
| 176|0x00000000eb000000, 0x00000000eb100000, 0x00000000eb100000|100%| E|CS|TAMS 0x00000000eb000000| PB 0x00000000eb000000| Complete 
| 177|0x00000000eb100000, 0x00000000eb200000, 0x00000000eb200000|100%| E|CS|TAMS 0x00000000eb100000| PB 0x00000000eb100000| Complete 
| 178|0x00000000eb200000, 0x00000000eb300000, 0x00000000eb300000|100%| E|CS|TAMS 0x00000000eb200000| PB 0x00000000eb200000| Complete 
| 179|0x00000000eb300000, 0x00000000eb400000, 0x00000000eb400000|100%| E|CS|TAMS 0x00000000eb300000| PB 0x00000000eb300000| Complete 
| 180|0x00000000eb400000, 0x00000000eb500000, 0x00000000eb500000|100%| E|CS|TAMS 0x00000000eb400000| PB 0x00000000eb400000| Complete 
| 181|0x00000000eb500000, 0x00000000eb600000, 0x00000000eb600000|100%| E|CS|TAMS 0x00000000eb500000| PB 0x00000000eb500000| Complete 
| 182|0x00000000eb600000, 0x00000000eb700000, 0x00000000eb700000|100%| E|CS|TAMS 0x00000000eb600000| PB 0x00000000eb600000| Complete 
| 183|0x00000000eb700000, 0x00000000eb800000, 0x00000000eb800000|100%| E|CS|TAMS 0x00000000eb700000| PB 0x00000000eb700000| Complete 
| 184|0x00000000eb800000, 0x00000000eb900000, 0x00000000eb900000|100%| E|CS|TAMS 0x00000000eb800000| PB 0x00000000eb800000| Complete 
| 185|0x00000000eb900000, 0x00000000eba00000, 0x00000000eba00000|100%| E|CS|TAMS 0x00000000eb900000| PB 0x00000000eb900000| Complete 
| 186|0x00000000eba00000, 0x00000000ebb00000, 0x00000000ebb00000|100%| E|CS|TAMS 0x00000000eba00000| PB 0x00000000eba00000| Complete 
| 187|0x00000000ebb00000, 0x00000000ebc00000, 0x00000000ebc00000|100%| E|CS|TAMS 0x00000000ebb00000| PB 0x00000000ebb00000| Complete 
| 188|0x00000000ebc00000, 0x00000000ebd00000, 0x00000000ebd00000|100%| E|CS|TAMS 0x00000000ebc00000| PB 0x00000000ebc00000| Complete 
| 189|0x00000000ebd00000, 0x00000000ebe00000, 0x00000000ebe00000|100%| E|CS|TAMS 0x00000000ebd00000| PB 0x00000000ebd00000| Complete 
| 190|0x00000000ebe00000, 0x00000000ebf00000, 0x00000000ebf00000|100%| E|CS|TAMS 0x00000000ebe00000| PB 0x00000000ebe00000| Complete 
| 191|0x00000000ebf00000, 0x00000000ec000000, 0x00000000ec000000|100%| E|CS|TAMS 0x00000000ebf00000| PB 0x00000000ebf00000| Complete 
| 192|0x00000000ec000000, 0x00000000ec100000, 0x00000000ec100000|100%| E|CS|TAMS 0x00000000ec000000| PB 0x00000000ec000000| Complete 
| 193|0x00000000ec100000, 0x00000000ec200000, 0x00000000ec200000|100%| E|CS|TAMS 0x00000000ec100000| PB 0x00000000ec100000| Complete 
| 194|0x00000000ec200000, 0x00000000ec300000, 0x00000000ec300000|100%| E|CS|TAMS 0x00000000ec200000| PB 0x00000000ec200000| Complete 
| 195|0x00000000ec300000, 0x00000000ec400000, 0x00000000ec400000|100%| E|CS|TAMS 0x00000000ec300000| PB 0x00000000ec300000| Complete 
| 196|0x00000000ec400000, 0x00000000ec500000, 0x00000000ec500000|100%| E|CS|TAMS 0x00000000ec400000| PB 0x00000000ec400000| Complete 
| 197|0x00000000ec500000, 0x00000000ec600000, 0x00000000ec600000|100%| E|CS|TAMS 0x00000000ec500000| PB 0x00000000ec500000| Complete 
| 198|0x00000000ec600000, 0x00000000ec700000, 0x00000000ec700000|100%| E|CS|TAMS 0x00000000ec600000| PB 0x00000000ec600000| Complete 
| 199|0x00000000ec700000, 0x00000000ec800000, 0x00000000ec800000|100%| E|CS|TAMS 0x00000000ec700000| PB 0x00000000ec700000| Complete 
| 200|0x00000000ec800000, 0x00000000ec900000, 0x00000000ec900000|100%| E|CS|TAMS 0x00000000ec800000| PB 0x00000000ec800000| Complete 
| 201|0x00000000ec900000, 0x00000000eca00000, 0x00000000eca00000|100%| E|CS|TAMS 0x00000000ec900000| PB 0x00000000ec900000| Complete 
| 202|0x00000000eca00000, 0x00000000ecb00000, 0x00000000ecb00000|100%| E|CS|TAMS 0x00000000eca00000| PB 0x00000000eca00000| Complete 
| 203|0x00000000ecb00000, 0x00000000ecc00000, 0x00000000ecc00000|100%| E|CS|TAMS 0x00000000ecb00000| PB 0x00000000ecb00000| Complete 
| 204|0x00000000ecc00000, 0x00000000ecd00000, 0x00000000ecd00000|100%| E|CS|TAMS 0x00000000ecc00000| PB 0x00000000ecc00000| Complete 
| 205|0x00000000ecd00000, 0x00000000ece00000, 0x00000000ece00000|100%| E|CS|TAMS 0x00000000ecd00000| PB 0x00000000ecd00000| Complete 
| 206|0x00000000ece00000, 0x00000000ecf00000, 0x00000000ecf00000|100%| E|CS|TAMS 0x00000000ece00000| PB 0x00000000ece00000| Complete 
| 207|0x00000000ecf00000, 0x00000000ed000000, 0x00000000ed000000|100%| E|CS|TAMS 0x00000000ecf00000| PB 0x00000000ecf00000| Complete 
| 208|0x00000000ed000000, 0x00000000ed100000, 0x00000000ed100000|100%| E|CS|TAMS 0x00000000ed000000| PB 0x00000000ed000000| Complete 
| 209|0x00000000ed100000, 0x00000000ed200000, 0x00000000ed200000|100%| E|CS|TAMS 0x00000000ed100000| PB 0x00000000ed100000| Complete 
| 210|0x00000000ed200000, 0x00000000ed300000, 0x00000000ed300000|100%| E|CS|TAMS 0x00000000ed200000| PB 0x00000000ed200000| Complete 
| 211|0x00000000ed300000, 0x00000000ed400000, 0x00000000ed400000|100%| E|CS|TAMS 0x00000000ed300000| PB 0x00000000ed300000| Complete 
| 212|0x00000000ed400000, 0x00000000ed500000, 0x00000000ed500000|100%| E|CS|TAMS 0x00000000ed400000| PB 0x00000000ed400000| Complete 
| 213|0x00000000ed500000, 0x00000000ed600000, 0x00000000ed600000|100%| E|CS|TAMS 0x00000000ed500000| PB 0x00000000ed500000| Complete 
| 214|0x00000000ed600000, 0x00000000ed700000, 0x00000000ed700000|100%| E|CS|TAMS 0x00000000ed600000| PB 0x00000000ed600000| Complete 
| 215|0x00000000ed700000, 0x00000000ed800000, 0x00000000ed800000|100%| E|CS|TAMS 0x00000000ed700000| PB 0x00000000ed700000| Complete 
| 216|0x00000000ed800000, 0x00000000ed900000, 0x00000000ed900000|100%| E|CS|TAMS 0x00000000ed800000| PB 0x00000000ed800000| Complete 
| 217|0x00000000ed900000, 0x00000000eda00000, 0x00000000eda00000|100%| E|CS|TAMS 0x00000000ed900000| PB 0x00000000ed900000| Complete 
| 218|0x00000000eda00000, 0x00000000edb00000, 0x00000000edb00000|100%| E|CS|TAMS 0x00000000eda00000| PB 0x00000000eda00000| Complete 
| 219|0x00000000edb00000, 0x00000000edc00000, 0x00000000edc00000|100%| E|CS|TAMS 0x00000000edb00000| PB 0x00000000edb00000| Complete 
| 220|0x00000000edc00000, 0x00000000edd00000, 0x00000000edd00000|100%| E|CS|TAMS 0x00000000edc00000| PB 0x00000000edc00000| Complete 
| 221|0x00000000edd00000, 0x00000000ede00000, 0x00000000ede00000|100%| E|CS|TAMS 0x00000000edd00000| PB 0x00000000edd00000| Complete 
| 222|0x00000000ede00000, 0x00000000edf00000, 0x00000000edf00000|100%| E|CS|TAMS 0x00000000ede00000| PB 0x00000000ede00000| Complete 
| 223|0x00000000edf00000, 0x00000000ee000000, 0x00000000ee000000|100%| E|CS|TAMS 0x00000000edf00000| PB 0x00000000edf00000| Complete 
| 224|0x00000000ee000000, 0x00000000ee100000, 0x00000000ee100000|100%| E|CS|TAMS 0x00000000ee000000| PB 0x00000000ee000000| Complete 
| 225|0x00000000ee100000, 0x00000000ee200000, 0x00000000ee200000|100%| E|CS|TAMS 0x00000000ee100000| PB 0x00000000ee100000| Complete 
| 226|0x00000000ee200000, 0x00000000ee300000, 0x00000000ee300000|100%| E|CS|TAMS 0x00000000ee200000| PB 0x00000000ee200000| Complete 
| 227|0x00000000ee300000, 0x00000000ee400000, 0x00000000ee400000|100%| E|CS|TAMS 0x00000000ee300000| PB 0x00000000ee300000| Complete 
| 228|0x00000000ee400000, 0x00000000ee500000, 0x00000000ee500000|100%| E|CS|TAMS 0x00000000ee400000| PB 0x00000000ee400000| Complete 
| 229|0x00000000ee500000, 0x00000000ee600000, 0x00000000ee600000|100%| E|CS|TAMS 0x00000000ee500000| PB 0x00000000ee500000| Complete 
| 230|0x00000000ee600000, 0x00000000ee700000, 0x00000000ee700000|100%| E|CS|TAMS 0x00000000ee600000| PB 0x00000000ee600000| Complete 
| 231|0x00000000ee700000, 0x00000000ee800000, 0x00000000ee800000|100%| E|CS|TAMS 0x00000000ee700000| PB 0x00000000ee700000| Complete 
| 232|0x00000000ee800000, 0x00000000ee900000, 0x00000000ee900000|100%| E|CS|TAMS 0x00000000ee800000| PB 0x00000000ee800000| Complete 
| 233|0x00000000ee900000, 0x00000000eea00000, 0x00000000eea00000|100%| E|CS|TAMS 0x00000000ee900000| PB 0x00000000ee900000| Complete 
| 234|0x00000000eea00000, 0x00000000eeb00000, 0x00000000eeb00000|100%| E|CS|TAMS 0x00000000eea00000| PB 0x00000000eea00000| Complete 
| 235|0x00000000eeb00000, 0x00000000eec00000, 0x00000000eec00000|100%| E|CS|TAMS 0x00000000eeb00000| PB 0x00000000eeb00000| Complete 
| 236|0x00000000eec00000, 0x00000000eed00000, 0x00000000eed00000|100%| E|CS|TAMS 0x00000000eec00000| PB 0x00000000eec00000| Complete 
| 237|0x00000000eed00000, 0x00000000eee00000, 0x00000000eee00000|100%| E|CS|TAMS 0x00000000eed00000| PB 0x00000000eed00000| Complete 
| 238|0x00000000eee00000, 0x00000000eef00000, 0x00000000eef00000|100%| E|CS|TAMS 0x00000000eee00000| PB 0x00000000eee00000| Complete 
| 239|0x00000000eef00000, 0x00000000ef000000, 0x00000000ef000000|100%| E|CS|TAMS 0x00000000eef00000| PB 0x00000000eef00000| Complete 
| 240|0x00000000ef000000, 0x00000000ef0daea8, 0x00000000ef100000| 85%| S|CS|TAMS 0x00000000ef000000| PB 0x00000000ef000000| Complete 
| 241|0x00000000ef100000, 0x00000000ef200000, 0x00000000ef200000|100%| S|CS|TAMS 0x00000000ef100000| PB 0x00000000ef100000| Complete 
| 242|0x00000000ef200000, 0x00000000ef300000, 0x00000000ef300000|100%| S|CS|TAMS 0x00000000ef200000| PB 0x00000000ef200000| Complete 
| 243|0x00000000ef300000, 0x00000000ef400000, 0x00000000ef400000|100%| S|CS|TAMS 0x00000000ef300000| PB 0x00000000ef300000| Complete 
| 244|0x00000000ef400000, 0x00000000ef500000, 0x00000000ef500000|100%| S|CS|TAMS 0x00000000ef400000| PB 0x00000000ef400000| Complete 
| 245|0x00000000ef500000, 0x00000000ef600000, 0x00000000ef600000|100%| S|CS|TAMS 0x00000000ef500000| PB 0x00000000ef500000| Complete 
| 246|0x00000000ef600000, 0x00000000ef700000, 0x00000000ef700000|100%| S|CS|TAMS 0x00000000ef600000| PB 0x00000000ef600000| Complete 
| 247|0x00000000ef700000, 0x00000000ef800000, 0x00000000ef800000|100%| S|CS|TAMS 0x00000000ef700000| PB 0x00000000ef700000| Complete 
| 248|0x00000000ef800000, 0x00000000ef900000, 0x00000000ef900000|100%| E|CS|TAMS 0x00000000ef800000| PB 0x00000000ef800000| Complete 
| 249|0x00000000ef900000, 0x00000000efa00000, 0x00000000efa00000|100%| E|CS|TAMS 0x00000000ef900000| PB 0x00000000ef900000| Complete 
| 250|0x00000000efa00000, 0x00000000efb00000, 0x00000000efb00000|100%| E|CS|TAMS 0x00000000efa00000| PB 0x00000000efa00000| Complete 
| 251|0x00000000efb00000, 0x00000000efc00000, 0x00000000efc00000|100%| E|CS|TAMS 0x00000000efb00000| PB 0x00000000efb00000| Complete 
| 252|0x00000000efc00000, 0x00000000efd00000, 0x00000000efd00000|100%| E|CS|TAMS 0x00000000efc00000| PB 0x00000000efc00000| Complete 
| 253|0x00000000efd00000, 0x00000000efe00000, 0x00000000efe00000|100%| E|CS|TAMS 0x00000000efd00000| PB 0x00000000efd00000| Complete 
| 254|0x00000000efe00000, 0x00000000eff00000, 0x00000000eff00000|100%| E|CS|TAMS 0x00000000efe00000| PB 0x00000000efe00000| Complete 
| 255|0x00000000eff00000, 0x00000000f0000000, 0x00000000f0000000|100%| E|CS|TAMS 0x00000000eff00000| PB 0x00000000eff00000| Complete 

Card table byte_map: [0x0000015ff8dd0000,0x0000015ff8ed0000] _byte_map_base: 0x0000015ff86d0000

Marking Bits: (CMBitMap*) 0x0000015fe1555560
 Bits: [0x0000015ff8ed0000, 0x0000015ff96d0000)

Polling page: 0x0000015fe0cf0000

Metaspace:

Usage:
  Non-class:     45.65 MB used.
      Class:      7.39 MB used.
       Both:     53.04 MB used.

Virtual space:
  Non-class space:       64.00 MB reserved,      46.44 MB ( 73%) committed,  1 nodes.
      Class space:      320.00 MB reserved,       8.19 MB (  3%) committed,  1 nodes.
             Both:      384.00 MB reserved,      54.62 MB ( 14%) committed. 

Chunk freelists:
   Non-Class:  925.00 KB
       Class:  7.78 MB
        Both:  8.68 MB

MaxMetaspaceSize: 384.00 MB
CompressedClassSpaceSize: 320.00 MB
Initial GC threshold: 21.00 MB
Current GC threshold: 60.62 MB
CDS: on
 - commit_granule_bytes: 65536.
 - commit_granule_words: 8192.
 - virtual_space_node_default_size: 8388608.
 - enlarge_chunks_in_place: 1.
 - use_allocation_guard: 0.


Internal statistics:

num_allocs_failed_limit: 15.
num_arena_births: 2912.
num_arena_deaths: 0.
num_vsnodes_births: 2.
num_vsnodes_deaths: 0.
num_space_committed: 874.
num_space_uncommitted: 0.
num_chunks_returned_to_freelist: 15.
num_chunks_taken_from_freelist: 5195.
num_chunk_merges: 15.
num_chunk_splits: 3357.
num_chunks_enlarged: 2064.
num_inconsistent_stats: 0.

CodeHeap 'non-profiled nmethods': size=120000Kb used=3075Kb max_used=3075Kb free=116924Kb
 bounds [0x0000015ff1470000, 0x0000015ff1780000, 0x0000015ff89a0000]
CodeHeap 'profiled nmethods': size=120000Kb used=10908Kb max_used=10908Kb free=109091Kb
 bounds [0x0000015fe99a0000, 0x0000015fea450000, 0x0000015ff0ed0000]
CodeHeap 'non-nmethods': size=5760Kb used=2809Kb max_used=2866Kb free=2950Kb
 bounds [0x0000015ff0ed0000, 0x0000015ff11b0000, 0x0000015ff1470000]
 total_blobs=6296 nmethods=5379 adapters=821
 compilation: enabled
              stopped_count=0, restarted_count=0
 full_count=0

Compilation events (20 events):
Event: 62.596 Thread 0x0000015ffc293580 5862       3       org.gradle.internal.instantiation.generator.AbstractClassGenerator::generate (58 bytes)
Event: 62.596 Thread 0x0000015ffc293580 nmethod 5862 0x0000015fea43c190 code [0x0000015fea43c380, 0x0000015fea43cac8]
Event: 62.606 Thread 0x0000015ffc293580 5863       3       com.google.common.reflect.TypeResolver$TypeTable::resolve (20 bytes)
Event: 62.606 Thread 0x0000015ffc293580 nmethod 5863 0x0000015fea43cd10 code [0x0000015fea43cee0, 0x0000015fea43d3b8]
Event: 62.611 Thread 0x0000015ffc293580 5865       3       com.google.common.reflect.TypeResolver$TypeTable::resolveInternal (105 bytes)
Event: 62.613 Thread 0x0000015ffc293580 nmethod 5865 0x0000015fea43d510 code [0x0000015fea43d800, 0x0000015fea43e798]
Event: 62.613 Thread 0x0000015ffc293580 5866       3       com.google.common.reflect.TypeResolver::<init> (6 bytes)
Event: 62.613 Thread 0x0000015ffc293580 nmethod 5866 0x0000015fea43ec90 code [0x0000015fea43ee40, 0x0000015fea43f060]
Event: 62.613 Thread 0x0000015ffc293580 5868       3       com.google.common.reflect.TypeResolver::<init> (10 bytes)
Event: 62.613 Thread 0x0000015ffc293580 nmethod 5868 0x0000015fea43f190 code [0x0000015fea43f320, 0x0000015fea43f4d8]
Event: 62.613 Thread 0x0000015ffc293580 5869       3       org.gradle.internal.instantiation.generator.DependencyInjectingInstantiator::verifyParameters (175 bytes)
Event: 62.615 Thread 0x0000015ffc293580 nmethod 5869 0x0000015fea43f590 code [0x0000015fea43f8e0, 0x0000015fea440b50]
Event: 62.616 Thread 0x0000015ffc293580 5870       3       com.google.common.collect.ImmutableSet$CachingAsList::<init> (5 bytes)
Event: 62.616 Thread 0x0000015ffc293580 nmethod 5870 0x0000015fea441210 code [0x0000015fea4413c0, 0x0000015fea441640]
Event: 62.711 Thread 0x0000015ffc293580 5872       3       java.util.concurrent.atomic.AtomicReference::compareAndSet (10 bytes)
Event: 62.713 Thread 0x0000015ffc293580 nmethod 5872 0x0000015fea441790 code [0x0000015fea441a00, 0x0000015fea442558]
Event: 62.714 Thread 0x0000015ffc293580 5873       3       org.gradle.internal.service.DefaultServiceRegistry::serviceRequested (42 bytes)
Event: 62.717 Thread 0x0000015ffc293580 nmethod 5873 0x0000015fea442910 code [0x0000015fea442cc0, 0x0000015fea444548]
Event: 62.718 Thread 0x0000015ffc293580 5874       3       org.gradle.internal.service.DefaultServiceRegistry::noLongerMutable (15 bytes)
Event: 62.720 Thread 0x0000015ffc293580 nmethod 5874 0x0000015fea444e10 code [0x0000015fea4450c0, 0x0000015fea445d40]

GC Heap History (12 events):
Event: 4.517 GC heap before
{Heap before GC invocations=0 (full 0):
 garbage-first heap   total 262144K, used 26624K [0x00000000e0000000, 0x0000000100000000)
  region size 1024K, 23 young (23552K), 0 survivors (0K)
 Metaspace       used 3237K, committed 3328K, reserved 393216K
  class space    used 408K, committed 448K, reserved 327680K
}
Event: 4.680 GC heap after
{Heap after GC invocations=1 (full 0):
 garbage-first heap   total 262144K, used 10666K [0x00000000e0000000, 0x0000000100000000)
  region size 1024K, 3 young (3072K), 3 survivors (3072K)
 Metaspace       used 3237K, committed 3328K, reserved 393216K
  class space    used 408K, committed 448K, reserved 327680K
}
Event: 7.134 GC heap before
{Heap before GC invocations=1 (full 0):
 garbage-first heap   total 262144K, used 39338K [0x00000000e0000000, 0x0000000100000000)
  region size 1024K, 31 young (31744K), 3 survivors (3072K)
 Metaspace       used 4169K, committed 4352K, reserved 393216K
  class space    used 507K, committed 640K, reserved 327680K
}
Event: 7.141 GC heap after
{Heap after GC invocations=2 (full 0):
 garbage-first heap   total 262144K, used 11959K [0x00000000e0000000, 0x0000000100000000)
  region size 1024K, 1 young (1024K), 1 survivors (1024K)
 Metaspace       used 4169K, committed 4352K, reserved 393216K
  class space    used 507K, committed 640K, reserved 327680K
}
Event: 34.519 GC heap before
{Heap before GC invocations=2 (full 0):
 garbage-first heap   total 262144K, used 115383K [0x00000000e0000000, 0x0000000100000000)
  region size 1024K, 103 young (105472K), 1 survivors (1024K)
 Metaspace       used 20856K, committed 21504K, reserved 393216K
  class space    used 3025K, committed 3328K, reserved 327680K
}
Event: 34.571 GC heap after
{Heap after GC invocations=3 (full 0):
 garbage-first heap   total 262144K, used 23835K [0x00000000e0000000, 0x0000000100000000)
  region size 1024K, 13 young (13312K), 13 survivors (13312K)
 Metaspace       used 20856K, committed 21504K, reserved 393216K
  class space    used 3025K, committed 3328K, reserved 327680K
}
Event: 47.004 GC heap before
{Heap before GC invocations=4 (full 0):
 garbage-first heap   total 262144K, used 107803K [0x00000000e0000000, 0x0000000100000000)
  region size 1024K, 97 young (99328K), 13 survivors (13312K)
 Metaspace       used 34768K, committed 35968K, reserved 393216K
  class space    used 4985K, committed 5632K, reserved 327680K
}
Event: 47.046 GC heap after
{Heap after GC invocations=5 (full 0):
 garbage-first heap   total 262144K, used 30521K [0x00000000e0000000, 0x0000000100000000)
  region size 1024K, 8 young (8192K), 8 survivors (8192K)
 Metaspace       used 34768K, committed 35968K, reserved 393216K
  class space    used 4985K, committed 5632K, reserved 327680K
}
Event: 48.166 GC heap before
{Heap before GC invocations=5 (full 0):
 garbage-first heap   total 262144K, used 49977K [0x00000000e0000000, 0x0000000100000000)
  region size 1024K, 28 young (28672K), 8 survivors (8192K)
 Metaspace       used 35100K, committed 36288K, reserved 393216K
  class space    used 5009K, committed 5632K, reserved 327680K
}
Event: 48.181 GC heap after
{Heap after GC invocations=6 (full 0):
 garbage-first heap   total 262144K, used 32216K [0x00000000e0000000, 0x0000000100000000)
  region size 1024K, 9 young (9216K), 9 survivors (9216K)
 Metaspace       used 35100K, committed 36288K, reserved 393216K
  class space    used 5009K, committed 5632K, reserved 327680K
}
Event: 48.612 GC heap before
{Heap before GC invocations=6 (full 0):
 garbage-first heap   total 262144K, used 43480K [0x00000000e0000000, 0x0000000100000000)
  region size 1024K, 17 young (17408K), 9 survivors (9216K)
 Metaspace       used 35456K, committed 36608K, reserved 393216K
  class space    used 5047K, committed 5632K, reserved 327680K
}
Event: 48.620 GC heap after
{Heap after GC invocations=7 (full 0):
 garbage-first heap   total 262144K, used 33643K [0x00000000e0000000, 0x0000000100000000)
  region size 1024K, 8 young (8192K), 8 survivors (8192K)
 Metaspace       used 35456K, committed 36608K, reserved 393216K
  class space    used 5047K, committed 5632K, reserved 327680K
}

Dll operation events (15 events):
Event: 0.045 Loaded shared library C:\Program Files\Java\jdk-21\bin\java.dll
Event: 0.480 Loaded shared library C:\Program Files\Java\jdk-21\bin\jsvml.dll
Event: 0.699 Loaded shared library C:\Program Files\Java\jdk-21\bin\zip.dll
Event: 0.714 Loaded shared library C:\Program Files\Java\jdk-21\bin\instrument.dll
Event: 0.730 Loaded shared library C:\Program Files\Java\jdk-21\bin\net.dll
Event: 0.794 Loaded shared library C:\Program Files\Java\jdk-21\bin\nio.dll
Event: 0.822 Loaded shared library C:\Program Files\Java\jdk-21\bin\zip.dll
Event: 2.763 Loaded shared library C:\Program Files\Java\jdk-21\bin\jimage.dll
Event: 3.038 Loaded shared library C:\Program Files\Java\jdk-21\bin\verify.dll
Event: 3.942 Loaded shared library C:\Users\bayes\.gradle\native\c067742578af261105cb4f569cf0c3c89f3d7b1fecec35dd04571415982c5e48\windows-amd64\native-platform.dll
Event: 3.965 Loaded shared library C:\Users\bayes\.gradle\native\38dada09dfb8b06ba9b0570ebf7e218e3eb74d4ef43ca46872605cf95ebc2f47\windows-amd64\native-platform-file-events.dll
Event: 10.779 Loaded shared library C:\Program Files\Java\jdk-21\bin\management.dll
Event: 10.849 Loaded shared library C:\Program Files\Java\jdk-21\bin\management_ext.dll
Event: 14.531 Loaded shared library C:\Program Files\Java\jdk-21\bin\extnet.dll
Event: 17.408 Loaded shared library C:\Program Files\Java\jdk-21\bin\sunmscapi.dll

Deoptimization events (20 events):
Event: 60.278 Thread 0x0000015ffe459040 Uncommon trap: trap_request=0xffffff45 fr.pc=0x0000015ff163bf8c relative=0x0000000000000cec
Event: 60.278 Thread 0x0000015ffe459040 Uncommon trap: reason=unstable_if action=reinterpret pc=0x0000015ff163bf8c method=java.util.zip.ZipFile.getZipEntry(Ljava/lang/String;I)Ljava/util/zip/ZipEntry; @ 46 c2
Event: 60.278 Thread 0x0000015ffe459040 DEOPT PACKING pc=0x0000015ff163bf8c sp=0x00000055d5ffe740
Event: 60.278 Thread 0x0000015ffe459040 DEOPT UNPACKING pc=0x0000015ff0f246a2 sp=0x00000055d5ffe708 mode 2
Event: 60.405 Thread 0x0000015ffe459040 Uncommon trap: trap_request=0xffffff45 fr.pc=0x0000015ff1742418 relative=0x0000000000000338
Event: 60.408 Thread 0x0000015ffe459040 Uncommon trap: reason=unstable_if action=reinterpret pc=0x0000015ff1742418 method=org.objectweb.asm.MethodWriter.visitVarInsn(II)V @ 116 c2
Event: 60.408 Thread 0x0000015ffe459040 DEOPT PACKING pc=0x0000015ff1742418 sp=0x00000055d5ffe060
Event: 60.409 Thread 0x0000015ffe459040 DEOPT UNPACKING pc=0x0000015ff0f246a2 sp=0x00000055d5ffdff8 mode 2
Event: 60.510 Thread 0x0000015ffe459040 Uncommon trap: trap_request=0xffffff45 fr.pc=0x0000015ff1552fb8 relative=0x0000000000000198
Event: 60.510 Thread 0x0000015ffe459040 Uncommon trap: reason=unstable_if action=reinterpret pc=0x0000015ff1552fb8 method=java.util.zip.CRC32.updateBytesCheck([BII)V @ 1 c2
Event: 60.510 Thread 0x0000015ffe459040 DEOPT PACKING pc=0x0000015ff1552fb8 sp=0x00000055d5ffe370
Event: 60.510 Thread 0x0000015ffe459040 DEOPT UNPACKING pc=0x0000015ff0f246a2 sp=0x00000055d5ffe260 mode 2
Event: 61.000 Thread 0x0000015ffe459040 Uncommon trap: trap_request=0xffffff45 fr.pc=0x0000015ff174c6d8 relative=0x0000000000000618
Event: 61.000 Thread 0x0000015ffe459040 Uncommon trap: reason=unstable_if action=reinterpret pc=0x0000015ff174c6d8 method=org.objectweb.asm.Type.getArgumentsAndReturnSizes(Ljava/lang/String;)I @ 117 c2
Event: 61.000 Thread 0x0000015ffe459040 DEOPT PACKING pc=0x0000015ff174c6d8 sp=0x00000055d5ffdda0
Event: 61.000 Thread 0x0000015ffe459040 DEOPT UNPACKING pc=0x0000015ff0f246a2 sp=0x00000055d5ffdd20 mode 2
Event: 62.499 Thread 0x0000015ffc455a60 Uncommon trap: trap_request=0xffffff45 fr.pc=0x0000015ff16d82dc relative=0x0000000000000c7c
Event: 62.499 Thread 0x0000015ffc455a60 Uncommon trap: reason=unstable_if action=reinterpret pc=0x0000015ff16d82dc method=org.objectweb.asm.Frame.execute(IILorg/objectweb/asm/Symbol;Lorg/objectweb/asm/SymbolTable;)V @ 1 c2
Event: 62.499 Thread 0x0000015ffc455a60 DEOPT PACKING pc=0x0000015ff16d82dc sp=0x00000055d44f58c0
Event: 62.500 Thread 0x0000015ffc455a60 DEOPT UNPACKING pc=0x0000015ff0f246a2 sp=0x00000055d44f5848 mode 2

Classes loaded (20 events):
Event: 62.695 Loading class javax/xml/parsers/DocumentBuilderFactory
Event: 62.696 Loading class javax/xml/parsers/DocumentBuilderFactory done
Event: 62.696 Loading class javax/xml/parsers/FactoryFinder
Event: 62.697 Loading class javax/xml/parsers/FactoryFinder done
Event: 62.697 Loading class javax/xml/parsers/FactoryFinder$1
Event: 62.698 Loading class javax/xml/parsers/FactoryFinder$1 done
Event: 62.699 Loading class com/sun/org/apache/xerces/internal/jaxp/DocumentBuilderFactoryImpl
Event: 62.700 Loading class com/sun/org/apache/xerces/internal/jaxp/DocumentBuilderFactoryImpl done
Event: 62.700 Loading class com/sun/org/apache/xerces/internal/utils/XMLSecurityManager
Event: 62.706 Loading class com/sun/org/apache/xerces/internal/utils/XMLSecurityManager done
Event: 62.706 Loading class com/sun/org/apache/xerces/internal/utils/XMLSecurityManager$Limit
Event: 62.707 Loading class com/sun/org/apache/xerces/internal/utils/XMLSecurityManager$Limit done
Event: 62.709 Loading class com/sun/org/apache/xerces/internal/utils/XMLSecurityManager$NameMap
Event: 62.709 Loading class com/sun/org/apache/xerces/internal/utils/XMLSecurityManager$NameMap done
Event: 62.709 Loading class com/sun/org/apache/xerces/internal/utils/XMLSecurityPropertyManager
Event: 62.710 Loading class com/sun/org/apache/xerces/internal/utils/XMLSecurityPropertyManager done
Event: 62.710 Loading class com/sun/org/apache/xerces/internal/utils/XMLSecurityPropertyManager$State
Event: 62.710 Loading class com/sun/org/apache/xerces/internal/utils/XMLSecurityPropertyManager$State done
Event: 62.710 Loading class com/sun/org/apache/xerces/internal/utils/XMLSecurityPropertyManager$Property
Event: 62.710 Loading class com/sun/org/apache/xerces/internal/utils/XMLSecurityPropertyManager$Property done

Classes unloaded (0 events):
No events

Classes redefined (0 events):
No events

Internal exceptions (20 events):
Event: 55.086 Thread 0x0000015ffc455a60 Exception <a 'java/lang/NoSuchMethodError'{0x00000000eb225fc0}: 'java.lang.Object java.lang.invoke.DirectMethodHandle$Holder.invokeSpecial(java.lang.Object, java.lang.Object, java.lang.Object, java.lang.Object, java.lang.Object, java.lang.Object, int)'> (0x00000000eb225fc0) 
thrown [s\open\src\hotspot\share\interpreter\linkResolver.cpp, line 773]
Event: 55.117 Thread 0x0000015ffc455a60 Exception <a 'java/lang/NoSuchMethodError'{0x00000000eb275798}: 'java.lang.Object java.lang.invoke.DirectMethodHandle$Holder.invokeSpecial(java.lang.Object, java.lang.Object, java.lang.Object, java.lang.Object, java.lang.Object, long)'> (0x00000000eb275798) 
thrown [s\open\src\hotspot\share\interpreter\linkResolver.cpp, line 773]
Event: 55.127 Thread 0x0000015ffc455a60 Exception <a 'java/lang/NoSuchMethodError'{0x00000000eb29f5c8}: 'void java.lang.invoke.DirectMethodHandle$Holder.invokeStatic(java.lang.Object, java.lang.Object, java.lang.Object, int, java.lang.Object)'> (0x00000000eb29f5c8) 
thrown [s\open\src\hotspot\share\interpreter\linkResolver.cpp, line 773]
Event: 55.796 Thread 0x0000015ffc455a60 Exception <a 'sun/nio/fs/WindowsException'{0x00000000eae94458}> (0x00000000eae94458) 
thrown [s\open\src\hotspot\share\prims\jni.cpp, line 520]
Event: 56.121 Thread 0x0000015ffc455a60 Exception <a 'java/lang/NoSuchMethodError'{0x00000000eababba0}: 'void java.lang.invoke.DirectMethodHandle$Holder.invokeVirtual(java.lang.Object, java.lang.Object)'> (0x00000000eababba0) 
thrown [s\open\src\hotspot\share\interpreter\linkResolver.cpp, line 773]
Event: 59.469 Thread 0x0000015ffc455a60 Exception <a 'java/lang/NoSuchMethodError'{0x00000000e9467660}: 'java.lang.Object java.lang.invoke.DirectMethodHandle$Holder.newInvokeSpecial(java.lang.Object, java.lang.Object, java.lang.Object, java.lang.Object, java.lang.Object, java.lang.Object, java.lang.Object, java.lang.Object, java.lang.Object, java.lang.Object, java.lang.Object, java.lang.Object, java.lang.Object)'> (0x00000000e9467660) 
thrown [s\open\src\hotspot\share\interpreter\linkResolver.cpp, line 773]
Event: 59.717 Thread 0x0000015ffc455a60 Exception <a 'java/lang/NoSuchMethodError'{0x00000000e93a03b0}: 'java.lang.Object java.lang.invoke.DirectMethodHandle$Holder.invokeSpecial(java.lang.Object, java.lang.Object, java.lang.Object, java.lang.Object, java.lang.Object, java.lang.Object, java.lang.Object, java.lang.Object, java.lang.Object, java.lang.Object, java.lang.Object, java.lang.Object, java.lang.Object, java.lang.Object, java.lang.Object, java.lang.Object, java.lang.Object, java.lang.Object, java.lang.Object, java.lang.Object, java.lang.Ob
Event: 59.718 Thread 0x0000015ffc455a60 Exception <a 'java/lang/NoSuchMethodError'{0x00000000e93a6640}: 'java.lang.Object java.lang.invoke.DelegatingMethodHandle$Holder.reinvoke_L(java.lang.Object, java.lang.Object, java.lang.Object, java.lang.Object, java.lang.Object, java.lang.Object, java.lang.Object, java.lang.Object, java.lang.Object, java.lang.Object, java.lang.Object, java.lang.Object, java.lang.Object, java.lang.Object, java.lang.Object, java.lang.Object, java.lang.Object, java.lang.Object, java.lang.Object, java.lang.Object, java.lang.O
Event: 59.719 Thread 0x0000015ffc455a60 Exception <a 'java/lang/NoSuchMethodError'{0x00000000e93b1e68}: 'java.lang.Object java.lang.invoke.Invokers$Holder.invoker(java.lang.Object, java.lang.Object, java.lang.Object, java.lang.Object, java.lang.Object, java.lang.Object, java.lang.Object, java.lang.Object, java.lang.Object, java.lang.Object, java.lang.Object, java.lang.Object, java.lang.Object, java.lang.Object, java.lang.Object, java.lang.Object, java.lang.Object, java.lang.Object, java.lang.Object, java.lang.Object, java.lang.Object, java.lang.
Event: 59.721 Thread 0x0000015ffc455a60 Exception <a 'java/lang/NoSuchMethodError'{0x00000000e93b88c8}: 'java.lang.Object java.lang.invoke.DelegatingMethodHandle$Holder.delegate(java.lang.Object, java.lang.Object, java.lang.Object, java.lang.Object, java.lang.Object, java.lang.Object, java.lang.Object, java.lang.Object, java.lang.Object, java.lang.Object, java.lang.Object, java.lang.Object, java.lang.Object, java.lang.Object, java.lang.Object, java.lang.Object, java.lang.Object, java.lang.Object, java.lang.Object, java.lang.Object, java.lang.Obj
Event: 60.161 Thread 0x0000015ffe459040 Exception <a 'sun/nio/fs/WindowsException'{0x00000000e8f2a460}> (0x00000000e8f2a460) 
thrown [s\open\src\hotspot\share\prims\jni.cpp, line 520]
Event: 60.278 Thread 0x0000015ffe459040 Implicit null exception at 0x0000015ff163b371 to 0x0000015ff163bf58
Event: 61.195 Thread 0x0000015ffe459040 Exception <a 'sun/nio/fs/WindowsException'{0x00000000e87a8698}> (0x00000000e87a8698) 
thrown [s\open\src\hotspot\share\prims\jni.cpp, line 520]
Event: 61.197 Thread 0x0000015ffe459040 Exception <a 'sun/nio/fs/WindowsException'{0x00000000e87a88f8}> (0x00000000e87a88f8) 
thrown [s\open\src\hotspot\share\prims\jni.cpp, line 520]
Event: 62.475 Thread 0x0000015ffc455a60 Exception <a 'java/lang/NoSuchMethodError'{0x00000000e805afc0}: 'java.lang.Object java.lang.invoke.DirectMethodHandle$Holder.newInvokeSpecial(java.lang.Object, java.lang.Object, java.lang.Object, java.lang.Object, int)'> (0x00000000e805afc0) 
thrown [s\open\src\hotspot\share\interpreter\linkResolver.cpp, line 773]
Event: 62.482 Thread 0x0000015ffc455a60 Exception <a 'java/lang/NoSuchMethodError'{0x00000000e8060370}: 'java.lang.Object java.lang.invoke.DirectMethodHandle$Holder.invokeSpecial(java.lang.Object, java.lang.Object, java.lang.Object, java.lang.Object, java.lang.Object, int)'> (0x00000000e8060370) 
thrown [s\open\src\hotspot\share\interpreter\linkResolver.cpp, line 773]
Event: 62.483 Thread 0x0000015ffc455a60 Exception <a 'java/lang/NoSuchMethodError'{0x00000000e8065070}: 'java.lang.Object java.lang.invoke.Invokers$Holder.linkToTargetMethod(java.lang.Object, java.lang.Object, java.lang.Object, int, java.lang.Object)'> (0x00000000e8065070) 
thrown [s\open\src\hotspot\share\interpreter\linkResolver.cpp, line 773]
Event: 62.722 Thread 0x0000015ffc455a60 Exception <a 'java/lang/NoSuchMethodError'{0x00000000e7f89ed0}: 'java.lang.Object java.lang.invoke.DirectMethodHandle$Holder.newInvokeSpecial(java.lang.Object, java.lang.Object, java.lang.Object, java.lang.Object, java.lang.Object, java.lang.Object, java.lang.Object, java.lang.Object, java.lang.Object, java.lang.Object, java.lang.Object, java.lang.Object, java.lang.Object, java.lang.Object, java.lang.Object, java.lang.Object)'> (0x00000000e7f89ed0) 
thrown [s\open\src\hotspot\share\interpreter\linkResolver
Event: 62.723 Thread 0x0000015ffc455a60 Exception <a 'java/lang/NoSuchMethodError'{0x00000000e7f90830}: 'java.lang.Object java.lang.invoke.DirectMethodHandle$Holder.invokeSpecial(java.lang.Object, java.lang.Object, java.lang.Object, java.lang.Object, java.lang.Object, java.lang.Object, java.lang.Object, java.lang.Object, java.lang.Object, java.lang.Object, java.lang.Object, java.lang.Object, java.lang.Object, java.lang.Object, java.lang.Object, java.lang.Object, java.lang.Object)'> (0x00000000e7f90830) 
thrown [s\open\src\hotspot\share\interpret
Event: 62.725 Thread 0x0000015ffc455a60 Exception <a 'java/lang/NoSuchMethodError'{0x00000000e7f963c8}: 'java.lang.Object java.lang.invoke.DelegatingMethodHandle$Holder.reinvoke_L(java.lang.Object, java.lang.Object, java.lang.Object, java.lang.Object, java.lang.Object, java.lang.Object, java.lang.Object, java.lang.Object, java.lang.Object, java.lang.Object, java.lang.Object, java.lang.Object, java.lang.Object, java.lang.Object, java.lang.Object, java.lang.Object)'> (0x00000000e7f963c8) 
thrown [s\open\src\hotspot\share\interpreter\linkResolver.c

ZGC Phase Switch (0 events):
No events

VM Operations (20 events):
Event: 56.880 Executing VM operation: HandshakeAllThreads (Deoptimize)
Event: 56.880 Executing VM operation: HandshakeAllThreads (Deoptimize) done
Event: 56.880 Executing VM operation: Cleanup
Event: 56.880 Executing VM operation: Cleanup done
Event: 57.716 Executing VM operation: HandshakeAllThreads (Deoptimize)
Event: 57.716 Executing VM operation: HandshakeAllThreads (Deoptimize) done
Event: 58.717 Executing VM operation: Cleanup
Event: 58.748 Executing VM operation: Cleanup done
Event: 60.201 Executing VM operation: HandshakeAllThreads (HandshakeForDeflation)
Event: 60.202 Executing VM operation: HandshakeAllThreads (HandshakeForDeflation) done
Event: 60.202 Executing VM operation: Cleanup
Event: 60.207 Executing VM operation: Cleanup done
Event: 60.207 Executing VM operation: RendezvousGCThreads
Event: 60.207 Executing VM operation: RendezvousGCThreads done
Event: 60.464 Executing VM operation: HandshakeAllThreads (Deoptimize)
Event: 60.465 Executing VM operation: HandshakeAllThreads (Deoptimize) done
Event: 61.465 Executing VM operation: Cleanup
Event: 61.466 Executing VM operation: Cleanup done
Event: 62.466 Executing VM operation: Cleanup
Event: 62.466 Executing VM operation: Cleanup done

Events (20 events):
Event: 48.681 Thread 0x0000015ffc123c90 flushing nmethod 0x0000015fe9b66910
Event: 48.681 Thread 0x0000015ffc123c90 flushing nmethod 0x0000015fe9b72f90
Event: 48.681 Thread 0x0000015ffc123c90 flushing nmethod 0x0000015fe9bb2590
Event: 48.681 Thread 0x0000015ffc123c90 flushing nmethod 0x0000015fe9bb6290
Event: 48.681 Thread 0x0000015ffc123c90 flushing nmethod 0x0000015fe9bb6a10
Event: 48.681 Thread 0x0000015ffc123c90 flushing nmethod 0x0000015fe9c40d10
Event: 48.681 Thread 0x0000015ffc123c90 flushing nmethod 0x0000015fe9d63590
Event: 48.681 Thread 0x0000015ffc123c90 flushing nmethod 0x0000015fe9e0d210
Event: 48.703 Thread 0x0000015f995acf70 Thread exited: 0x0000015f995acf70
Event: 48.703 Thread 0x0000015ffdf1b050 Thread exited: 0x0000015ffdf1b050
Event: 49.247 Thread 0x0000015ffe457600 Thread added: 0x0000015ffe457600
Event: 49.305 Thread 0x0000015ffe457c90 Thread added: 0x0000015ffe457c90
Event: 49.565 Thread 0x0000015ffcebfa20 Thread added: 0x0000015ffcebfa20
Event: 49.819 Thread 0x0000015ffe45a3f0 Thread added: 0x0000015ffe45a3f0
Event: 50.166 Thread 0x0000015ffcebfa20 Thread exited: 0x0000015ffcebfa20
Event: 52.483 Thread 0x0000015ffe455bc0 Thread added: 0x0000015ffe455bc0
Event: 59.690 Thread 0x0000015ffe456250 Thread added: 0x0000015ffe456250
Event: 60.036 Thread 0x0000015ffe456f70 Thread added: 0x0000015ffe456f70
Event: 60.100 Thread 0x0000015ffe4589b0 Thread added: 0x0000015ffe4589b0
Event: 60.107 Thread 0x0000015ffe459040 Thread added: 0x0000015ffe459040


Dynamic libraries:
0x00007ff6a5460000 - 0x00007ff6a5470000 	C:\Program Files\Java\jdk-21\bin\java.exe
0x00007fff382b0000 - 0x00007fff384c7000 	C:\WINDOWS\SYSTEM32\ntdll.dll
0x00007fff36c40000 - 0x00007fff36d04000 	C:\WINDOWS\System32\KERNEL32.DLL
0x00007fff35630000 - 0x00007fff359e9000 	C:\WINDOWS\System32\KERNELBASE.dll
0x00007fff35d40000 - 0x00007fff35e51000 	C:\WINDOWS\System32\ucrtbase.dll
0x00007fff03f90000 - 0x00007fff03fa9000 	C:\Program Files\Java\jdk-21\bin\jli.dll
0x00007fff37440000 - 0x00007fff374f2000 	C:\WINDOWS\System32\ADVAPI32.dll
0x00007fff366d0000 - 0x00007fff36777000 	C:\WINDOWS\System32\msvcrt.dll
0x00007fff36270000 - 0x00007fff36317000 	C:\WINDOWS\System32\sechost.dll
0x00007fff35c40000 - 0x00007fff35c68000 	C:\WINDOWS\System32\bcrypt.dll
0x00007fff36950000 - 0x00007fff36a64000 	C:\WINDOWS\System32\RPCRT4.dll
0x00007fff377e0000 - 0x00007fff3798e000 	C:\WINDOWS\System32\USER32.dll
0x00007fff35d10000 - 0x00007fff35d36000 	C:\WINDOWS\System32\win32u.dll
0x00007fff37560000 - 0x00007fff37589000 	C:\WINDOWS\System32\GDI32.dll
0x00007fff359f0000 - 0x00007fff35b0b000 	C:\WINDOWS\System32\gdi32full.dll
0x00007fff35c70000 - 0x00007fff35d0a000 	C:\WINDOWS\System32\msvcp_win.dll
0x00007ffeeed20000 - 0x00007ffeeed3b000 	C:\Program Files\Java\jdk-21\bin\VCRUNTIME140.dll
0x00007fff1e840000 - 0x00007fff1ead2000 	C:\WINDOWS\WinSxS\amd64_microsoft.windows.common-controls_6595b64144ccf1df_6.0.22621.4391_none_2715d37f73803e96\COMCTL32.dll
0x00007fff23de0000 - 0x00007fff23dea000 	C:\WINDOWS\SYSTEM32\VERSION.dll
0x00007fff376a0000 - 0x00007fff376d1000 	C:\WINDOWS\System32\IMM32.DLL
0x00007fff22b00000 - 0x00007fff22b0c000 	C:\Program Files\Java\jdk-21\bin\vcruntime140_1.dll
0x00007ffed4650000 - 0x00007ffed46de000 	C:\Program Files\Java\jdk-21\bin\msvcp140.dll
0x00007ffeac0f0000 - 0x00007ffeace03000 	C:\Program Files\Java\jdk-21\bin\server\jvm.dll
0x00007fff37190000 - 0x00007fff37201000 	C:\WINDOWS\System32\WS2_32.dll
0x00007fff35220000 - 0x00007fff3526d000 	C:\WINDOWS\SYSTEM32\POWRPROF.dll
0x00007fff289b0000 - 0x00007fff289e4000 	C:\WINDOWS\SYSTEM32\WINMM.dll
0x00007fff35200000 - 0x00007fff35213000 	C:\WINDOWS\SYSTEM32\UMPDC.dll
0x00007fff345b0000 - 0x00007fff345c8000 	C:\WINDOWS\SYSTEM32\kernel.appcore.dll
0x00007fff211f0000 - 0x00007fff211fa000 	C:\Program Files\Java\jdk-21\bin\jimage.dll
0x00007fff2fe00000 - 0x00007fff30032000 	C:\WINDOWS\SYSTEM32\DBGHELP.DLL
0x00007fff36340000 - 0x00007fff366cf000 	C:\WINDOWS\System32\combase.dll
0x00007fff35fd0000 - 0x00007fff360a7000 	C:\WINDOWS\System32\OLEAUT32.dll
0x00007fff0a480000 - 0x00007fff0a4b2000 	C:\WINDOWS\SYSTEM32\dbgcore.DLL
0x00007fff355b0000 - 0x00007fff3562b000 	C:\WINDOWS\System32\bcryptPrimitives.dll
0x00007fff22ce0000 - 0x00007fff22cef000 	C:\Program Files\Java\jdk-21\bin\instrument.dll
0x00007ffeee760000 - 0x00007ffeee77f000 	C:\Program Files\Java\jdk-21\bin\java.dll
0x00007fff379f0000 - 0x00007fff38266000 	C:\WINDOWS\System32\SHELL32.dll
0x00007fff334a0000 - 0x00007fff33da3000 	C:\WINDOWS\SYSTEM32\windows.storage.dll
0x00007fff33360000 - 0x00007fff3349f000 	C:\WINDOWS\SYSTEM32\wintypes.dll
0x00007fff36b00000 - 0x00007fff36bf9000 	C:\WINDOWS\System32\SHCORE.dll
0x00007fff37990000 - 0x00007fff379ee000 	C:\WINDOWS\System32\shlwapi.dll
0x00007fff354e0000 - 0x00007fff3550b000 	C:\WINDOWS\SYSTEM32\profapi.dll
0x00007ffed1ff0000 - 0x00007ffed20c7000 	C:\Program Files\Java\jdk-21\bin\jsvml.dll
0x00007ffee5f70000 - 0x00007ffee5f88000 	C:\Program Files\Java\jdk-21\bin\zip.dll
0x00007fff1f6d0000 - 0x00007fff1f6e0000 	C:\Program Files\Java\jdk-21\bin\net.dll
0x00007fff2a120000 - 0x00007fff2a256000 	C:\WINDOWS\SYSTEM32\WINHTTP.dll
0x00007fff34a20000 - 0x00007fff34a89000 	C:\WINDOWS\system32\mswsock.dll
0x00007ffee68a0000 - 0x00007ffee68b6000 	C:\Program Files\Java\jdk-21\bin\nio.dll
0x00007fff1ef50000 - 0x00007fff1ef60000 	C:\Program Files\Java\jdk-21\bin\verify.dll
0x00007fff01c30000 - 0x00007fff01c57000 	C:\Users\bayes\.gradle\native\c067742578af261105cb4f569cf0c3c89f3d7b1fecec35dd04571415982c5e48\windows-amd64\native-platform.dll
0x00007ffed2200000 - 0x00007ffed2344000 	C:\Users\bayes\.gradle\native\38dada09dfb8b06ba9b0570ebf7e218e3eb74d4ef43ca46872605cf95ebc2f47\windows-amd64\native-platform-file-events.dll
0x00007fff22cc0000 - 0x00007fff22cca000 	C:\Program Files\Java\jdk-21\bin\management.dll
0x00007fff21150000 - 0x00007fff2115b000 	C:\Program Files\Java\jdk-21\bin\management_ext.dll
0x00007fff368e0000 - 0x00007fff368e8000 	C:\WINDOWS\System32\PSAPI.DLL
0x00007fff34d70000 - 0x00007fff34d8b000 	C:\WINDOWS\SYSTEM32\CRYPTSP.dll
0x00007fff34510000 - 0x00007fff34545000 	C:\WINDOWS\system32\rsaenh.dll
0x00007fff34ac0000 - 0x00007fff34ae8000 	C:\WINDOWS\SYSTEM32\USERENV.dll
0x00007fff34d50000 - 0x00007fff34d5c000 	C:\WINDOWS\SYSTEM32\CRYPTBASE.dll
0x00007fff34010000 - 0x00007fff3403d000 	C:\WINDOWS\SYSTEM32\IPHLPAPI.DLL
0x00007fff36c30000 - 0x00007fff36c39000 	C:\WINDOWS\System32\NSI.dll
0x00007fff1b3e0000 - 0x00007fff1b3e9000 	C:\Program Files\Java\jdk-21\bin\extnet.dll
0x00007fff1f9a0000 - 0x00007fff1f9ae000 	C:\Program Files\Java\jdk-21\bin\sunmscapi.dll
0x00007fff35e60000 - 0x00007fff35fc6000 	C:\WINDOWS\System32\CRYPT32.dll
0x00007fff34ef0000 - 0x00007fff34f1d000 	C:\WINDOWS\SYSTEM32\ncrypt.dll
0x00007fff34eb0000 - 0x00007fff34ee7000 	C:\WINDOWS\SYSTEM32\NTASN1.dll
0x00007fff13660000 - 0x00007fff13668000 	C:\WINDOWS\system32\wshunix.dll
0x00007fff34080000 - 0x00007fff34182000 	C:\WINDOWS\SYSTEM32\DNSAPI.dll
0x00007fff23b70000 - 0x00007fff23b7a000 	C:\Windows\System32\rasadhlp.dll
0x00007fff23b80000 - 0x00007fff23c03000 	C:\WINDOWS\System32\fwpuclnt.dll

dbghelp: loaded successfully - version: 4.0.5 - missing functions: none
symbol engine: initialized successfully - sym options: 0x614 - pdb path: .;C:\Program Files\Java\jdk-21\bin;C:\WINDOWS\SYSTEM32;C:\WINDOWS\WinSxS\amd64_microsoft.windows.common-controls_6595b64144ccf1df_6.0.22621.4391_none_2715d37f73803e96;C:\Program Files\Java\jdk-21\bin\server;C:\Users\bayes\.gradle\native\c067742578af261105cb4f569cf0c3c89f3d7b1fecec35dd04571415982c5e48\windows-amd64;C:\Users\bayes\.gradle\native\38dada09dfb8b06ba9b0570ebf7e218e3eb74d4ef43ca46872605cf95ebc2f47\windows-amd64

VM Arguments:
jvm_args: --add-opens=java.base/java.util=ALL-UNNAMED --add-opens=java.base/java.lang=ALL-UNNAMED --add-opens=java.base/java.lang.invoke=ALL-UNNAMED --add-opens=java.prefs/java.util.prefs=ALL-UNNAMED --add-opens=java.base/java.nio.charset=ALL-UNNAMED --add-opens=java.base/java.net=ALL-UNNAMED --add-opens=java.base/java.util.concurrent.atomic=ALL-UNNAMED -XX:MaxMetaspaceSize=384m -XX:+HeapDumpOnOutOfMemoryError -Xms256m -Xmx512m -Dfile.encoding=utf8 -Duser.country=FR -Duser.language=fr -Duser.variant -javaagent:C:\Users\bayes\.gradle\wrapper\dists\gradle-8.5-bin\5t9huq95ubn472n8rpzujfbqh\gradle-8.5\lib\agents\gradle-instrumentation-agent-8.5.jar 
java_command: org.gradle.launcher.daemon.bootstrap.GradleDaemon 8.5
java_class_path (initial): C:\Users\bayes\.gradle\wrapper\dists\gradle-8.5-bin\5t9huq95ubn472n8rpzujfbqh\gradle-8.5\lib\gradle-launcher-8.5.jar
Launcher Type: SUN_STANDARD

[Global flags]
     intx CICompilerCount                          = 4                                         {product} {ergonomic}
   size_t CompressedClassSpaceSize                 = 335544320                                 {product} {ergonomic}
     uint ConcGCThreads                            = 2                                         {product} {ergonomic}
     uint G1ConcRefinementThreads                  = 8                                         {product} {ergonomic}
   size_t G1HeapRegionSize                         = 1048576                                   {product} {ergonomic}
    uintx GCDrainStackTargetSize                   = 64                                        {product} {ergonomic}
     bool HeapDumpOnOutOfMemoryError               = true                                   {manageable} {command line}
   size_t InitialHeapSize                          = 268435456                                 {product} {command line}
   size_t MarkStackSize                            = 4194304                                   {product} {ergonomic}
   size_t MaxHeapSize                              = 536870912                                 {product} {command line}
   size_t MaxMetaspaceSize                         = 402653184                                 {product} {command line}
   size_t MaxNewSize                               = 321912832                                 {product} {ergonomic}
   size_t MinHeapDeltaBytes                        = 1048576                                   {product} {ergonomic}
   size_t MinHeapSize                              = 268435456                                 {product} {command line}
    uintx NonNMethodCodeHeapSize                   = 5839372                                {pd product} {ergonomic}
    uintx NonProfiledCodeHeapSize                  = 122909434                              {pd product} {ergonomic}
    uintx ProfiledCodeHeapSize                     = 122909434                              {pd product} {ergonomic}
    uintx ReservedCodeCacheSize                    = 251658240                              {pd product} {ergonomic}
     bool SegmentedCodeCache                       = true                                      {product} {ergonomic}
   size_t SoftMaxHeapSize                          = 536870912                              {manageable} {ergonomic}
     bool UseCompressedOops                        = true                           {product lp64_product} {ergonomic}
     bool UseG1GC                                  = true                                      {product} {ergonomic}
     bool UseLargePagesIndividualAllocation        = false                                  {pd product} {ergonomic}

Logging:
Log output configuration:
 #0: stdout all=warning uptime,level,tags foldmultilines=false
 #1: stderr all=off uptime,level,tags foldmultilines=false

Environment Variables:
PATH=C:\Program Files\Common Files\Oracle\Java\javapath;C:\WINDOWS\system32;C:\WINDOWS;C:\WINDOWS\System32\Wbem;C:\WINDOWS\System32\WindowsPowerShell\v1.0\;C:\WINDOWS\System32\OpenSSH\;C:\Program Files\Git\cmd;C:\Program Files\Java\jdk-21\bin;C:\Program Files\OpenSSL-Win64\bin;;C:\Program Files\Docker\Docker\resources\bin;C:\Users\bayes\AppData\Local\Programs\Python\Python313\Scripts\;C:\Users\bayes\AppData\Local\Programs\Python\Python313\;C:\Users\bayes\AppData\Local\Programs\Python\Launcher\;C:\Users\bayes\AppData\Local\Microsoft\WindowsApps;C:\Users\bayes\AppData\Local\Programs\Microsoft VS Code\bin;C:\Program Files\Java\jdk-21\bin;C:\Program Files\Git\bin;C:\Program Files\OpenSSL-Win64\bin;
USERNAME=bayes
OS=Windows_NT
PROCESSOR_IDENTIFIER=Intel64 Family 6 Model 142 Stepping 12, GenuineIntel
TMP=C:\Users\bayes\AppData\Local\Temp
TEMP=C:\Users\bayes\AppData\Local\Temp




Periodic native trim disabled

---------------  S Y S T E M  ---------------

OS:
 Windows 11 , 64 bit Build 22621 (10.0.22621.4391)
OS uptime: 9 days 23:11 hours
Hyper-V role detected

CPU: total 8 (initial active 8) (4 cores per cpu, 2 threads per core) family 6 model 142 stepping 12 microcode 0xf8, cx8, cmov, fxsr, ht, mmx, 3dnowpref, sse, sse2, sse3, ssse3, sse4.1, sse4.2, popcnt, lzcnt, tsc, tscinvbit, avx, avx2, aes, erms, clmul, bmi1, bmi2, adx, fma, vzeroupper, clflush, clflushopt, hv, rdtscp, f16c
Processor Information for processor 0
  Max Mhz: 2208, Current Mhz: 1706, Mhz Limit: 1700
Processor Information for processor 1
  Max Mhz: 2208, Current Mhz: 1706, Mhz Limit: 1700
Processor Information for processor 2
  Max Mhz: 2208, Current Mhz: 1706, Mhz Limit: 1700
Processor Information for processor 3
  Max Mhz: 2208, Current Mhz: 1706, Mhz Limit: 1700
Processor Information for processor 4
  Max Mhz: 2208, Current Mhz: 1706, Mhz Limit: 1700
Processor Information for processor 5
  Max Mhz: 2208, Current Mhz: 1706, Mhz Limit: 1700
Processor Information for processor 6
  Max Mhz: 2208, Current Mhz: 1706, Mhz Limit: 1700
Processor Information for processor 7
  Max Mhz: 2208, Current Mhz: 1505, Mhz Limit: 1700

Memory: 4k page, system-wide physical 7952M (185M free)
TotalPageFile size 32528M (AvailPageFile size 8M)
current process WorkingSet (physical memory assigned to process): 234M, peak: 288M
current process commit charge ("private bytes"): 470M, peak: 473M

vm_info: Java HotSpot(TM) 64-Bit Server VM (21.0.4+8-LTS-274) for windows-amd64 JRE (21.0.4+8-LTS-274), built on 2024-06-05T05:23:33Z by "mach5one" with MS VC++ 17.6 (VS2022)

END.
