#
# A fatal error has been detected by the Java Runtime Environment:
#
#  EXCEPTION_ACCESS_VIOLATION (0xc0000005) at pc=0x00007fff4b4a9ad9, pid=12244, tid=2892
#
# JRE version: OpenJDK Runtime Environment Temurin-17.0.12+7 (17.0.12+7) (build 17.0.12+7)
# Java VM: OpenJDK 64-Bit Server VM Temurin-17.0.12+7 (17.0.12+7, mixed mode, tiered, compressed oops, compressed class ptrs, parallel gc, windows-amd64)
# Problematic frame:
# V  [jvm.dll+0x6a9ad9]
#
# No core dump will be written. Minidumps are not enabled by default on client versions of Windows
#
# If you would like to submit a bug report, please visit:
#   https://github.com/adoptium/adoptium-support/issues
#

---------------  S U M M A R Y ------------

Command Line: --add-modules=ALL-SYSTEM --add-opens=java.base/java.util=ALL-UNNAMED --add-opens=java.base/java.lang=ALL-UNNAMED --add-opens=java.base/sun.nio.fs=ALL-UNNAMED -Declipse.application=org.eclipse.jdt.ls.core.id1 -Dosgi.bundles.defaultStartLevel=4 -Declipse.product=org.eclipse.jdt.ls.core.product -Djava.import.generatesMetadataFilesAtProjectRoot=false -DDetectVMInstallationsJob.disabled=true -Dfile.encoding=utf8 -XX:+UseParallelGC -XX:GCTimeRatio=4 -XX:AdaptiveSizePolicyWeight=90 -Dsun.zip.disableMemoryMapping=true -Xmx1G -Xms100m -Xlog:disable -javaagent:c:\Users\bayes\.vscode\extensions\redhat.java-1.35.0-win32-x64\lombok\lombok-1.18.33.jar -XX:+HeapDumpOnOutOfMemoryError -XX:HeapDumpPath=c:\Users\bayes\AppData\Roaming\Code\User\workspaceStorage\168498a9360cd755819b0a706d5edd1a\redhat.java -Daether.dependencyCollector.impl=bf c:\Users\bayes\.vscode\extensions\redhat.java-1.35.0-win32-x64\server\plugins\org.eclipse.equinox.launcher_1.6.900.v20240613-2009.jar -configuration c:\Users\bayes\AppData\Roaming\Code\User\globalStorage\redhat.java\1.35.0\config_win -data c:\Users\bayes\AppData\Roaming\Code\User\workspaceStorage\168498a9360cd755819b0a706d5edd1a\redhat.java\jdt_ws --pipe=\\.\pipe\lsp-54f3adb772c5e2d734f0312c6c98d819-sock

Host: Intel(R) Core(TM) i5-6300U CPU @ 2.40GHz, 4 cores, 7G,  Windows 10 , 64 bit Build 19041 (10.0.19041.2913)
Time: Thu Sep 26 21:30:26 2024 Paris, Madrid (heure duild 19041 (10.0.19041.2913) elapsed time: 58.212321 seconds (0d 0h 0m 58s)

---------------  T H R E A D  ---------------

Current thread (0x0000017ab01eb560):  JavaThread "C2 CompilerThread0" daemon [_thread_in_native, id=2892, stack(0x000000297ea00000,0x000000297eb00000)]


Current CompileTask:
C2:  58212 8096 % !   4       org.eclipse.jdt.internal.compiler.classfmt.ClassFileReader::<init> @ 786 (2151 bytes)

Stack: [0x000000297ea00000,0x000000297eb00000],  sp=0x000000297eafbc50,  free space=1007k
Native frames: (J=compiled Java code, j=interpreted, Vv=VM code, C=native code)
V  [jvm.dll+0x6a9ad9]
V  [jvm.dll+0x1bd62e]
V  [jvm.dll+0x21aa09]
V  [jvm.dll+0x219cf1]
V  [jvm.dll+0x1a58bd]
V  [jvm.dll+0x229a2d]
V  [jvm.dll+0x227bdc]
V  [jvm.dll+0x7ec1f7]
V  [jvm.dll+0x7e65dc]
V  [jvm.dll+0x67e7f7]
C  [ucrtbase.dll+0x21bb2]
C  [KERNEL32.DLL+0x17614]
C  [ntdll.dll+0x526a1]


siginfo: EXCEPTION_ACCESS_VIOLATION (0xc0000005), reading address 0x000001c54e1df150


Registers:
RAX=0x000000297eafbef0, RBX=0x0000000000000002, RCX=0x0000017acb217050, RDX=0x0000017ab892b888
RSP=0x000000297eafbc50, RBP=0x0000017ab69e1300, RSI=0x0000017ab9137ac0, RDI=0x0000004a82fc80d0
R8 =0x000000297eafc280, R9 =0x0000000000000000, R10=0x0000000000000008, R11=0x0000000000000001
R12=0x000000000000026b, R13=0x0000000000000014, R14=0x000000006c616f47, R15=0x0000017ab69dfec0
RIP=0x00007fff4b4a9ad9, EFLAGS=0x0000000000010202


Register to memory mapping:

RIP=0x00007fff4b4a9ad9 jvm.dll
RAX=0x000000297eafbef0 is pointing into the stack for thread: 0x0000017ab01eb560
RBX=0x0000000000000002 is an unknown value
RCX=0x0000017acb217050 points into unknown readable memory: 0x0000000000000000 | 00 00 00 00 00 00 00 00
RDX=0x0000017ab892b888 points into unknown readable memory: 0x00007fff4b733af8 | f8 3a 73 4b ff 7f 00 00
RSP=0x000000297eafbc50 is pointing into the stack for thread: 0x0000017ab01eb560
RBP=0x0000017ab69e1300 points into unknown readable memory: 0x0000017ab01db970 | 70 b9 1d b0 7a 01 00 00
RSI=0x0000017ab9137ac0 points into unknown readable memory: 0x00007fff4b71f520 | 20 f5 71 4b ff 7f 00 00
RDI=0x0000004a82fc80d0 is an unknown value
R8 =0x000000297eafc280 is pointing into the stack for thread: 0x0000017ab01eb560
R9 =0x0 is NULL
R10=0x0000000000000008 is an unknown value
R11=0x0000000000000001 is an unknown value
R12=0x000000000000026b is an unknown value
R13=0x0000000000000014 is an unknown value
R14=0x000000006c616f47 is an unknown value
R15=0x0000017ab69dfec0 points into unknown readable memory: 0x0000017ab01db970 | 70 b9 1d b0 7a 01 00 00


Top of Stack: (sp=0x000000297eafbc50)
0x000000297eafbc50:   0000017a0000026b 0000017ab892b888
0x000000297eafbc60:   0000017a00000001 0000017ab9137ac0
0x000000297eafbc70:   0000017ab69e1300 0000017ab69dfec0
0x000000297eafbc80:   0000000000000201 00000000ffffffff
0x000000297eafbc90:   0000017ab892b888 0000017ab69dfec0
0x000000297eafbca0:   0000017ab9137ac0 0000000000000020
0x000000297eafbcb0:   0000017ab9580210 00000000000002a3
0x000000297eafbcc0:   0000017ab7628c50 0000000000000df1
0x000000297eafbcd0:   0000017ab7626fe0 0000017ab5f0dd88
0x000000297eafbce0:   0000017ab00ed080 0000017ab00ed050
0x000000297eafbcf0:   0000017ab8284e88 0000017ab01db970
0x000000297eafbd00:   0000017ab7626e90 0000017ab7626fe0
0x000000297eafbd10:   0000017ab762ee78 00000000001d3300
0x000000297eafbd20:   0000000000000000 0000000000000002
0x000000297eafbd30:   000000000000752f 00007fff4afbdcf4
0x000000297eafbd40:   000000000000752f 0000017acb3735e0
0x000000297eafbd50:   0000000000000000 00007fff4b733e28
0x000000297eafbd60:   0000000000000000 000000020000177e
0x000000297eafbd70:   0000001800000018 0000017ab8800f80
0x000000297eafbd80:   0000017ab6bf0000 0000000000000000
0x000000297eafbd90:   0000000000000000 0000000000000000
0x000000297eafbda0:   0000000000000000 00007fff4b7b3308
0x000000297eafbdb0:   0000000000000000 0000000000000000
0x000000297eafbdc0:   0000000000000000 00007fff4b7b3308
0x000000297eafbdd0:   0000000000000000 00007fff4b733e38
0x000000297eafbde0:   0000000000000000 0000017ab788abb0
0x000000297eafbdf0:   00000000000003d8 0000017ab788af98
0x000000297eafbe00:   0000017ab788abc0 0000000000000000
0x000000297eafbe10:   000000297eafc360 000000297eafbf30
0x000000297eafbe20:   000000297eafc280 00007fff4afbd62e
0x000000297eafbe30:   000000297eafc280 0000000000000002
0x000000297eafbe40:   0000002900000014 0000000000000000 

Instructions: (pc=0x00007fff4b4a9ad9)
0x00007fff4b4a99d9:   8b d3 49 8b cf e8 1d 36 fb ff 49 8b 47 10 4c 89
0x00007fff4b4a99e9:   34 07 48 8b bc 24 e0 01 00 00 ff c6 41 3b f5 0f
0x00007fff4b4a99f9:   8c 62 ff ff ff 8b 84 24 e8 01 00 00 4c 8b 74 24
0x00007fff4b4a9a09:   40 ff c0 89 84 24 e8 01 00 00 41 8b 4e 18 3b c1
0x00007fff4b4a9a19:   0f 82 f1 fd ff ff 48 8b 74 24 50 44 8b ac 24 f0
0x00007fff4b4a9a29:   01 00 00 41 8b 46 2c 24 03 3c 02 75 14 49 8b 06
0x00007fff4b4a9a39:   49 8b ce ff 90 f0 00 00 00 41 8b 4e 18 8b f8 eb
0x00007fff4b4a9a49:   02 33 ff bb 01 00 00 00 3b cb 76 47 66 66 66 0f
0x00007fff4b4a9a59:   1f 84 00 00 00 00 00 48 8b 8c 24 e0 01 00 00 3b
0x00007fff4b4a9a69:   fb 4c 8b ce 44 8b c3 0f 95 c0 49 8b d6 88 44 24
0x00007fff4b4a9a79:   30 4c 89 7c 24 28 48 89 6c 24 20 e8 07 e6 ff ff
0x00007fff4b4a9a89:   44 2b e8 ff c3 41 3b 5e 18 72 cc 44 89 ac 24 f0
0x00007fff4b4a9a99:   01 00 00 48 8b bc 24 e0 01 00 00 49 63 4e 28 48
0x00007fff4b4a9aa9:   8b 87 08 01 00 00 8b 14 88 85 d2 0f 84 86 06 00
0x00007fff4b4a9ab9:   00 4c 8b 84 24 e0 01 00 00 44 8b f2 48 69 fa b0
0x00007fff4b4a9ac9:   00 00 00 49 8b 40 70 48 8b 54 24 40 48 8b 48 20
0x00007fff4b4a9ad9:   8b 74 39 30 49 8b c8 e8 6b 07 00 00 48 8b d8 48
0x00007fff4b4a9ae9:   89 44 24 78 44 8b e6 44 8b ee 41 3b 77 08 73 33
0x00007fff4b4a9af9:   49 8b 4f 10 48 83 3c f1 00 74 28 48 8b 14 f1 83
0x00007fff4b4a9b09:   7a 20 00 75 1e 45 33 ff 4c 89 3c f1 3b 75 08 72
0x00007fff4b4a9b19:   0a 8b d6 48 8b cd e8 dc 34 fb ff 48 8b 45 10 4c
0x00007fff4b4a9b29:   89 3c f0 48 8b 4c 24 40 48 8b 01 ff 50 68 4c 8b
0x00007fff4b4a9b39:   bc 24 e0 01 00 00 89 84 24 e8 01 00 00 49 8b 4f
0x00007fff4b4a9b49:   70 48 8b 51 20 8b c8 48 03 d7 e8 88 4e 02 00 44
0x00007fff4b4a9b59:   8b f8 83 f8 01 0f 85 0e 01 00 00 3b 75 08 73 0a
0x00007fff4b4a9b69:   48 8b 4d 10 4a 8b 04 e9 eb 02 33 c0 48 3b c3 0f
0x00007fff4b4a9b79:   84 ae 00 00 00 4c 8b 7c 24 48 48 c7 c0 ff ff ff
0x00007fff4b4a9b89:   ff 4c 8b 74 24 50 48 8b d3 48 8b 7c 24 40 4d 8b
0x00007fff4b4a9b99:   ce 48 8b 8c 24 e0 01 00 00 4c 8b c7 89 44 24 38
0x00007fff4b4a9ba9:   89 74 24 30 4c 89 7c 24 28 48 89 6c 24 20 e8 04
0x00007fff4b4a9bb9:   e9 ff ff 41 8b 4f 08 84 c0 74 2b 3b f1 73 0a 49
0x00007fff4b4a9bc9:   8b 47 10 4a 8b 14 e8 eb 02 33 d2 48 8b cf 4c 8b 


Stack slot to memory mapping:
stack at sp + 0 slots: 0x0000017a0000026b is an unknown value
stack at sp + 1 slots: 0x0000017ab892b888 points into unknown readable memory: 0x00007fff4b733af8 | f8 3a 73 4b ff 7f 00 00
stack at sp + 2 slots: 0x0000017a00000001 is an unknown value
stack at sp + 3 slots: 0x0000017ab9137ac0 points into unknown readable memory: 0x00007fff4b71f520 | 20 f5 71 4b ff 7f 00 00
stack at sp + 4 slots: 0x0000017ab69e1300 points into unknown readable memory: 0x0000017ab01db970 | 70 b9 1d b0 7a 01 00 00
stack at sp + 5 slots: 0x0000017ab69dfec0 points into unknown readable memory: 0x0000017ab01db970 | 70 b9 1d b0 7a 01 00 00
stack at sp + 6 slots: 0x0000000000000201 is an unknown value
stack at sp + 7 slots: 0x00000000ffffffff is an unallocated location in the heap


---------------  P R O C E S S  ---------------

Threads class SMR info:
_java_thread_list=0x0000017ab8e0b900, length=39, elements={
0x0000017a9c3748d0, 0x0000017ab01b5750, 0x0000017ab01b6b70, 0x0000017ab01c9c60,
0x0000017ab01dfe80, 0x0000017ab01e6d10, 0x0000017ab01e8950, 0x0000017ab01eb560,
0x0000017ab5386680, 0x0000017ab5389750, 0x0000017ab5434a30, 0x0000017ab5650600,
0x0000017ab5cf1370, 0x0000017ab5ef11d0, 0x0000017ab5c3e010, 0x0000017ab5f2a340,
0x0000017ab6468c00, 0x0000017ab56f6be0, 0x0000017ab56f3430, 0x0000017ab56f66d0,
0x0000017ab56f4360, 0x0000017ab56f3940, 0x0000017ab56f61c0, 0x0000017ab56f4870,
0x0000017ab56f57a0, 0x0000017ab56f4d80, 0x0000017ab56f5cb0, 0x0000017ab6b4cd50,
0x0000017ab6b49ab0, 0x0000017ab6b495a0, 0x0000017ab6b4b400, 0x0000017ab6b49090,
0x0000017ab6b4b910, 0x0000017ab5491c30, 0x0000017ab6b49fc0, 0x0000017ab6b47230,
0x0000017ab6b4a4d0, 0x0000017ab6b48160, 0x0000017ab6b4a9e0
}

Java Threads: ( => current thread )
  0x0000017a9c3748d0 JavaThread "main" [_thread_blocked, id=2656, stack(0x000000297e100000,0x000000297e200000)]
  0x0000017ab01b5750 JavaThread "Reference Handler" daemon [_thread_blocked, id=3996, stack(0x000000297e400000,0x000000297e500000)]
  0x0000017ab01b6b70 JavaThread "Finalizer" daemon [_thread_blocked, id=4832, stack(0x000000297e500000,0x000000297e600000)]
  0x0000017ab01c9c60 JavaThread "Signal Dispatcher" daemon [_thread_blocked, id=2864, stack(0x000000297e600000,0x000000297e700000)]
  0x0000017ab01dfe80 JavaThread "Attach Listener" daemon [_thread_blocked, id=4544, stack(0x000000297e700000,0x000000297e800000)]
  0x0000017ab01e6d10 JavaThread "Service Thread" daemon [_thread_blocked, id=6256, stack(0x000000297e800000,0x000000297e900000)]
  0x0000017ab01e8950 JavaThread "Monitor Deflation Thread" daemon [_thread_blocked, id=7832, stack(0x000000297e900000,0x000000297ea00000)]
=>0x0000017ab01eb560 JavaThread "C2 CompilerThread0" daemon [_thread_in_native, id=2892, stack(0x000000297ea00000,0x000000297eb00000)]
  0x0000017ab5386680 JavaThread "C1 CompilerThread0" daemon [_thread_blocked, id=8324, stack(0x000000297eb00000,0x000000297ec00000)]
  0x0000017ab5389750 JavaThread "Sweeper thread" daemon [_thread_blocked, id=6540, stack(0x000000297ec00000,0x000000297ed00000)]
  0x0000017ab5434a30 JavaThread "Common-Cleaner" daemon [_thread_blocked, id=3600, stack(0x000000297ed00000,0x000000297ee00000)]
  0x0000017ab5650600 JavaThread "Notification Thread" daemon [_thread_blocked, id=7852, stack(0x000000297ee00000,0x000000297ef00000)]
  0x0000017ab5cf1370 JavaThread "Active Thread: Equinox Container: 33af1913-1f48-4eb4-830b-3ece5e6cbb9f" [_thread_blocked, id=13420, stack(0x000000297f400000,0x000000297f500000)]
  0x0000017ab5ef11d0 JavaThread "Framework Event Dispatcher: Equinox Container: 33af1913-1f48-4eb4-830b-3ece5e6cbb9f" daemon [_thread_blocked, id=11720, stack(0x000000297f300000,0x000000297f400000)]
  0x0000017ab5c3e010 JavaThread "Start Level: Equinox Container: 33af1913-1f48-4eb4-830b-3ece5e6cbb9f" daemon [_thread_blocked, id=5472, stack(0x000000297f500000,0x000000297f600000)]
  0x0000017ab5f2a340 JavaThread "Bundle File Closer" daemon [_thread_blocked, id=6584, stack(0x000000297f600000,0x000000297f700000)]
  0x0000017ab6468c00 JavaThread "SCR Component Actor" daemon [_thread_blocked, id=2832, stack(0x000000297f700000,0x000000297f800000)]
  0x0000017ab56f6be0 JavaThread "Worker-JM" [_thread_blocked, id=11404, stack(0x000000297f900000,0x000000297fa00000)]
  0x0000017ab56f3430 JavaThread "JNA Cleaner" daemon [_thread_blocked, id=13964, stack(0x000000297fa00000,0x000000297fb00000)]
  0x0000017ab56f66d0 JavaThread "Worker-0: Initialize workspace" [_thread_blocked, id=3028, stack(0x000000297fb00000,0x000000297fc00000)]
  0x0000017ab56f4360 JavaThread "Worker-1: Publish Diagnostics" [_thread_blocked, id=2908, stack(0x000000297fc00000,0x000000297fd00000)]
  0x0000017ab56f3940 JavaThread "Worker-2" [_thread_blocked, id=10224, stack(0x000000297fd00000,0x000000297fe00000)]
  0x0000017ab56f61c0 JavaThread "Worker-3" [_thread_blocked, id=12208, stack(0x000000297fe00000,0x000000297ff00000)]
  0x0000017ab56f4870 JavaThread "Java indexing" daemon [_thread_in_Java, id=9936, stack(0x0000002900000000,0x0000002900100000)]
  0x0000017ab56f57a0 JavaThread "Thread-2" daemon [_thread_in_native, id=8844, stack(0x0000002900300000,0x0000002900400000)]
  0x0000017ab56f4d80 JavaThread "Thread-3" daemon [_thread_in_native, id=11828, stack(0x0000002900400000,0x0000002900500000)]
  0x0000017ab56f5cb0 JavaThread "Thread-4" daemon [_thread_in_native, id=3820, stack(0x0000002900500000,0x0000002900600000)]
  0x0000017ab6b4cd50 JavaThread "Thread-5" daemon [_thread_in_native, id=11752, stack(0x0000002900600000,0x0000002900700000)]
  0x0000017ab6b49ab0 JavaThread "Thread-6" daemon [_thread_in_native, id=12604, stack(0x0000002900700000,0x0000002900800000)]
  0x0000017ab6b495a0 JavaThread "pool-2-thread-1" [_thread_blocked, id=1244, stack(0x0000002900800000,0x0000002900900000)]
  0x0000017ab6b4b400 JavaThread "WorkspaceEventsHandler" [_thread_blocked, id=9124, stack(0x0000002900a00000,0x0000002900b00000)]
  0x0000017ab6b49090 JavaThread "pool-1-thread-1" [_thread_blocked, id=11976, stack(0x0000002900b00000,0x0000002900c00000)]
  0x0000017ab6b4b910 JavaThread "pool-3-thread-1" [_thread_blocked, id=12420, stack(0x0000002900900000,0x0000002900a00000)]
  0x0000017ab5491c30 JavaThread "C2 CompilerThread1" daemon [_thread_in_native, id=13012, stack(0x0000002900c00000,0x0000002900d00000)]
  0x0000017ab6b49fc0 JavaThread "Worker-4: Update Installed JREs" [_thread_blocked, id=8572, stack(0x0000002900d00000,0x0000002900e00000)]
  0x0000017ab6b47230 JavaThread "ForkJoinPool.commonPool-worker-1" daemon [_thread_blocked, id=13904, stack(0x0000002900e00000,0x0000002900f00000)]
  0x0000017ab6b4a4d0 JavaThread "ForkJoinPool.commonPool-worker-2" daemon [_thread_blocked, id=13900, stack(0x0000002900f00000,0x0000002901000000)]
  0x0000017ab6b48160 JavaThread "ForkJoinPool.commonPool-worker-3" daemon [_thread_blocked, id=12080, stack(0x0000002901000000,0x0000002901100000)]
  0x0000017ab6b4a9e0 JavaThread "Worker-5" [_thread_blocked, id=13140, stack(0x0000002901100000,0x0000002901200000)]

Other Threads:
  0x0000017ab00ecca0 VMThread "VM Thread" [stack: 0x000000297e300000,0x000000297e400000] [id=9620] _threads_hazard_ptr=0x0000017ab8e0b900
  0x0000017ab5650ae0 WatcherThread [stack: 0x000000297ef00000,0x000000297f000000] [id=956]
  0x0000017a9c38ac70 GCTaskThread "GC Thread#0" [stack: 0x000000297e200000,0x000000297e300000] [id=988]
  0x0000017ab5c3f7b0 GCTaskThread "GC Thread#1" [stack: 0x000000297f000000,0x000000297f100000] [id=10280]
  0x0000017ab5c99030 GCTaskThread "GC Thread#2" [stack: 0x000000297f100000,0x000000297f200000] [id=9000]
  0x0000017ab5c992f0 GCTaskThread "GC Thread#3" [stack: 0x000000297f200000,0x000000297f300000] [id=11724]

Threads with active compile tasks:
C2 CompilerThread0    58384 8096 % !   4       org.eclipse.jdt.internal.compiler.classfmt.ClassFileReader::<init> @ 786 (2151 bytes)
C2 CompilerThread1    58384 8251       4       jdk.internal.jimage.ImageReader$SharedImageReader::makeDirectories (54 bytes)

VM state: synchronizing (normal execution)

VM Mutex/Monitor currently owned by a thread:  ([mutex/lock_event])
[0x0000017a9c370840] Threads_lock - owner thread: 0x0000017ab00ecca0
[0x0000017a9c370cc0] Heap_lock - owner thread: 0x0000017ab56f4360

Heap address: 0x00000000c0000000, size: 1024 MB, Compressed Oops mode: 32-bit

CDS archive(s) not mapped
Compressed class space mapped at: 0x0000000100000000-0x0000000140000000, reserved size: 1073741824
Narrow klass base: 0x0000000000000000, Narrow klass shift: 3, Narrow klass range: 0x140000000

GC Precious Log:
 CPUs: 4 total, 4 available
 Memory: 7854M
 Large Page Support: Disabled
 NUMA Support: Disabled
 Compressed Oops: Enabled (32-bit)
 Alignments: Space 512K, Generation 512K, Heap 2M
 Heap Min Capacity: 100M
 Heap Initial Capacity: 100M
 Heap Max Capacity: 1G
 Pre-touch: Disabled
 Parallel Workers: 4

Heap:
 PSYoungGen      total 18432K, used 18169K [0x00000000eab00000, 0x00000000ebf00000, 0x0000000100000000)
  eden space 16384K, 100% used [0x00000000eab00000,0x00000000ebb00000,0x00000000ebb00000)
  from space 2048K, 87% used [0x00000000ebb00000,0x00000000ebcbe568,0x00000000ebd00000)
  to   space 2048K, 0% used [0x00000000ebd00000,0x00000000ebd00000,0x00000000ebf00000)
 ParOldGen       total 68608K, used 63421K [0x00000000c0000000, 0x00000000c4300000, 0x00000000eab00000)
  object space 68608K, 92% used [0x00000000c0000000,0x00000000c3def630,0x00000000c4300000)
 Metaspace       used 65060K, committed 66368K, reserved 1114112K
  class space    used 6885K, committed 7488K, reserved 1048576K

Card table byte_map: [0x0000017a9bd20000,0x0000017a9bf30000] _byte_map_base: 0x0000017a9b720000

Marking Bits: (ParMarkBitMap*) 0x00007fff4b9a58b0
 Begin Bits: [0x0000017aae020000, 0x0000017aaf020000)
 End Bits:   [0x0000017aaf020000, 0x0000017ab0020000)

Polling page: 0x0000017a9a260000

Metaspace:

Usage:
  Non-class:     56.81 MB used.
      Class:      6.72 MB used.
       Both:     63.54 MB used.

Virtual space:
  Non-class space:       64.00 MB reserved,      57.50 MB ( 90%) committed,  1 nodes.
      Class space:        1.00 GB reserved,       7.31 MB ( <1%) committed,  1 nodes.
             Both:        1.06 GB reserved,      64.81 MB (  6%) committed. 

Chunk freelists:
   Non-Class:  5.78 MB
       Class:  8.67 MB
        Both:  14.45 MB

MaxMetaspaceSize: unlimited
CompressedClassSpaceSize: 1.00 GB
Initial GC threshold: 21.00 MB
Current GC threshold: 97.31 MB
CDS: off
MetaspaceReclaimPolicy: balanced
 - commit_granule_bytes: 65536.
 - commit_granule_words: 8192.
 - virtual_space_node_default_size: 8388608.
 - enlarge_chunks_in_place: 1.
 - new_chunks_are_fully_committed: 0.
 - uncommit_free_chunks: 1.
 - use_allocation_guard: 0.
 - handle_deallocations: 1.


Internal statistics:

num_allocs_failed_limit: 9.
num_arena_births: 670.
num_arena_deaths: 22.
num_vsnodes_births: 2.
num_vsnodes_deaths: 0.
num_space_committed: 1037.
num_space_uncommitted: 0.
num_chunks_returned_to_freelist: 33.
num_chunks_taken_from_freelist: 3293.
num_chunk_merges: 14.
num_chunk_splits: 2046.
num_chunks_enlarged: 1210.
num_inconsistent_stats: 0.

CodeHeap 'non-profiled nmethods': size=120000Kb used=4407Kb max_used=4407Kb free=115592Kb
 bounds [0x0000017aa6af0000, 0x0000017aa6f40000, 0x0000017aae020000]
CodeHeap 'profiled nmethods': size=120000Kb used=16199Kb max_used=16199Kb free=103800Kb
 bounds [0x0000017a9f020000, 0x0000017aa0000000, 0x0000017aa6550000]
CodeHeap 'non-nmethods': size=5760Kb used=1356Kb max_used=1421Kb free=4403Kb
 bounds [0x0000017aa6550000, 0x0000017aa67c0000, 0x0000017aa6af0000]
 total_blobs=8179 nmethods=7478 adapters=612
 compilation: enabled
              stopped_count=0, restarted_count=0
 full_count=0

Compilation events (20 events):
Event: 58.087 Thread 0x0000017ab5386680 8266       3       org.eclipse.jdt.internal.core.JrtPackageFragmentRoot::equals (69 bytes)
Event: 58.088 Thread 0x0000017ab5386680 nmethod 8266 0x0000017a9ffe6b90 code [0x0000017a9ffe6d80, 0x0000017a9ffe7328]
Event: 58.157 Thread 0x0000017ab5386680 8268       3       java.lang.StringConcatHelper::mix (22 bytes)
Event: 58.157 Thread 0x0000017ab5386680 nmethod 8268 0x0000017a9ffe7510 code [0x0000017a9ffe76e0, 0x0000017a9ffe7a48]
Event: 58.157 Thread 0x0000017ab5386680 8269       3       java.lang.StringConcatHelper::prepend (22 bytes)
Event: 58.158 Thread 0x0000017ab5386680 nmethod 8269 0x0000017a9ffe7b90 code [0x0000017a9ffe7d40, 0x0000017a9ffe7ed8]
Event: 58.167 Thread 0x0000017ab5386680 8270       3       org.eclipse.jdt.internal.compiler.classfmt.InnerClassInfo::<init> (55 bytes)
Event: 58.167 Thread 0x0000017ab5386680 nmethod 8270 0x0000017a9ffe7f90 code [0x0000017a9ffe8160, 0x0000017a9ffe8718]
Event: 58.178 Thread 0x0000017ab5386680 8271 %     3       jdk.internal.jimage.ImageReader$SharedImageReader::visitLocation @ 32 (73 bytes)
Event: 58.179 Thread 0x0000017ab5386680 nmethod 8271% 0x0000017a9ffe8990 code [0x0000017a9ffe8c20, 0x0000017a9ffe9a58]
Event: 58.188 Thread 0x0000017ab5386680 8273       2       java.util.TimSort::mergeHi (732 bytes)
Event: 58.190 Thread 0x0000017ab5386680 nmethod 8273 0x0000017a9ffea010 code [0x0000017a9ffea2e0, 0x0000017a9ffeba58]
Event: 58.191 Thread 0x0000017ab5386680 8274       1       org.eclipse.jdt.internal.core.JrtPackageFragmentRoot$JrtModuleKey::image (5 bytes)
Event: 58.191 Thread 0x0000017ab5386680 nmethod 8274 0x0000017aa6f30d90 code [0x0000017aa6f30f20, 0x0000017aa6f30ff8]
Event: 58.192 Thread 0x0000017ab5386680 8275       1       org.eclipse.jdt.internal.core.JrtPackageFragmentRoot$JrtModuleKey::moduleName (5 bytes)
Event: 58.192 Thread 0x0000017ab5386680 nmethod 8275 0x0000017aa6f31090 code [0x0000017aa6f31220, 0x0000017aa6f312f8]
Event: 58.192 Thread 0x0000017ab5386680 8276       1       org.eclipse.jdt.internal.core.JrtPackageFragmentRoot$JrtModuleKey::classNameSubFolder (5 bytes)
Event: 58.192 Thread 0x0000017ab5386680 nmethod 8276 0x0000017aa6f31390 code [0x0000017aa6f31520, 0x0000017aa6f315f8]
Event: 58.192 Thread 0x0000017ab5386680 8277       2       org.eclipse.core.runtime.Status::<init> (48 bytes)
Event: 58.193 Thread 0x0000017ab5386680 nmethod 8277 0x0000017a9ffec210 code [0x0000017a9ffec3e0, 0x0000017a9ffec768]

GC Heap History (20 events):
Event: 56.220 GC heap before
{Heap before GC invocations=39 (full 3):
 PSYoungGen      total 20480K, used 20206K [0x00000000eab00000, 0x00000000ec000000, 0x0000000100000000)
  eden space 19456K, 99% used [0x00000000eab00000,0x00000000ebdfff68,0x00000000ebe00000)
  from space 1024K, 73% used [0x00000000ebe00000,0x00000000ebebb8a8,0x00000000ebf00000)
  to   space 1024K, 0% used [0x00000000ebf00000,0x00000000ebf00000,0x00000000ec000000)
 ParOldGen       total 68608K, used 42714K [0x00000000c0000000, 0x00000000c4300000, 0x00000000eab00000)
  object space 68608K, 62% used [0x00000000c0000000,0x00000000c29b6b08,0x00000000c4300000)
 Metaspace       used 61779K, committed 62912K, reserved 1114112K
  class space    used 6641K, committed 7168K, reserved 1048576K
}
Event: 56.224 GC heap after
{Heap after GC invocations=39 (full 3):
 PSYoungGen      total 18432K, used 1008K [0x00000000eab00000, 0x00000000ec400000, 0x0000000100000000)
  eden space 17408K, 0% used [0x00000000eab00000,0x00000000eab00000,0x00000000ebc00000)
  from space 1024K, 98% used [0x00000000ebf00000,0x00000000ebffc2a8,0x00000000ec000000)
  to   space 3072K, 0% used [0x00000000ebc00000,0x00000000ebc00000,0x00000000ebf00000)
 ParOldGen       total 68608K, used 44250K [0x00000000c0000000, 0x00000000c4300000, 0x00000000eab00000)
  object space 68608K, 64% used [0x00000000c0000000,0x00000000c2b36ba0,0x00000000c4300000)
 Metaspace       used 61779K, committed 62912K, reserved 1114112K
  class space    used 6641K, committed 7168K, reserved 1048576K
}
Event: 56.520 GC heap before
{Heap before GC invocations=40 (full 3):
 PSYoungGen      total 18432K, used 18416K [0x00000000eab00000, 0x00000000ec400000, 0x0000000100000000)
  eden space 17408K, 100% used [0x00000000eab00000,0x00000000ebc00000,0x00000000ebc00000)
  from space 1024K, 98% used [0x00000000ebf00000,0x00000000ebffc2a8,0x00000000ec000000)
  to   space 3072K, 0% used [0x00000000ebc00000,0x00000000ebc00000,0x00000000ebf00000)
 ParOldGen       total 68608K, used 44250K [0x00000000c0000000, 0x00000000c4300000, 0x00000000eab00000)
  object space 68608K, 64% used [0x00000000c0000000,0x00000000c2b36ba0,0x00000000c4300000)
 Metaspace       used 62966K, committed 64064K, reserved 1114112K
  class space    used 6735K, committed 7232K, reserved 1048576K
}
Event: 56.525 GC heap after
{Heap after GC invocations=40 (full 3):
 PSYoungGen      total 20480K, used 3064K [0x00000000eab00000, 0x00000000ec500000, 0x0000000100000000)
  eden space 17408K, 0% used [0x00000000eab00000,0x00000000eab00000,0x00000000ebc00000)
  from space 3072K, 99% used [0x00000000ebc00000,0x00000000ebefe2f8,0x00000000ebf00000)
  to   space 4608K, 0% used [0x00000000ec080000,0x00000000ec080000,0x00000000ec500000)
 ParOldGen       total 68608K, used 45243K [0x00000000c0000000, 0x00000000c4300000, 0x00000000eab00000)
  object space 68608K, 65% used [0x00000000c0000000,0x00000000c2c2ec60,0x00000000c4300000)
 Metaspace       used 62966K, committed 64064K, reserved 1114112K
  class space    used 6735K, committed 7232K, reserved 1048576K
}
Event: 56.910 GC heap before
{Heap before GC invocations=41 (full 3):
 PSYoungGen      total 20480K, used 20472K [0x00000000eab00000, 0x00000000ec500000, 0x0000000100000000)
  eden space 17408K, 100% used [0x00000000eab00000,0x00000000ebc00000,0x00000000ebc00000)
  from space 3072K, 99% used [0x00000000ebc00000,0x00000000ebefe2f8,0x00000000ebf00000)
  to   space 4608K, 0% used [0x00000000ec080000,0x00000000ec080000,0x00000000ec500000)
 ParOldGen       total 68608K, used 45243K [0x00000000c0000000, 0x00000000c4300000, 0x00000000eab00000)
  object space 68608K, 65% used [0x00000000c0000000,0x00000000c2c2ec60,0x00000000c4300000)
 Metaspace       used 63994K, committed 65280K, reserved 1114112K
  class space    used 6820K, committed 7424K, reserved 1048576K
}
Event: 56.915 GC heap after
{Heap after GC invocations=41 (full 3):
 PSYoungGen      total 19968K, used 2214K [0x00000000eab00000, 0x00000000ec300000, 0x0000000100000000)
  eden space 17408K, 0% used [0x00000000eab00000,0x00000000eab00000,0x00000000ebc00000)
  from space 2560K, 86% used [0x00000000ec080000,0x00000000ec2a9a70,0x00000000ec300000)
  to   space 3072K, 0% used [0x00000000ebd00000,0x00000000ebd00000,0x00000000ec000000)
 ParOldGen       total 68608K, used 48097K [0x00000000c0000000, 0x00000000c4300000, 0x00000000eab00000)
  object space 68608K, 70% used [0x00000000c0000000,0x00000000c2ef8650,0x00000000c4300000)
 Metaspace       used 63994K, committed 65280K, reserved 1114112K
  class space    used 6820K, committed 7424K, reserved 1048576K
}
Event: 57.345 GC heap before
{Heap before GC invocations=42 (full 3):
 PSYoungGen      total 19968K, used 19622K [0x00000000eab00000, 0x00000000ec300000, 0x0000000100000000)
  eden space 17408K, 100% used [0x00000000eab00000,0x00000000ebc00000,0x00000000ebc00000)
  from space 2560K, 86% used [0x00000000ec080000,0x00000000ec2a9a70,0x00000000ec300000)
  to   space 3072K, 0% used [0x00000000ebd00000,0x00000000ebd00000,0x00000000ec000000)
 ParOldGen       total 68608K, used 48097K [0x00000000c0000000, 0x00000000c4300000, 0x00000000eab00000)
  object space 68608K, 70% used [0x00000000c0000000,0x00000000c2ef8650,0x00000000c4300000)
 Metaspace       used 64752K, committed 66048K, reserved 1114112K
  class space    used 6875K, committed 7488K, reserved 1048576K
}
Event: 57.349 GC heap after
{Heap after GC invocations=42 (full 3):
 PSYoungGen      total 19456K, used 1616K [0x00000000eab00000, 0x00000000ec100000, 0x0000000100000000)
  eden space 17408K, 0% used [0x00000000eab00000,0x00000000eab00000,0x00000000ebc00000)
  from space 2048K, 78% used [0x00000000ebd00000,0x00000000ebe94070,0x00000000ebf00000)
  to   space 2048K, 0% used [0x00000000ebf00000,0x00000000ebf00000,0x00000000ec100000)
 ParOldGen       total 68608K, used 50098K [0x00000000c0000000, 0x00000000c4300000, 0x00000000eab00000)
  object space 68608K, 73% used [0x00000000c0000000,0x00000000c30eca78,0x00000000c4300000)
 Metaspace       used 64752K, committed 66048K, reserved 1114112K
  class space    used 6875K, committed 7488K, reserved 1048576K
}
Event: 57.730 GC heap before
{Heap before GC invocations=43 (full 3):
 PSYoungGen      total 19456K, used 19024K [0x00000000eab00000, 0x00000000ec100000, 0x0000000100000000)
  eden space 17408K, 100% used [0x00000000eab00000,0x00000000ebc00000,0x00000000ebc00000)
  from space 2048K, 78% used [0x00000000ebd00000,0x00000000ebe94070,0x00000000ebf00000)
  to   space 2048K, 0% used [0x00000000ebf00000,0x00000000ebf00000,0x00000000ec100000)
 ParOldGen       total 68608K, used 50098K [0x00000000c0000000, 0x00000000c4300000, 0x00000000eab00000)
  object space 68608K, 73% used [0x00000000c0000000,0x00000000c30eca78,0x00000000c4300000)
 Metaspace       used 64756K, committed 66048K, reserved 1114112K
  class space    used 6875K, committed 7488K, reserved 1048576K
}
Event: 57.735 GC heap after
{Heap after GC invocations=43 (full 3):
 PSYoungGen      total 18432K, used 2040K [0x00000000eab00000, 0x00000000ec400000, 0x0000000100000000)
  eden space 16384K, 0% used [0x00000000eab00000,0x00000000eab00000,0x00000000ebb00000)
  from space 2048K, 99% used [0x00000000ebf00000,0x00000000ec0fe018,0x00000000ec100000)
  to   space 4096K, 0% used [0x00000000ebb00000,0x00000000ebb00000,0x00000000ebf00000)
 ParOldGen       total 68608K, used 51765K [0x00000000c0000000, 0x00000000c4300000, 0x00000000eab00000)
  object space 68608K, 75% used [0x00000000c0000000,0x00000000c328d6e0,0x00000000c4300000)
 Metaspace       used 64756K, committed 66048K, reserved 1114112K
  class space    used 6875K, committed 7488K, reserved 1048576K
}
Event: 57.857 GC heap before
{Heap before GC invocations=44 (full 3):
 PSYoungGen      total 18432K, used 18424K [0x00000000eab00000, 0x00000000ec400000, 0x0000000100000000)
  eden space 16384K, 100% used [0x00000000eab00000,0x00000000ebb00000,0x00000000ebb00000)
  from space 2048K, 99% used [0x00000000ebf00000,0x00000000ec0fe018,0x00000000ec100000)
  to   space 4096K, 0% used [0x00000000ebb00000,0x00000000ebb00000,0x00000000ebf00000)
 ParOldGen       total 68608K, used 51765K [0x00000000c0000000, 0x00000000c4300000, 0x00000000eab00000)
  object space 68608K, 75% used [0x00000000c0000000,0x00000000c328d6e0,0x00000000c4300000)
 Metaspace       used 64827K, committed 66112K, reserved 1114112K
  class space    used 6879K, committed 7488K, reserved 1048576K
}
Event: 57.861 GC heap after
{Heap after GC invocations=44 (full 3):
 PSYoungGen      total 18432K, used 2024K [0x00000000eab00000, 0x00000000ec100000, 0x0000000100000000)
  eden space 16384K, 0% used [0x00000000eab00000,0x00000000eab00000,0x00000000ebb00000)
  from space 2048K, 98% used [0x00000000ebb00000,0x00000000ebcfa280,0x00000000ebd00000)
  to   space 3072K, 0% used [0x00000000ebe00000,0x00000000ebe00000,0x00000000ec100000)
 ParOldGen       total 68608K, used 53709K [0x00000000c0000000, 0x00000000c4300000, 0x00000000eab00000)
  object space 68608K, 78% used [0x00000000c0000000,0x00000000c3473748,0x00000000c4300000)
 Metaspace       used 64827K, committed 66112K, reserved 1114112K
  class space    used 6879K, committed 7488K, reserved 1048576K
}
Event: 57.940 GC heap before
{Heap before GC invocations=45 (full 3):
 PSYoungGen      total 18432K, used 18408K [0x00000000eab00000, 0x00000000ec100000, 0x0000000100000000)
  eden space 16384K, 100% used [0x00000000eab00000,0x00000000ebb00000,0x00000000ebb00000)
  from space 2048K, 98% used [0x00000000ebb00000,0x00000000ebcfa280,0x00000000ebd00000)
  to   space 3072K, 0% used [0x00000000ebe00000,0x00000000ebe00000,0x00000000ec100000)
 ParOldGen       total 68608K, used 53709K [0x00000000c0000000, 0x00000000c4300000, 0x00000000eab00000)
  object space 68608K, 78% used [0x00000000c0000000,0x00000000c3473748,0x00000000c4300000)
 Metaspace       used 64853K, committed 66112K, reserved 1114112K
  class space    used 6879K, committed 7488K, reserved 1048576K
}
Event: 57.945 GC heap after
{Heap after GC invocations=45 (full 3):
 PSYoungGen      total 17920K, used 1500K [0x00000000eab00000, 0x00000000ebf80000, 0x0000000100000000)
  eden space 16384K, 0% used [0x00000000eab00000,0x00000000eab00000,0x00000000ebb00000)
  from space 1536K, 97% used [0x00000000ebe00000,0x00000000ebf77178,0x00000000ebf80000)
  to   space 2048K, 0% used [0x00000000ebb80000,0x00000000ebb80000,0x00000000ebd80000)
 ParOldGen       total 68608K, used 55632K [0x00000000c0000000, 0x00000000c4300000, 0x00000000eab00000)
  object space 68608K, 81% used [0x00000000c0000000,0x00000000c3654148,0x00000000c4300000)
 Metaspace       used 64853K, committed 66112K, reserved 1114112K
  class space    used 6879K, committed 7488K, reserved 1048576K
}
Event: 58.037 GC heap before
{Heap before GC invocations=46 (full 3):
 PSYoungGen      total 17920K, used 17874K [0x00000000eab00000, 0x00000000ebf80000, 0x0000000100000000)
  eden space 16384K, 99% used [0x00000000eab00000,0x00000000ebafd8d0,0x00000000ebb00000)
  from space 1536K, 97% used [0x00000000ebe00000,0x00000000ebf77178,0x00000000ebf80000)
  to   space 2048K, 0% used [0x00000000ebb80000,0x00000000ebb80000,0x00000000ebd80000)
 ParOldGen       total 68608K, used 55632K [0x00000000c0000000, 0x00000000c4300000, 0x00000000eab00000)
  object space 68608K, 81% used [0x00000000c0000000,0x00000000c3654148,0x00000000c4300000)
 Metaspace       used 64993K, committed 66240K, reserved 1114112K
  class space    used 6883K, committed 7488K, reserved 1048576K
}
Event: 58.041 GC heap after
{Heap after GC invocations=46 (full 3):
 PSYoungGen      total 18432K, used 1738K [0x00000000eab00000, 0x00000000ebf00000, 0x0000000100000000)
  eden space 16384K, 0% used [0x00000000eab00000,0x00000000eab00000,0x00000000ebb00000)
  from space 2048K, 84% used [0x00000000ebb80000,0x00000000ebd32be0,0x00000000ebd80000)
  to   space 1536K, 0% used [0x00000000ebd80000,0x00000000ebd80000,0x00000000ebf00000)
 ParOldGen       total 68608K, used 57054K [0x00000000c0000000, 0x00000000c4300000, 0x00000000eab00000)
  object space 68608K, 83% used [0x00000000c0000000,0x00000000c37b7a68,0x00000000c4300000)
 Metaspace       used 64993K, committed 66240K, reserved 1114112K
  class space    used 6883K, committed 7488K, reserved 1048576K
}
Event: 58.113 GC heap before
{Heap before GC invocations=47 (full 3):
 PSYoungGen      total 18432K, used 18122K [0x00000000eab00000, 0x00000000ebf00000, 0x0000000100000000)
  eden space 16384K, 100% used [0x00000000eab00000,0x00000000ebb00000,0x00000000ebb00000)
  from space 2048K, 84% used [0x00000000ebb80000,0x00000000ebd32be0,0x00000000ebd80000)
  to   space 1536K, 0% used [0x00000000ebd80000,0x00000000ebd80000,0x00000000ebf00000)
 ParOldGen       total 68608K, used 57054K [0x00000000c0000000, 0x00000000c4300000, 0x00000000eab00000)
  object space 68608K, 83% used [0x00000000c0000000,0x00000000c37b7a68,0x00000000c4300000)
 Metaspace       used 65053K, committed 66368K, reserved 1114112K
  class space    used 6885K, committed 7488K, reserved 1048576K
}
Event: 58.120 GC heap after
{Heap after GC invocations=47 (full 3):
 PSYoungGen      total 17920K, used 1472K [0x00000000eab00000, 0x00000000ebf00000, 0x0000000100000000)
  eden space 16384K, 0% used [0x00000000eab00000,0x00000000eab00000,0x00000000ebb00000)
  from space 1536K, 95% used [0x00000000ebd80000,0x00000000ebef0000,0x00000000ebf00000)
  to   space 2048K, 0% used [0x00000000ebb00000,0x00000000ebb00000,0x00000000ebd00000)
 ParOldGen       total 68608K, used 58554K [0x00000000c0000000, 0x00000000c4300000, 0x00000000eab00000)
  object space 68608K, 85% used [0x00000000c0000000,0x00000000c392e940,0x00000000c4300000)
 Metaspace       used 65053K, committed 66368K, reserved 1114112K
  class space    used 6885K, committed 7488K, reserved 1048576K
}
Event: 58.170 GC heap before
{Heap before GC invocations=48 (full 3):
 PSYoungGen      total 17920K, used 17856K [0x00000000eab00000, 0x00000000ebf00000, 0x0000000100000000)
  eden space 16384K, 100% used [0x00000000eab00000,0x00000000ebb00000,0x00000000ebb00000)
  from space 1536K, 95% used [0x00000000ebd80000,0x00000000ebef0000,0x00000000ebf00000)
  to   space 2048K, 0% used [0x00000000ebb00000,0x00000000ebb00000,0x00000000ebd00000)
 ParOldGen       total 68608K, used 58554K [0x00000000c0000000, 0x00000000c4300000, 0x00000000eab00000)
  object space 68608K, 85% used [0x00000000c0000000,0x00000000c392e940,0x00000000c4300000)
 Metaspace       used 65053K, committed 66368K, reserved 1114112K
  class space    used 6885K, committed 7488K, reserved 1048576K
}
Event: 58.176 GC heap after
{Heap after GC invocations=48 (full 3):
 PSYoungGen      total 18432K, used 1770K [0x00000000eab00000, 0x00000000ebf00000, 0x0000000100000000)
  eden space 16384K, 0% used [0x00000000eab00000,0x00000000eab00000,0x00000000ebb00000)
  from space 2048K, 86% used [0x00000000ebb00000,0x00000000ebcbab38,0x00000000ebd00000)
  to   space 2048K, 0% used [0x00000000ebd00000,0x00000000ebd00000,0x00000000ebf00000)
 ParOldGen       total 68608K, used 59963K [0x00000000c0000000, 0x00000000c4300000, 0x00000000eab00000)
  object space 68608K, 87% used [0x00000000c0000000,0x00000000c3a8ede8,0x00000000c4300000)
 Metaspace       used 65053K, committed 66368K, reserved 1114112K
  class space    used 6885K, committed 7488K, reserved 1048576K
}

Dll operation events (10 events):
Event: 0.016 Loaded shared library c:\Users\bayes\.vscode\extensions\redhat.java-1.35.0-win32-x64\jre\17.0.12-win32-x86_64\bin\java.dll
Event: 0.810 Loaded shared library c:\Users\bayes\.vscode\extensions\redhat.java-1.35.0-win32-x64\jre\17.0.12-win32-x86_64\bin\zip.dll
Event: 0.815 Loaded shared library C:\Users\bayes\.vscode\extensions\redhat.java-1.35.0-win32-x64\jre\17.0.12-win32-x86_64\bin\instrument.dll
Event: 0.835 Loaded shared library C:\Users\bayes\.vscode\extensions\redhat.java-1.35.0-win32-x64\jre\17.0.12-win32-x86_64\bin\net.dll
Event: 0.839 Loaded shared library C:\Users\bayes\.vscode\extensions\redhat.java-1.35.0-win32-x64\jre\17.0.12-win32-x86_64\bin\nio.dll
Event: 0.867 Loaded shared library C:\Users\bayes\.vscode\extensions\redhat.java-1.35.0-win32-x64\jre\17.0.12-win32-x86_64\bin\zip.dll
Event: 0.917 Loaded shared library C:\Users\bayes\.vscode\extensions\redhat.java-1.35.0-win32-x64\jre\17.0.12-win32-x86_64\bin\jimage.dll
Event: 1.075 Loaded shared library c:\Users\bayes\.vscode\extensions\redhat.java-1.35.0-win32-x64\jre\17.0.12-win32-x86_64\bin\verify.dll
Event: 4.074 Loaded shared library C:\Users\bayes\AppData\Roaming\Code\User\globalStorage\redhat.java\1.35.0\config_win\org.eclipse.equinox.launcher\org.eclipse.equinox.launcher.win32.win32.x86_64_1.2.1100.v20240722-2106\eclipse_11904.dll
Event: 8.841 Loaded shared library C:\Users\bayes\AppData\Local\Temp\jna-93514312\jna5069526527657016484.dll

Deoptimization events (20 events):
Event: 57.872 Thread 0x0000017ab56f4870 DEOPT PACKING pc=0x0000017a9fd5d47d sp=0x00000029000fe400
Event: 57.872 Thread 0x0000017ab56f4870 DEOPT UNPACKING pc=0x0000017aa65a6e43 sp=0x00000029000fd990 mode 0
Event: 57.964 Thread 0x0000017ab56f4870 DEOPT PACKING pc=0x0000017a9fd5d47d sp=0x00000029000fe400
Event: 57.964 Thread 0x0000017ab56f4870 DEOPT UNPACKING pc=0x0000017aa65a6e43 sp=0x00000029000fd990 mode 0
Event: 57.996 Thread 0x0000017ab6b48160 DEOPT PACKING pc=0x0000017a9fd5d47d sp=0x00000029010fd740
Event: 57.996 Thread 0x0000017ab6b48160 DEOPT UNPACKING pc=0x0000017aa65a6e43 sp=0x00000029010fccd0 mode 0
Event: 58.019 Thread 0x0000017ab6b49fc0 DEOPT PACKING pc=0x0000017a9fd5d47d sp=0x0000002900dfd8a0
Event: 58.019 Thread 0x0000017ab6b49fc0 DEOPT UNPACKING pc=0x0000017aa65a6e43 sp=0x0000002900dfce30 mode 0
Event: 58.024 Thread 0x0000017ab6b49fc0 Uncommon trap: trap_request=0xffffffbe fr.pc=0x0000017aa6ea3920 relative=0x0000000000000840
Event: 58.024 Thread 0x0000017ab6b49fc0 Uncommon trap: reason=profile_predicate action=maybe_recompile pc=0x0000017aa6ea3920 method=org.eclipse.jdt.internal.compiler.util.SimpleLookupTable.put(Ljava/lang/Object;Ljava/lang/Object;)Ljava/lang/Object; @ 61 c2
Event: 58.024 Thread 0x0000017ab6b49fc0 DEOPT PACKING pc=0x0000017aa6ea3920 sp=0x0000002900dfe960
Event: 58.024 Thread 0x0000017ab6b49fc0 DEOPT UNPACKING pc=0x0000017aa65a66a3 sp=0x0000002900dfe918 mode 2
Event: 58.041 Thread 0x0000017ab56f4360 DEOPT PACKING pc=0x0000017a9fd5d47d sp=0x000000297fcfe0b0
Event: 58.041 Thread 0x0000017ab56f4360 DEOPT UNPACKING pc=0x0000017aa65a6e43 sp=0x000000297fcfd640 mode 0
Event: 58.080 Thread 0x0000017ab6b48160 DEOPT PACKING pc=0x0000017a9fd5d47d sp=0x00000029010fd5c0
Event: 58.080 Thread 0x0000017ab6b48160 DEOPT UNPACKING pc=0x0000017aa65a6e43 sp=0x00000029010fcb50 mode 0
Event: 58.155 Thread 0x0000017ab56f4870 DEOPT PACKING pc=0x0000017a9fde6363 sp=0x00000029000fe450
Event: 58.156 Thread 0x0000017ab56f4870 DEOPT UNPACKING pc=0x0000017aa65a6e43 sp=0x00000029000fd9b8 mode 0
Event: 58.167 Thread 0x0000017ab56f4870 DEOPT PACKING pc=0x0000017a9fde6363 sp=0x00000029000fe450
Event: 58.167 Thread 0x0000017ab56f4870 DEOPT UNPACKING pc=0x0000017aa65a6e43 sp=0x00000029000fd9b8 mode 0

Classes loaded (20 events):
Event: 56.760 Loading class sun/nio/fs/WindowsFileCopy
Event: 56.761 Loading class sun/nio/fs/WindowsFileCopy done
Event: 56.770 Loading class java/util/concurrent/CompletableFuture$UniApply
Event: 56.770 Loading class java/util/concurrent/CompletableFuture$UniCompletion
Event: 56.770 Loading class java/util/concurrent/CompletableFuture$UniCompletion done
Event: 56.770 Loading class java/util/concurrent/CompletableFuture$UniApply done
Event: 56.773 Loading class java/util/concurrent/ForkJoinPool$DefaultCommonPoolForkJoinWorkerThreadFactory$1
Event: 56.773 Loading class java/util/concurrent/ForkJoinPool$DefaultCommonPoolForkJoinWorkerThreadFactory$1 done
Event: 56.778 Loading class java/util/concurrent/CompletableFuture$UniAccept
Event: 56.778 Loading class java/util/concurrent/CompletableFuture$UniAccept done
Event: 56.778 Loading class java/util/concurrent/CompletableFuture$UniExceptionally
Event: 56.778 Loading class java/util/concurrent/CompletableFuture$UniExceptionally done
Event: 56.995 Loading class java/util/Hashtable$KeySet
Event: 56.995 Loading class java/util/Hashtable$KeySet done
Event: 58.034 Loading class java/io/FileReader
Event: 58.034 Loading class java/io/FileReader done
Event: 58.035 Loading class java/lang/UnsupportedClassVersionError
Event: 58.035 Loading class java/lang/UnsupportedClassVersionError done
Event: 58.069 Loading class jdk/internal/reflect/UnsafeQualifiedStaticIntegerFieldAccessorImpl
Event: 58.070 Loading class jdk/internal/reflect/UnsafeQualifiedStaticIntegerFieldAccessorImpl done

Classes unloaded (11 events):
Event: 13.863 Thread 0x0000017ab00ecca0 Unloading class 0x0000000100365400 'java/lang/invoke/LambdaForm$MH+0x0000000100365400'
Event: 13.863 Thread 0x0000017ab00ecca0 Unloading class 0x000000010035bc00 'java/lang/invoke/LambdaForm$MH+0x000000010035bc00'
Event: 13.863 Thread 0x0000017ab00ecca0 Unloading class 0x000000010035b400 'java/lang/invoke/LambdaForm$MH+0x000000010035b400'
Event: 13.863 Thread 0x0000017ab00ecca0 Unloading class 0x000000010035ac00 'java/lang/invoke/LambdaForm$MH+0x000000010035ac00'
Event: 13.863 Thread 0x0000017ab00ecca0 Unloading class 0x0000000100250400 'java/lang/invoke/LambdaForm$MH+0x0000000100250400'
Event: 13.863 Thread 0x0000017ab00ecca0 Unloading class 0x0000000100250000 'java/lang/invoke/LambdaForm$MH+0x0000000100250000'
Event: 13.863 Thread 0x0000017ab00ecca0 Unloading class 0x000000010024bc00 'java/lang/invoke/LambdaForm$MH+0x000000010024bc00'
Event: 13.863 Thread 0x0000017ab00ecca0 Unloading class 0x000000010024b800 'java/lang/invoke/LambdaForm$MH+0x000000010024b800'
Event: 13.863 Thread 0x0000017ab00ecca0 Unloading class 0x000000010024b400 'java/lang/invoke/LambdaForm$BMH+0x000000010024b400'
Event: 13.863 Thread 0x0000017ab00ecca0 Unloading class 0x000000010024b000 'java/lang/invoke/LambdaForm$DMH+0x000000010024b000'
Event: 13.863 Thread 0x0000017ab00ecca0 Unloading class 0x0000000100248400 'java/lang/invoke/LambdaForm$DMH+0x0000000100248400'

Classes redefined (0 events):
No events

Internal exceptions (20 events):
Event: 56.678 Thread 0x0000017ab6b49090 Exception <a 'sun/nio/fs/WindowsException'{0x00000000eb4faa68}> (0x00000000eb4faa68) 
thrown [s\src\hotspot\share\prims\jni.cpp, line 516]
Event: 56.678 Thread 0x0000017ab6b49090 Exception <a 'sun/nio/fs/WindowsException'{0x00000000eb4fb348}> (0x00000000eb4fb348) 
thrown [s\src\hotspot\share\prims\jni.cpp, line 516]
Event: 56.687 Thread 0x0000017ab6b49090 Exception <a 'sun/nio/fs/WindowsException'{0x00000000eb509c68}> (0x00000000eb509c68) 
thrown [s\src\hotspot\share\prims\jni.cpp, line 516]
Event: 56.687 Thread 0x0000017ab6b49090 Exception <a 'sun/nio/fs/WindowsException'{0x00000000eb50a4c8}> (0x00000000eb50a4c8) 
thrown [s\src\hotspot\share\prims\jni.cpp, line 516]
Event: 56.689 Thread 0x0000017ab6b49090 Exception <a 'sun/nio/fs/WindowsException'{0x00000000eb50b0e0}> (0x00000000eb50b0e0) 
thrown [s\src\hotspot\share\prims\jni.cpp, line 516]
Event: 56.689 Thread 0x0000017ab6b49090 Exception <a 'sun/nio/fs/WindowsException'{0x00000000eb50b718}> (0x00000000eb50b718) 
thrown [s\src\hotspot\share\prims\jni.cpp, line 516]
Event: 56.696 Thread 0x0000017ab6b49fc0 Exception <a 'sun/nio/fs/WindowsException'{0x00000000eb57f370}> (0x00000000eb57f370) 
thrown [s\src\hotspot\share\prims\jni.cpp, line 516]
Event: 56.696 Thread 0x0000017ab6b49fc0 Exception <a 'sun/nio/fs/WindowsException'{0x00000000eb57fc50}> (0x00000000eb57fc50) 
thrown [s\src\hotspot\share\prims\jni.cpp, line 516]
Event: 56.703 Thread 0x0000017ab6b49090 Exception <a 'sun/nio/fs/WindowsException'{0x00000000eb5734c8}> (0x00000000eb5734c8) 
thrown [s\src\hotspot\share\prims\jni.cpp, line 516]
Event: 56.704 Thread 0x0000017ab6b49090 Exception <a 'sun/nio/fs/WindowsException'{0x00000000eb573fd0}> (0x00000000eb573fd0) 
thrown [s\src\hotspot\share\prims\jni.cpp, line 516]
Event: 56.705 Thread 0x0000017ab6b49090 Exception <a 'sun/nio/fs/WindowsException'{0x00000000eb5752a0}> (0x00000000eb5752a0) 
thrown [s\src\hotspot\share\prims\jni.cpp, line 516]
Event: 56.706 Thread 0x0000017ab6b49090 Exception <a 'sun/nio/fs/WindowsException'{0x00000000eb575c60}> (0x00000000eb575c60) 
thrown [s\src\hotspot\share\prims\jni.cpp, line 516]
Event: 56.708 Thread 0x0000017ab6b49090 Exception <a 'sun/nio/fs/WindowsException'{0x00000000eb5b7828}> (0x00000000eb5b7828) 
thrown [s\src\hotspot\share\prims\jni.cpp, line 516]
Event: 56.709 Thread 0x0000017ab6b49090 Exception <a 'sun/nio/fs/WindowsException'{0x00000000eb5b8330}> (0x00000000eb5b8330) 
thrown [s\src\hotspot\share\prims\jni.cpp, line 516]
Event: 56.709 Thread 0x0000017ab6b49090 Exception <a 'sun/nio/fs/WindowsException'{0x00000000eb5b9480}> (0x00000000eb5b9480) 
thrown [s\src\hotspot\share\prims\jni.cpp, line 516]
Event: 56.711 Thread 0x0000017ab6b49090 Exception <a 'sun/nio/fs/WindowsException'{0x00000000eb5b9d60}> (0x00000000eb5b9d60) 
thrown [s\src\hotspot\share\prims\jni.cpp, line 516]
Event: 56.740 Thread 0x0000017ab6b49090 Exception <a 'sun/nio/fs/WindowsException'{0x00000000eb5be658}> (0x00000000eb5be658) 
thrown [s\src\hotspot\share\prims\jni.cpp, line 516]
Event: 56.754 Thread 0x0000017ab6b49fc0 Exception <a 'sun/nio/fs/WindowsException'{0x00000000eb67b6c8}> (0x00000000eb67b6c8) 
thrown [s\src\hotspot\share\prims\jni.cpp, line 516]
Event: 56.755 Thread 0x0000017ab6b49fc0 Exception <a 'sun/nio/fs/WindowsException'{0x00000000eb67bfa8}> (0x00000000eb67bfa8) 
thrown [s\src\hotspot\share\prims\jni.cpp, line 516]
Event: 57.185 Thread 0x0000017ab56f3940 Exception <a 'java/lang/NoSuchMethodError'{0x00000000eb3d53d8}: 'java.lang.Object java.lang.invoke.DirectMethodHandle$Holder.invokeSpecial(java.lang.Object, java.lang.Object, int, long)'> (0x00000000eb3d53d8) 
thrown [s\src\hotspot\share\interpreter\linkResolver.cpp, line 759]

VM Operations (20 events):
Event: 56.431 Executing VM operation: HandshakeAllThreads
Event: 56.431 Executing VM operation: HandshakeAllThreads done
Event: 56.520 Executing VM operation: ParallelGCFailedAllocation
Event: 56.525 Executing VM operation: ParallelGCFailedAllocation done
Event: 56.906 Executing VM operation: ParallelGCFailedAllocation
Event: 56.958 Executing VM operation: ParallelGCFailedAllocation done
Event: 57.338 Executing VM operation: ParallelGCFailedAllocation
Event: 57.386 Executing VM operation: ParallelGCFailedAllocation done
Event: 57.721 Executing VM operation: ParallelGCFailedAllocation
Event: 57.743 Executing VM operation: ParallelGCFailedAllocation done
Event: 57.857 Executing VM operation: ParallelGCFailedAllocation
Event: 57.863 Executing VM operation: ParallelGCFailedAllocation done
Event: 57.937 Executing VM operation: ParallelGCFailedAllocation
Event: 57.952 Executing VM operation: ParallelGCFailedAllocation done
Event: 58.037 Executing VM operation: ParallelGCFailedAllocation
Event: 58.043 Executing VM operation: ParallelGCFailedAllocation done
Event: 58.104 Executing VM operation: ParallelGCFailedAllocation
Event: 58.122 Executing VM operation: ParallelGCFailedAllocation done
Event: 58.169 Executing VM operation: ParallelGCFailedAllocation
Event: 58.176 Executing VM operation: ParallelGCFailedAllocation done

Events (20 events):
Event: 22.884 Thread 0x0000017ab5389750 flushing nmethod 0x0000017a9f965710
Event: 22.884 Thread 0x0000017ab5389750 flushing nmethod 0x0000017a9f97e710
Event: 22.884 Thread 0x0000017ab5389750 flushing nmethod 0x0000017a9f98d390
Event: 22.884 Thread 0x0000017ab5389750 flushing nmethod 0x0000017a9f9c8a10
Event: 23.636 Thread 0x0000017ab69b3900 Thread exited: 0x0000017ab69b3900
Event: 23.894 Thread 0x0000017ab5cf1a50 Thread added: 0x0000017ab5cf1a50
Event: 24.027 Thread 0x0000017ab5cf1a50 Thread exited: 0x0000017ab5cf1a50
Event: 24.108 Thread 0x0000017ab5cf1a50 Thread added: 0x0000017ab5cf1a50
Event: 24.839 Thread 0x0000017ab5cf1a50 Thread exited: 0x0000017ab5cf1a50
Event: 27.575 Thread 0x0000017ab6b4b910 Thread added: 0x0000017ab6b4b910
Event: 33.595 Thread 0x0000017ab69b3900 Thread added: 0x0000017ab69b3900
Event: 35.502 Thread 0x0000017ab69b3900 Thread exited: 0x0000017ab69b3900
Event: 52.639 Thread 0x0000017ab5491c30 Thread added: 0x0000017ab5491c30
Event: 53.311 Thread 0x0000017ab6b49fc0 Thread added: 0x0000017ab6b49fc0
Event: 55.582 Thread 0x0000017ab5389750 flushing nmethod 0x0000017a9f1d0710
Event: 55.583 Thread 0x0000017ab5389750 flushing nmethod 0x0000017a9f370d10
Event: 56.774 Thread 0x0000017ab6b47230 Thread added: 0x0000017ab6b47230
Event: 56.794 Thread 0x0000017ab6b4a4d0 Thread added: 0x0000017ab6b4a4d0
Event: 56.798 Thread 0x0000017ab6b48160 Thread added: 0x0000017ab6b48160
Event: 58.029 Thread 0x0000017ab6b4a9e0 Thread added: 0x0000017ab6b4a9e0


Dynamic libraries:
0x00007ff7b0df0000 - 0x00007ff7b0dfe000 	c:\Users\bayes\.vscode\extensions\redhat.java-1.35.0-win32-x64\jre\17.0.12-win32-x86_64\bin\java.exe
0x00007fff82c10000 - 0x00007fff82e08000 	C:\Windows\SYSTEM32\ntdll.dll
0x00007fff80e90000 - 0x00007fff80f4f000 	C:\Windows\System32\KERNEL32.DLL
0x00007fff80770000 - 0x00007fff80a66000 	C:\Windows\System32\KERNELBASE.dll
0x00007fff80b70000 - 0x00007fff80c70000 	C:\Windows\System32\ucrtbase.dll
0x00007fff77700000 - 0x00007fff77717000 	c:\Users\bayes\.vscode\extensions\redhat.java-1.35.0-win32-x64\jre\17.0.12-win32-x86_64\bin\jli.dll
0x00007fff810b0000 - 0x00007fff8124d000 	C:\Windows\System32\USER32.dll
0x00007fff80aa0000 - 0x00007fff80ac2000 	C:\Windows\System32\win32u.dll
0x00007fff823e0000 - 0x00007fff8240c000 	C:\Windows\System32\GDI32.dll
0x00007fff804a0000 - 0x00007fff805b5000 	C:\Windows\System32\gdi32full.dll
0x00007fff80ad0000 - 0x00007fff80b6d000 	C:\Windows\System32\msvcp_win.dll
0x00007fff6b380000 - 0x00007fff6b39b000 	c:\Users\bayes\.vscode\extensions\redhat.java-1.35.0-win32-x64\jre\17.0.12-win32-x86_64\bin\VCRUNTIME140.dll
0x00007fff7f6f0000 - 0x00007fff7f98a000 	C:\Windows\WinSxS\amd64_microsoft.windows.common-controls_6595b64144ccf1df_6.0.19041.1110_none_60b5254171f9507e\COMCTL32.dll
0x00007fff82a60000 - 0x00007fff82afe000 	C:\Windows\System32\msvcrt.dll
0x00007fff82a30000 - 0x00007fff82a60000 	C:\Windows\System32\IMM32.DLL
0x00007fff794c0000 - 0x00007fff794cc000 	c:\Users\bayes\.vscode\extensions\redhat.java-1.35.0-win32-x64\jre\17.0.12-win32-x86_64\bin\vcruntime140_1.dll
0x00007fff5a310000 - 0x00007fff5a39d000 	c:\Users\bayes\.vscode\extensions\redhat.java-1.35.0-win32-x64\jre\17.0.12-win32-x86_64\bin\msvcp140.dll
0x00007fff4ae00000 - 0x00007fff4ba6a000 	c:\Users\bayes\.vscode\extensions\redhat.java-1.35.0-win32-x64\jre\17.0.12-win32-x86_64\bin\server\jvm.dll
0x00007fff82550000 - 0x00007fff825ff000 	C:\Windows\System32\ADVAPI32.dll
0x00007fff82410000 - 0x00007fff824ac000 	C:\Windows\System32\sechost.dll
0x00007fff81e20000 - 0x00007fff81f46000 	C:\Windows\System32\RPCRT4.dll
0x00007fff80e20000 - 0x00007fff80e8b000 	C:\Windows\System32\WS2_32.dll
0x00007fff7ff10000 - 0x00007fff7ff5b000 	C:\Windows\SYSTEM32\POWRPROF.dll
0x00007fff59500000 - 0x00007fff59527000 	C:\Windows\SYSTEM32\WINMM.dll
0x00007fff7cd80000 - 0x00007fff7cd8a000 	C:\Windows\SYSTEM32\VERSION.dll
0x00007fff7f990000 - 0x00007fff7f9a2000 	C:\Windows\SYSTEM32\UMPDC.dll
0x00007fff7dd20000 - 0x00007fff7dd32000 	C:\Windows\SYSTEM32\kernel.appcore.dll
0x00007fff77d20000 - 0x00007fff77d2a000 	c:\Users\bayes\.vscode\extensions\redhat.java-1.35.0-win32-x64\jre\17.0.12-win32-x86_64\bin\jimage.dll
0x00007fff7fca0000 - 0x00007fff7fe84000 	C:\Windows\SYSTEM32\DBGHELP.DLL
0x00007fff7fac0000 - 0x00007fff7faf4000 	C:\Windows\SYSTEM32\dbgcore.DLL
0x00007fff80410000 - 0x00007fff80492000 	C:\Windows\System32\bcryptPrimitives.dll
0x00007fff77b00000 - 0x00007fff77b0e000 	c:\Users\bayes\.vscode\extensions\redhat.java-1.35.0-win32-x64\jre\17.0.12-win32-x86_64\bin\instrument.dll
0x00007fff6a910000 - 0x00007fff6a935000 	c:\Users\bayes\.vscode\extensions\redhat.java-1.35.0-win32-x64\jre\17.0.12-win32-x86_64\bin\java.dll
0x00007fff6b360000 - 0x00007fff6b378000 	c:\Users\bayes\.vscode\extensions\redhat.java-1.35.0-win32-x64\jre\17.0.12-win32-x86_64\bin\zip.dll
0x00007fff81250000 - 0x00007fff81994000 	C:\Windows\System32\SHELL32.dll
0x00007fff7dd40000 - 0x00007fff7e4d3000 	C:\Windows\SYSTEM32\windows.storage.dll
0x00007fff81f60000 - 0x00007fff822b4000 	C:\Windows\System32\combase.dll
0x00007fff7f650000 - 0x00007fff7f67e000 	C:\Windows\SYSTEM32\Wldp.dll
0x00007fff80f50000 - 0x00007fff80ffd000 	C:\Windows\System32\SHCORE.dll
0x00007fff80d30000 - 0x00007fff80d85000 	C:\Windows\System32\shlwapi.dll
0x00007fff80230000 - 0x00007fff8024f000 	C:\Windows\SYSTEM32\profapi.dll
0x00007fff6b270000 - 0x00007fff6b289000 	C:\Users\bayes\.vscode\extensions\redhat.java-1.35.0-win32-x64\jre\17.0.12-win32-x86_64\bin\net.dll
0x00007fff701e0000 - 0x00007fff702ea000 	C:\Windows\SYSTEM32\WINHTTP.dll
0x00007fff7f510000 - 0x00007fff7f57a000 	C:\Windows\system32\mswsock.dll
0x00007fff6b1c0000 - 0x00007fff6b1d6000 	C:\Users\bayes\.vscode\extensions\redhat.java-1.35.0-win32-x64\jre\17.0.12-win32-x86_64\bin\nio.dll
0x00007fff708e0000 - 0x00007fff708f0000 	c:\Users\bayes\.vscode\extensions\redhat.java-1.35.0-win32-x64\jre\17.0.12-win32-x86_64\bin\verify.dll
0x00007fff521e0000 - 0x00007fff52225000 	C:\Users\bayes\AppData\Roaming\Code\User\globalStorage\redhat.java\1.35.0\config_win\org.eclipse.equinox.launcher\org.eclipse.equinox.launcher.win32.win32.x86_64_1.2.1100.v20240722-2106\eclipse_11904.dll
0x00007fff82890000 - 0x00007fff829ba000 	C:\Windows\System32\ole32.dll
0x00007fff80080000 - 0x00007fff80098000 	C:\Windows\SYSTEM32\CRYPTSP.dll
0x00007fff7ed30000 - 0x00007fff7ed64000 	C:\Windows\system32\rsaenh.dll
0x00007fff80a70000 - 0x00007fff80a97000 	C:\Windows\System32\bcrypt.dll
0x00007fff801f0000 - 0x00007fff8021e000 	C:\Windows\SYSTEM32\USERENV.dll
0x00007fff7f640000 - 0x00007fff7f64c000 	C:\Windows\SYSTEM32\CRYPTBASE.dll
0x00007fff7f0a0000 - 0x00007fff7f0dc000 	C:\Windows\SYSTEM32\IPHLPAPI.DLL
0x00007fff829c0000 - 0x00007fff829c8000 	C:\Windows\System32\NSI.dll
0x00007fff74890000 - 0x00007fff748a7000 	C:\Windows\SYSTEM32\dhcpcsvc6.DLL
0x00007fff76c60000 - 0x00007fff76c7d000 	C:\Windows\SYSTEM32\dhcpcsvc.DLL
0x00007fff7f0e0000 - 0x00007fff7f1ab000 	C:\Windows\SYSTEM32\DNSAPI.dll
0x00007fff51ea0000 - 0x00007fff51ee9000 	C:\Users\bayes\AppData\Local\Temp\jna-93514312\jna5069526527657016484.dll
0x00007fff81e10000 - 0x00007fff81e18000 	C:\Windows\System32\PSAPI.DLL

dbghelp: loaded successfully - version: 4.0.5 - missing functions: none
symbol engine: initialized successfully - sym options: 0x614 - pdb path: .;c:\Users\bayes\.vscode\extensions\redhat.java-1.35.0-win32-x64\jre\17.0.12-win32-x86_64\bin;C:\Windows\SYSTEM32;C:\Windows\WinSxS\amd64_microsoft.windows.common-controls_6595b64144ccf1df_6.0.19041.1110_none_60b5254171f9507e;c:\Users\bayes\.vscode\extensions\redhat.java-1.35.0-win32-x64\jre\17.0.12-win32-x86_64\bin\server;C:\Users\bayes\AppData\Roaming\Code\User\globalStorage\redhat.java\1.35.0\config_win\org.eclipse.equinox.launcher\org.eclipse.equinox.launcher.win32.win32.x86_64_1.2.1100.v20240722-2106;C:\Users\bayes\AppData\Local\Temp\jna-93514312

VM Arguments:
jvm_args: --add-modules=ALL-SYSTEM --add-opens=java.base/java.util=ALL-UNNAMED --add-opens=java.base/java.lang=ALL-UNNAMED --add-opens=java.base/sun.nio.fs=ALL-UNNAMED -Declipse.application=org.eclipse.jdt.ls.core.id1 -Dosgi.bundles.defaultStartLevel=4 -Declipse.product=org.eclipse.jdt.ls.core.product -Djava.import.generatesMetadataFilesAtProjectRoot=false -DDetectVMInstallationsJob.disabled=true -Dfile.encoding=utf8 -XX:+UseParallelGC -XX:GCTimeRatio=4 -XX:AdaptiveSizePolicyWeight=90 -Dsun.zip.disableMemoryMapping=true -Xmx1G -Xms100m -Xlog:disable -javaagent:c:\Users\bayes\.vscode\extensions\redhat.java-1.35.0-win32-x64\lombok\lombok-1.18.33.jar -XX:+HeapDumpOnOutOfMemoryError -XX:HeapDumpPath=c:\Users\bayes\AppData\Roaming\Code\User\workspaceStorage\168498a9360cd755819b0a706d5edd1a\redhat.java -Daether.dependencyCollector.impl=bf 
java_command: c:\Users\bayes\.vscode\extensions\redhat.java-1.35.0-win32-x64\server\plugins\org.eclipse.equinox.launcher_1.6.900.v20240613-2009.jar -configuration c:\Users\bayes\AppData\Roaming\Code\User\globalStorage\redhat.java\1.35.0\config_win -data c:\Users\bayes\AppData\Roaming\Code\User\workspaceStorage\168498a9360cd755819b0a706d5edd1a\redhat.java\jdt_ws --pipe=\\.\pipe\lsp-54f3adb772c5e2d734f0312c6c98d819-sock
java_class_path (initial): c:\Users\bayes\.vscode\extensions\redhat.java-1.35.0-win32-x64\server\plugins\org.eclipse.equinox.launcher_1.6.900.v20240613-2009.jar
Launcher Type: SUN_STANDARD

[Global flags]
    uintx AdaptiveSizePolicyWeight                 = 90                                        {product} {command line}
     intx CICompilerCount                          = 3                                         {product} {ergonomic}
    uintx GCTimeRatio                              = 4                                         {product} {command line}
     bool HeapDumpOnOutOfMemoryError               = true                                   {manageable} {command line}
    ccstr HeapDumpPath                             = c:\Users\bayes\AppData\Roaming\Code\User\workspaceStorage\168498a9360cd755819b0a706d5edd1a\redhat.java         {manageable} {command line}
   size_t InitialHeapSize                          = 104857600                                 {product} {command line}
   size_t MaxHeapSize                              = 1073741824                                {product} {command line}
   size_t MaxNewSize                               = 357564416                                 {product} {ergonomic}
   size_t MinHeapDeltaBytes                        = 524288                                    {product} {ergonomic}
   size_t MinHeapSize                              = 104857600                                 {product} {command line}
   size_t NewSize                                  = 34603008                                  {product} {ergonomic}
    uintx NonNMethodCodeHeapSize                   = 5832780                                {pd product} {ergonomic}
    uintx NonProfiledCodeHeapSize                  = 122912730                              {pd product} {ergonomic}
   size_t OldSize                                  = 70254592                                  {product} {ergonomic}
    uintx ProfiledCodeHeapSize                     = 122912730                              {pd product} {ergonomic}
    uintx ReservedCodeCacheSize                    = 251658240                              {pd product} {ergonomic}
     bool SegmentedCodeCache                       = true                                      {product} {ergonomic}
   size_t SoftMaxHeapSize                          = 1073741824                             {manageable} {ergonomic}
     bool UseCompressedClassPointers               = true                           {product lp64_product} {ergonomic}
     bool UseCompressedOops                        = true                           {product lp64_product} {ergonomic}
     bool UseLargePagesIndividualAllocation        = false                                  {pd product} {ergonomic}
     bool UseParallelGC                            = true                                      {product} {command line}

Logging:
Log output configuration:
 #0: stdout all=off uptime,level,tags
 #1: stderr all=off uptime,level,tags

Environment Variables:
JAVA_HOME=C:\Program Files\Java\jdk-21
PATH=C:\Program Files\Eclipse Adoptium\jdk-21.0.4.7-hotspot\bin;C:\Program Files\Common Files\Oracle\Java\javapath;C:\Windows\system32;C:\Windows;C:\Windows\System32\Wbem;C:\Windows\System32\WindowsPowerShell\v1.0\;C:\Windows\System32\OpenSSH\;C:\Program Files\Java\jdk-21;C:\Users\bayes\AppData\Local\Microsoft\WindowsApps;C:\Users\bayes\AppData\Local\Programs\Microsoft VS Code\bin;C:\Program Files\gradle-8.10.2\bin;
USERNAME=bayes
OS=Windows_NT
PROCESSOR_IDENTIFIER=Intel64 Family 6 Model 78 Stepping 3, GenuineIntel
TMP=C:\Users\bayes\AppData\Local\Temp
TEMP=C:\Users\bayes\AppData\Local\Temp



Periodic native trim disabled


---------------  S Y S T E M  ---------------

OS:
 Windows 10 , 64 bit Build 19041 (10.0.19041.2913)
OS uptime: 0 days 1:03 hours

CPU: total 4 (initial active 4) (2 cores per cpu, 2 threads per core) family 6 model 78 stepping 3 microcode 0xcc, cx8, cmov, fxsr, ht, mmx, 3dnowpref, sse, sse2, sse3, ssse3, sse4.1, sse4.2, popcnt, lzcnt, tsc, tscinvbit, avx, avx2, aes, erms, clmul, bmi1, bmi2, rtm, adx, fma, vzeroupper, clflush, clflushopt
Processor Information for all 4 processors :
  Max Mhz: 2496, Current Mhz: 2396, Mhz Limit: 2396

Memory: 4k page, system-wide physical 7854M (2429M free)
TotalPageFile size 15790M (AvailPageFile size 9318M)
current process WorkingSet (physical memory assigned to process): 274M, peak: 275M
current process commit charge ("private bytes"): 306M, peak: 306M

vm_info: OpenJDK 64-Bit Server VM (17.0.12+7) for windows-amd64 JRE (17.0.12+7), built on Jul 16 2024 22:08:24 by "admin" with MS VC++ 16.10 / 16.11 (VS2019)

END.
