#
# A fatal error has been detected by the Java Runtime Environment:
#
#  EXCEPTION_ACCESS_VIOLATION (0xc0000005) at pc=0x00007ffdbd20cb30, pid=7580, tid=1104
#
# JRE version: OpenJDK Runtime Environment Temurin-17.0.12+7 (17.0.12+7) (build 17.0.12+7)
# Java VM: OpenJDK 64-Bit Server VM Temurin-17.0.12+7 (17.0.12+7, mixed mode, tiered, compressed oops, compressed class ptrs, parallel gc, windows-amd64)
# Problematic frame:
# V  [jvm.dll+0xcb30]
#
# No core dump will be written. Minidumps are not enabled by default on client versions of Windows
#
# If you would like to submit a bug report, please visit:
#   https://github.com/adoptium/adoptium-support/issues
#

---------------  S U M M A R Y ------------

Command Line: --add-modules=ALL-SYSTEM --add-opens=java.base/java.util=ALL-UNNAMED --add-opens=java.base/java.lang=ALL-UNNAMED --add-opens=java.base/sun.nio.fs=ALL-UNNAMED -Declipse.application=org.eclipse.jdt.ls.core.id1 -Dosgi.bundles.defaultStartLevel=4 -Declipse.product=org.eclipse.jdt.ls.core.product -Djava.import.generatesMetadataFilesAtProjectRoot=false -DDetectVMInstallationsJob.disabled=true -Dfile.encoding=utf8 -XX:+UseParallelGC -XX:GCTimeRatio=4 -XX:AdaptiveSizePolicyWeight=90 -Dsun.zip.disableMemoryMapping=true -Xmx1G -Xms100m -Xlog:disable -javaagent:c:\Users\bayes\.vscode\extensions\redhat.java-1.35.0-win32-x64\lombok\lombok-1.18.33.jar -XX:+HeapDumpOnOutOfMemoryError -XX:HeapDumpPath=c:\Users\bayes\AppData\Roaming\Code\User\workspaceStorage\168498a9360cd755819b0a706d5edd1a\redhat.java -Daether.dependencyCollector.impl=bf c:\Users\bayes\.vscode\extensions\redhat.java-1.35.0-win32-x64\server\plugins\org.eclipse.equinox.launcher_1.6.900.v20240613-2009.jar -configuration c:\Users\bayes\AppData\Roaming\Code\User\globalStorage\redhat.java\1.35.0\config_win -data c:\Users\bayes\AppData\Roaming\Code\User\workspaceStorage\168498a9360cd755819b0a706d5edd1a\redhat.java\jdt_ws --pipe=\\.\pipe\lsp-489d318c9c70467d5f5f4c8af18790b5-sock

Host: Intel(R) Core(TM) i5-6300U CPU @ 2.40GHz, 4 cores, 7G,  Windows 10 , 64 bit Build 19041 (10.0.19041.2913)
Time: Sat Sep 28 14:37:44 2024 Paris, Madrid (heure duild 19041 (10.0.19041.2913) elapsed time: 43.227928 seconds (0d 0h 0m 43s)

---------------  T H R E A D  ---------------

Current thread (0x00000224d5a03840):  GCTaskThread "GC Thread#1" [stack: 0x0000005fa3c00000,0x0000005fa3d00000] [id=1104]

Stack: [0x0000005fa3c00000,0x0000005fa3d00000],  sp=0x0000005fa3cff6a8,  free space=1021k
Native frames: (J=compiled Java code, j=interpreted, Vv=VM code, C=native code)
V  [jvm.dll+0xcb30]


siginfo: EXCEPTION_ACCESS_VIOLATION (0xc0000005), reading address 0x0000000000000100


Registers:
RAX=0x0000000000000000, RBX=0x00000000c5f95820, RCX=0x00000001000007c0, RDX=0x00000000c5f95820
RSP=0x0000005fa3cff6a8, RBP=0x0000005fa3cff7a0, RSI=0x00000000c5f95820, RDI=0x00000224cfb69950
R8 =0x00000001000007c0, R9 =0x000000000002fcac, R10=0x0000000000000000, R11=0x0000000000000003
R12=0x0000005fa2ffee18, R13=0x0000000000000010, R14=0x0000000100041df0, R15=0x00000000c5f95808
RIP=0x00007ffdbd20cb30, EFLAGS=0x0000000000010246


Register to memory mapping:

RIP=0x00007ffdbd20cb30 jvm.dll
RAX=0x0 is NULL
RBX=
[error occurred during error reporting (printing register info), id 0xc0000005, EXCEPTION_ACCESS_VIOLATION (0xc0000005) at pc=0x00007ffdbd88c023]

Top of Stack: (sp=0x0000005fa3cff6a8)
0x0000005fa3cff6a8:   00007ffdbd8b3d02 00000000c5f957e8
0x0000005fa3cff6b8:   0000000000000004 00000000c5267ce0
0x0000005fa3cff6c8:   00007ffdbd8b285f 00000224cfb69950
0x0000005fa3cff6d8:   00007ffdbd8b15b2 00000000c5f95820
0x0000005fa3cff6e8:   00007ffdbd8b339e 00000000c68dbdb8
0x0000005fa3cff6f8:   00000000c68dbdb0 0000000100041de8
0x0000005fa3cff708:   00007ffdbd8b1e2e 00000000c5f9581c
0x0000005fa3cff718:   00007ffdbd8b339e 00000000c5f957a0
0x0000005fa3cff728:   00000000c5f95798 0000000000000000
0x0000005fa3cff738:   00007ffdbdd34810 00000000000047f8
0x0000005fa3cff748:   00007ffdbd8b36e4 00007ffdbdbb43d8
0x0000005fa3cff758:   00000224cfb69950 00007ffdbdb1eb80
0x0000005fa3cff768:   00000000000047f8 0000000000000000
0x0000005fa3cff778:   0000022400000000 00000224cfb69950
0x0000005fa3cff788:   00007ffdbd8b15c1 00000000c60e41d8
0x0000005fa3cff798:   0000000000000000 00007ffdbdbb43d8
0x0000005fa3cff7a8:   00000224b9d4b8b0 0000000100000003
0x0000005fa3cff7b8:   00000224cfb69950 0000000000000000
0x0000005fa3cff7c8:   0000000000000000 0000000000000002
0x0000005fa3cff7d8:   0000005fa2ffee10 00007ffdbdd34810
0x0000005fa3cff7e8:   000000000000000c 00000224cfb69950
0x0000005fa3cff7f8:   00007ffdbd8baa31 000000000000000c
0x0000005fa3cff808:   00007ffdbdbb43d8 00000224cfb69950
0x0000005fa3cff818:   00007ffdbdbb43d8 0000000000000000
0x0000005fa3cff828:   0000000000000000 00007ffdbdbb43d8
0x0000005fa3cff838:   00000224b9d4b8b0 0000000000000003
0x0000005fa3cff848:   00000224cfb69950 0000000000000002
0x0000005fa3cff858:   0000005fa2ffee10 0000005fa2ffedd8
0x0000005fa3cff868:   0000005fa2ffecd0 0000005fa2ffecd0
0x0000005fa3cff878:   00007ffdbd8bb7da 0000000000000005
0x0000005fa3cff888:   0000005fa3cff900 00000000c5e11aa8
0x0000005fa3cff898:   00000224d5a03840 0000005fa2fff4b0 

Instructions: (pc=0x00007ffdbd20cb30)
0x00007ffdbd20ca30:   8b d0 48 85 c0 74 20 48 8b c7 f0 48 0f b1 13 74
0x00007ffdbd20ca40:   16 48 85 05 d0 ca bb 00 74 0d 48 8b c8 f0 48 0f
0x00007ffdbd20ca50:   b1 13 48 3b c1 75 ea 48 8b 5c 24 30 48 8b c2 48
0x00007ffdbd20ca60:   83 c4 20 5f c3 cc cc cc cc cc cc cc cc cc cc cc
0x00007ffdbd20ca70:   4c 8b 01 4c 8b c9 48 8b 0d 13 e1 b6 00 ba 64 60
0x00007ffdbd20ca80:   08 00 e9 49 f1 ff ff cc cc cc cc cc cc cc cc cc
0x00007ffdbd20ca90:   8b 05 62 28 b1 00 c3 cc cc cc cc cc cc cc cc cc
0x00007ffdbd20caa0:   0f b6 05 40 e9 b7 00 48 8b d1 84 c0 74 16 44 8b
0x00007ffdbd20cab0:   41 08 8b 0d 40 28 b1 00 49 d3 e0 4c 03 05 2e 28
0x00007ffdbd20cac0:   b1 00 eb 04 4c 8b 41 08 45 8b 50 08 45 85 d2 7e
0x00007ffdbd20cad0:   0e 41 f6 c2 01 75 53 41 c1 fa 03 41 8b c2 c3 79
0x00007ffdbd20cae0:   49 84 c0 b9 10 00 00 00 8b 05 46 37 b1 00 41 b8
0x00007ffdbd20caf0:   0c 00 00 00 41 0f 45 c8 ff c8 4c 63 c8 48 63 14
0x00007ffdbd20cb00:   11 41 8b ca 83 e1 3f 48 d3 e2 41 8b ca 48 c1 f9
0x00007ffdbd20cb10:   10 0f b6 c1 49 8d 0c 11 49 f7 d1 48 03 c1 49 c1
0x00007ffdbd20cb20:   e9 03 48 c1 e8 03 41 23 c1 c3 49 8b 00 49 8b c8
0x00007ffdbd20cb30:   48 ff a0 00 01 00 00 cc cc cc cc cc cc cc cc cc
0x00007ffdbd20cb40:   8b 44 24 30 45 03 c9 44 2b 4c 24 28 83 c0 0b 44
0x00007ffdbd20cb50:   03 ca 45 03 c8 41 03 c1 c3 cc cc cc cc cc cc cc
0x00007ffdbd20cb60:   4c 8b ca 48 8b d1 45 8b 41 08 45 85 c0 7e 0e 41
0x00007ffdbd20cb70:   f6 c0 01 75 56 41 c1 f8 03 41 8b c0 c3 79 4c 80
0x00007ffdbd20cb80:   3d 61 e8 b7 00 00 b8 0c 00 00 00 b9 10 00 00 00
0x00007ffdbd20cb90:   0f 45 c8 8b 05 9b 36 b1 00 ff c8 4c 63 c8 48 63
0x00007ffdbd20cba0:   14 11 41 8b c8 83 e1 3f 48 d3 e2 41 8b c8 48 c1
0x00007ffdbd20cbb0:   f9 10 0f b6 c1 49 8d 0c 11 49 f7 d1 48 03 c1 49
0x00007ffdbd20cbc0:   c1 e9 03 48 c1 e8 03 41 23 c1 c3 49 8b 01 49 8b
0x00007ffdbd20cbd0:   c9 48 ff a0 00 01 00 00 cc cc cc cc cc cc cc cc
0x00007ffdbd20cbe0:   48 8b 41 08 0f b7 48 2a 0f b7 40 28 83 c0 48 03
0x00007ffdbd20cbf0:   c1 c3 cc cc cc cc cc cc cc cc cc cc cc cc cc cc
0x00007ffdbd20cc00:   48 89 5c 24 08 57 48 83 ec 20 0f b6 05 df d0 bb
0x00007ffdbd20cc10:   00 48 8b fa 48 8b d9 84 c0 74 4f 48 85 15 f6 c8
0x00007ffdbd20cc20:   bb 00 74 38 48 8b ca e8 94 c1 85 00 48 8b d0 48 


Stack slot to memory mapping:
stack at sp + 0 slots: 0x00007ffdbd8b3d02 jvm.dll
stack at sp + 1 slots: 0x00000000c5f957e8 is an oop: [B 
{0x00000000c5f957e8} - klass: {type array byte}
 - length: 9
stack at sp + 2 slots: 0x0000000000000004 is an unknown value
stack at sp + 3 slots: 0x00000000c5267ce0 is an oop: java.lang.ref.SoftReference 
{0x00000000c5267ce0} - klass: 'java/lang/ref/SoftReference'
 - ---- fields (total size 5 words):
 - private 'referent' 'Ljava/lang/Object;' @12  a 'java/lang/Class$ReflectionData'{0x00000000c5267d08} (c5267d08)
 - volatile 'queue' 'Ljava/lang/ref/ReferenceQueue;' @16  a 'java/lang/ref/ReferenceQueue$Null'{0x00000000c00000f0} (c00000f0)
 - volatile 'next' 'Ljava/lang/ref/Reference;' @20  NULL (0)
 - private transient 'discovered' 'Ljava/lang/ref/Reference;' @24  NULL (0)
 - private 'timestamp' 'J' @32  305469 (4a93d 0)
stack at sp + 4 slots: 0x00007ffdbd8b285f jvm.dll
stack at sp + 5 slots: 0x00000224cfb69950 points into unknown readable memory: 0x00000224b9d30150 | 50 01 d3 b9 24 02 00 00
stack at sp + 6 slots: 0x00007ffdbd8b15b2 jvm.dll
stack at sp + 7 slots: 
[error occurred during error reporting (inspecting top of stack), id 0xc0000005, EXCEPTION_ACCESS_VIOLATION (0xc0000005) at pc=0x00007ffdbd88c023]


---------------  P R O C E S S  ---------------

Threads class SMR info:
_java_thread_list=0x00000224e896c760, length=47, elements={
0x00000224b9e61e50, 0x00000224cfbe6750, 0x00000224cfbe8860, 0x00000224cfc10170,
0x00000224cfc10ff0, 0x00000224cfc11e70, 0x00000224cfc13a40, 0x00000224cfc16c40,
0x00000224cfc48550, 0x00000224cfc4b310, 0x00000224d4ef0250, 0x00000224d50becc0,
0x00000224d547f680, 0x00000224d5480fd0, 0x00000224d54814e0, 0x00000224d54805b0,
0x00000224d547fb90, 0x00000224d54800a0, 0x00000224d547e240, 0x00000224d547e750,
0x00000224d5480ac0, 0x00000224d5654d20, 0x00000224d5659e20, 0x00000224d5659910,
0x00000224d5657fc0, 0x00000224d565a330, 0x00000224d56584d0, 0x00000224d5654810,
0x00000224d565a840, 0x00000224d5657090, 0x00000224d56589e0, 0x00000224d5656b80,
0x00000224d565ad50, 0x00000224d56575a0, 0x00000224d5659400, 0x00000224d565b260,
0x00000224d5655230, 0x00000224d5658ef0, 0x00000224d5654300, 0x00000224d5655c50,
0x00000224d777baf0, 0x00000224d5656670, 0x00000224d547ec60, 0x00000224d5653df0,
0x00000224d93cfa50, 0x00000224d93cd6e0, 0x00000224d93cb370
}

Java Threads: ( => current thread )
  0x00000224b9e61e50 JavaThread "main" [_thread_blocked, id=7724, stack(0x0000005fa2d00000,0x0000005fa2e00000)]
  0x00000224cfbe6750 JavaThread "Reference Handler" daemon [_thread_blocked, id=912, stack(0x0000005fa3000000,0x0000005fa3100000)]
  0x00000224cfbe8860 JavaThread "Finalizer" daemon [_thread_blocked, id=13044, stack(0x0000005fa3100000,0x0000005fa3200000)]
  0x00000224cfc10170 JavaThread "Signal Dispatcher" daemon [_thread_blocked, id=9516, stack(0x0000005fa3200000,0x0000005fa3300000)]
  0x00000224cfc10ff0 JavaThread "Attach Listener" daemon [_thread_blocked, id=2320, stack(0x0000005fa3300000,0x0000005fa3400000)]
  0x00000224cfc11e70 JavaThread "Service Thread" daemon [_thread_blocked, id=3664, stack(0x0000005fa3400000,0x0000005fa3500000)]
  0x00000224cfc13a40 JavaThread "Monitor Deflation Thread" daemon [_thread_blocked, id=1852, stack(0x0000005fa3500000,0x0000005fa3600000)]
  0x00000224cfc16c40 JavaThread "C2 CompilerThread0" daemon [_thread_in_native, id=2800, stack(0x0000005fa3600000,0x0000005fa3700000)]
  0x00000224cfc48550 JavaThread "C1 CompilerThread0" daemon [_thread_blocked, id=1884, stack(0x0000005fa3700000,0x0000005fa3800000)]
  0x00000224cfc4b310 JavaThread "Sweeper thread" daemon [_thread_blocked, id=2196, stack(0x0000005fa3800000,0x0000005fa3900000)]
  0x00000224d4ef0250 JavaThread "Common-Cleaner" daemon [_thread_blocked, id=11568, stack(0x0000005fa3900000,0x0000005fa3a00000)]
  0x00000224d50becc0 JavaThread "Notification Thread" daemon [_thread_blocked, id=8440, stack(0x0000005fa3a00000,0x0000005fa3b00000)]
  0x00000224d547f680 JavaThread "Active Thread: Equinox Container: 6e138285-d0fd-4466-a19c-589545294c47" [_thread_blocked, id=5956, stack(0x0000005fa3f00000,0x0000005fa4000000)]
  0x00000224d5480fd0 JavaThread "Framework Event Dispatcher: Equinox Container: 6e138285-d0fd-4466-a19c-589545294c47" daemon [_thread_blocked, id=6696, stack(0x0000005fa4100000,0x0000005fa4200000)]
  0x00000224d54814e0 JavaThread "Start Level: Equinox Container: 6e138285-d0fd-4466-a19c-589545294c47" daemon [_thread_blocked, id=5696, stack(0x0000005fa4200000,0x0000005fa4300000)]
  0x00000224d54805b0 JavaThread "Bundle File Closer" daemon [_thread_blocked, id=6100, stack(0x0000005fa4300000,0x0000005fa4400000)]
  0x00000224d547fb90 JavaThread "SCR Component Actor" daemon [_thread_blocked, id=6712, stack(0x0000005fa4400000,0x0000005fa4500000)]
  0x00000224d54800a0 JavaThread "Worker-JM" [_thread_blocked, id=12424, stack(0x0000005fa4600000,0x0000005fa4700000)]
  0x00000224d547e240 JavaThread "JNA Cleaner" daemon [_thread_blocked, id=12864, stack(0x0000005fa4000000,0x0000005fa4100000)]
  0x00000224d547e750 JavaThread "Worker-0: Java indexing... " [_thread_blocked, id=12808, stack(0x0000005fa4700000,0x0000005fa4800000)]
  0x00000224d5480ac0 JavaThread "Worker-1" [_thread_blocked, id=12732, stack(0x0000005fa4800000,0x0000005fa4900000)]
  0x00000224d5654d20 JavaThread "Worker-2" [_thread_blocked, id=12232, stack(0x0000005fa4a00000,0x0000005fa4b00000)]
  0x00000224d5659e20 JavaThread "Worker-3" [_thread_blocked, id=10508, stack(0x0000005fa4b00000,0x0000005fa4c00000)]
  0x00000224d5659910 JavaThread "Java indexing" daemon [_thread_blocked, id=5592, stack(0x0000005fa4c00000,0x0000005fa4d00000)]
  0x00000224d5657fc0 JavaThread "Thread-2" daemon [_thread_in_native, id=12896, stack(0x0000005fa4f00000,0x0000005fa5000000)]
  0x00000224d565a330 JavaThread "Thread-3" daemon [_thread_in_native, id=5676, stack(0x0000005fa5000000,0x0000005fa5100000)]
  0x00000224d56584d0 JavaThread "Thread-4" daemon [_thread_in_native, id=2352, stack(0x0000005fa5100000,0x0000005fa5200000)]
  0x00000224d5654810 JavaThread "Thread-5" daemon [_thread_in_native, id=9180, stack(0x0000005fa5200000,0x0000005fa5300000)]
  0x00000224d565a840 JavaThread "Thread-6" daemon [_thread_in_native, id=8448, stack(0x0000005fa5300000,0x0000005fa5400000)]
  0x00000224d5657090 JavaThread "pool-2-thread-1" [_thread_blocked, id=12528, stack(0x0000005fa5400000,0x0000005fa5500000)]
  0x00000224d56589e0 JavaThread "WorkspaceEventsHandler" [_thread_blocked, id=12756, stack(0x0000005fa5500000,0x0000005fa5600000)]
  0x00000224d5656b80 JavaThread "pool-1-thread-1" [_thread_blocked, id=3708, stack(0x0000005fa5600000,0x0000005fa5700000)]
  0x00000224d565ad50 JavaThread "Timer-0" [_thread_blocked, id=4112, stack(0x0000005fa4900000,0x0000005fa4a00000)]
  0x00000224d56575a0 JavaThread "Exec process" [_thread_blocked, id=3132, stack(0x0000005fa4500000,0x0000005fa4600000)]
  0x00000224d5659400 JavaThread "Exec process Thread 2" [_thread_blocked, id=820, stack(0x0000005fa5800000,0x0000005fa5900000)]
  0x00000224d565b260 JavaThread "Exec process Thread 3" [_thread_blocked, id=10980, stack(0x0000005fa5900000,0x0000005fa5a00000)]
  0x00000224d5655230 JavaThread "Timer-1" [_thread_blocked, id=8088, stack(0x0000005fa5a00000,0x0000005fa5b00000)]
  0x00000224d5658ef0 JavaThread "Worker-4" [_thread_blocked, id=9752, stack(0x0000005fa5c00000,0x0000005fa5d00000)]
  0x00000224d5654300 JavaThread "Compiler Source File Reader" daemon [_thread_blocked, id=6320, stack(0x0000005fa5d00000,0x0000005fa5e00000)]
  0x00000224d5655c50 JavaThread "Compiler Source File Reader" daemon [_thread_blocked, id=7528, stack(0x0000005fa5e00000,0x0000005fa5f00000)]
  0x00000224d777baf0 JavaThread "C2 CompilerThread1" daemon [_thread_blocked, id=6448, stack(0x0000005fa5b00000,0x0000005fa5c00000)]
  0x00000224d5656670 JavaThread "Compiler Processing Task" daemon [_thread_blocked, id=4504, stack(0x0000005fa5f00000,0x0000005fa6000000)]
  0x00000224d547ec60 JavaThread "Worker-5" [_thread_blocked, id=1256, stack(0x0000005fa6000000,0x0000005fa6100000)]
  0x00000224d5653df0 JavaThread "ForkJoinPool.commonPool-worker-1" daemon [_thread_blocked, id=6420, stack(0x0000005fa6100000,0x0000005fa6200000)]
  0x00000224d93cfa50 JavaThread "ForkJoinPool.commonPool-worker-2" daemon [_thread_blocked, id=7364, stack(0x0000005fa6200000,0x0000005fa6300000)]
  0x00000224d93cd6e0 JavaThread "ForkJoinPool.commonPool-worker-3" daemon [_thread_blocked, id=6700, stack(0x0000005fa6300000,0x0000005fa6400000)]
  0x00000224d93cb370 JavaThread "Worker-6" [_thread_blocked, id=8172, stack(0x0000005fa6400000,0x0000005fa6500000)]

Other Threads:
  0x00000224cfbceb60 VMThread "VM Thread" [stack: 0x0000005fa2f00000,0x0000005fa3000000] [id=1736]
  0x00000224d5087070 WatcherThread [stack: 0x0000005fa3b00000,0x0000005fa3c00000] [id=3812]
  0x00000224b9e792f0 GCTaskThread "GC Thread#0" [stack: 0x0000005fa2e00000,0x0000005fa2f00000] [id=2652]
=>0x00000224d5a03840 GCTaskThread "GC Thread#1" [stack: 0x0000005fa3c00000,0x0000005fa3d00000] [id=1104]
  0x00000224d5a06020 GCTaskThread "GC Thread#2" [stack: 0x0000005fa3d00000,0x0000005fa3e00000] [id=580]
  0x00000224d5a062e0 GCTaskThread "GC Thread#3" [stack: 0x0000005fa3e00000,0x0000005fa3f00000] [id=13132]

Threads with active compile tasks:
C2 CompilerThread0    43265 8283       4       org.eclipse.jdt.internal.compiler.lookup.BinaryTypeBinding::createMethod (1724 bytes)
C2 CompilerThread1    43265 10486       4       java.util.HashMap::get (19 bytes)

VM state: at safepoint (normal execution)

VM Mutex/Monitor currently owned by a thread:  ([mutex/lock_event])
[0x00000224b9e5eea0] Threads_lock - owner thread: 0x00000224cfbceb60
[0x00000224b9e5d670] Heap_lock - owner thread: 0x00000224d5659910

Heap address: 0x00000000c0000000, size: 1024 MB, Compressed Oops mode: 32-bit

CDS archive(s) not mapped
Compressed class space mapped at: 0x0000000100000000-0x0000000140000000, reserved size: 1073741824
Narrow klass base: 0x0000000000000000, Narrow klass shift: 3, Narrow klass range: 0x140000000

GC Precious Log:
 CPUs: 4 total, 4 available
 Memory: 7854M
 Large Page Support: Disabled
 NUMA Support: Disabled
 Compressed Oops: Enabled (32-bit)
 Alignments: Space 512K, Generation 512K, Heap 2M
 Heap Min Capacity: 100M
 Heap Initial Capacity: 100M
 Heap Max Capacity: 1G
 Pre-touch: Disabled
 Parallel Workers: 4

Heap:
 PSYoungGen      total 4096K, used 832K [0x00000000eab00000, 0x00000000eb080000, 0x0000000100000000)
  eden space 3072K, 0% used [0x00000000eab00000,0x00000000eab00000,0x00000000eae00000)
  from space 1024K, 81% used [0x00000000eaf80000,0x00000000eb050000,0x00000000eb080000)
  to   space 1024K, 0% used [0x00000000eae80000,0x00000000eae80000,0x00000000eaf80000)
 ParOldGen       total 141824K, used 141711K [0x00000000c0000000, 0x00000000c8a80000, 0x00000000eab00000)
  object space 141824K, 99% used [0x00000000c0000000,0x00000000c8a63e30,0x00000000c8a80000)
 Metaspace       used 82120K, committed 83392K, reserved 1179648K
  class space    used 9169K, committed 9728K, reserved 1048576K

Card table byte_map: [0x00000224cd4c0000,0x00000224cd6d0000] _byte_map_base: 0x00000224ccec0000

Marking Bits: (ParMarkBitMap*) 0x00007ffdbdda58b0
 Begin Bits: [0x00000224cd830000, 0x00000224ce830000)
 End Bits:   [0x00000224ce830000, 0x00000224cf830000)

Polling page: 0x00000224b9d20000

Metaspace:

Usage:
  Non-class:     71.24 MB used.
      Class:      8.95 MB used.
       Both:     80.20 MB used.

Virtual space:
  Non-class space:      128.00 MB reserved,      71.94 MB ( 56%) committed,  2 nodes.
      Class space:        1.00 GB reserved,       9.50 MB ( <1%) committed,  1 nodes.
             Both:        1.12 GB reserved,      81.44 MB (  7%) committed. 

Chunk freelists:
   Non-Class:  8.03 MB
       Class:  6.53 MB
        Both:  14.56 MB

MaxMetaspaceSize: unlimited
CompressedClassSpaceSize: 1.00 GB
Initial GC threshold: 21.00 MB
Current GC threshold: 135.56 MB
CDS: off
MetaspaceReclaimPolicy: balanced
 - commit_granule_bytes: 65536.
 - commit_granule_words: 8192.
 - virtual_space_node_default_size: 8388608.
 - enlarge_chunks_in_place: 1.
 - new_chunks_are_fully_committed: 0.
 - uncommit_free_chunks: 1.
 - use_allocation_guard: 0.
 - handle_deallocations: 1.


Internal statistics:

num_allocs_failed_limit: 9.
num_arena_births: 834.
num_arena_deaths: 22.
num_vsnodes_births: 3.
num_vsnodes_deaths: 0.
num_space_committed: 1303.
num_space_uncommitted: 0.
num_chunks_returned_to_freelist: 31.
num_chunks_taken_from_freelist: 4241.
num_chunk_merges: 11.
num_chunk_splits: 2641.
num_chunks_enlarged: 1585.
num_inconsistent_stats: 0.

CodeHeap 'non-profiled nmethods': size=120000Kb used=5648Kb max_used=5648Kb free=114351Kb
 bounds [0x00000224c5db0000, 0x00000224c6340000, 0x00000224cd2e0000]
CodeHeap 'profiled nmethods': size=120000Kb used=19784Kb max_used=19784Kb free=100216Kb
 bounds [0x00000224be2e0000, 0x00000224bf640000, 0x00000224c5810000]
CodeHeap 'non-nmethods': size=5760Kb used=1394Kb max_used=1465Kb free=4365Kb
 bounds [0x00000224c5810000, 0x00000224c5a80000, 0x00000224c5db0000]
 total_blobs=9782 nmethods=9026 adapters=668
 compilation: enabled
              stopped_count=0, restarted_count=0
 full_count=0

Compilation events (20 events):
Event: 43.083 Thread 0x00000224d777baf0 nmethod 10066 0x00000224c632f990 code [0x00000224c632fb00, 0x00000224c632fbd8]
Event: 43.083 Thread 0x00000224d777baf0 10095       4       org.eclipse.jdt.internal.compiler.lookup.LookupEnvironment::getPackage0 (12 bytes)
Event: 43.099 Thread 0x00000224d777baf0 nmethod 10095 0x00000224c632fd10 code [0x00000224c632fec0, 0x00000224c63305f8]
Event: 43.099 Thread 0x00000224d777baf0 10069       4       com.google.gson.stream.JsonReader::beginArray (52 bytes)
Event: 43.101 Thread 0x00000224d777baf0 nmethod 10069 0x00000224c6330b10 code [0x00000224c6330ca0, 0x00000224c6330df8]
Event: 43.101 Thread 0x00000224d777baf0 10070       4       com.google.gson.stream.JsonReader::endArray (60 bytes)
Event: 43.103 Thread 0x00000224d777baf0 nmethod 10070 0x00000224c6330f90 code [0x00000224c6331100, 0x00000224c6331218]
Event: 43.103 Thread 0x00000224d777baf0 9953       4       org.eclipse.jdt.internal.compiler.classfmt.MethodInfo::getArgumentNames (16 bytes)
Event: 43.104 Thread 0x00000224d777baf0 nmethod 9953 0x00000224c6331310 code [0x00000224c63314a0, 0x00000224c6331548]
Event: 43.104 Thread 0x00000224d777baf0 10395       4       lombok.core.LombokImmutableList$1::hasNext (19 bytes)
Event: 43.105 Thread 0x00000224d777baf0 nmethod 10395 0x00000224c6331610 code [0x00000224c6331780, 0x00000224c6331838]
Event: 43.105 Thread 0x00000224d777baf0 9929       4       org.eclipse.jdt.internal.compiler.lookup.Binding::<init> (5 bytes)
Event: 43.105 Thread 0x00000224d777baf0 nmethod 9929 0x00000224c6331910 code [0x00000224c6331a80, 0x00000224c6331af8]
Event: 43.105 Thread 0x00000224d777baf0 10473   !   4       org.eclipse.jdt.internal.core.search.indexing.AbstractIndexer::addMethodDeclaration (42 bytes)
Event: 43.119 Thread 0x00000224d777baf0 nmethod 10473 0x00000224c6331c10 code [0x00000224c6331de0, 0x00000224c63326a8]
Event: 43.119 Thread 0x00000224d777baf0 10483       4       org.eclipse.jdt.internal.core.ClassFile::<init> (56 bytes)
Event: 43.127 Thread 0x00000224cfc48550 10488       2       org.eclipse.jdt.internal.core.search.indexing.BinaryIndexer::addBinaryStandardAnnotations (238 bytes)
Event: 43.129 Thread 0x00000224cfc48550 nmethod 10488 0x00000224bf630010 code [0x00000224bf630460, 0x00000224bf631288]
Event: 43.138 Thread 0x00000224d777baf0 nmethod 10483 0x00000224c6332c90 code [0x00000224c6332e80, 0x00000224c6333978]
Event: 43.138 Thread 0x00000224d777baf0 10486       4       java.util.HashMap::get (19 bytes)

GC Heap History (20 events):
Event: 42.728 GC heap after
{Heap after GC invocations=84 (full 6):
 PSYoungGen      total 5632K, used 990K [0x00000000eab00000, 0x00000000eb180000, 0x0000000100000000)
  eden space 4096K, 0% used [0x00000000eab00000,0x00000000eab00000,0x00000000eaf00000)
  from space 1536K, 64% used [0x00000000eaf00000,0x00000000eaff7b58,0x00000000eb080000)
  to   space 1024K, 0% used [0x00000000eb080000,0x00000000eb080000,0x00000000eb180000)
 ParOldGen       total 141824K, used 133603K [0x00000000c0000000, 0x00000000c8a80000, 0x00000000eab00000)
  object space 141824K, 94% used [0x00000000c0000000,0x00000000c8278da8,0x00000000c8a80000)
 Metaspace       used 82028K, committed 83264K, reserved 1179648K
  class space    used 9165K, committed 9728K, reserved 1048576K
}
Event: 42.750 GC heap before
{Heap before GC invocations=85 (full 6):
 PSYoungGen      total 5632K, used 5086K [0x00000000eab00000, 0x00000000eb180000, 0x0000000100000000)
  eden space 4096K, 100% used [0x00000000eab00000,0x00000000eaf00000,0x00000000eaf00000)
  from space 1536K, 64% used [0x00000000eaf00000,0x00000000eaff7b58,0x00000000eb080000)
  to   space 1024K, 0% used [0x00000000eb080000,0x00000000eb080000,0x00000000eb180000)
 ParOldGen       total 141824K, used 133603K [0x00000000c0000000, 0x00000000c8a80000, 0x00000000eab00000)
  object space 141824K, 94% used [0x00000000c0000000,0x00000000c8278da8,0x00000000c8a80000)
 Metaspace       used 82028K, committed 83264K, reserved 1179648K
  class space    used 9165K, committed 9728K, reserved 1048576K
}
Event: 42.755 GC heap after
{Heap after GC invocations=85 (full 6):
 PSYoungGen      total 5120K, used 1018K [0x00000000eab00000, 0x00000000eb180000, 0x0000000100000000)
  eden space 4096K, 0% used [0x00000000eab00000,0x00000000eab00000,0x00000000eaf00000)
  from space 1024K, 99% used [0x00000000eb080000,0x00000000eb17e9a0,0x00000000eb180000)
  to   space 1024K, 0% used [0x00000000eaf80000,0x00000000eaf80000,0x00000000eb080000)
 ParOldGen       total 141824K, used 134518K [0x00000000c0000000, 0x00000000c8a80000, 0x00000000eab00000)
  object space 141824K, 94% used [0x00000000c0000000,0x00000000c835dba8,0x00000000c8a80000)
 Metaspace       used 82028K, committed 83264K, reserved 1179648K
  class space    used 9165K, committed 9728K, reserved 1048576K
}
Event: 42.839 GC heap before
{Heap before GC invocations=86 (full 6):
 PSYoungGen      total 5120K, used 5113K [0x00000000eab00000, 0x00000000eb180000, 0x0000000100000000)
  eden space 4096K, 99% used [0x00000000eab00000,0x00000000eaeffc08,0x00000000eaf00000)
  from space 1024K, 99% used [0x00000000eb080000,0x00000000eb17e9a0,0x00000000eb180000)
  to   space 1024K, 0% used [0x00000000eaf80000,0x00000000eaf80000,0x00000000eb080000)
 ParOldGen       total 141824K, used 134518K [0x00000000c0000000, 0x00000000c8a80000, 0x00000000eab00000)
  object space 141824K, 94% used [0x00000000c0000000,0x00000000c835dba8,0x00000000c8a80000)
 Metaspace       used 82063K, committed 83328K, reserved 1179648K
  class space    used 9167K, committed 9728K, reserved 1048576K
}
Event: 42.842 GC heap after
{Heap after GC invocations=86 (full 6):
 PSYoungGen      total 5120K, used 992K [0x00000000eab00000, 0x00000000eb100000, 0x0000000100000000)
  eden space 4096K, 0% used [0x00000000eab00000,0x00000000eab00000,0x00000000eaf00000)
  from space 1024K, 96% used [0x00000000eaf80000,0x00000000eb078020,0x00000000eb080000)
  to   space 512K, 0% used [0x00000000eb080000,0x00000000eb080000,0x00000000eb100000)
 ParOldGen       total 141824K, used 135410K [0x00000000c0000000, 0x00000000c8a80000, 0x00000000eab00000)
  object space 141824K, 95% used [0x00000000c0000000,0x00000000c843c8f8,0x00000000c8a80000)
 Metaspace       used 82063K, committed 83328K, reserved 1179648K
  class space    used 9167K, committed 9728K, reserved 1048576K
}
Event: 42.898 GC heap before
{Heap before GC invocations=87 (full 6):
 PSYoungGen      total 5120K, used 5088K [0x00000000eab00000, 0x00000000eb100000, 0x0000000100000000)
  eden space 4096K, 100% used [0x00000000eab00000,0x00000000eaf00000,0x00000000eaf00000)
  from space 1024K, 96% used [0x00000000eaf80000,0x00000000eb078020,0x00000000eb080000)
  to   space 512K, 0% used [0x00000000eb080000,0x00000000eb080000,0x00000000eb100000)
 ParOldGen       total 141824K, used 135410K [0x00000000c0000000, 0x00000000c8a80000, 0x00000000eab00000)
  object space 141824K, 95% used [0x00000000c0000000,0x00000000c843c8f8,0x00000000c8a80000)
 Metaspace       used 82063K, committed 83328K, reserved 1179648K
  class space    used 9167K, committed 9728K, reserved 1048576K
}
Event: 42.902 GC heap after
{Heap after GC invocations=87 (full 6):
 PSYoungGen      total 3584K, used 480K [0x00000000eab00000, 0x00000000eb400000, 0x0000000100000000)
  eden space 3072K, 0% used [0x00000000eab00000,0x00000000eab00000,0x00000000eae00000)
  from space 512K, 93% used [0x00000000eb080000,0x00000000eb0f8060,0x00000000eb100000)
  to   space 2560K, 0% used [0x00000000eae00000,0x00000000eae00000,0x00000000eb080000)
 ParOldGen       total 141824K, used 136868K [0x00000000c0000000, 0x00000000c8a80000, 0x00000000eab00000)
  object space 141824K, 96% used [0x00000000c0000000,0x00000000c85a9260,0x00000000c8a80000)
 Metaspace       used 82063K, committed 83328K, reserved 1179648K
  class space    used 9167K, committed 9728K, reserved 1048576K
}
Event: 42.933 GC heap before
{Heap before GC invocations=88 (full 6):
 PSYoungGen      total 3584K, used 3552K [0x00000000eab00000, 0x00000000eb400000, 0x0000000100000000)
  eden space 3072K, 100% used [0x00000000eab00000,0x00000000eae00000,0x00000000eae00000)
  from space 512K, 93% used [0x00000000eb080000,0x00000000eb0f8060,0x00000000eb100000)
  to   space 2560K, 0% used [0x00000000eae00000,0x00000000eae00000,0x00000000eb080000)
 ParOldGen       total 141824K, used 136868K [0x00000000c0000000, 0x00000000c8a80000, 0x00000000eab00000)
  object space 141824K, 96% used [0x00000000c0000000,0x00000000c85a9260,0x00000000c8a80000)
 Metaspace       used 82069K, committed 83328K, reserved 1179648K
  class space    used 9167K, committed 9728K, reserved 1048576K
}
Event: 42.936 GC heap after
{Heap after GC invocations=88 (full 6):
 PSYoungGen      total 4096K, used 851K [0x00000000eab00000, 0x00000000eb100000, 0x0000000100000000)
  eden space 3072K, 0% used [0x00000000eab00000,0x00000000eab00000,0x00000000eae00000)
  from space 1024K, 83% used [0x00000000eae00000,0x00000000eaed4ee0,0x00000000eaf00000)
  to   space 1536K, 0% used [0x00000000eaf80000,0x00000000eaf80000,0x00000000eb100000)
 ParOldGen       total 141824K, used 137332K [0x00000000c0000000, 0x00000000c8a80000, 0x00000000eab00000)
  object space 141824K, 96% used [0x00000000c0000000,0x00000000c861d2c0,0x00000000c8a80000)
 Metaspace       used 82069K, committed 83328K, reserved 1179648K
  class space    used 9167K, committed 9728K, reserved 1048576K
}
Event: 42.952 GC heap before
{Heap before GC invocations=89 (full 6):
 PSYoungGen      total 4096K, used 3923K [0x00000000eab00000, 0x00000000eb100000, 0x0000000100000000)
  eden space 3072K, 100% used [0x00000000eab00000,0x00000000eae00000,0x00000000eae00000)
  from space 1024K, 83% used [0x00000000eae00000,0x00000000eaed4ee0,0x00000000eaf00000)
  to   space 1536K, 0% used [0x00000000eaf80000,0x00000000eaf80000,0x00000000eb100000)
 ParOldGen       total 141824K, used 137332K [0x00000000c0000000, 0x00000000c8a80000, 0x00000000eab00000)
  object space 141824K, 96% used [0x00000000c0000000,0x00000000c861d2c0,0x00000000c8a80000)
 Metaspace       used 82084K, committed 83328K, reserved 1179648K
  class space    used 9168K, committed 9728K, reserved 1048576K
}
Event: 42.955 GC heap after
{Heap after GC invocations=89 (full 6):
 PSYoungGen      total 4096K, used 707K [0x00000000eab00000, 0x00000000eb080000, 0x0000000100000000)
  eden space 3072K, 0% used [0x00000000eab00000,0x00000000eab00000,0x00000000eae00000)
  from space 1024K, 69% used [0x00000000eaf80000,0x00000000eb030fe8,0x00000000eb080000)
  to   space 1024K, 0% used [0x00000000eae00000,0x00000000eae00000,0x00000000eaf00000)
 ParOldGen       total 141824K, used 138117K [0x00000000c0000000, 0x00000000c8a80000, 0x00000000eab00000)
  object space 141824K, 97% used [0x00000000c0000000,0x00000000c86e16a0,0x00000000c8a80000)
 Metaspace       used 82084K, committed 83328K, reserved 1179648K
  class space    used 9168K, committed 9728K, reserved 1048576K
}
Event: 42.998 GC heap before
{Heap before GC invocations=90 (full 6):
 PSYoungGen      total 4096K, used 3779K [0x00000000eab00000, 0x00000000eb080000, 0x0000000100000000)
  eden space 3072K, 99% used [0x00000000eab00000,0x00000000eadfffe8,0x00000000eae00000)
  from space 1024K, 69% used [0x00000000eaf80000,0x00000000eb030fe8,0x00000000eb080000)
  to   space 1024K, 0% used [0x00000000eae00000,0x00000000eae00000,0x00000000eaf00000)
 ParOldGen       total 141824K, used 138117K [0x00000000c0000000, 0x00000000c8a80000, 0x00000000eab00000)
  object space 141824K, 97% used [0x00000000c0000000,0x00000000c86e16a0,0x00000000c8a80000)
 Metaspace       used 82108K, committed 83392K, reserved 1179648K
  class space    used 9168K, committed 9728K, reserved 1048576K
}
Event: 43.001 GC heap after
{Heap after GC invocations=90 (full 6):
 PSYoungGen      total 4096K, used 1003K [0x00000000eab00000, 0x00000000eb200000, 0x0000000100000000)
  eden space 3072K, 0% used [0x00000000eab00000,0x00000000eab00000,0x00000000eae00000)
  from space 1024K, 98% used [0x00000000eae00000,0x00000000eaefaff0,0x00000000eaf00000)
  to   space 2048K, 0% used [0x00000000eb000000,0x00000000eb000000,0x00000000eb200000)
 ParOldGen       total 141824K, used 138786K [0x00000000c0000000, 0x00000000c8a80000, 0x00000000eab00000)
  object space 141824K, 97% used [0x00000000c0000000,0x00000000c8788ae8,0x00000000c8a80000)
 Metaspace       used 82108K, committed 83392K, reserved 1179648K
  class space    used 9168K, committed 9728K, reserved 1048576K
}
Event: 43.031 GC heap before
{Heap before GC invocations=91 (full 6):
 PSYoungGen      total 4096K, used 4075K [0x00000000eab00000, 0x00000000eb200000, 0x0000000100000000)
  eden space 3072K, 100% used [0x00000000eab00000,0x00000000eae00000,0x00000000eae00000)
  from space 1024K, 98% used [0x00000000eae00000,0x00000000eaefaff0,0x00000000eaf00000)
  to   space 2048K, 0% used [0x00000000eb000000,0x00000000eb000000,0x00000000eb200000)
 ParOldGen       total 141824K, used 138786K [0x00000000c0000000, 0x00000000c8a80000, 0x00000000eab00000)
  object space 141824K, 97% used [0x00000000c0000000,0x00000000c8788ae8,0x00000000c8a80000)
 Metaspace       used 82108K, committed 83392K, reserved 1179648K
  class space    used 9168K, committed 9728K, reserved 1048576K
}
Event: 43.033 GC heap after
{Heap after GC invocations=91 (full 6):
 PSYoungGen      total 4096K, used 778K [0x00000000eab00000, 0x00000000eb100000, 0x0000000100000000)
  eden space 3072K, 0% used [0x00000000eab00000,0x00000000eab00000,0x00000000eae00000)
  from space 1024K, 76% used [0x00000000eb000000,0x00000000eb0c2a18,0x00000000eb100000)
  to   space 1536K, 0% used [0x00000000eae00000,0x00000000eae00000,0x00000000eaf80000)
 ParOldGen       total 141824K, used 139751K [0x00000000c0000000, 0x00000000c8a80000, 0x00000000eab00000)
  object space 141824K, 98% used [0x00000000c0000000,0x00000000c8879c00,0x00000000c8a80000)
 Metaspace       used 82108K, committed 83392K, reserved 1179648K
  class space    used 9168K, committed 9728K, reserved 1048576K
}
Event: 43.115 GC heap before
{Heap before GC invocations=92 (full 6):
 PSYoungGen      total 4096K, used 3850K [0x00000000eab00000, 0x00000000eb100000, 0x0000000100000000)
  eden space 3072K, 100% used [0x00000000eab00000,0x00000000eae00000,0x00000000eae00000)
  from space 1024K, 76% used [0x00000000eb000000,0x00000000eb0c2a18,0x00000000eb100000)
  to   space 1536K, 0% used [0x00000000eae00000,0x00000000eae00000,0x00000000eaf80000)
 ParOldGen       total 141824K, used 139751K [0x00000000c0000000, 0x00000000c8a80000, 0x00000000eab00000)
  object space 141824K, 98% used [0x00000000c0000000,0x00000000c8879c00,0x00000000c8a80000)
 Metaspace       used 82109K, committed 83392K, reserved 1179648K
  class space    used 9168K, committed 9728K, reserved 1048576K
}
Event: 43.117 GC heap after
{Heap after GC invocations=92 (full 6):
 PSYoungGen      total 4608K, used 1280K [0x00000000eab00000, 0x00000000eb100000, 0x0000000100000000)
  eden space 3072K, 0% used [0x00000000eab00000,0x00000000eab00000,0x00000000eae00000)
  from space 1536K, 83% used [0x00000000eae00000,0x00000000eaf40000,0x00000000eaf80000)
  to   space 1536K, 0% used [0x00000000eaf80000,0x00000000eaf80000,0x00000000eb100000)
 ParOldGen       total 141824K, used 140487K [0x00000000c0000000, 0x00000000c8a80000, 0x00000000eab00000)
  object space 141824K, 99% used [0x00000000c0000000,0x00000000c8931e30,0x00000000c8a80000)
 Metaspace       used 82109K, committed 83392K, reserved 1179648K
  class space    used 9168K, committed 9728K, reserved 1048576K
}
Event: 43.140 GC heap before
{Heap before GC invocations=93 (full 6):
 PSYoungGen      total 4608K, used 4352K [0x00000000eab00000, 0x00000000eb100000, 0x0000000100000000)
  eden space 3072K, 100% used [0x00000000eab00000,0x00000000eae00000,0x00000000eae00000)
  from space 1536K, 83% used [0x00000000eae00000,0x00000000eaf40000,0x00000000eaf80000)
  to   space 1536K, 0% used [0x00000000eaf80000,0x00000000eaf80000,0x00000000eb100000)
 ParOldGen       total 141824K, used 140487K [0x00000000c0000000, 0x00000000c8a80000, 0x00000000eab00000)
  object space 141824K, 99% used [0x00000000c0000000,0x00000000c8931e30,0x00000000c8a80000)
 Metaspace       used 82120K, committed 83392K, reserved 1179648K
  class space    used 9169K, committed 9728K, reserved 1048576K
}
Event: 43.144 GC heap after
{Heap after GC invocations=93 (full 6):
 PSYoungGen      total 4096K, used 832K [0x00000000eab00000, 0x00000000eb080000, 0x0000000100000000)
  eden space 3072K, 0% used [0x00000000eab00000,0x00000000eab00000,0x00000000eae00000)
  from space 1024K, 81% used [0x00000000eaf80000,0x00000000eb050000,0x00000000eb080000)
  to   space 1024K, 0% used [0x00000000eae80000,0x00000000eae80000,0x00000000eaf80000)
 ParOldGen       total 141824K, used 141711K [0x00000000c0000000, 0x00000000c8a80000, 0x00000000eab00000)
  object space 141824K, 99% used [0x00000000c0000000,0x00000000c8a63e30,0x00000000c8a80000)
 Metaspace       used 82120K, committed 83392K, reserved 1179648K
  class space    used 9169K, committed 9728K, reserved 1048576K
}
Event: 43.144 GC heap before
{Heap before GC invocations=94 (full 7):
 PSYoungGen      total 4096K, used 832K [0x00000000eab00000, 0x00000000eb080000, 0x0000000100000000)
  eden space 3072K, 0% used [0x00000000eab00000,0x00000000eab00000,0x00000000eae00000)
  from space 1024K, 81% used [0x00000000eaf80000,0x00000000eb050000,0x00000000eb080000)
  to   space 1024K, 0% used [0x00000000eae80000,0x00000000eae80000,0x00000000eaf80000)
 ParOldGen       total 141824K, used 141711K [0x00000000c0000000, 0x00000000c8a80000, 0x00000000eab00000)
  object space 141824K, 99% used [0x00000000c0000000,0x00000000c8a63e30,0x00000000c8a80000)
 Metaspace       used 82120K, committed 83392K, reserved 1179648K
  class space    used 9169K, committed 9728K, reserved 1048576K
}

Dll operation events (15 events):
Event: 0.014 Loaded shared library c:\Users\bayes\.vscode\extensions\redhat.java-1.35.0-win32-x64\jre\17.0.12-win32-x86_64\bin\java.dll
Event: 0.700 Loaded shared library c:\Users\bayes\.vscode\extensions\redhat.java-1.35.0-win32-x64\jre\17.0.12-win32-x86_64\bin\zip.dll
Event: 0.764 Loaded shared library C:\Users\bayes\.vscode\extensions\redhat.java-1.35.0-win32-x64\jre\17.0.12-win32-x86_64\bin\instrument.dll
Event: 0.792 Loaded shared library C:\Users\bayes\.vscode\extensions\redhat.java-1.35.0-win32-x64\jre\17.0.12-win32-x86_64\bin\net.dll
Event: 0.797 Loaded shared library C:\Users\bayes\.vscode\extensions\redhat.java-1.35.0-win32-x64\jre\17.0.12-win32-x86_64\bin\nio.dll
Event: 0.847 Loaded shared library C:\Users\bayes\.vscode\extensions\redhat.java-1.35.0-win32-x64\jre\17.0.12-win32-x86_64\bin\zip.dll
Event: 0.895 Loaded shared library C:\Users\bayes\.vscode\extensions\redhat.java-1.35.0-win32-x64\jre\17.0.12-win32-x86_64\bin\jimage.dll
Event: 1.168 Loaded shared library c:\Users\bayes\.vscode\extensions\redhat.java-1.35.0-win32-x64\jre\17.0.12-win32-x86_64\bin\verify.dll
Event: 4.480 Loaded shared library C:\Users\bayes\AppData\Roaming\Code\User\globalStorage\redhat.java\1.35.0\config_win\org.eclipse.equinox.launcher\org.eclipse.equinox.launcher.win32.win32.x86_64_1.2.1100.v20240722-2106\eclipse_11904.dll
Event: 7.247 Loaded shared library C:\Users\bayes\AppData\Local\Temp\jna-93514312\jna2928356459026685408.dll
Event: 16.309 Loaded shared library C:\Users\bayes\.gradle\native\c067742578af261105cb4f569cf0c3c89f3d7b1fecec35dd04571415982c5e48\windows-amd64\native-platform.dll
Event: 19.308 Loaded shared library C:\Users\bayes\.vscode\extensions\redhat.java-1.35.0-win32-x64\jre\17.0.12-win32-x86_64\bin\management.dll
Event: 19.312 Loaded shared library C:\Users\bayes\.vscode\extensions\redhat.java-1.35.0-win32-x64\jre\17.0.12-win32-x86_64\bin\management_ext.dll
Event: 21.033 Loaded shared library C:\Users\bayes\.vscode\extensions\redhat.java-1.35.0-win32-x64\jre\17.0.12-win32-x86_64\bin\extnet.dll
Event: 21.133 Loaded shared library C:\Users\bayes\.vscode\extensions\redhat.java-1.35.0-win32-x64\jre\17.0.12-win32-x86_64\bin\sunmscapi.dll

Deoptimization events (20 events):
Event: 42.154 Thread 0x00000224d5659910 DEOPT PACKING pc=0x00000224bf37b954 sp=0x0000005fa4cfe620
Event: 42.154 Thread 0x00000224d5659910 DEOPT UNPACKING pc=0x00000224c5866e43 sp=0x0000005fa4cfda98 mode 0
Event: 42.680 Thread 0x00000224d5659910 DEOPT PACKING pc=0x00000224bf37c396 sp=0x0000005fa4cfe580
Event: 42.680 Thread 0x00000224d5659910 DEOPT UNPACKING pc=0x00000224c5866e43 sp=0x0000005fa4cfda78 mode 0
Event: 42.697 Thread 0x00000224d5659910 DEOPT PACKING pc=0x00000224bf15437c sp=0x0000005fa4cfe7a0
Event: 42.697 Thread 0x00000224d5659910 DEOPT UNPACKING pc=0x00000224c5866e43 sp=0x0000005fa4cfdc08 mode 0
Event: 42.937 Thread 0x00000224d93cd6e0 Uncommon trap: trap_request=0xffffffde fr.pc=0x00000224c62e68ec relative=0x000000000000278c
Event: 42.937 Thread 0x00000224d93cd6e0 Uncommon trap: reason=class_check action=maybe_recompile pc=0x00000224c62e68ec method=org.eclipse.jdt.internal.compiler.parser.Parser.consumeToken(I)V @ 1312 c2
Event: 42.937 Thread 0x00000224d93cd6e0 DEOPT PACKING pc=0x00000224c62e68ec sp=0x0000005fa63fe420
Event: 42.937 Thread 0x00000224d93cd6e0 DEOPT UNPACKING pc=0x00000224c58666a3 sp=0x0000005fa63fe3f0 mode 2
Event: 42.938 Thread 0x00000224d93cd6e0 Uncommon trap: trap_request=0xffffffde fr.pc=0x00000224c62e68ec relative=0x000000000000278c
Event: 42.938 Thread 0x00000224d93cd6e0 Uncommon trap: reason=class_check action=maybe_recompile pc=0x00000224c62e68ec method=org.eclipse.jdt.internal.compiler.parser.Parser.consumeToken(I)V @ 1312 c2
Event: 42.938 Thread 0x00000224d93cd6e0 DEOPT PACKING pc=0x00000224c62e68ec sp=0x0000005fa63fe420
Event: 42.938 Thread 0x00000224d93cd6e0 DEOPT UNPACKING pc=0x00000224c58666a3 sp=0x0000005fa63fe3f0 mode 2
Event: 42.938 Thread 0x00000224d93cd6e0 Uncommon trap: trap_request=0xffffffde fr.pc=0x00000224c62e68ec relative=0x000000000000278c
Event: 42.938 Thread 0x00000224d93cd6e0 Uncommon trap: reason=class_check action=maybe_recompile pc=0x00000224c62e68ec method=org.eclipse.jdt.internal.compiler.parser.Parser.consumeToken(I)V @ 1312 c2
Event: 42.938 Thread 0x00000224d93cd6e0 DEOPT PACKING pc=0x00000224c62e68ec sp=0x0000005fa63fe420
Event: 42.938 Thread 0x00000224d93cd6e0 DEOPT UNPACKING pc=0x00000224c58666a3 sp=0x0000005fa63fe3f0 mode 2
Event: 43.064 Thread 0x00000224d93cd6e0 DEOPT PACKING pc=0x00000224bf62069b sp=0x0000005fa63fdbd0
Event: 43.065 Thread 0x00000224d93cd6e0 DEOPT UNPACKING pc=0x00000224c5866e43 sp=0x0000005fa63fd0e8 mode 0

Classes loaded (20 events):
Event: 38.222 Loading class com/sun/crypto/provider/PKCS5Padding
Event: 38.224 Loading class com/sun/crypto/provider/Padding
Event: 38.224 Loading class com/sun/crypto/provider/Padding done
Event: 38.224 Loading class com/sun/crypto/provider/PKCS5Padding done
Event: 38.224 Loading class com/sun/crypto/provider/CipherBlockChaining
Event: 38.225 Loading class com/sun/crypto/provider/CipherBlockChaining done
Event: 38.225 Loading class javax/crypto/NullCipher
Event: 38.225 Loading class javax/crypto/NullCipher done
Event: 38.225 Loading class sun/security/util/ArrayUtil
Event: 38.225 Loading class sun/security/util/ArrayUtil done
Event: 38.526 Loading class javax/xml/transform/TransformerConfigurationException
Event: 38.526 Loading class javax/xml/transform/TransformerConfigurationException done
Event: 38.587 Loading class java/util/LinkedList$LLSpliterator
Event: 38.587 Loading class java/util/LinkedList$LLSpliterator done
Event: 38.799 Loading class java/util/zip/GZIPInputStream$1
Event: 38.799 Loading class java/util/zip/GZIPInputStream$1 done
Event: 39.494 Loading class java/util/stream/ReferencePipeline$15
Event: 39.494 Loading class java/util/stream/ReferencePipeline$15 done
Event: 39.495 Loading class java/util/stream/ReferencePipeline$15$1
Event: 39.496 Loading class java/util/stream/ReferencePipeline$15$1 done

Classes unloaded (11 events):
Event: 9.795 Thread 0x00000224cfbceb60 Unloading class 0x0000000100381000 'java/lang/invoke/LambdaForm$MH+0x0000000100381000'
Event: 9.795 Thread 0x00000224cfbceb60 Unloading class 0x0000000100380800 'java/lang/invoke/LambdaForm$MH+0x0000000100380800'
Event: 9.795 Thread 0x00000224cfbceb60 Unloading class 0x0000000100380400 'java/lang/invoke/LambdaForm$DMH+0x0000000100380400'
Event: 9.795 Thread 0x00000224cfbceb60 Unloading class 0x0000000100379400 'java/lang/invoke/LambdaForm$MH+0x0000000100379400'
Event: 9.795 Thread 0x00000224cfbceb60 Unloading class 0x0000000100250400 'java/lang/invoke/LambdaForm$MH+0x0000000100250400'
Event: 9.795 Thread 0x00000224cfbceb60 Unloading class 0x0000000100250000 'java/lang/invoke/LambdaForm$MH+0x0000000100250000'
Event: 9.795 Thread 0x00000224cfbceb60 Unloading class 0x000000010024fc00 'java/lang/invoke/LambdaForm$MH+0x000000010024fc00'
Event: 9.795 Thread 0x00000224cfbceb60 Unloading class 0x000000010024f800 'java/lang/invoke/LambdaForm$MH+0x000000010024f800'
Event: 9.795 Thread 0x00000224cfbceb60 Unloading class 0x000000010024f400 'java/lang/invoke/LambdaForm$BMH+0x000000010024f400'
Event: 9.795 Thread 0x00000224cfbceb60 Unloading class 0x000000010024f000 'java/lang/invoke/LambdaForm$DMH+0x000000010024f000'
Event: 9.795 Thread 0x00000224cfbceb60 Unloading class 0x000000010024c400 'java/lang/invoke/LambdaForm$DMH+0x000000010024c400'

Classes redefined (0 events):
No events

Internal exceptions (20 events):
Event: 40.500 Thread 0x00000224d5480ac0 Exception <a 'sun/nio/fs/WindowsException'{0x00000000eab481b0}> (0x00000000eab481b0) 
thrown [s\src\hotspot\share\prims\jni.cpp, line 516]
Event: 40.515 Thread 0x00000224d5659e20 Exception <a 'sun/nio/fs/WindowsException'{0x00000000eabb8878}> (0x00000000eabb8878) 
thrown [s\src\hotspot\share\prims\jni.cpp, line 516]
Event: 40.515 Thread 0x00000224d5659e20 Exception <a 'sun/nio/fs/WindowsException'{0x00000000eabb8eb0}> (0x00000000eabb8eb0) 
thrown [s\src\hotspot\share\prims\jni.cpp, line 516]
Event: 40.516 Thread 0x00000224d5659e20 Exception <a 'sun/nio/fs/WindowsException'{0x00000000eabb9968}> (0x00000000eabb9968) 
thrown [s\src\hotspot\share\prims\jni.cpp, line 516]
Event: 40.516 Thread 0x00000224d5659e20 Exception <a 'sun/nio/fs/WindowsException'{0x00000000eabb9fa0}> (0x00000000eabb9fa0) 
thrown [s\src\hotspot\share\prims\jni.cpp, line 516]
Event: 40.517 Thread 0x00000224d5659e20 Exception <a 'sun/nio/fs/WindowsException'{0x00000000eabbb3e8}> (0x00000000eabbb3e8) 
thrown [s\src\hotspot\share\prims\jni.cpp, line 516]
Event: 40.517 Thread 0x00000224d5659e20 Exception <a 'sun/nio/fs/WindowsException'{0x00000000eabbba20}> (0x00000000eabbba20) 
thrown [s\src\hotspot\share\prims\jni.cpp, line 516]
Event: 40.527 Thread 0x00000224d5659e20 Exception <a 'sun/nio/fs/WindowsException'{0x00000000eac8b550}> (0x00000000eac8b550) 
thrown [s\src\hotspot\share\prims\jni.cpp, line 516]
Event: 40.527 Thread 0x00000224d5659e20 Exception <a 'sun/nio/fs/WindowsException'{0x00000000eac8bb88}> (0x00000000eac8bb88) 
thrown [s\src\hotspot\share\prims\jni.cpp, line 516]
Event: 40.528 Thread 0x00000224d5659e20 Exception <a 'sun/nio/fs/WindowsException'{0x00000000eac8c640}> (0x00000000eac8c640) 
thrown [s\src\hotspot\share\prims\jni.cpp, line 516]
Event: 40.528 Thread 0x00000224d5659e20 Exception <a 'sun/nio/fs/WindowsException'{0x00000000eac8cc78}> (0x00000000eac8cc78) 
thrown [s\src\hotspot\share\prims\jni.cpp, line 516]
Event: 40.528 Thread 0x00000224d5659e20 Exception <a 'sun/nio/fs/WindowsException'{0x00000000eac8e0c0}> (0x00000000eac8e0c0) 
thrown [s\src\hotspot\share\prims\jni.cpp, line 516]
Event: 40.529 Thread 0x00000224d5659e20 Exception <a 'sun/nio/fs/WindowsException'{0x00000000eac8e6f8}> (0x00000000eac8e6f8) 
thrown [s\src\hotspot\share\prims\jni.cpp, line 516]
Event: 40.538 Thread 0x00000224d93cd6e0 Exception <a 'sun/nio/fs/WindowsException'{0x00000000eabde6e8}> (0x00000000eabde6e8) 
thrown [s\src\hotspot\share\prims\jni.cpp, line 516]
Event: 40.538 Thread 0x00000224d93cd6e0 Exception <a 'sun/nio/fs/WindowsException'{0x00000000ead74680}> (0x00000000ead74680) 
thrown [s\src\hotspot\share\prims\jni.cpp, line 516]
Event: 40.539 Thread 0x00000224d93cd6e0 Exception <a 'sun/nio/fs/WindowsException'{0x00000000ead78f88}> (0x00000000ead78f88) 
thrown [s\src\hotspot\share\prims\jni.cpp, line 516]
Event: 40.539 Thread 0x00000224d93cd6e0 Exception <a 'sun/nio/fs/WindowsException'{0x00000000ead79ab0}> (0x00000000ead79ab0) 
thrown [s\src\hotspot\share\prims\jni.cpp, line 516]
Event: 40.540 Thread 0x00000224d93cd6e0 Exception <a 'sun/nio/fs/WindowsException'{0x00000000ead7c340}> (0x00000000ead7c340) 
thrown [s\src\hotspot\share\prims\jni.cpp, line 516]
Event: 40.541 Thread 0x00000224d93cd6e0 Exception <a 'sun/nio/fs/WindowsException'{0x00000000ead7ce78}> (0x00000000ead7ce78) 
thrown [s\src\hotspot\share\prims\jni.cpp, line 516]
Event: 40.665 Thread 0x00000224d5659e20 Implicit null exception at 0x00000224c60e4935 to 0x00000224c60e4aac

VM Operations (20 events):
Event: 42.730 Executing VM operation: ParallelGCFailedAllocation done
Event: 42.750 Executing VM operation: ParallelGCFailedAllocation
Event: 42.755 Executing VM operation: ParallelGCFailedAllocation done
Event: 42.833 Executing VM operation: ParallelGCFailedAllocation
Event: 42.842 Executing VM operation: ParallelGCFailedAllocation done
Event: 42.866 Executing VM operation: ParallelGCFailedAllocation
Event: 42.909 Executing VM operation: ParallelGCFailedAllocation done
Event: 42.933 Executing VM operation: ParallelGCFailedAllocation
Event: 42.936 Executing VM operation: ParallelGCFailedAllocation done
Event: 42.949 Executing VM operation: HandshakeAllThreads
Event: 42.949 Executing VM operation: HandshakeAllThreads done
Event: 42.951 Executing VM operation: ParallelGCFailedAllocation
Event: 42.955 Executing VM operation: ParallelGCFailedAllocation done
Event: 42.978 Executing VM operation: ParallelGCFailedAllocation
Event: 43.014 Executing VM operation: ParallelGCFailedAllocation done
Event: 43.031 Executing VM operation: ParallelGCFailedAllocation
Event: 43.033 Executing VM operation: ParallelGCFailedAllocation done
Event: 43.115 Executing VM operation: ParallelGCFailedAllocation
Event: 43.117 Executing VM operation: ParallelGCFailedAllocation done
Event: 43.140 Executing VM operation: ParallelGCFailedAllocation

Events (20 events):
Event: 28.466 Thread 0x00000224cfc4b310 flushing nmethod 0x00000224bf157410
Event: 28.466 Thread 0x00000224cfc4b310 flushing nmethod 0x00000224bf158410
Event: 28.466 Thread 0x00000224cfc4b310 flushing nmethod 0x00000224bf158b10
Event: 28.466 Thread 0x00000224cfc4b310 flushing nmethod 0x00000224bf15d290
Event: 28.466 Thread 0x00000224cfc4b310 flushing nmethod 0x00000224bf164190
Event: 28.466 Thread 0x00000224cfc4b310 flushing nmethod 0x00000224bf19db90
Event: 28.466 Thread 0x00000224cfc4b310 flushing nmethod 0x00000224bf1b8610
Event: 28.466 Thread 0x00000224cfc4b310 flushing nmethod 0x00000224bf1b9e10
Event: 28.466 Thread 0x00000224cfc4b310 flushing nmethod 0x00000224bf1c7410
Event: 28.602 Thread 0x00000224d5653df0 Thread added: 0x00000224d5653df0
Event: 28.644 Thread 0x00000224d93cfa50 Thread added: 0x00000224d93cfa50
Event: 29.078 Thread 0x00000224d93cd6e0 Thread added: 0x00000224d93cd6e0
Event: 29.614 Thread 0x00000224d93cb370 Thread added: 0x00000224d93cb370
Event: 37.245 Thread 0x00000224d93cdbf0 Thread added: 0x00000224d93cdbf0
Event: 37.585 Thread 0x00000224cfc4b310 flushing nmethod 0x00000224be413090
Event: 37.587 Thread 0x00000224cfc4b310 flushing nmethod 0x00000224be560910
Event: 37.590 Thread 0x00000224cfc4b310 flushing nmethod 0x00000224be6f1d10
Event: 37.599 Thread 0x00000224cfc4b310 flushing nmethod 0x00000224bf159810
Event: 37.600 Thread 0x00000224cfc4b310 flushing nmethod 0x00000224bf25f210
Event: 42.505 Thread 0x00000224d93cdbf0 Thread exited: 0x00000224d93cdbf0


Dynamic libraries:
0x00007ff765060000 - 0x00007ff76506e000 	c:\Users\bayes\.vscode\extensions\redhat.java-1.35.0-win32-x64\jre\17.0.12-win32-x86_64\bin\java.exe
0x00007ffe236d0000 - 0x00007ffe238c8000 	C:\Windows\SYSTEM32\ntdll.dll
0x00007ffe22500000 - 0x00007ffe225bf000 	C:\Windows\System32\KERNEL32.DLL
0x00007ffe211b0000 - 0x00007ffe214a6000 	C:\Windows\System32\KERNELBASE.dll
0x00007ffe20db0000 - 0x00007ffe20eb0000 	C:\Windows\System32\ucrtbase.dll
0x00007ffdcb250000 - 0x00007ffdcb267000 	c:\Users\bayes\.vscode\extensions\redhat.java-1.35.0-win32-x64\jre\17.0.12-win32-x86_64\bin\jli.dll
0x00007ffe22690000 - 0x00007ffe2282d000 	C:\Windows\System32\USER32.dll
0x00007ffe20fd0000 - 0x00007ffe20ff2000 	C:\Windows\System32\win32u.dll
0x00007ffe23500000 - 0x00007ffe2352c000 	C:\Windows\System32\GDI32.dll
0x00007ffe20eb0000 - 0x00007ffe20fc5000 	C:\Windows\System32\gdi32full.dll
0x00007ffe21030000 - 0x00007ffe210cd000 	C:\Windows\System32\msvcp_win.dll
0x00007ffdcb230000 - 0x00007ffdcb24b000 	c:\Users\bayes\.vscode\extensions\redhat.java-1.35.0-win32-x64\jre\17.0.12-win32-x86_64\bin\VCRUNTIME140.dll
0x00007ffe201b0000 - 0x00007ffe2044a000 	C:\Windows\WinSxS\amd64_microsoft.windows.common-controls_6595b64144ccf1df_6.0.19041.1110_none_60b5254171f9507e\COMCTL32.dll
0x00007ffe225c0000 - 0x00007ffe2265e000 	C:\Windows\System32\msvcrt.dll
0x00007ffe22660000 - 0x00007ffe22690000 	C:\Windows\System32\IMM32.DLL
0x00007ffde2a70000 - 0x00007ffde2a7c000 	c:\Users\bayes\.vscode\extensions\redhat.java-1.35.0-win32-x64\jre\17.0.12-win32-x86_64\bin\vcruntime140_1.dll
0x00007ffdc3c40000 - 0x00007ffdc3ccd000 	c:\Users\bayes\.vscode\extensions\redhat.java-1.35.0-win32-x64\jre\17.0.12-win32-x86_64\bin\msvcp140.dll
0x00007ffdbd200000 - 0x00007ffdbde6a000 	c:\Users\bayes\.vscode\extensions\redhat.java-1.35.0-win32-x64\jre\17.0.12-win32-x86_64\bin\server\jvm.dll
0x00007ffe21800000 - 0x00007ffe218af000 	C:\Windows\System32\ADVAPI32.dll
0x00007ffe22dd0000 - 0x00007ffe22e6c000 	C:\Windows\System32\sechost.dll
0x00007ffe222a0000 - 0x00007ffe223c6000 	C:\Windows\System32\RPCRT4.dll
0x00007ffe23530000 - 0x00007ffe2359b000 	C:\Windows\System32\WS2_32.dll
0x00007ffe209d0000 - 0x00007ffe20a1b000 	C:\Windows\SYSTEM32\POWRPROF.dll
0x00007ffdfad30000 - 0x00007ffdfad57000 	C:\Windows\SYSTEM32\WINMM.dll
0x00007ffe18490000 - 0x00007ffe1849a000 	C:\Windows\SYSTEM32\VERSION.dll
0x00007ffe20450000 - 0x00007ffe20462000 	C:\Windows\SYSTEM32\UMPDC.dll
0x00007ffe1e900000 - 0x00007ffe1e912000 	C:\Windows\SYSTEM32\kernel.appcore.dll
0x00007ffdcb2a0000 - 0x00007ffdcb2aa000 	c:\Users\bayes\.vscode\extensions\redhat.java-1.35.0-win32-x64\jre\17.0.12-win32-x86_64\bin\jimage.dll
0x00007ffe207e0000 - 0x00007ffe209c4000 	C:\Windows\SYSTEM32\DBGHELP.DLL
0x00007ffe20580000 - 0x00007ffe205b4000 	C:\Windows\SYSTEM32\dbgcore.DLL
0x00007ffe21120000 - 0x00007ffe211a2000 	C:\Windows\System32\bcryptPrimitives.dll
0x00007ffdcb220000 - 0x00007ffdcb22e000 	c:\Users\bayes\.vscode\extensions\redhat.java-1.35.0-win32-x64\jre\17.0.12-win32-x86_64\bin\instrument.dll
0x00007ffdc3c10000 - 0x00007ffdc3c35000 	c:\Users\bayes\.vscode\extensions\redhat.java-1.35.0-win32-x64\jre\17.0.12-win32-x86_64\bin\java.dll
0x00007ffdc3bf0000 - 0x00007ffdc3c08000 	c:\Users\bayes\.vscode\extensions\redhat.java-1.35.0-win32-x64\jre\17.0.12-win32-x86_64\bin\zip.dll
0x00007ffe219f0000 - 0x00007ffe22134000 	C:\Windows\System32\SHELL32.dll
0x00007ffe1e150000 - 0x00007ffe1e8e3000 	C:\Windows\SYSTEM32\windows.storage.dll
0x00007ffe230f0000 - 0x00007ffe23444000 	C:\Windows\System32\combase.dll
0x00007ffe20110000 - 0x00007ffe2013e000 	C:\Windows\SYSTEM32\Wldp.dll
0x00007ffe23450000 - 0x00007ffe234fd000 	C:\Windows\System32\SHCORE.dll
0x00007ffe23630000 - 0x00007ffe23685000 	C:\Windows\System32\shlwapi.dll
0x00007ffe20cf0000 - 0x00007ffe20d0f000 	C:\Windows\SYSTEM32\profapi.dll
0x00007ffe16d60000 - 0x00007ffe16d79000 	C:\Users\bayes\.vscode\extensions\redhat.java-1.35.0-win32-x64\jre\17.0.12-win32-x86_64\bin\net.dll
0x00007ffe17060000 - 0x00007ffe1716a000 	C:\Windows\SYSTEM32\WINHTTP.dll
0x00007ffe1ffe0000 - 0x00007ffe2004a000 	C:\Windows\system32\mswsock.dll
0x00007ffe0ca90000 - 0x00007ffe0caa6000 	C:\Users\bayes\.vscode\extensions\redhat.java-1.35.0-win32-x64\jre\17.0.12-win32-x86_64\bin\nio.dll
0x00007ffe1d6c0000 - 0x00007ffe1d6d0000 	c:\Users\bayes\.vscode\extensions\redhat.java-1.35.0-win32-x64\jre\17.0.12-win32-x86_64\bin\verify.dll
0x00007ffe0bbf0000 - 0x00007ffe0bc35000 	C:\Users\bayes\AppData\Roaming\Code\User\globalStorage\redhat.java\1.35.0\config_win\org.eclipse.equinox.launcher\org.eclipse.equinox.launcher.win32.win32.x86_64_1.2.1100.v20240722-2106\eclipse_11904.dll
0x00007ffe223d0000 - 0x00007ffe224fa000 	C:\Windows\System32\ole32.dll
0x00007ffe20b40000 - 0x00007ffe20b58000 	C:\Windows\SYSTEM32\CRYPTSP.dll
0x00007ffe1f7f0000 - 0x00007ffe1f824000 	C:\Windows\system32\rsaenh.dll
0x00007ffe21000000 - 0x00007ffe21027000 	C:\Windows\System32\bcrypt.dll
0x00007ffe20c70000 - 0x00007ffe20c9e000 	C:\Windows\SYSTEM32\USERENV.dll
0x00007ffe200d0000 - 0x00007ffe200dc000 	C:\Windows\SYSTEM32\CRYPTBASE.dll
0x00007ffe1fb60000 - 0x00007ffe1fb9c000 	C:\Windows\SYSTEM32\IPHLPAPI.DLL
0x00007ffe219e0000 - 0x00007ffe219e8000 	C:\Windows\System32\NSI.dll
0x00007ffe15170000 - 0x00007ffe15187000 	C:\Windows\SYSTEM32\dhcpcsvc6.DLL
0x00007ffe17b60000 - 0x00007ffe17b7d000 	C:\Windows\SYSTEM32\dhcpcsvc.DLL
0x00007ffe1fba0000 - 0x00007ffe1fc6b000 	C:\Windows\SYSTEM32\DNSAPI.dll
0x00007ffe0b890000 - 0x00007ffe0b8d9000 	C:\Users\bayes\AppData\Local\Temp\jna-93514312\jna2928356459026685408.dll
0x00007ffe219d0000 - 0x00007ffe219d8000 	C:\Windows\System32\PSAPI.DLL
0x00007ffe16b70000 - 0x00007ffe16b97000 	C:\Users\bayes\.gradle\native\c067742578af261105cb4f569cf0c3c89f3d7b1fecec35dd04571415982c5e48\windows-amd64\native-platform.dll
0x00007ffe1d940000 - 0x00007ffe1d949000 	C:\Users\bayes\.vscode\extensions\redhat.java-1.35.0-win32-x64\jre\17.0.12-win32-x86_64\bin\management.dll
0x00007ffe184a0000 - 0x00007ffe184ab000 	C:\Users\bayes\.vscode\extensions\redhat.java-1.35.0-win32-x64\jre\17.0.12-win32-x86_64\bin\management_ext.dll
0x00007ffe15290000 - 0x00007ffe15299000 	C:\Users\bayes\.vscode\extensions\redhat.java-1.35.0-win32-x64\jre\17.0.12-win32-x86_64\bin\extnet.dll
0x00007ffe15ea0000 - 0x00007ffe15eae000 	C:\Users\bayes\.vscode\extensions\redhat.java-1.35.0-win32-x64\jre\17.0.12-win32-x86_64\bin\sunmscapi.dll
0x00007ffe214b0000 - 0x00007ffe2160e000 	C:\Windows\System32\CRYPT32.dll
0x00007ffe20180000 - 0x00007ffe201a8000 	C:\Windows\SYSTEM32\ncrypt.dll
0x00007ffe20140000 - 0x00007ffe2017b000 	C:\Windows\SYSTEM32\NTASN1.dll
0x00007ffe15e90000 - 0x00007ffe15e97000 	C:\Windows\system32\wshunix.dll

dbghelp: loaded successfully - version: 4.0.5 - missing functions: none
symbol engine: initialized successfully - sym options: 0x614 - pdb path: .;c:\Users\bayes\.vscode\extensions\redhat.java-1.35.0-win32-x64\jre\17.0.12-win32-x86_64\bin;C:\Windows\SYSTEM32;C:\Windows\WinSxS\amd64_microsoft.windows.common-controls_6595b64144ccf1df_6.0.19041.1110_none_60b5254171f9507e;c:\Users\bayes\.vscode\extensions\redhat.java-1.35.0-win32-x64\jre\17.0.12-win32-x86_64\bin\server;C:\Users\bayes\AppData\Roaming\Code\User\globalStorage\redhat.java\1.35.0\config_win\org.eclipse.equinox.launcher\org.eclipse.equinox.launcher.win32.win32.x86_64_1.2.1100.v20240722-2106;C:\Users\bayes\AppData\Local\Temp\jna-93514312;C:\Users\bayes\.gradle\native\c067742578af261105cb4f569cf0c3c89f3d7b1fecec35dd04571415982c5e48\windows-amd64

VM Arguments:
jvm_args: --add-modules=ALL-SYSTEM --add-opens=java.base/java.util=ALL-UNNAMED --add-opens=java.base/java.lang=ALL-UNNAMED --add-opens=java.base/sun.nio.fs=ALL-UNNAMED -Declipse.application=org.eclipse.jdt.ls.core.id1 -Dosgi.bundles.defaultStartLevel=4 -Declipse.product=org.eclipse.jdt.ls.core.product -Djava.import.generatesMetadataFilesAtProjectRoot=false -DDetectVMInstallationsJob.disabled=true -Dfile.encoding=utf8 -XX:+UseParallelGC -XX:GCTimeRatio=4 -XX:AdaptiveSizePolicyWeight=90 -Dsun.zip.disableMemoryMapping=true -Xmx1G -Xms100m -Xlog:disable -javaagent:c:\Users\bayes\.vscode\extensions\redhat.java-1.35.0-win32-x64\lombok\lombok-1.18.33.jar -XX:+HeapDumpOnOutOfMemoryError -XX:HeapDumpPath=c:\Users\bayes\AppData\Roaming\Code\User\workspaceStorage\168498a9360cd755819b0a706d5edd1a\redhat.java -Daether.dependencyCollector.impl=bf 
java_command: c:\Users\bayes\.vscode\extensions\redhat.java-1.35.0-win32-x64\server\plugins\org.eclipse.equinox.launcher_1.6.900.v20240613-2009.jar -configuration c:\Users\bayes\AppData\Roaming\Code\User\globalStorage\redhat.java\1.35.0\config_win -data c:\Users\bayes\AppData\Roaming\Code\User\workspaceStorage\168498a9360cd755819b0a706d5edd1a\redhat.java\jdt_ws --pipe=\\.\pipe\lsp-489d318c9c70467d5f5f4c8af18790b5-sock
java_class_path (initial): c:\Users\bayes\.vscode\extensions\redhat.java-1.35.0-win32-x64\server\plugins\org.eclipse.equinox.launcher_1.6.900.v20240613-2009.jar
Launcher Type: SUN_STANDARD

[Global flags]
    uintx AdaptiveSizePolicyWeight                 = 90                                        {product} {command line}
     intx CICompilerCount                          = 3                                         {product} {ergonomic}
    uintx GCTimeRatio                              = 4                                         {product} {command line}
     bool HeapDumpOnOutOfMemoryError               = true                                   {manageable} {command line}
    ccstr HeapDumpPath                             = c:\Users\bayes\AppData\Roaming\Code\User\workspaceStorage\168498a9360cd755819b0a706d5edd1a\redhat.java         {manageable} {command line}
   size_t InitialHeapSize                          = 104857600                                 {product} {command line}
   size_t MaxHeapSize                              = 1073741824                                {product} {command line}
   size_t MaxNewSize                               = 357564416                                 {product} {ergonomic}
   size_t MinHeapDeltaBytes                        = 524288                                    {product} {ergonomic}
   size_t MinHeapSize                              = 104857600                                 {product} {command line}
   size_t NewSize                                  = 34603008                                  {product} {ergonomic}
    uintx NonNMethodCodeHeapSize                   = 5832780                                {pd product} {ergonomic}
    uintx NonProfiledCodeHeapSize                  = 122912730                              {pd product} {ergonomic}
   size_t OldSize                                  = 70254592                                  {product} {ergonomic}
    uintx ProfiledCodeHeapSize                     = 122912730                              {pd product} {ergonomic}
    uintx ReservedCodeCacheSize                    = 251658240                              {pd product} {ergonomic}
     bool SegmentedCodeCache                       = true                                      {product} {ergonomic}
   size_t SoftMaxHeapSize                          = 1073741824                             {manageable} {ergonomic}
     bool UseCompressedClassPointers               = true                           {product lp64_product} {ergonomic}
     bool UseCompressedOops                        = true                           {product lp64_product} {ergonomic}
     bool UseLargePagesIndividualAllocation        = false                                  {pd product} {ergonomic}
     bool UseParallelGC                            = true                                      {product} {command line}

Logging:
Log output configuration:
 #0: stdout all=off uptime,level,tags
 #1: stderr all=off uptime,level,tags

Environment Variables:
JAVA_HOME=C:\Program Files\Java\jdk-21
PATH=C:\Program Files\Eclipse Adoptium\jdk-21.0.4.7-hotspot\bin;C:\Program Files\Common Files\Oracle\Java\javapath;C:\Windows\system32;C:\Windows;C:\Windows\System32\Wbem;C:\Windows\System32\WindowsPowerShell\v1.0\;C:\Windows\System32\OpenSSH\;C:\Program Files\Java\jdk-21;C:\Users\bayes\AppData\Local\Microsoft\WindowsApps;C:\Users\bayes\AppData\Local\Programs\Microsoft VS Code\bin;C:\Program Files\gradle-8.10.2\bin;
USERNAME=bayes
OS=Windows_NT
PROCESSOR_IDENTIFIER=Intel64 Family 6 Model 78 Stepping 3, GenuineIntel
TMP=C:\Users\bayes\AppData\Local\Temp
TEMP=C:\Users\bayes\AppData\Local\Temp



Periodic native trim disabled


---------------  S Y S T E M  ---------------

OS:
 Windows 10 , 64 bit Build 19041 (10.0.19041.2913)
OS uptime: 0 days 0:05 hours

CPU: total 4 (initial active 4) (2 cores per cpu, 2 threads per core) family 6 model 78 stepping 3 microcode 0xcc, cx8, cmov, fxsr, ht, mmx, 3dnowpref, sse, sse2, sse3, ssse3, sse4.1, sse4.2, popcnt, lzcnt, tsc, tscinvbit, avx, avx2, aes, erms, clmul, bmi1, bmi2, rtm, adx, fma, vzeroupper, clflush, clflushopt
Processor Information for all 4 processors :
  Max Mhz: 2496, Current Mhz: 2396, Mhz Limit: 2396

Memory: 4k page, system-wide physical 7854M (673M free)
TotalPageFile size 15790M (AvailPageFile size 6771M)
current process WorkingSet (physical memory assigned to process): 410M, peak: 410M
current process commit charge ("private bytes"): 428M, peak: 443M

vm_info: OpenJDK 64-Bit Server VM (17.0.12+7) for windows-amd64 JRE (17.0.12+7), built on Jul 16 2024 22:08:24 by "admin" with MS VC++ 16.10 / 16.11 (VS2019)

END.
