#
# A fatal error has been detected by the Java Runtime Environment:
#
#  EXCEPTION_ACCESS_VIOLATION (0xc0000005) at pc=0x00007fff32e7d903, pid=5564, tid=13688
#
# JRE version: Java(TM) SE Runtime Environment (21.0.4+8) (build 21.0.4+8-LTS-274)
# Java VM: Java HotSpot(TM) 64-Bit Server VM (21.0.4+8-LTS-274, mixed mode, sharing, tiered, compressed oops, compressed class ptrs, g1 gc, windows-amd64)
# Problematic frame:
# V  [jvm.dll+0x24d903]
#
# No core dump will be written. Minidumps are not enabled by default on client versions of Windows
#
# If you would like to submit a bug report, please visit:
#   https://bugreport.java.com/bugreport/crash.jsp
#

---------------  S U M M A R Y ------------

Command Line: -Dorg.gradle.internal.worker.tmpdir=C:\Users\bayes\Downloads\Projet_classe_kata-main\build\tmp\test\work -Dorg.gradle.native=false -javaagent:C:\Users\bayes\Downloads\Projet_classe_kata-main\build\tmp\.cache\expanded\zip_0bd0851504e6286cb5fc6f37a81e25cc\jacocoagent.jar=destfile=build/jacoco/test.exec,append=true,inclnolocationclasses=false,dumponexit=true,output=file,jmx=false -Xmx512m -Dfile.encoding=UTF-8 -Duser.country=FR -Duser.language=fr -Duser.variant -ea worker.org.gradle.process.internal.worker.GradleWorkerMain 'Gradle Test Executor 9'

Host: Intel(R) Core(TM) i5-6300U CPU @ 2.40GHz, 4 cores, 7G,  Windows 10 , 64 bit Build 19041 (10.0.19041.2913)
Time: Sat Sep 28 14:24:18 2024 Paris, Madrid (heure duild 19041 (10.0.19041.2913) elapsed time: 4.062160 seconds (0d 0h 0m 4s)

---------------  T H R E A D  ---------------

Current thread (0x00000229f5fcfb00):  JavaThread "C2 CompilerThread0" daemon [_thread_in_native, id=13688, stack(0x0000002f8da00000,0x0000002f8db00000) (1024K)]


Current CompileTask:
C2:   4062 2415       4       org.jacoco.agent.rt.internal_4481564.asm.ClassReader::readCode (5117 bytes)

Stack: [0x0000002f8da00000,0x0000002f8db00000],  sp=0x0000002f8dafd6e0,  free space=1013k
Native frames: (J=compiled Java code, j=interpreted, Vv=VM code, C=native code)
V  [jvm.dll+0x24d903]
V  [jvm.dll+0x6ee477]
V  [jvm.dll+0x24557f]
V  [jvm.dll+0x1c69de]
V  [jvm.dll+0x254d49]
V  [jvm.dll+0x2532da]
V  [jvm.dll+0x3ed426]
V  [jvm.dll+0x7fd65b]
V  [jvm.dll+0x6c753d]
C  [ucrtbase.dll+0x21bb2]
C  [KERNEL32.DLL+0x17614]
C  [ntdll.dll+0x526a1]


siginfo: EXCEPTION_ACCESS_VIOLATION (0xc0000005), reading address 0xffffffffffffffff


Registers:
RAX=0x00007fff33608788, RBX=0x0000002f8dafe290, RCX=0x0000000000001008, RDX=0x0000022a181149e8
RSP=0x0000002f8dafd6e0, RBP=0x00000229fcbf11b0, RSI=0x0000000006666666, RDI=0x7073746f685c6372
R8 =0x0000000000001000, R9 =0x00000229fe77c050, R10=0x00007fff5af90000, R11=0x0000000000000000
R12=0x00000000000001c3, R13=0x00000229f5ff3f38, R14=0x0000000000000330, R15=0x000000000000000c
RIP=0x00007fff32e7d903, EFLAGS=0x0000000000010246


Register to memory mapping:

RAX=0x00007fff33608788 jvm.dll
RBX=0x0000002f8dafe290 is pointing into the stack for thread: 0x00000229f5fcfb00
RCX=0x0000000000001008 is an unknown value
RDX=0x0000022a181149e8 points into unknown readable memory: 0x0000000000001008 | 08 10 00 00 00 00 00 00
RSP=0x0000002f8dafd6e0 is pointing into the stack for thread: 0x00000229f5fcfb00
RBP=0x00000229fcbf11b0 points into unknown readable memory: 0x0000002f8dafe500 | 00 e5 af 8d 2f 00 00 00
RSI=0x0000000006666666 is an unknown value
RDI=0x7073746f685c6372 is an unknown value
R8 =0x0000000000001000 is an unknown value
R9 =0x00000229fe77c050 points into unknown readable memory: 0x0000000000000000 | 00 00 00 00 00 00 00 00
R10=0x00007fff5af90000 VCRUNTIME140.dll
R11=0x0 is null
R12=0x00000000000001c3 is an unknown value
R13=0x00000229f5ff3f38 points into unknown readable memory: 0x00000229fd356830 | 30 68 35 fd 29 02 00 00
R14=0x0000000000000330 is an unknown value
R15=0x000000000000000c is an unknown value

Top of Stack: (sp=0x0000002f8dafd6e0)
0x0000002f8dafd6e0:   0000002f8dafe290 00000229fcbf11b0
0x0000002f8dafd6f0:   0000002f8dafe3d0 000000000000580a
0x0000002f8dafd700:   00000229fc361120 0000002f8dafe280
0x0000002f8dafd710:   0000002f8dafd920 0000002f8dafe3d0
0x0000002f8dafd720:   0000000000000000 00007fff3331e477
0x0000002f8dafd730:   00000000000002e1 00000229fcbf11b0
0x0000002f8dafd740:   00000229fcbf1220 00000229f5f9fa50
0x0000002f8dafd750:   0000000000000002 00007fff32e7557f
0x0000002f8dafd760:   0000000000000000 0000002f8dafd860
0x0000002f8dafd770:   0000002f8dafe3d0 0000000000000001
0x0000002f8dafd780:   00000229f6018400 00000229f60184e0
0x0000002f8dafd790:   0000002f8dafe3d0 00000229f6018a20
0x0000002f8dafd7a0:   00000229f5ff7100 00000229f6018ae0
0x0000002f8dafd7b0:   00000229f6010000 0000000000000000
0x0000002f8dafd7c0:   00000229f6018c00 00000229f6019000
0x0000002f8dafd7d0:   0000000000000000 00007fff335c7a9c
0x0000002f8dafd7e0:   0000000000000000 0000000000000000
0x0000002f8dafd7f0:   0000000000000000 00007fff335c7a9c
0x0000002f8dafd800:   00000229f6018600 00000229f6018720
0x0000002f8dafd810:   00000229f5fc0670 00000229fbb67fa0
0x0000002f8dafd820:   00000229fbb68328 00000229fbb6ff88
0x0000002f8dafd830:   0000000000050248 00000229f6010000
0x0000002f8dafd840:   0000000000000000 00000229f6019140
0x0000002f8dafd850:   0000000000000000 0000002f8dafdb49
0x0000002f8dafd860:   0000000000000000 0000000000000000
0x0000002f8dafd870:   00000229f6010000 0000000000000000
0x0000002f8dafd880:   00000229f6018900 00000229f6018900
0x0000002f8dafd890:   00000229f60188a0 00007fff335e65a0
0x0000002f8dafd8a0:   0000000000000000 00000229f6018f60
0x0000002f8dafd8b0:   00000229f6018fc0 00000229f6019020
0x0000002f8dafd8c0:   00007fff33609ab8 0000022900000001
0x0000002f8dafd8d0:   0000002f8dafe3d0 0000002f8daff190 

Instructions: (pc=0x00007fff32e7d903)
0x00007fff32e7d803:   ff 41 8b c6 48 f7 d8 4d 8d 3c c7 4c 3b fe 0f 83
0x00007fff32e7d813:   19 fe ff ff 4c 8b 74 24 30 4c 8b 64 24 38 48 8b
0x00007fff32e7d823:   7c 24 40 48 8b ac 24 80 00 00 00 48 83 c4 48 41
0x00007fff32e7d833:   5f 41 5d 5e 5b c3 cc cc cc cc cc cc cc 40 53 56
0x00007fff32e7d843:   57 48 83 ec 30 8b b9 50 02 00 00 48 8b da 2b b9
0x00007fff32e7d853:   78 02 00 00 48 8b f1 3b 7a 08 72 0a 8b d7 48 8b
0x00007fff32e7d863:   cb e8 67 85 45 00 48 8b 43 10 48 c7 04 f8 00 00
0x00007fff32e7d873:   00 00 48 8b 96 e0 02 00 00 48 85 d2 74 08 48 8b
0x00007fff32e7d883:   cb e8 17 42 e8 ff 48 8b 96 e8 02 00 00 48 85 d2
0x00007fff32e7d893:   74 08 48 8b cb e8 03 42 e8 ff 33 c0 89 44 24 50
0x00007fff32e7d8a3:   39 43 18 0f 86 f8 00 00 00 48 89 6c 24 58 4c 89
0x00007fff32e7d8b3:   64 24 60 4c 89 6c 24 68 4c 89 74 24 28 4c 89 7c
0x00007fff32e7d8c3:   24 20 66 66 66 0f 1f 84 00 00 00 00 00 8b c8 48
0x00007fff32e7d8d3:   8b 43 10 4c 8b 2c c8 41 8b 45 1c 85 c0 0f 84 92
0x00007fff32e7d8e3:   00 00 00 45 33 f6 44 8b e0 0f 1f 40 00 49 8b 45
0x00007fff32e7d8f3:   08 49 8b 3c 06 48 85 ff 74 6d 40 f6 c7 01 75 67
0x00007fff32e7d903:   48 83 3f fe 74 61 44 8b 7f 28 41 8b f7 c1 ee 05
0x00007fff32e7d913:   3b 73 20 72 0b 8b d6 48 8d 4b 20 e8 bd e4 5e 00
0x00007fff32e7d923:   48 8b 43 28 41 83 e7 1f 48 8d 14 b0 41 0f b6 cf
0x00007fff32e7d933:   41 b8 01 00 00 00 41 d3 e0 8b 0a 8b c1 41 0b c0
0x00007fff32e7d943:   89 02 41 85 c8 75 20 8b 73 18 8d 46 01 89 43 18
0x00007fff32e7d953:   3b 73 08 72 0a 8b d6 48 8b cb e8 6e 84 45 00 48
0x00007fff32e7d963:   8b 43 10 48 89 3c f0 49 83 c6 08 49 83 ec 01 0f
0x00007fff32e7d973:   85 78 ff ff ff 8b 44 24 50 ff c0 89 44 24 50 3b
0x00007fff32e7d983:   43 18 0f 82 45 ff ff ff 4c 8b 7c 24 20 4c 8b 74
0x00007fff32e7d993:   24 28 4c 8b 6c 24 68 4c 8b 64 24 60 48 8b 6c 24
0x00007fff32e7d9a3:   58 48 83 c4 30 5f 5e 5b c3 cc cc cc cc 48 83 ec
0x00007fff32e7d9b3:   28 48 8b 81 f0 02 00 00 4c 8b c9 48 85 c0 75 58
0x00007fff32e7d9c3:   48 8b 81 e0 02 00 00 48 8b 48 10 8b 40 20 4c 8d
0x00007fff32e7d9d3:   04 c1 49 3b c8 73 46 66 0f 1f 44 00 00 48 8b 11
0x00007fff32e7d9e3:   8b 42 2c 83 e0 0f 3c 09 74 0b 48 83 c1 08 49 3b
0x00007fff32e7d9f3:   c8 73 2a eb e8 48 8b 4a 10 0f 1f 40 00 48 8b 01 


Stack slot to memory mapping:

stack at sp + 0 slots: 0x0000002f8dafe290 is pointing into the stack for thread: 0x00000229f5fcfb00
stack at sp + 1 slots: 0x00000229fcbf11b0 points into unknown readable memory: 0x0000002f8dafe500 | 00 e5 af 8d 2f 00 00 00
stack at sp + 2 slots: 0x0000002f8dafe3d0 is pointing into the stack for thread: 0x00000229f5fcfb00
stack at sp + 3 slots: 0x000000000000580a is an unknown value
stack at sp + 4 slots: 0x00000229fc361120 points into unknown readable memory: 0x00007fff335d2e90 | 90 2e 5d 33 ff 7f 00 00
stack at sp + 5 slots: 0x0000002f8dafe280 is pointing into the stack for thread: 0x00000229f5fcfb00
stack at sp + 6 slots: 0x0000002f8dafd920 is pointing into the stack for thread: 0x00000229f5fcfb00
stack at sp + 7 slots: 0x0000002f8dafe3d0 is pointing into the stack for thread: 0x00000229f5fcfb00


---------------  P R O C E S S  ---------------

Threads class SMR info:
_java_thread_list=0x00000229fbbcad20, length=11, elements={
0x00000229dbcbb290, 0x00000229f5fbf0c0, 0x00000229f5fc30b0, 0x00000229f5fc98a0,
0x00000229f5fce310, 0x00000229f5fced70, 0x00000229f5fcfb00, 0x00000229f603a510,
0x00000229f607cfe0, 0x00000229f655b3d0, 0x00000229fb02bf00
}

Java Threads: ( => current thread )
  0x00000229dbcbb290 JavaThread "Test worker"                       [_thread_blocked, id=12704, stack(0x0000002f8cb00000,0x0000002f8cc00000) (1024K)]
  0x00000229f5fbf0c0 JavaThread "Reference Handler"          daemon [_thread_blocked, id=976, stack(0x0000002f8d400000,0x0000002f8d500000) (1024K)]
  0x00000229f5fc30b0 JavaThread "Finalizer"                  daemon [_thread_blocked, id=12324, stack(0x0000002f8d500000,0x0000002f8d600000) (1024K)]
  0x00000229f5fc98a0 JavaThread "Attach Listener"            daemon [_thread_blocked, id=8464, stack(0x0000002f8d700000,0x0000002f8d800000) (1024K)]
  0x00000229f5fce310 JavaThread "Service Thread"             daemon [_thread_blocked, id=12812, stack(0x0000002f8d800000,0x0000002f8d900000) (1024K)]
  0x00000229f5fced70 JavaThread "Monitor Deflation Thread"   daemon [_thread_blocked, id=8864, stack(0x0000002f8d900000,0x0000002f8da00000) (1024K)]
=>0x00000229f5fcfb00 JavaThread "C2 CompilerThread0"         daemon [_thread_in_native, id=13688, stack(0x0000002f8da00000,0x0000002f8db00000) (1024K)]
  0x00000229f603a510 JavaThread "C1 CompilerThread0"         daemon [_thread_blocked, id=2496, stack(0x0000002f8db00000,0x0000002f8dc00000) (1024K)]
  0x00000229f607cfe0 JavaThread "Common-Cleaner"             daemon [_thread_blocked, id=9676, stack(0x0000002f8dc00000,0x0000002f8dd00000) (1024K)]
  0x00000229f655b3d0 JavaThread "Notification Thread"        daemon [_thread_blocked, id=912, stack(0x0000002f8de00000,0x0000002f8df00000) (1024K)]
  0x00000229fb02bf00 JavaThread "C2 CompilerThread1"         daemon [_thread_blocked, id=3572, stack(0x0000002f8df00000,0x0000002f8e000000) (1024K)]
Total: 11

Other Threads:
  0x00000229f5fa4fe0 VMThread "VM Thread"                           [id=13908, stack(0x0000002f8d300000,0x0000002f8d400000) (1024K)] _threads_hazard_ptr=0x00000229fbbcad20
  0x00000229dbce5ef0 WorkerThread "GC Thread#0"                     [id=12492, stack(0x0000002f8cd00000,0x0000002f8ce00000) (1024K)]
  0x00000229fb58b6b0 WorkerThread "GC Thread#1"                     [id=5056, stack(0x0000002f8e000000,0x0000002f8e100000) (1024K)]
  0x00000229fb383050 WorkerThread "GC Thread#2"                     [id=13652, stack(0x0000002f8e100000,0x0000002f8e200000) (1024K)]
  0x00000229fb3833f0 WorkerThread "GC Thread#3"                     [id=12816, stack(0x0000002f8e200000,0x0000002f8e300000) (1024K)]
  0x00000229dbceade0 ConcurrentGCThread "G1 Main Marker"            terminated
  0x00000229dbceb9a0 WorkerThread "G1 Conc#0"                       [id=4928, stack(0x0000002f8cf00000,0x0000002f8d000000) (1024K)]
  0x00000229dbd6da50 ConcurrentGCThread "G1 Refine#0"               terminated
  0x00000229dbd6e680 ConcurrentGCThread "G1 Service"                terminated
Total: 9

Threads with active compile tasks:
C2 CompilerThread0     4186 2415       4       org.jacoco.agent.rt.internal_4481564.asm.ClassReader::readCode (5117 bytes)
C2 CompilerThread1     4186 2533       4       org.jacoco.agent.rt.internal_4481564.asm.ClassReader::readMethod (1066 bytes)
Total: 2

VM state: at safepoint (normal execution)

VM Mutex/Monitor currently owned by a thread:  ([mutex/lock_event])
[0x00007fff33867e98] Threads_lock - owner thread: 0x00000229f5fa4fe0
[0x00007fff33867f98] Heap_lock - owner thread: 0x00000229dbcbb290

Heap address: 0x00000000e0000000, size: 512 MB, Compressed Oops mode: 32-bit

CDS archive(s) mapped at: [0x0000022980000000-0x0000022980c90000-0x0000022980c90000), size 13172736, SharedBaseAddress: 0x0000022980000000, ArchiveRelocationMode: 1.
Compressed class space mapped at: 0x0000022981000000-0x00000229c1000000, reserved size: 1073741824
Narrow klass base: 0x0000022980000000, Narrow klass shift: 0, Narrow klass range: 0x100000000

GC Precious Log:
 CardTable entry size: 512
 Card Set container configuration: InlinePtr #cards 5 size 8 Array Of Cards #cards 12 size 40 Howl #buckets 4 coarsen threshold 1843 Howl Bitmap #cards 512 size 80 coarsen threshold 460 Card regions per heap region 1 cards per card region 2048
 CPUs: 4 total, 4 available
 Memory: 7854M
 Large Page Support: Disabled
 NUMA Support: Disabled
 Compressed Oops: Enabled (32-bit)
 Heap Region Size: 1M
 Heap Min Capacity: 8M
 Heap Initial Capacity: 124M
 Heap Max Capacity: 512M
 Pre-touch: Disabled
 Parallel Workers: 4
 Concurrent Workers: 1
 Concurrent Refinement Workers: 4
 Periodic GC: Disabled

Heap:
 garbage-first heap   total 126976K, used 15439K [0x00000000e0000000, 0x0000000100000000)
  region size 1024K, 14 young (14336K), 4 survivors (4096K)
 Metaspace       used 12192K, committed 12480K, reserved 1114112K
  class space    used 1460K, committed 1600K, reserved 1048576K

Heap Regions: E=young(eden), S=young(survivor), O=old, HS=humongous(starts), HC=humongous(continues), CS=collection set, F=free, TAMS=top-at-mark-start, PB=parsable bottom
|   0|0x00000000e0000000, 0x00000000e0100000, 0x00000000e0100000|100%| O|  |TAMS 0x00000000e0000000| PB 0x00000000e0000000| Untracked 
|   1|0x00000000e0100000, 0x00000000e0200000, 0x00000000e0200000|100%| O|  |TAMS 0x00000000e0100000| PB 0x00000000e0100000| Untracked 
|   2|0x00000000e0200000, 0x00000000e026a540, 0x00000000e0300000| 41%| O|  |TAMS 0x00000000e0200000| PB 0x00000000e0200000| Untracked 
|   3|0x00000000e0300000, 0x00000000e0300000, 0x00000000e0400000|  0%| F|  |TAMS 0x00000000e0300000| PB 0x00000000e0300000| Untracked 
|   4|0x00000000e0400000, 0x00000000e0400000, 0x00000000e0500000|  0%| F|  |TAMS 0x00000000e0400000| PB 0x00000000e0400000| Untracked 
|   5|0x00000000e0500000, 0x00000000e0500000, 0x00000000e0600000|  0%| F|  |TAMS 0x00000000e0500000| PB 0x00000000e0500000| Untracked 
|   6|0x00000000e0600000, 0x00000000e0600000, 0x00000000e0700000|  0%| F|  |TAMS 0x00000000e0600000| PB 0x00000000e0600000| Untracked 
|   7|0x00000000e0700000, 0x00000000e0700000, 0x00000000e0800000|  0%| F|  |TAMS 0x00000000e0700000| PB 0x00000000e0700000| Untracked 
|   8|0x00000000e0800000, 0x00000000e0800000, 0x00000000e0900000|  0%| F|  |TAMS 0x00000000e0800000| PB 0x00000000e0800000| Untracked 
|   9|0x00000000e0900000, 0x00000000e0900000, 0x00000000e0a00000|  0%| F|  |TAMS 0x00000000e0900000| PB 0x00000000e0900000| Untracked 
|  10|0x00000000e0a00000, 0x00000000e0a00000, 0x00000000e0b00000|  0%| F|  |TAMS 0x00000000e0a00000| PB 0x00000000e0a00000| Untracked 
|  11|0x00000000e0b00000, 0x00000000e0b00000, 0x00000000e0c00000|  0%| F|  |TAMS 0x00000000e0b00000| PB 0x00000000e0b00000| Untracked 
|  12|0x00000000e0c00000, 0x00000000e0c00000, 0x00000000e0d00000|  0%| F|  |TAMS 0x00000000e0c00000| PB 0x00000000e0c00000| Untracked 
|  13|0x00000000e0d00000, 0x00000000e0d00000, 0x00000000e0e00000|  0%| F|  |TAMS 0x00000000e0d00000| PB 0x00000000e0d00000| Untracked 
|  14|0x00000000e0e00000, 0x00000000e0e00000, 0x00000000e0f00000|  0%| F|  |TAMS 0x00000000e0e00000| PB 0x00000000e0e00000| Untracked 
|  15|0x00000000e0f00000, 0x00000000e0f00000, 0x00000000e1000000|  0%| F|  |TAMS 0x00000000e0f00000| PB 0x00000000e0f00000| Untracked 
|  16|0x00000000e1000000, 0x00000000e1000000, 0x00000000e1100000|  0%| F|  |TAMS 0x00000000e1000000| PB 0x00000000e1000000| Untracked 
|  17|0x00000000e1100000, 0x00000000e1100000, 0x00000000e1200000|  0%| F|  |TAMS 0x00000000e1100000| PB 0x00000000e1100000| Untracked 
|  18|0x00000000e1200000, 0x00000000e1200000, 0x00000000e1300000|  0%| F|  |TAMS 0x00000000e1200000| PB 0x00000000e1200000| Untracked 
|  19|0x00000000e1300000, 0x00000000e1300000, 0x00000000e1400000|  0%| F|  |TAMS 0x00000000e1300000| PB 0x00000000e1300000| Untracked 
|  20|0x00000000e1400000, 0x00000000e1400000, 0x00000000e1500000|  0%| F|  |TAMS 0x00000000e1400000| PB 0x00000000e1400000| Untracked 
|  21|0x00000000e1500000, 0x00000000e1500000, 0x00000000e1600000|  0%| F|  |TAMS 0x00000000e1500000| PB 0x00000000e1500000| Untracked 
|  22|0x00000000e1600000, 0x00000000e1600000, 0x00000000e1700000|  0%| F|  |TAMS 0x00000000e1600000| PB 0x00000000e1600000| Untracked 
|  23|0x00000000e1700000, 0x00000000e1700000, 0x00000000e1800000|  0%| F|  |TAMS 0x00000000e1700000| PB 0x00000000e1700000| Untracked 
|  24|0x00000000e1800000, 0x00000000e1800000, 0x00000000e1900000|  0%| F|  |TAMS 0x00000000e1800000| PB 0x00000000e1800000| Untracked 
|  25|0x00000000e1900000, 0x00000000e1900000, 0x00000000e1a00000|  0%| F|  |TAMS 0x00000000e1900000| PB 0x00000000e1900000| Untracked 
|  26|0x00000000e1a00000, 0x00000000e1a00000, 0x00000000e1b00000|  0%| F|  |TAMS 0x00000000e1a00000| PB 0x00000000e1a00000| Untracked 
|  27|0x00000000e1b00000, 0x00000000e1b00000, 0x00000000e1c00000|  0%| F|  |TAMS 0x00000000e1b00000| PB 0x00000000e1b00000| Untracked 
|  28|0x00000000e1c00000, 0x00000000e1c00000, 0x00000000e1d00000|  0%| F|  |TAMS 0x00000000e1c00000| PB 0x00000000e1c00000| Untracked 
|  29|0x00000000e1d00000, 0x00000000e1d00000, 0x00000000e1e00000|  0%| F|  |TAMS 0x00000000e1d00000| PB 0x00000000e1d00000| Untracked 
|  30|0x00000000e1e00000, 0x00000000e1e00000, 0x00000000e1f00000|  0%| F|  |TAMS 0x00000000e1e00000| PB 0x00000000e1e00000| Untracked 
|  31|0x00000000e1f00000, 0x00000000e1f00000, 0x00000000e2000000|  0%| F|  |TAMS 0x00000000e1f00000| PB 0x00000000e1f00000| Untracked 
|  32|0x00000000e2000000, 0x00000000e2000000, 0x00000000e2100000|  0%| F|  |TAMS 0x00000000e2000000| PB 0x00000000e2000000| Untracked 
|  33|0x00000000e2100000, 0x00000000e2100000, 0x00000000e2200000|  0%| F|  |TAMS 0x00000000e2100000| PB 0x00000000e2100000| Untracked 
|  34|0x00000000e2200000, 0x00000000e2200000, 0x00000000e2300000|  0%| F|  |TAMS 0x00000000e2200000| PB 0x00000000e2200000| Untracked 
|  35|0x00000000e2300000, 0x00000000e2300000, 0x00000000e2400000|  0%| F|  |TAMS 0x00000000e2300000| PB 0x00000000e2300000| Untracked 
|  36|0x00000000e2400000, 0x00000000e2400000, 0x00000000e2500000|  0%| F|  |TAMS 0x00000000e2400000| PB 0x00000000e2400000| Untracked 
|  37|0x00000000e2500000, 0x00000000e2500000, 0x00000000e2600000|  0%| F|  |TAMS 0x00000000e2500000| PB 0x00000000e2500000| Untracked 
|  38|0x00000000e2600000, 0x00000000e2600000, 0x00000000e2700000|  0%| F|  |TAMS 0x00000000e2600000| PB 0x00000000e2600000| Untracked 
|  39|0x00000000e2700000, 0x00000000e2700000, 0x00000000e2800000|  0%| F|  |TAMS 0x00000000e2700000| PB 0x00000000e2700000| Untracked 
|  40|0x00000000e2800000, 0x00000000e2800000, 0x00000000e2900000|  0%| F|  |TAMS 0x00000000e2800000| PB 0x00000000e2800000| Untracked 
|  41|0x00000000e2900000, 0x00000000e2900000, 0x00000000e2a00000|  0%| F|  |TAMS 0x00000000e2900000| PB 0x00000000e2900000| Untracked 
|  42|0x00000000e2a00000, 0x00000000e2a00000, 0x00000000e2b00000|  0%| F|  |TAMS 0x00000000e2a00000| PB 0x00000000e2a00000| Untracked 
|  43|0x00000000e2b00000, 0x00000000e2b00000, 0x00000000e2c00000|  0%| F|  |TAMS 0x00000000e2b00000| PB 0x00000000e2b00000| Untracked 
|  44|0x00000000e2c00000, 0x00000000e2c00000, 0x00000000e2d00000|  0%| F|  |TAMS 0x00000000e2c00000| PB 0x00000000e2c00000| Untracked 
|  45|0x00000000e2d00000, 0x00000000e2d00000, 0x00000000e2e00000|  0%| F|  |TAMS 0x00000000e2d00000| PB 0x00000000e2d00000| Untracked 
|  46|0x00000000e2e00000, 0x00000000e2ea9a40, 0x00000000e2f00000| 66%| S|CS|TAMS 0x00000000e2e00000| PB 0x00000000e2e00000| Complete 
|  47|0x00000000e2f00000, 0x00000000e3000000, 0x00000000e3000000|100%| S|CS|TAMS 0x00000000e2f00000| PB 0x00000000e2f00000| Complete 
|  48|0x00000000e3000000, 0x00000000e3100000, 0x00000000e3100000|100%| S|CS|TAMS 0x00000000e3000000| PB 0x00000000e3000000| Complete 
|  49|0x00000000e3100000, 0x00000000e3200000, 0x00000000e3200000|100%| S|CS|TAMS 0x00000000e3100000| PB 0x00000000e3100000| Complete 
|  50|0x00000000e3200000, 0x00000000e3200000, 0x00000000e3300000|  0%| F|  |TAMS 0x00000000e3200000| PB 0x00000000e3200000| Untracked 
|  51|0x00000000e3300000, 0x00000000e3300000, 0x00000000e3400000|  0%| F|  |TAMS 0x00000000e3300000| PB 0x00000000e3300000| Untracked 
|  52|0x00000000e3400000, 0x00000000e3400000, 0x00000000e3500000|  0%| F|  |TAMS 0x00000000e3400000| PB 0x00000000e3400000| Untracked 
|  53|0x00000000e3500000, 0x00000000e3500000, 0x00000000e3600000|  0%| F|  |TAMS 0x00000000e3500000| PB 0x00000000e3500000| Untracked 
|  54|0x00000000e3600000, 0x00000000e3600000, 0x00000000e3700000|  0%| F|  |TAMS 0x00000000e3600000| PB 0x00000000e3600000| Untracked 
|  55|0x00000000e3700000, 0x00000000e3700000, 0x00000000e3800000|  0%| F|  |TAMS 0x00000000e3700000| PB 0x00000000e3700000| Untracked 
|  56|0x00000000e3800000, 0x00000000e3800000, 0x00000000e3900000|  0%| F|  |TAMS 0x00000000e3800000| PB 0x00000000e3800000| Untracked 
|  57|0x00000000e3900000, 0x00000000e3900000, 0x00000000e3a00000|  0%| F|  |TAMS 0x00000000e3900000| PB 0x00000000e3900000| Untracked 
|  58|0x00000000e3a00000, 0x00000000e3a00000, 0x00000000e3b00000|  0%| F|  |TAMS 0x00000000e3a00000| PB 0x00000000e3a00000| Untracked 
|  59|0x00000000e3b00000, 0x00000000e3b00000, 0x00000000e3c00000|  0%| F|  |TAMS 0x00000000e3b00000| PB 0x00000000e3b00000| Untracked 
|  60|0x00000000e3c00000, 0x00000000e3c00000, 0x00000000e3d00000|  0%| F|  |TAMS 0x00000000e3c00000| PB 0x00000000e3c00000| Untracked 
|  61|0x00000000e3d00000, 0x00000000e3d00000, 0x00000000e3e00000|  0%| F|  |TAMS 0x00000000e3d00000| PB 0x00000000e3d00000| Untracked 
|  62|0x00000000e3e00000, 0x00000000e3e00000, 0x00000000e3f00000|  0%| F|  |TAMS 0x00000000e3e00000| PB 0x00000000e3e00000| Untracked 
|  63|0x00000000e3f00000, 0x00000000e3f00000, 0x00000000e4000000|  0%| F|  |TAMS 0x00000000e3f00000| PB 0x00000000e3f00000| Untracked 
|  64|0x00000000e4000000, 0x00000000e4000000, 0x00000000e4100000|  0%| F|  |TAMS 0x00000000e4000000| PB 0x00000000e4000000| Untracked 
|  65|0x00000000e4100000, 0x00000000e4100000, 0x00000000e4200000|  0%| F|  |TAMS 0x00000000e4100000| PB 0x00000000e4100000| Untracked 
|  66|0x00000000e4200000, 0x00000000e4200000, 0x00000000e4300000|  0%| F|  |TAMS 0x00000000e4200000| PB 0x00000000e4200000| Untracked 
|  67|0x00000000e4300000, 0x00000000e4300000, 0x00000000e4400000|  0%| F|  |TAMS 0x00000000e4300000| PB 0x00000000e4300000| Untracked 
|  68|0x00000000e4400000, 0x00000000e4400000, 0x00000000e4500000|  0%| F|  |TAMS 0x00000000e4400000| PB 0x00000000e4400000| Untracked 
|  69|0x00000000e4500000, 0x00000000e4500000, 0x00000000e4600000|  0%| F|  |TAMS 0x00000000e4500000| PB 0x00000000e4500000| Untracked 
|  70|0x00000000e4600000, 0x00000000e4600000, 0x00000000e4700000|  0%| F|  |TAMS 0x00000000e4600000| PB 0x00000000e4600000| Untracked 
|  71|0x00000000e4700000, 0x00000000e4700000, 0x00000000e4800000|  0%| F|  |TAMS 0x00000000e4700000| PB 0x00000000e4700000| Untracked 
|  72|0x00000000e4800000, 0x00000000e4800000, 0x00000000e4900000|  0%| F|  |TAMS 0x00000000e4800000| PB 0x00000000e4800000| Untracked 
|  73|0x00000000e4900000, 0x00000000e4900000, 0x00000000e4a00000|  0%| F|  |TAMS 0x00000000e4900000| PB 0x00000000e4900000| Untracked 
|  74|0x00000000e4a00000, 0x00000000e4a00000, 0x00000000e4b00000|  0%| F|  |TAMS 0x00000000e4a00000| PB 0x00000000e4a00000| Untracked 
|  75|0x00000000e4b00000, 0x00000000e4b00000, 0x00000000e4c00000|  0%| F|  |TAMS 0x00000000e4b00000| PB 0x00000000e4b00000| Untracked 
|  76|0x00000000e4c00000, 0x00000000e4c00000, 0x00000000e4d00000|  0%| F|  |TAMS 0x00000000e4c00000| PB 0x00000000e4c00000| Untracked 
|  77|0x00000000e4d00000, 0x00000000e4d00000, 0x00000000e4e00000|  0%| F|  |TAMS 0x00000000e4d00000| PB 0x00000000e4d00000| Untracked 
|  78|0x00000000e4e00000, 0x00000000e4e00000, 0x00000000e4f00000|  0%| F|  |TAMS 0x00000000e4e00000| PB 0x00000000e4e00000| Untracked 
|  79|0x00000000e4f00000, 0x00000000e4f00000, 0x00000000e5000000|  0%| F|  |TAMS 0x00000000e4f00000| PB 0x00000000e4f00000| Untracked 
|  80|0x00000000e5000000, 0x00000000e5000000, 0x00000000e5100000|  0%| F|  |TAMS 0x00000000e5000000| PB 0x00000000e5000000| Untracked 
|  81|0x00000000e5100000, 0x00000000e5100000, 0x00000000e5200000|  0%| F|  |TAMS 0x00000000e5100000| PB 0x00000000e5100000| Untracked 
|  82|0x00000000e5200000, 0x00000000e5200000, 0x00000000e5300000|  0%| F|  |TAMS 0x00000000e5200000| PB 0x00000000e5200000| Untracked 
|  83|0x00000000e5300000, 0x00000000e5300000, 0x00000000e5400000|  0%| F|  |TAMS 0x00000000e5300000| PB 0x00000000e5300000| Untracked 
|  84|0x00000000e5400000, 0x00000000e5400000, 0x00000000e5500000|  0%| F|  |TAMS 0x00000000e5400000| PB 0x00000000e5400000| Untracked 
|  85|0x00000000e5500000, 0x00000000e5500000, 0x00000000e5600000|  0%| F|  |TAMS 0x00000000e5500000| PB 0x00000000e5500000| Untracked 
|  86|0x00000000e5600000, 0x00000000e5600000, 0x00000000e5700000|  0%| F|  |TAMS 0x00000000e5600000| PB 0x00000000e5600000| Untracked 
|  87|0x00000000e5700000, 0x00000000e5700000, 0x00000000e5800000|  0%| F|  |TAMS 0x00000000e5700000| PB 0x00000000e5700000| Untracked 
|  88|0x00000000e5800000, 0x00000000e5800000, 0x00000000e5900000|  0%| F|  |TAMS 0x00000000e5800000| PB 0x00000000e5800000| Untracked 
|  89|0x00000000e5900000, 0x00000000e5900000, 0x00000000e5a00000|  0%| F|  |TAMS 0x00000000e5900000| PB 0x00000000e5900000| Untracked 
|  90|0x00000000e5a00000, 0x00000000e5a00000, 0x00000000e5b00000|  0%| F|  |TAMS 0x00000000e5a00000| PB 0x00000000e5a00000| Untracked 
|  91|0x00000000e5b00000, 0x00000000e5b00000, 0x00000000e5c00000|  0%| F|  |TAMS 0x00000000e5b00000| PB 0x00000000e5b00000| Untracked 
|  92|0x00000000e5c00000, 0x00000000e5c00000, 0x00000000e5d00000|  0%| F|  |TAMS 0x00000000e5c00000| PB 0x00000000e5c00000| Untracked 
|  93|0x00000000e5d00000, 0x00000000e5d00000, 0x00000000e5e00000|  0%| F|  |TAMS 0x00000000e5d00000| PB 0x00000000e5d00000| Untracked 
|  94|0x00000000e5e00000, 0x00000000e5e00000, 0x00000000e5f00000|  0%| F|  |TAMS 0x00000000e5e00000| PB 0x00000000e5e00000| Untracked 
|  95|0x00000000e5f00000, 0x00000000e5f00000, 0x00000000e6000000|  0%| F|  |TAMS 0x00000000e5f00000| PB 0x00000000e5f00000| Untracked 
|  96|0x00000000e6000000, 0x00000000e6000000, 0x00000000e6100000|  0%| F|  |TAMS 0x00000000e6000000| PB 0x00000000e6000000| Untracked 
|  97|0x00000000e6100000, 0x00000000e6100000, 0x00000000e6200000|  0%| F|  |TAMS 0x00000000e6100000| PB 0x00000000e6100000| Untracked 
|  98|0x00000000e6200000, 0x00000000e6200000, 0x00000000e6300000|  0%| F|  |TAMS 0x00000000e6200000| PB 0x00000000e6200000| Untracked 
|  99|0x00000000e6300000, 0x00000000e6300000, 0x00000000e6400000|  0%| F|  |TAMS 0x00000000e6300000| PB 0x00000000e6300000| Untracked 
| 100|0x00000000e6400000, 0x00000000e6400000, 0x00000000e6500000|  0%| F|  |TAMS 0x00000000e6400000| PB 0x00000000e6400000| Untracked 
| 101|0x00000000e6500000, 0x00000000e6500000, 0x00000000e6600000|  0%| F|  |TAMS 0x00000000e6500000| PB 0x00000000e6500000| Untracked 
| 102|0x00000000e6600000, 0x00000000e6600000, 0x00000000e6700000|  0%| F|  |TAMS 0x00000000e6600000| PB 0x00000000e6600000| Untracked 
| 103|0x00000000e6700000, 0x00000000e6700000, 0x00000000e6800000|  0%| F|  |TAMS 0x00000000e6700000| PB 0x00000000e6700000| Untracked 
| 104|0x00000000e6800000, 0x00000000e6800000, 0x00000000e6900000|  0%| F|  |TAMS 0x00000000e6800000| PB 0x00000000e6800000| Untracked 
| 105|0x00000000e6900000, 0x00000000e6900000, 0x00000000e6a00000|  0%| F|  |TAMS 0x00000000e6900000| PB 0x00000000e6900000| Untracked 
| 106|0x00000000e6a00000, 0x00000000e6a00000, 0x00000000e6b00000|  0%| F|  |TAMS 0x00000000e6a00000| PB 0x00000000e6a00000| Untracked 
| 107|0x00000000e6b00000, 0x00000000e6b00000, 0x00000000e6c00000|  0%| F|  |TAMS 0x00000000e6b00000| PB 0x00000000e6b00000| Untracked 
| 108|0x00000000e6c00000, 0x00000000e6c00000, 0x00000000e6d00000|  0%| F|  |TAMS 0x00000000e6c00000| PB 0x00000000e6c00000| Untracked 
| 109|0x00000000e6d00000, 0x00000000e6d00000, 0x00000000e6e00000|  0%| F|  |TAMS 0x00000000e6d00000| PB 0x00000000e6d00000| Untracked 
| 110|0x00000000e6e00000, 0x00000000e6e00000, 0x00000000e6f00000|  0%| F|  |TAMS 0x00000000e6e00000| PB 0x00000000e6e00000| Untracked 
| 111|0x00000000e6f00000, 0x00000000e6f00000, 0x00000000e7000000|  0%| F|  |TAMS 0x00000000e6f00000| PB 0x00000000e6f00000| Untracked 
| 112|0x00000000e7000000, 0x00000000e7000000, 0x00000000e7100000|  0%| F|  |TAMS 0x00000000e7000000| PB 0x00000000e7000000| Untracked 
| 113|0x00000000e7100000, 0x00000000e7100000, 0x00000000e7200000|  0%| F|  |TAMS 0x00000000e7100000| PB 0x00000000e7100000| Untracked 
| 114|0x00000000e7200000, 0x00000000e72ef758, 0x00000000e7300000| 93%| E|  |TAMS 0x00000000e7200000| PB 0x00000000e7200000| Complete 
| 115|0x00000000e7300000, 0x00000000e7400000, 0x00000000e7400000|100%| E|CS|TAMS 0x00000000e7300000| PB 0x00000000e7300000| Complete 
| 116|0x00000000e7400000, 0x00000000e7500000, 0x00000000e7500000|100%| E|CS|TAMS 0x00000000e7400000| PB 0x00000000e7400000| Complete 
| 117|0x00000000e7500000, 0x00000000e7600000, 0x00000000e7600000|100%| E|CS|TAMS 0x00000000e7500000| PB 0x00000000e7500000| Complete 
| 118|0x00000000e7600000, 0x00000000e7700000, 0x00000000e7700000|100%| E|CS|TAMS 0x00000000e7600000| PB 0x00000000e7600000| Complete 
| 119|0x00000000e7700000, 0x00000000e7800000, 0x00000000e7800000|100%| E|CS|TAMS 0x00000000e7700000| PB 0x00000000e7700000| Complete 
| 120|0x00000000e7800000, 0x00000000e7900000, 0x00000000e7900000|100%| E|CS|TAMS 0x00000000e7800000| PB 0x00000000e7800000| Complete 
| 121|0x00000000e7900000, 0x00000000e7a00000, 0x00000000e7a00000|100%| E|CS|TAMS 0x00000000e7900000| PB 0x00000000e7900000| Complete 
| 122|0x00000000e7a00000, 0x00000000e7b00000, 0x00000000e7b00000|100%| E|CS|TAMS 0x00000000e7a00000| PB 0x00000000e7a00000| Complete 
| 123|0x00000000e7b00000, 0x00000000e7c00000, 0x00000000e7c00000|100%| E|CS|TAMS 0x00000000e7b00000| PB 0x00000000e7b00000| Complete 

Card table byte_map: [0x00000229f3140000,0x00000229f3240000] _byte_map_base: 0x00000229f2a40000

Marking Bits: (CMBitMap*) 0x00000229dbce6500
 Bits: [0x00000229f3240000, 0x00000229f3a40000)

Polling page: 0x00000229d9b40000

Metaspace:

Usage:
  Non-class:     10.48 MB used.
      Class:      1.43 MB used.
       Both:     11.91 MB used.

Virtual space:
  Non-class space:       64.00 MB reserved,      10.62 MB ( 17%) committed,  1 nodes.
      Class space:        1.00 GB reserved,       1.56 MB ( <1%) committed,  1 nodes.
             Both:        1.06 GB reserved,      12.19 MB (  1%) committed. 

Chunk freelists:
   Non-Class:  5.25 MB
       Class:  14.45 MB
        Both:  19.70 MB

MaxMetaspaceSize: unlimited
CompressedClassSpaceSize: 1.00 GB
Initial GC threshold: 21.00 MB
Current GC threshold: 21.00 MB
CDS: on
 - commit_granule_bytes: 65536.
 - commit_granule_words: 8192.
 - virtual_space_node_default_size: 8388608.
 - enlarge_chunks_in_place: 1.
 - use_allocation_guard: 0.


Internal statistics:

num_allocs_failed_limit: 0.
num_arena_births: 370.
num_arena_deaths: 0.
num_vsnodes_births: 2.
num_vsnodes_deaths: 0.
num_space_committed: 195.
num_space_uncommitted: 0.
num_chunks_returned_to_freelist: 0.
num_chunks_taken_from_freelist: 771.
num_chunk_merges: 0.
num_chunk_splits: 459.
num_chunks_enlarged: 282.
num_inconsistent_stats: 0.

CodeHeap 'non-profiled nmethods': size=120000Kb used=1222Kb max_used=1222Kb free=118777Kb
 bounds [0x00000229ebc10000, 0x00000229ebe80000, 0x00000229f3140000]
CodeHeap 'profiled nmethods': size=120000Kb used=5883Kb max_used=5883Kb free=114116Kb
 bounds [0x00000229e4140000, 0x00000229e4700000, 0x00000229eb670000]
CodeHeap 'non-nmethods': size=5760Kb used=1402Kb max_used=1475Kb free=4357Kb
 bounds [0x00000229eb670000, 0x00000229eb8e0000, 0x00000229ebc10000]
 total_blobs=3153 nmethods=2656 adapters=401
 compilation: enabled
              stopped_count=0, restarted_count=0
 full_count=0

Compilation events (20 events):
Event: 3.877 Thread 0x00000229f603a510 2660       2       java.lang.invoke.VarHandleGuards::guard_LIJ_V (135 bytes)
Event: 3.880 Thread 0x00000229f603a510 nmethod 2660 0x00000229e46f6d10 code [0x00000229e46f7040, 0x00000229e46f7fd0]
Event: 3.881 Thread 0x00000229f603a510 2664   !   3       java.io.FileOutputStream::write (40 bytes)
Event: 3.881 Thread 0x00000229f603a510 nmethod 2664 0x00000229e46f8890 code [0x00000229e46f8a60, 0x00000229e46f8d00]
Event: 3.883 Thread 0x00000229f603a510 2665       2       java.lang.Long::reverseBytes (46 bytes)
Event: 3.883 Thread 0x00000229f603a510 nmethod 2665 0x00000229e46f8e90 code [0x00000229e46f9020, 0x00000229e46f9170]
Event: 3.885 Thread 0x00000229f603a510 2666       2       jdk.internal.misc.Unsafe::putLongUnaligned (157 bytes)
Event: 3.886 Thread 0x00000229f603a510 nmethod 2666 0x00000229e46f9210 code [0x00000229e46f93e0, 0x00000229e46f9738]
Event: 3.892 Thread 0x00000229f603a510 2667   !   2       org.jacoco.agent.rt.internal_4481564.core.data.ExecutionDataWriter::visitClassExecution (63 bytes)
Event: 3.893 Thread 0x00000229f603a510 nmethod 2667 0x00000229e46f9810 code [0x00000229e46f9a20, 0x00000229e46f9dc0]
Event: 3.893 Thread 0x00000229f603a510 2668       3       java.io.DataOutputStream::writeUTF (389 bytes)
Event: 3.898 Thread 0x00000229f603a510 nmethod 2668 0x00000229e46fa110 code [0x00000229e46fa500, 0x00000229e46fc800]
Event: 3.902 Thread 0x00000229f603a510 2669       2       org.jacoco.agent.rt.internal_4481564.core.internal.data.CompactDataOutput::writeVarInt (36 bytes)
Event: 3.903 Thread 0x00000229f603a510 nmethod 2669 0x00000229e46fd510 code [0x00000229e46fd6e0, 0x00000229e46fd908]
Event: 3.905 Thread 0x00000229f603a510 2670       2       jdk.internal.misc.Unsafe::putLongUnaligned (14 bytes)
Event: 3.905 Thread 0x00000229f603a510 nmethod 2670 0x00000229e46fda10 code [0x00000229e46fdba0, 0x00000229e46fdcf8]
Event: 3.916 Thread 0x00000229f603a510 2671       2       org.jacoco.agent.rt.internal_4481564.core.data.ExecutionData::hasHits (35 bytes)
Event: 3.916 Thread 0x00000229f603a510 nmethod 2671 0x00000229e46fde10 code [0x00000229e46fdfc0, 0x00000229e46fe180]
Event: 3.922 Thread 0x00000229f603a510 2672 %     3       org.jacoco.agent.rt.internal_4481564.core.internal.data.CompactDataOutput::writeBooleanArray @ 21 (80 bytes)
Event: 3.923 Thread 0x00000229f603a510 nmethod 2672% 0x00000229e46fe290 code [0x00000229e46fe4a0, 0x00000229e46fec80]

GC Heap History (6 events):
Event: 0.950 GC heap before
{Heap before GC invocations=0 (full 0):
 garbage-first heap   total 126976K, used 13312K [0x00000000e0000000, 0x0000000100000000)
  region size 1024K, 13 young (13312K), 0 survivors (0K)
 Metaspace       used 2882K, committed 3136K, reserved 1114112K
  class space    used 273K, committed 384K, reserved 1048576K
}
Event: 0.959 GC heap after
{Heap after GC invocations=1 (full 0):
 garbage-first heap   total 126976K, used 2460K [0x00000000e0000000, 0x0000000100000000)
  region size 1024K, 2 young (2048K), 2 survivors (2048K)
 Metaspace       used 2882K, committed 3136K, reserved 1114112K
  class space    used 273K, committed 384K, reserved 1048576K
}
Event: 1.522 GC heap before
{Heap before GC invocations=1 (full 0):
 garbage-first heap   total 126976K, used 18844K [0x00000000e0000000, 0x0000000100000000)
  region size 1024K, 18 young (18432K), 2 survivors (2048K)
 Metaspace       used 5035K, committed 5312K, reserved 1114112K
  class space    used 530K, committed 704K, reserved 1048576K
}
Event: 1.530 GC heap after
{Heap after GC invocations=2 (full 0):
 garbage-first heap   total 126976K, used 3911K [0x00000000e0000000, 0x0000000100000000)
  region size 1024K, 2 young (2048K), 2 survivors (2048K)
 Metaspace       used 5035K, committed 5312K, reserved 1114112K
  class space    used 530K, committed 704K, reserved 1048576K
}
Event: 3.622 GC heap before
{Heap before GC invocations=2 (full 0):
 garbage-first heap   total 126976K, used 76615K [0x00000000e0000000, 0x0000000100000000)
  region size 1024K, 74 young (75776K), 2 survivors (2048K)
 Metaspace       used 11606K, committed 11968K, reserved 1114112K
  class space    used 1387K, committed 1536K, reserved 1048576K
}
Event: 3.632 GC heap after
{Heap after GC invocations=3 (full 0):
 garbage-first heap   total 126976K, used 6223K [0x00000000e0000000, 0x0000000100000000)
  region size 1024K, 4 young (4096K), 4 survivors (4096K)
 Metaspace       used 11606K, committed 11968K, reserved 1114112K
  class space    used 1387K, committed 1536K, reserved 1048576K
}

Dll operation events (11 events):
Event: 0.015 Loaded shared library C:\Program Files\Java\jdk-21\bin\java.dll
Event: 0.080 Loaded shared library C:\Program Files\Java\jdk-21\bin\jsvml.dll
Event: 0.297 Loaded shared library C:\Program Files\Java\jdk-21\bin\zip.dll
Event: 0.303 Loaded shared library C:\Program Files\Java\jdk-21\bin\instrument.dll
Event: 0.314 Loaded shared library C:\Program Files\Java\jdk-21\bin\net.dll
Event: 0.317 Loaded shared library C:\Program Files\Java\jdk-21\bin\nio.dll
Event: 0.329 Loaded shared library C:\Program Files\Java\jdk-21\bin\zip.dll
Event: 0.379 Loaded shared library C:\Program Files\Java\jdk-21\bin\verify.dll
Event: 0.442 Loaded shared library C:\Program Files\Java\jdk-21\bin\jimage.dll
Event: 1.651 Loaded shared library C:\Program Files\Java\jdk-21\bin\extnet.dll
Event: 1.942 Loaded shared library C:\Program Files\Java\jdk-21\bin\sunmscapi.dll

Deoptimization events (20 events):
Event: 3.770 Thread 0x00000229dbcbb290 Uncommon trap: trap_request=0xffffffde fr.pc=0x00000229ebce3508 relative=0x0000000000000ac8
Event: 3.770 Thread 0x00000229dbcbb290 Uncommon trap: reason=class_check action=maybe_recompile pc=0x00000229ebce3508 method=java.util.HashMap.putVal(ILjava/lang/Object;Ljava/lang/Object;ZZ)Ljava/lang/Object; @ 91 c2
Event: 3.770 Thread 0x00000229dbcbb290 DEOPT PACKING pc=0x00000229ebce3508 sp=0x0000002f8cbf7b10
Event: 3.770 Thread 0x00000229dbcbb290 DEOPT UNPACKING pc=0x00000229eb6c46a2 sp=0x0000002f8cbf7a30 mode 2
Event: 3.770 Thread 0x00000229dbcbb290 Uncommon trap: trap_request=0xffffffde fr.pc=0x00000229ebce3508 relative=0x0000000000000ac8
Event: 3.770 Thread 0x00000229dbcbb290 Uncommon trap: reason=class_check action=maybe_recompile pc=0x00000229ebce3508 method=java.util.HashMap.putVal(ILjava/lang/Object;Ljava/lang/Object;ZZ)Ljava/lang/Object; @ 91 c2
Event: 3.770 Thread 0x00000229dbcbb290 DEOPT PACKING pc=0x00000229ebce3508 sp=0x0000002f8cbf7a90
Event: 3.770 Thread 0x00000229dbcbb290 DEOPT UNPACKING pc=0x00000229eb6c46a2 sp=0x0000002f8cbf79b0 mode 2
Event: 3.773 Thread 0x00000229dbcbb290 DEOPT PACKING pc=0x00000229e433121a sp=0x0000002f8cbf7960
Event: 3.773 Thread 0x00000229dbcbb290 DEOPT UNPACKING pc=0x00000229eb6c4e42 sp=0x0000002f8cbf6ee0 mode 0
Event: 3.786 Thread 0x00000229dbcbb290 Uncommon trap: trap_request=0xffffff45 fr.pc=0x00000229ebc47ed4 relative=0x0000000000000054
Event: 3.786 Thread 0x00000229dbcbb290 Uncommon trap: reason=unstable_if action=reinterpret pc=0x00000229ebc47ed4 method=sun.nio.fs.WindowsPathParser.isSlash(C)Z @ 9 c2
Event: 3.786 Thread 0x00000229dbcbb290 DEOPT PACKING pc=0x00000229ebc47ed4 sp=0x0000002f8cbf7800
Event: 3.786 Thread 0x00000229dbcbb290 DEOPT UNPACKING pc=0x00000229eb6c46a2 sp=0x0000002f8cbf7788 mode 2
Event: 3.828 Thread 0x00000229dbcbb290 Uncommon trap: trap_request=0xffffff45 fr.pc=0x00000229ebc1fcf0 relative=0x0000000000000150
Event: 3.828 Thread 0x00000229dbcbb290 Uncommon trap: reason=unstable_if action=reinterpret pc=0x00000229ebc1fcf0 method=java.lang.StringCoding.countPositives([BII)I @ 17 c2
Event: 3.828 Thread 0x00000229dbcbb290 DEOPT PACKING pc=0x00000229ebc1fcf0 sp=0x0000002f8cbfb590
Event: 3.828 Thread 0x00000229dbcbb290 DEOPT UNPACKING pc=0x00000229eb6c46a2 sp=0x0000002f8cbfb530 mode 2
Event: 3.893 Thread 0x00000229fc4c3b50 DEOPT PACKING pc=0x00000229e46ec3fc sp=0x0000002f8e5fef40
Event: 3.893 Thread 0x00000229fc4c3b50 DEOPT UNPACKING pc=0x00000229eb6c4e42 sp=0x0000002f8e5fe498 mode 0

Classes loaded (20 events):
Event: 3.825 Loading class sun/nio/ch/Streams
Event: 3.825 Loading class sun/nio/ch/Streams done
Event: 3.825 Loading class sun/nio/ch/ChannelOutputStream
Event: 3.825 Loading class sun/nio/ch/ChannelOutputStream done
Event: 3.828 Loading class sun/nio/ch/ChannelInputStream
Event: 3.828 Loading class sun/nio/ch/ChannelInputStream done
Event: 3.835 Loading class java/util/concurrent/CompletableFuture
Event: 3.836 Loading class java/util/concurrent/CompletionStage
Event: 3.836 Loading class java/util/concurrent/CompletionStage done
Event: 3.836 Loading class java/util/concurrent/CompletableFuture done
Event: 3.837 Loading class java/util/concurrent/CompletableFuture$AltResult
Event: 3.837 Loading class java/util/concurrent/CompletableFuture$AltResult done
Event: 3.837 Loading class java/util/concurrent/CompletableFuture$Completion
Event: 3.837 Loading class java/util/concurrent/CompletableFuture$AsynchronousCompletionTask
Event: 3.837 Loading class java/util/concurrent/CompletableFuture$AsynchronousCompletionTask done
Event: 3.837 Loading class java/util/concurrent/CompletableFuture$Completion done
Event: 3.838 Loading class java/util/IdentityHashMap$ValueIterator
Event: 3.838 Loading class java/util/IdentityHashMap$ValueIterator done
Event: 3.839 Loading class java/util/concurrent/ConcurrentLinkedQueue$Itr
Event: 3.839 Loading class java/util/concurrent/ConcurrentLinkedQueue$Itr done

Classes unloaded (0 events):
No events

Classes redefined (0 events):
No events

Internal exceptions (20 events):
Event: 2.799 Thread 0x00000229dbcbb290 Exception <a 'java/lang/IncompatibleClassChangeError'{0x00000000e4a681a0}: Found class java.lang.Object, but interface was expected> (0x00000000e4a681a0) 
thrown [s\open\src\hotspot\share\interpreter\linkResolver.cpp, line 840]
Event: 2.841 Thread 0x00000229dbcbb290 Exception <a 'java/lang/NoSuchMethodError'{0x00000000e4800ce0}: 'int java.lang.invoke.DirectMethodHandle$Holder.invokeStatic(java.lang.Object, java.lang.Object, java.lang.Object, java.lang.Object)'> (0x00000000e4800ce0) 
thrown [s\open\src\hotspot\share\interpreter\linkResolver.cpp, line 773]
Event: 2.842 Thread 0x00000229dbcbb290 Exception <a 'java/lang/NoSuchMethodError'{0x00000000e4804360}: 'java.lang.Object java.lang.invoke.Invokers$Holder.invokeExact_MT(java.lang.Object, java.lang.Object, java.lang.Object, java.lang.Object, java.lang.Object, java.lang.Object)'> (0x00000000e4804360) 
thrown [s\open\src\hotspot\share\interpreter\linkResolver.cpp, line 773]
Event: 2.847 Thread 0x00000229dbcbb290 Exception <a 'java/lang/NoSuchMethodError'{0x00000000e4812400}: 'int java.lang.invoke.DirectMethodHandle$Holder.invokeStatic(java.lang.Object, java.lang.Object, java.lang.Object, java.lang.Object, java.lang.Object)'> (0x00000000e4812400) 
thrown [s\open\src\hotspot\share\interpreter\linkResolver.cpp, line 773]
Event: 2.875 Thread 0x00000229dbcbb290 Exception <a 'java/lang/NoSuchMethodError'{0x00000000e48e1ca0}: 'void java.lang.invoke.DirectMethodHandle$Holder.invokeStaticInit(java.lang.Object)'> (0x00000000e48e1ca0) 
thrown [s\open\src\hotspot\share\interpreter\linkResolver.cpp, line 773]
Event: 2.922 Thread 0x00000229dbcbb290 Exception <a 'java/lang/NoSuchMethodError'{0x00000000e45805b0}: 'void java.lang.invoke.DirectMethodHandle$Holder.invokeStaticInit(java.lang.Object, java.lang.Object, java.lang.Object, java.lang.Object)'> (0x00000000e45805b0) 
thrown [s\open\src\hotspot\share\interpreter\linkResolver.cpp, line 773]
Event: 2.943 Thread 0x00000229dbcbb290 Exception <a 'java/lang/NoSuchMethodError'{0x00000000e448b920}: 'int java.lang.invoke.DirectMethodHandle$Holder.invokeStaticInit(java.lang.Object, java.lang.Object)'> (0x00000000e448b920) 
thrown [s\open\src\hotspot\share\interpreter\linkResolver.cpp, line 773]
Event: 3.017 Thread 0x00000229dbcbb290 Exception <a 'java/lang/NoSuchMethodError'{0x00000000e42d5490}: 'java.lang.Object java.lang.invoke.DirectMethodHandle$Holder.newInvokeSpecial(java.lang.Object, java.lang.Object, java.lang.Object, java.lang.Object, java.lang.Object, java.lang.Object, java.lang.Object)'> (0x00000000e42d5490) 
thrown [s\open\src\hotspot\share\interpreter\linkResolver.cpp, line 773]
Event: 3.021 Thread 0x00000229dbcbb290 Exception <a 'java/lang/NoSuchMethodError'{0x00000000e42eed40}: 'java.lang.Object java.lang.invoke.DirectMethodHandle$Holder.invokeInterface(java.lang.Object, java.lang.Object, java.lang.Object, java.lang.Object, java.lang.Object)'> (0x00000000e42eed40) 
thrown [s\open\src\hotspot\share\interpreter\linkResolver.cpp, line 773]
Event: 3.022 Thread 0x00000229dbcbb290 Exception <a 'java/lang/IncompatibleClassChangeError'{0x00000000e42f2868}: Found class java.lang.Object, but interface was expected> (0x00000000e42f2868) 
thrown [s\open\src\hotspot\share\interpreter\linkResolver.cpp, line 840]
Event: 3.055 Thread 0x00000229dbcbb290 Exception <a 'java/lang/NoSuchMethodError'{0x00000000e405b088}: 'void java.lang.invoke.DirectMethodHandle$Holder.invokeVirtual(java.lang.Object, java.lang.Object)'> (0x00000000e405b088) 
thrown [s\open\src\hotspot\share\interpreter\linkResolver.cpp, line 773]
Event: 3.218 Thread 0x00000229dbcbb290 Exception <a 'java/lang/NoSuchMethodError'{0x00000000e3a62a40}: 'void java.lang.invoke.DirectMethodHandle$Holder.invokeSpecial(java.lang.Object, java.lang.Object, java.lang.Object, java.lang.Object, java.lang.Object, java.lang.Object, java.lang.Object)'> (0x00000000e3a62a40) 
thrown [s\open\src\hotspot\share\interpreter\linkResolver.cpp, line 773]
Event: 3.271 Thread 0x00000229fced03f0 Exception <a 'java/lang/NoSuchMethodError'{0x00000000e3877610}: static [Ljava/lang/StackTraceElement;.<clinit>()V> (0x00000000e3877610) 
thrown [s\open\src\hotspot\share\prims\jni.cpp, line 1111]
Event: 3.309 Thread 0x00000229fced03f0 Exception <a 'java/lang/NoSuchMethodError'{0x00000000e38bab30}: static [B.<clinit>()V> (0x00000000e38bab30) 
thrown [s\open\src\hotspot\share\prims\jni.cpp, line 1111]
Event: 3.788 Thread 0x00000229dbcbb290 Exception <a 'sun/nio/fs/WindowsException'{0x00000000e76cccb8}> (0x00000000e76cccb8) 
thrown [s\open\src\hotspot\share\prims\jni.cpp, line 520]
Event: 3.788 Thread 0x00000229dbcbb290 Exception <a 'sun/nio/fs/WindowsException'{0x00000000e76ce2d0}> (0x00000000e76ce2d0) 
thrown [s\open\src\hotspot\share\prims\jni.cpp, line 520]
Event: 3.789 Thread 0x00000229dbcbb290 Exception <a 'sun/nio/fs/WindowsException'{0x00000000e76d0320}> (0x00000000e76d0320) 
thrown [s\open\src\hotspot\share\prims\jni.cpp, line 520]
Event: 3.789 Thread 0x00000229dbcbb290 Exception <a 'sun/nio/fs/WindowsException'{0x00000000e76d0f00}> (0x00000000e76d0f00) 
thrown [s\open\src\hotspot\share\prims\jni.cpp, line 520]
Event: 3.789 Thread 0x00000229dbcbb290 Exception <a 'sun/nio/fs/WindowsException'{0x00000000e76d1fd8}> (0x00000000e76d1fd8) 
thrown [s\open\src\hotspot\share\prims\jni.cpp, line 520]
Event: 3.789 Thread 0x00000229dbcbb290 Exception <a 'sun/nio/fs/WindowsException'{0x00000000e76d2bb8}> (0x00000000e76d2bb8) 
thrown [s\open\src\hotspot\share\prims\jni.cpp, line 520]

ZGC Phase Switch (0 events):
No events

VM Operations (20 events):
Event: 1.893 Executing VM operation: HandshakeAllThreads (Deoptimize) done
Event: 1.894 Executing VM operation: HandshakeAllThreads (Deoptimize)
Event: 1.894 Executing VM operation: HandshakeAllThreads (Deoptimize) done
Event: 2.024 Executing VM operation: HandshakeAllThreads (Deoptimize)
Event: 2.024 Executing VM operation: HandshakeAllThreads (Deoptimize) done
Event: 2.189 Executing VM operation: ICBufferFull
Event: 2.189 Executing VM operation: ICBufferFull done
Event: 2.195 Executing VM operation: HandshakeAllThreads (Deoptimize)
Event: 2.195 Executing VM operation: HandshakeAllThreads (Deoptimize) done
Event: 2.862 Executing VM operation: HandshakeAllThreads (Deoptimize)
Event: 2.862 Executing VM operation: HandshakeAllThreads (Deoptimize) done
Event: 3.031 Executing VM operation: HandshakeAllThreads (Deoptimize)
Event: 3.031 Executing VM operation: HandshakeAllThreads (Deoptimize) done
Event: 3.044 Executing VM operation: ICBufferFull
Event: 3.044 Executing VM operation: ICBufferFull done
Event: 3.622 Executing VM operation: G1CollectForAllocation (G1 Evacuation Pause)
Event: 3.632 Executing VM operation: G1CollectForAllocation (G1 Evacuation Pause) done
Event: 3.847 Executing VM operation: HandshakeAllThreads (Deoptimize)
Event: 3.847 Executing VM operation: HandshakeAllThreads (Deoptimize) done
Event: 3.928 Executing VM operation: Exit

Events (20 events):
Event: 0.076 Thread 0x00000229f5fc8e40 Thread added: 0x00000229f5fc8e40
Event: 0.076 Thread 0x00000229f5fc98a0 Thread added: 0x00000229f5fc98a0
Event: 0.076 Thread 0x00000229f5fce310 Thread added: 0x00000229f5fce310
Event: 0.076 Thread 0x00000229f5fced70 Thread added: 0x00000229f5fced70
Event: 0.076 Thread 0x00000229f5fcfb00 Thread added: 0x00000229f5fcfb00
Event: 0.100 Thread 0x00000229f603a510 Thread added: 0x00000229f603a510
Event: 0.226 Thread 0x00000229f607cfe0 Thread added: 0x00000229f607cfe0
Event: 0.586 Thread 0x00000229f655b3d0 Thread added: 0x00000229f655b3d0
Event: 0.672 Thread 0x00000229fb02bf00 Thread added: 0x00000229fb02bf00
Event: 1.894 Thread 0x00000229fb673d60 Thread added: 0x00000229fb673d60
Event: 2.080 Thread 0x00000229fced03f0 Thread added: 0x00000229fced03f0
Event: 2.082 Thread 0x00000229fc6db340 Thread added: 0x00000229fc6db340
Event: 3.842 Thread 0x00000229fced03f0 Thread exited: 0x00000229fced03f0
Event: 3.842 Thread 0x00000229fc6db340 Thread exited: 0x00000229fc6db340
Event: 3.842 Thread 0x00000229fb673d60 Thread exited: 0x00000229fb673d60
Event: 3.845 Thread 0x00000229fced03f0 Thread added: 0x00000229fced03f0
Event: 3.845 Thread 0x00000229fc4c3b50 Thread added: 0x00000229fc4c3b50
Event: 3.846 Thread 0x00000229fced03f0 Thread exited: 0x00000229fced03f0
Event: 3.926 Thread 0x00000229fc4c3b50 Thread exited: 0x00000229fc4c3b50
Event: 3.928 Thread 0x00000229f5fc8e40 Thread exited: 0x00000229f5fc8e40


Dynamic libraries:
0x00007ff799210000 - 0x00007ff799220000 	C:\Program Files\Java\jdk-21\bin\java.exe
0x00007fff64210000 - 0x00007fff64408000 	C:\Windows\SYSTEM32\ntdll.dll
0x00007fff62270000 - 0x00007fff6232f000 	C:\Windows\System32\KERNEL32.DLL
0x00007fff61b40000 - 0x00007fff61e36000 	C:\Windows\System32\KERNELBASE.dll
0x00007fff62170000 - 0x00007fff62270000 	C:\Windows\System32\ucrtbase.dll
0x00007fff5afb0000 - 0x00007fff5afc9000 	C:\Program Files\Java\jdk-21\bin\jli.dll
0x00007fff62490000 - 0x00007fff6253f000 	C:\Windows\System32\ADVAPI32.dll
0x00007fff63320000 - 0x00007fff633be000 	C:\Windows\System32\msvcrt.dll
0x00007fff63900000 - 0x00007fff6399c000 	C:\Windows\System32\sechost.dll
0x00007fff62360000 - 0x00007fff62486000 	C:\Windows\System32\RPCRT4.dll
0x00007fff62e80000 - 0x00007fff6301d000 	C:\Windows\System32\USER32.dll
0x00007fff61e40000 - 0x00007fff61e62000 	C:\Windows\System32\win32u.dll
0x00007fff632f0000 - 0x00007fff6331c000 	C:\Windows\System32\GDI32.dll
0x00007fff61e70000 - 0x00007fff61f85000 	C:\Windows\System32\gdi32full.dll
0x00007fff61f90000 - 0x00007fff6202d000 	C:\Windows\System32\msvcp_win.dll
0x00007fff5af90000 - 0x00007fff5afab000 	C:\Program Files\Java\jdk-21\bin\VCRUNTIME140.dll
0x00007fff60cf0000 - 0x00007fff60f8a000 	C:\Windows\WinSxS\amd64_microsoft.windows.common-controls_6595b64144ccf1df_6.0.19041.1110_none_60b5254171f9507e\COMCTL32.dll
0x00007fff58e80000 - 0x00007fff58e8a000 	C:\Windows\SYSTEM32\VERSION.dll
0x00007fff62330000 - 0x00007fff62360000 	C:\Windows\System32\IMM32.DLL
0x00007fff4bde0000 - 0x00007fff4bdec000 	C:\Program Files\Java\jdk-21\bin\vcruntime140_1.dll
0x00007fff33950000 - 0x00007fff339de000 	C:\Program Files\Java\jdk-21\bin\msvcp140.dll
0x00007fff32c30000 - 0x00007fff33943000 	C:\Program Files\Java\jdk-21\bin\server\jvm.dll
0x00007fff63420000 - 0x00007fff6348b000 	C:\Windows\System32\WS2_32.dll
0x00007fff61510000 - 0x00007fff6155b000 	C:\Windows\SYSTEM32\POWRPROF.dll
0x00007fff3e090000 - 0x00007fff3e0b7000 	C:\Windows\SYSTEM32\WINMM.dll
0x00007fff60f90000 - 0x00007fff60fa2000 	C:\Windows\SYSTEM32\UMPDC.dll
0x00007fff5fac0000 - 0x00007fff5fad2000 	C:\Windows\SYSTEM32\kernel.appcore.dll
0x00007fff4bbb0000 - 0x00007fff4bbba000 	C:\Program Files\Java\jdk-21\bin\jimage.dll
0x00007fff61320000 - 0x00007fff61504000 	C:\Windows\SYSTEM32\DBGHELP.DLL
0x00007fff610c0000 - 0x00007fff610f4000 	C:\Windows\SYSTEM32\dbgcore.DLL
0x00007fff620e0000 - 0x00007fff62162000 	C:\Windows\System32\bcryptPrimitives.dll
0x00007fff4bba0000 - 0x00007fff4bbaf000 	C:\Program Files\Java\jdk-21\bin\instrument.dll
0x00007fff45ed0000 - 0x00007fff45eef000 	C:\Program Files\Java\jdk-21\bin\java.dll
0x00007fff63a80000 - 0x00007fff641c4000 	C:\Windows\System32\SHELL32.dll
0x00007fff5f320000 - 0x00007fff5fab3000 	C:\Windows\SYSTEM32\windows.storage.dll
0x00007fff625a0000 - 0x00007fff628f4000 	C:\Windows\System32\combase.dll
0x00007fff60c50000 - 0x00007fff60c7e000 	C:\Windows\SYSTEM32\Wldp.dll
0x00007fff63240000 - 0x00007fff632ed000 	C:\Windows\System32\SHCORE.dll
0x00007fff62540000 - 0x00007fff62595000 	C:\Windows\System32\shlwapi.dll
0x00007fff61830000 - 0x00007fff6184f000 	C:\Windows\SYSTEM32\profapi.dll
0x00007fff32b50000 - 0x00007fff32c27000 	C:\Program Files\Java\jdk-21\bin\jsvml.dll
0x00007fff38250000 - 0x00007fff38268000 	C:\Program Files\Java\jdk-21\bin\zip.dll
0x00007fff45e40000 - 0x00007fff45e50000 	C:\Program Files\Java\jdk-21\bin\net.dll
0x00007fff52280000 - 0x00007fff5238a000 	C:\Windows\SYSTEM32\WINHTTP.dll
0x00007fff60b20000 - 0x00007fff60b8a000 	C:\Windows\system32\mswsock.dll
0x00007fff38230000 - 0x00007fff38246000 	C:\Program Files\Java\jdk-21\bin\nio.dll
0x00007fff42040000 - 0x00007fff42050000 	C:\Program Files\Java\jdk-21\bin\verify.dll
0x00007fff08190000 - 0x00007fff081a7000 	C:\Windows\system32\napinsp.dll
0x00007fff08170000 - 0x00007fff0818b000 	C:\Windows\system32\pnrpnsp.dll
0x00007fff40050000 - 0x00007fff40065000 	C:\Windows\system32\wshbth.dll
0x00007fff5c480000 - 0x00007fff5c49d000 	C:\Windows\system32\NLAapi.dll
0x00007fff606a0000 - 0x00007fff606dc000 	C:\Windows\SYSTEM32\IPHLPAPI.DLL
0x00007fff606e0000 - 0x00007fff607ab000 	C:\Windows\SYSTEM32\DNSAPI.dll
0x00007fff62b60000 - 0x00007fff62b68000 	C:\Windows\System32\NSI.dll
0x00007fff08150000 - 0x00007fff08162000 	C:\Windows\System32\winrnr.dll
0x00007fff4e480000 - 0x00007fff4e48a000 	C:\Windows\System32\rasadhlp.dll
0x00007fff4e610000 - 0x00007fff4e692000 	C:\Windows\System32\fwpuclnt.dll
0x00007fff61960000 - 0x00007fff61987000 	C:\Windows\System32\bcrypt.dll
0x00007fff32b20000 - 0x00007fff32b29000 	C:\Program Files\Java\jdk-21\bin\extnet.dll
0x00007fff32b30000 - 0x00007fff32b3e000 	C:\Program Files\Java\jdk-21\bin\sunmscapi.dll
0x00007fff619e0000 - 0x00007fff61b3e000 	C:\Windows\System32\CRYPT32.dll
0x00007fff60cc0000 - 0x00007fff60ce8000 	C:\Windows\SYSTEM32\ncrypt.dll
0x00007fff60c80000 - 0x00007fff60cbb000 	C:\Windows\SYSTEM32\NTASN1.dll
0x00007fff071b0000 - 0x00007fff071b7000 	C:\Windows\system32\wshunix.dll
0x00007fff61680000 - 0x00007fff61698000 	C:\Windows\SYSTEM32\CRYPTSP.dll
0x00007fff602c0000 - 0x00007fff602f4000 	C:\Windows\system32\rsaenh.dll
0x00007fff617b0000 - 0x00007fff617de000 	C:\Windows\SYSTEM32\USERENV.dll
0x00007fff60c10000 - 0x00007fff60c1c000 	C:\Windows\SYSTEM32\CRYPTBASE.dll

dbghelp: loaded successfully - version: 4.0.5 - missing functions: none
symbol engine: initialized successfully - sym options: 0x614 - pdb path: .;C:\Program Files\Java\jdk-21\bin;C:\Windows\SYSTEM32;C:\Windows\WinSxS\amd64_microsoft.windows.common-controls_6595b64144ccf1df_6.0.19041.1110_none_60b5254171f9507e;C:\Program Files\Java\jdk-21\bin\server

VM Arguments:
jvm_args: -Dorg.gradle.internal.worker.tmpdir=C:\Users\bayes\Downloads\Projet_classe_kata-main\build\tmp\test\work -Dorg.gradle.native=false -javaagent:C:\Users\bayes\Downloads\Projet_classe_kata-main\build\tmp\.cache\expanded\zip_0bd0851504e6286cb5fc6f37a81e25cc\jacocoagent.jar=destfile=build/jacoco/test.exec,append=true,inclnolocationclasses=false,dumponexit=true,output=file,jmx=false -Xmx512m -Dfile.encoding=UTF-8 -Duser.country=FR -Duser.language=fr -Duser.variant -ea 
java_command: worker.org.gradle.process.internal.worker.GradleWorkerMain 'Gradle Test Executor 9'
java_class_path (initial): C:\\Users\\bayes\\.gradle\\caches\\8.5\\workerMain\\gradle-worker.jar;C:\\Users\\bayes\\Downloads\\Projet_classe_kata-main\\build\\classes\\java\\test;C:\\Users\\bayes\\Downloads\\Projet_classe_kata-main\\build\\classes\\java\\main;C:\\Users\\bayes\\.gradle\\caches\\modules-2\\files-2.1\\org.hamcrest\\hamcrest\\2.2\\1820c0968dba3a11a1b30669bb1f01978a91dedc\\hamcrest-2.2.jar;C:\\Users\\bayes\\.gradle\\caches\\modules-2\\files-2.1\\org.freemarker\\freemarker\\2.3.30\\86d70d335c7821178f62b554aa3a4bc538a94f1a\\freemarker-2.3.30.jar;C:\\Users\\bayes\\.gradle\\caches\\modules-2\\files-2.1\\org.junit.jupiter\\junit-jupiter-engine\\5.10.0\\90587932d718fc51a48112d33045a18476c542ad\\junit-jupiter-engine-5.10.0.jar;C:\\Users\\bayes\\.gradle\\caches\\modules-2\\files-2.1\\org.junit.jupiter\\junit-jupiter-api\\5.10.0\\2fe4ba3d31d5067878e468c96aa039005a9134d3\\junit-jupiter-api-5.10.0.jar;C:\\Users\\bayes\\.gradle\\caches\\modules-2\\files-2.1\\org.junit.platform\\junit-platform-engine\\1.10.0\\276c4edcf64fabb5a139fa7b4f99330d7a93b804\\junit-platform-engine-1.10.0.jar;C:\\Users\\bayes\\.gradle\\caches\\modules-2\\files-2.1\\org.junit.platform\\junit-platform-commons\\1.10.0\\d533ff2c286eaf963566f92baf5f8a06628d2609\\junit-platform-commons-1.10.0.jar;C:\\Users\\bayes\\.gradle\\caches\\modules-2\\files-2.1\\org.pitest\\pitest-junit5-plugin\\0.12\\6e1ee587a3457b0e7d636a5ce2e554fac62ec99\\pitest-junit5-plugin-0.12.jar;C:\\Users\\bayes\\.gradle\\caches\\modules-2\\files-2.1\\com.approvaltests\\approvaltests\\15.6.0\\b8a1e958f13be5f5c19ba14fa599283acb59bed1\\approvaltests-15.6.0.jar;C:\\Users\\bayes\\.gradle\\caches\\modules-2\\files-2.1\\com.approvaltests\\approvaltests-util\\15.6.0\\f8f896c050cc6e6a5c6b3d9febb677057ee0e31c\\approvaltests-util-15.6.0.jar;C:\\Users\\bayes\\.gradle\\caches\\modules-2\\files-2.1\\org.opentest4j\\opentest4j\\1.3.0\\152ea56b3a72f655d4fd677fc0ef2596c3dd5e6e\\opentest4j-1.3.0.jar;C:\\Users\\bayes\\.gradle\\caches\\modules-2\\files-2.1\\com.sun.mail\\javax.mail\\1.6.2\\935151eb71beff17a2ffac15dd80184a99a0514f\\javax.mail-1.6.2.jar;C:\\Users\\bayes\\.gradle\\caches\\modules-2\\files-2.1\\org.apache.commons\\commons-lang3\\3.12.0\\c6842c86792ff03b9f1d1fe2aab8dc23aa6c6f0e\\commons-lang3-3.12.0.jar;C:\\Users\\bayes\\.gradle\\caches\\modules-2\\files-2.1\\javax.activation\\activation\\1.1\\e6cb541461c2834bdea3eb920f1884d1eb508b50\\activation-1.1.jar
Launcher Type: SUN_STANDARD

[Global flags]
     intx CICompilerCount                          = 3                                         {product} {ergonomic}
     uint ConcGCThreads                            = 1                                         {product} {ergonomic}
     uint G1ConcRefinementThreads                  = 4                                         {product} {ergonomic}
   size_t G1HeapRegionSize                         = 1048576                                   {product} {ergonomic}
    uintx GCDrainStackTargetSize                   = 64                                        {product} {ergonomic}
   size_t InitialHeapSize                          = 130023424                                 {product} {ergonomic}
   size_t MarkStackSize                            = 4194304                                   {product} {ergonomic}
   size_t MaxHeapSize                              = 536870912                                 {product} {command line}
   size_t MaxNewSize                               = 321912832                                 {product} {ergonomic}
   size_t MinHeapDeltaBytes                        = 1048576                                   {product} {ergonomic}
   size_t MinHeapSize                              = 8388608                                   {product} {ergonomic}
    uintx NonNMethodCodeHeapSize                   = 5832780                                {pd product} {ergonomic}
    uintx NonProfiledCodeHeapSize                  = 122912730                              {pd product} {ergonomic}
    uintx ProfiledCodeHeapSize                     = 122912730                              {pd product} {ergonomic}
    uintx ReservedCodeCacheSize                    = 251658240                              {pd product} {ergonomic}
     bool SegmentedCodeCache                       = true                                      {product} {ergonomic}
   size_t SoftMaxHeapSize                          = 536870912                              {manageable} {ergonomic}
     bool UseCompressedOops                        = true                           {product lp64_product} {ergonomic}
     bool UseG1GC                                  = true                                      {product} {ergonomic}
     bool UseLargePagesIndividualAllocation        = false                                  {pd product} {ergonomic}

Logging:
Log output configuration:
 #0: stdout all=warning uptime,level,tags foldmultilines=false
 #1: stderr all=off uptime,level,tags foldmultilines=false

Environment Variables:
JAVA_HOME=C:\Program Files\Java\jdk-21
CLASSPATH=C:\Users\bayes\Downloads\Projet_classe_kata-main\\gradle\wrapper\gradle-wrapper.jar
PATH=C:\Program Files\Eclipse Adoptium\jdk-21.0.4.7-hotspot\bin;C:\Program Files\Common Files\Oracle\Java\javapath;C:\Windows\system32;C:\Windows;C:\Windows\System32\Wbem;C:\Windows\System32\WindowsPowerShell\v1.0\;C:\Windows\System32\OpenSSH\;C:\Program Files\Java\jdk-21;C:\Users\bayes\AppData\Local\Microsoft\WindowsApps;C:\Users\bayes\AppData\Local\Programs\Microsoft VS Code\bin;C:\Program Files\gradle-8.10.2\bin;
USERNAME=bayes
LANG=en_US.UTF-8
OS=Windows_NT
PROCESSOR_IDENTIFIER=Intel64 Family 6 Model 78 Stepping 3, GenuineIntel
TMP=C:\Users\bayes\AppData\Local\Temp
TEMP=C:\Users\bayes\AppData\Local\Temp




Periodic native trim disabled

---------------  S Y S T E M  ---------------

OS:
 Windows 10 , 64 bit Build 19041 (10.0.19041.2913)
OS uptime: 0 days 0:30 hours

CPU: total 4 (initial active 4) (2 cores per cpu, 2 threads per core) family 6 model 78 stepping 3 microcode 0xcc, cx8, cmov, fxsr, ht, mmx, 3dnowpref, sse, sse2, sse3, ssse3, sse4.1, sse4.2, popcnt, lzcnt, tsc, tscinvbit, avx, avx2, aes, erms, clmul, bmi1, bmi2, rtm, adx, fma, vzeroupper, clflush, clflushopt, rdtscp, f16c
Processor Information for processor 0
  Max Mhz: 2496, Current Mhz: 2396, Mhz Limit: 2396
Processor Information for processor 1
  Max Mhz: 2496, Current Mhz: 1497, Mhz Limit: 2396
Processor Information for processor 2
  Max Mhz: 2496, Current Mhz: 1497, Mhz Limit: 2396
Processor Information for processor 3
  Max Mhz: 2496, Current Mhz: 2396, Mhz Limit: 2396

Memory: 4k page, system-wide physical 7854M (710M free)
TotalPageFile size 15790M (AvailPageFile size 5058M)
current process WorkingSet (physical memory assigned to process): 692M, peak: 692M
current process commit charge ("private bytes"): 769M, peak: 769M

vm_info: Java HotSpot(TM) 64-Bit Server VM (21.0.4+8-LTS-274) for windows-amd64 JRE (21.0.4+8-LTS-274), built on 2024-06-05T05:23:33Z by "mach5one" with MS VC++ 17.6 (VS2022)

END.
