#
# There is insufficient memory for the Java Runtime Environment to continue.
# Native memory allocation (malloc) failed to allocate 686592 bytes for Chunk::new
# Possible reasons:
#   The system is out of physical RAM or swap space
#   The process is running with CompressedOops enabled, and the Java Heap may be blocking the growth of the native heap
# Possible solutions:
#   Reduce memory load on the system
#   Increase physical memory or swap space
#   Check if swap backing store is full
#   Decrease Java heap size (-Xmx/-Xms)
#   Decrease number of Java threads
#   Decrease Java thread stack sizes (-Xss)
#   Set larger code cache with -XX:ReservedCodeCacheSize=
#   JVM is running with Unscaled Compressed Oops mode in which the Java heap is
#     placed in the first 4GB address space. The Java Heap base address is the
#     maximum limit for the native heap growth. Please use -XX:HeapBaseMinAddress
#     to set the Java Heap base and to place the Java Heap above 4GB virtual address.
# This output file may be truncated or incomplete.
#
#  Out of Memory Error (arena.cpp:168), pid=1068, tid=6476
#
# JRE version: Java(TM) SE Runtime Environment (21.0.4+8) (build 21.0.4+8-LTS-274)
# Java VM: Java HotSpot(TM) 64-Bit Server VM (21.0.4+8-LTS-274, mixed mode, sharing, tiered, compressed oops, compressed class ptrs, g1 gc, windows-amd64)
# No core dump will be written. Minidumps are not enabled by default on client versions of Windows
#

---------------  S U M M A R Y ------------

Command Line: --add-opens=java.base/java.util=ALL-UNNAMED --add-opens=java.base/java.lang=ALL-UNNAMED --add-opens=java.base/java.lang.invoke=ALL-UNNAMED --add-opens=java.prefs/java.util.prefs=ALL-UNNAMED --add-opens=java.base/java.nio.charset=ALL-UNNAMED --add-opens=java.base/java.net=ALL-UNNAMED --add-opens=java.base/java.util.concurrent.atomic=ALL-UNNAMED -XX:MaxMetaspaceSize=384m -XX:+HeapDumpOnOutOfMemoryError -Xms256m -Xmx512m -Dfile.encoding=UTF-8 -Duser.country=FR -Duser.language=fr -Duser.variant -javaagent:C:\Users\bayes\.gradle\wrapper\dists\gradle-8.5-bin\5t9huq95ubn472n8rpzujfbqh\gradle-8.5\lib\agents\gradle-instrumentation-agent-8.5.jar org.gradle.launcher.daemon.bootstrap.GradleDaemon 8.5

Host: Intel(R) Core(TM) i5-10310U CPU @ 1.70GHz, 8 cores, 7G,  Windows 11 , 64 bit Build 22621 (10.0.22621.4391)
Time: Sat Nov 30 12:46:53 2024 Paris, Madrid elapsed time: 10.443286 seconds (0d 0h 0m 10s)

---------------  T H R E A D  ---------------

Current thread (0x000002ccb9031b90):  JavaThread "C2 CompilerThread0" daemon [_thread_in_native, id=6476, stack(0x000000e1bdd00000,0x000000e1bde00000) (1024K)]


Current CompileTask:
C2:  10443 8160       4       java.util.regex.Pattern::split (325 bytes)

Stack: [0x000000e1bdd00000,0x000000e1bde00000]
Native frames: (J=compiled Java code, j=interpreted, Vv=VM code, C=native code)
V  [jvm.dll+0x6c8e59]
V  [jvm.dll+0x853181]
V  [jvm.dll+0x8556ae]
V  [jvm.dll+0x855d83]
V  [jvm.dll+0x27d526]
V  [jvm.dll+0xc4aad]
V  [jvm.dll+0xc4fe3]
V  [jvm.dll+0x3b400c]
V  [jvm.dll+0x1df439]
V  [jvm.dll+0x2463d2]
V  [jvm.dll+0x24585f]
V  [jvm.dll+0x1c69de]
V  [jvm.dll+0x254d49]
V  [jvm.dll+0x2532da]
V  [jvm.dll+0x3ed426]
V  [jvm.dll+0x7fd65b]
V  [jvm.dll+0x6c753d]
C  [ucrtbase.dll+0x29333]
C  [KERNEL32.DLL+0x1259d]
C  [ntdll.dll+0x5af38]


---------------  P R O C E S S  ---------------

Threads class SMR info:
_java_thread_list=0x000002ccbfc21dc0, length=70, elements={
0x000002cc86e12e30, 0x000002ccb9021480, 0x000002ccb9022140, 0x000002ccb90248b0,
0x000002ccb9027320, 0x000002ccb9027d80, 0x000002ccb90287e0, 0x000002ccb9031b90,
0x000002ccb9032760, 0x000002ccb90f5420, 0x000002ccb92defe0, 0x000002ccbee173c0,
0x000002ccbefb1060, 0x000002ccbf338910, 0x000002ccbf31ce20, 0x000002ccbef67600,
0x000002ccbef67c70, 0x000002ccbf249230, 0x000002ccbef98720, 0x000002ccbef96650,
0x000002ccbef98090, 0x000002ccbef952a0, 0x000002ccbef97a00, 0x000002ccbef96ce0,
0x000002ccbef97370, 0x000002ccbef95fc0, 0x000002ccc0f37e50, 0x000002ccc0f36410,
0x000002ccc0f3a5b0, 0x000002ccc0f39f20, 0x000002ccc0f35060, 0x000002ccc0f3b960,
0x000002ccc0f37130, 0x000002ccc0f38b70, 0x000002ccc0f39890, 0x000002ccc0f3c680,
0x000002ccc0f377c0, 0x000002ccc0f3ac40, 0x000002ccc0f3b2d0, 0x000002ccc0f384e0,
0x000002ccbe215330, 0x000002ccbe214610, 0x000002ccbe2159c0, 0x000002ccbe213260,
0x000002ccbe212bd0, 0x000002ccbe216050, 0x000002ccbe2138f0, 0x000002ccbe213f80,
0x000002ccbe214ca0, 0x000002ccbe4c1e70, 0x000002ccbe4c52f0, 0x000002ccbe4c3f40,
0x000002ccbe4c2500, 0x000002ccbe4c2b90, 0x000002ccbe4c0ac0, 0x000002ccbe4c3220,
0x000002ccbe4c4c60, 0x000002ccbe4c0430, 0x000002ccbe4c17e0, 0x000002ccbe4c6010,
0x000002ccbe4bf080, 0x000002ccbe4c38b0, 0x000002ccbe4bf710, 0x000002ccbe4c45d0,
0x000002ccbe4c66a0, 0x000002ccbe4bfda0, 0x000002ccbe4c1150, 0x000002ccc238d940,
0x000002ccc2389e30, 0x000002ccc238c590
}

Java Threads: ( => current thread )
  0x000002cc86e12e30 JavaThread "main"                              [_thread_blocked, id=16604, stack(0x000000e1bcf00000,0x000000e1bd000000) (1024K)]
  0x000002ccb9021480 JavaThread "Reference Handler"          daemon [_thread_blocked, id=14876, stack(0x000000e1bd700000,0x000000e1bd800000) (1024K)]
  0x000002ccb9022140 JavaThread "Finalizer"                  daemon [_thread_blocked, id=22772, stack(0x000000e1bd800000,0x000000e1bd900000) (1024K)]
  0x000002ccb90248b0 JavaThread "Signal Dispatcher"          daemon [_thread_blocked, id=9576, stack(0x000000e1bd900000,0x000000e1bda00000) (1024K)]
  0x000002ccb9027320 JavaThread "Attach Listener"            daemon [_thread_blocked, id=4960, stack(0x000000e1bda00000,0x000000e1bdb00000) (1024K)]
  0x000002ccb9027d80 JavaThread "Service Thread"             daemon [_thread_blocked, id=17256, stack(0x000000e1bdb00000,0x000000e1bdc00000) (1024K)]
  0x000002ccb90287e0 JavaThread "Monitor Deflation Thread"   daemon [_thread_blocked, id=12092, stack(0x000000e1bdc00000,0x000000e1bdd00000) (1024K)]
=>0x000002ccb9031b90 JavaThread "C2 CompilerThread0"         daemon [_thread_in_native, id=6476, stack(0x000000e1bdd00000,0x000000e1bde00000) (1024K)]
  0x000002ccb9032760 JavaThread "C1 CompilerThread0"         daemon [_thread_blocked, id=6712, stack(0x000000e1bde00000,0x000000e1bdf00000) (1024K)]
  0x000002ccb90f5420 JavaThread "Common-Cleaner"             daemon [_thread_blocked, id=6376, stack(0x000000e1bdf00000,0x000000e1be000000) (1024K)]
  0x000002ccb92defe0 JavaThread "Notification Thread"        daemon [_thread_blocked, id=17680, stack(0x000000e1be000000,0x000000e1be100000) (1024K)]
  0x000002ccbee173c0 JavaThread "Daemon health stats"               [_thread_blocked, id=4800, stack(0x000000e1be600000,0x000000e1be700000) (1024K)]
  0x000002ccbefb1060 JavaThread "Incoming local TCP Connector on port 55247"        [_thread_in_native, id=9564, stack(0x000000e1be800000,0x000000e1be900000) (1024K)]
  0x000002ccbf338910 JavaThread "Daemon periodic checks"            [_thread_blocked, id=14264, stack(0x000000e1be900000,0x000000e1bea00000) (1024K)]
  0x000002ccbf31ce20 JavaThread "Daemon"                            [_thread_blocked, id=22680, stack(0x000000e1bea00000,0x000000e1beb00000) (1024K)]
  0x000002ccbef67600 JavaThread "Handler for socket connection from /127.0.0.1:55247 to /127.0.0.1:55248"        [_thread_in_native, id=14196, stack(0x000000e1beb00000,0x000000e1bec00000) (1024K)]
  0x000002ccbef67c70 JavaThread "Cancel handler"                    [_thread_blocked, id=8424, stack(0x000000e1bec00000,0x000000e1bed00000) (1024K)]
  0x000002ccbf249230 JavaThread "Daemon worker"                     [_thread_blocked, id=12408, stack(0x000000e1bed00000,0x000000e1bee00000) (1024K)]
  0x000002ccbef98720 JavaThread "Asynchronous log dispatcher for DefaultDaemonConnection: socket connection from /127.0.0.1:55247 to /127.0.0.1:55248"        [_thread_blocked, id=15380, stack(0x000000e1bee00000,0x000000e1bef00000) (1024K)]
  0x000002ccbef96650 JavaThread "Stdin handler"                     [_thread_blocked, id=23672, stack(0x000000e1bef00000,0x000000e1bf000000) (1024K)]
  0x000002ccbef98090 JavaThread "Daemon client event forwarder"        [_thread_blocked, id=22524, stack(0x000000e1bf000000,0x000000e1bf100000) (1024K)]
  0x000002ccbef952a0 JavaThread "Cache worker for journal cache (C:\Users\bayes\.gradle\caches\journal-1)"        [_thread_blocked, id=15844, stack(0x000000e1bf100000,0x000000e1bf200000) (1024K)]
  0x000002ccbef97a00 JavaThread "File lock request listener"        [_thread_in_native, id=9820, stack(0x000000e1bf200000,0x000000e1bf300000) (1024K)]
  0x000002ccbef96ce0 JavaThread "Cache worker for file hash cache (C:\Users\bayes\.gradle\caches\8.5\fileHashes)"        [_thread_blocked, id=16380, stack(0x000000e1be700000,0x000000e1be800000) (1024K)]
  0x000002ccbef97370 JavaThread "File watcher server"        daemon [_thread_in_native, id=6508, stack(0x000000e1bf600000,0x000000e1bf700000) (1024K)]
  0x000002ccbef95fc0 JavaThread "File watcher consumer"      daemon [_thread_blocked, id=6228, stack(0x000000e1bf700000,0x000000e1bf800000) (1024K)]
  0x000002ccc0f37e50 JavaThread "Cache worker for checksums cache (C:\Users\bayes\Projet_classe_kata\.gradle\8.5\checksums)"        [_thread_blocked, id=14132, stack(0x000000e1bf800000,0x000000e1bf900000) (1024K)]
  0x000002ccc0f36410 JavaThread "Cache worker for file hash cache (C:\Users\bayes\Projet_classe_kata\.gradle\8.5\fileHashes)"        [_thread_blocked, id=8832, stack(0x000000e1bf900000,0x000000e1bfa00000) (1024K)]
  0x000002ccc0f3a5b0 JavaThread "Cache worker for cache directory md-supplier (C:\Users\bayes\.gradle\caches\8.5\md-supplier)"        [_thread_blocked, id=1300, stack(0x000000e1bfa00000,0x000000e1bfb00000) (1024K)]
  0x000002ccc0f39f20 JavaThread "Cache worker for cache directory md-rule (C:\Users\bayes\.gradle\caches\8.5\md-rule)"        [_thread_blocked, id=17144, stack(0x000000e1bfb00000,0x000000e1bfc00000) (1024K)]
  0x000002ccc0f35060 JavaThread "Cache worker for file content cache (C:\Users\bayes\.gradle\caches\8.5\fileContent)"        [_thread_blocked, id=1896, stack(0x000000e1bfc00000,0x000000e1bfd00000) (1024K)]
  0x000002ccc0f3b960 JavaThread "Cache worker for execution history cache (C:\Users\bayes\.gradle\caches\8.5\executionHistory)"        [_thread_blocked, id=12108, stack(0x000000e1bfd00000,0x000000e1bfe00000) (1024K)]
  0x000002ccc0f37130 JavaThread "jar transforms"                    [_thread_blocked, id=7732, stack(0x000000e1bfe00000,0x000000e1bff00000) (1024K)]
  0x000002ccc0f38b70 JavaThread "jar transforms Thread 2"           [_thread_blocked, id=14988, stack(0x000000e1bff00000,0x000000e1c0000000) (1024K)]
  0x000002ccc0f39890 JavaThread "Cache worker for dependencies-accessors (C:\Users\bayes\Projet_classe_kata\.gradle\8.5\dependencies-accessors)"        [_thread_blocked, id=12472, stack(0x000000e1c0000000,0x000000e1c0100000) (1024K)]
  0x000002ccc0f3c680 JavaThread "jar transforms Thread 3"           [_thread_blocked, id=5680, stack(0x000000e1c0100000,0x000000e1c0200000) (1024K)]
  0x000002ccc0f377c0 JavaThread "Cache worker for Build Output Cleanup Cache (C:\Users\bayes\Projet_classe_kata\.gradle\buildOutputCleanup)"        [_thread_blocked, id=21764, stack(0x000000e1c0200000,0x000000e1c0300000) (1024K)]
  0x000002ccc0f3ac40 JavaThread "Unconstrained build operations"        [_thread_blocked, id=13616, stack(0x000000e1c0300000,0x000000e1c0400000) (1024K)]
  0x000002ccc0f3b2d0 JavaThread "jar transforms Thread 4"           [_thread_blocked, id=5396, stack(0x000000e1c0400000,0x000000e1c0500000) (1024K)]
  0x000002ccc0f384e0 JavaThread "jar transforms Thread 5"           [_thread_blocked, id=11100, stack(0x000000e1c0500000,0x000000e1c0600000) (1024K)]
  0x000002ccbe215330 JavaThread "Memory manager"                    [_thread_blocked, id=17952, stack(0x000000e1c0600000,0x000000e1c0700000) (1024K)]
  0x000002ccbe214610 JavaThread "jar transforms Thread 6"           [_thread_blocked, id=21356, stack(0x000000e1c0700000,0x000000e1c0800000) (1024K)]
  0x000002ccbe2159c0 JavaThread "included builds"                   [_thread_blocked, id=21584, stack(0x000000e1c0800000,0x000000e1c0900000) (1024K)]
  0x000002ccbe213260 JavaThread "Execution worker"                  [_thread_in_vm, id=13832, stack(0x000000e1c0900000,0x000000e1c0a00000) (1024K)]
  0x000002ccbe212bd0 JavaThread "Execution worker Thread 2"         [_thread_blocked, id=18328, stack(0x000000e1c0a00000,0x000000e1c0b00000) (1024K)]
  0x000002ccbe216050 JavaThread "Execution worker Thread 3"         [_thread_blocked, id=18256, stack(0x000000e1c0b00000,0x000000e1c0c00000) (1024K)]
  0x000002ccbe2138f0 JavaThread "Execution worker Thread 4"         [_thread_blocked, id=15976, stack(0x000000e1c0c00000,0x000000e1c0d00000) (1024K)]
  0x000002ccbe213f80 JavaThread "Execution worker Thread 5"         [_thread_blocked, id=8312, stack(0x000000e1c0d00000,0x000000e1c0e00000) (1024K)]
  0x000002ccbe214ca0 JavaThread "Execution worker Thread 6"         [_thread_blocked, id=16488, stack(0x000000e1c0e00000,0x000000e1c0f00000) (1024K)]
  0x000002ccbe4c1e70 JavaThread "Execution worker Thread 7"         [_thread_blocked, id=3784, stack(0x000000e1c0f00000,0x000000e1c1000000) (1024K)]
  0x000002ccbe4c52f0 JavaThread "Cache worker for execution history cache (C:\Users\bayes\Projet_classe_kata\.gradle\8.5\executionHistory)"        [_thread_blocked, id=9548, stack(0x000000e1c1000000,0x000000e1c1100000) (1024K)]
  0x000002ccbe4c3f40 JavaThread "Unconstrained build operations Thread 2"        [_thread_blocked, id=3872, stack(0x000000e1c1100000,0x000000e1c1200000) (1024K)]
  0x000002ccbe4c2500 JavaThread "Unconstrained build operations Thread 3"        [_thread_blocked, id=11900, stack(0x000000e1c1200000,0x000000e1c1300000) (1024K)]
  0x000002ccbe4c2b90 JavaThread "Cache worker for Java compile cache (C:\Users\bayes\.gradle\caches\8.5\javaCompile)"        [_thread_blocked, id=16672, stack(0x000000e1c1300000,0x000000e1c1400000) (1024K)]
  0x000002ccbe4c0ac0 JavaThread "Build operations"                  [_thread_blocked, id=21716, stack(0x000000e1c1400000,0x000000e1c1500000) (1024K)]
  0x000002ccbe4c3220 JavaThread "Build operations Thread 2"         [_thread_blocked, id=20536, stack(0x000000e1c1500000,0x000000e1c1600000) (1024K)]
  0x000002ccbe4c4c60 JavaThread "Unconstrained build operations Thread 4"        [_thread_blocked, id=15888, stack(0x000000e1c1600000,0x000000e1c1700000) (1024K)]
  0x000002ccbe4c0430 JavaThread "Unconstrained build operations Thread 5"        [_thread_blocked, id=23252, stack(0x000000e1c1700000,0x000000e1c1800000) (1024K)]
  0x000002ccbe4c17e0 JavaThread "Unconstrained build operations Thread 6"        [_thread_blocked, id=19380, stack(0x000000e1c1800000,0x000000e1c1900000) (1024K)]
  0x000002ccbe4c6010 JavaThread "Unconstrained build operations Thread 7"        [_thread_blocked, id=16292, stack(0x000000e1c1900000,0x000000e1c1a00000) (1024K)]
  0x000002ccbe4bf080 JavaThread "Unconstrained build operations Thread 8"        [_thread_blocked, id=1732, stack(0x000000e1c1a00000,0x000000e1c1b00000) (1024K)]
  0x000002ccbe4c38b0 JavaThread "Unconstrained build operations Thread 9"        [_thread_blocked, id=7764, stack(0x000000e1c1b00000,0x000000e1c1c00000) (1024K)]
  0x000002ccbe4bf710 JavaThread "Unconstrained build operations Thread 10"        [_thread_blocked, id=20032, stack(0x000000e1c1c00000,0x000000e1c1d00000) (1024K)]
  0x000002ccbe4c45d0 JavaThread "Build operations Thread 3"         [_thread_blocked, id=6004, stack(0x000000e1c1d00000,0x000000e1c1e00000) (1024K)]
  0x000002ccbe4c66a0 JavaThread "Build operations Thread 4"         [_thread_blocked, id=15008, stack(0x000000e1c1e00000,0x000000e1c1f00000) (1024K)]
  0x000002ccbe4bfda0 JavaThread "Build operations Thread 5"         [_thread_blocked, id=20732, stack(0x000000e1c1f00000,0x000000e1c2000000) (1024K)]
  0x000002ccbe4c1150 JavaThread "Build operations Thread 6"         [_thread_blocked, id=19028, stack(0x000000e1c2000000,0x000000e1c2100000) (1024K)]
  0x000002ccc238d940 JavaThread "Build operations Thread 7"         [_thread_blocked, id=9272, stack(0x000000e1c2100000,0x000000e1c2200000) (1024K)]
  0x000002ccc2389e30 JavaThread "Build operations Thread 8"         [_thread_blocked, id=13164, stack(0x000000e1c2200000,0x000000e1c2300000) (1024K)]
  0x000002ccc238c590 JavaThread "Unconstrained build operations Thread 11"        [_thread_blocked, id=14524, stack(0x000000e1c2300000,0x000000e1c2400000) (1024K)]
Total: 70

Other Threads:
  0x000002ccb9003a40 VMThread "VM Thread"                           [id=15136, stack(0x000000e1bd600000,0x000000e1bd700000) (1024K)]
  0x000002cca3c7aa60 WatcherThread "VM Periodic Task Thread"        [id=5348, stack(0x000000e1bd500000,0x000000e1bd600000) (1024K)]
  0x000002cc89088800 WorkerThread "GC Thread#0"                     [id=24240, stack(0x000000e1bd000000,0x000000e1bd100000) (1024K)]
  0x000002ccb9002bc0 WorkerThread "GC Thread#1"                     [id=8268, stack(0x000000e1be100000,0x000000e1be200000) (1024K)]
  0x000002ccb90020e0 WorkerThread "GC Thread#2"                     [id=10092, stack(0x000000e1be200000,0x000000e1be300000) (1024K)]
  0x000002ccb9002f60 WorkerThread "GC Thread#3"                     [id=10500, stack(0x000000e1be300000,0x000000e1be400000) (1024K)]
  0x000002ccb9002480 WorkerThread "GC Thread#4"                     [id=9628, stack(0x000000e1be400000,0x000000e1be500000) (1024K)]
  0x000002ccb9003300 WorkerThread "GC Thread#5"                     [id=19544, stack(0x000000e1be500000,0x000000e1be600000) (1024K)]
  0x000002ccbff281e0 WorkerThread "GC Thread#6"                     [id=5824, stack(0x000000e1bf300000,0x000000e1bf400000) (1024K)]
  0x000002ccbff252c0 WorkerThread "GC Thread#7"                     [id=13820, stack(0x000000e1bf400000,0x000000e1bf500000) (1024K)]
  0x000002cc8908d7e0 ConcurrentGCThread "G1 Main Marker"            [id=24292, stack(0x000000e1bd100000,0x000000e1bd200000) (1024K)]
  0x000002cc8908f2f0 WorkerThread "G1 Conc#0"                       [id=8712, stack(0x000000e1bd200000,0x000000e1bd300000) (1024K)]
  0x000002ccbff26fc0 WorkerThread "G1 Conc#1"                       [id=16712, stack(0x000000e1bf500000,0x000000e1bf600000) (1024K)]
  0x000002cc8911e5e0 ConcurrentGCThread "G1 Refine#0"               [id=16772, stack(0x000000e1bd300000,0x000000e1bd400000) (1024K)]
  0x000002cca3b4c8c0 ConcurrentGCThread "G1 Service"                [id=20088, stack(0x000000e1bd400000,0x000000e1bd500000) (1024K)]
Total: 15

Threads with active compile tasks:
C2 CompilerThread0    10494 8160       4       java.util.regex.Pattern::split (325 bytes)
Total: 1

VM state: not at safepoint (normal execution)

VM Mutex/Monitor currently owned by a thread: None

Heap address: 0x00000000e0000000, size: 512 MB, Compressed Oops mode: 32-bit

CDS archive(s) mapped at: [0x000002cca4000000-0x000002cca4c90000-0x000002cca4c90000), size 13172736, SharedBaseAddress: 0x000002cca4000000, ArchiveRelocationMode: 1.
Compressed class space mapped at: 0x000002cca5000000-0x000002ccb9000000, reserved size: 335544320
Narrow klass base: 0x000002cca4000000, Narrow klass shift: 0, Narrow klass range: 0x100000000

GC Precious Log:
 CardTable entry size: 512
 Card Set container configuration: InlinePtr #cards 5 size 8 Array Of Cards #cards 12 size 40 Howl #buckets 4 coarsen threshold 1843 Howl Bitmap #cards 512 size 80 coarsen threshold 460 Card regions per heap region 1 cards per card region 2048
 CPUs: 8 total, 8 available
 Memory: 7952M
 Large Page Support: Disabled
 NUMA Support: Disabled
 Compressed Oops: Enabled (32-bit)
 Heap Region Size: 1M
 Heap Min Capacity: 256M
 Heap Initial Capacity: 256M
 Heap Max Capacity: 512M
 Pre-touch: Disabled
 Parallel Workers: 8
 Concurrent Workers: 2
 Concurrent Refinement Workers: 8
 Periodic GC: Disabled

Heap:
 garbage-first heap   total 262144K, used 142492K [0x00000000e0000000, 0x0000000100000000)
  region size 1024K, 111 young (113664K), 15 survivors (15360K)
 Metaspace       used 70479K, committed 72448K, reserved 393216K
  class space    used 9947K, committed 10944K, reserved 327680K

Heap Regions: E=young(eden), S=young(survivor), O=old, HS=humongous(starts), HC=humongous(continues), CS=collection set, F=free, TAMS=top-at-mark-start, PB=parsable bottom
|   0|0x00000000e0000000, 0x00000000e0100000, 0x00000000e0100000|100%|HS|  |TAMS 0x00000000e0000000| PB 0x00000000e0000000| Complete 
|   1|0x00000000e0100000, 0x00000000e0200000, 0x00000000e0200000|100%|HC|  |TAMS 0x00000000e0100000| PB 0x00000000e0100000| Complete 
|   2|0x00000000e0200000, 0x00000000e0300000, 0x00000000e0300000|100%|HC|  |TAMS 0x00000000e0200000| PB 0x00000000e0200000| Complete 
|   3|0x00000000e0300000, 0x00000000e0400000, 0x00000000e0400000|100%|HC|  |TAMS 0x00000000e0300000| PB 0x00000000e0300000| Complete 
|   4|0x00000000e0400000, 0x00000000e0500000, 0x00000000e0500000|100%| O|  |TAMS 0x00000000e0400000| PB 0x00000000e0400000| Untracked 
|   5|0x00000000e0500000, 0x00000000e0600000, 0x00000000e0600000|100%| O|  |TAMS 0x00000000e0500000| PB 0x00000000e0500000| Untracked 
|   6|0x00000000e0600000, 0x00000000e0700000, 0x00000000e0700000|100%| O|  |TAMS 0x00000000e0600000| PB 0x00000000e0600000| Untracked 
|   7|0x00000000e0700000, 0x00000000e0800000, 0x00000000e0800000|100%| O|  |TAMS 0x00000000e0700000| PB 0x00000000e0700000| Untracked 
|   8|0x00000000e0800000, 0x00000000e0900000, 0x00000000e0900000|100%| O|  |TAMS 0x00000000e0800000| PB 0x00000000e0800000| Untracked 
|   9|0x00000000e0900000, 0x00000000e0a00000, 0x00000000e0a00000|100%| O|  |TAMS 0x00000000e0900000| PB 0x00000000e0900000| Untracked 
|  10|0x00000000e0a00000, 0x00000000e0b00000, 0x00000000e0b00000|100%| O|  |TAMS 0x00000000e0a00000| PB 0x00000000e0a00000| Untracked 
|  11|0x00000000e0b00000, 0x00000000e0c00000, 0x00000000e0c00000|100%| O|  |TAMS 0x00000000e0b00000| PB 0x00000000e0b00000| Untracked 
|  12|0x00000000e0c00000, 0x00000000e0d00000, 0x00000000e0d00000|100%| O|  |TAMS 0x00000000e0c00000| PB 0x00000000e0c00000| Untracked 
|  13|0x00000000e0d00000, 0x00000000e0e00000, 0x00000000e0e00000|100%| O|  |TAMS 0x00000000e0d00000| PB 0x00000000e0d00000| Untracked 
|  14|0x00000000e0e00000, 0x00000000e0f00000, 0x00000000e0f00000|100%| O|  |TAMS 0x00000000e0e00000| PB 0x00000000e0e00000| Untracked 
|  15|0x00000000e0f00000, 0x00000000e1000000, 0x00000000e1000000|100%| O|  |TAMS 0x00000000e0f00000| PB 0x00000000e0f00000| Untracked 
|  16|0x00000000e1000000, 0x00000000e1100000, 0x00000000e1100000|100%| O|  |TAMS 0x00000000e1000000| PB 0x00000000e1000000| Untracked 
|  17|0x00000000e1100000, 0x00000000e1200000, 0x00000000e1200000|100%| O|  |TAMS 0x00000000e1100000| PB 0x00000000e1100000| Untracked 
|  18|0x00000000e1200000, 0x00000000e1300000, 0x00000000e1300000|100%| O|  |TAMS 0x00000000e1200000| PB 0x00000000e1200000| Untracked 
|  19|0x00000000e1300000, 0x00000000e1400000, 0x00000000e1400000|100%| O|  |TAMS 0x00000000e1300000| PB 0x00000000e1300000| Untracked 
|  20|0x00000000e1400000, 0x00000000e1500000, 0x00000000e1500000|100%| O|  |TAMS 0x00000000e1400000| PB 0x00000000e1400000| Untracked 
|  21|0x00000000e1500000, 0x00000000e1600000, 0x00000000e1600000|100%| O|  |TAMS 0x00000000e1500000| PB 0x00000000e1500000| Untracked 
|  22|0x00000000e1600000, 0x00000000e1700000, 0x00000000e1700000|100%| O|Cm|TAMS 0x00000000e1600000| PB 0x00000000e1600000| Complete 
|  23|0x00000000e1700000, 0x00000000e1800000, 0x00000000e1800000|100%| O|  |TAMS 0x00000000e1700000| PB 0x00000000e1700000| Untracked 
|  24|0x00000000e1800000, 0x00000000e1900000, 0x00000000e1900000|100%| O|  |TAMS 0x00000000e1800000| PB 0x00000000e1800000| Untracked 
|  25|0x00000000e1900000, 0x00000000e1a00000, 0x00000000e1a00000|100%| O|  |TAMS 0x00000000e1900000| PB 0x00000000e1900000| Untracked 
|  26|0x00000000e1a00000, 0x00000000e1b00000, 0x00000000e1b00000|100%| O|  |TAMS 0x00000000e1a00000| PB 0x00000000e1a00000| Untracked 
|  27|0x00000000e1b00000, 0x00000000e1c00000, 0x00000000e1c00000|100%| O|  |TAMS 0x00000000e1b00000| PB 0x00000000e1b00000| Untracked 
|  28|0x00000000e1c00000, 0x00000000e1d00000, 0x00000000e1d00000|100%| O|  |TAMS 0x00000000e1c00000| PB 0x00000000e1c00000| Untracked 
|  29|0x00000000e1d00000, 0x00000000e1e00000, 0x00000000e1e00000|100%| O|  |TAMS 0x00000000e1d00000| PB 0x00000000e1d00000| Untracked 
|  30|0x00000000e1e00000, 0x00000000e1e273a0, 0x00000000e1f00000| 15%| O|  |TAMS 0x00000000e1e00000| PB 0x00000000e1e00000| Untracked 
|  31|0x00000000e1f00000, 0x00000000e1f00000, 0x00000000e2000000|  0%| F|  |TAMS 0x00000000e1f00000| PB 0x00000000e1f00000| Untracked 
|  32|0x00000000e2000000, 0x00000000e2000000, 0x00000000e2100000|  0%| F|  |TAMS 0x00000000e2000000| PB 0x00000000e2000000| Untracked 
|  33|0x00000000e2100000, 0x00000000e2100000, 0x00000000e2200000|  0%| F|  |TAMS 0x00000000e2100000| PB 0x00000000e2100000| Untracked 
|  34|0x00000000e2200000, 0x00000000e2200000, 0x00000000e2300000|  0%| F|  |TAMS 0x00000000e2200000| PB 0x00000000e2200000| Untracked 
|  35|0x00000000e2300000, 0x00000000e2300000, 0x00000000e2400000|  0%| F|  |TAMS 0x00000000e2300000| PB 0x00000000e2300000| Untracked 
|  36|0x00000000e2400000, 0x00000000e2400000, 0x00000000e2500000|  0%| F|  |TAMS 0x00000000e2400000| PB 0x00000000e2400000| Untracked 
|  37|0x00000000e2500000, 0x00000000e2500000, 0x00000000e2600000|  0%| F|  |TAMS 0x00000000e2500000| PB 0x00000000e2500000| Untracked 
|  38|0x00000000e2600000, 0x00000000e2600000, 0x00000000e2700000|  0%| F|  |TAMS 0x00000000e2600000| PB 0x00000000e2600000| Untracked 
|  39|0x00000000e2700000, 0x00000000e2700000, 0x00000000e2800000|  0%| F|  |TAMS 0x00000000e2700000| PB 0x00000000e2700000| Untracked 
|  40|0x00000000e2800000, 0x00000000e2800000, 0x00000000e2900000|  0%| F|  |TAMS 0x00000000e2800000| PB 0x00000000e2800000| Untracked 
|  41|0x00000000e2900000, 0x00000000e2900000, 0x00000000e2a00000|  0%| F|  |TAMS 0x00000000e2900000| PB 0x00000000e2900000| Untracked 
|  42|0x00000000e2a00000, 0x00000000e2a00000, 0x00000000e2b00000|  0%| F|  |TAMS 0x00000000e2a00000| PB 0x00000000e2a00000| Untracked 
|  43|0x00000000e2b00000, 0x00000000e2b00000, 0x00000000e2c00000|  0%| F|  |TAMS 0x00000000e2b00000| PB 0x00000000e2b00000| Untracked 
|  44|0x00000000e2c00000, 0x00000000e2c00000, 0x00000000e2d00000|  0%| F|  |TAMS 0x00000000e2c00000| PB 0x00000000e2c00000| Untracked 
|  45|0x00000000e2d00000, 0x00000000e2d00000, 0x00000000e2e00000|  0%| F|  |TAMS 0x00000000e2d00000| PB 0x00000000e2d00000| Untracked 
|  46|0x00000000e2e00000, 0x00000000e2e00000, 0x00000000e2f00000|  0%| F|  |TAMS 0x00000000e2e00000| PB 0x00000000e2e00000| Untracked 
|  47|0x00000000e2f00000, 0x00000000e2f00000, 0x00000000e3000000|  0%| F|  |TAMS 0x00000000e2f00000| PB 0x00000000e2f00000| Untracked 
|  48|0x00000000e3000000, 0x00000000e3000000, 0x00000000e3100000|  0%| F|  |TAMS 0x00000000e3000000| PB 0x00000000e3000000| Untracked 
|  49|0x00000000e3100000, 0x00000000e3100000, 0x00000000e3200000|  0%| F|  |TAMS 0x00000000e3100000| PB 0x00000000e3100000| Untracked 
|  50|0x00000000e3200000, 0x00000000e3200000, 0x00000000e3300000|  0%| F|  |TAMS 0x00000000e3200000| PB 0x00000000e3200000| Untracked 
|  51|0x00000000e3300000, 0x00000000e3300000, 0x00000000e3400000|  0%| F|  |TAMS 0x00000000e3300000| PB 0x00000000e3300000| Untracked 
|  52|0x00000000e3400000, 0x00000000e3400000, 0x00000000e3500000|  0%| F|  |TAMS 0x00000000e3400000| PB 0x00000000e3400000| Untracked 
|  53|0x00000000e3500000, 0x00000000e3500000, 0x00000000e3600000|  0%| F|  |TAMS 0x00000000e3500000| PB 0x00000000e3500000| Untracked 
|  54|0x00000000e3600000, 0x00000000e3600000, 0x00000000e3700000|  0%| F|  |TAMS 0x00000000e3600000| PB 0x00000000e3600000| Untracked 
|  55|0x00000000e3700000, 0x00000000e3700000, 0x00000000e3800000|  0%| F|  |TAMS 0x00000000e3700000| PB 0x00000000e3700000| Untracked 
|  56|0x00000000e3800000, 0x00000000e3800000, 0x00000000e3900000|  0%| F|  |TAMS 0x00000000e3800000| PB 0x00000000e3800000| Untracked 
|  57|0x00000000e3900000, 0x00000000e3900000, 0x00000000e3a00000|  0%| F|  |TAMS 0x00000000e3900000| PB 0x00000000e3900000| Untracked 
|  58|0x00000000e3a00000, 0x00000000e3a00000, 0x00000000e3b00000|  0%| F|  |TAMS 0x00000000e3a00000| PB 0x00000000e3a00000| Untracked 
|  59|0x00000000e3b00000, 0x00000000e3b00000, 0x00000000e3c00000|  0%| F|  |TAMS 0x00000000e3b00000| PB 0x00000000e3b00000| Untracked 
|  60|0x00000000e3c00000, 0x00000000e3c00000, 0x00000000e3d00000|  0%| F|  |TAMS 0x00000000e3c00000| PB 0x00000000e3c00000| Untracked 
|  61|0x00000000e3d00000, 0x00000000e3d00000, 0x00000000e3e00000|  0%| F|  |TAMS 0x00000000e3d00000| PB 0x00000000e3d00000| Untracked 
|  62|0x00000000e3e00000, 0x00000000e3e00000, 0x00000000e3f00000|  0%| F|  |TAMS 0x00000000e3e00000| PB 0x00000000e3e00000| Untracked 
|  63|0x00000000e3f00000, 0x00000000e3f00000, 0x00000000e4000000|  0%| F|  |TAMS 0x00000000e3f00000| PB 0x00000000e3f00000| Untracked 
|  64|0x00000000e4000000, 0x00000000e4000000, 0x00000000e4100000|  0%| F|  |TAMS 0x00000000e4000000| PB 0x00000000e4000000| Untracked 
|  65|0x00000000e4100000, 0x00000000e4100000, 0x00000000e4200000|  0%| F|  |TAMS 0x00000000e4100000| PB 0x00000000e4100000| Untracked 
|  66|0x00000000e4200000, 0x00000000e4200000, 0x00000000e4300000|  0%| F|  |TAMS 0x00000000e4200000| PB 0x00000000e4200000| Untracked 
|  67|0x00000000e4300000, 0x00000000e4300000, 0x00000000e4400000|  0%| F|  |TAMS 0x00000000e4300000| PB 0x00000000e4300000| Untracked 
|  68|0x00000000e4400000, 0x00000000e4400000, 0x00000000e4500000|  0%| F|  |TAMS 0x00000000e4400000| PB 0x00000000e4400000| Untracked 
|  69|0x00000000e4500000, 0x00000000e4500000, 0x00000000e4600000|  0%| F|  |TAMS 0x00000000e4500000| PB 0x00000000e4500000| Untracked 
|  70|0x00000000e4600000, 0x00000000e4600000, 0x00000000e4700000|  0%| F|  |TAMS 0x00000000e4600000| PB 0x00000000e4600000| Untracked 
|  71|0x00000000e4700000, 0x00000000e4700000, 0x00000000e4800000|  0%| F|  |TAMS 0x00000000e4700000| PB 0x00000000e4700000| Untracked 
|  72|0x00000000e4800000, 0x00000000e4800000, 0x00000000e4900000|  0%| F|  |TAMS 0x00000000e4800000| PB 0x00000000e4800000| Untracked 
|  73|0x00000000e4900000, 0x00000000e4900000, 0x00000000e4a00000|  0%| F|  |TAMS 0x00000000e4900000| PB 0x00000000e4900000| Untracked 
|  74|0x00000000e4a00000, 0x00000000e4a00000, 0x00000000e4b00000|  0%| F|  |TAMS 0x00000000e4a00000| PB 0x00000000e4a00000| Untracked 
|  75|0x00000000e4b00000, 0x00000000e4b00000, 0x00000000e4c00000|  0%| F|  |TAMS 0x00000000e4b00000| PB 0x00000000e4b00000| Untracked 
|  76|0x00000000e4c00000, 0x00000000e4c00000, 0x00000000e4d00000|  0%| F|  |TAMS 0x00000000e4c00000| PB 0x00000000e4c00000| Untracked 
|  77|0x00000000e4d00000, 0x00000000e4d00000, 0x00000000e4e00000|  0%| F|  |TAMS 0x00000000e4d00000| PB 0x00000000e4d00000| Untracked 
|  78|0x00000000e4e00000, 0x00000000e4e00000, 0x00000000e4f00000|  0%| F|  |TAMS 0x00000000e4e00000| PB 0x00000000e4e00000| Untracked 
|  79|0x00000000e4f00000, 0x00000000e4f00000, 0x00000000e5000000|  0%| F|  |TAMS 0x00000000e4f00000| PB 0x00000000e4f00000| Untracked 
|  80|0x00000000e5000000, 0x00000000e5000000, 0x00000000e5100000|  0%| F|  |TAMS 0x00000000e5000000| PB 0x00000000e5000000| Untracked 
|  81|0x00000000e5100000, 0x00000000e5100000, 0x00000000e5200000|  0%| F|  |TAMS 0x00000000e5100000| PB 0x00000000e5100000| Untracked 
|  82|0x00000000e5200000, 0x00000000e5200000, 0x00000000e5300000|  0%| F|  |TAMS 0x00000000e5200000| PB 0x00000000e5200000| Untracked 
|  83|0x00000000e5300000, 0x00000000e5300000, 0x00000000e5400000|  0%| F|  |TAMS 0x00000000e5300000| PB 0x00000000e5300000| Untracked 
|  84|0x00000000e5400000, 0x00000000e5400000, 0x00000000e5500000|  0%| F|  |TAMS 0x00000000e5400000| PB 0x00000000e5400000| Untracked 
|  85|0x00000000e5500000, 0x00000000e5500000, 0x00000000e5600000|  0%| F|  |TAMS 0x00000000e5500000| PB 0x00000000e5500000| Untracked 
|  86|0x00000000e5600000, 0x00000000e5600000, 0x00000000e5700000|  0%| F|  |TAMS 0x00000000e5600000| PB 0x00000000e5600000| Untracked 
|  87|0x00000000e5700000, 0x00000000e5700000, 0x00000000e5800000|  0%| F|  |TAMS 0x00000000e5700000| PB 0x00000000e5700000| Untracked 
|  88|0x00000000e5800000, 0x00000000e5800000, 0x00000000e5900000|  0%| F|  |TAMS 0x00000000e5800000| PB 0x00000000e5800000| Untracked 
|  89|0x00000000e5900000, 0x00000000e5900000, 0x00000000e5a00000|  0%| F|  |TAMS 0x00000000e5900000| PB 0x00000000e5900000| Untracked 
|  90|0x00000000e5a00000, 0x00000000e5a00000, 0x00000000e5b00000|  0%| F|  |TAMS 0x00000000e5a00000| PB 0x00000000e5a00000| Untracked 
|  91|0x00000000e5b00000, 0x00000000e5b00000, 0x00000000e5c00000|  0%| F|  |TAMS 0x00000000e5b00000| PB 0x00000000e5b00000| Untracked 
|  92|0x00000000e5c00000, 0x00000000e5c00000, 0x00000000e5d00000|  0%| F|  |TAMS 0x00000000e5c00000| PB 0x00000000e5c00000| Untracked 
|  93|0x00000000e5d00000, 0x00000000e5d00000, 0x00000000e5e00000|  0%| F|  |TAMS 0x00000000e5d00000| PB 0x00000000e5d00000| Untracked 
|  94|0x00000000e5e00000, 0x00000000e5e00000, 0x00000000e5f00000|  0%| F|  |TAMS 0x00000000e5e00000| PB 0x00000000e5e00000| Untracked 
|  95|0x00000000e5f00000, 0x00000000e5f00000, 0x00000000e6000000|  0%| F|  |TAMS 0x00000000e5f00000| PB 0x00000000e5f00000| Untracked 
|  96|0x00000000e6000000, 0x00000000e6000000, 0x00000000e6100000|  0%| F|  |TAMS 0x00000000e6000000| PB 0x00000000e6000000| Untracked 
|  97|0x00000000e6100000, 0x00000000e6100000, 0x00000000e6200000|  0%| F|  |TAMS 0x00000000e6100000| PB 0x00000000e6100000| Untracked 
|  98|0x00000000e6200000, 0x00000000e6200000, 0x00000000e6300000|  0%| F|  |TAMS 0x00000000e6200000| PB 0x00000000e6200000| Untracked 
|  99|0x00000000e6300000, 0x00000000e6300000, 0x00000000e6400000|  0%| F|  |TAMS 0x00000000e6300000| PB 0x00000000e6300000| Untracked 
| 100|0x00000000e6400000, 0x00000000e6400000, 0x00000000e6500000|  0%| F|  |TAMS 0x00000000e6400000| PB 0x00000000e6400000| Untracked 
| 101|0x00000000e6500000, 0x00000000e6500000, 0x00000000e6600000|  0%| F|  |TAMS 0x00000000e6500000| PB 0x00000000e6500000| Untracked 
| 102|0x00000000e6600000, 0x00000000e6600000, 0x00000000e6700000|  0%| F|  |TAMS 0x00000000e6600000| PB 0x00000000e6600000| Untracked 
| 103|0x00000000e6700000, 0x00000000e6700000, 0x00000000e6800000|  0%| F|  |TAMS 0x00000000e6700000| PB 0x00000000e6700000| Untracked 
| 104|0x00000000e6800000, 0x00000000e6800000, 0x00000000e6900000|  0%| F|  |TAMS 0x00000000e6800000| PB 0x00000000e6800000| Untracked 
| 105|0x00000000e6900000, 0x00000000e6900000, 0x00000000e6a00000|  0%| F|  |TAMS 0x00000000e6900000| PB 0x00000000e6900000| Untracked 
| 106|0x00000000e6a00000, 0x00000000e6a00000, 0x00000000e6b00000|  0%| F|  |TAMS 0x00000000e6a00000| PB 0x00000000e6a00000| Untracked 
| 107|0x00000000e6b00000, 0x00000000e6b00000, 0x00000000e6c00000|  0%| F|  |TAMS 0x00000000e6b00000| PB 0x00000000e6b00000| Untracked 
| 108|0x00000000e6c00000, 0x00000000e6c00000, 0x00000000e6d00000|  0%| F|  |TAMS 0x00000000e6c00000| PB 0x00000000e6c00000| Untracked 
| 109|0x00000000e6d00000, 0x00000000e6d00000, 0x00000000e6e00000|  0%| F|  |TAMS 0x00000000e6d00000| PB 0x00000000e6d00000| Untracked 
| 110|0x00000000e6e00000, 0x00000000e6e00000, 0x00000000e6f00000|  0%| F|  |TAMS 0x00000000e6e00000| PB 0x00000000e6e00000| Untracked 
| 111|0x00000000e6f00000, 0x00000000e6f00000, 0x00000000e7000000|  0%| F|  |TAMS 0x00000000e6f00000| PB 0x00000000e6f00000| Untracked 
| 112|0x00000000e7000000, 0x00000000e7000000, 0x00000000e7100000|  0%| F|  |TAMS 0x00000000e7000000| PB 0x00000000e7000000| Untracked 
| 113|0x00000000e7100000, 0x00000000e7100000, 0x00000000e7200000|  0%| F|  |TAMS 0x00000000e7100000| PB 0x00000000e7100000| Untracked 
| 114|0x00000000e7200000, 0x00000000e7200000, 0x00000000e7300000|  0%| F|  |TAMS 0x00000000e7200000| PB 0x00000000e7200000| Untracked 
| 115|0x00000000e7300000, 0x00000000e7300000, 0x00000000e7400000|  0%| F|  |TAMS 0x00000000e7300000| PB 0x00000000e7300000| Untracked 
| 116|0x00000000e7400000, 0x00000000e7400000, 0x00000000e7500000|  0%| F|  |TAMS 0x00000000e7400000| PB 0x00000000e7400000| Untracked 
| 117|0x00000000e7500000, 0x00000000e7500000, 0x00000000e7600000|  0%| F|  |TAMS 0x00000000e7500000| PB 0x00000000e7500000| Untracked 
| 118|0x00000000e7600000, 0x00000000e7600000, 0x00000000e7700000|  0%| F|  |TAMS 0x00000000e7600000| PB 0x00000000e7600000| Untracked 
| 119|0x00000000e7700000, 0x00000000e7700000, 0x00000000e7800000|  0%| F|  |TAMS 0x00000000e7700000| PB 0x00000000e7700000| Untracked 
| 120|0x00000000e7800000, 0x00000000e7800000, 0x00000000e7900000|  0%| F|  |TAMS 0x00000000e7800000| PB 0x00000000e7800000| Untracked 
| 121|0x00000000e7900000, 0x00000000e7900000, 0x00000000e7a00000|  0%| F|  |TAMS 0x00000000e7900000| PB 0x00000000e7900000| Untracked 
| 122|0x00000000e7a00000, 0x00000000e7a00000, 0x00000000e7b00000|  0%| F|  |TAMS 0x00000000e7a00000| PB 0x00000000e7a00000| Untracked 
| 123|0x00000000e7b00000, 0x00000000e7b00000, 0x00000000e7c00000|  0%| F|  |TAMS 0x00000000e7b00000| PB 0x00000000e7b00000| Untracked 
| 124|0x00000000e7c00000, 0x00000000e7c00000, 0x00000000e7d00000|  0%| F|  |TAMS 0x00000000e7c00000| PB 0x00000000e7c00000| Untracked 
| 125|0x00000000e7d00000, 0x00000000e7d00000, 0x00000000e7e00000|  0%| F|  |TAMS 0x00000000e7d00000| PB 0x00000000e7d00000| Untracked 
| 126|0x00000000e7e00000, 0x00000000e7e00000, 0x00000000e7f00000|  0%| F|  |TAMS 0x00000000e7e00000| PB 0x00000000e7e00000| Untracked 
| 127|0x00000000e7f00000, 0x00000000e7f00000, 0x00000000e8000000|  0%| F|  |TAMS 0x00000000e7f00000| PB 0x00000000e7f00000| Untracked 
| 128|0x00000000e8000000, 0x00000000e8000000, 0x00000000e8100000|  0%| F|  |TAMS 0x00000000e8000000| PB 0x00000000e8000000| Untracked 
| 129|0x00000000e8100000, 0x00000000e8100000, 0x00000000e8200000|  0%| F|  |TAMS 0x00000000e8100000| PB 0x00000000e8100000| Untracked 
| 130|0x00000000e8200000, 0x00000000e8200000, 0x00000000e8300000|  0%| F|  |TAMS 0x00000000e8200000| PB 0x00000000e8200000| Untracked 
| 131|0x00000000e8300000, 0x00000000e8300000, 0x00000000e8400000|  0%| F|  |TAMS 0x00000000e8300000| PB 0x00000000e8300000| Untracked 
| 132|0x00000000e8400000, 0x00000000e8400000, 0x00000000e8500000|  0%| F|  |TAMS 0x00000000e8400000| PB 0x00000000e8400000| Untracked 
| 133|0x00000000e8500000, 0x00000000e8500000, 0x00000000e8600000|  0%| F|  |TAMS 0x00000000e8500000| PB 0x00000000e8500000| Untracked 
| 134|0x00000000e8600000, 0x00000000e8600000, 0x00000000e8700000|  0%| F|  |TAMS 0x00000000e8600000| PB 0x00000000e8600000| Untracked 
| 135|0x00000000e8700000, 0x00000000e8700000, 0x00000000e8800000|  0%| F|  |TAMS 0x00000000e8700000| PB 0x00000000e8700000| Untracked 
| 136|0x00000000e8800000, 0x00000000e8800000, 0x00000000e8900000|  0%| F|  |TAMS 0x00000000e8800000| PB 0x00000000e8800000| Untracked 
| 137|0x00000000e8900000, 0x00000000e8900000, 0x00000000e8a00000|  0%| F|  |TAMS 0x00000000e8900000| PB 0x00000000e8900000| Untracked 
| 138|0x00000000e8a00000, 0x00000000e8a00000, 0x00000000e8b00000|  0%| F|  |TAMS 0x00000000e8a00000| PB 0x00000000e8a00000| Untracked 
| 139|0x00000000e8b00000, 0x00000000e8b00000, 0x00000000e8c00000|  0%| F|  |TAMS 0x00000000e8b00000| PB 0x00000000e8b00000| Untracked 
| 140|0x00000000e8c00000, 0x00000000e8c00000, 0x00000000e8d00000|  0%| F|  |TAMS 0x00000000e8c00000| PB 0x00000000e8c00000| Untracked 
| 141|0x00000000e8d00000, 0x00000000e8d00000, 0x00000000e8e00000|  0%| F|  |TAMS 0x00000000e8d00000| PB 0x00000000e8d00000| Untracked 
| 142|0x00000000e8e00000, 0x00000000e8e00000, 0x00000000e8f00000|  0%| F|  |TAMS 0x00000000e8e00000| PB 0x00000000e8e00000| Untracked 
| 143|0x00000000e8f00000, 0x00000000e8f00000, 0x00000000e9000000|  0%| F|  |TAMS 0x00000000e8f00000| PB 0x00000000e8f00000| Untracked 
| 144|0x00000000e9000000, 0x00000000e9000000, 0x00000000e9100000|  0%| F|  |TAMS 0x00000000e9000000| PB 0x00000000e9000000| Untracked 
| 145|0x00000000e9100000, 0x00000000e9132fc8, 0x00000000e9200000| 19%| E|  |TAMS 0x00000000e9100000| PB 0x00000000e9100000| Complete 
| 146|0x00000000e9200000, 0x00000000e9300000, 0x00000000e9300000|100%| E|CS|TAMS 0x00000000e9200000| PB 0x00000000e9200000| Complete 
| 147|0x00000000e9300000, 0x00000000e9400000, 0x00000000e9400000|100%| E|CS|TAMS 0x00000000e9300000| PB 0x00000000e9300000| Complete 
| 148|0x00000000e9400000, 0x00000000e9500000, 0x00000000e9500000|100%| E|CS|TAMS 0x00000000e9400000| PB 0x00000000e9400000| Complete 
| 149|0x00000000e9500000, 0x00000000e9600000, 0x00000000e9600000|100%| E|  |TAMS 0x00000000e9500000| PB 0x00000000e9500000| Complete 
| 150|0x00000000e9600000, 0x00000000e9700000, 0x00000000e9700000|100%| E|CS|TAMS 0x00000000e9600000| PB 0x00000000e9600000| Complete 
| 151|0x00000000e9700000, 0x00000000e9800000, 0x00000000e9800000|100%| E|CS|TAMS 0x00000000e9700000| PB 0x00000000e9700000| Complete 
| 152|0x00000000e9800000, 0x00000000e9900000, 0x00000000e9900000|100%| E|CS|TAMS 0x00000000e9800000| PB 0x00000000e9800000| Complete 
| 153|0x00000000e9900000, 0x00000000e9a00000, 0x00000000e9a00000|100%| E|CS|TAMS 0x00000000e9900000| PB 0x00000000e9900000| Complete 
| 154|0x00000000e9a00000, 0x00000000e9b00000, 0x00000000e9b00000|100%| E|CS|TAMS 0x00000000e9a00000| PB 0x00000000e9a00000| Complete 
| 155|0x00000000e9b00000, 0x00000000e9c00000, 0x00000000e9c00000|100%| E|CS|TAMS 0x00000000e9b00000| PB 0x00000000e9b00000| Complete 
| 156|0x00000000e9c00000, 0x00000000e9d00000, 0x00000000e9d00000|100%| E|CS|TAMS 0x00000000e9c00000| PB 0x00000000e9c00000| Complete 
| 157|0x00000000e9d00000, 0x00000000e9e00000, 0x00000000e9e00000|100%| E|CS|TAMS 0x00000000e9d00000| PB 0x00000000e9d00000| Complete 
| 158|0x00000000e9e00000, 0x00000000e9f00000, 0x00000000e9f00000|100%| E|CS|TAMS 0x00000000e9e00000| PB 0x00000000e9e00000| Complete 
| 159|0x00000000e9f00000, 0x00000000ea000000, 0x00000000ea000000|100%| E|CS|TAMS 0x00000000e9f00000| PB 0x00000000e9f00000| Complete 
| 160|0x00000000ea000000, 0x00000000ea100000, 0x00000000ea100000|100%| E|CS|TAMS 0x00000000ea000000| PB 0x00000000ea000000| Complete 
| 161|0x00000000ea100000, 0x00000000ea200000, 0x00000000ea200000|100%| E|CS|TAMS 0x00000000ea100000| PB 0x00000000ea100000| Complete 
| 162|0x00000000ea200000, 0x00000000ea300000, 0x00000000ea300000|100%| E|CS|TAMS 0x00000000ea200000| PB 0x00000000ea200000| Complete 
| 163|0x00000000ea300000, 0x00000000ea400000, 0x00000000ea400000|100%| E|CS|TAMS 0x00000000ea300000| PB 0x00000000ea300000| Complete 
| 164|0x00000000ea400000, 0x00000000ea500000, 0x00000000ea500000|100%| E|CS|TAMS 0x00000000ea400000| PB 0x00000000ea400000| Complete 
| 165|0x00000000ea500000, 0x00000000ea600000, 0x00000000ea600000|100%| E|CS|TAMS 0x00000000ea500000| PB 0x00000000ea500000| Complete 
| 166|0x00000000ea600000, 0x00000000ea700000, 0x00000000ea700000|100%| E|CS|TAMS 0x00000000ea600000| PB 0x00000000ea600000| Complete 
| 167|0x00000000ea700000, 0x00000000ea800000, 0x00000000ea800000|100%| E|CS|TAMS 0x00000000ea700000| PB 0x00000000ea700000| Complete 
| 168|0x00000000ea800000, 0x00000000ea900000, 0x00000000ea900000|100%| E|CS|TAMS 0x00000000ea800000| PB 0x00000000ea800000| Complete 
| 169|0x00000000ea900000, 0x00000000eaa00000, 0x00000000eaa00000|100%| E|CS|TAMS 0x00000000ea900000| PB 0x00000000ea900000| Complete 
| 170|0x00000000eaa00000, 0x00000000eab00000, 0x00000000eab00000|100%| E|CS|TAMS 0x00000000eaa00000| PB 0x00000000eaa00000| Complete 
| 171|0x00000000eab00000, 0x00000000eac00000, 0x00000000eac00000|100%| E|CS|TAMS 0x00000000eab00000| PB 0x00000000eab00000| Complete 
| 172|0x00000000eac00000, 0x00000000ead00000, 0x00000000ead00000|100%| E|CS|TAMS 0x00000000eac00000| PB 0x00000000eac00000| Complete 
| 173|0x00000000ead00000, 0x00000000eae00000, 0x00000000eae00000|100%| E|CS|TAMS 0x00000000ead00000| PB 0x00000000ead00000| Complete 
| 174|0x00000000eae00000, 0x00000000eaf00000, 0x00000000eaf00000|100%| E|CS|TAMS 0x00000000eae00000| PB 0x00000000eae00000| Complete 
| 175|0x00000000eaf00000, 0x00000000eb000000, 0x00000000eb000000|100%| E|CS|TAMS 0x00000000eaf00000| PB 0x00000000eaf00000| Complete 
| 176|0x00000000eb000000, 0x00000000eb100000, 0x00000000eb100000|100%| E|CS|TAMS 0x00000000eb000000| PB 0x00000000eb000000| Complete 
| 177|0x00000000eb100000, 0x00000000eb200000, 0x00000000eb200000|100%| E|CS|TAMS 0x00000000eb100000| PB 0x00000000eb100000| Complete 
| 178|0x00000000eb200000, 0x00000000eb300000, 0x00000000eb300000|100%| E|CS|TAMS 0x00000000eb200000| PB 0x00000000eb200000| Complete 
| 179|0x00000000eb300000, 0x00000000eb400000, 0x00000000eb400000|100%| E|CS|TAMS 0x00000000eb300000| PB 0x00000000eb300000| Complete 
| 180|0x00000000eb400000, 0x00000000eb500000, 0x00000000eb500000|100%| E|CS|TAMS 0x00000000eb400000| PB 0x00000000eb400000| Complete 
| 181|0x00000000eb500000, 0x00000000eb600000, 0x00000000eb600000|100%| E|CS|TAMS 0x00000000eb500000| PB 0x00000000eb500000| Complete 
| 182|0x00000000eb600000, 0x00000000eb700000, 0x00000000eb700000|100%| E|CS|TAMS 0x00000000eb600000| PB 0x00000000eb600000| Complete 
| 183|0x00000000eb700000, 0x00000000eb800000, 0x00000000eb800000|100%| E|CS|TAMS 0x00000000eb700000| PB 0x00000000eb700000| Complete 
| 184|0x00000000eb800000, 0x00000000eb900000, 0x00000000eb900000|100%| E|CS|TAMS 0x00000000eb800000| PB 0x00000000eb800000| Complete 
| 185|0x00000000eb900000, 0x00000000eba00000, 0x00000000eba00000|100%| E|CS|TAMS 0x00000000eb900000| PB 0x00000000eb900000| Complete 
| 186|0x00000000eba00000, 0x00000000ebb00000, 0x00000000ebb00000|100%| E|CS|TAMS 0x00000000eba00000| PB 0x00000000eba00000| Complete 
| 187|0x00000000ebb00000, 0x00000000ebc00000, 0x00000000ebc00000|100%| E|CS|TAMS 0x00000000ebb00000| PB 0x00000000ebb00000| Complete 
| 188|0x00000000ebc00000, 0x00000000ebd00000, 0x00000000ebd00000|100%| E|CS|TAMS 0x00000000ebc00000| PB 0x00000000ebc00000| Complete 
| 189|0x00000000ebd00000, 0x00000000ebe00000, 0x00000000ebe00000|100%| E|CS|TAMS 0x00000000ebd00000| PB 0x00000000ebd00000| Complete 
| 190|0x00000000ebe00000, 0x00000000ebf00000, 0x00000000ebf00000|100%| E|CS|TAMS 0x00000000ebe00000| PB 0x00000000ebe00000| Complete 
| 191|0x00000000ebf00000, 0x00000000ec000000, 0x00000000ec000000|100%| E|CS|TAMS 0x00000000ebf00000| PB 0x00000000ebf00000| Complete 
| 192|0x00000000ec000000, 0x00000000ec100000, 0x00000000ec100000|100%| E|CS|TAMS 0x00000000ec000000| PB 0x00000000ec000000| Complete 
| 193|0x00000000ec100000, 0x00000000ec200000, 0x00000000ec200000|100%| E|CS|TAMS 0x00000000ec100000| PB 0x00000000ec100000| Complete 
| 194|0x00000000ec200000, 0x00000000ec300000, 0x00000000ec300000|100%| E|CS|TAMS 0x00000000ec200000| PB 0x00000000ec200000| Complete 
| 195|0x00000000ec300000, 0x00000000ec400000, 0x00000000ec400000|100%| S|CS|TAMS 0x00000000ec300000| PB 0x00000000ec300000| Complete 
| 196|0x00000000ec400000, 0x00000000ec500000, 0x00000000ec500000|100%| S|CS|TAMS 0x00000000ec400000| PB 0x00000000ec400000| Complete 
| 197|0x00000000ec500000, 0x00000000ec600000, 0x00000000ec600000|100%| S|CS|TAMS 0x00000000ec500000| PB 0x00000000ec500000| Complete 
| 198|0x00000000ec600000, 0x00000000ec700000, 0x00000000ec700000|100%| S|CS|TAMS 0x00000000ec600000| PB 0x00000000ec600000| Complete 
| 199|0x00000000ec700000, 0x00000000ec800000, 0x00000000ec800000|100%| S|CS|TAMS 0x00000000ec700000| PB 0x00000000ec700000| Complete 
| 200|0x00000000ec800000, 0x00000000ec900000, 0x00000000ec900000|100%| S|CS|TAMS 0x00000000ec800000| PB 0x00000000ec800000| Complete 
| 201|0x00000000ec900000, 0x00000000eca00000, 0x00000000eca00000|100%| S|CS|TAMS 0x00000000ec900000| PB 0x00000000ec900000| Complete 
| 202|0x00000000eca00000, 0x00000000ecb00000, 0x00000000ecb00000|100%| S|CS|TAMS 0x00000000eca00000| PB 0x00000000eca00000| Complete 
| 203|0x00000000ecb00000, 0x00000000ecc00000, 0x00000000ecc00000|100%| S|CS|TAMS 0x00000000ecb00000| PB 0x00000000ecb00000| Complete 
| 204|0x00000000ecc00000, 0x00000000ecd00000, 0x00000000ecd00000|100%| S|CS|TAMS 0x00000000ecc00000| PB 0x00000000ecc00000| Complete 
| 205|0x00000000ecd00000, 0x00000000ece00000, 0x00000000ece00000|100%| S|CS|TAMS 0x00000000ecd00000| PB 0x00000000ecd00000| Complete 
| 206|0x00000000ece00000, 0x00000000ecf00000, 0x00000000ecf00000|100%| S|CS|TAMS 0x00000000ece00000| PB 0x00000000ece00000| Complete 
| 207|0x00000000ecf00000, 0x00000000ed000000, 0x00000000ed000000|100%| S|CS|TAMS 0x00000000ecf00000| PB 0x00000000ecf00000| Complete 
| 208|0x00000000ed000000, 0x00000000ed100000, 0x00000000ed100000|100%| S|CS|TAMS 0x00000000ed000000| PB 0x00000000ed000000| Complete 
| 209|0x00000000ed100000, 0x00000000ed200000, 0x00000000ed200000|100%| S|CS|TAMS 0x00000000ed100000| PB 0x00000000ed100000| Complete 
| 210|0x00000000ed200000, 0x00000000ed300000, 0x00000000ed300000|100%| E|CS|TAMS 0x00000000ed200000| PB 0x00000000ed200000| Complete 
| 211|0x00000000ed300000, 0x00000000ed400000, 0x00000000ed400000|100%| E|CS|TAMS 0x00000000ed300000| PB 0x00000000ed300000| Complete 
| 212|0x00000000ed400000, 0x00000000ed500000, 0x00000000ed500000|100%| E|CS|TAMS 0x00000000ed400000| PB 0x00000000ed400000| Complete 
| 213|0x00000000ed500000, 0x00000000ed600000, 0x00000000ed600000|100%| E|CS|TAMS 0x00000000ed500000| PB 0x00000000ed500000| Complete 
| 214|0x00000000ed600000, 0x00000000ed700000, 0x00000000ed700000|100%| E|CS|TAMS 0x00000000ed600000| PB 0x00000000ed600000| Complete 
| 215|0x00000000ed700000, 0x00000000ed800000, 0x00000000ed800000|100%| E|CS|TAMS 0x00000000ed700000| PB 0x00000000ed700000| Complete 
| 216|0x00000000ed800000, 0x00000000ed900000, 0x00000000ed900000|100%| E|CS|TAMS 0x00000000ed800000| PB 0x00000000ed800000| Complete 
| 217|0x00000000ed900000, 0x00000000eda00000, 0x00000000eda00000|100%| E|CS|TAMS 0x00000000ed900000| PB 0x00000000ed900000| Complete 
| 218|0x00000000eda00000, 0x00000000edb00000, 0x00000000edb00000|100%| E|CS|TAMS 0x00000000eda00000| PB 0x00000000eda00000| Complete 
| 219|0x00000000edb00000, 0x00000000edc00000, 0x00000000edc00000|100%| E|CS|TAMS 0x00000000edb00000| PB 0x00000000edb00000| Complete 
| 220|0x00000000edc00000, 0x00000000edd00000, 0x00000000edd00000|100%| E|CS|TAMS 0x00000000edc00000| PB 0x00000000edc00000| Complete 
| 221|0x00000000edd00000, 0x00000000ede00000, 0x00000000ede00000|100%| E|CS|TAMS 0x00000000edd00000| PB 0x00000000edd00000| Complete 
| 222|0x00000000ede00000, 0x00000000edf00000, 0x00000000edf00000|100%| E|CS|TAMS 0x00000000ede00000| PB 0x00000000ede00000| Complete 
| 223|0x00000000edf00000, 0x00000000ee000000, 0x00000000ee000000|100%| E|CS|TAMS 0x00000000edf00000| PB 0x00000000edf00000| Complete 
| 224|0x00000000ee000000, 0x00000000ee100000, 0x00000000ee100000|100%| E|CS|TAMS 0x00000000ee000000| PB 0x00000000ee000000| Complete 
| 225|0x00000000ee100000, 0x00000000ee200000, 0x00000000ee200000|100%| E|CS|TAMS 0x00000000ee100000| PB 0x00000000ee100000| Complete 
| 226|0x00000000ee200000, 0x00000000ee300000, 0x00000000ee300000|100%| E|CS|TAMS 0x00000000ee200000| PB 0x00000000ee200000| Complete 
| 227|0x00000000ee300000, 0x00000000ee400000, 0x00000000ee400000|100%| E|CS|TAMS 0x00000000ee300000| PB 0x00000000ee300000| Complete 
| 228|0x00000000ee400000, 0x00000000ee500000, 0x00000000ee500000|100%| E|CS|TAMS 0x00000000ee400000| PB 0x00000000ee400000| Complete 
| 229|0x00000000ee500000, 0x00000000ee600000, 0x00000000ee600000|100%| E|CS|TAMS 0x00000000ee500000| PB 0x00000000ee500000| Complete 
| 230|0x00000000ee600000, 0x00000000ee700000, 0x00000000ee700000|100%| E|CS|TAMS 0x00000000ee600000| PB 0x00000000ee600000| Complete 
| 231|0x00000000ee700000, 0x00000000ee800000, 0x00000000ee800000|100%| E|CS|TAMS 0x00000000ee700000| PB 0x00000000ee700000| Complete 
| 232|0x00000000ee800000, 0x00000000ee900000, 0x00000000ee900000|100%| E|CS|TAMS 0x00000000ee800000| PB 0x00000000ee800000| Complete 
| 233|0x00000000ee900000, 0x00000000eea00000, 0x00000000eea00000|100%| E|CS|TAMS 0x00000000ee900000| PB 0x00000000ee900000| Complete 
| 234|0x00000000eea00000, 0x00000000eeb00000, 0x00000000eeb00000|100%| E|CS|TAMS 0x00000000eea00000| PB 0x00000000eea00000| Complete 
| 235|0x00000000eeb00000, 0x00000000eec00000, 0x00000000eec00000|100%| E|CS|TAMS 0x00000000eeb00000| PB 0x00000000eeb00000| Complete 
| 236|0x00000000eec00000, 0x00000000eed00000, 0x00000000eed00000|100%| E|CS|TAMS 0x00000000eec00000| PB 0x00000000eec00000| Complete 
| 237|0x00000000eed00000, 0x00000000eee00000, 0x00000000eee00000|100%| E|CS|TAMS 0x00000000eed00000| PB 0x00000000eed00000| Complete 
| 238|0x00000000eee00000, 0x00000000eef00000, 0x00000000eef00000|100%| E|CS|TAMS 0x00000000eee00000| PB 0x00000000eee00000| Complete 
| 239|0x00000000eef00000, 0x00000000ef000000, 0x00000000ef000000|100%| E|CS|TAMS 0x00000000eef00000| PB 0x00000000eef00000| Complete 
| 240|0x00000000ef000000, 0x00000000ef100000, 0x00000000ef100000|100%| E|CS|TAMS 0x00000000ef000000| PB 0x00000000ef000000| Complete 
| 241|0x00000000ef100000, 0x00000000ef200000, 0x00000000ef200000|100%| E|CS|TAMS 0x00000000ef100000| PB 0x00000000ef100000| Complete 
| 242|0x00000000ef200000, 0x00000000ef300000, 0x00000000ef300000|100%| E|CS|TAMS 0x00000000ef200000| PB 0x00000000ef200000| Complete 
| 243|0x00000000ef300000, 0x00000000ef400000, 0x00000000ef400000|100%| E|CS|TAMS 0x00000000ef300000| PB 0x00000000ef300000| Complete 
| 244|0x00000000ef400000, 0x00000000ef500000, 0x00000000ef500000|100%| E|CS|TAMS 0x00000000ef400000| PB 0x00000000ef400000| Complete 
| 245|0x00000000ef500000, 0x00000000ef600000, 0x00000000ef600000|100%| E|CS|TAMS 0x00000000ef500000| PB 0x00000000ef500000| Complete 
| 246|0x00000000ef600000, 0x00000000ef700000, 0x00000000ef700000|100%| E|CS|TAMS 0x00000000ef600000| PB 0x00000000ef600000| Complete 
| 247|0x00000000ef700000, 0x00000000ef800000, 0x00000000ef800000|100%| E|CS|TAMS 0x00000000ef700000| PB 0x00000000ef700000| Complete 
| 248|0x00000000ef800000, 0x00000000ef900000, 0x00000000ef900000|100%| E|CS|TAMS 0x00000000ef800000| PB 0x00000000ef800000| Complete 
| 249|0x00000000ef900000, 0x00000000efa00000, 0x00000000efa00000|100%| E|CS|TAMS 0x00000000ef900000| PB 0x00000000ef900000| Complete 
| 250|0x00000000efa00000, 0x00000000efb00000, 0x00000000efb00000|100%| E|CS|TAMS 0x00000000efa00000| PB 0x00000000efa00000| Complete 
| 251|0x00000000efb00000, 0x00000000efc00000, 0x00000000efc00000|100%| E|CS|TAMS 0x00000000efb00000| PB 0x00000000efb00000| Complete 
| 252|0x00000000efc00000, 0x00000000efd00000, 0x00000000efd00000|100%| E|CS|TAMS 0x00000000efc00000| PB 0x00000000efc00000| Complete 
| 253|0x00000000efd00000, 0x00000000efe00000, 0x00000000efe00000|100%| E|CS|TAMS 0x00000000efd00000| PB 0x00000000efd00000| Complete 
| 254|0x00000000efe00000, 0x00000000eff00000, 0x00000000eff00000|100%| E|CS|TAMS 0x00000000efe00000| PB 0x00000000efe00000| Complete 
| 255|0x00000000eff00000, 0x00000000f0000000, 0x00000000f0000000|100%| E|CS|TAMS 0x00000000eff00000| PB 0x00000000eff00000| Complete 

Card table byte_map: [0x000002cca0900000,0x000002cca0a00000] _byte_map_base: 0x000002cca0200000

Marking Bits: (CMBitMap*) 0x000002cc89088f00
 Bits: [0x000002cca0a00000, 0x000002cca1200000)

Polling page: 0x000002cc88820000

Metaspace:

Usage:
  Non-class:     59.19 MB used.
      Class:      9.72 MB used.
       Both:     68.91 MB used.

Virtual space:
  Non-class space:       64.00 MB reserved,      60.12 MB ( 94%) committed,  1 nodes.
      Class space:      320.00 MB reserved,      10.69 MB (  3%) committed,  1 nodes.
             Both:      384.00 MB reserved,      70.81 MB ( 18%) committed. 

Chunk freelists:
   Non-Class:  3.00 MB
       Class:  5.23 MB
        Both:  8.23 MB

MaxMetaspaceSize: 384.00 MB
CompressedClassSpaceSize: 320.00 MB
Initial GC threshold: 21.00 MB
Current GC threshold: 98.56 MB
CDS: on
 - commit_granule_bytes: 65536.
 - commit_granule_words: 8192.
 - virtual_space_node_default_size: 8388608.
 - enlarge_chunks_in_place: 1.
 - use_allocation_guard: 0.


Internal statistics:

num_allocs_failed_limit: 12.
num_arena_births: 3362.
num_arena_deaths: 0.
num_vsnodes_births: 2.
num_vsnodes_deaths: 0.
num_space_committed: 1133.
num_space_uncommitted: 0.
num_chunks_returned_to_freelist: 12.
num_chunks_taken_from_freelist: 6442.
num_chunk_merges: 12.
num_chunk_splits: 4207.
num_chunks_enlarged: 2621.
num_inconsistent_stats: 0.

CodeHeap 'non-profiled nmethods': size=120000Kb used=3267Kb max_used=3267Kb free=116732Kb
 bounds [0x000002cc98fa0000, 0x000002cc992e0000, 0x000002cca04d0000]
CodeHeap 'profiled nmethods': size=120000Kb used=15027Kb max_used=15027Kb free=104972Kb
 bounds [0x000002cc914d0000, 0x000002cc92380000, 0x000002cc98a00000]
CodeHeap 'non-nmethods': size=5760Kb used=2822Kb max_used=2836Kb free=2938Kb
 bounds [0x000002cc98a00000, 0x000002cc98cf0000, 0x000002cc98fa0000]
 total_blobs=8567 nmethods=7634 adapters=835
 compilation: enabled
              stopped_count=0, restarted_count=0
 full_count=0

Compilation events (20 events):
Event: 10.357 Thread 0x000002ccb9032760 8236       2       sun.security.ec.point.ProjectivePoint::fixed (35 bytes)
Event: 10.358 Thread 0x000002ccb9032760 nmethod 8236 0x000002cc9236e410 code [0x000002cc9236e5e0, 0x000002cc9236e930]
Event: 10.359 Thread 0x000002ccb9032760 8238       2       sun.security.ec.ECOperations::setSum (549 bytes)
Event: 10.361 Thread 0x000002ccb9032760 nmethod 8238 0x000002cc9236ea90 code [0x000002cc9236efc0, 0x000002cc923707a8]
Event: 10.361 Thread 0x000002ccb9032760 8239       1       sun.security.util.math.intpoly.IntegerPolynomial$Element::getField (5 bytes)
Event: 10.361 Thread 0x000002ccb9032760 nmethod 8239 0x000002cc992d0610 code [0x000002cc992d07a0, 0x000002cc992d0868]
Event: 10.365 Thread 0x000002ccb9032760 8242       2       sun.security.util.math.intpoly.IntegerPolynomial$ImmutableElement::<init> (7 bytes)
Event: 10.365 Thread 0x000002ccb9032760 nmethod 8242 0x000002cc92371790 code [0x000002cc92371920, 0x000002cc92371a40]
Event: 10.365 Thread 0x000002ccb9032760 8243       2       sun.security.util.math.intpoly.IntegerPolynomial$Element::<init> (40 bytes)
Event: 10.366 Thread 0x000002ccb9032760 nmethod 8243 0x000002cc92371b10 code [0x000002cc92371cc0, 0x000002cc92371f60]
Event: 10.369 Thread 0x000002ccb9032760 8245       2       sun.security.util.ArrayUtil::swap (15 bytes)
Event: 10.370 Thread 0x000002ccb9032760 nmethod 8245 0x000002cc92372090 code [0x000002cc92372220, 0x000002cc92372360]
Event: 10.383 Thread 0x000002ccb9032760 8247       2       sun.security.util.math.intpoly.IntegerPolynomial::get0 (10 bytes)
Event: 10.383 Thread 0x000002ccb9032760 nmethod 8247 0x000002cc92372490 code [0x000002cc92372640, 0x000002cc923727d0]
Event: 10.383 Thread 0x000002ccb9032760 8248       2       sun.security.util.math.intpoly.IntegerPolynomial::get0 (5 bytes)
Event: 10.384 Thread 0x000002ccb9032760 nmethod 8248 0x000002cc92372890 code [0x000002cc92372a40, 0x000002cc92372bd0]
Event: 10.434 Thread 0x000002ccb9032760 8249       2       sun.security.ec.ECOperations$PointMultiplier$Secp256R1GeneratorMultiplier::bit (13 bytes)
Event: 10.434 Thread 0x000002ccb9032760 nmethod 8249 0x000002cc92372c90 code [0x000002cc92372e20, 0x000002cc92372f40]
Event: 10.434 Thread 0x000002ccb9032760 8250       2       java.math.BigInteger::valueOf (62 bytes)
Event: 10.434 Thread 0x000002ccb9032760 nmethod 8250 0x000002cc92373010 code [0x000002cc923731e0, 0x000002cc923734c0]

GC Heap History (12 events):
Event: 0.595 GC heap before
{Heap before GC invocations=0 (full 0):
 garbage-first heap   total 262144K, used 26624K [0x00000000e0000000, 0x0000000100000000)
  region size 1024K, 23 young (23552K), 0 survivors (0K)
 Metaspace       used 3182K, committed 3328K, reserved 393216K
  class space    used 406K, committed 448K, reserved 327680K
}
Event: 0.600 GC heap after
{Heap after GC invocations=1 (full 0):
 garbage-first heap   total 262144K, used 10447K [0x00000000e0000000, 0x0000000100000000)
  region size 1024K, 3 young (3072K), 3 survivors (3072K)
 Metaspace       used 3182K, committed 3328K, reserved 393216K
  class space    used 406K, committed 448K, reserved 327680K
}
Event: 1.154 GC heap before
{Heap before GC invocations=1 (full 0):
 garbage-first heap   total 262144K, used 39119K [0x00000000e0000000, 0x0000000100000000)
  region size 1024K, 32 young (32768K), 3 survivors (3072K)
 Metaspace       used 4142K, committed 4352K, reserved 393216K
  class space    used 506K, committed 640K, reserved 327680K
}
Event: 1.157 GC heap after
{Heap after GC invocations=2 (full 0):
 garbage-first heap   total 262144K, used 11351K [0x00000000e0000000, 0x0000000100000000)
  region size 1024K, 1 young (1024K), 1 survivors (1024K)
 Metaspace       used 4142K, committed 4352K, reserved 393216K
  class space    used 506K, committed 640K, reserved 327680K
}
Event: 3.680 GC heap before
{Heap before GC invocations=2 (full 0):
 garbage-first heap   total 262144K, used 117847K [0x00000000e0000000, 0x0000000100000000)
  region size 1024K, 105 young (107520K), 1 survivors (1024K)
 Metaspace       used 20802K, committed 21504K, reserved 393216K
  class space    used 3030K, committed 3392K, reserved 327680K
}
Event: 3.691 GC heap after
{Heap after GC invocations=3 (full 0):
 garbage-first heap   total 262144K, used 22932K [0x00000000e0000000, 0x0000000100000000)
  region size 1024K, 13 young (13312K), 13 survivors (13312K)
 Metaspace       used 20802K, committed 21504K, reserved 393216K
  class space    used 3030K, committed 3392K, reserved 327680K
}
Event: 5.317 GC heap before
{Heap before GC invocations=4 (full 0):
 garbage-first heap   total 262144K, used 130452K [0x00000000e0000000, 0x0000000100000000)
  region size 1024K, 119 young (121856K), 13 survivors (13312K)
 Metaspace       used 34742K, committed 35968K, reserved 393216K
  class space    used 4961K, committed 5568K, reserved 327680K
}
Event: 5.333 GC heap after
{Heap after GC invocations=5 (full 0):
 garbage-first heap   total 262144K, used 31981K [0x00000000e0000000, 0x0000000100000000)
  region size 1024K, 9 young (9216K), 9 survivors (9216K)
 Metaspace       used 34742K, committed 35968K, reserved 393216K
  class space    used 4961K, committed 5568K, reserved 327680K
}
Event: 7.567 GC heap before
{Heap before GC invocations=6 (full 0):
 garbage-first heap   total 262144K, used 185581K [0x00000000e0000000, 0x0000000100000000)
  region size 1024K, 153 young (156672K), 9 survivors (9216K)
 Metaspace       used 50298K, committed 52096K, reserved 393216K
  class space    used 7310K, committed 8192K, reserved 327680K
}
Event: 7.582 GC heap after
{Heap after GC invocations=7 (full 0):
 garbage-first heap   total 262144K, used 41748K [0x00000000e0000000, 0x0000000100000000)
  region size 1024K, 18 young (18432K), 18 survivors (18432K)
 Metaspace       used 50298K, committed 52096K, reserved 393216K
  class space    used 7310K, committed 8192K, reserved 327680K
}
Event: 8.547 GC heap before
{Heap before GC invocations=7 (full 0):
 garbage-first heap   total 262144K, used 86804K [0x00000000e0000000, 0x0000000100000000)
  region size 1024K, 64 young (65536K), 18 survivors (18432K)
 Metaspace       used 58297K, committed 60096K, reserved 393216K
  class space    used 8543K, committed 9408K, reserved 327680K
}
Event: 8.562 GC heap after
{Heap after GC invocations=8 (full 0):
 garbage-first heap   total 262144K, used 46236K [0x00000000e0000000, 0x0000000100000000)
  region size 1024K, 15 young (15360K), 15 survivors (15360K)
 Metaspace       used 58297K, committed 60096K, reserved 393216K
  class space    used 8543K, committed 9408K, reserved 327680K
}

Dll operation events (15 events):
Event: 0.013 Loaded shared library C:\Program Files\Java\jdk-21\bin\java.dll
Event: 0.046 Loaded shared library C:\Program Files\Java\jdk-21\bin\jsvml.dll
Event: 0.085 Loaded shared library C:\Program Files\Java\jdk-21\bin\zip.dll
Event: 0.088 Loaded shared library C:\Program Files\Java\jdk-21\bin\instrument.dll
Event: 0.092 Loaded shared library C:\Program Files\Java\jdk-21\bin\net.dll
Event: 0.094 Loaded shared library C:\Program Files\Java\jdk-21\bin\nio.dll
Event: 0.097 Loaded shared library C:\Program Files\Java\jdk-21\bin\zip.dll
Event: 0.282 Loaded shared library C:\Program Files\Java\jdk-21\bin\jimage.dll
Event: 0.332 Loaded shared library C:\Program Files\Java\jdk-21\bin\verify.dll
Event: 0.476 Loaded shared library C:\Users\bayes\.gradle\native\c067742578af261105cb4f569cf0c3c89f3d7b1fecec35dd04571415982c5e48\windows-amd64\native-platform.dll
Event: 0.494 Loaded shared library C:\Users\bayes\.gradle\native\38dada09dfb8b06ba9b0570ebf7e218e3eb74d4ef43ca46872605cf95ebc2f47\windows-amd64\native-platform-file-events.dll
Event: 1.634 Loaded shared library C:\Program Files\Java\jdk-21\bin\management.dll
Event: 1.637 Loaded shared library C:\Program Files\Java\jdk-21\bin\management_ext.dll
Event: 1.876 Loaded shared library C:\Program Files\Java\jdk-21\bin\extnet.dll
Event: 2.021 Loaded shared library C:\Program Files\Java\jdk-21\bin\sunmscapi.dll

Deoptimization events (20 events):
Event: 10.317 Thread 0x000002ccbe213260 Uncommon trap: trap_request=0xffffffbe fr.pc=0x000002cc992c6e60 relative=0x0000000000000300
Event: 10.317 Thread 0x000002ccbe213260 Uncommon trap: reason=profile_predicate action=maybe_recompile pc=0x000002cc992c6e60 method=sun.instrument.TransformerManager.transform(Ljava/lang/Module;Ljava/lang/ClassLoader;Ljava/lang/String;Ljava/lang/Class;Ljava/security/ProtectionDomain;[B)[B @ 21 
Event: 10.317 Thread 0x000002ccbe213260 DEOPT PACKING pc=0x000002cc992c6e60 sp=0x000000e1c09f69a0
Event: 10.317 Thread 0x000002ccbe213260 DEOPT UNPACKING pc=0x000002cc98a546a2 sp=0x000000e1c09f6870 mode 2
Event: 10.318 Thread 0x000002ccbe213260 Uncommon trap: trap_request=0xffffffbe fr.pc=0x000002cc992c6e60 relative=0x0000000000000300
Event: 10.318 Thread 0x000002ccbe213260 Uncommon trap: reason=profile_predicate action=maybe_recompile pc=0x000002cc992c6e60 method=sun.instrument.TransformerManager.transform(Ljava/lang/Module;Ljava/lang/ClassLoader;Ljava/lang/String;Ljava/lang/Class;Ljava/security/ProtectionDomain;[B)[B @ 21 
Event: 10.318 Thread 0x000002ccbe213260 DEOPT PACKING pc=0x000002cc992c6e60 sp=0x000000e1c09f6410
Event: 10.318 Thread 0x000002ccbe213260 DEOPT UNPACKING pc=0x000002cc98a546a2 sp=0x000000e1c09f62e0 mode 2
Event: 10.318 Thread 0x000002ccbe213260 Uncommon trap: trap_request=0xffffffbe fr.pc=0x000002cc992c6e60 relative=0x0000000000000300
Event: 10.318 Thread 0x000002ccbe213260 Uncommon trap: reason=profile_predicate action=maybe_recompile pc=0x000002cc992c6e60 method=sun.instrument.TransformerManager.transform(Ljava/lang/Module;Ljava/lang/ClassLoader;Ljava/lang/String;Ljava/lang/Class;Ljava/security/ProtectionDomain;[B)[B @ 21 
Event: 10.318 Thread 0x000002ccbe213260 DEOPT PACKING pc=0x000002cc992c6e60 sp=0x000000e1c09f67d0
Event: 10.318 Thread 0x000002ccbe213260 DEOPT UNPACKING pc=0x000002cc98a546a2 sp=0x000000e1c09f66a0 mode 2
Event: 10.325 Thread 0x000002ccbe213260 Uncommon trap: trap_request=0xffffffbe fr.pc=0x000002cc992c6e60 relative=0x0000000000000300
Event: 10.325 Thread 0x000002ccbe213260 Uncommon trap: reason=profile_predicate action=maybe_recompile pc=0x000002cc992c6e60 method=sun.instrument.TransformerManager.transform(Ljava/lang/Module;Ljava/lang/ClassLoader;Ljava/lang/String;Ljava/lang/Class;Ljava/security/ProtectionDomain;[B)[B @ 21 
Event: 10.325 Thread 0x000002ccbe213260 DEOPT PACKING pc=0x000002cc992c6e60 sp=0x000000e1c09f6a00
Event: 10.325 Thread 0x000002ccbe213260 DEOPT UNPACKING pc=0x000002cc98a546a2 sp=0x000000e1c09f68d0 mode 2
Event: 10.325 Thread 0x000002ccbe213260 Uncommon trap: trap_request=0xffffffbe fr.pc=0x000002cc992c64cc relative=0x000000000000028c
Event: 10.325 Thread 0x000002ccbe213260 Uncommon trap: reason=profile_predicate action=maybe_recompile pc=0x000002cc992c64cc method=sun.instrument.TransformerManager.transform(Ljava/lang/Module;Ljava/lang/ClassLoader;Ljava/lang/String;Ljava/lang/Class;Ljava/security/ProtectionDomain;[B)[B @ 21 
Event: 10.325 Thread 0x000002ccbe213260 DEOPT PACKING pc=0x000002cc992c64cc sp=0x000000e1c09f6960
Event: 10.325 Thread 0x000002ccbe213260 DEOPT UNPACKING pc=0x000002cc98a546a2 sp=0x000000e1c09f6918 mode 2

Classes loaded (20 events):
Event: 10.328 Loading class sun/security/util/math/intpoly/IntegerPolynomialP384
Event: 10.328 Loading class sun/security/util/math/intpoly/IntegerPolynomialP384 done
Event: 10.328 Loading class sun/security/util/math/intpoly/IntegerPolynomialP521
Event: 10.329 Loading class sun/security/util/math/intpoly/IntegerPolynomialP521 done
Event: 10.329 Loading class sun/security/util/math/intpoly/P384OrderField
Event: 10.329 Loading class sun/security/util/math/intpoly/P384OrderField done
Event: 10.330 Loading class sun/security/util/math/intpoly/P521OrderField
Event: 10.330 Loading class sun/security/util/math/intpoly/P521OrderField done
Event: 10.331 Loading class java/security/interfaces/ECPrivateKey
Event: 10.331 Loading class java/security/interfaces/ECPrivateKey done
Event: 10.331 Loading class sun/security/util/ArrayUtil
Event: 10.332 Loading class sun/security/util/ArrayUtil done
Event: 10.336 Loading class sun/security/util/math/IntegerModuloP$MultiplicativeInverser$Secp256R1
Event: 10.336 Loading class sun/security/util/math/IntegerModuloP$MultiplicativeInverser$Secp256R1 done
Event: 10.434 Loading class sun/security/ssl/KeyShareExtension$CHKeyShareSpec
Event: 10.434 Loading class sun/security/ssl/KeyShareExtension$CHKeyShareSpec done
Event: 10.434 Loading class sun/security/ssl/OutputRecord$T13PaddingHolder
Event: 10.434 Loading class sun/security/ssl/OutputRecord$T13PaddingHolder done
Event: 10.434 Loading class sun/security/ssl/ContentType
Event: 10.435 Loading class sun/security/ssl/ContentType done

Classes unloaded (0 events):
No events

Classes redefined (0 events):
No events

Internal exceptions (20 events):
Event: 9.579 Thread 0x000002ccbe213260 Exception <a 'sun/nio/fs/WindowsException'{0x00000000eb74dc80}> (0x00000000eb74dc80) 
thrown [s\open\src\hotspot\share\prims\jni.cpp, line 520]
Event: 9.587 Thread 0x000002ccbe213260 Exception <a 'sun/nio/fs/WindowsException'{0x00000000eb5a8918}> (0x00000000eb5a8918) 
thrown [s\open\src\hotspot\share\prims\jni.cpp, line 520]
Event: 9.588 Thread 0x000002ccbe213260 Exception <a 'sun/nio/fs/WindowsException'{0x00000000eb5ae618}> (0x00000000eb5ae618) 
thrown [s\open\src\hotspot\share\prims\jni.cpp, line 520]
Event: 9.588 Thread 0x000002ccbe213260 Exception <a 'sun/nio/fs/WindowsException'{0x00000000eb5b08e0}> (0x00000000eb5b08e0) 
thrown [s\open\src\hotspot\share\prims\jni.cpp, line 520]
Event: 9.588 Thread 0x000002ccbe213260 Exception <a 'sun/nio/fs/WindowsException'{0x00000000eb5b2e70}> (0x00000000eb5b2e70) 
thrown [s\open\src\hotspot\share\prims\jni.cpp, line 520]
Event: 9.588 Thread 0x000002ccbe213260 Exception <a 'sun/nio/fs/WindowsException'{0x00000000eb5b5200}> (0x00000000eb5b5200) 
thrown [s\open\src\hotspot\share\prims\jni.cpp, line 520]
Event: 9.588 Thread 0x000002ccbe213260 Exception <a 'sun/nio/fs/WindowsException'{0x00000000eb5b6da0}> (0x00000000eb5b6da0) 
thrown [s\open\src\hotspot\share\prims\jni.cpp, line 520]
Event: 9.589 Thread 0x000002ccbe213260 Exception <a 'sun/nio/fs/WindowsException'{0x00000000eb5b9138}> (0x00000000eb5b9138) 
thrown [s\open\src\hotspot\share\prims\jni.cpp, line 520]
Event: 9.590 Thread 0x000002ccbe213260 Exception <a 'sun/nio/fs/WindowsException'{0x00000000eb5d0428}> (0x00000000eb5d0428) 
thrown [s\open\src\hotspot\share\prims\jni.cpp, line 520]
Event: 9.592 Thread 0x000002ccbe213260 Exception <a 'sun/nio/fs/WindowsException'{0x00000000eb40f900}> (0x00000000eb40f900) 
thrown [s\open\src\hotspot\share\prims\jni.cpp, line 520]
Event: 9.592 Thread 0x000002ccbe213260 Exception <a 'sun/nio/fs/WindowsException'{0x00000000eb411b80}> (0x00000000eb411b80) 
thrown [s\open\src\hotspot\share\prims\jni.cpp, line 520]
Event: 9.594 Thread 0x000002ccbe213260 Exception <a 'sun/nio/fs/WindowsException'{0x00000000eb41cdd0}> (0x00000000eb41cdd0) 
thrown [s\open\src\hotspot\share\prims\jni.cpp, line 520]
Event: 9.596 Thread 0x000002ccbe213260 Exception <a 'sun/nio/fs/WindowsException'{0x00000000eb42cc78}> (0x00000000eb42cc78) 
thrown [s\open\src\hotspot\share\prims\jni.cpp, line 520]
Event: 9.596 Thread 0x000002ccbe213260 Exception <a 'sun/nio/fs/WindowsException'{0x00000000eb435640}> (0x00000000eb435640) 
thrown [s\open\src\hotspot\share\prims\jni.cpp, line 520]
Event: 9.625 Thread 0x000002ccbe213260 Exception <a 'sun/nio/fs/WindowsException'{0x00000000eb1e40b0}> (0x00000000eb1e40b0) 
thrown [s\open\src\hotspot\share\prims\jni.cpp, line 520]
Event: 9.718 Thread 0x000002ccbe213260 Exception <a 'sun/nio/fs/WindowsException'{0x00000000ea90de00}> (0x00000000ea90de00) 
thrown [s\open\src\hotspot\share\prims\jni.cpp, line 520]
Event: 9.747 Thread 0x000002ccbe213260 Exception <a 'sun/nio/fs/WindowsException'{0x00000000ea801400}> (0x00000000ea801400) 
thrown [s\open\src\hotspot\share\prims\jni.cpp, line 520]
Event: 9.777 Thread 0x000002ccbe213260 Implicit null exception at 0x000002cc98fe54a0 to 0x000002cc98fe5a68
Event: 9.785 Thread 0x000002ccbe213260 Implicit null exception at 0x000002cc98fe69a0 to 0x000002cc98fe6f68
Event: 9.846 Thread 0x000002ccbe213260 Exception <a 'sun/nio/fs/WindowsException'{0x00000000ea5382e0}> (0x00000000ea5382e0) 
thrown [s\open\src\hotspot\share\prims\jni.cpp, line 520]

ZGC Phase Switch (0 events):
No events

VM Operations (20 events):
Event: 9.358 Executing VM operation: HandshakeAllThreads (Deoptimize)
Event: 9.358 Executing VM operation: HandshakeAllThreads (Deoptimize) done
Event: 9.400 Executing VM operation: ICBufferFull
Event: 9.401 Executing VM operation: ICBufferFull done
Event: 9.609 Executing VM operation: HandshakeAllThreads (Deoptimize)
Event: 9.609 Executing VM operation: HandshakeAllThreads (Deoptimize) done
Event: 9.621 Executing VM operation: ICBufferFull
Event: 9.622 Executing VM operation: ICBufferFull done
Event: 9.685 Executing VM operation: ICBufferFull
Event: 9.685 Executing VM operation: ICBufferFull done
Event: 9.800 Executing VM operation: HandshakeAllThreads (Deoptimize)
Event: 9.800 Executing VM operation: HandshakeAllThreads (Deoptimize) done
Event: 9.856 Executing VM operation: HandshakeAllThreads (Deoptimize)
Event: 9.856 Executing VM operation: HandshakeAllThreads (Deoptimize) done
Event: 9.858 Executing VM operation: HandshakeAllThreads (Deoptimize)
Event: 9.858 Executing VM operation: HandshakeAllThreads (Deoptimize) done
Event: 9.919 Executing VM operation: HandshakeAllThreads (Deoptimize)
Event: 9.919 Executing VM operation: HandshakeAllThreads (Deoptimize) done
Event: 10.023 Executing VM operation: ICBufferFull
Event: 10.023 Executing VM operation: ICBufferFull done

Events (20 events):
Event: 8.588 Thread 0x000002ccb9003a40 flushing nmethod 0x000002cc918cd890
Event: 8.588 Thread 0x000002ccb9003a40 flushing nmethod 0x000002cc9191a690
Event: 8.588 Thread 0x000002ccb9003a40 flushing nmethod 0x000002cc9191ad10
Event: 8.588 Thread 0x000002ccb9003a40 flushing nmethod 0x000002cc919e4f10
Event: 8.588 Thread 0x000002ccb9003a40 flushing nmethod 0x000002cc91c64410
Event: 8.588 Thread 0x000002ccb9003a40 flushing nmethod 0x000002cc91c64810
Event: 9.400 Thread 0x000002ccbe4c4c60 Thread added: 0x000002ccbe4c4c60
Event: 9.400 Thread 0x000002ccbe4c0430 Thread added: 0x000002ccbe4c0430
Event: 9.400 Thread 0x000002ccbe4c17e0 Thread added: 0x000002ccbe4c17e0
Event: 9.400 Thread 0x000002ccbe4c6010 Thread added: 0x000002ccbe4c6010
Event: 9.400 Thread 0x000002ccbe4bf080 Thread added: 0x000002ccbe4bf080
Event: 9.400 Thread 0x000002ccbe4c38b0 Thread added: 0x000002ccbe4c38b0
Event: 9.401 Thread 0x000002ccbe4bf710 Thread added: 0x000002ccbe4bf710
Event: 9.445 Thread 0x000002ccbe4c45d0 Thread added: 0x000002ccbe4c45d0
Event: 9.445 Thread 0x000002ccbe4c66a0 Thread added: 0x000002ccbe4c66a0
Event: 9.445 Thread 0x000002ccbe4bfda0 Thread added: 0x000002ccbe4bfda0
Event: 9.445 Thread 0x000002ccbe4c1150 Thread added: 0x000002ccbe4c1150
Event: 9.445 Thread 0x000002ccc238d940 Thread added: 0x000002ccc238d940
Event: 9.445 Thread 0x000002ccc2389e30 Thread added: 0x000002ccc2389e30
Event: 9.772 Thread 0x000002ccc238c590 Thread added: 0x000002ccc238c590


Dynamic libraries:
0x00007ff62a9b0000 - 0x00007ff62a9c0000 	C:\Program Files\Java\jdk-21\bin\java.exe
0x00007fff382b0000 - 0x00007fff384c7000 	C:\WINDOWS\SYSTEM32\ntdll.dll
0x00007fff36c40000 - 0x00007fff36d04000 	C:\WINDOWS\System32\KERNEL32.DLL
0x00007fff35630000 - 0x00007fff359e9000 	C:\WINDOWS\System32\KERNELBASE.dll
0x00007fff35d40000 - 0x00007fff35e51000 	C:\WINDOWS\System32\ucrtbase.dll
0x00007fff22980000 - 0x00007fff22999000 	C:\Program Files\Java\jdk-21\bin\jli.dll
0x00007ffeeed20000 - 0x00007ffeeed3b000 	C:\Program Files\Java\jdk-21\bin\VCRUNTIME140.dll
0x00007fff37440000 - 0x00007fff374f2000 	C:\WINDOWS\System32\ADVAPI32.dll
0x00007fff366d0000 - 0x00007fff36777000 	C:\WINDOWS\System32\msvcrt.dll
0x00007fff36270000 - 0x00007fff36317000 	C:\WINDOWS\System32\sechost.dll
0x00007fff35c40000 - 0x00007fff35c68000 	C:\WINDOWS\System32\bcrypt.dll
0x00007fff36950000 - 0x00007fff36a64000 	C:\WINDOWS\System32\RPCRT4.dll
0x00007fff377e0000 - 0x00007fff3798e000 	C:\WINDOWS\System32\USER32.dll
0x00007fff1e840000 - 0x00007fff1ead2000 	C:\WINDOWS\WinSxS\amd64_microsoft.windows.common-controls_6595b64144ccf1df_6.0.22621.4391_none_2715d37f73803e96\COMCTL32.dll
0x00007fff35d10000 - 0x00007fff35d36000 	C:\WINDOWS\System32\win32u.dll
0x00007fff37560000 - 0x00007fff37589000 	C:\WINDOWS\System32\GDI32.dll
0x00007fff359f0000 - 0x00007fff35b0b000 	C:\WINDOWS\System32\gdi32full.dll
0x00007fff35c70000 - 0x00007fff35d0a000 	C:\WINDOWS\System32\msvcp_win.dll
0x00007fff23de0000 - 0x00007fff23dea000 	C:\WINDOWS\SYSTEM32\VERSION.dll
0x00007fff376a0000 - 0x00007fff376d1000 	C:\WINDOWS\System32\IMM32.DLL
0x00007fff22b00000 - 0x00007fff22b0c000 	C:\Program Files\Java\jdk-21\bin\vcruntime140_1.dll
0x00007ffed4650000 - 0x00007ffed46de000 	C:\Program Files\Java\jdk-21\bin\msvcp140.dll
0x00007ffeac0f0000 - 0x00007ffeace03000 	C:\Program Files\Java\jdk-21\bin\server\jvm.dll
0x00007fff37190000 - 0x00007fff37201000 	C:\WINDOWS\System32\WS2_32.dll
0x00007fff35220000 - 0x00007fff3526d000 	C:\WINDOWS\SYSTEM32\POWRPROF.dll
0x00007fff289b0000 - 0x00007fff289e4000 	C:\WINDOWS\SYSTEM32\WINMM.dll
0x00007fff35200000 - 0x00007fff35213000 	C:\WINDOWS\SYSTEM32\UMPDC.dll
0x00007fff345b0000 - 0x00007fff345c8000 	C:\WINDOWS\SYSTEM32\kernel.appcore.dll
0x00007fff211f0000 - 0x00007fff211fa000 	C:\Program Files\Java\jdk-21\bin\jimage.dll
0x00007fff2fe00000 - 0x00007fff30032000 	C:\WINDOWS\SYSTEM32\DBGHELP.DLL
0x00007fff36340000 - 0x00007fff366cf000 	C:\WINDOWS\System32\combase.dll
0x00007fff35fd0000 - 0x00007fff360a7000 	C:\WINDOWS\System32\OLEAUT32.dll
0x00007fff0a480000 - 0x00007fff0a4b2000 	C:\WINDOWS\SYSTEM32\dbgcore.DLL
0x00007fff355b0000 - 0x00007fff3562b000 	C:\WINDOWS\System32\bcryptPrimitives.dll
0x00007fff295a0000 - 0x00007fff295af000 	C:\Program Files\Java\jdk-21\bin\instrument.dll
0x00007ffeee760000 - 0x00007ffeee77f000 	C:\Program Files\Java\jdk-21\bin\java.dll
0x00007fff379f0000 - 0x00007fff38266000 	C:\WINDOWS\System32\SHELL32.dll
0x00007fff334a0000 - 0x00007fff33da3000 	C:\WINDOWS\SYSTEM32\windows.storage.dll
0x00007fff33360000 - 0x00007fff3349f000 	C:\WINDOWS\SYSTEM32\wintypes.dll
0x00007fff36b00000 - 0x00007fff36bf9000 	C:\WINDOWS\System32\SHCORE.dll
0x00007fff37990000 - 0x00007fff379ee000 	C:\WINDOWS\System32\shlwapi.dll
0x00007fff354e0000 - 0x00007fff3550b000 	C:\WINDOWS\SYSTEM32\profapi.dll
0x00007ffed1ff0000 - 0x00007ffed20c7000 	C:\Program Files\Java\jdk-21\bin\jsvml.dll
0x00007ffee5f70000 - 0x00007ffee5f88000 	C:\Program Files\Java\jdk-21\bin\zip.dll
0x00007fff1f6d0000 - 0x00007fff1f6e0000 	C:\Program Files\Java\jdk-21\bin\net.dll
0x00007fff2a120000 - 0x00007fff2a256000 	C:\WINDOWS\SYSTEM32\WINHTTP.dll
0x00007fff34a20000 - 0x00007fff34a89000 	C:\WINDOWS\system32\mswsock.dll
0x00007ffee68a0000 - 0x00007ffee68b6000 	C:\Program Files\Java\jdk-21\bin\nio.dll
0x00007fff1ef50000 - 0x00007fff1ef60000 	C:\Program Files\Java\jdk-21\bin\verify.dll
0x00007fff01c30000 - 0x00007fff01c57000 	C:\Users\bayes\.gradle\native\c067742578af261105cb4f569cf0c3c89f3d7b1fecec35dd04571415982c5e48\windows-amd64\native-platform.dll
0x00007ffed2200000 - 0x00007ffed2344000 	C:\Users\bayes\.gradle\native\38dada09dfb8b06ba9b0570ebf7e218e3eb74d4ef43ca46872605cf95ebc2f47\windows-amd64\native-platform-file-events.dll
0x00007fff22ce0000 - 0x00007fff22cea000 	C:\Program Files\Java\jdk-21\bin\management.dll
0x00007fff22cc0000 - 0x00007fff22ccb000 	C:\Program Files\Java\jdk-21\bin\management_ext.dll
0x00007fff368e0000 - 0x00007fff368e8000 	C:\WINDOWS\System32\PSAPI.DLL
0x00007fff34d70000 - 0x00007fff34d8b000 	C:\WINDOWS\SYSTEM32\CRYPTSP.dll
0x00007fff34510000 - 0x00007fff34545000 	C:\WINDOWS\system32\rsaenh.dll
0x00007fff34ac0000 - 0x00007fff34ae8000 	C:\WINDOWS\SYSTEM32\USERENV.dll
0x00007fff34d50000 - 0x00007fff34d5c000 	C:\WINDOWS\SYSTEM32\CRYPTBASE.dll
0x00007fff34010000 - 0x00007fff3403d000 	C:\WINDOWS\SYSTEM32\IPHLPAPI.DLL
0x00007fff36c30000 - 0x00007fff36c39000 	C:\WINDOWS\System32\NSI.dll
0x00007fff1b3e0000 - 0x00007fff1b3e9000 	C:\Program Files\Java\jdk-21\bin\extnet.dll
0x00007fff29560000 - 0x00007fff2956e000 	C:\Program Files\Java\jdk-21\bin\sunmscapi.dll
0x00007fff35e60000 - 0x00007fff35fc6000 	C:\WINDOWS\System32\CRYPT32.dll
0x00007fff34ef0000 - 0x00007fff34f1d000 	C:\WINDOWS\SYSTEM32\ncrypt.dll
0x00007fff34eb0000 - 0x00007fff34ee7000 	C:\WINDOWS\SYSTEM32\NTASN1.dll
0x00007fff13660000 - 0x00007fff13668000 	C:\WINDOWS\system32\wshunix.dll
0x00007fff34080000 - 0x00007fff34182000 	C:\WINDOWS\SYSTEM32\DNSAPI.dll
0x00007fff23b70000 - 0x00007fff23b7a000 	C:\Windows\System32\rasadhlp.dll
0x00007fff23b80000 - 0x00007fff23c03000 	C:\WINDOWS\System32\fwpuclnt.dll

dbghelp: loaded successfully - version: 4.0.5 - missing functions: none
symbol engine: initialized successfully - sym options: 0x614 - pdb path: .;C:\Program Files\Java\jdk-21\bin;C:\WINDOWS\SYSTEM32;C:\WINDOWS\WinSxS\amd64_microsoft.windows.common-controls_6595b64144ccf1df_6.0.22621.4391_none_2715d37f73803e96;C:\Program Files\Java\jdk-21\bin\server;C:\Users\bayes\.gradle\native\c067742578af261105cb4f569cf0c3c89f3d7b1fecec35dd04571415982c5e48\windows-amd64;C:\Users\bayes\.gradle\native\38dada09dfb8b06ba9b0570ebf7e218e3eb74d4ef43ca46872605cf95ebc2f47\windows-amd64

VM Arguments:
jvm_args: --add-opens=java.base/java.util=ALL-UNNAMED --add-opens=java.base/java.lang=ALL-UNNAMED --add-opens=java.base/java.lang.invoke=ALL-UNNAMED --add-opens=java.prefs/java.util.prefs=ALL-UNNAMED --add-opens=java.base/java.nio.charset=ALL-UNNAMED --add-opens=java.base/java.net=ALL-UNNAMED --add-opens=java.base/java.util.concurrent.atomic=ALL-UNNAMED -XX:MaxMetaspaceSize=384m -XX:+HeapDumpOnOutOfMemoryError -Xms256m -Xmx512m -Dfile.encoding=UTF-8 -Duser.country=FR -Duser.language=fr -Duser.variant -javaagent:C:\Users\bayes\.gradle\wrapper\dists\gradle-8.5-bin\5t9huq95ubn472n8rpzujfbqh\gradle-8.5\lib\agents\gradle-instrumentation-agent-8.5.jar 
java_command: org.gradle.launcher.daemon.bootstrap.GradleDaemon 8.5
java_class_path (initial): C:\Users\bayes\.gradle\wrapper\dists\gradle-8.5-bin\5t9huq95ubn472n8rpzujfbqh\gradle-8.5\lib\gradle-launcher-8.5.jar
Launcher Type: SUN_STANDARD

[Global flags]
     intx CICompilerCount                          = 4                                         {product} {ergonomic}
   size_t CompressedClassSpaceSize                 = 335544320                                 {product} {ergonomic}
     uint ConcGCThreads                            = 2                                         {product} {ergonomic}
     uint G1ConcRefinementThreads                  = 8                                         {product} {ergonomic}
   size_t G1HeapRegionSize                         = 1048576                                   {product} {ergonomic}
    uintx GCDrainStackTargetSize                   = 64                                        {product} {ergonomic}
     bool HeapDumpOnOutOfMemoryError               = true                                   {manageable} {command line}
   size_t InitialHeapSize                          = 268435456                                 {product} {command line}
   size_t MarkStackSize                            = 4194304                                   {product} {ergonomic}
   size_t MaxHeapSize                              = 536870912                                 {product} {command line}
   size_t MaxMetaspaceSize                         = 402653184                                 {product} {command line}
   size_t MaxNewSize                               = 321912832                                 {product} {ergonomic}
   size_t MinHeapDeltaBytes                        = 1048576                                   {product} {ergonomic}
   size_t MinHeapSize                              = 268435456                                 {product} {command line}
    uintx NonNMethodCodeHeapSize                   = 5839372                                {pd product} {ergonomic}
    uintx NonProfiledCodeHeapSize                  = 122909434                              {pd product} {ergonomic}
    uintx ProfiledCodeHeapSize                     = 122909434                              {pd product} {ergonomic}
    uintx ReservedCodeCacheSize                    = 251658240                              {pd product} {ergonomic}
     bool SegmentedCodeCache                       = true                                      {product} {ergonomic}
   size_t SoftMaxHeapSize                          = 536870912                              {manageable} {ergonomic}
     bool UseCompressedOops                        = true                           {product lp64_product} {ergonomic}
     bool UseG1GC                                  = true                                      {product} {ergonomic}
     bool UseLargePagesIndividualAllocation        = false                                  {pd product} {ergonomic}

Logging:
Log output configuration:
 #0: stdout all=warning uptime,level,tags foldmultilines=false
 #1: stderr all=off uptime,level,tags foldmultilines=false

Environment Variables:
CLASSPATH=C:\Users\bayes\Projet_classe_kata\\gradle\wrapper\gradle-wrapper.jar
PATH=C:\Program Files\Common Files\Oracle\Java\javapath;C:\WINDOWS\system32;C:\WINDOWS;C:\WINDOWS\System32\Wbem;C:\WINDOWS\System32\WindowsPowerShell\v1.0\;C:\WINDOWS\System32\OpenSSH\;C:\Program Files\Git\cmd;C:\Program Files\Java\jdk-21\bin;C:\Program Files\OpenSSL-Win64\bin;;C:\Program Files\Docker\Docker\resources\bin;C:\Users\bayes\AppData\Local\Programs\Python\Python313\Scripts\;C:\Users\bayes\AppData\Local\Programs\Python\Python313\;C:\Users\bayes\AppData\Local\Programs\Python\Launcher\;C:\Users\bayes\AppData\Local\Microsoft\WindowsApps;C:\Users\bayes\AppData\Local\Programs\Microsoft VS Code\bin;C:\Program Files\Java\jdk-21\bin;C:\Program Files\Git\bin;C:\Program Files\OpenSSL-Win64\bin;
USERNAME=bayes
LANG=en_US.UTF-8
OS=Windows_NT
PROCESSOR_IDENTIFIER=Intel64 Family 6 Model 142 Stepping 12, GenuineIntel
TMP=C:\Users\bayes\AppData\Local\Temp
TEMP=C:\Users\bayes\AppData\Local\Temp




Periodic native trim disabled

---------------  S Y S T E M  ---------------

OS:
 Windows 11 , 64 bit Build 22621 (10.0.22621.4391)
OS uptime: 9 days 23:52 hours
Hyper-V role detected

CPU: total 8 (initial active 8) (4 cores per cpu, 2 threads per core) family 6 model 142 stepping 12 microcode 0xf8, cx8, cmov, fxsr, ht, mmx, 3dnowpref, sse, sse2, sse3, ssse3, sse4.1, sse4.2, popcnt, lzcnt, tsc, tscinvbit, avx, avx2, aes, erms, clmul, bmi1, bmi2, adx, fma, vzeroupper, clflush, clflushopt, hv, rdtscp, f16c
Processor Information for all 8 processors :
  Max Mhz: 2208, Current Mhz: 1706, Mhz Limit: 1700

Memory: 4k page, system-wide physical 7952M (294M free)
TotalPageFile size 32528M (AvailPageFile size 36M)
current process WorkingSet (physical memory assigned to process): 410M, peak: 413M
current process commit charge ("private bytes"): 503M, peak: 504M

vm_info: Java HotSpot(TM) 64-Bit Server VM (21.0.4+8-LTS-274) for windows-amd64 JRE (21.0.4+8-LTS-274), built on 2024-06-05T05:23:33Z by "mach5one" with MS VC++ 17.6 (VS2022)

END.
